 Data for JOB [25690,1] offset 0

 ========================   JOB MAP   ========================

 Data for node: ivb109	Num slots: 12	Max slots: 0	Num procs: 12
 	Process OMPI jobid: [25690,1] App: 0 Process rank: 0
 	Process OMPI jobid: [25690,1] App: 0 Process rank: 1
 	Process OMPI jobid: [25690,1] App: 0 Process rank: 2
 	Process OMPI jobid: [25690,1] App: 0 Process rank: 3
 	Process OMPI jobid: [25690,1] App: 0 Process rank: 4
 	Process OMPI jobid: [25690,1] App: 0 Process rank: 5
 	Process OMPI jobid: [25690,1] App: 0 Process rank: 6
 	Process OMPI jobid: [25690,1] App: 0 Process rank: 7
 	Process OMPI jobid: [25690,1] App: 0 Process rank: 8
 	Process OMPI jobid: [25690,1] App: 0 Process rank: 9
 	Process OMPI jobid: [25690,1] App: 0 Process rank: 10
 	Process OMPI jobid: [25690,1] App: 0 Process rank: 11

 Data for node: ivb110	Num slots: 12	Max slots: 0	Num procs: 12
 	Process OMPI jobid: [25690,1] App: 0 Process rank: 12
 	Process OMPI jobid: [25690,1] App: 0 Process rank: 13
 	Process OMPI jobid: [25690,1] App: 0 Process rank: 14
 	Process OMPI jobid: [25690,1] App: 0 Process rank: 15
 	Process OMPI jobid: [25690,1] App: 0 Process rank: 16
 	Process OMPI jobid: [25690,1] App: 0 Process rank: 17
 	Process OMPI jobid: [25690,1] App: 0 Process rank: 18
 	Process OMPI jobid: [25690,1] App: 0 Process rank: 19
 	Process OMPI jobid: [25690,1] App: 0 Process rank: 20
 	Process OMPI jobid: [25690,1] App: 0 Process rank: 21
 	Process OMPI jobid: [25690,1] App: 0 Process rank: 22
 	Process OMPI jobid: [25690,1] App: 0 Process rank: 23

 =============================================================
[ivb109:35258] MCW rank 5 bound to socket 0[core 5[hwt 0]]: [./././././B/./././.][./././././././././.]
[ivb109:35258] MCW rank 6 bound to socket 0[core 6[hwt 0]]: [././././././B/././.][./././././././././.]
[ivb109:35258] MCW rank 7 bound to socket 0[core 7[hwt 0]]: [./././././././B/./.][./././././././././.]
[ivb109:35258] MCW rank 8 bound to socket 0[core 8[hwt 0]]: [././././././././B/.][./././././././././.]
[ivb109:35258] MCW rank 9 bound to socket 0[core 9[hwt 0]]: [./././././././././B][./././././././././.]
[ivb109:35258] MCW rank 10 bound to socket 1[core 10[hwt 0]]: [./././././././././.][B/././././././././.]
[ivb109:35258] MCW rank 11 bound to socket 1[core 11[hwt 0]]: [./././././././././.][./B/./././././././.]
[ivb109:35258] MCW rank 0 bound to socket 0[core 0[hwt 0]]: [B/././././././././.][./././././././././.]
[ivb109:35258] MCW rank 1 bound to socket 0[core 1[hwt 0]]: [./B/./././././././.][./././././././././.]
[ivb109:35258] MCW rank 2 bound to socket 0[core 2[hwt 0]]: [././B/././././././.][./././././././././.]
[ivb109:35258] MCW rank 3 bound to socket 0[core 3[hwt 0]]: [./././B/./././././.][./././././././././.]
[ivb109:35258] MCW rank 4 bound to socket 0[core 4[hwt 0]]: [././././B/././././.][./././././././././.]
[ivb110:35867] MCW rank 23 bound to socket 1[core 11[hwt 0]]: [./././././././././.][./B/./././././././.]
[ivb110:35867] MCW rank 12 bound to socket 0[core 0[hwt 0]]: [B/././././././././.][./././././././././.]
[ivb110:35867] MCW rank 13 bound to socket 0[core 1[hwt 0]]: [./B/./././././././.][./././././././././.]
[ivb110:35867] MCW rank 14 bound to socket 0[core 2[hwt 0]]: [././B/././././././.][./././././././././.]
[ivb110:35867] MCW rank 15 bound to socket 0[core 3[hwt 0]]: [./././B/./././././.][./././././././././.]
[ivb110:35867] MCW rank 16 bound to socket 0[core 4[hwt 0]]: [././././B/././././.][./././././././././.]
[ivb110:35867] MCW rank 17 bound to socket 0[core 5[hwt 0]]: [./././././B/./././.][./././././././././.]
[ivb110:35867] MCW rank 18 bound to socket 0[core 6[hwt 0]]: [././././././B/././.][./././././././././.]
[ivb110:35867] MCW rank 19 bound to socket 0[core 7[hwt 0]]: [./././././././B/./.][./././././././././.]
[ivb110:35867] MCW rank 20 bound to socket 0[core 8[hwt 0]]: [././././././././B/.][./././././././././.]
[ivb110:35867] MCW rank 21 bound to socket 0[core 9[hwt 0]]: [./././././././././B][./././././././././.]
[ivb110:35867] MCW rank 22 bound to socket 1[core 10[hwt 0]]: [./././././././././.][B/././././././././.]
/*---------------------------------------------------------------------------*\
| =========                 |                                                 |
| \\      /  F ield         | foam-extend: Open Source CFD                    |
|  \\    /   O peration     | Version:     3.1                                |
|   \\  /    A nd           | Web:         http://www.extend-project.de       |
|    \\/     M anipulation  |                                                 |
\*---------------------------------------------------------------------------*/
Build    : 3.1-e2da948002a2
Exec     : interFoam -parallel
Date     : May 16 2016
Time     : 09:32:58
Host     : ivb109
PID      : 35328
CtrlDict : /home-2/vplatonov/foam/foam-extend-3.1/etc/controlDict
Case     : /home/vplatonov/tests/rt12mln
nProcs   : 24
Slaves : 
23
(
ivb109.35329
ivb109.35330
ivb109.35340
ivb109.35358
ivb109.35346
ivb109.35361
ivb109.35364
ivb109.35349
ivb109.35366
ivb109.35355
ivb109.35352
ivb110.35930
ivb110.35929
ivb110.35932
ivb110.35936
ivb110.35946
ivb110.35951
ivb110.35960
ivb110.35963
ivb110.35966
ivb110.35968
ivb110.35954
ivb110.35957
)

Pstream initialized with:
    floatTransfer     : 0
    nProcsSimpleSum   : 0
    commsType         : blocking
SigFpe   : Enabling floating point exception trapping (FOAM_SIGFPE).

// * * * * * * * * * * * * * * * * * * * * * * * * * * * * * * * * * * * * * //
Create time

Create mesh for time = 0


Reading g
Reading field pd

Reading field alpha1

Reading field U

Reading/calculating face flux field phi

Reading transportProperties

Selecting incompressible transport model Newtonian
Selecting incompressible transport model Newtonian
Calculating field g.h

Selecting turbulence model type laminar
time step continuity errors : sum local = 0, global = 0, cumulative = 0
Created persistent data with name pcorr
SGPUBICGS:  Solving for pcorr, Initial residual = 0, Final residual = 0, No Iterations 0
time step continuity errors : sum local = 0, global = 0, cumulative = 0
Courant Number mean: 0 max: 0 velocity magnitude: 0

Starting time loop

Courant Number mean: 0 max: 0 velocity magnitude: 0
Time = 0.001

MULES: Solving for alpha1
Liquid phase volume fraction = 0.00275421  Min(alpha1) = 0  Max(alpha1) = 1
MULES: Solving for alpha1
Liquid phase volume fraction = 0.00275421  Min(alpha1) = 0  Max(alpha1) = 1
Created persistent data with name pd
Computing AINV with droptol 0.02
GPU: 2 iters: 0.0922607 s: 5.33513 GB/s
Total exec time 0.0922607
 Total comm time 0.00607546Pre time 0 Post time 0.00607546
SGPUBICGS:  Solving for pd, Initial residual = 1, Final residual = 0.0491214, No Iterations 2
Computing AINV with droptol 0.02
GPU: 27 iters: 0.934333 s: 7.11203 GB/s
Total exec time 1.02659
 Total comm time 0.216925Pre time 0 Post time 0.216925
SGPUBICGS:  Solving for pd, Initial residual = 0.033386, Final residual = 0.00155091, No Iterations 27
GPU: 636 iters: 21.4892 s: 7.28396 GB/s
Total exec time 22.5158
 Total comm time 4.80501Pre time 0 Post time 4.80501
SGPUBICGS:  Solving for pd, Initial residual = 0.0129311, Final residual = 6.82738e-08, No Iterations 636
time step continuity errors : sum local = 7.65193e-12, global = -2.24483e-24, cumulative = -2.24483e-24
ExecutionTime = 43.08 s  ClockTime = 69 s

Courant Number mean: 4.83746e-06 max: 0.00215177 velocity magnitude: 0.0336214
Time = 0.002

MULES: Solving for alpha1
Liquid phase volume fraction = 0.00275421  Min(alpha1) = 0  Max(alpha1) = 1
MULES: Solving for alpha1
Liquid phase volume fraction = 0.00275421  Min(alpha1) = 0  Max(alpha1) = 1
GPU: 472 iters: 15.9538 s: 7.28132 GB/s
Total exec time 38.4696
 Total comm time 8.29825Pre time 0 Post time 8.29825
SGPUBICGS:  Solving for pd, Initial residual = 0.00502838, Final residual = 0.000245812, No Iterations 472
GPU: 503 iters: 17.007 s: 7.27898 GB/s
Total exec time 55.4766
 Total comm time 11.8076Pre time 0 Post time 11.8076
SGPUBICGS:  Solving for pd, Initial residual = 0.00391114, Final residual = 0.000171389, No Iterations 503
GPU: 756 iters: 25.5438 s: 7.28397 GB/s
Total exec time 81.0204
 Total comm time 17.1893Pre time 0 Post time 17.1893
SGPUBICGS:  Solving for pd, Initial residual = 0.0033979, Final residual = 9.08411e-08, No Iterations 756
time step continuity errors : sum local = 4.11157e-08, global = -4.11123e-08, cumulative = -4.11123e-08
ExecutionTime = 106.73 s  ClockTime = 136 s

Courant Number mean: 1.35223e-05 max: 0.219837 velocity magnitude: 1.71748
Time = 0.003

MULES: Solving for alpha1
Liquid phase volume fraction = 0.00275424  Min(alpha1) = -1.94296e-30  Max(alpha1) = 1
MULES: Solving for alpha1
Liquid phase volume fraction = 0.00275426  Min(alpha1) = -1.60369e-30  Max(alpha1) = 1
GPU: 499 iters: 16.8728 s: 7.27853 GB/s
Total exec time 97.8933
 Total comm time 20.562Pre time 0 Post time 20.562
SGPUBICGS:  Solving for pd, Initial residual = 0.00739267, Final residual = 9.90256e-05, No Iterations 499
GPU: 507 iters: 17.13 s: 7.2842 GB/s
Total exec time 115.023
 Total comm time 24.0195Pre time 0 Post time 24.0195
SGPUBICGS:  Solving for pd, Initial residual = 0.00490007, Final residual = 0.000211235, No Iterations 507
Computing AINV with droptol 0.02
GPU: 644 iters: 21.756 s: 7.28515 GB/s
Total exec time 136.779
 Total comm time 28.7119Pre time 0 Post time 28.7119
SGPUBICGS:  Solving for pd, Initial residual = 0.00507587, Final residual = 7.25233e-08, No Iterations 644
time step continuity errors : sum local = 2.22672e-08, global = -2.22604e-08, cumulative = -6.33727e-08
ExecutionTime = 167.57 s  ClockTime = 200 s

Courant Number mean: 1.63398e-05 max: 0.132139 velocity magnitude: 1.03234
Time = 0.004

MULES: Solving for alpha1
Liquid phase volume fraction = 0.00275427  Min(alpha1) = -8.38878e-30  Max(alpha1) = 1
MULES: Solving for alpha1
Liquid phase volume fraction = 0.00275428  Min(alpha1) = -1.48855e-29  Max(alpha1) = 1
GPU: 499 iters: 16.8634 s: 7.28263 GB/s
Total exec time 153.643
 Total comm time 32.1253Pre time 0 Post time 32.1253
SGPUBICGS:  Solving for pd, Initial residual = 0.00843943, Final residual = 0.000189318, No Iterations 499
GPU: 531 iters: 17.9402 s: 7.28448 GB/s
Total exec time 171.583
 Total comm time 35.7911Pre time 0 Post time 35.7911
SGPUBICGS:  Solving for pd, Initial residual = 0.00684498, Final residual = 0.000185639, No Iterations 531
GPU: 643 iters: 21.7234 s: 7.28476 GB/s
Total exec time 193.306
 Total comm time 40.3293Pre time 0 Post time 40.3293
SGPUBICGS:  Solving for pd, Initial residual = 0.00643773, Final residual = 4.64736e-08, No Iterations 643
time step continuity errors : sum local = 1.05167e-08, global = -1.05123e-08, cumulative = -7.3885e-08
ExecutionTime = 229.06 s  ClockTime = 264 s

Courant Number mean: 2.03177e-05 max: 0.0732368 velocity magnitude: 0.572163
Time = 0.005

MULES: Solving for alpha1
Liquid phase volume fraction = 0.00275429  Min(alpha1) = -1.42456e-29  Max(alpha1) = 1
MULES: Solving for alpha1
Liquid phase volume fraction = 0.00275429  Min(alpha1) = -1.2782e-29  Max(alpha1) = 1
GPU: 686 iters: 23.1733 s: 7.28562 GB/s
Total exec time 216.48
 Total comm time 45.2344Pre time 0 Post time 45.2344
SGPUBICGS:  Solving for pd, Initial residual = 0.00675769, Final residual = 9.50013e-05, No Iterations 686
GPU: 566 iters: 19.1236 s: 7.28413 GB/s
Total exec time 235.603
 Total comm time 49.1535Pre time 0 Post time 49.1535
SGPUBICGS:  Solving for pd, Initial residual = 0.0056196, Final residual = 0.000163705, No Iterations 566
Computing AINV with droptol 0.02
GPU: 746 iters: 25.2104 s: 7.2827 GB/s
Total exec time 260.814
 Total comm time 54.2726Pre time 0 Post time 54.2726
SGPUBICGS:  Solving for pd, Initial residual = 0.00556861, Final residual = 9.1102e-08, No Iterations 746
time step continuity errors : sum local = 2.47681e-09, global = -2.47667e-09, cumulative = -7.63617e-08
ExecutionTime = 301.24 s  ClockTime = 340 s

Courant Number mean: 2.44395e-05 max: 0.0283398 velocity magnitude: 0.310917
Time = 0.006

MULES: Solving for alpha1
Liquid phase volume fraction = 0.00275429  Min(alpha1) = -2.64215e-29  Max(alpha1) = 1
MULES: Solving for alpha1
Liquid phase volume fraction = 0.00275429  Min(alpha1) = -3.50305e-29  Max(alpha1) = 1
GPU: 561 iters: 18.9671 s: 7.2794 GB/s
Total exec time 279.781
 Total comm time 58.2022Pre time 0 Post time 58.2022
SGPUBICGS:  Solving for pd, Initial residual = 0.00742167, Final residual = 0.000263689, No Iterations 561
GPU: 464 iters: 15.6835 s: 7.28128 GB/s
Total exec time 295.464
 Total comm time 61.3782Pre time 0 Post time 61.3782
SGPUBICGS:  Solving for pd, Initial residual = 0.00565253, Final residual = 0.000249485, No Iterations 464
GPU: 681 iters: 23.0097 s: 7.284 GB/s
Total exec time 318.474
 Total comm time 66.0774Pre time 0 Post time 66.0774
SGPUBICGS:  Solving for pd, Initial residual = 0.00562738, Final residual = 4.57728e-08, No Iterations 681
time step continuity errors : sum local = 9.91865e-12, global = 9.16297e-12, cumulative = -7.63525e-08
ExecutionTime = 363.96 s  ClockTime = 406 s

Courant Number mean: 2.93757e-05 max: 0.032001 velocity magnitude: 0.250008
Time = 0.007

MULES: Solving for alpha1
Liquid phase volume fraction = 0.00275429  Min(alpha1) = -7.54712e-29  Max(alpha1) = 1
MULES: Solving for alpha1
Liquid phase volume fraction = 0.00275429  Min(alpha1) = -5.23795e-29  Max(alpha1) = 1
GPU: 496 iters: 16.7701 s: 7.27911 GB/s
Total exec time 335.244
 Total comm time 69.4397Pre time 0 Post time 69.4397
SGPUBICGS:  Solving for pd, Initial residual = 0.00714969, Final residual = 0.000350577, No Iterations 496
GPU: 505 iters: 17.0613 s: 7.28472 GB/s
Total exec time 352.305
 Total comm time 72.7788Pre time 0 Post time 72.7788
SGPUBICGS:  Solving for pd, Initial residual = 0.00466727, Final residual = 0.000157841, No Iterations 505
Computing AINV with droptol 0.02
GPU: 574 iters: 19.3939 s: 7.28415 GB/s
Total exec time 371.699
 Total comm time 76.9535Pre time 0 Post time 76.9535
SGPUBICGS:  Solving for pd, Initial residual = 0.00416932, Final residual = 7.37683e-08, No Iterations 574
time step continuity errors : sum local = 1.41971e-10, global = 1.40979e-10, cumulative = -7.62115e-08
ExecutionTime = 422.45 s  ClockTime = 467 s

Courant Number mean: 3.44789e-05 max: 0.00833693 velocity magnitude: 0.130265
Time = 0.008

MULES: Solving for alpha1
Liquid phase volume fraction = 0.00275429  Min(alpha1) = -3.73166e-29  Max(alpha1) = 1
MULES: Solving for alpha1
Liquid phase volume fraction = 0.00275429  Min(alpha1) = -3.07185e-29  Max(alpha1) = 1
GPU: 497 iters: 16.8001 s: 7.28074 GB/s
Total exec time 388.499
 Total comm time 80.4006Pre time 0 Post time 80.4006
SGPUBICGS:  Solving for pd, Initial residual = 0.0075337, Final residual = 0.00033409, No Iterations 497
GPU: 501 iters: 16.9296 s: 7.28322 GB/s
Total exec time 405.429
 Total comm time 83.9169Pre time 0 Post time 83.9169
SGPUBICGS:  Solving for pd, Initial residual = 0.00456428, Final residual = 0.000195607, No Iterations 501
GPU: 610 iters: 20.6055 s: 7.28583 GB/s
Total exec time 426.034
 Total comm time 88.1395Pre time 0 Post time 88.1395
SGPUBICGS:  Solving for pd, Initial residual = 0.00430902, Final residual = 9.33754e-08, No Iterations 610
time step continuity errors : sum local = 1.61002e-10, global = 1.56275e-10, cumulative = -7.60552e-08
ExecutionTime = 482.07 s  ClockTime = 530 s

Courant Number mean: 3.96031e-05 max: 0.00902669 velocity magnitude: 0.140184
Time = 0.009

MULES: Solving for alpha1
Liquid phase volume fraction = 0.00275429  Min(alpha1) = -5.8376e-29  Max(alpha1) = 1
MULES: Solving for alpha1
Liquid phase volume fraction = 0.00275429  Min(alpha1) = -4.86877e-29  Max(alpha1) = 1
GPU: 528 iters: 17.8356 s: 7.28581 GB/s
Total exec time 443.87
 Total comm time 91.6546Pre time 0 Post time 91.6546
SGPUBICGS:  Solving for pd, Initial residual = 0.00742935, Final residual = 0.000265291, No Iterations 528
GPU: 440 iters: 14.8761 s: 7.27939 GB/s
Total exec time 458.746
 Total comm time 94.5564Pre time 0 Post time 94.5564
SGPUBICGS:  Solving for pd, Initial residual = 0.00469935, Final residual = 0.000230439, No Iterations 440
GPU: 694 iters: 23.4463 s: 7.28478 GB/s
Total exec time 482.192
 Total comm time 99.3401Pre time 0 Post time 99.3401
SGPUBICGS:  Solving for pd, Initial residual = 0.00425369, Final residual = 7.29176e-08, No Iterations 694
time step continuity errors : sum local = 4.08583e-12, global = 2.66785e-12, cumulative = -7.60526e-08
ExecutionTime = 543.32 s  ClockTime = 594 s

Courant Number mean: 4.47363e-05 max: 0.00970746 velocity magnitude: 0.149195
Time = 0.01

MULES: Solving for alpha1
Liquid phase volume fraction = 0.00275429  Min(alpha1) = -2.57582e-29  Max(alpha1) = 1
MULES: Solving for alpha1
Liquid phase volume fraction = 0.00275429  Min(alpha1) = -1.57884e-29  Max(alpha1) = 1
Computing AINV with droptol 0.02
GPU: 502 iters: 16.9587 s: 7.28521 GB/s
Total exec time 499.151
 Total comm time 102.759Pre time 0 Post time 102.759
SGPUBICGS:  Solving for pd, Initial residual = 0.008081, Final residual = 0.000395208, No Iterations 502
GPU: 449 iters: 15.1796 s: 7.27979 GB/s
Total exec time 514.331
 Total comm time 105.947Pre time 0 Post time 105.947
SGPUBICGS:  Solving for pd, Initial residual = 0.00474791, Final residual = 0.000233126, No Iterations 449
GPU: 609 iters: 20.5718 s: 7.28577 GB/s
Total exec time 534.902
 Total comm time 110.255Pre time 0 Post time 110.255
SGPUBICGS:  Solving for pd, Initial residual = 0.00432487, Final residual = 3.55475e-08, No Iterations 609
time step continuity errors : sum local = 4.53733e-11, global = -4.21557e-11, cumulative = -7.60947e-08
ExecutionTime = 601.46 s  ClockTime = 655 s

End

Finalising parallel run
