 Data for JOB [26235,1] offset 0

 ========================   JOB MAP   ========================

 Data for node: ivb109	Num slots: 8	Max slots: 0	Num procs: 8
 	Process OMPI jobid: [26235,1] App: 0 Process rank: 0
 	Process OMPI jobid: [26235,1] App: 0 Process rank: 1
 	Process OMPI jobid: [26235,1] App: 0 Process rank: 2
 	Process OMPI jobid: [26235,1] App: 0 Process rank: 3
 	Process OMPI jobid: [26235,1] App: 0 Process rank: 4
 	Process OMPI jobid: [26235,1] App: 0 Process rank: 5
 	Process OMPI jobid: [26235,1] App: 0 Process rank: 6
 	Process OMPI jobid: [26235,1] App: 0 Process rank: 7

 Data for node: ivb110	Num slots: 8	Max slots: 0	Num procs: 8
 	Process OMPI jobid: [26235,1] App: 0 Process rank: 8
 	Process OMPI jobid: [26235,1] App: 0 Process rank: 9
 	Process OMPI jobid: [26235,1] App: 0 Process rank: 10
 	Process OMPI jobid: [26235,1] App: 0 Process rank: 11
 	Process OMPI jobid: [26235,1] App: 0 Process rank: 12
 	Process OMPI jobid: [26235,1] App: 0 Process rank: 13
 	Process OMPI jobid: [26235,1] App: 0 Process rank: 14
 	Process OMPI jobid: [26235,1] App: 0 Process rank: 15

 Data for node: ivb111	Num slots: 8	Max slots: 0	Num procs: 8
 	Process OMPI jobid: [26235,1] App: 0 Process rank: 16
 	Process OMPI jobid: [26235,1] App: 0 Process rank: 17
 	Process OMPI jobid: [26235,1] App: 0 Process rank: 18
 	Process OMPI jobid: [26235,1] App: 0 Process rank: 19
 	Process OMPI jobid: [26235,1] App: 0 Process rank: 20
 	Process OMPI jobid: [26235,1] App: 0 Process rank: 21
 	Process OMPI jobid: [26235,1] App: 0 Process rank: 22
 	Process OMPI jobid: [26235,1] App: 0 Process rank: 23

 =============================================================
[ivb109:35739] MCW rank 1 bound to socket 0[core 1[hwt 0]]: [./B/./././././././.][./././././././././.]
[ivb109:35739] MCW rank 2 bound to socket 0[core 2[hwt 0]]: [././B/././././././.][./././././././././.]
[ivb109:35739] MCW rank 3 bound to socket 0[core 3[hwt 0]]: [./././B/./././././.][./././././././././.]
[ivb109:35739] MCW rank 4 bound to socket 0[core 4[hwt 0]]: [././././B/././././.][./././././././././.]
[ivb109:35739] MCW rank 5 bound to socket 0[core 5[hwt 0]]: [./././././B/./././.][./././././././././.]
[ivb109:35739] MCW rank 6 bound to socket 0[core 6[hwt 0]]: [././././././B/././.][./././././././././.]
[ivb109:35739] MCW rank 7 bound to socket 0[core 7[hwt 0]]: [./././././././B/./.][./././././././././.]
[ivb109:35739] MCW rank 0 bound to socket 0[core 0[hwt 0]]: [B/././././././././.][./././././././././.]
[ivb111:12309] MCW rank 18 bound to socket 0[core 2[hwt 0]]: [././B/././././././.][./././././././././.]
[ivb111:12309] MCW rank 19 bound to socket 0[core 3[hwt 0]]: [./././B/./././././.][./././././././././.]
[ivb111:12309] MCW rank 20 bound to socket 0[core 4[hwt 0]]: [././././B/././././.][./././././././././.]
[ivb111:12309] MCW rank 21 bound to socket 0[core 5[hwt 0]]: [./././././B/./././.][./././././././././.]
[ivb111:12309] MCW rank 22 bound to socket 0[core 6[hwt 0]]: [././././././B/././.][./././././././././.]
[ivb111:12309] MCW rank 23 bound to socket 0[core 7[hwt 0]]: [./././././././B/./.][./././././././././.]
[ivb111:12309] MCW rank 16 bound to socket 0[core 0[hwt 0]]: [B/././././././././.][./././././././././.]
[ivb111:12309] MCW rank 17 bound to socket 0[core 1[hwt 0]]: [./B/./././././././.][./././././././././.]
[ivb110:36336] MCW rank 10 bound to socket 0[core 2[hwt 0]]: [././B/././././././.][./././././././././.]
[ivb110:36336] MCW rank 11 bound to socket 0[core 3[hwt 0]]: [./././B/./././././.][./././././././././.]
[ivb110:36336] MCW rank 12 bound to socket 0[core 4[hwt 0]]: [././././B/././././.][./././././././././.]
[ivb110:36336] MCW rank 13 bound to socket 0[core 5[hwt 0]]: [./././././B/./././.][./././././././././.]
[ivb110:36336] MCW rank 14 bound to socket 0[core 6[hwt 0]]: [././././././B/././.][./././././././././.]
[ivb110:36336] MCW rank 15 bound to socket 0[core 7[hwt 0]]: [./././././././B/./.][./././././././././.]
[ivb110:36336] MCW rank 8 bound to socket 0[core 0[hwt 0]]: [B/././././././././.][./././././././././.]
[ivb110:36336] MCW rank 9 bound to socket 0[core 1[hwt 0]]: [./B/./././././././.][./././././././././.]
/*---------------------------------------------------------------------------*\
| =========                 |                                                 |
| \\      /  F ield         | foam-extend: Open Source CFD                    |
|  \\    /   O peration     | Version:     3.1                                |
|   \\  /    A nd           | Web:         http://www.extend-project.de       |
|    \\/     M anipulation  |                                                 |
\*---------------------------------------------------------------------------*/
Build    : 3.1-e2da948002a2
Exec     : interFoam -parallel
Date     : May 16 2016
Time     : 09:44:16
Host     : ivb109
PID      : 35794
CtrlDict : /home-2/vplatonov/foam/foam-extend-3.1/etc/controlDict
Case     : /home/vplatonov/tests/rt12mln
nProcs   : 24
Slaves : 
23
(
ivb109.35793
ivb109.35802
ivb109.35805
ivb109.35811
ivb109.35814
ivb109.35816
ivb109.35808
ivb110.36383
ivb110.36382
ivb110.36385
ivb110.36394
ivb110.36405
ivb110.36403
ivb110.36397
ivb110.36400
ivb111.12363
ivb111.12362
ivb111.12364
ivb111.12367
ivb111.12370
ivb111.12373
ivb111.12376
ivb111.12378
)

Pstream initialized with:
    floatTransfer     : 0
    nProcsSimpleSum   : 0
    commsType         : blocking
SigFpe   : Enabling floating point exception trapping (FOAM_SIGFPE).

// * * * * * * * * * * * * * * * * * * * * * * * * * * * * * * * * * * * * * //
Create time

Create mesh for time = 0


Reading g
Reading field pd

Reading field alpha1

Reading field U

Reading/calculating face flux field phi

Reading transportProperties

Selecting incompressible transport model Newtonian
Selecting incompressible transport model Newtonian
Calculating field g.h

Selecting turbulence model type laminar
time step continuity errors : sum local = 0, global = 0, cumulative = 0
Created persistent data with name pcorr
SGPUBICGS:  Solving for pcorr, Initial residual = 0, Final residual = 0, No Iterations 0
time step continuity errors : sum local = 0, global = 0, cumulative = 0
Courant Number mean: 0 max: 0 velocity magnitude: 0

Starting time loop

Courant Number mean: 0 max: 0 velocity magnitude: 0
Time = 0.001

MULES: Solving for alpha1
Liquid phase volume fraction = 0.00275421  Min(alpha1) = 0  Max(alpha1) = 1
MULES: Solving for alpha1
Liquid phase volume fraction = 0.00275421  Min(alpha1) = 0  Max(alpha1) = 1
Created persistent data with name pd
Computing AINV with droptol 0.02
GPU: 2 iters: 0.0628132 s: 7.55348 GB/s
Total exec time 0.0628132
 Total comm time 0.00954752Pre time 0 Post time 0.00954752
SGPUBICGS:  Solving for pd, Initial residual = 1, Final residual = 0.0491214, No Iterations 2
Computing AINV with droptol 0.02
GPU: 27 iters: 0.624126 s: 10.2627 GB/s
Total exec time 0.686939
 Total comm time 0.133402Pre time 0 Post time 0.133402
SGPUBICGS:  Solving for pd, Initial residual = 0.033386, Final residual = 0.00155091, No Iterations 27
GPU: 644 iters: 14.5575 s: 10.4946 GB/s
Total exec time 15.2445
 Total comm time 3.26452Pre time 0 Post time 3.26452
SGPUBICGS:  Solving for pd, Initial residual = 0.0129311, Final residual = 9.75792e-08, No Iterations 644
time step continuity errors : sum local = 1.07435e-11, global = -3.21498e-24, cumulative = -3.21498e-24
ExecutionTime = 37.61 s  ClockTime = 61 s

Courant Number mean: 4.83749e-06 max: 0.00215177 velocity magnitude: 0.0336214
Time = 0.002

MULES: Solving for alpha1
Liquid phase volume fraction = 0.00275421  Min(alpha1) = 0  Max(alpha1) = 1
MULES: Solving for alpha1
Liquid phase volume fraction = 0.00275421  Min(alpha1) = 0  Max(alpha1) = 1
GPU: 486 iters: 10.9837 s: 10.4968 GB/s
Total exec time 26.2281
 Total comm time 5.6056Pre time 0 Post time 5.6056
SGPUBICGS:  Solving for pd, Initial residual = 0.00502847, Final residual = 0.000187463, No Iterations 486
GPU: 508 iters: 11.4859 s: 10.4922 GB/s
Total exec time 37.7141
 Total comm time 8.11546Pre time 0 Post time 8.11546
SGPUBICGS:  Solving for pd, Initial residual = 0.00388171, Final residual = 9.2734e-05, No Iterations 508
GPU: 692 iters: 15.6312 s: 10.5023 GB/s
Total exec time 53.3452
 Total comm time 11.4321Pre time 0 Post time 11.4321
SGPUBICGS:  Solving for pd, Initial residual = 0.00337219, Final residual = 7.49271e-08, No Iterations 692
time step continuity errors : sum local = 4.11176e-08, global = -4.11123e-08, cumulative = -4.11123e-08
ExecutionTime = 80.93 s  ClockTime = 106 s

Courant Number mean: 1.35229e-05 max: 0.219512 velocity magnitude: 1.71493
Time = 0.003

MULES: Solving for alpha1
Liquid phase volume fraction = 0.00275424  Min(alpha1) = -1.43415e-30  Max(alpha1) = 1
MULES: Solving for alpha1
Liquid phase volume fraction = 0.00275426  Min(alpha1) = -3.07374e-30  Max(alpha1) = 1
GPU: 502 iters: 11.3402 s: 10.5015 GB/s
Total exec time 64.6854
 Total comm time 13.864Pre time 0 Post time 13.864
SGPUBICGS:  Solving for pd, Initial residual = 0.00741042, Final residual = 0.000301828, No Iterations 502
GPU: 499 iters: 11.283 s: 10.4917 GB/s
Total exec time 75.9684
 Total comm time 16.3943Pre time 0 Post time 16.3943
SGPUBICGS:  Solving for pd, Initial residual = 0.00512611, Final residual = 0.000187741, No Iterations 499
GPU: 630 iters: 14.2296 s: 10.5031 GB/s
Total exec time 90.198
 Total comm time 19.4004Pre time 0 Post time 19.4004
SGPUBICGS:  Solving for pd, Initial residual = 0.00506438, Final residual = 7.98089e-08, No Iterations 630
time step continuity errors : sum local = 2.22678e-08, global = -2.22605e-08, cumulative = -6.33728e-08
ExecutionTime = 123.05 s  ClockTime = 150 s

Courant Number mean: 1.63409e-05 max: 0.132517 velocity magnitude: 1.03529
Time = 0.004

MULES: Solving for alpha1
Liquid phase volume fraction = 0.00275427  Min(alpha1) = -3.78298e-30  Max(alpha1) = 1
MULES: Solving for alpha1
Liquid phase volume fraction = 0.00275428  Min(alpha1) = -6.86451e-30  Max(alpha1) = 1
GPU: 511 iters: 11.5471 s: 10.4982 GB/s
Total exec time 101.745
 Total comm time 21.9157Pre time 0 Post time 21.9157
SGPUBICGS:  Solving for pd, Initial residual = 0.00847242, Final residual = 7.82744e-05, No Iterations 511
GPU: 481 iters: 10.857 s: 10.51 GB/s
Total exec time 112.602
 Total comm time 24.1715Pre time 0 Post time 24.1715
SGPUBICGS:  Solving for pd, Initial residual = 0.00677754, Final residual = 0.000261489, No Iterations 481
Computing AINV with droptol 0.02
GPU: 657 iters: 14.8413 s: 10.5017 GB/s
Total exec time 127.443
 Total comm time 27.4152Pre time 0 Post time 27.4152
SGPUBICGS:  Solving for pd, Initial residual = 0.00657414, Final residual = 7.38394e-08, No Iterations 657
time step continuity errors : sum local = 1.05179e-08, global = -1.05124e-08, cumulative = -7.38852e-08
ExecutionTime = 165.82 s  ClockTime = 195 s

Courant Number mean: 2.03178e-05 max: 0.0758948 velocity magnitude: 0.592928
Time = 0.005

MULES: Solving for alpha1
Liquid phase volume fraction = 0.00275429  Min(alpha1) = -1.24553e-29  Max(alpha1) = 1
MULES: Solving for alpha1
Liquid phase volume fraction = 0.00275429  Min(alpha1) = -1.65059e-29  Max(alpha1) = 1
GPU: 545 iters: 12.3069 s: 10.5055 GB/s
Total exec time 139.75
 Total comm time 30.0661Pre time 0 Post time 30.0661
SGPUBICGS:  Solving for pd, Initial residual = 0.00666991, Final residual = 0.000307444, No Iterations 545
GPU: 481 iters: 10.8734 s: 10.4942 GB/s
Total exec time 150.624
 Total comm time 32.4044Pre time 0 Post time 32.4044
SGPUBICGS:  Solving for pd, Initial residual = 0.00579023, Final residual = 0.000169262, No Iterations 481
GPU: 670 iters: 15.1188 s: 10.5129 GB/s
Total exec time 165.742
 Total comm time 35.6659Pre time 0 Post time 35.6659
SGPUBICGS:  Solving for pd, Initial residual = 0.00557269, Final residual = 8.67411e-08, No Iterations 670
time step continuity errors : sum local = 2.47763e-09, global = -2.47662e-09, cumulative = -7.63618e-08
ExecutionTime = 209.44 s  ClockTime = 241 s

Courant Number mean: 2.44389e-05 max: 0.0283792 velocity magnitude: 0.275441
Time = 0.006

MULES: Solving for alpha1
Liquid phase volume fraction = 0.00275429  Min(alpha1) = -3.18985e-29  Max(alpha1) = 1
MULES: Solving for alpha1
Liquid phase volume fraction = 0.00275429  Min(alpha1) = -3.67803e-29  Max(alpha1) = 1
GPU: 514 iters: 11.6221 s: 10.4917 GB/s
Total exec time 177.365
 Total comm time 38.2339Pre time 0 Post time 38.2339
SGPUBICGS:  Solving for pd, Initial residual = 0.00744684, Final residual = 0.000342078, No Iterations 514
GPU: 565 iters: 12.7592 s: 10.5049 GB/s
Total exec time 190.124
 Total comm time 40.9753Pre time 0 Post time 40.9753
SGPUBICGS:  Solving for pd, Initial residual = 0.00559737, Final residual = 9.54088e-05, No Iterations 565
GPU: 614 iters: 13.8779 s: 10.4957 GB/s
Total exec time 204.002
 Total comm time 43.9862Pre time 0 Post time 43.9862
SGPUBICGS:  Solving for pd, Initial residual = 0.00527992, Final residual = 9.96119e-08, No Iterations 614
time step continuity errors : sum local = 1.41511e-11, global = 9.16446e-12, cumulative = -7.63526e-08
ExecutionTime = 252.98 s  ClockTime = 286 s

Courant Number mean: 2.93711e-05 max: 0.0278894 velocity magnitude: 0.217886
Time = 0.007

MULES: Solving for alpha1
Liquid phase volume fraction = 0.00275429  Min(alpha1) = -6.55853e-29  Max(alpha1) = 1
MULES: Solving for alpha1
Liquid phase volume fraction = 0.00275429  Min(alpha1) = -6.93318e-29  Max(alpha1) = 1
GPU: 506 iters: 11.4363 s: 10.4962 GB/s
Total exec time 215.438
 Total comm time 46.4733Pre time 0 Post time 46.4733
SGPUBICGS:  Solving for pd, Initial residual = 0.00716164, Final residual = 0.000349781, No Iterations 506
GPU: 95 iters: 2.15502 s: 10.4578 GB/s
Total exec time 217.593
 Total comm time 46.9407Pre time 0 Post time 46.9407
SGPUBICGS:  Solving for pd, Initial residual = 0.0046728, Final residual = 0.000231097, No Iterations 95
GPU: 793 iters: 17.898 s: 10.5108 GB/s
Total exec time 235.491
 Total comm time 50.8039Pre time 0 Post time 50.8039
SGPUBICGS:  Solving for pd, Initial residual = 0.00419364, Final residual = 9.25595e-08, No Iterations 793
time step continuity errors : sum local = 1.40963e-10, global = 1.40963e-10, cumulative = -7.62117e-08
ExecutionTime = 290.29 s  ClockTime = 326 s

Courant Number mean: 3.44741e-05 max: 0.0116423 velocity magnitude: 0.13026
Time = 0.008

MULES: Solving for alpha1
Liquid phase volume fraction = 0.00275429  Min(alpha1) = -4.84555e-29  Max(alpha1) = 1
MULES: Solving for alpha1
Liquid phase volume fraction = 0.00275429  Min(alpha1) = -1.91845e-29  Max(alpha1) = 1
Computing AINV with droptol 0.02
GPU: 577 iters: 13.049 s: 10.4898 GB/s
Total exec time 248.54
 Total comm time 53.6513Pre time 0 Post time 53.6513
SGPUBICGS:  Solving for pd, Initial residual = 0.00768314, Final residual = 0.000315642, No Iterations 577
GPU: 65 iters: 1.48636 s: 10.3742 GB/s
Total exec time 250.026
 Total comm time 53.9612Pre time 0 Post time 53.9612
SGPUBICGS:  Solving for pd, Initial residual = 0.00439175, Final residual = 0.000219167, No Iterations 65
GPU: 614 iters: 13.8809 s: 10.4935 GB/s
Total exec time 263.907
 Total comm time 57.0318Pre time 0 Post time 57.0318
SGPUBICGS:  Solving for pd, Initial residual = 0.00409649, Final residual = 4.7717e-08, No Iterations 614
time step continuity errors : sum local = 1.58776e-10, global = 1.56256e-10, cumulative = -7.60554e-08
ExecutionTime = 324.47 s  ClockTime = 361 s

Courant Number mean: 3.95954e-05 max: 0.0090268 velocity magnitude: 0.140177
Time = 0.009

MULES: Solving for alpha1
Liquid phase volume fraction = 0.00275429  Min(alpha1) = -5.93841e-29  Max(alpha1) = 1
MULES: Solving for alpha1
Liquid phase volume fraction = 0.00275429  Min(alpha1) = -1.60775e-29  Max(alpha1) = 1
GPU: 523 iters: 11.8285 s: 10.4892 GB/s
Total exec time 275.736
 Total comm time 59.5343Pre time 0 Post time 59.5343
SGPUBICGS:  Solving for pd, Initial residual = 0.00753097, Final residual = 0.000367358, No Iterations 523
GPU: 485 iters: 10.966 s: 10.4921 GB/s
Total exec time 286.702
 Total comm time 61.8284Pre time 0 Post time 61.8284
SGPUBICGS:  Solving for pd, Initial residual = 0.00481579, Final residual = 0.000238682, No Iterations 485
GPU: 643 iters: 14.5332 s: 10.4958 GB/s
Total exec time 301.235
 Total comm time 64.9433Pre time 0 Post time 64.9433
SGPUBICGS:  Solving for pd, Initial residual = 0.00432756, Final residual = 7.18789e-08, No Iterations 643
time step continuity errors : sum local = 5.79471e-12, global = 2.67469e-12, cumulative = -7.60527e-08
ExecutionTime = 367.23 s  ClockTime = 406 s

Courant Number mean: 4.47287e-05 max: 0.00970757 velocity magnitude: 0.149187
Time = 0.01

MULES: Solving for alpha1
Liquid phase volume fraction = 0.00275429  Min(alpha1) = -6.30195e-29  Max(alpha1) = 1
MULES: Solving for alpha1
Liquid phase volume fraction = 0.00275429  Min(alpha1) = -5.82225e-29  Max(alpha1) = 1
GPU: 502 iters: 11.3503 s: 10.4921 GB/s
Total exec time 312.585
 Total comm time 67.4679Pre time 0 Post time 67.4679
SGPUBICGS:  Solving for pd, Initial residual = 0.0080709, Final residual = 0.000250088, No Iterations 502
GPU: 444 iters: 10.0424 s: 10.4885 GB/s
Total exec time 322.628
 Total comm time 69.6547Pre time 0 Post time 69.6547
SGPUBICGS:  Solving for pd, Initial residual = 0.00473106, Final residual = 0.000210965, No Iterations 444
GPU: 649 iters: 14.6673 s: 10.4969 GB/s
Total exec time 337.295
 Total comm time 72.8369Pre time 0 Post time 72.8369
SGPUBICGS:  Solving for pd, Initial residual = 0.0044894, Final residual = 3.24465e-08, No Iterations 649
time step continuity errors : sum local = 4.46698e-11, global = -4.21497e-11, cumulative = -7.60949e-08
ExecutionTime = 408.66 s  ClockTime = 450 s

End

Finalising parallel run
/home-2/vplatonov/bin/nvmps: line 33: 36383 Segmentation fault      "$@"
-------------------------------------------------------
Primary job  terminated normally, but 1 process returned
a non-zero exit code.. Per user-direction, the job has been aborted.
-------------------------------------------------------
/home-2/vplatonov/bin/nvmps: line 33: 35793 Segmentation fault      "$@"
/home-2/vplatonov/bin/nvmps: line 33: 35802 Segmentation fault      "$@"
/home-2/vplatonov/bin/nvmps: line 33: 35811 Segmentation fault      "$@"
/home-2/vplatonov/bin/nvmps: line 33: 35814 Segmentation fault      "$@"
/home-2/vplatonov/bin/nvmps: line 33: 35816 Segmentation fault      "$@"
/home-2/vplatonov/bin/nvmps: line 33: 35808 Segmentation fault      "$@"
/home-2/vplatonov/bin/nvmps: line 33: 36403 Segmentation fault      "$@"
/home-2/vplatonov/bin/nvmps: line 33: 12370 Segmentation fault      "$@"
/home-2/vplatonov/bin/nvmps: line 33: 12376 Segmentation fault      "$@"
/home-2/vplatonov/bin/nvmps: line 33: 12363 Segmentation fault      "$@"
slurmstepd: *** JOB 6020 ON ivb109 CANCELLED AT 2016-05-16T10:44:40 DUE TO TIME LIMIT ***
--------------------------------------------------------------------------
mpirun detected that one or more processes exited with non-zero status, thus causing
the job to be terminated. The first process to do so was:

  Process name: [[26235,1],8]
  Exit code:    139
--------------------------------------------------------------------------
