/home-2/vplatonov/bin/nvmps: line 18: CUDEV%CUDEV_N: division by 0 (error token is "CUDEV_N")
/home-2/vplatonov/bin/nvmps: line 18: CUDEV%CUDEV_N: division by 0 (error token is "CUDEV_N")
/home-2/vplatonov/bin/nvmps: line 18: CUDEV%CUDEV_N: division by 0 (error token is "CUDEV_N")
/home-2/vplatonov/bin/nvmps: line 18: CUDEV%CUDEV_N: division by 0 (error token is "CUDEV_N")
/home-2/vplatonov/bin/nvmps: line 18: CUDEV%CUDEV_N: division by 0 (error token is "CUDEV_N")
/home-2/vplatonov/bin/nvmps: line 18: CUDEV%CUDEV_N: division by 0 (error token is "CUDEV_N")
/home-2/vplatonov/bin/nvmps: line 18: CUDEV%CUDEV_N: division by 0 (error token is "CUDEV_N")
/bin/bash: line 1: 1: command not found
/bin/bash: line 1: 1: command not found
/bin/bash: line 2: 2: command not found
/bin/bash: line 2: 2: command not found
/home-2/vplatonov/bin/nvmps: line 18: CUDEV%CUDEV_N: division by 0 (error token is "CUDEV_N")
/bin/bash: line 3: 3: command not found
/bin/bash: line 3: 3: command not found
/home-2/vplatonov/bin/nvmps: line 18: CUDEV%CUDEV_N: division by 0 (error token is "CUDEV_N")
/home-2/vplatonov/bin/nvmps: line 18: CUDEV%CUDEV_N: division by 0 (error token is "CUDEV_N")
/bin/bash: line 4: 4: command not found
/bin/bash: line 4: 4: command not found
/home-2/vplatonov/bin/nvmps: line 18: CUDEV%CUDEV_N: division by 0 (error token is "CUDEV_N")
/home-2/vplatonov/bin/nvmps: line 18: CUDEV%CUDEV_N: division by 0 (error token is "CUDEV_N")
/home-2/vplatonov/bin/nvmps: line 18: CUDEV%CUDEV_N: division by 0 (error token is "CUDEV_N")
/home-2/vplatonov/bin/nvmps: line 18: CUDEV%CUDEV_N: division by 0 (error token is "CUDEV_N")
/home-2/vplatonov/bin/nvmps: line 18: CUDEV%CUDEV_N: division by 0 (error token is "CUDEV_N")
/home-2/vplatonov/bin/nvmps: line 18: CUDEV%CUDEV_N: division by 0 (error token is "CUDEV_N")
/home-2/vplatonov/bin/nvmps: line 18: CUDEV%CUDEV_N: division by 0 (error token is "CUDEV_N")
/home-2/vplatonov/bin/nvmps: line 18: CUDEV%CUDEV_N: division by 0 (error token is "CUDEV_N")
/home-2/vplatonov/bin/nvmps: line 18: CUDEV%CUDEV_N: division by 0 (error token is "CUDEV_N")
/home-2/vplatonov/bin/nvmps: line 18: CUDEV%CUDEV_N: division by 0 (error token is "CUDEV_N")
mkdir: cannot create directory ‘/tmp/nvidia-mps-vplatonov-0’: File exists
/bin/bash: line 1: 1: command not found
mkdir: cannot create directory ‘/tmp/nvidia-mps-vplatonov-0’: File exists
/bin/bash: line 2: 2: command not found
/bin/bash: line 1: 1: command not found
/bin/bash: line 3: 3: command not found
/bin/bash: line 2: 2: command not found
/bin/bash: line 4: 4: command not found
/bin/bash: line 3: 3: command not found
/home-2/vplatonov/bin/nvmps: line 18: CUDEV%CUDEV_N: division by 0 (error token is "CUDEV_N")
/bin/bash: line 4: 4: command not found
/home-2/vplatonov/bin/nvmps: line 18: CUDEV%CUDEV_N: division by 0 (error token is "CUDEV_N")
/home-2/vplatonov/bin/nvmps: line 18: CUDEV%CUDEV_N: division by 0 (error token is "CUDEV_N")
/home-2/vplatonov/bin/nvmps: line 18: CUDEV%CUDEV_N: division by 0 (error token is "CUDEV_N")
mkdir: cannot create directory ‘/tmp/nvidia-mps-vplatonov-0’: File exists
/bin/bash: line 1: 1: command not found
/bin/bash: line 2: 2: command not found
/bin/bash: line 3: 3: command not found
mkdir: cannot create directory ‘/tmp/nvidia-mps-vplatonov-0’: File exists
/bin/bash: line 1: 1: command not found
/bin/bash: line 4: 4: command not found
/bin/bash: line 1: 1: command not found
/bin/bash: line 2: 2: command not found
/bin/bash: line 3: 3: command not found
/bin/bash: line 4: 4: command not found
mkdir: cannot create directory ‘/tmp/nvidia-mps-vplatonov-0’: File exists
/bin/bash: line 1: 1: command not found
mkdir: cannot create directory ‘/tmp/nvidia-mps-vplatonov-0’: File exists
/bin/bash: line 2: 2: command not found
/bin/bash: line 2: 2: command not found
/bin/bash: line 1: 1: command not found
/bin/bash: line 3: 3: command not found
/bin/bash: line 2: 2: command not found
/bin/bash: line 1: 1: command not found
/bin/bash: line 3: 3: command not found
/bin/bash: line 4: 4: command not found
/bin/bash: line 4: 4: command not found
/bin/bash: line 3: 3: command not found
/bin/bash: line 2: 2: command not found
/bin/bash: line 4: 4: command not found
mkdir: cannot create directory ‘/tmp/nvidia-mps-vplatonov-0’: File exists
mkdir: cannot create directory ‘/tmp/nvidia-mps-vplatonov-0’: File exists
/bin/bash: line 1: 1: command not found
/bin/bash: line 1: 1: command not found
/bin/bash: line 2: 2: command not found
/bin/bash: line 2: 2: command not found
/bin/bash: line 3: 3: command not found
/bin/bash: line 3: 3: command not found
/bin/bash: line 4: 4: command not found
/bin/bash: line 4: 4: command not found
/bin/bash: line 3: 3: command not found
mkdir: cannot create directory ‘/tmp/nvidia-mps-vplatonov-0’: File exists
/bin/bash: line 1: 1: command not found
mkdir: cannot create directory ‘/tmp/nvidia-mps-vplatonov-0’: File exists
mkdir: cannot create directory ‘/tmp/nvidia-mps-vplatonov-0’: File exists
/bin/bash: line 2: 2: command not found
/bin/bash: line 1: 1: command not found
/bin/bash: line 2: 2: command not found
/bin/bash: line 1: 1: command not found
/bin/bash: line 3: 3: command not found
/bin/bash: line 3: 3: command not found
/bin/bash: line 4: 4: command not found
/bin/bash: line 2: 2: command not found
/bin/bash: line 4: 4: command not found
/bin/bash: line 3: 3: command not found
/bin/bash: line 4: 4: command not found
/bin/bash: line 4: 4: command not found
mkdir: cannot create directory ‘/tmp/nvidia-mps-vplatonov-0’: File exists
/bin/bash: line 1: 1: command not found
/bin/bash: line 2: 2: command not found
/bin/bash: line 3: 3: command not found
/bin/bash: line 4: 4: command not found
mkdir: cannot create directory ‘/tmp/nvidia-mps-vplatonov-0’: File exists
/bin/bash: line 1: 1: command not found
/bin/bash: line 2: 2: command not found
/bin/bash: line 3: 3: command not found
/bin/bash: line 4: 4: command not found
mkdir: cannot create directory ‘/tmp/nvidia-mps-vplatonov-0’: File exists
/bin/bash: line 1: 1: command not found
/bin/bash: line 2: 2: command not found
/bin/bash: line 3: 3: command not found
/bin/bash: line 4: 4: command not found
mkdir: cannot create directory ‘/tmp/nvidia-mps-vplatonov-0’: File exists
/bin/bash: line 1: 1: command not found
/bin/bash: line 2: 2: command not found
/bin/bash: line 3: 3: command not found
/bin/bash: line 4: 4: command not found
mkdir: cannot create directory ‘/tmp/nvidia-mps-vplatonov-0’: File exists
/bin/bash: line 1: 1: command not found
/bin/bash: line 2: 2: command not found
/bin/bash: line 3: 3: command not found
/bin/bash: line 4: 4: command not found
mkdir: cannot create directory ‘/tmp/nvidia-mps-vplatonov-0’: File exists
/bin/bash: line 1: 1: command not found
/bin/bash: line 2: 2: command not found
/bin/bash: line 3: 3: command not found
/bin/bash: line 4: 4: command not found
mkdir: cannot create directory ‘/tmp/nvidia-mps-vplatonov-0’: File exists
/bin/bash: line 1: 1: command not found
/bin/bash: line 2: 2: command not found
/bin/bash: line 3: 3: command not found
/bin/bash: line 4: 4: command not found
mkdir: cannot create directory ‘/tmp/nvidia-mps-vplatonov-0’: File exists
/bin/bash: line 1: 1: command not found
/bin/bash: line 2: 2: command not found
/bin/bash: line 3: 3: command not found
/bin/bash: line 4: 4: command not found
mkdir: cannot create directory ‘/tmp/nvidia-mps-vplatonov-0’: File exists
/bin/bash: line 1: 1: command not found
/bin/bash: line 2: 2: command not found
/bin/bash: line 3: 3: command not found
/bin/bash: line 4: 4: command not found
/*---------------------------------------------------------------------------*\
| =========                 |                                                 |
| \\      /  F ield         | foam-extend: Open Source CFD                    |
|  \\    /   O peration     | Version:     3.1                                |
|   \\  /    A nd           | Web:         http://www.extend-project.de       |
|    \\/     M anipulation  |                                                 |
\*---------------------------------------------------------------------------*/
Build    : 3.1-e2da948002a2
Exec     : interFoam -parallel
Date     : May 15 2016
Time     : 14:47:37
Host     : ivb109
PID      : 10390
CtrlDict : /home-2/vplatonov/foam/foam-extend-3.1/etc/controlDict
Case     : /home/vplatonov/tests/rt12mln
nProcs   : 24
Slaves : 
23
(
ivb109.10364
ivb109.10382
ivb109.10366
ivb109.10397
ivb109.10374
ivb110.12775
ivb110.12743
ivb110.12782
ivb110.12759
ivb110.12767
ivb110.12751
ivb111.30904
ivb111.30880
ivb111.30912
ivb111.30896
ivb111.30919
ivb111.30888
ivb112.31467
ivb112.31444
ivb112.31482
ivb112.31451
ivb112.31475
ivb112.31459
)

Pstream initialized with:
    floatTransfer     : 0
    nProcsSimpleSum   : 0
    commsType         : blocking
SigFpe   : Enabling floating point exception trapping (FOAM_SIGFPE).

// * * * * * * * * * * * * * * * * * * * * * * * * * * * * * * * * * * * * * //
Create time

Create mesh for time = 0


Reading g
Reading field pd

Reading field alpha1

Reading field U

Reading/calculating face flux field phi

Reading transportProperties

Selecting incompressible transport model Newtonian
Selecting incompressible transport model Newtonian
Calculating field g.h

Selecting turbulence model type laminar
time step continuity errors : sum local = 0, global = 0, cumulative = 0
Created persistent data with name pcorr
SGPUBICGS:  Solving for pcorr, Initial residual = 0, Final residual = 0, No Iterations 0
time step continuity errors : sum local = 0, global = 0, cumulative = 0
Courant Number mean: 0 max: 0 velocity magnitude: 0

Starting time loop

Courant Number mean: 0 max: 0 velocity magnitude: 0
Time = 0.001

MULES: Solving for alpha1
Liquid phase volume fraction = 0.00275421  Min(alpha1) = 0  Max(alpha1) = 1
MULES: Solving for alpha1
Liquid phase volume fraction = 0.00275421  Min(alpha1) = 0  Max(alpha1) = 1
Created persistent data with name pd
Computing AINV with droptol 0.02
GPU: 2 iters: 0.0510633 s: 9.29156 GB/s
Total exec time 0.0510633
 Total comm time 0.00821389Pre time 0 Post time 0.00821389
SGPUBICGS:  Solving for pd, Initial residual = 1, Final residual = 0.0491214, No Iterations 2
Computing AINV with droptol 0.02
GPU: 27 iters: 0.534689 s: 11.9793 GB/s
Total exec time 0.585753
 Total comm time 0.191012Pre time 0 Post time 0.191012
SGPUBICGS:  Solving for pd, Initial residual = 0.033386, Final residual = 0.00155091, No Iterations 27
GPU: 654 iters: 12.6589 s: 12.256 GB/s
Total exec time 13.2447
 Total comm time 4.32396Pre time 0 Post time 4.32396
SGPUBICGS:  Solving for pd, Initial residual = 0.0129311, Final residual = 3.07997e-08, No Iterations 654
time step continuity errors : sum local = 3.62978e-12, global = -2.46141e-24, cumulative = -2.46141e-24
ExecutionTime = 35.36 s  ClockTime = 52 s

Courant Number mean: 4.83764e-06 max: 0.00215177 velocity magnitude: 0.0336214
Time = 0.002

MULES: Solving for alpha1
Liquid phase volume fraction = 0.00275421  Min(alpha1) = 0  Max(alpha1) = 1
MULES: Solving for alpha1
Liquid phase volume fraction = 0.00275421  Min(alpha1) = 0  Max(alpha1) = 1
Computing AINV with droptol 0.02
GPU: 464 iters: 8.98946 s: 12.2448 GB/s
Total exec time 22.2341
 Total comm time 7.28606Pre time 0 Post time 7.28606
SGPUBICGS:  Solving for pd, Initial residual = 0.00502826, Final residual = 0.000246382, No Iterations 464
Computing AINV with droptol 0.02
GPU: 471 iters: 9.12563 s: 12.2441 GB/s
Total exec time 31.3597
 Total comm time 10.0871Pre time 0 Post time 10.0871
SGPUBICGS:  Solving for pd, Initial residual = 0.00394413, Final residual = 7.75157e-05, No Iterations 471
Computing AINV with droptol 0.02
GPU: 635 iters: 12.297 s: 12.2502 GB/s
Total exec time 43.6567
 Total comm time 14.0458Pre time 0 Post time 14.0458
SGPUBICGS:  Solving for pd, Initial residual = 0.00336557, Final residual = 5.88062e-08, No Iterations 635
time step continuity errors : sum local = 4.11127e-08, global = -4.11124e-08, cumulative = -4.11124e-08
ExecutionTime = 75.84 s  ClockTime = 88 s

Courant Number mean: 1.35225e-05 max: 0.219382 velocity magnitude: 1.71392
Time = 0.003

MULES: Solving for alpha1
Liquid phase volume fraction = 0.00275424  Min(alpha1) = -4.64245e-31  Max(alpha1) = 1
MULES: Solving for alpha1
Liquid phase volume fraction = 0.00275426  Min(alpha1) = -2.27409e-30  Max(alpha1) = 1
Computing AINV with droptol 0.02
GPU: 493 iters: 9.55033 s: 12.2461 GB/s
Total exec time 53.2071
 Total comm time 17.046Pre time 0 Post time 17.046
SGPUBICGS:  Solving for pd, Initial residual = 0.00741417, Final residual = 0.00010331, No Iterations 493
Computing AINV with droptol 0.02
GPU: 497 iters: 9.62727 s: 12.2468 GB/s
Total exec time 62.8343
 Total comm time 20.1637Pre time 0 Post time 20.1637
SGPUBICGS:  Solving for pd, Initial residual = 0.004917, Final residual = 0.000242052, No Iterations 497
Computing AINV with droptol 0.02
GPU: 705 iters: 13.6506 s: 12.252 GB/s
Total exec time 76.4849
 Total comm time 24.4341Pre time 0 Post time 24.4341
SGPUBICGS:  Solving for pd, Initial residual = 0.00510654, Final residual = 1.83911e-08, No Iterations 705
time step continuity errors : sum local = 2.22609e-08, global = -2.22605e-08, cumulative = -6.33729e-08
ExecutionTime = 118.49 s  ClockTime = 126 s

Courant Number mean: 1.63405e-05 max: 0.13111 velocity magnitude: 1.0243
Time = 0.004

MULES: Solving for alpha1
Liquid phase volume fraction = 0.00275427  Min(alpha1) = -9.35017e-30  Max(alpha1) = 1
MULES: Solving for alpha1
Liquid phase volume fraction = 0.00275428  Min(alpha1) = -6.93935e-30  Max(alpha1) = 1
Computing AINV with droptol 0.02
GPU: 537 iters: 10.3981 s: 12.2516 GB/s
Total exec time 86.883
 Total comm time 27.6616Pre time 0 Post time 27.6616
SGPUBICGS:  Solving for pd, Initial residual = 0.00841205, Final residual = 0.000323551, No Iterations 537
Computing AINV with droptol 0.02
GPU: 540 iters: 10.459 s: 12.2482 GB/s
Total exec time 97.342
 Total comm time 31.0309Pre time 0 Post time 31.0309
SGPUBICGS:  Solving for pd, Initial residual = 0.00715219, Final residual = 0.000234625, No Iterations 540
Computing AINV with droptol 0.02
GPU: 739 iters: 14.3056 s: 12.2548 GB/s
Total exec time 111.648
 Total comm time 35.851Pre time 0 Post time 35.851
SGPUBICGS:  Solving for pd, Initial residual = 0.00660322, Final residual = 5.48066e-08, No Iterations 739
time step continuity errors : sum local = 1.05172e-08, global = -1.05125e-08, cumulative = -7.38853e-08
ExecutionTime = 163.72 s  ClockTime = 167 s

Courant Number mean: 2.03186e-05 max: 0.0741983 velocity magnitude: 0.579674
Time = 0.005

MULES: Solving for alpha1
Liquid phase volume fraction = 0.00275429  Min(alpha1) = -1.35636e-29  Max(alpha1) = 1
MULES: Solving for alpha1
Liquid phase volume fraction = 0.00275429  Min(alpha1) = -2.28307e-29  Max(alpha1) = 1
Computing AINV with droptol 0.02
GPU: 684 iters: 13.2459 s: 12.2502 GB/s
Total exec time 124.894
 Total comm time 39.9865Pre time 0 Post time 39.9865
SGPUBICGS:  Solving for pd, Initial residual = 0.00674258, Final residual = 0.000277713, No Iterations 684
Computing AINV with droptol 0.02
GPU: 416 iters: 8.06008 s: 12.244 GB/s
Total exec time 132.954
 Total comm time 42.6314Pre time 0 Post time 42.6314
SGPUBICGS:  Solving for pd, Initial residual = 0.00591107, Final residual = 0.000272814, No Iterations 416
Computing AINV with droptol 0.02
GPU: 696 iters: 13.4802 s: 12.2484 GB/s
Total exec time 146.434
 Total comm time 47.0563Pre time 0 Post time 47.0563
SGPUBICGS:  Solving for pd, Initial residual = 0.00574542, Final residual = 9.69717e-08, No Iterations 696
time step continuity errors : sum local = 2.47977e-09, global = -2.47677e-09, cumulative = -7.63621e-08
ExecutionTime = 208.56 s  ClockTime = 207 s

Courant Number mean: 2.44404e-05 max: 0.0298056 velocity magnitude: 0.319868
Time = 0.006

MULES: Solving for alpha1
Liquid phase volume fraction = 0.00275429  Min(alpha1) = -2.92565e-29  Max(alpha1) = 1
MULES: Solving for alpha1
Liquid phase volume fraction = 0.00275429  Min(alpha1) = -3.86155e-29  Max(alpha1) = 1
Computing AINV with droptol 0.02
GPU: 585 iters: 11.3294 s: 12.2495 GB/s
Total exec time 157.763
 Total comm time 50.5852Pre time 0 Post time 50.5852
SGPUBICGS:  Solving for pd, Initial residual = 0.00742325, Final residual = 9.67744e-05, No Iterations 585
Computing AINV with droptol 0.02
GPU: 73 iters: 1.42298 s: 12.17 GB/s
Total exec time 159.186
 Total comm time 51.0632Pre time 0 Post time 51.0632
SGPUBICGS:  Solving for pd, Initial residual = 0.00536787, Final residual = 0.000268159, No Iterations 73
Computing AINV with droptol 0.02
GPU: 615 iters: 11.9109 s: 12.249 GB/s
Total exec time 171.097
 Total comm time 54.9015Pre time 0 Post time 54.9015
SGPUBICGS:  Solving for pd, Initial residual = 0.00563681, Final residual = 9.7735e-08, No Iterations 615
time step continuity errors : sum local = 1.42623e-11, global = 9.00616e-12, cumulative = -7.63531e-08
ExecutionTime = 243.21 s  ClockTime = 237 s

Courant Number mean: 2.9377e-05 max: 0.0309495 velocity magnitude: 0.241793
Time = 0.007

MULES: Solving for alpha1
Liquid phase volume fraction = 0.00275429  Min(alpha1) = -7.0998e-29  Max(alpha1) = 1
MULES: Solving for alpha1
Liquid phase volume fraction = 0.00275429  Min(alpha1) = -5.41962e-29  Max(alpha1) = 1
Computing AINV with droptol 0.02
GPU: 606 iters: 11.7317 s: 12.254 GB/s
Total exec time 182.829
 Total comm time 58.7619Pre time 0 Post time 58.7619
SGPUBICGS:  Solving for pd, Initial residual = 0.00710704, Final residual = 0.0003324, No Iterations 606
Computing AINV with droptol 0.02
GPU: 457 iters: 8.85296 s: 12.246 GB/s
Total exec time 191.682
 Total comm time 61.6221Pre time 0 Post time 61.6221
SGPUBICGS:  Solving for pd, Initial residual = 0.00464132, Final residual = 0.000188512, No Iterations 457
Computing AINV with droptol 0.02
GPU: 610 iters: 11.8135 s: 12.2496 GB/s
Total exec time 203.495
 Total comm time 65.5162Pre time 0 Post time 65.5162
SGPUBICGS:  Solving for pd, Initial residual = 0.00418357, Final residual = 8.25374e-08, No Iterations 610
time step continuity errors : sum local = 1.48402e-10, global = 1.40966e-10, cumulative = -7.62121e-08
ExecutionTime = 285.67 s  ClockTime = 275 s

Courant Number mean: 3.44793e-05 max: 0.00844916 velocity magnitude: 0.130266
Time = 0.008

MULES: Solving for alpha1
Liquid phase volume fraction = 0.00275429  Min(alpha1) = -3.40609e-29  Max(alpha1) = 1
MULES: Solving for alpha1
Liquid phase volume fraction = 0.00275429  Min(alpha1) = -4.50712e-29  Max(alpha1) = 1
Computing AINV with droptol 0.02
GPU: 525 iters: 10.1676 s: 12.2493 GB/s
Total exec time 213.663
 Total comm time 68.8437Pre time 0 Post time 68.8437
SGPUBICGS:  Solving for pd, Initial residual = 0.00757655, Final residual = 0.000374578, No Iterations 525
Computing AINV with droptol 0.02
GPU: 487 iters: 9.43267 s: 12.2479 GB/s
Total exec time 223.095
 Total comm time 71.8137Pre time 0 Post time 71.8137
SGPUBICGS:  Solving for pd, Initial residual = 0.00464791, Final residual = 0.000209176, No Iterations 487
Computing AINV with droptol 0.02
GPU: 657 iters: 12.7249 s: 12.2484 GB/s
Total exec time 235.82
 Total comm time 75.9287Pre time 0 Post time 75.9287
SGPUBICGS:  Solving for pd, Initial residual = 0.00422929, Final residual = 3.84559e-08, No Iterations 657
time step continuity errors : sum local = 1.57179e-10, global = 1.56303e-10, cumulative = -7.60558e-08
ExecutionTime = 328.08 s  ClockTime = 313 s

Courant Number mean: 3.96004e-05 max: 0.0090267 velocity magnitude: 0.140183
Time = 0.009

MULES: Solving for alpha1
Liquid phase volume fraction = 0.00275429  Min(alpha1) = -4.66007e-29  Max(alpha1) = 1
MULES: Solving for alpha1
Liquid phase volume fraction = 0.00275429  Min(alpha1) = -2.57451e-29  Max(alpha1) = 1
Computing AINV with droptol 0.02
GPU: 514 iters: 9.95392 s: 12.25 GB/s
Total exec time 245.774
 Total comm time 79.1434Pre time 0 Post time 79.1434
SGPUBICGS:  Solving for pd, Initial residual = 0.00744455, Final residual = 0.000339472, No Iterations 514
Computing AINV with droptol 0.02
GPU: 463 iters: 8.96997 s: 12.245 GB/s
Total exec time 254.744
 Total comm time 82.0636Pre time 0 Post time 82.0636
SGPUBICGS:  Solving for pd, Initial residual = 0.00479516, Final residual = 0.000238213, No Iterations 463
Computing AINV with droptol 0.02
GPU: 596 iters: 11.5437 s: 12.2482 GB/s
Total exec time 266.288
 Total comm time 85.6014Pre time 0 Post time 85.6014
SGPUBICGS:  Solving for pd, Initial residual = 0.00435612, Final residual = 7.45337e-08, No Iterations 596
time step continuity errors : sum local = 7.34327e-12, global = 2.67067e-12, cumulative = -7.60532e-08
ExecutionTime = 368.73 s  ClockTime = 349 s

Courant Number mean: 4.47335e-05 max: 0.00970749 velocity magnitude: 0.149191
Time = 0.01

MULES: Solving for alpha1
Liquid phase volume fraction = 0.00275429  Min(alpha1) = -4.12614e-29  Max(alpha1) = 1
MULES: Solving for alpha1
Liquid phase volume fraction = 0.00275429  Min(alpha1) = -2.18684e-29  Max(alpha1) = 1
Computing AINV with droptol 0.02
GPU: 497 iters: 9.62613 s: 12.2482 GB/s
Total exec time 275.914
 Total comm time 88.749Pre time 0 Post time 88.749
SGPUBICGS:  Solving for pd, Initial residual = 0.00796406, Final residual = 0.000228775, No Iterations 497
Computing AINV with droptol 0.02
GPU: 59 iters: 1.15428 s: 12.1257 GB/s
Total exec time 277.068
 Total comm time 89.0832Pre time 0 Post time 89.0832
SGPUBICGS:  Solving for pd, Initial residual = 0.00444847, Final residual = 0.000220567, No Iterations 59
GPU: 678 iters: 13.1303 s: 12.2497 GB/s
Total exec time 290.199
 Total comm time 93.3647Pre time 0 Post time 93.3647
SGPUBICGS:  Solving for pd, Initial residual = 0.00423332, Final residual = 7.43511e-08, No Iterations 678
time step continuity errors : sum local = 4.57554e-11, global = -4.21572e-11, cumulative = -7.60953e-08
ExecutionTime = 401.11 s  ClockTime = 378 s

End

Finalising parallel run
