 Data for JOB [47191,1] offset 0

 ========================   JOB MAP   ========================

 Data for node: ivb109	Num slots: 6	Max slots: 0	Num procs: 6
 	Process OMPI jobid: [47191,1] App: 0 Process rank: 0
 	Process OMPI jobid: [47191,1] App: 0 Process rank: 1
 	Process OMPI jobid: [47191,1] App: 0 Process rank: 2
 	Process OMPI jobid: [47191,1] App: 0 Process rank: 3
 	Process OMPI jobid: [47191,1] App: 0 Process rank: 4
 	Process OMPI jobid: [47191,1] App: 0 Process rank: 5

 Data for node: ivb110	Num slots: 6	Max slots: 0	Num procs: 6
 	Process OMPI jobid: [47191,1] App: 0 Process rank: 6
 	Process OMPI jobid: [47191,1] App: 0 Process rank: 7
 	Process OMPI jobid: [47191,1] App: 0 Process rank: 8
 	Process OMPI jobid: [47191,1] App: 0 Process rank: 9
 	Process OMPI jobid: [47191,1] App: 0 Process rank: 10
 	Process OMPI jobid: [47191,1] App: 0 Process rank: 11

 =============================================================
[ivb109:21943] MCW rank 0 bound to socket 0[core 0[hwt 0]]: [B/././././././././.][./././././././././.]
[ivb109:21943] MCW rank 1 bound to socket 0[core 1[hwt 0]]: [./B/./././././././.][./././././././././.]
[ivb109:21943] MCW rank 2 bound to socket 0[core 2[hwt 0]]: [././B/././././././.][./././././././././.]
[ivb109:21943] MCW rank 3 bound to socket 0[core 3[hwt 0]]: [./././B/./././././.][./././././././././.]
[ivb109:21943] MCW rank 4 bound to socket 0[core 4[hwt 0]]: [././././B/././././.][./././././././././.]
[ivb109:21943] MCW rank 5 bound to socket 0[core 5[hwt 0]]: [./././././B/./././.][./././././././././.]
[ivb110:22420] MCW rank 11 bound to socket 0[core 5[hwt 0]]: [./././././B/./././.][./././././././././.]
[ivb110:22420] MCW rank 6 bound to socket 0[core 0[hwt 0]]: [B/././././././././.][./././././././././.]
[ivb110:22420] MCW rank 7 bound to socket 0[core 1[hwt 0]]: [./B/./././././././.][./././././././././.]
[ivb110:22420] MCW rank 8 bound to socket 0[core 2[hwt 0]]: [././B/././././././.][./././././././././.]
[ivb110:22420] MCW rank 9 bound to socket 0[core 3[hwt 0]]: [./././B/./././././.][./././././././././.]
[ivb110:22420] MCW rank 10 bound to socket 0[core 4[hwt 0]]: [././././B/././././.][./././././././././.]
0
1
2
3
4
5
1
0
2
3
4
5
/*---------------------------------------------------------------------------*\
| =========                 |                                                 |
| \\      /  F ield         | foam-extend: Open Source CFD                    |
|  \\    /   O peration     | Version:     3.1                                |
|   \\  /    A nd           | Web:         http://www.extend-project.de       |
|    \\/     M anipulation  |                                                 |
\*---------------------------------------------------------------------------*/
Build    : 3.1-e2da948002a2
Exec     : interFoam -parallel
Date     : May 15 2016
Time     : 21:01:57
Host     : ivb109
PID      : 22011
CtrlDict : /home-2/vplatonov/foam/foam-extend-3.1/etc/controlDict
Case     : /home/vplatonov/tests/rt12mln
nProcs   : 12
Slaves : 
11
(
ivb109.21994
ivb109.21995
ivb109.22016
ivb109.22005
ivb109.21999
ivb110.22476
ivb110.22467
ivb110.22468
ivb110.22470
ivb110.22482
ivb110.22487
)

Pstream initialized with:
    floatTransfer     : 0
    nProcsSimpleSum   : 0
    commsType         : blocking
SigFpe   : Enabling floating point exception trapping (FOAM_SIGFPE).

// * * * * * * * * * * * * * * * * * * * * * * * * * * * * * * * * * * * * * //
Create time

Create mesh for time = 0


Reading g
Reading field pd

Reading field alpha1

Reading field U

Reading/calculating face flux field phi

Reading transportProperties

Selecting incompressible transport model Newtonian
Selecting incompressible transport model Newtonian
Calculating field g.h

Selecting turbulence model type laminar
time step continuity errors : sum local = 0, global = 0, cumulative = 0
Created persistent data with name pcorr
OGPUBICGS:  Solving for pcorr, Initial residual = 0, Final residual = 0, No Iterations 0
time step continuity errors : sum local = 0, global = 0, cumulative = 0
Courant Number mean: 0 max: 0 velocity magnitude: 0

Starting time loop

Courant Number mean: 0 max: 0 velocity magnitude: 0
Time = 0.001

MULES: Solving for alpha1
Liquid phase volume fraction = 0.00275421  Min(alpha1) = 0  Max(alpha1) = 1
MULES: Solving for alpha1
Liquid phase volume fraction = 0.00275421  Min(alpha1) = 0  Max(alpha1) = 1
Created persistent data with name pd
Computing AINV with droptol 0.02
GPU: 1 iters: 0.0262154 s: 18.0966 GB/s
Total exec time 0.0262154 Total comm time 0.00395494
OGPUBICGS:  Solving for pd, Initial residual = 1, Final residual = 0.0491214, No Iterations 1
Computing AINV with droptol 0.02
GPU: 26 iters: 0.268398 s: 45.9565 GB/s
Total exec time 0.294613 Total comm time 0.0619195
OGPUBICGS:  Solving for pd, Initial residual = 0.033386, Final residual = 0.00155018, No Iterations 26
GPU: 629 iters: 6.20609 s: 48.0823 GB/s
Total exec time 6.5007 Total comm time 1.57558
OGPUBICGS:  Solving for pd, Initial residual = 0.01293, Final residual = 3.00627e-08, No Iterations 629
time step continuity errors : sum local = 2.79634e-12, global = -3.3964e-24, cumulative = -3.3964e-24
ExecutionTime = 42.37 s  ClockTime = 59 s

Courant Number mean: 4.83099e-06 max: 0.00215177 velocity magnitude: 0.0336214
Time = 0.002

MULES: Solving for alpha1
Liquid phase volume fraction = 0.00275421  Min(alpha1) = 0  Max(alpha1) = 1
MULES: Solving for alpha1
Liquid phase volume fraction = 0.00275421  Min(alpha1) = 0  Max(alpha1) = 1
GPU: 498 iters: 4.93385 s: 47.8846 GB/s
Total exec time 11.4346 Total comm time 2.78747
OGPUBICGS:  Solving for pd, Initial residual = 0.00502788, Final residual = 0.000196468, No Iterations 498
GPU: 529 iters: 5.24253 s: 47.8705 GB/s
Total exec time 16.6771 Total comm time 4.09649
OGPUBICGS:  Solving for pd, Initial residual = 0.00389581, Final residual = 0.000167181, No Iterations 529
GPU: 712 iters: 7.07866 s: 47.718 GB/s
Total exec time 23.7557 Total comm time 5.85937
OGPUBICGS:  Solving for pd, Initial residual = 0.00342497, Final residual = 6.50652e-08, No Iterations 712
time step continuity errors : sum local = 4.11143e-08, global = -4.11123e-08, cumulative = -4.11123e-08
ExecutionTime = 71.57 s  ClockTime = 88 s

Courant Number mean: 1.35186e-05 max: 0.219604 velocity magnitude: 1.71566
Time = 0.003

MULES: Solving for alpha1
Liquid phase volume fraction = 0.00275424  Min(alpha1) = -1.33278e-30  Max(alpha1) = 1
MULES: Solving for alpha1
Liquid phase volume fraction = 0.00275426  Min(alpha1) = -1.89917e-30  Max(alpha1) = 1
GPU: 574 iters: 5.69123 s: 47.8475 GB/s
Total exec time 29.447 Total comm time 7.26168
OGPUBICGS:  Solving for pd, Initial residual = 0.00741582, Final residual = 5.78388e-05, No Iterations 574
GPU: 532 iters: 5.22159 s: 48.335 GB/s
Total exec time 34.6686 Total comm time 8.50987
OGPUBICGS:  Solving for pd, Initial residual = 0.0048757, Final residual = 0.000239082, No Iterations 532
GPU: 706 iters: 6.99383 s: 47.8898 GB/s
Total exec time 41.6624 Total comm time 10.25
OGPUBICGS:  Solving for pd, Initial residual = 0.00511361, Final residual = 7.90457e-08, No Iterations 706
time step continuity errors : sum local = 2.22679e-08, global = -2.22604e-08, cumulative = -6.33727e-08
ExecutionTime = 101.11 s  ClockTime = 118 s

Courant Number mean: 1.6324e-05 max: 0.131753 velocity magnitude: 1.02932
Time = 0.004

MULES: Solving for alpha1
Liquid phase volume fraction = 0.00275427  Min(alpha1) = -1.0214e-29  Max(alpha1) = 1
MULES: Solving for alpha1
Liquid phase volume fraction = 0.00275428  Min(alpha1) = -6.79876e-30  Max(alpha1) = 1
GPU: 486 iters: 4.80926 s: 47.9414 GB/s
Total exec time 46.4717 Total comm time 11.4336
OGPUBICGS:  Solving for pd, Initial residual = 0.00843023, Final residual = 2.44026e-05, No Iterations 486
GPU: 364 iters: 3.60473 s: 47.9051 GB/s
Total exec time 50.0764 Total comm time 12.3173
OGPUBICGS:  Solving for pd, Initial residual = 0.00671193, Final residual = 0.00031092, No Iterations 364
GPU: 695 iters: 6.85965 s: 48.0657 GB/s
Total exec time 56.936 Total comm time 14.0023
OGPUBICGS:  Solving for pd, Initial residual = 0.00666323, Final residual = 7.10692e-08, No Iterations 695
time step continuity errors : sum local = 1.05145e-08, global = -1.05124e-08, cumulative = -7.38851e-08
ExecutionTime = 128.47 s  ClockTime = 146 s

Courant Number mean: 2.02918e-05 max: 0.0757605 velocity magnitude: 0.591879
Time = 0.005

MULES: Solving for alpha1
Liquid phase volume fraction = 0.00275429  Min(alpha1) = -1.70779e-29  Max(alpha1) = 1
MULES: Solving for alpha1
Liquid phase volume fraction = 0.00275429  Min(alpha1) = -1.42728e-29  Max(alpha1) = 1
GPU: 553 iters: 5.45964 s: 48.0523 GB/s
Total exec time 62.3957 Total comm time 15.3504
OGPUBICGS:  Solving for pd, Initial residual = 0.00668018, Final residual = 0.000283394, No Iterations 553
GPU: 477 iters: 4.70371 s: 48.1095 GB/s
Total exec time 67.0994 Total comm time 16.4855
OGPUBICGS:  Solving for pd, Initial residual = 0.00587177, Final residual = 0.000287594, No Iterations 477
GPU: 594 iters: 5.86485 s: 48.0488 GB/s
Total exec time 72.9642 Total comm time 17.9347
OGPUBICGS:  Solving for pd, Initial residual = 0.00572654, Final residual = 4.32642e-08, No Iterations 594
time step continuity errors : sum local = 2.47769e-09, global = -2.47663e-09, cumulative = -7.63617e-08
ExecutionTime = 155.92 s  ClockTime = 174 s

Courant Number mean: 2.44051e-05 max: 0.0292431 velocity magnitude: 0.292239
Time = 0.006

MULES: Solving for alpha1
Liquid phase volume fraction = 0.00275429  Min(alpha1) = -3.14781e-29  Max(alpha1) = 1
MULES: Solving for alpha1
Liquid phase volume fraction = 0.00275429  Min(alpha1) = -3.57334e-29  Max(alpha1) = 1
GPU: 589 iters: 5.85438 s: 47.7295 GB/s
Total exec time 78.8186 Total comm time 19.3963
OGPUBICGS:  Solving for pd, Initial residual = 0.00747036, Final residual = 0.000244886, No Iterations 589
GPU: 528 iters: 5.21128 s: 48.0665 GB/s
Total exec time 84.0299 Total comm time 20.6619
OGPUBICGS:  Solving for pd, Initial residual = 0.00555617, Final residual = 0.000217613, No Iterations 528
GPU: 673 iters: 6.67503 s: 47.8316 GB/s
Total exec time 90.7049 Total comm time 22.321
OGPUBICGS:  Solving for pd, Initial residual = 0.00548493, Final residual = 8.78353e-08, No Iterations 673
time step continuity errors : sum local = 1.37543e-11, global = 9.2173e-12, cumulative = -7.63525e-08
ExecutionTime = 185.44 s  ClockTime = 204 s

Courant Number mean: 2.93299e-05 max: 0.0309652 velocity magnitude: 0.241916
Time = 0.007

MULES: Solving for alpha1
Liquid phase volume fraction = 0.00275429  Min(alpha1) = -6.42217e-29  Max(alpha1) = 1
MULES: Solving for alpha1
Liquid phase volume fraction = 0.00275429  Min(alpha1) = -5.60253e-29  Max(alpha1) = 1
GPU: 494 iters: 4.90018 s: 47.8264 GB/s
Total exec time 95.6051 Total comm time 23.5198
OGPUBICGS:  Solving for pd, Initial residual = 0.00716778, Final residual = 0.00032448, No Iterations 494
GPU: 72 iters: 0.716285 s: 47.6869 GB/s
Total exec time 96.3214 Total comm time 23.693
OGPUBICGS:  Solving for pd, Initial residual = 0.00465543, Final residual = 0.000232551, No Iterations 72
GPU: 604 iters: 5.95072 s: 48.1527 GB/s
Total exec time 102.272 Total comm time 25.1498
OGPUBICGS:  Solving for pd, Initial residual = 0.00417646, Final residual = 7.33327e-08, No Iterations 604
time step continuity errors : sum local = 1.47756e-10, global = 1.4096e-10, cumulative = -7.62116e-08
ExecutionTime = 208.92 s  ClockTime = 228 s

Courant Number mean: 3.44265e-05 max: 0.0124784 velocity magnitude: 0.130257
Time = 0.008

MULES: Solving for alpha1
Liquid phase volume fraction = 0.00275429  Min(alpha1) = -5.34833e-29  Max(alpha1) = 1
MULES: Solving for alpha1
Liquid phase volume fraction = 0.00275429  Min(alpha1) = -4.50198e-29  Max(alpha1) = 1
GPU: 455 iters: 4.49992 s: 47.9689 GB/s
Total exec time 106.772 Total comm time 26.256
OGPUBICGS:  Solving for pd, Initial residual = 0.00766522, Final residual = 0.00036731, No Iterations 455
GPU: 492 iters: 4.85905 s: 48.036 GB/s
Total exec time 111.631 Total comm time 27.4553
OGPUBICGS:  Solving for pd, Initial residual = 0.00461347, Final residual = 0.000213067, No Iterations 492
GPU: 638 iters: 6.33218 s: 47.7992 GB/s
Total exec time 117.963 Total comm time 29.0223
OGPUBICGS:  Solving for pd, Initial residual = 0.00432477, Final residual = 8.15896e-08, No Iterations 638
time step continuity errors : sum local = 1.58997e-10, global = 1.5623e-10, cumulative = -7.60553e-08
ExecutionTime = 236.42 s  ClockTime = 256 s

Courant Number mean: 3.9541e-05 max: 0.00902676 velocity magnitude: 0.140175
Time = 0.009

MULES: Solving for alpha1
Liquid phase volume fraction = 0.00275429  Min(alpha1) = -3.38507e-29  Max(alpha1) = 1
MULES: Solving for alpha1
Liquid phase volume fraction = 0.00275429  Min(alpha1) = -3.31595e-29  Max(alpha1) = 1
GPU: 488 iters: 4.81171 s: 48.1142 GB/s
Total exec time 122.775 Total comm time 30.1846
OGPUBICGS:  Solving for pd, Initial residual = 0.00749159, Final residual = 0.000197552, No Iterations 488
GPU: 76 iters: 0.760417 s: 47.4149 GB/s
Total exec time 123.535 Total comm time 30.3706
OGPUBICGS:  Solving for pd, Initial residual = 0.00463773, Final residual = 0.000231409, No Iterations 76
GPU: 732 iters: 7.2559 s: 47.86 GB/s
Total exec time 130.791 Total comm time 32.1713
OGPUBICGS:  Solving for pd, Initial residual = 0.00424752, Final residual = 4.37189e-08, No Iterations 732
time step continuity errors : sum local = 4.52803e-12, global = 2.67662e-12, cumulative = -7.60527e-08
ExecutionTime = 260.92 s  ClockTime = 281 s

Courant Number mean: 4.46677e-05 max: 0.00970755 velocity magnitude: 0.149185
Time = 0.01

MULES: Solving for alpha1
Liquid phase volume fraction = 0.00275429  Min(alpha1) = -2.39316e-29  Max(alpha1) = 1
MULES: Solving for alpha1
Liquid phase volume fraction = 0.00275429  Min(alpha1) = -2.93162e-29  Max(alpha1) = 1
GPU: 487 iters: 4.8308 s: 47.8259 GB/s
Total exec time 135.622 Total comm time 33.3708
OGPUBICGS:  Solving for pd, Initial residual = 0.00816038, Final residual = 0.00038468, No Iterations 487
GPU: 432 iters: 4.26235 s: 48.0826 GB/s
Total exec time 139.884 Total comm time 34.4157
OGPUBICGS:  Solving for pd, Initial residual = 0.00477383, Final residual = 0.000196739, No Iterations 432
GPU: 642 iters: 6.33931 s: 48.0447 GB/s
Total exec time 146.224 Total comm time 35.9697
OGPUBICGS:  Solving for pd, Initial residual = 0.0043394, Final residual = 2.23235e-08, No Iterations 642
time step continuity errors : sum local = 4.32822e-11, global = -4.21465e-11, cumulative = -7.60948e-08
ExecutionTime = 287.98 s  ClockTime = 308 s

End

Finalising parallel run
