 Data for JOB [46328,1] offset 0

 ========================   JOB MAP   ========================

 Data for node: ivb109	Num slots: 12	Max slots: 0	Num procs: 12
 	Process OMPI jobid: [46328,1] App: 0 Process rank: 0
 	Process OMPI jobid: [46328,1] App: 0 Process rank: 1
 	Process OMPI jobid: [46328,1] App: 0 Process rank: 2
 	Process OMPI jobid: [46328,1] App: 0 Process rank: 3
 	Process OMPI jobid: [46328,1] App: 0 Process rank: 4
 	Process OMPI jobid: [46328,1] App: 0 Process rank: 5
 	Process OMPI jobid: [46328,1] App: 0 Process rank: 6
 	Process OMPI jobid: [46328,1] App: 0 Process rank: 7
 	Process OMPI jobid: [46328,1] App: 0 Process rank: 8
 	Process OMPI jobid: [46328,1] App: 0 Process rank: 9
 	Process OMPI jobid: [46328,1] App: 0 Process rank: 10
 	Process OMPI jobid: [46328,1] App: 0 Process rank: 11

 Data for node: ivb110	Num slots: 12	Max slots: 0	Num procs: 12
 	Process OMPI jobid: [46328,1] App: 0 Process rank: 12
 	Process OMPI jobid: [46328,1] App: 0 Process rank: 13
 	Process OMPI jobid: [46328,1] App: 0 Process rank: 14
 	Process OMPI jobid: [46328,1] App: 0 Process rank: 15
 	Process OMPI jobid: [46328,1] App: 0 Process rank: 16
 	Process OMPI jobid: [46328,1] App: 0 Process rank: 17
 	Process OMPI jobid: [46328,1] App: 0 Process rank: 18
 	Process OMPI jobid: [46328,1] App: 0 Process rank: 19
 	Process OMPI jobid: [46328,1] App: 0 Process rank: 20
 	Process OMPI jobid: [46328,1] App: 0 Process rank: 21
 	Process OMPI jobid: [46328,1] App: 0 Process rank: 22
 	Process OMPI jobid: [46328,1] App: 0 Process rank: 23

 =============================================================
[ivb109:22808] MCW rank 1 bound to socket 0[core 1[hwt 0]]: [./B/./././././././.][./././././././././.]
[ivb109:22808] MCW rank 2 bound to socket 0[core 2[hwt 0]]: [././B/././././././.][./././././././././.]
[ivb109:22808] MCW rank 3 bound to socket 0[core 3[hwt 0]]: [./././B/./././././.][./././././././././.]
[ivb109:22808] MCW rank 4 bound to socket 0[core 4[hwt 0]]: [././././B/././././.][./././././././././.]
[ivb109:22808] MCW rank 5 bound to socket 0[core 5[hwt 0]]: [./././././B/./././.][./././././././././.]
[ivb109:22808] MCW rank 6 bound to socket 0[core 6[hwt 0]]: [././././././B/././.][./././././././././.]
[ivb109:22808] MCW rank 7 bound to socket 0[core 7[hwt 0]]: [./././././././B/./.][./././././././././.]
[ivb109:22808] MCW rank 8 bound to socket 0[core 8[hwt 0]]: [././././././././B/.][./././././././././.]
[ivb109:22808] MCW rank 9 bound to socket 0[core 9[hwt 0]]: [./././././././././B][./././././././././.]
[ivb109:22808] MCW rank 10 bound to socket 1[core 10[hwt 0]]: [./././././././././.][B/././././././././.]
[ivb109:22808] MCW rank 11 bound to socket 1[core 11[hwt 0]]: [./././././././././.][./B/./././././././.]
[ivb109:22808] MCW rank 0 bound to socket 0[core 0[hwt 0]]: [B/././././././././.][./././././././././.]
[ivb110:23253] MCW rank 17 bound to socket 0[core 5[hwt 0]]: [./././././B/./././.][./././././././././.]
[ivb110:23253] MCW rank 18 bound to socket 0[core 6[hwt 0]]: [././././././B/././.][./././././././././.]
[ivb110:23253] MCW rank 19 bound to socket 0[core 7[hwt 0]]: [./././././././B/./.][./././././././././.]
[ivb110:23253] MCW rank 20 bound to socket 0[core 8[hwt 0]]: [././././././././B/.][./././././././././.]
[ivb110:23253] MCW rank 21 bound to socket 0[core 9[hwt 0]]: [./././././././././B][./././././././././.]
[ivb110:23253] MCW rank 22 bound to socket 1[core 10[hwt 0]]: [./././././././././.][B/././././././././.]
[ivb110:23253] MCW rank 23 bound to socket 1[core 11[hwt 0]]: [./././././././././.][./B/./././././././.]
[ivb110:23253] MCW rank 12 bound to socket 0[core 0[hwt 0]]: [B/././././././././.][./././././././././.]
[ivb110:23253] MCW rank 13 bound to socket 0[core 1[hwt 0]]: [./B/./././././././.][./././././././././.]
[ivb110:23253] MCW rank 14 bound to socket 0[core 2[hwt 0]]: [././B/././././././.][./././././././././.]
[ivb110:23253] MCW rank 15 bound to socket 0[core 3[hwt 0]]: [./././B/./././././.][./././././././././.]
[ivb110:23253] MCW rank 16 bound to socket 0[core 4[hwt 0]]: [././././B/././././.][./././././././././.]
/*---------------------------------------------------------------------------*\
| =========                 |                                                 |
| \\      /  F ield         | foam-extend: Open Source CFD                    |
|  \\    /   O peration     | Version:     3.1                                |
|   \\  /    A nd           | Web:         http://www.extend-project.de       |
|    \\/     M anipulation  |                                                 |
\*---------------------------------------------------------------------------*/
Build    : 3.1-e2da948002a2
Exec     : interFoam -parallel
Date     : May 15 2016
Time     : 21:21:36
Host     : ivb109
PID      : 22882
CtrlDict : /home-2/vplatonov/foam/foam-extend-3.1/etc/controlDict
Case     : /home/vplatonov/tests/rt12mln
nProcs   : 24
Slaves : 
23
(
ivb109.22880
ivb109.22881
ivb109.22886
ivb109.22898
ivb109.22901
ivb109.22904
ivb109.22907
ivb109.22916
ivb109.22918
ivb109.22913
ivb109.22910
ivb110.23317
ivb110.23319
ivb110.23316
ivb110.23323
ivb110.23335
ivb110.23338
ivb110.23341
ivb110.23347
ivb110.23350
ivb110.23353
ivb110.23344
ivb110.23355
)

Pstream initialized with:
    floatTransfer     : 0
    nProcsSimpleSum   : 0
    commsType         : blocking
SigFpe   : Enabling floating point exception trapping (FOAM_SIGFPE).

// * * * * * * * * * * * * * * * * * * * * * * * * * * * * * * * * * * * * * //
Create time

Create mesh for time = 0


Reading g
Reading field pd

Reading field alpha1

Reading field U

Reading/calculating face flux field phi

Reading transportProperties

Selecting incompressible transport model Newtonian
Selecting incompressible transport model Newtonian
Calculating field g.h

Selecting turbulence model type laminar
time step continuity errors : sum local = 0, global = 0, cumulative = 0
Created persistent data with name pcorr
OGPUBICGS:  Solving for pcorr, Initial residual = 0, Final residual = 0, No Iterations 0
time step continuity errors : sum local = 0, global = 0, cumulative = 0
Courant Number mean: 0 max: 0 velocity magnitude: 0

Starting time loop

Courant Number mean: 0 max: 0 velocity magnitude: 0
Time = 0.001

MULES: Solving for alpha1
Liquid phase volume fraction = 0.00275421  Min(alpha1) = 0  Max(alpha1) = 1
MULES: Solving for alpha1
Liquid phase volume fraction = 0.00275421  Min(alpha1) = 0  Max(alpha1) = 1
Created persistent data with name pd
Computing AINV with droptol 0.02
GPU: 1 iters: 0.0692959 s: 3.53019 GB/s
Total exec time 0.0692959 Total comm time 0.00437024
OGPUBICGS:  Solving for pd, Initial residual = 1, Final residual = 0.0491214, No Iterations 1
Computing AINV with droptol 0.02
GPU: 26 iters: 0.922362 s: 6.89568 GB/s
Total exec time 0.991658 Total comm time 0.0519584
OGPUBICGS:  Solving for pd, Initial residual = 0.033386, Final residual = 0.00155091, No Iterations 26
GPU: 638 iters: 21.8581 s: 7.14026 GB/s
Total exec time 22.8497 Total comm time 1.18977
OGPUBICGS:  Solving for pd, Initial residual = 0.0129311, Final residual = 1.28132e-08, No Iterations 638
time step continuity errors : sum local = 1.39714e-12, global = -3.97733e-24, cumulative = -3.97733e-24
ExecutionTime = 50.08 s  ClockTime = 69 s

Courant Number mean: 4.83757e-06 max: 0.00215177 velocity magnitude: 0.0336214
Time = 0.002

MULES: Solving for alpha1
Liquid phase volume fraction = 0.00275421  Min(alpha1) = 0  Max(alpha1) = 1
MULES: Solving for alpha1
Liquid phase volume fraction = 0.00275421  Min(alpha1) = 0  Max(alpha1) = 1
GPU: 482 iters: 16.5161 s: 7.1391 GB/s
Total exec time 39.3659 Total comm time 2.03975
OGPUBICGS:  Solving for pd, Initial residual = 0.00502821, Final residual = 0.000224504, No Iterations 482
GPU: 539 iters: 18.4386 s: 7.15101 GB/s
Total exec time 57.8044 Total comm time 2.95519
OGPUBICGS:  Solving for pd, Initial residual = 0.00394242, Final residual = 0.000157966, No Iterations 539
GPU: 645 iters: 22.1089 s: 7.13671 GB/s
Total exec time 79.9133 Total comm time 4.11365
OGPUBICGS:  Solving for pd, Initial residual = 0.00345281, Final residual = 9.88603e-08, No Iterations 645
time step continuity errors : sum local = 4.11128e-08, global = -4.11123e-08, cumulative = -4.11123e-08
ExecutionTime = 115.34 s  ClockTime = 135 s

Courant Number mean: 1.35224e-05 max: 0.219626 velocity magnitude: 1.71583
Time = 0.003

MULES: Solving for alpha1
Liquid phase volume fraction = 0.00275424  Min(alpha1) = -4.56356e-31  Max(alpha1) = 1
MULES: Solving for alpha1
Liquid phase volume fraction = 0.00275426  Min(alpha1) = -1.86836e-30  Max(alpha1) = 1
GPU: 626 iters: 21.4554 s: 7.13746 GB/s
Total exec time 101.369 Total comm time 5.22732
OGPUBICGS:  Solving for pd, Initial residual = 0.00741596, Final residual = 0.000362049, No Iterations 626
GPU: 511 iters: 17.3227 s: 7.21623 GB/s
Total exec time 118.691 Total comm time 5.92387
OGPUBICGS:  Solving for pd, Initial residual = 0.00520135, Final residual = 0.000162411, No Iterations 511
Computing AINV with droptol 0.02
GPU: 626 iters: 21.4219 s: 7.1486 GB/s
Total exec time 140.113 Total comm time 6.9947
OGPUBICGS:  Solving for pd, Initial residual = 0.00500617, Final residual = 7.87449e-08, No Iterations 626
time step continuity errors : sum local = 2.22649e-08, global = -2.22606e-08, cumulative = -6.33729e-08
ExecutionTime = 183.76 s  ClockTime = 203 s

Courant Number mean: 1.63407e-05 max: 0.131992 velocity magnitude: 1.03119
Time = 0.004

MULES: Solving for alpha1
Liquid phase volume fraction = 0.00275427  Min(alpha1) = -6.67722e-30  Max(alpha1) = 1
MULES: Solving for alpha1
Liquid phase volume fraction = 0.00275428  Min(alpha1) = -8.88139e-30  Max(alpha1) = 1
GPU: 511 iters: 17.4745 s: 7.15355 GB/s
Total exec time 157.588 Total comm time 7.86753
OGPUBICGS:  Solving for pd, Initial residual = 0.00844032, Final residual = 0.000387636, No Iterations 511
GPU: 469 iters: 16.0691 s: 7.1398 GB/s
Total exec time 173.657 Total comm time 8.69145
OGPUBICGS:  Solving for pd, Initial residual = 0.00707495, Final residual = 0.000294203, No Iterations 469
GPU: 628 iters: 21.5303 s: 7.13533 GB/s
Total exec time 195.187 Total comm time 9.81239
OGPUBICGS:  Solving for pd, Initial residual = 0.0065165, Final residual = 9.53432e-08, No Iterations 628
time step continuity errors : sum local = 1.05126e-08, global = -1.05125e-08, cumulative = -7.38854e-08
ExecutionTime = 246.97 s  ClockTime = 267 s

Courant Number mean: 2.03184e-05 max: 0.0746721 velocity magnitude: 0.583375
Time = 0.005

MULES: Solving for alpha1
Liquid phase volume fraction = 0.00275429  Min(alpha1) = -2.69763e-29  Max(alpha1) = 1
MULES: Solving for alpha1
Liquid phase volume fraction = 0.00275429  Min(alpha1) = -1.48002e-29  Max(alpha1) = 1
GPU: 506 iters: 17.295 s: 7.15705 GB/s
Total exec time 212.482 Total comm time 10.6568
OGPUBICGS:  Solving for pd, Initial residual = 0.00672967, Final residual = 0.000283661, No Iterations 506
GPU: 570 iters: 19.4908 s: 7.15403 GB/s
Total exec time 231.973 Total comm time 11.6338
OGPUBICGS:  Solving for pd, Initial residual = 0.00582361, Final residual = 0.000154348, No Iterations 570
Computing AINV with droptol 0.02
GPU: 737 iters: 25.2237 s: 7.14767 GB/s
Total exec time 257.197 Total comm time 12.8779
OGPUBICGS:  Solving for pd, Initial residual = 0.00556323, Final residual = 5.43485e-08, No Iterations 737
time step continuity errors : sum local = 2.47697e-09, global = -2.47681e-09, cumulative = -7.63623e-08
ExecutionTime = 317.27 s  ClockTime = 337 s

Courant Number mean: 2.44413e-05 max: 0.0290611 velocity magnitude: 0.29771
Time = 0.006

MULES: Solving for alpha1
Liquid phase volume fraction = 0.00275429  Min(alpha1) = -2.7275e-29  Max(alpha1) = 1
MULES: Solving for alpha1
Liquid phase volume fraction = 0.00275429  Min(alpha1) = -2.63491e-29  Max(alpha1) = 1
GPU: 590 iters: 20.2222 s: 7.13724 GB/s
Total exec time 277.419 Total comm time 13.9371
OGPUBICGS:  Solving for pd, Initial residual = 0.00746647, Final residual = 0.000347565, No Iterations 590
GPU: 503 iters: 17.2536 s: 7.13173 GB/s
Total exec time 294.672 Total comm time 14.8361
OGPUBICGS:  Solving for pd, Initial residual = 0.00559487, Final residual = 0.000276005, No Iterations 503
GPU: 632 iters: 21.6623 s: 7.13704 GB/s
Total exec time 316.335 Total comm time 15.9393
OGPUBICGS:  Solving for pd, Initial residual = 0.00557071, Final residual = 9.79786e-08, No Iterations 632
time step continuity errors : sum local = 1.81352e-11, global = 8.98189e-12, cumulative = -7.63533e-08
ExecutionTime = 384.72 s  ClockTime = 404 s

Courant Number mean: 2.93735e-05 max: 0.0315031 velocity magnitude: 0.246118
Time = 0.007

MULES: Solving for alpha1
Liquid phase volume fraction = 0.00275429  Min(alpha1) = -5.83035e-29  Max(alpha1) = 1
MULES: Solving for alpha1
Liquid phase volume fraction = 0.00275429  Min(alpha1) = -6.32635e-29  Max(alpha1) = 1
GPU: 505 iters: 17.3494 s: 7.12054 GB/s
Total exec time 333.684 Total comm time 16.8578
OGPUBICGS:  Solving for pd, Initial residual = 0.00721609, Final residual = 0.000309329, No Iterations 505
GPU: 58 iters: 2.02333 s: 7.01242 GB/s
Total exec time 335.708 Total comm time 16.9728
OGPUBICGS:  Solving for pd, Initial residual = 0.00460285, Final residual = 0.000229508, No Iterations 58
GPU: 618 iters: 21.073 s: 7.17411 GB/s
Total exec time 356.781 Total comm time 17.9418
OGPUBICGS:  Solving for pd, Initial residual = 0.0041617, Final residual = 7.46091e-08, No Iterations 618
time step continuity errors : sum local = 1.46489e-10, global = 1.40947e-10, cumulative = -7.62123e-08
ExecutionTime = 433.37 s  ClockTime = 453 s

Courant Number mean: 3.44746e-05 max: 0.0106757 velocity magnitude: 0.13026
Time = 0.008

MULES: Solving for alpha1
Liquid phase volume fraction = 0.00275429  Min(alpha1) = -2.56905e-29  Max(alpha1) = 1
MULES: Solving for alpha1
Liquid phase volume fraction = 0.00275429  Min(alpha1) = -3.01282e-29  Max(alpha1) = 1
Computing AINV with droptol 0.02
GPU: 515 iters: 17.6496 s: 7.13802 GB/s
Total exec time 374.43 Total comm time 18.8458
OGPUBICGS:  Solving for pd, Initial residual = 0.00764701, Final residual = 0.000329807, No Iterations 515
GPU: 482 iters: 16.52 s: 7.13745 GB/s
Total exec time 390.95 Total comm time 19.6831
OGPUBICGS:  Solving for pd, Initial residual = 0.00453786, Final residual = 1.21603e-05, No Iterations 482
GPU: 636 iters: 21.7897 s: 7.14021 GB/s
Total exec time 412.74 Total comm time 20.8032
OGPUBICGS:  Solving for pd, Initial residual = 0.00408658, Final residual = 1.25635e-08, No Iterations 636
time step continuity errors : sum local = 1.56546e-10, global = 1.5629e-10, cumulative = -7.6056e-08
ExecutionTime = 497.51 s  ClockTime = 517 s

Courant Number mean: 3.95966e-05 max: 0.00902676 velocity magnitude: 0.140177
Time = 0.009

MULES: Solving for alpha1
Liquid phase volume fraction = 0.00275429  Min(alpha1) = -3.97328e-29  Max(alpha1) = 1
MULES: Solving for alpha1
Liquid phase volume fraction = 0.00275429  Min(alpha1) = -3.08116e-29  Max(alpha1) = 1
GPU: 517 iters: 17.696 s: 7.14693 GB/s
Total exec time 430.436 Total comm time 21.6845
OGPUBICGS:  Solving for pd, Initial residual = 0.00741479, Final residual = 5.43682e-05, No Iterations 517
GPU: 51 iters: 1.77859 s: 7.01455 GB/s
Total exec time 432.214 Total comm time 21.774
OGPUBICGS:  Solving for pd, Initial residual = 0.00437899, Final residual = 0.000216058, No Iterations 51
GPU: 598 iters: 20.4384 s: 7.15747 GB/s
Total exec time 452.653 Total comm time 22.7764
OGPUBICGS:  Solving for pd, Initial residual = 0.00421428, Final residual = 9.29403e-08, No Iterations 598
time step continuity errors : sum local = 7.4047e-12, global = 2.67391e-12, cumulative = -7.60534e-08
ExecutionTime = 545.7 s  ClockTime = 566 s

Courant Number mean: 4.473e-05 max: 0.00970751 velocity magnitude: 0.149188
Time = 0.01

MULES: Solving for alpha1
Liquid phase volume fraction = 0.00275429  Min(alpha1) = -3.06557e-29  Max(alpha1) = 1
MULES: Solving for alpha1
Liquid phase volume fraction = 0.00275429  Min(alpha1) = -2.676e-29  Max(alpha1) = 1
GPU: 526 iters: 17.9872 s: 7.15366 GB/s
Total exec time 470.64 Total comm time 23.6635
OGPUBICGS:  Solving for pd, Initial residual = 0.00803636, Final residual = 0.000399808, No Iterations 526
Computing AINV with droptol 0.02
GPU: 522 iters: 17.8688 s: 7.1463 GB/s
Total exec time 488.509 Total comm time 24.5819
OGPUBICGS:  Solving for pd, Initial residual = 0.00471914, Final residual = 8.19095e-05, No Iterations 522
GPU: 613 iters: 20.9875 s: 7.14503 GB/s
Total exec time 509.496 Total comm time 25.6573
OGPUBICGS:  Solving for pd, Initial residual = 0.0041399, Final residual = 8.41102e-08, No Iterations 613
time step continuity errors : sum local = 4.82586e-11, global = -4.21534e-11, cumulative = -7.60955e-08
ExecutionTime = 610.79 s  ClockTime = 631 s

End

/home-2/vplatonov/bin/nvmps: line 33: 23344 Segmentation fault      "$@"
-------------------------------------------------------
Primary job  terminated normally, but 1 process returned
a non-zero exit code.. Per user-direction, the job has been aborted.
-------------------------------------------------------
Finalising parallel run
/home-2/vplatonov/bin/nvmps: line 33: 23355 Segmentation fault      "$@"
slurmstepd: *** JOB 5938 ON ivb109 CANCELLED AT 2016-05-15T22:21:40 DUE TO TIME LIMIT ***
--------------------------------------------------------------------------
mpirun detected that one or more processes exited with non-zero status, thus causing
the job to be terminated. The first process to do so was:

  Process name: [[46328,1],22]
  Exit code:    139
--------------------------------------------------------------------------
