 Data for JOB [47644,1] offset 0

 ========================   JOB MAP   ========================

 Data for node: ivb109	Num slots: 3	Max slots: 0	Num procs: 3
 	Process OMPI jobid: [47644,1] App: 0 Process rank: 0
 	Process OMPI jobid: [47644,1] App: 0 Process rank: 1
 	Process OMPI jobid: [47644,1] App: 0 Process rank: 2

 Data for node: ivb110	Num slots: 3	Max slots: 0	Num procs: 3
 	Process OMPI jobid: [47644,1] App: 0 Process rank: 3
 	Process OMPI jobid: [47644,1] App: 0 Process rank: 4
 	Process OMPI jobid: [47644,1] App: 0 Process rank: 5

 Data for node: ivb111	Num slots: 3	Max slots: 0	Num procs: 3
 	Process OMPI jobid: [47644,1] App: 0 Process rank: 6
 	Process OMPI jobid: [47644,1] App: 0 Process rank: 7
 	Process OMPI jobid: [47644,1] App: 0 Process rank: 8

 Data for node: ivb112	Num slots: 3	Max slots: 0	Num procs: 3
 	Process OMPI jobid: [47644,1] App: 0 Process rank: 9
 	Process OMPI jobid: [47644,1] App: 0 Process rank: 10
 	Process OMPI jobid: [47644,1] App: 0 Process rank: 11

 =============================================================
[ivb109:22524] MCW rank 0 bound to socket 0[core 0[hwt 0]]: [B/././././././././.][./././././././././.]
[ivb109:22524] MCW rank 1 bound to socket 0[core 1[hwt 0]]: [./B/./././././././.][./././././././././.]
[ivb109:22524] MCW rank 2 bound to socket 0[core 2[hwt 0]]: [././B/././././././.][./././././././././.]
[ivb111:39471] MCW rank 6 bound to socket 0[core 0[hwt 0]]: [B/././././././././.][./././././././././.]
[ivb111:39471] MCW rank 7 bound to socket 0[core 1[hwt 0]]: [./B/./././././././.][./././././././././.]
[ivb111:39471] MCW rank 8 bound to socket 0[core 2[hwt 0]]: [././B/././././././.][./././././././././.]
[ivb110:22973] MCW rank 3 bound to socket 0[core 0[hwt 0]]: [B/././././././././.][./././././././././.]
[ivb110:22973] MCW rank 4 bound to socket 0[core 1[hwt 0]]: [./B/./././././././.][./././././././././.]
[ivb110:22973] MCW rank 5 bound to socket 0[core 2[hwt 0]]: [././B/././././././.][./././././././././.]
[ivb112:38723] MCW rank 9 bound to socket 0[core 0[hwt 0]]: [B/././././././././.][./././././././././.]
[ivb112:38723] MCW rank 10 bound to socket 0[core 1[hwt 0]]: [./B/./././././././.][./././././././././.]
[ivb112:38723] MCW rank 11 bound to socket 0[core 2[hwt 0]]: [././B/././././././.][./././././././././.]
0
1
2
1
1
2
1
0
2
2
0
0
/*---------------------------------------------------------------------------*\
| =========                 |                                                 |
| \\      /  F ield         | foam-extend: Open Source CFD                    |
|  \\    /   O peration     | Version:     3.1                                |
|   \\  /    A nd           | Web:         http://www.extend-project.de       |
|    \\/     M anipulation  |                                                 |
\*---------------------------------------------------------------------------*/
Build    : 3.1-e2da948002a2
Exec     : interFoam -parallel
Date     : May 15 2016
Time     : 21:12:13
Host     : ivb109
PID      : 22562
CtrlDict : /home-2/vplatonov/foam/foam-extend-3.1/etc/controlDict
Case     : /home/vplatonov/tests/rt12mln
nProcs   : 12
Slaves : 
11
(
ivb109.22563
ivb109.22568
ivb110.23002
ivb110.23007
ivb110.23000
ivb111.39502
ivb111.39501
ivb111.39505
ivb112.38760
ivb112.38755
ivb112.38754
)

Pstream initialized with:
    floatTransfer     : 0
    nProcsSimpleSum   : 0
    commsType         : blocking
SigFpe   : Enabling floating point exception trapping (FOAM_SIGFPE).

// * * * * * * * * * * * * * * * * * * * * * * * * * * * * * * * * * * * * * //
Create time

Create mesh for time = 0


Reading g
Reading field pd

Reading field alpha1

Reading field U

Reading/calculating face flux field phi

Reading transportProperties

Selecting incompressible transport model Newtonian
Selecting incompressible transport model Newtonian
Calculating field g.h

Selecting turbulence model type laminar
time step continuity errors : sum local = 0, global = 0, cumulative = 0
Created persistent data with name pcorr
OGPUBICGS:  Solving for pcorr, Initial residual = 0, Final residual = 0, No Iterations 0
time step continuity errors : sum local = 0, global = 0, cumulative = 0
Courant Number mean: 0 max: 0 velocity magnitude: 0

Starting time loop

Courant Number mean: 0 max: 0 velocity magnitude: 0
Time = 0.001

MULES: Solving for alpha1
Liquid phase volume fraction = 0.00275421  Min(alpha1) = 0  Max(alpha1) = 1
MULES: Solving for alpha1
Liquid phase volume fraction = 0.00275421  Min(alpha1) = 0  Max(alpha1) = 1
Created persistent data with name pd
Computing AINV with droptol 0.02
GPU: 1 iters: 0.0198747 s: 23.846 GB/s
Total exec time 0.0198747 Total comm time 0.00428506
OGPUBICGS:  Solving for pd, Initial residual = 1, Final residual = 0.0491214, No Iterations 1
Computing AINV with droptol 0.02
GPU: 26 iters: 0.228618 s: 53.8988 GB/s
Total exec time 0.248493 Total comm time 0.0711299
OGPUBICGS:  Solving for pd, Initial residual = 0.033386, Final residual = 0.00155018, No Iterations 26
GPU: 628 iters: 5.22763 s: 56.9339 GB/s
Total exec time 5.47612 Total comm time 1.60201
OGPUBICGS:  Solving for pd, Initial residual = 0.01293, Final residual = 5.69375e-08, No Iterations 628
time step continuity errors : sum local = 6.36229e-12, global = -4.74236e-24, cumulative = -4.74236e-24
ExecutionTime = 41.95 s  ClockTime = 54 s

Courant Number mean: 4.83111e-06 max: 0.00215177 velocity magnitude: 0.0336214
Time = 0.002

MULES: Solving for alpha1
Liquid phase volume fraction = 0.00275421  Min(alpha1) = 0  Max(alpha1) = 1
MULES: Solving for alpha1
Liquid phase volume fraction = 0.00275421  Min(alpha1) = 0  Max(alpha1) = 1
GPU: 471 iters: 3.91931 s: 56.9544 GB/s
Total exec time 9.39543 Total comm time 2.75231
OGPUBICGS:  Solving for pd, Initial residual = 0.00502796, Final residual = 3.98463e-05, No Iterations 471
GPU: 507 iters: 4.21194 s: 57.0482 GB/s
Total exec time 13.6074 Total comm time 3.97873
OGPUBICGS:  Solving for pd, Initial residual = 0.0037245, Final residual = 5.17621e-05, No Iterations 507
GPU: 639 iters: 5.32195 s: 56.9044 GB/s
Total exec time 18.9293 Total comm time 5.52711
OGPUBICGS:  Solving for pd, Initial residual = 0.00334882, Final residual = 9.90452e-08, No Iterations 639
time step continuity errors : sum local = 4.1113e-08, global = -4.11124e-08, cumulative = -4.11124e-08
ExecutionTime = 65.71 s  ClockTime = 78 s

Courant Number mean: 1.35185e-05 max: 0.21902 velocity magnitude: 1.71109
Time = 0.003

MULES: Solving for alpha1
Liquid phase volume fraction = 0.00275424  Min(alpha1) = -4.87122e-31  Max(alpha1) = 1
MULES: Solving for alpha1
Liquid phase volume fraction = 0.00275426  Min(alpha1) = -5.58881e-30  Max(alpha1) = 1
GPU: 499 iters: 4.16611 s: 56.7656 GB/s
Total exec time 23.0954 Total comm time 6.75361
OGPUBICGS:  Solving for pd, Initial residual = 0.00744859, Final residual = 0.000348884, No Iterations 499
GPU: 528 iters: 4.41093 s: 56.7308 GB/s
Total exec time 27.5064 Total comm time 8.04887
OGPUBICGS:  Solving for pd, Initial residual = 0.00517028, Final residual = 0.000258434, No Iterations 528
GPU: 692 iters: 5.75945 s: 56.943 GB/s
Total exec time 33.2658 Total comm time 9.73083
OGPUBICGS:  Solving for pd, Initial residual = 0.00512437, Final residual = 7.42347e-08, No Iterations 692
time step continuity errors : sum local = 2.22605e-08, global = -2.22605e-08, cumulative = -6.33729e-08
ExecutionTime = 90.26 s  ClockTime = 103 s

Courant Number mean: 1.63238e-05 max: 0.130934 velocity magnitude: 1.02292
Time = 0.004

MULES: Solving for alpha1
Liquid phase volume fraction = 0.00275427  Min(alpha1) = -1.00083e-29  Max(alpha1) = 1
MULES: Solving for alpha1
Liquid phase volume fraction = 0.00275428  Min(alpha1) = -8.2638e-30  Max(alpha1) = 1
GPU: 499 iters: 4.16315 s: 56.806 GB/s
Total exec time 37.429 Total comm time 10.9555
OGPUBICGS:  Solving for pd, Initial residual = 0.00842575, Final residual = 0.000419296, No Iterations 499
GPU: 488 iters: 4.05446 s: 57.0431 GB/s
Total exec time 41.4834 Total comm time 12.1295
OGPUBICGS:  Solving for pd, Initial residual = 0.00719964, Final residual = 0.000116283, No Iterations 488
GPU: 655 iters: 5.44799 s: 56.9798 GB/s
Total exec time 46.9314 Total comm time 13.7145
OGPUBICGS:  Solving for pd, Initial residual = 0.00640806, Final residual = 4.92334e-08, No Iterations 655
time step continuity errors : sum local = 1.0517e-08, global = -1.05124e-08, cumulative = -7.38853e-08
ExecutionTime = 113.77 s  ClockTime = 127 s

Courant Number mean: 2.02941e-05 max: 0.0745444 velocity magnitude: 0.582378
Time = 0.005

MULES: Solving for alpha1
Liquid phase volume fraction = 0.00275429  Min(alpha1) = -1.01846e-29  Max(alpha1) = 1
MULES: Solving for alpha1
Liquid phase volume fraction = 0.00275429  Min(alpha1) = -1.49206e-29  Max(alpha1) = 1
GPU: 568 iters: 4.69491 s: 57.3372 GB/s
Total exec time 51.6263 Total comm time 15.0657
OGPUBICGS:  Solving for pd, Initial residual = 0.00672192, Final residual = 0.000307164, No Iterations 568
GPU: 488 iters: 4.03121 s: 57.372 GB/s
Total exec time 55.6575 Total comm time 16.2115
OGPUBICGS:  Solving for pd, Initial residual = 0.0058488, Final residual = 0.000166531, No Iterations 488
GPU: 661 iters: 5.48529 s: 57.1107 GB/s
Total exec time 61.1428 Total comm time 17.7976
OGPUBICGS:  Solving for pd, Initial residual = 0.00556104, Final residual = 8.00819e-08, No Iterations 661
time step continuity errors : sum local = 2.47977e-09, global = -2.47678e-09, cumulative = -7.63621e-08
ExecutionTime = 138.11 s  ClockTime = 152 s

Courant Number mean: 2.44093e-05 max: 0.0292657 velocity magnitude: 0.318558
Time = 0.006

MULES: Solving for alpha1
Liquid phase volume fraction = 0.00275429  Min(alpha1) = -2.41619e-29  Max(alpha1) = 1
MULES: Solving for alpha1
Liquid phase volume fraction = 0.00275429  Min(alpha1) = -3.47623e-29  Max(alpha1) = 1
GPU: 519 iters: 4.33549 s: 56.7342 GB/s
Total exec time 65.4783 Total comm time 19.0678
OGPUBICGS:  Solving for pd, Initial residual = 0.00736417, Final residual = 0.000359492, No Iterations 519
GPU: 481 iters: 4.01245 s: 56.8135 GB/s
Total exec time 69.4908 Total comm time 20.2398
OGPUBICGS:  Solving for pd, Initial residual = 0.00577615, Final residual = 7.63025e-06, No Iterations 481
GPU: 649 iters: 5.38548 s: 57.1131 GB/s
Total exec time 74.8763 Total comm time 21.7951
OGPUBICGS:  Solving for pd, Initial residual = 0.00540636, Final residual = 7.92447e-08, No Iterations 649
time step continuity errors : sum local = 1.32411e-11, global = 8.95992e-12, cumulative = -7.63531e-08
ExecutionTime = 161.95 s  ClockTime = 176 s

Courant Number mean: 2.93408e-05 max: 0.0317636 velocity magnitude: 0.248153
Time = 0.007

MULES: Solving for alpha1
Liquid phase volume fraction = 0.00275429  Min(alpha1) = -6.0015e-29  Max(alpha1) = 1
MULES: Solving for alpha1
Liquid phase volume fraction = 0.00275429  Min(alpha1) = -7.604e-29  Max(alpha1) = 1
GPU: 493 iters: 4.09808 s: 57.0141 GB/s
Total exec time 78.9743 Total comm time 22.9853
OGPUBICGS:  Solving for pd, Initial residual = 0.00702616, Final residual = 8.09891e-05, No Iterations 493
GPU: 54 iters: 0.451521 s: 56.6803 GB/s
Total exec time 79.4259 Total comm time 23.1118
OGPUBICGS:  Solving for pd, Initial residual = 0.00431597, Final residual = 0.000210142, No Iterations 54
GPU: 607 iters: 5.05125 s: 56.9515 GB/s
Total exec time 84.4771 Total comm time 24.5828
OGPUBICGS:  Solving for pd, Initial residual = 0.00415412, Final residual = 1.569e-08, No Iterations 607
time step continuity errors : sum local = 1.41455e-10, global = 1.40962e-10, cumulative = -7.62121e-08
ExecutionTime = 182.53 s  ClockTime = 197 s

Courant Number mean: 3.44355e-05 max: 0.00833702 velocity magnitude: 0.130266
Time = 0.008

MULES: Solving for alpha1
Liquid phase volume fraction = 0.00275429  Min(alpha1) = -4.86661e-29  Max(alpha1) = 1
MULES: Solving for alpha1
Liquid phase volume fraction = 0.00275429  Min(alpha1) = -4.49806e-29  Max(alpha1) = 1
GPU: 505 iters: 4.18974 s: 57.1242 GB/s
Total exec time 88.6668 Total comm time 25.7902
OGPUBICGS:  Solving for pd, Initial residual = 0.00757432, Final residual = 0.000358112, No Iterations 505
GPU: 382 iters: 3.14949 s: 57.483 GB/s
Total exec time 91.8163 Total comm time 26.6916
OGPUBICGS:  Solving for pd, Initial residual = 0.00461056, Final residual = 0.00020061, No Iterations 382
GPU: 629 iters: 5.23694 s: 56.9231 GB/s
Total exec time 97.0533 Total comm time 28.2234
OGPUBICGS:  Solving for pd, Initial residual = 0.00430942, Final residual = 8.92872e-08, No Iterations 629
time step continuity errors : sum local = 1.5983e-10, global = 1.56319e-10, cumulative = -7.60558e-08
ExecutionTime = 205.19 s  ClockTime = 220 s

Courant Number mean: 3.95501e-05 max: 0.00902673 velocity magnitude: 0.140184
Time = 0.009

MULES: Solving for alpha1
Liquid phase volume fraction = 0.00275429  Min(alpha1) = -4.81947e-29  Max(alpha1) = 1
MULES: Solving for alpha1
Liquid phase volume fraction = 0.00275429  Min(alpha1) = -3.08365e-29  Max(alpha1) = 1
GPU: 509 iters: 4.2321 s: 57.0004 GB/s
Total exec time 101.285 Total comm time 29.447
OGPUBICGS:  Solving for pd, Initial residual = 0.0074139, Final residual = 0.000200482, No Iterations 509
GPU: 70 iters: 0.590182 s: 56.2119 GB/s
Total exec time 101.876 Total comm time 29.6201
OGPUBICGS:  Solving for pd, Initial residual = 0.00453881, Final residual = 0.000220708, No Iterations 70
GPU: 615 iters: 5.11926 s: 56.9356 GB/s
Total exec time 106.995 Total comm time 31.1007
OGPUBICGS:  Solving for pd, Initial residual = 0.0041141, Final residual = 1.74082e-08, No Iterations 615
time step continuity errors : sum local = 3.24092e-12, global = 2.66666e-12, cumulative = -7.60531e-08
ExecutionTime = 225.69 s  ClockTime = 241 s

Courant Number mean: 4.4676e-05 max: 0.00970753 velocity magnitude: 0.149194
Time = 0.01

MULES: Solving for alpha1
Liquid phase volume fraction = 0.00275429  Min(alpha1) = -2.89534e-29  Max(alpha1) = 1
MULES: Solving for alpha1
Liquid phase volume fraction = 0.00275429  Min(alpha1) = -4.16086e-29  Max(alpha1) = 1
GPU: 496 iters: 4.13804 s: 56.8071 GB/s
Total exec time 111.133 Total comm time 32.3138
OGPUBICGS:  Solving for pd, Initial residual = 0.00810573, Final residual = 0.000403419, No Iterations 496
GPU: 462 iters: 3.839 s: 57.0348 GB/s
Total exec time 114.972 Total comm time 33.4246
OGPUBICGS:  Solving for pd, Initial residual = 0.00470163, Final residual = 0.000229939, No Iterations 462
GPU: 615 iters: 5.11632 s: 56.9683 GB/s
Total exec time 120.088 Total comm time 34.9171
OGPUBICGS:  Solving for pd, Initial residual = 0.00429471, Final residual = 7.55682e-08, No Iterations 615
time step continuity errors : sum local = 4.64603e-11, global = -4.21603e-11, cumulative = -7.60953e-08
ExecutionTime = 248.89 s  ClockTime = 264 s

End

Finalising parallel run
