 Data for JOB [41370,1] offset 0

 ========================   JOB MAP   ========================

 Data for node: ivb109	Num slots: 12	Max slots: 0	Num procs: 12
 	Process OMPI jobid: [41370,1] App: 0 Process rank: 0
 	Process OMPI jobid: [41370,1] App: 0 Process rank: 1
 	Process OMPI jobid: [41370,1] App: 0 Process rank: 2
 	Process OMPI jobid: [41370,1] App: 0 Process rank: 3
 	Process OMPI jobid: [41370,1] App: 0 Process rank: 4
 	Process OMPI jobid: [41370,1] App: 0 Process rank: 5
 	Process OMPI jobid: [41370,1] App: 0 Process rank: 6
 	Process OMPI jobid: [41370,1] App: 0 Process rank: 7
 	Process OMPI jobid: [41370,1] App: 0 Process rank: 8
 	Process OMPI jobid: [41370,1] App: 0 Process rank: 9
 	Process OMPI jobid: [41370,1] App: 0 Process rank: 10
 	Process OMPI jobid: [41370,1] App: 0 Process rank: 11

 Data for node: ivb110	Num slots: 12	Max slots: 0	Num procs: 12
 	Process OMPI jobid: [41370,1] App: 0 Process rank: 12
 	Process OMPI jobid: [41370,1] App: 0 Process rank: 13
 	Process OMPI jobid: [41370,1] App: 0 Process rank: 14
 	Process OMPI jobid: [41370,1] App: 0 Process rank: 15
 	Process OMPI jobid: [41370,1] App: 0 Process rank: 16
 	Process OMPI jobid: [41370,1] App: 0 Process rank: 17
 	Process OMPI jobid: [41370,1] App: 0 Process rank: 18
 	Process OMPI jobid: [41370,1] App: 0 Process rank: 19
 	Process OMPI jobid: [41370,1] App: 0 Process rank: 20
 	Process OMPI jobid: [41370,1] App: 0 Process rank: 21
 	Process OMPI jobid: [41370,1] App: 0 Process rank: 22
 	Process OMPI jobid: [41370,1] App: 0 Process rank: 23

 =============================================================
[ivb109:19578] MCW rank 9 bound to socket 0[core 9[hwt 0]]: [./././././././././B][./././././././././.]
[ivb109:19578] MCW rank 10 bound to socket 1[core 10[hwt 0]]: [./././././././././.][B/././././././././.]
[ivb109:19578] MCW rank 11 bound to socket 1[core 11[hwt 0]]: [./././././././././.][./B/./././././././.]
[ivb109:19578] MCW rank 0 bound to socket 0[core 0[hwt 0]]: [B/././././././././.][./././././././././.]
[ivb109:19578] MCW rank 1 bound to socket 0[core 1[hwt 0]]: [./B/./././././././.][./././././././././.]
[ivb109:19578] MCW rank 2 bound to socket 0[core 2[hwt 0]]: [././B/././././././.][./././././././././.]
[ivb109:19578] MCW rank 3 bound to socket 0[core 3[hwt 0]]: [./././B/./././././.][./././././././././.]
[ivb109:19578] MCW rank 4 bound to socket 0[core 4[hwt 0]]: [././././B/././././.][./././././././././.]
[ivb109:19578] MCW rank 5 bound to socket 0[core 5[hwt 0]]: [./././././B/./././.][./././././././././.]
[ivb109:19578] MCW rank 6 bound to socket 0[core 6[hwt 0]]: [././././././B/././.][./././././././././.]
[ivb109:19578] MCW rank 7 bound to socket 0[core 7[hwt 0]]: [./././././././B/./.][./././././././././.]
[ivb109:19578] MCW rank 8 bound to socket 0[core 8[hwt 0]]: [././././././././B/.][./././././././././.]
[ivb110:36854] MCW rank 17 bound to socket 0[core 5[hwt 0]]: [./././././B/./././.][./././././././././.]
[ivb110:36854] MCW rank 18 bound to socket 0[core 6[hwt 0]]: [././././././B/././.][./././././././././.]
[ivb110:36854] MCW rank 19 bound to socket 0[core 7[hwt 0]]: [./././././././B/./.][./././././././././.]
[ivb110:36854] MCW rank 20 bound to socket 0[core 8[hwt 0]]: [././././././././B/.][./././././././././.]
[ivb110:36854] MCW rank 21 bound to socket 0[core 9[hwt 0]]: [./././././././././B][./././././././././.]
[ivb110:36854] MCW rank 22 bound to socket 1[core 10[hwt 0]]: [./././././././././.][B/././././././././.]
[ivb110:36854] MCW rank 23 bound to socket 1[core 11[hwt 0]]: [./././././././././.][./B/./././././././.]
[ivb110:36854] MCW rank 12 bound to socket 0[core 0[hwt 0]]: [B/././././././././.][./././././././././.]
[ivb110:36854] MCW rank 13 bound to socket 0[core 1[hwt 0]]: [./B/./././././././.][./././././././././.]
[ivb110:36854] MCW rank 14 bound to socket 0[core 2[hwt 0]]: [././B/././././././.][./././././././././.]
[ivb110:36854] MCW rank 15 bound to socket 0[core 3[hwt 0]]: [./././B/./././././.][./././././././././.]
[ivb110:36854] MCW rank 16 bound to socket 0[core 4[hwt 0]]: [././././B/././././.][./././././././././.]
/*---------------------------------------------------------------------------*\
| =========                 |                                                 |
| \\      /  F ield         | foam-extend: Open Source CFD                    |
|  \\    /   O peration     | Version:     3.1                                |
|   \\  /    A nd           | Web:         http://www.extend-project.de       |
|    \\/     M anipulation  |                                                 |
\*---------------------------------------------------------------------------*/
Build    : 3.1-e2da948002a2
Exec     : pimpleDyMFoam -parallel
Date     : May 27 2016
Time     : 10:32:47
Host     : ivb109
PID      : 19652
CtrlDict : /home-2/vplatonov/foam/foam-extend-3.1/etc/controlDict
Case     : /home/vplatonov/tests/3D-mesh1-of3.1
nProcs   : 24
Slaves : 
23
(
ivb109.19655
ivb109.19651
ivb109.19665
ivb109.19668
ivb109.19671
ivb109.19674
ivb109.19680
ivb109.19683
ivb109.19677
ivb109.19686
ivb109.19688
ivb110.36945
ivb110.36928
ivb110.36942
ivb110.36927
ivb110.36948
ivb110.36951
ivb110.36930
ivb110.36954
ivb110.36956
ivb110.36933
ivb110.36936
ivb110.36939
)

Pstream initialized with:
    floatTransfer     : 0
    nProcsSimpleSum   : 0
    commsType         : blocking
SigFpe   : Enabling floating point exception trapping (FOAM_SIGFPE).

// * * * * * * * * * * * * * * * * * * * * * * * * * * * * * * * * * * * * * //
Create time

Create dynamic mesh for time = 0

Selecting dynamicFvMesh dynamicMotionSolverFvMesh
Selecting motion solver: displacementLaplacian
Selecting motion diffusion: quadratic
Selecting motion diffusion: inverseDistance
Reading field p

Reading field U

Reading/calculating face flux field phi

Selecting incompressible transport model Newtonian
Selecting turbulence model type LESModel
Selecting LES turbulence model oneEqEddy
oneEqEddyCoeffs
{
    ce              1.048;
    ck              0.094;
}

Reading field rAU if present


Starting time loop

Courant Number mean: 0 max: 0.0007592825 velocity magnitude: 0.4779
Reading old state
Before setting displacements
GAMGPCG:  Solving for cellDisplacementx, Initial residual = 0, Final residual = 0, No Iterations 0
GAMGPCG:  Solving for cellDisplacementy, Initial residual = 0, Final residual = 0, No Iterations 0
GAMGPCG:  Solving for cellDisplacementz, Initial residual = 0, Final residual = 0, No Iterations 0
Time = 5e-06

GAMGPCG:  Solving for cellDisplacementx, Initial residual = 0, Final residual = 0, No Iterations 0
GAMGPCG:  Solving for cellDisplacementy, Initial residual = 0, Final residual = 0, No Iterations 0
GAMGPCG:  Solving for cellDisplacementz, Initial residual = 0, Final residual = 0, No Iterations 0
volume continuity errors : volume = 4.535015, max error = 0, sum local = 0, global = 0
smoothSolver:  Solving for Ux, Initial residual = 1, Final residual = 3.764172e-08, No Iterations 1
smoothSolver:  Solving for Uy, Initial residual = 1, Final residual = 4.611591e-08, No Iterations 1
smoothSolver:  Solving for Uz, Initial residual = 0.9999962, Final residual = 4.046585e-08, No Iterations 1
Created persistent data with name p
Computing AINV with droptol 0.02
GPU: 574 iters: 34.99711 s: 3.888772 GB/s
Total exec time 34.99711
 Total comm time 10.19741Pre time 0 Post time 10.19741
SGPUBICGS:  Solving for p, Initial residual = 1, Final residual = 0.003291036, No Iterations 574
Computing AINV with droptol 0.02
GPU: 62 iters: 3.831032 s: 3.837148 GB/s
Total exec time 38.82814
 Total comm time 11.32409Pre time 0 Post time 11.32409
SGPUBICGS:  Solving for p, Initial residual = 0.0004556058, Final residual = 9.937264e-06, No Iterations 62
time step continuity errors : sum local = 2.237283e-09, global = -1.533925e-10, cumulative = -1.533925e-10
Moving mesh time step continuity errors : sum local = 2.237283e-09, global = -1.533925e-10, cumulative = -3.06785e-10
GPU: 101 iters: 6.206374 s: 3.858479 GB/s
Total exec time 45.03451
 Total comm time 13.02904Pre time 0 Post time 13.02904
SGPUBICGS:  Solving for p, Initial residual = 0.0001103346, Final residual = 7.71835e-06, No Iterations 101
GPU: 611 iters: 37.26872 s: 3.887133 GB/s
Total exec time 82.30323
 Total comm time 23.77119Pre time 0 Post time 23.77119
SGPUBICGS:  Solving for p, Initial residual = 4.513655e-05, Final residual = 8.832101e-08, No Iterations 611
time step continuity errors : sum local = 1.989509e-11, global = -6.332932e-12, cumulative = -3.131179e-10
Moving mesh time step continuity errors : sum local = 1.989509e-11, global = -6.332932e-12, cumulative = -3.194509e-10
smoothSolver:  Solving for k, Initial residual = 1, Final residual = 2.569924e-11, No Iterations 2
ExecutionTime = 109.29 s  ClockTime = 116 s

Courant Number mean: 7.680158e-05 max: 0.002864372 velocity magnitude: 0.9548597
yForce = 4.928913
Y= 7.609679e-12
Vy= 3.043869e-06
Time = 1e-05

GAMGPCG:  Solving for cellDisplacementx, Initial residual = 0, Final residual = 0, No Iterations 0
Total solver time is 0
Total solver time is 0
Total solver time is 0
GAMGPCG:  Solving for cellDisplacementy, Initial residual = 1, Final residual = 1.160984e-08, No Iterations 1
GAMGPCG:  Solving for cellDisplacementz, Initial residual = 0, Final residual = 0, No Iterations 0
volume continuity errors : volume = 4.535015, max error = 9.359998e-09, sum local = 6.244959e-15, global = 5.380767e-18
smoothSolver:  Solving for Ux, Initial residual = 0.9975358, Final residual = 1.332951e-06, No Iterations 1
smoothSolver:  Solving for Uy, Initial residual = 0.333305, Final residual = 2.476553e-06, No Iterations 1
smoothSolver:  Solving for Uz, Initial residual = 0.3329785, Final residual = 1.000141e-06, No Iterations 1
GPU: 526 iters: 32.09833 s: 3.885402 GB/s
Total exec time 114.4016
 Total comm time 33.14337Pre time 0 Post time 33.14337
SGPUBICGS:  Solving for p, Initial residual = 0.003645597, Final residual = 3.043579e-05, No Iterations 526
GPU: 140 iters: 8.574992 s: 3.871034 GB/s
Total exec time 122.9766
 Total comm time 35.75705Pre time 0 Post time 35.75705
SGPUBICGS:  Solving for p, Initial residual = 0.001391411, Final residual = 1.341214e-05, No Iterations 140
time step continuity errors : sum local = 1.007326e-09, global = 2.440518e-10, cumulative = -7.539904e-11
Moving mesh time step continuity errors : sum local = 1.007326e-09, global = 2.440518e-10, cumulative = 1.686528e-10
GPU: 61 iters: 3.762976 s: 3.843537 GB/s
Total exec time 126.7395
 Total comm time 36.75301Pre time 0 Post time 36.75301
SGPUBICGS:  Solving for p, Initial residual = 0.000312025, Final residual = 9.69448e-06, No Iterations 61
GPU: 691 iters: 42.13713 s: 3.888175 GB/s
Total exec time 168.8767
 Total comm time 48.68815Pre time 0 Post time 48.68815
SGPUBICGS:  Solving for p, Initial residual = 0.0001169668, Final residual = 8.845464e-08, No Iterations 691
time step continuity errors : sum local = 6.637632e-12, global = 6.60571e-12, cumulative = 1.752585e-10
Moving mesh time step continuity errors : sum local = 6.637632e-12, global = 6.60571e-12, cumulative = 1.818642e-10
smoothSolver:  Solving for k, Initial residual = 0.008783547, Final residual = 8.028445e-09, No Iterations 1
ExecutionTime = 204.63 s  ClockTime = 214 s

Courant Number mean: 7.680553e-05 max: 0.002857177 velocity magnitude: 0.9524611
yForce = -17.14991
Y= -3.648496e-12
Vy= -7.547131e-06
Time = 1.5e-05

GAMGPCG:  Solving for cellDisplacementx, Initial residual = 0, Final residual = 0, No Iterations 0
Total solver time is 0
Total solver time is 0
Total solver time is 0
GAMGPCG:  Solving for cellDisplacementy, Initial residual = 1, Final residual = 9.807349e-09, No Iterations 1
GAMGPCG:  Solving for cellDisplacementz, Initial residual = 0, Final residual = 0, No Iterations 0
volume continuity errors : volume = 4.535015, max error = 1.224305e-08, sum local = 7.054742e-15, global = -5.629599e-18
smoothSolver:  Solving for Ux, Initial residual = 0.9921763, Final residual = 1.328133e-06, No Iterations 1
smoothSolver:  Solving for Uy, Initial residual = 0.1840474, Final residual = 1.457328e-06, No Iterations 1
smoothSolver:  Solving for Uz, Initial residual = 0.8427382, Final residual = 2.37302e-06, No Iterations 1
GPU: 552 iters: 33.67268 s: 3.886817 GB/s
Total exec time 202.5493
 Total comm time 58.26627Pre time 0 Post time 58.26627
SGPUBICGS:  Solving for p, Initial residual = 0.002802251, Final residual = 7.220188e-06, No Iterations 552
Computing AINV with droptol 0.02
GPU: 116 iters: 7.118452 s: 3.863715 GB/s
Total exec time 209.6678
 Total comm time 60.27733Pre time 0 Post time 60.27733
SGPUBICGS:  Solving for p, Initial residual = 0.09060304, Final residual = 0.0008765571, No Iterations 116
time step continuity errors : sum local = 3.204095e-10, global = 1.028874e-10, cumulative = 2.847516e-10
Moving mesh time step continuity errors : sum local = 3.204095e-10, global = 1.028874e-10, cumulative = 3.87639e-10
GPU: 318 iters: 19.41013 s: 3.884467 GB/s
Total exec time 229.0779
 Total comm time 66.04947Pre time 0 Post time 66.04947
SGPUBICGS:  Solving for p, Initial residual = 0.02126229, Final residual = 0.0001793678, No Iterations 318
GPU: 640 iters: 39.02532 s: 3.888358 GB/s
Total exec time 268.1032
 Total comm time 77.55218Pre time 0 Post time 77.55218
SGPUBICGS:  Solving for p, Initial residual = 0.007214785, Final residual = 6.330798e-08, No Iterations 640
time step continuity errors : sum local = 2.108128e-14, global = 1.206407e-14, cumulative = 3.87651e-10
Moving mesh time step continuity errors : sum local = 2.108128e-14, global = 1.206407e-14, cumulative = 3.876631e-10
smoothSolver:  Solving for k, Initial residual = 0.003835735, Final residual = 3.567242e-09, No Iterations 1
ExecutionTime = 312.82 s  ClockTime = 326 s

Courant Number mean: 7.680535e-05 max: 0.002858867 velocity magnitude: 0.9530245
yForce = 13.50544
Y= -2.053327e-11
Vy= 7.932163e-07
Time = 2e-05

GAMGPCG:  Solving for cellDisplacementx, Initial residual = 0, Final residual = 0, No Iterations 0
Total solver time is 0
Total solver time is 0
Total solver time is 0
GAMGPCG:  Solving for cellDisplacementy, Initial residual = 0.7605225, Final residual = 1.043569e-08, No Iterations 1
GAMGPCG:  Solving for cellDisplacementz, Initial residual = 0, Final residual = 0, No Iterations 0
volume continuity errors : volume = 4.535015, max error = 1.253177e-08, sum local = 7.091434e-15, global = 2.079159e-18
smoothSolver:  Solving for Ux, Initial residual = 0.05410567, Final residual = 8.891437e-08, No Iterations 1
smoothSolver:  Solving for Uy, Initial residual = 0.01321541, Final residual = 1.544647e-07, No Iterations 1
smoothSolver:  Solving for Uz, Initial residual = 0.9746879, Final residual = 2.281458e-06, No Iterations 1
GPU: 48 iters: 2.972664 s: 3.828495 GB/s
Total exec time 271.0759
 Total comm time 78.24283Pre time 0 Post time 78.24283
SGPUBICGS:  Solving for p, Initial residual = 0.2237508, Final residual = 0.001934275, No Iterations 48
GPU: 147 iters: 9.006874 s: 3.869688 GB/s
Total exec time 280.0828
 Total comm time 80.75644Pre time 0 Post time 80.75644
SGPUBICGS:  Solving for p, Initial residual = 0.01195461, Final residual = 0.0001054945, No Iterations 147
time step continuity errors : sum local = 2.882979e-11, global = -1.201434e-11, cumulative = 3.756487e-10
Moving mesh time step continuity errors : sum local = 2.882979e-11, global = -1.201434e-11, cumulative = 3.636344e-10
GPU: 443 iters: 27.0277 s: 3.886219 GB/s
Total exec time 307.1105
 Total comm time 88.41303Pre time 0 Post time 88.41303
SGPUBICGS:  Solving for p, Initial residual = 0.004115534, Final residual = 4.037744e-05, No Iterations 443
GPU: 528 iters: 32.21269 s: 3.88633 GB/s
Total exec time 339.3232
 Total comm time 97.97231Pre time 0 Post time 97.97231
SGPUBICGS:  Solving for p, Initial residual = 0.001766489, Final residual = 9.720287e-08, No Iterations 528
time step continuity errors : sum local = 2.624219e-14, global = -7.176787e-15, cumulative = 3.636272e-10
Moving mesh time step continuity errors : sum local = 2.624219e-14, global = -7.176787e-15, cumulative = 3.6362e-10
smoothSolver:  Solving for k, Initial residual = 0.002273379, Final residual = 2.173166e-09, No Iterations 1
ExecutionTime = 393.49 s  ClockTime = 409 s

Courant Number mean: 7.680591e-05 max: 0.002856735 velocity magnitude: 0.9523139
yForce = -2.658029
Y= -2.067088e-11
Vy= -8.482608e-07
Time = 2.5e-05

GAMGPCG:  Solving for cellDisplacementx, Initial residual = 0, Final residual = 0, No Iterations 0
Total solver time is 0
Total solver time is 0
Total solver time is 0
GAMGPCG:  Solving for cellDisplacementy, Initial residual = 0.006818532, Final residual = 6.62256e-09, No Iterations 1
GAMGPCG:  Solving for cellDisplacementz, Initial residual = 0, Final residual = 0, No Iterations 0
volume continuity errors : volume = 4.535015, max error = 1.257279e-08, sum local = 7.13969e-15, global = -2.889496e-18
smoothSolver:  Solving for Ux, Initial residual = 0.02776653, Final residual = 3.196493e-08, No Iterations 1
smoothSolver:  Solving for Uy, Initial residual = 0.004524314, Final residual = 5.431968e-08, No Iterations 1
smoothSolver:  Solving for Uz, Initial residual = 0.6483897, Final residual = 2.235159e-06, No Iterations 1
GPU: 9 iters: 0.5981389 s: 3.567576 GB/s
Total exec time 339.9213
 Total comm time 98.12093Pre time 0 Post time 98.12093
SGPUBICGS:  Solving for p, Initial residual = 0.1528862, Final residual = 0.001519686, No Iterations 9
GPU: 150 iters: 9.195688 s: 3.867584 GB/s
Total exec time 349.117
 Total comm time 100.8369Pre time 0 Post time 100.8369
SGPUBICGS:  Solving for p, Initial residual = 0.003703967, Final residual = 3.659328e-05, No Iterations 150
time step continuity errors : sum local = 8.731285e-12, global = 2.138726e-12, cumulative = 3.657588e-10
Moving mesh time step continuity errors : sum local = 8.731285e-12, global = 2.138726e-12, cumulative = 3.678975e-10
Computing AINV with droptol 0.02
GPU: 461 iters: 28.11084 s: 3.888287 GB/s
Total exec time 377.2278
 Total comm time 108.918Pre time 0 Post time 108.918
SGPUBICGS:  Solving for p, Initial residual = 0.0009223596, Final residual = 9.511046e-06, No Iterations 461
GPU: 651 iters: 39.69622 s: 3.88833 GB/s
Total exec time 416.9241
 Total comm time 120.3902Pre time 0 Post time 120.3902
SGPUBICGS:  Solving for p, Initial residual = 0.0003221196, Final residual = 7.083064e-08, No Iterations 651
time step continuity errors : sum local = 1.678778e-14, global = -1.677164e-14, cumulative = 3.678807e-10
Moving mesh time step continuity errors : sum local = 1.678778e-14, global = -1.677164e-14, cumulative = 3.67864e-10
smoothSolver:  Solving for k, Initial residual = 0.001554927, Final residual = 1.53042e-09, No Iterations 1
ExecutionTime = 480.42 s  ClockTime = 498 s

Courant Number mean: 7.6806e-05 max: 0.002854614 velocity magnitude: 0.9516066
yForce = -2.252297
Y= -2.838947e-11
Vy= -2.239174e-06
Time = 3e-05

GAMGPCG:  Solving for cellDisplacementx, Initial residual = 0, Final residual = 0, No Iterations 0
Total solver time is 0
Total solver time is 0
Total solver time is 0
GAMGPCG:  Solving for cellDisplacementy, Initial residual = 0.3291929, Final residual = 4.635531e-09, No Iterations 1
GAMGPCG:  Solving for cellDisplacementz, Initial residual = 0, Final residual = 0, No Iterations 0
volume continuity errors : volume = 4.535015, max error = 1.212964e-08, sum local = 7.128275e-15, global = 1.705663e-18
smoothSolver:  Solving for Ux, Initial residual = 0.01762058, Final residual = 1.435132e-08, No Iterations 1
smoothSolver:  Solving for Uy, Initial residual = 0.001240162, Final residual = 2.461027e-08, No Iterations 1
smoothSolver:  Solving for Uz, Initial residual = 0.1836711, Final residual = 1.738797e-06, No Iterations 1
GPU: 3 iters: 0.2317816 s: 3.068835 GB/s
Total exec time 417.1558
 Total comm time 120.4753Pre time 0 Post time 120.4753
SGPUBICGS:  Solving for p, Initial residual = 0.1088455, Final residual = 0.0007167287, No Iterations 3
GPU: 49 iters: 3.033965 s: 3.829277 GB/s
Total exec time 420.1898
 Total comm time 121.3207Pre time 0 Post time 121.3207
SGPUBICGS:  Solving for p, Initial residual = 0.001330053, Final residual = 1.200665e-05, No Iterations 49
time step continuity errors : sum local = 2.575745e-12, global = -2.194414e-14, cumulative = 3.67842e-10
Moving mesh time step continuity errors : sum local = 2.575745e-12, global = -2.194414e-14, cumulative = 3.678201e-10
GPU: 31 iters: 1.940412 s: 3.787905 GB/s
Total exec time 422.1302
 Total comm time 121.8839Pre time 0 Post time 121.8839
SGPUBICGS:  Solving for p, Initial residual = 0.0002586463, Final residual = 9.964991e-06, No Iterations 31
GPU: 555 iters: 33.86994 s: 3.885168 GB/s
Total exec time 456.0002
 Total comm time 131.5732Pre time 0 Post time 131.5732
SGPUBICGS:  Solving for p, Initial residual = 0.0001013557, Final residual = 9.544152e-08, No Iterations 555
time step continuity errors : sum local = 2.046685e-14, global = -1.396522e-14, cumulative = 3.678061e-10
Moving mesh time step continuity errors : sum local = 2.046685e-14, global = -1.396522e-14, cumulative = 3.677921e-10
smoothSolver:  Solving for k, Initial residual = 0.001156989, Final residual = 1.164956e-09, No Iterations 1
ExecutionTime = 530.19 s  ClockTime = 549 s

Courant Number mean: 7.680612e-05 max: 0.002852244 velocity magnitude: 0.9508167
yForce = 2.235735
Y= -3.613362e-11
Vy= -8.584842e-07
Time = 3.5e-05

GAMGPCG:  Solving for cellDisplacementx, Initial residual = 0, Final residual = 0, No Iterations 0
Total solver time is 0
Total solver time is 0
Total solver time is 0
GAMGPCG:  Solving for cellDisplacementy, Initial residual = 0.2653243, Final residual = 4.097968e-09, No Iterations 1
GAMGPCG:  Solving for cellDisplacementz, Initial residual = 0, Final residual = 0, No Iterations 0
volume continuity errors : volume = 4.535015, max error = 1.305069e-08, sum local = 7.127765e-15, global = 1.206172e-18
smoothSolver:  Solving for Ux, Initial residual = 0.0135287, Final residual = 1.135476e-08, No Iterations 1
smoothSolver:  Solving for Uy, Initial residual = 0.000962037, Final residual = 1.858738e-08, No Iterations 1
smoothSolver:  Solving for Uz, Initial residual = 0.5902104, Final residual = 6.171541e-06, No Iterations 1
GPU: 2 iters: 0.1647008 s: 2.879158 GB/s
Total exec time 456.1649
 Total comm time 131.615Pre time 0 Post time 131.615
SGPUBICGS:  Solving for p, Initial residual = 0.09114334, Final residual = 0.0004049122, No Iterations 2
GPU: 24 iters: 1.509213 s: 3.770439 GB/s
Total exec time 457.6741
 Total comm time 132.0494Pre time 0 Post time 132.0494
SGPUBICGS:  Solving for p, Initial residual = 0.0005894418, Final residual = 9.549873e-06, No Iterations 24
time step continuity errors : sum local = 1.881258e-12, global = -7.037027e-15, cumulative = 3.677851e-10
Moving mesh time step continuity errors : sum local = 1.881258e-12, global = -7.037027e-15, cumulative = 3.677781e-10
GPU: 8 iters: 0.5342699 s: 3.550263 GB/s
Total exec time 458.2083
 Total comm time 132.178Pre time 0 Post time 132.178
SGPUBICGS:  Solving for p, Initial residual = 8.139126e-05, Final residual = 9.777462e-06, No Iterations 8
GPU: 496 iters: 30.27317 s: 3.884678 GB/s
Total exec time 488.4815
 Total comm time 140.9407Pre time 0 Post time 140.9407
SGPUBICGS:  Solving for p, Initial residual = 2.914412e-05, Final residual = 8.862685e-08, No Iterations 496
time step continuity errors : sum local = 1.745645e-14, global = -7.456942e-15, cumulative = 3.677706e-10
Moving mesh time step continuity errors : sum local = 1.745645e-14, global = -7.456942e-15, cumulative = 3.677631e-10
smoothSolver:  Solving for k, Initial residual = 0.0009097917, Final residual = 9.452642e-10, No Iterations 1
ExecutionTime = 573.12 s  ClockTime = 593 s

Courant Number mean: 7.680614e-05 max: 0.0028495 velocity magnitude: 0.9499019
yForce = -0.7402833
Y= -4.156895e-11
Vy= -1.315648e-06
Time = 4e-05

GAMGPCG:  Solving for cellDisplacementx, Initial residual = 0, Final residual = 0, No Iterations 0
Total solver time is 0
Total solver time is 0
Total solver time is 0
GAMGPCG:  Solving for cellDisplacementy, Initial residual = 0.1679873, Final residual = 2.920716e-09, No Iterations 1
GAMGPCG:  Solving for cellDisplacementz, Initial residual = 0, Final residual = 0, No Iterations 0
volume continuity errors : volume = 4.535015, max error = 1.078717e-08, sum local = 7.121393e-15, global = -1.166326e-18
smoothSolver:  Solving for Ux, Initial residual = 0.01095439, Final residual = 9.422376e-09, No Iterations 1
smoothSolver:  Solving for Uy, Initial residual = 0.0008052124, Final residual = 1.498118e-08, No Iterations 1
smoothSolver:  Solving for Uz, Initial residual = 0.3571943, Final residual = 4.458012e-06, No Iterations 1
GPU: 2 iters: 0.1703787 s: 2.78321 GB/s
Total exec time 488.6519
 Total comm time 140.984Pre time 0 Post time 140.984
SGPUBICGS:  Solving for p, Initial residual = 0.07497337, Final residual = 0.0001664583, No Iterations 2
GPU: 9 iters: 0.6010937 s: 3.550027 GB/s
Total exec time 489.253
 Total comm time 141.1702Pre time 0 Post time 141.1702
SGPUBICGS:  Solving for p, Initial residual = 0.0003131095, Final residual = 9.913798e-06, No Iterations 9
time step continuity errors : sum local = 1.814336e-12, global = 3.023163e-16, cumulative = 3.677634e-10
Moving mesh time step continuity errors : sum local = 1.814336e-12, global = 3.023163e-16, cumulative = 3.677638e-10
GPU: 3 iters: 0.2325835 s: 3.058254 GB/s
Total exec time 489.4856
 Total comm time 141.2378Pre time 0 Post time 141.2378
SGPUBICGS:  Solving for p, Initial residual = 3.603976e-05, Final residual = 9.295658e-06, No Iterations 3
GPU: 213 iters: 13.02143 s: 3.878397 GB/s
Total exec time 502.507
 Total comm time 145.047Pre time 0 Post time 145.047
SGPUBICGS:  Solving for p, Initial residual = 1.52428e-05, Final residual = 9.858576e-08, No Iterations 213
time step continuity errors : sum local = 1.804135e-14, global = 5.849231e-15, cumulative = 3.677696e-10
Moving mesh time step continuity errors : sum local = 1.804135e-14, global = 5.849231e-15, cumulative = 3.677754e-10
smoothSolver:  Solving for k, Initial residual = 0.0007437269, Final residual = 7.921696e-10, No Iterations 1
ExecutionTime = 598.46 s  ClockTime = 619 s

Courant Number mean: 7.680617e-05 max: 0.00284638 velocity magnitude: 0.9488618
yForce = -0.2168343
Y= -4.848195e-11
Vy= -1.449553e-06
Time = 4.5e-05

GAMGPCG:  Solving for cellDisplacementx, Initial residual = 0, Final residual = 0, No Iterations 0
Total solver time is 0
Total solver time is 0
Total solver time is 0
GAMGPCG:  Solving for cellDisplacementy, Initial residual = 0.1901871, Final residual = 2.848066e-09, No Iterations 1
GAMGPCG:  Solving for cellDisplacementz, Initial residual = 0, Final residual = 0, No Iterations 0
volume continuity errors : volume = 4.535015, max error = 1.534835e-08, sum local = 7.125248e-15, global = 2.795032e-18
smoothSolver:  Solving for Ux, Initial residual = 0.009360847, Final residual = 8.06614e-09, No Iterations 1
smoothSolver:  Solving for Uy, Initial residual = 0.0006806238, Final residual = 1.243585e-08, No Iterations 1
smoothSolver:  Solving for Uz, Initial residual = 0.3235253, Final residual = 3.610313e-06, No Iterations 1
Computing AINV with droptol 0.02
GPU: 2 iters: 0.1722579 s: 2.752847 GB/s
Total exec time 502.6793
 Total comm time 145.0829Pre time 0 Post time 145.0829
SGPUBICGS:  Solving for p, Initial residual = 0.06277084, Final residual = 0.0001257824, No Iterations 2
GPU: 8 iters: 0.5408823 s: 3.50686 GB/s
Total exec time 503.2201
 Total comm time 145.2021Pre time 0 Post time 145.2021
SGPUBICGS:  Solving for p, Initial residual = 0.0002331628, Final residual = 9.524268e-06, No Iterations 8
time step continuity errors : sum local = 1.633459e-12, global = 2.140021e-14, cumulative = 3.677968e-10
Moving mesh time step continuity errors : sum local = 1.633459e-12, global = 2.140021e-14, cumulative = 3.678182e-10
GPU: 2 iters: 0.1718629 s: 2.759174 GB/s
Total exec time 503.392
 Total comm time 145.2609Pre time 0 Post time 145.2609
SGPUBICGS:  Solving for p, Initial residual = 2.372023e-05, Final residual = 9.632719e-06, No Iterations 2
GPU: 481 iters: 29.34004 s: 3.88701 GB/s
Total exec time 532.732
 Total comm time 153.6993Pre time 0 Post time 153.6993
SGPUBICGS:  Solving for p, Initial residual = 1.16757e-05, Final residual = 9.976354e-08, No Iterations 481
time step continuity errors : sum local = 1.710935e-14, global = 7.472923e-15, cumulative = 3.678257e-10
Moving mesh time step continuity errors : sum local = 1.710935e-14, global = 7.472923e-15, cumulative = 3.678332e-10
smoothSolver:  Solving for k, Initial residual = 0.0006256218, Final residual = 6.820796e-10, No Iterations 1
ExecutionTime = 639.43 s  ClockTime = 661 s

Courant Number mean: 7.680616e-05 max: 0.002842879 velocity magnitude: 0.9482431
yForce = 0.331468
Y= -5.521796e-11
Vy= -1.244851e-06
Time = 5e-05

GAMGPCG:  Solving for cellDisplacementx, Initial residual = 0, Final residual = 0, No Iterations 0
Total solver time is 0
Total solver time is 0
Total solver time is 0
GAMGPCG:  Solving for cellDisplacementy, Initial residual = 0.1642566, Final residual = 2.543355e-09, No Iterations 1
GAMGPCG:  Solving for cellDisplacementz, Initial residual = 0, Final residual = 0, No Iterations 0
volume continuity errors : volume = 4.535015, max error = 1.262845e-08, sum local = 7.123947e-15, global = -2.008454e-18
smoothSolver:  Solving for Ux, Initial residual = 0.008278322, Final residual = 7.081323e-09, No Iterations 1
smoothSolver:  Solving for Uy, Initial residual = 0.0005948717, Final residual = 1.059367e-08, No Iterations 1
smoothSolver:  Solving for Uz, Initial residual = 0.2430224, Final residual = 1.151734e-06, No Iterations 1
GPU: 2 iters: 0.1707316 s: 2.777457 GB/s
Total exec time 532.9028
 Total comm time 153.7508Pre time 0 Post time 153.7508
SGPUBICGS:  Solving for p, Initial residual = 0.05636745, Final residual = 9.868487e-05, No Iterations 2
GPU: 6 iters: 0.4176619 s: 3.406102 GB/s
Total exec time 533.3204
 Total comm time 153.8925Pre time 0 Post time 153.8925
SGPUBICGS:  Solving for p, Initial residual = 0.0001827571, Final residual = 9.488269e-06, No Iterations 6
time step continuity errors : sum local = 1.535373e-12, global = 5.182689e-15, cumulative = 3.678384e-10
Moving mesh time step continuity errors : sum local = 1.535373e-12, global = 5.182689e-15, cumulative = 3.678436e-10
GPU: 2 iters: 0.1684457 s: 2.815149 GB/s
Total exec time 533.4889
 Total comm time 153.9358Pre time 0 Post time 153.9358
SGPUBICGS:  Solving for p, Initial residual = 1.935391e-05, Final residual = 8.881985e-06, No Iterations 2
GPU: 172 iters: 10.53449 s: 3.871204 GB/s
Total exec time 544.0234
 Total comm time 156.9084Pre time 0 Post time 156.9084
SGPUBICGS:  Solving for p, Initial residual = 1.02516e-05, Final residual = 9.052456e-08, No Iterations 172
time step continuity errors : sum local = 1.464813e-14, global = -3.84249e-15, cumulative = 3.678397e-10
Moving mesh time step continuity errors : sum local = 1.464813e-14, global = -3.84249e-15, cumulative = 3.678359e-10
smoothSolver:  Solving for k, Initial residual = 0.0005379029, Final residual = 5.997432e-10, No Iterations 1
ExecutionTime = 662.11 s  ClockTime = 684 s

yForce = -0.1331139
Y= -6.164772e-11
Vy= -1.327054e-06
End

Finalising parallel run
