 Data for JOB [49172,1] offset 0

 ========================   JOB MAP   ========================

 Data for node: ivb124	Num slots: 20	Max slots: 0	Num procs: 20
 	Process OMPI jobid: [49172,1] App: 0 Process rank: 0
 	Process OMPI jobid: [49172,1] App: 0 Process rank: 1
 	Process OMPI jobid: [49172,1] App: 0 Process rank: 2
 	Process OMPI jobid: [49172,1] App: 0 Process rank: 3
 	Process OMPI jobid: [49172,1] App: 0 Process rank: 4
 	Process OMPI jobid: [49172,1] App: 0 Process rank: 5
 	Process OMPI jobid: [49172,1] App: 0 Process rank: 6
 	Process OMPI jobid: [49172,1] App: 0 Process rank: 7
 	Process OMPI jobid: [49172,1] App: 0 Process rank: 8
 	Process OMPI jobid: [49172,1] App: 0 Process rank: 9
 	Process OMPI jobid: [49172,1] App: 0 Process rank: 10
 	Process OMPI jobid: [49172,1] App: 0 Process rank: 11
 	Process OMPI jobid: [49172,1] App: 0 Process rank: 12
 	Process OMPI jobid: [49172,1] App: 0 Process rank: 13
 	Process OMPI jobid: [49172,1] App: 0 Process rank: 14
 	Process OMPI jobid: [49172,1] App: 0 Process rank: 15
 	Process OMPI jobid: [49172,1] App: 0 Process rank: 16
 	Process OMPI jobid: [49172,1] App: 0 Process rank: 17
 	Process OMPI jobid: [49172,1] App: 0 Process rank: 18
 	Process OMPI jobid: [49172,1] App: 0 Process rank: 19

 =============================================================
[ivb124:11062] MCW rank 3 bound to socket 0[core 3[hwt 0]]: [./././B/./././././.][./././././././././.]
[ivb124:11062] MCW rank 4 bound to socket 0[core 4[hwt 0]]: [././././B/././././.][./././././././././.]
[ivb124:11062] MCW rank 5 bound to socket 0[core 5[hwt 0]]: [./././././B/./././.][./././././././././.]
[ivb124:11062] MCW rank 6 bound to socket 0[core 6[hwt 0]]: [././././././B/././.][./././././././././.]
[ivb124:11062] MCW rank 7 bound to socket 0[core 7[hwt 0]]: [./././././././B/./.][./././././././././.]
[ivb124:11062] MCW rank 8 bound to socket 0[core 8[hwt 0]]: [././././././././B/.][./././././././././.]
[ivb124:11062] MCW rank 9 bound to socket 0[core 9[hwt 0]]: [./././././././././B][./././././././././.]
[ivb124:11062] MCW rank 10 bound to socket 1[core 10[hwt 0]]: [./././././././././.][B/././././././././.]
[ivb124:11062] MCW rank 11 bound to socket 1[core 11[hwt 0]]: [./././././././././.][./B/./././././././.]
[ivb124:11062] MCW rank 12 bound to socket 1[core 12[hwt 0]]: [./././././././././.][././B/././././././.]
[ivb124:11062] MCW rank 13 bound to socket 1[core 13[hwt 0]]: [./././././././././.][./././B/./././././.]
[ivb124:11062] MCW rank 14 bound to socket 1[core 14[hwt 0]]: [./././././././././.][././././B/././././.]
[ivb124:11062] MCW rank 15 bound to socket 1[core 15[hwt 0]]: [./././././././././.][./././././B/./././.]
[ivb124:11062] MCW rank 16 bound to socket 1[core 16[hwt 0]]: [./././././././././.][././././././B/././.]
[ivb124:11062] MCW rank 17 bound to socket 1[core 17[hwt 0]]: [./././././././././.][./././././././B/./.]
[ivb124:11062] MCW rank 18 bound to socket 1[core 18[hwt 0]]: [./././././././././.][././././././././B/.]
[ivb124:11062] MCW rank 19 bound to socket 1[core 19[hwt 0]]: [./././././././././.][./././././././././B]
[ivb124:11062] MCW rank 0 bound to socket 0[core 0[hwt 0]]: [B/././././././././.][./././././././././.]
[ivb124:11062] MCW rank 1 bound to socket 0[core 1[hwt 0]]: [./B/./././././././.][./././././././././.]
[ivb124:11062] MCW rank 2 bound to socket 0[core 2[hwt 0]]: [././B/././././././.][./././././././././.]
/*---------------------------------------------------------------------------*\
| =========                 |                                                 |
| \\      /  F ield         | foam-extend: Open Source CFD                    |
|  \\    /   O peration     | Version:     3.1                                |
|   \\  /    A nd           | Web:         http://www.extend-project.de       |
|    \\/     M anipulation  |                                                 |
\*---------------------------------------------------------------------------*/
Build    : 3.1-e2da948002a2
Exec     : interFoam -parallel
Date     : May 27 2016
Time     : 00:02:05
Host     : ivb124
PID      : 11064
CtrlDict : /home-2/vplatonov/foam/foam-extend-3.1/etc/controlDict
Case     : /home/vplatonov/tests/rt12mln
nProcs   : 20
Slaves : 
19
(
ivb124.11065
ivb124.11066
ivb124.11067
ivb124.11068
ivb124.11069
ivb124.11071
ivb124.11072
ivb124.11073
ivb124.11074
ivb124.11075
ivb124.11076
ivb124.11077
ivb124.11078
ivb124.11079
ivb124.11080
ivb124.11081
ivb124.11082
ivb124.11083
ivb124.11084
)

Pstream initialized with:
    floatTransfer     : 0
    nProcsSimpleSum   : 0
    commsType         : blocking
SigFpe   : Enabling floating point exception trapping (FOAM_SIGFPE).

// * * * * * * * * * * * * * * * * * * * * * * * * * * * * * * * * * * * * * //
Create time

Create mesh for time = 0


Reading g
Reading field pd

Reading field alpha1

Reading field U

Reading/calculating face flux field phi

Reading transportProperties

Selecting incompressible transport model Newtonian
Selecting incompressible transport model Newtonian
Calculating field g.h

Selecting turbulence model type laminar
time step continuity errors : sum local = 0, global = 0, cumulative = 0
BiCGStab:  Solving for pcorr, Initial residual = 0, Final residual = 0, No Iterations 0
time step continuity errors : sum local = 0, global = 0, cumulative = 0
Courant Number mean: 0 max: 0 velocity magnitude: 0

Starting time loop

Courant Number mean: 0 max: 0 velocity magnitude: 0
Time = 0.001

MULES: Solving for alpha1
Liquid phase volume fraction = 0.00275421  Min(alpha1) = 0  Max(alpha1) = 1
MULES: Solving for alpha1
Liquid phase volume fraction = 0.00275421  Min(alpha1) = 0  Max(alpha1) = 1
Total solver time is 0
BiCGStab:  Solving for pd, Initial residual = 1, Final residual = 0.0286797, No Iterations 3
Total solver time is 3
BiCGStab:  Solving for pd, Initial residual = 0.020136, Final residual = 0.00100589, No Iterations 28
Total solver time is 75
BiCGStab:  Solving for pd, Initial residual = 0.00764022, Final residual = 6.87141e-08, No Iterations 639
time step continuity errors : sum local = 7.50683e-12, global = -3.12536e-25, cumulative = -3.12536e-25
ExecutionTime = 95.22 s  ClockTime = 115 s

Courant Number mean: 4.86131e-06 max: 0.00215631 velocity magnitude: 0.0336923
Time = 0.002

MULES: Solving for alpha1
Liquid phase volume fraction = 0.00275421  Min(alpha1) = 0  Max(alpha1) = 1
MULES: Solving for alpha1
Liquid phase volume fraction = 0.00275421  Min(alpha1) = 0  Max(alpha1) = 1
Total solver time is 4
BiCGStab:  Solving for pd, Initial residual = 0.0036402, Final residual = 0.000178993, No Iterations 37
Total solver time is 14
BiCGStab:  Solving for pd, Initial residual = 0.00220253, Final residual = 0.000110076, No Iterations 119
Total solver time is 75
BiCGStab:  Solving for pd, Initial residual = 0.00198339, Final residual = 9.42803e-08, No Iterations 636
time step continuity errors : sum local = 5.0651e-12, global = 5.9495e-25, cumulative = 2.82413e-25
ExecutionTime = 198.6 s  ClockTime = 219 s

Courant Number mean: 7.66385e-06 max: 0.00312936 velocity magnitude: 0.0488962
Time = 0.003

MULES: Solving for alpha1
Liquid phase volume fraction = 0.00275421  Min(alpha1) = -1.23417e-30  Max(alpha1) = 1
MULES: Solving for alpha1
Liquid phase volume fraction = 0.00275421  Min(alpha1) = -5.38121e-30  Max(alpha1) = 1
Total solver time is 9
BiCGStab:  Solving for pd, Initial residual = 0.00424465, Final residual = 0.000209967, No Iterations 78
Total solver time is 6
BiCGStab:  Solving for pd, Initial residual = 0.00315854, Final residual = 0.000154497, No Iterations 56
Total solver time is 69
BiCGStab:  Solving for pd, Initial residual = 0.00265413, Final residual = 4.97477e-08, No Iterations 585
time step continuity errors : sum local = 3.83502e-12, global = 2.92133e-25, cumulative = 5.74546e-25
ExecutionTime = 293.42 s  ClockTime = 314 s

Courant Number mean: 1.35711e-05 max: 0.00482197 velocity magnitude: 0.0753433
Time = 0.004

MULES: Solving for alpha1
Liquid phase volume fraction = 0.00275421  Min(alpha1) = -8.79642e-30  Max(alpha1) = 1
MULES: Solving for alpha1
Liquid phase volume fraction = 0.00275421  Min(alpha1) = -4.21592e-30  Max(alpha1) = 1
Total solver time is 6
BiCGStab:  Solving for pd, Initial residual = 0.00343999, Final residual = 0.000168895, No Iterations 54
Total solver time is 7
BiCGStab:  Solving for pd, Initial residual = 0.00328762, Final residual = 0.0001638, No Iterations 62
Total solver time is 66
BiCGStab:  Solving for pd, Initial residual = 0.00252509, Final residual = 6.54771e-08, No Iterations 563
time step continuity errors : sum local = 5.54747e-12, global = -9.09485e-25, cumulative = -3.34939e-25
ExecutionTime = 383.33 s  ClockTime = 404 s

Courant Number mean: 1.92586e-05 max: 0.00597273 velocity magnitude: 0.0933238
Time = 0.005

MULES: Solving for alpha1
Liquid phase volume fraction = 0.00275421  Min(alpha1) = -6.925e-30  Max(alpha1) = 1
MULES: Solving for alpha1
Liquid phase volume fraction = 0.00275421  Min(alpha1) = -8.18152e-30  Max(alpha1) = 1
Total solver time is 10
BiCGStab:  Solving for pd, Initial residual = 0.00218453, Final residual = 0.000106606, No Iterations 88
Total solver time is 7
BiCGStab:  Solving for pd, Initial residual = 0.00183287, Final residual = 9.0429e-05, No Iterations 60
Total solver time is 42
BiCGStab:  Solving for pd, Initial residual = 0.00146351, Final residual = 9.31334e-08, No Iterations 362
time step continuity errors : sum local = 6.75974e-12, global = 3.25247e-24, cumulative = 2.91753e-24
ExecutionTime = 453.18 s  ClockTime = 474 s

Courant Number mean: 2.44104e-05 max: 0.00683224 velocity magnitude: 0.106754
Time = 0.006

MULES: Solving for alpha1
Liquid phase volume fraction = 0.00275421  Min(alpha1) = -1.35365e-29  Max(alpha1) = 1
MULES: Solving for alpha1
Liquid phase volume fraction = 0.00275421  Min(alpha1) = -3.90881e-29  Max(alpha1) = 1
Total solver time is 10
BiCGStab:  Solving for pd, Initial residual = 0.00226826, Final residual = 0.000112641, No Iterations 86
Total solver time is 8
BiCGStab:  Solving for pd, Initial residual = 0.00122669, Final residual = 5.62702e-05, No Iterations 68
Total solver time is 62
BiCGStab:  Solving for pd, Initial residual = 0.000730552, Final residual = 9.93726e-08, No Iterations 527
time step continuity errors : sum local = 8.44757e-12, global = 2.21767e-24, cumulative = 5.13521e-24
ExecutionTime = 543.44 s  ClockTime = 565 s

Courant Number mean: 2.95372e-05 max: 0.0076354 velocity magnitude: 0.119303
Time = 0.007

MULES: Solving for alpha1
Liquid phase volume fraction = 0.00275421  Min(alpha1) = -2.81249e-29  Max(alpha1) = 1
MULES: Solving for alpha1
Liquid phase volume fraction = 0.00275421  Min(alpha1) = -3.49095e-29  Max(alpha1) = 1
Total solver time is 10
BiCGStab:  Solving for pd, Initial residual = 0.00232185, Final residual = 0.000111566, No Iterations 86
Total solver time is 8
BiCGStab:  Solving for pd, Initial residual = 0.00113731, Final residual = 4.97599e-05, No Iterations 75
Total solver time is 38
BiCGStab:  Solving for pd, Initial residual = 0.000559362, Final residual = 5.93004e-08, No Iterations 323
time step continuity errors : sum local = 4.66882e-12, global = -5.53067e-24, cumulative = -3.95461e-25
ExecutionTime = 610.43 s  ClockTime = 632 s

Courant Number mean: 3.46699e-05 max: 0.00834275 velocity magnitude: 0.130355
Time = 0.008

MULES: Solving for alpha1
Liquid phase volume fraction = 0.00275421  Min(alpha1) = -5.56797e-29  Max(alpha1) = 1
MULES: Solving for alpha1
Liquid phase volume fraction = 0.00275421  Min(alpha1) = -5.46435e-29  Max(alpha1) = 1
Total solver time is 9
BiCGStab:  Solving for pd, Initial residual = 0.00235948, Final residual = 0.00011765, No Iterations 78
Total solver time is 9
BiCGStab:  Solving for pd, Initial residual = 0.00111573, Final residual = 5.51957e-05, No Iterations 77
Total solver time is 40
BiCGStab:  Solving for pd, Initial residual = 0.000484998, Final residual = 9.55429e-08, No Iterations 343
time step continuity errors : sum local = 6.37313e-12, global = -4.14038e-24, cumulative = -4.53584e-24
ExecutionTime = 679.07 s  ClockTime = 701 s

Courant Number mean: 3.98167e-05 max: 0.00903606 velocity magnitude: 0.140269
Time = 0.009

MULES: Solving for alpha1
Liquid phase volume fraction = 0.00275421  Min(alpha1) = -4.73834e-29  Max(alpha1) = 1
MULES: Solving for alpha1
Liquid phase volume fraction = 0.00275421  Min(alpha1) = -3.40482e-29  Max(alpha1) = 1
Total solver time is 8
BiCGStab:  Solving for pd, Initial residual = 0.00241982, Final residual = 0.000120059, No Iterations 74
Total solver time is 8
BiCGStab:  Solving for pd, Initial residual = 0.00107414, Final residual = 4.73227e-05, No Iterations 72
Total solver time is 38
BiCGStab:  Solving for pd, Initial residual = 0.000397002, Final residual = 9.90727e-08, No Iterations 323
time step continuity errors : sum local = 6.56662e-12, global = 3.12061e-24, cumulative = -1.41524e-24
ExecutionTime = 744.15 s  ClockTime = 766 s

Courant Number mean: 4.49828e-05 max: 0.00971684 velocity magnitude: 0.149274
Time = 0.01

MULES: Solving for alpha1
Liquid phase volume fraction = 0.00275421  Min(alpha1) = -4.25822e-29  Max(alpha1) = 1
MULES: Solving for alpha1
Liquid phase volume fraction = 0.00275421  Min(alpha1) = -3.86481e-29  Max(alpha1) = 1
Total solver time is 8
BiCGStab:  Solving for pd, Initial residual = 0.00258219, Final residual = 0.000128859, No Iterations 68
Total solver time is 8
BiCGStab:  Solving for pd, Initial residual = 0.00106733, Final residual = 5.23702e-05, No Iterations 68
Total solver time is 40
BiCGStab:  Solving for pd, Initial residual = 0.00035663, Final residual = 5.70498e-08, No Iterations 340
time step continuity errors : sum local = 4.86307e-12, global = -5.61987e-24, cumulative = -7.0351e-24
ExecutionTime = 810.38 s  ClockTime = 833 s

End

Finalising parallel run
