 Data for JOB [32625,1] offset 0

 ========================   JOB MAP   ========================

 Data for node: ivb112	Num slots: 6	Max slots: 0	Num procs: 6
 	Process OMPI jobid: [32625,1] App: 0 Process rank: 0
 	Process OMPI jobid: [32625,1] App: 0 Process rank: 1
 	Process OMPI jobid: [32625,1] App: 0 Process rank: 2
 	Process OMPI jobid: [32625,1] App: 0 Process rank: 3
 	Process OMPI jobid: [32625,1] App: 0 Process rank: 4
 	Process OMPI jobid: [32625,1] App: 0 Process rank: 5

 Data for node: ivb113	Num slots: 6	Max slots: 0	Num procs: 6
 	Process OMPI jobid: [32625,1] App: 0 Process rank: 6
 	Process OMPI jobid: [32625,1] App: 0 Process rank: 7
 	Process OMPI jobid: [32625,1] App: 0 Process rank: 8
 	Process OMPI jobid: [32625,1] App: 0 Process rank: 9
 	Process OMPI jobid: [32625,1] App: 0 Process rank: 10
 	Process OMPI jobid: [32625,1] App: 0 Process rank: 11

 Data for node: ivb114	Num slots: 6	Max slots: 0	Num procs: 6
 	Process OMPI jobid: [32625,1] App: 0 Process rank: 12
 	Process OMPI jobid: [32625,1] App: 0 Process rank: 13
 	Process OMPI jobid: [32625,1] App: 0 Process rank: 14
 	Process OMPI jobid: [32625,1] App: 0 Process rank: 15
 	Process OMPI jobid: [32625,1] App: 0 Process rank: 16
 	Process OMPI jobid: [32625,1] App: 0 Process rank: 17

 Data for node: ivb124	Num slots: 6	Max slots: 0	Num procs: 6
 	Process OMPI jobid: [32625,1] App: 0 Process rank: 18
 	Process OMPI jobid: [32625,1] App: 0 Process rank: 19
 	Process OMPI jobid: [32625,1] App: 0 Process rank: 20
 	Process OMPI jobid: [32625,1] App: 0 Process rank: 21
 	Process OMPI jobid: [32625,1] App: 0 Process rank: 22
 	Process OMPI jobid: [32625,1] App: 0 Process rank: 23

 =============================================================
[ivb112:08327] MCW rank 0 bound to socket 0[core 0[hwt 0]]: [B/././././././././.][./././././././././.]
[ivb112:08327] MCW rank 1 bound to socket 0[core 1[hwt 0]]: [./B/./././././././.][./././././././././.]
[ivb112:08327] MCW rank 2 bound to socket 0[core 2[hwt 0]]: [././B/././././././.][./././././././././.]
[ivb112:08327] MCW rank 3 bound to socket 0[core 3[hwt 0]]: [./././B/./././././.][./././././././././.]
[ivb112:08327] MCW rank 4 bound to socket 0[core 4[hwt 0]]: [././././B/././././.][./././././././././.]
[ivb112:08327] MCW rank 5 bound to socket 0[core 5[hwt 0]]: [./././././B/./././.][./././././././././.]
[ivb124:00325] MCW rank 21 bound to socket 0[core 3[hwt 0]]: [./././B/./././././.][./././././././././.]
[ivb124:00325] MCW rank 22 bound to socket 0[core 4[hwt 0]]: [././././B/././././.][./././././././././.]
[ivb124:00325] MCW rank 23 bound to socket 0[core 5[hwt 0]]: [./././././B/./././.][./././././././././.]
[ivb124:00325] MCW rank 18 bound to socket 0[core 0[hwt 0]]: [B/././././././././.][./././././././././.]
[ivb124:00325] MCW rank 19 bound to socket 0[core 1[hwt 0]]: [./B/./././././././.][./././././././././.]
[ivb124:00325] MCW rank 20 bound to socket 0[core 2[hwt 0]]: [././B/././././././.][./././././././././.]
[ivb114:38184] MCW rank 12 bound to socket 0[core 0[hwt 0]]: [B/././././././././.][./././././././././.]
[ivb114:38184] MCW rank 13 bound to socket 0[core 1[hwt 0]]: [./B/./././././././.][./././././././././.]
[ivb114:38184] MCW rank 14 bound to socket 0[core 2[hwt 0]]: [././B/././././././.][./././././././././.]
[ivb114:38184] MCW rank 15 bound to socket 0[core 3[hwt 0]]: [./././B/./././././.][./././././././././.]
[ivb114:38184] MCW rank 16 bound to socket 0[core 4[hwt 0]]: [././././B/././././.][./././././././././.]
[ivb114:38184] MCW rank 17 bound to socket 0[core 5[hwt 0]]: [./././././B/./././.][./././././././././.]
[ivb113:34097] MCW rank 6 bound to socket 0[core 0[hwt 0]]: [B/././././././././.][./././././././././.]
[ivb113:34097] MCW rank 7 bound to socket 0[core 1[hwt 0]]: [./B/./././././././.][./././././././././.]
[ivb113:34097] MCW rank 8 bound to socket 0[core 2[hwt 0]]: [././B/././././././.][./././././././././.]
[ivb113:34097] MCW rank 9 bound to socket 0[core 3[hwt 0]]: [./././B/./././././.][./././././././././.]
[ivb113:34097] MCW rank 10 bound to socket 0[core 4[hwt 0]]: [././././B/././././.][./././././././././.]
[ivb113:34097] MCW rank 11 bound to socket 0[core 5[hwt 0]]: [./././././B/./././.][./././././././././.]
/home-2/vplatonov/bin/nvmps: line 18: CUDEV%CUDEV_N: division by 0 (error token is "CUDEV_N")
/home-2/vplatonov/bin/nvmps: line 18: CUDEV%CUDEV_N: division by 0 (error token is "CUDEV_N")
/bin/bash: line 1: 1: command not found
/home-2/vplatonov/bin/nvmps: line 18: CUDEV%CUDEV_N: division by 0 (error token is "CUDEV_N")
/bin/bash: line 2: 2: command not found
/home-2/vplatonov/bin/nvmps: line 18: CUDEV%CUDEV_N: division by 0 (error token is "CUDEV_N")
/home-2/vplatonov/bin/nvmps: line 18: CUDEV%CUDEV_N: division by 0 (error token is "CUDEV_N")
/home-2/vplatonov/bin/nvmps: line 18: CUDEV%CUDEV_N: division by 0 (error token is "CUDEV_N")
/bin/bash: line 3: 3: command not found
/bin/bash: line 4: 4: command not found
/home-2/vplatonov/bin/nvmps: line 18: CUDEV%CUDEV_N: division by 0 (error token is "CUDEV_N")
mkdir: cannot create directory ‘/tmp/nvidia-mps-vplatonov-0’: File exists
/bin/bash: line 1: 1: command not found
/bin/bash: line 2: 2: command not found
/bin/bash: line 3: 3: command not found
/home-2/vplatonov/bin/nvmps: line 18: CUDEV%CUDEV_N: division by 0 (error token is "CUDEV_N")
/bin/bash: line 4: 4: command not found
/home-2/vplatonov/bin/nvmps: line 18: CUDEV%CUDEV_N: division by 0 (error token is "CUDEV_N")
/home-2/vplatonov/bin/nvmps: line 18: CUDEV%CUDEV_N: division by 0 (error token is "CUDEV_N")
/home-2/vplatonov/bin/nvmps: line 18: CUDEV%CUDEV_N: division by 0 (error token is "CUDEV_N")
/home-2/vplatonov/bin/nvmps: line 18: CUDEV%CUDEV_N: division by 0 (error token is "CUDEV_N")
mkdir: cannot create directory ‘/tmp/nvidia-mps-vplatonov-0’: File exists
/bin/bash: line 1: 1: command not found
/bin/bash: line 2: 2: command not found
/bin/bash: line 3: 3: command not found
/bin/bash: line 4: 4: command not found
mkdir: cannot create directory ‘/tmp/nvidia-mps-vplatonov-0’: File exists
/bin/bash: line 1: 1: command not found
/home-2/vplatonov/bin/nvmps: line 18: CUDEV%CUDEV_N: division by 0 (error token is "CUDEV_N")
/home-2/vplatonov/bin/nvmps: line 18: CUDEV%CUDEV_N: division by 0 (error token is "CUDEV_N")
/home-2/vplatonov/bin/nvmps: line 18: CUDEV%CUDEV_N: division by 0 (error token is "CUDEV_N")
/bin/bash: line 2: 2: command not found
/bin/bash: line 3: 3: command not found
/bin/bash: line 4: 4: command not found
/home-2/vplatonov/bin/nvmps: line 18: CUDEV%CUDEV_N: division by 0 (error token is "CUDEV_N")
/home-2/vplatonov/bin/nvmps: line 18: CUDEV%CUDEV_N: division by 0 (error token is "CUDEV_N")
/home-2/vplatonov/bin/nvmps: line 18: CUDEV%CUDEV_N: division by 0 (error token is "CUDEV_N")
/home-2/vplatonov/bin/nvmps: line 18: CUDEV%CUDEV_N: division by 0 (error token is "CUDEV_N")
/home-2/vplatonov/bin/nvmps: line 18: CUDEV%CUDEV_N: division by 0 (error token is "CUDEV_N")
/home-2/vplatonov/bin/nvmps: line 18: CUDEV%CUDEV_N: division by 0 (error token is "CUDEV_N")
/bin/bash: line 1: 1: command not found
/home-2/vplatonov/bin/nvmps: line 18: CUDEV%CUDEV_N: division by 0 (error token is "CUDEV_N")
mkdir: cannot create directory ‘/tmp/nvidia-mps-vplatonov-0’: File exists
/home-2/vplatonov/bin/nvmps: line 18: CUDEV%CUDEV_N: division by 0 (error token is "CUDEV_N")
/home-2/vplatonov/bin/nvmps: line 18: CUDEV%CUDEV_N: division by 0 (error token is "CUDEV_N")
/bin/bash: line 1: 1: command not found
/bin/bash: line 2: 2: command not found
/bin/bash: line 3: 3: command not found
/bin/bash: line 4: 4: command not found
/bin/bash: line 2: 2: command not found
mkdir: cannot create directory ‘/tmp/nvidia-mps-vplatonov-0’: File exists
/bin/bash: line 1: 1: command not found
/bin/bash: line 2: 2: command not found
/bin/bash: line 3: 3: command not found
/bin/bash: line 3: 3: command not found
/bin/bash: line 1: 1: command not found
/bin/bash: line 4: 4: command not found
/bin/bash: line 2: 2: command not found
/bin/bash: line 4: 4: command not found
/bin/bash: line 3: 3: command not found
/bin/bash: line 1: 1: command not found
/bin/bash: line 4: 4: command not found
mkdir: cannot create directory ‘/tmp/nvidia-mps-vplatonov-0’: File exists
/bin/bash: line 1: 1: command not found
/bin/bash: line 2: 2: command not found
/bin/bash: line 2: 2: command not found
/bin/bash: line 3: 3: command not found
/bin/bash: line 4: 4: command not found
mkdir: cannot create directory ‘/tmp/nvidia-mps-vplatonov-0’: File exists
/bin/bash: line 1: 1: command not found
/bin/bash: line 2: 2: command not found
/bin/bash: line 3: 3: command not found
/bin/bash: line 4: 4: command not found
/bin/bash: line 3: 3: command not found
mkdir: cannot create directory ‘/tmp/nvidia-mps-vplatonov-0’: File exists
/bin/bash: line 1: 1: command not found
/bin/bash: line 2: 2: command not found
mkdir: cannot create directory ‘/tmp/nvidia-mps-vplatonov-0’: File exists
/bin/bash: line 3: 3: command not found
/bin/bash: line 4: 4: command not found
/bin/bash: line 1: 1: command not found
/bin/bash: line 2: 2: command not found
/bin/bash: line 3: 3: command not found
/bin/bash: line 4: 4: command not found
mkdir: cannot create directory ‘/tmp/nvidia-mps-vplatonov-0’: File exists
/bin/bash: line 1: 1: command not found
/bin/bash: line 2: 2: command not found
/bin/bash: line 3: 3: command not found
/bin/bash: line 4: 4: command not found
/bin/bash: line 4: 4: command not found
mkdir: cannot create directory ‘/tmp/nvidia-mps-vplatonov-0’: File exists
/bin/bash: line 1: 1: command not found
/bin/bash: line 2: 2: command not found
/bin/bash: line 3: 3: command not found
mkdir: cannot create directory ‘/tmp/nvidia-mps-vplatonov-0’: File exists
/bin/bash: line 1: 1: command not found
/bin/bash: line 4: 4: command not found
/bin/bash: line 2: 2: command not found
/bin/bash: line 3: 3: command not found
/bin/bash: line 4: 4: command not found
mkdir: cannot create directory ‘/tmp/nvidia-mps-vplatonov-0’: File exists
/bin/bash: line 1: 1: command not found
/bin/bash: line 2: 2: command not found
/bin/bash: line 3: 3: command not found
mkdir: cannot create directory ‘/tmp/nvidia-mps-vplatonov-0’: File exists
/bin/bash: line 4: 4: command not found
/bin/bash: line 1: 1: command not found
mkdir: cannot create directory ‘/tmp/nvidia-mps-vplatonov-0’: File exists
/bin/bash: line 2: 2: command not found
/bin/bash: line 1: 1: command not found
/bin/bash: line 3: 3: command not found
/bin/bash: line 2: 2: command not found
/bin/bash: line 4: 4: command not found
/bin/bash: line 3: 3: command not found
/bin/bash: line 4: 4: command not found
mkdir: cannot create directory ‘/tmp/nvidia-mps-vplatonov-0’: File exists
mkdir: cannot create directory ‘/tmp/nvidia-mps-vplatonov-0’: File exists
/bin/bash: line 1: 1: command not found
/bin/bash: line 1: 1: command not found
/bin/bash: line 2: 2: command not found
/bin/bash: line 3: 3: command not found
/bin/bash: line 2: 2: command not found
/bin/bash: line 4: 4: command not found
/bin/bash: line 3: 3: command not found
/bin/bash: line 4: 4: command not found
mkdir: cannot create directory ‘/tmp/nvidia-mps-vplatonov-0’: File exists
/bin/bash: line 1: 1: command not found
/bin/bash: line 2: 2: command not found
/bin/bash: line 3: 3: command not found
/bin/bash: line 4: 4: command not found
mkdir: cannot create directory ‘/tmp/nvidia-mps-vplatonov-0’: File exists
/bin/bash: line 1: 1: command not found
/bin/bash: line 2: 2: command not found
/bin/bash: line 3: 3: command not found
/bin/bash: line 4: 4: command not found
mkdir: cannot create directory ‘/tmp/nvidia-mps-vplatonov-0’: File exists
/bin/bash: line 1: 1: command not found
/bin/bash: line 2: 2: command not found
/bin/bash: line 3: 3: command not found
/bin/bash: line 4: 4: command not found
/*---------------------------------------------------------------------------*\
| =========                 |                                                 |
| \\      /  F ield         | foam-extend: Open Source CFD                    |
|  \\    /   O peration     | Version:     3.1                                |
|   \\  /    A nd           | Web:         http://www.extend-project.de       |
|    \\/     M anipulation  |                                                 |
\*---------------------------------------------------------------------------*/
Build    : 3.1-e2da948002a2
Exec     : pimpleDyMFoam -parallel
Date     : May 23 2016
Time     : 15:56:38
Host     : ivb112
PID      : 8379
CtrlDict : /home-2/vplatonov/foam/foam-extend-3.1/etc/controlDict
Case     : /home/vplatonov/tests/3D-mesh1-of3.1
nProcs   : 24
Slaves : 
23
(
ivb112.8403
ivb112.8411
ivb112.8395
ivb112.8418
ivb112.8387
ivb113.34140
ivb113.34155
ivb113.34178
ivb113.34163
ivb113.34171
ivb113.34147
ivb114.38249
ivb114.38257
ivb114.38226
ivb114.38241
ivb114.38264
ivb114.38233
ivb124.396
ivb124.372
ivb124.405
ivb124.388
ivb124.380
ivb124.412
)

Pstream initialized with:
    floatTransfer     : 0
    nProcsSimpleSum   : 0
    commsType         : blocking
SigFpe   : Enabling floating point exception trapping (FOAM_SIGFPE).

// * * * * * * * * * * * * * * * * * * * * * * * * * * * * * * * * * * * * * //
Create time

Create dynamic mesh for time = 0

Selecting dynamicFvMesh dynamicMotionSolverFvMesh
Selecting motion solver: displacementLaplacian
Selecting motion diffusion: quadratic
Selecting motion diffusion: inverseDistance
Reading field p

Reading field U

Reading/calculating face flux field phi

Selecting incompressible transport model Newtonian
Selecting turbulence model type LESModel
Selecting LES turbulence model oneEqEddy
oneEqEddyCoeffs
{
    ce              1.048;
    ck              0.094;
}

Reading field rAU if present


Starting time loop

Courant Number mean: 0 max: 0.0007592825 velocity magnitude: 0.4779
Reading old state
Before setting displacements
GAMGPCG:  Solving for cellDisplacementx, Initial residual = 0, Final residual = 0, No Iterations 0
GAMGPCG:  Solving for cellDisplacementy, Initial residual = 0, Final residual = 0, No Iterations 0
GAMGPCG:  Solving for cellDisplacementz, Initial residual = 0, Final residual = 0, No Iterations 0
Time = 5e-06

GAMGPCG:  Solving for cellDisplacementx, Initial residual = 0, Final residual = 0, No Iterations 0
GAMGPCG:  Solving for cellDisplacementy, Initial residual = 0, Final residual = 0, No Iterations 0
GAMGPCG:  Solving for cellDisplacementz, Initial residual = 0, Final residual = 0, No Iterations 0
volume continuity errors : volume = 4.535015, max error = 0, sum local = 0, global = 0
smoothSolver:  Solving for Ux, Initial residual = 1, Final residual = 3.764172e-08, No Iterations 1
smoothSolver:  Solving for Uy, Initial residual = 1, Final residual = 4.611591e-08, No Iterations 1
smoothSolver:  Solving for Uz, Initial residual = 0.9999962, Final residual = 4.046585e-08, No Iterations 1
Created persistent data with name p
Computing AINV with droptol 0.02
GPU: 804 iters: 12.66811 s: 15.17915 GB/s
GPUPCG:  Solving for p, Initial residual = 1, Final residual = 0.009903566, No Iterations 804
Computing AINV with droptol 0.02
GPU: 162 iters: 2.565359 s: 15.10325 GB/s
GPUPCG:  Solving for p, Initial residual = 0.0004703557, Final residual = 9.993837e-06, No Iterations 162
time step continuity errors : sum local = 2.250025e-09, global = -1.792732e-12, cumulative = -1.792732e-12
Moving mesh time step continuity errors : sum local = 2.250025e-09, global = -1.792732e-12, cumulative = -3.585464e-12
GPU: 147 iters: 2.260824 s: 15.55084 GB/s
GPUPCG:  Solving for p, Initial residual = 0.0001094278, Final residual = 9.749908e-06, No Iterations 147
GPU: 747 iters: 11.62838 s: 15.36401 GB/s
GPUPCG:  Solving for p, Initial residual = 4.624272e-05, Final residual = 9.948978e-08, No Iterations 747
time step continuity errors : sum local = 2.241054e-11, global = -2.775694e-13, cumulative = -3.863034e-12
Moving mesh time step continuity errors : sum local = 2.241054e-11, global = -2.775694e-13, cumulative = -4.140603e-12
smoothSolver:  Solving for k, Initial residual = 1, Final residual = 2.557365e-11, No Iterations 2
ExecutionTime = 66.28 s  ClockTime = 68 s

Courant Number mean: 7.680251e-05 max: 0.00286507 velocity magnitude: 0.9550923
yForce = 1.610368
Y= 2.486224e-12
Vy= 9.944888e-07
Time = 1e-05

GAMGPCG:  Solving for cellDisplacementx, Initial residual = 0, Final residual = 0, No Iterations 0
GAMGPCG:  Solving for cellDisplacementy, Initial residual = 1, Final residual = 1.160985e-08, No Iterations 1
GAMGPCG:  Solving for cellDisplacementz, Initial residual = 0, Final residual = 0, No Iterations 0
volume continuity errors : volume = 4.535015, max error = 1.025864e-08, sum local = 6.135867e-15, global = -4.537007e-18
smoothSolver:  Solving for Ux, Initial residual = 0.9975504, Final residual = 1.33359e-06, No Iterations 1
smoothSolver:  Solving for Uy, Initial residual = 0.3333219, Final residual = 2.479745e-06, No Iterations 1
smoothSolver:  Solving for Uz, Initial residual = 0.3188084, Final residual = 1.720956e-06, No Iterations 1
GPU: 803 iters: 12.40858 s: 15.47736 GB/s
GPUPCG:  Solving for p, Initial residual = 0.003643892, Final residual = 3.586016e-05, No Iterations 803
GPU: 259 iters: 3.998999 s: 15.49002 GB/s
GPUPCG:  Solving for p, Initial residual = 0.001403719, Final residual = 1.390239e-05, No Iterations 259
time step continuity errors : sum local = 1.044995e-09, global = -1.043872e-12, cumulative = -5.184475e-12
Moving mesh time step continuity errors : sum local = 1.044995e-09, global = -1.043872e-12, cumulative = -6.228347e-12
GPU: 306 iters: 4.632408 s: 15.79858 GB/s
GPUPCG:  Solving for p, Initial residual = 0.0003130951, Final residual = 9.993024e-06, No Iterations 306
GPU: 707 iters: 10.3931 s: 16.26962 GB/s
GPUPCG:  Solving for p, Initial residual = 0.0001184291, Final residual = 9.892568e-08, No Iterations 707
time step continuity errors : sum local = 7.428169e-12, global = -9.063449e-14, cumulative = -6.318981e-12
Moving mesh time step continuity errors : sum local = 7.428169e-12, global = -9.063449e-14, cumulative = -6.409616e-12
smoothSolver:  Solving for k, Initial residual = 0.00878022, Final residual = 8.025575e-09, No Iterations 1
ExecutionTime = 107.64 s  ClockTime = 110 s

Courant Number mean: 7.680481e-05 max: 0.002856925 velocity magnitude: 0.9523773
yForce = -3.155048
Y= 2.58763e-12
Vy= -9.539249e-07
Time = 1.5e-05

GAMGPCG:  Solving for cellDisplacementx, Initial residual = 0, Final residual = 0, No Iterations 0
GAMGPCG:  Solving for cellDisplacementy, Initial residual = 0.03967122, Final residual = 4.867779e-09, No Iterations 1
GAMGPCG:  Solving for cellDisplacementz, Initial residual = 0, Final residual = 0, No Iterations 0
volume continuity errors : volume = 4.535015, max error = 1.138943e-08, sum local = 6.848464e-15, global = 3.441632e-18
smoothSolver:  Solving for Ux, Initial residual = 0.9921624, Final residual = 1.32795e-06, No Iterations 1
smoothSolver:  Solving for Uy, Initial residual = 0.1846662, Final residual = 1.468382e-06, No Iterations 1
smoothSolver:  Solving for Uz, Initial residual = 0.752211, Final residual = 3.802234e-06, No Iterations 1
GPU: 733 iters: 10.89565 s: 16.08993 GB/s
GPUPCG:  Solving for p, Initial residual = 0.002800859, Final residual = 2.788043e-05, No Iterations 733
GPU: 285 iters: 4.106319 s: 16.59952 GB/s
GPUPCG:  Solving for p, Initial residual = 0.09899194, Final residual = 0.0009813606, No Iterations 285
time step continuity errors : sum local = 3.43149e-10, global = -5.615866e-13, cumulative = -6.971202e-12
Moving mesh time step continuity errors : sum local = 3.43149e-10, global = -5.615866e-13, cumulative = -7.532789e-12
GPU: 436 iters: 6.797193 s: 15.34123 GB/s
GPUPCG:  Solving for p, Initial residual = 0.02241145, Final residual = 0.0002224714, No Iterations 436
GPU: 925 iters: 14.24436 s: 15.5311 GB/s
GPUPCG:  Solving for p, Initial residual = 0.007530811, Final residual = 9.724868e-08, No Iterations 925
time step continuity errors : sum local = 3.088389e-14, global = -1.997971e-17, cumulative = -7.532809e-12
Moving mesh time step continuity errors : sum local = 3.088389e-14, global = -1.997971e-17, cumulative = -7.532829e-12
smoothSolver:  Solving for k, Initial residual = 0.003835068, Final residual = 3.565662e-09, No Iterations 1
ExecutionTime = 153.72 s  ClockTime = 156 s

Courant Number mean: 7.68053e-05 max: 0.002858857 velocity magnitude: 0.9530214
yForce = 1.128309
Y= -4.400111e-13
Vy= -2.571321e-07
Time = 2e-05

GAMGPCG:  Solving for cellDisplacementx, Initial residual = 0, Final residual = 0, No Iterations 0
GAMGPCG:  Solving for cellDisplacementy, Initial residual = 1, Final residual = 1.097783e-08, No Iterations 1
GAMGPCG:  Solving for cellDisplacementz, Initial residual = 0, Final residual = 0, No Iterations 0
volume continuity errors : volume = 4.535015, max error = 1.216539e-08, sum local = 6.833507e-15, global = 1.753193e-18
smoothSolver:  Solving for Ux, Initial residual = 0.05067165, Final residual = 8.736859e-08, No Iterations 1
smoothSolver:  Solving for Uy, Initial residual = 0.01317872, Final residual = 1.546794e-07, No Iterations 1
smoothSolver:  Solving for Uz, Initial residual = 0.8952797, Final residual = 4.587072e-06, No Iterations 1
GPU: 107 iters: 1.625468 s: 15.74377 GB/s
GPUPCG:  Solving for p, Initial residual = 0.2265759, Final residual = 0.002225736, No Iterations 107
GPU: 367 iters: 5.326397 s: 16.47919 GB/s
GPUPCG:  Solving for p, Initial residual = 0.01250758, Final residual = 0.0001234211, No Iterations 367
time step continuity errors : sum local = 3.329567e-11, global = -3.035749e-12, cumulative = -1.056858e-11
Moving mesh time step continuity errors : sum local = 3.329567e-11, global = -3.035749e-12, cumulative = -1.360433e-11
GPU: 570 iters: 9.028292 s: 15.09985 GB/s
GPUPCG:  Solving for p, Initial residual = 0.004237509, Final residual = 4.186747e-05, No Iterations 570
GPU: 871 iters: 12.83435 s: 16.23109 GB/s
GPUPCG:  Solving for p, Initial residual = 0.001800995, Final residual = 9.992852e-08, No Iterations 871
time step continuity errors : sum local = 2.679736e-14, global = -1.324593e-16, cumulative = -1.360446e-11
Moving mesh time step continuity errors : sum local = 2.679736e-14, global = -1.324593e-16, cumulative = -1.360459e-11
smoothSolver:  Solving for k, Initial residual = 0.002273127, Final residual = 2.172718e-09, No Iterations 1
ExecutionTime = 192.66 s  ClockTime = 195 s

Courant Number mean: 7.680586e-05 max: 0.002856743 velocity magnitude: 0.9523164
yForce = -0.1744264
Y= -1.994965e-12
Vy= -3.648494e-07
Time = 2.5e-05

GAMGPCG:  Solving for cellDisplacementx, Initial residual = 0, Final residual = 0, No Iterations 0
GAMGPCG:  Solving for cellDisplacementy, Initial residual = 0.5601384, Final residual = 1.027905e-08, No Iterations 1
GAMGPCG:  Solving for cellDisplacementz, Initial residual = 0, Final residual = 0, No Iterations 0
volume continuity errors : volume = 4.535015, max error = 1.211274e-08, sum local = 6.881481e-15, global = -3.245116e-18
smoothSolver:  Solving for Ux, Initial residual = 0.02707045, Final residual = 3.157886e-08, No Iterations 1
smoothSolver:  Solving for Uy, Initial residual = 0.004545495, Final residual = 5.436373e-08, No Iterations 1
smoothSolver:  Solving for Uz, Initial residual = 0.7565837, Final residual = 4.350889e-06, No Iterations 1
GPU: 30 iters: 0.5130599 s: 13.98481 GB/s
GPUPCG:  Solving for p, Initial residual = 0.1533817, Final residual = 0.001512314, No Iterations 30
GPU: 407 iters: 6.093391 s: 15.97492 GB/s
GPUPCG:  Solving for p, Initial residual = 0.003902899, Final residual = 3.902012e-05, No Iterations 407
time step continuity errors : sum local = 9.276976e-12, global = 6.077886e-13, cumulative = -1.29968e-11
Moving mesh time step continuity errors : sum local = 9.276976e-12, global = 6.077886e-13, cumulative = -1.238902e-11
GPU: 579 iters: 8.924733 s: 15.51625 GB/s
GPUPCG:  Solving for p, Initial residual = 0.001015175, Final residual = 1.00383e-05, No Iterations 579
GPU: 813 iters: 12.30682 s: 15.79968 GB/s
GPUPCG:  Solving for p, Initial residual = 0.0003977936, Final residual = 9.908347e-08, No Iterations 813
time step continuity errors : sum local = 2.34816e-14, global = -5.113451e-17, cumulative = -1.238907e-11
Moving mesh time step continuity errors : sum local = 2.34816e-14, global = -5.113451e-17, cumulative = -1.238912e-11
smoothSolver:  Solving for k, Initial residual = 0.001554794, Final residual = 1.530237e-09, No Iterations 1
ExecutionTime = 230.65 s  ClockTime = 233 s

Courant Number mean: 7.6806e-05 max: 0.002854609 velocity magnitude: 0.9516051
yForce = -0.2813841
Y= -4.253636e-12
Vy= -5.386188e-07
Time = 3e-05

GAMGPCG:  Solving for cellDisplacementx, Initial residual = 0, Final residual = 0, No Iterations 0
GAMGPCG:  Solving for cellDisplacementy, Initial residual = 0.5186845, Final residual = 7.652626e-09, No Iterations 1
GAMGPCG:  Solving for cellDisplacementz, Initial residual = 0, Final residual = 0, No Iterations 0
volume continuity errors : volume = 4.535015, max error = 1.306048e-08, sum local = 6.95529e-15, global = 6.64028e-18
smoothSolver:  Solving for Ux, Initial residual = 0.01761462, Final residual = 1.43179e-08, No Iterations 1
smoothSolver:  Solving for Uy, Initial residual = 0.001237502, Final residual = 2.457391e-08, No Iterations 1
smoothSolver:  Solving for Uz, Initial residual = 0.3735986, Final residual = 4.034342e-06, No Iterations 1
Computing AINV with droptol 0.02
GPU: 5 iters: 0.0874136 s: 13.68026 GB/s
GPUPCG:  Solving for p, Initial residual = 0.108863, Final residual = 0.000956728, No Iterations 5
GPU: 147 iters: 2.184353 s: 16.09526 GB/s
GPUPCG:  Solving for p, Initial residual = 0.001673805, Final residual = 1.648339e-05, No Iterations 147
time step continuity errors : sum local = 3.536454e-12, global = -1.219878e-16, cumulative = -1.238924e-11
Moving mesh time step continuity errors : sum local = 3.536454e-12, global = -1.219878e-16, cumulative = -1.238936e-11
GPU: 31 iters: 0.4802015 s: 15.43979 GB/s
GPUPCG:  Solving for p, Initial residual = 0.0002970303, Final residual = 9.335179e-06, No Iterations 31
GPU: 673 iters: 10.44547 s: 15.40957 GB/s
GPUPCG:  Solving for p, Initial residual = 0.0001154997, Final residual = 9.825077e-08, No Iterations 673
time step continuity errors : sum local = 2.106898e-14, global = 1.324149e-16, cumulative = -1.238923e-11
Moving mesh time step continuity errors : sum local = 2.106898e-14, global = 1.324149e-16, cumulative = -1.23891e-11
smoothSolver:  Solving for k, Initial residual = 0.001156912, Final residual = 1.164867e-09, No Iterations 1
ExecutionTime = 254.07 s  ClockTime = 256 s

Courant Number mean: 7.680609e-05 max: 0.002852247 velocity magnitude: 0.9508177
yForce = 0.2456833
Y= -6.567421e-12
Vy= -3.868953e-07
Time = 3.5e-05

GAMGPCG:  Solving for cellDisplacementx, Initial residual = 0, Final residual = 0, No Iterations 0
GAMGPCG:  Solving for cellDisplacementy, Initial residual = 0.3839517, Final residual = 5.776688e-09, No Iterations 1
GAMGPCG:  Solving for cellDisplacementz, Initial residual = 0, Final residual = 0, No Iterations 0
volume continuity errors : volume = 4.535015, max error = 1.347499e-08, sum local = 6.987028e-15, global = -1.309982e-18
smoothSolver:  Solving for Ux, Initial residual = 0.01352737, Final residual = 1.135036e-08, No Iterations 1
smoothSolver:  Solving for Uy, Initial residual = 0.0009593453, Final residual = 1.861636e-08, No Iterations 1
smoothSolver:  Solving for Uz, Initial residual = 0.2514825, Final residual = 2.9564e-06, No Iterations 1
GPU: 3 iters: 0.0672009 s: 10.67701 GB/s
GPUPCG:  Solving for p, Initial residual = 0.09114976, Final residual = 0.0008277811, No Iterations 3
GPU: 127 iters: 1.948454 s: 15.58895 GB/s
GPUPCG:  Solving for p, Initial residual = 0.001010735, Final residual = 9.985534e-06, No Iterations 127
time step continuity errors : sum local = 1.96726e-12, global = 6.222766e-17, cumulative = -1.238903e-11
Moving mesh time step continuity errors : sum local = 1.96726e-12, global = 6.222766e-17, cumulative = -1.238897e-11
GPU: 26 iters: 0.4234853 s: 14.6838 GB/s
GPUPCG:  Solving for p, Initial residual = 9.279362e-05, Final residual = 9.34316e-06, No Iterations 26
GPU: 689 iters: 10.75489 s: 15.32205 GB/s
GPUPCG:  Solving for p, Initial residual = 3.243202e-05, Final residual = 9.938417e-08, No Iterations 689
time step continuity errors : sum local = 1.957457e-14, global = -4.645221e-17, cumulative = -1.238902e-11
Moving mesh time step continuity errors : sum local = 1.957457e-14, global = -4.645221e-17, cumulative = -1.238906e-11
smoothSolver:  Solving for k, Initial residual = 0.0009097416, Final residual = 9.452049e-10, No Iterations 1
ExecutionTime = 277.35 s  ClockTime = 280 s

Courant Number mean: 7.680614e-05 max: 0.002849501 velocity magnitude: 0.9499024
yForce = -0.07347482
Y= -8.615333e-12
Vy= -4.322694e-07
Time = 4e-05

GAMGPCG:  Solving for cellDisplacementx, Initial residual = 0, Final residual = 0, No Iterations 0
GAMGPCG:  Solving for cellDisplacementy, Initial residual = 0.2801688, Final residual = 4.427093e-09, No Iterations 1
GAMGPCG:  Solving for cellDisplacementz, Initial residual = 0, Final residual = 0, No Iterations 0
volume continuity errors : volume = 4.535015, max error = 1.202404e-08, sum local = 6.992598e-15, global = -9.602216e-19
smoothSolver:  Solving for Ux, Initial residual = 0.01095197, Final residual = 9.422856e-09, No Iterations 1
smoothSolver:  Solving for Uy, Initial residual = 0.0008075068, Final residual = 1.499049e-08, No Iterations 1
smoothSolver:  Solving for Uz, Initial residual = 0.2161699, Final residual = 2.823874e-06, No Iterations 1
GPU: 3 iters: 0.06215242 s: 11.54427 GB/s
GPUPCG:  Solving for p, Initial residual = 0.07497277, Final residual = 0.0004488973, No Iterations 3
GPU: 41 iters: 0.6002976 s: 16.33505 GB/s
GPUPCG:  Solving for p, Initial residual = 0.0005932509, Final residual = 9.939548e-06, No Iterations 41
time step continuity errors : sum local = 1.819098e-12, global = -2.053903e-16, cumulative = -1.238927e-11
Moving mesh time step continuity errors : sum local = 1.819098e-12, global = -2.053903e-16, cumulative = -1.238948e-11
GPU: 3 iters: 0.059148 s: 12.13066 GB/s
GPUPCG:  Solving for p, Initial residual = 3.934276e-05, Final residual = 9.265417e-06, No Iterations 3
GPU: 685 iters: 10.25415 s: 15.97696 GB/s
GPUPCG:  Solving for p, Initial residual = 1.465852e-05, Final residual = 9.866934e-08, No Iterations 685
time step continuity errors : sum local = 1.805598e-14, global = 1.468079e-16, cumulative = -1.238933e-11
Moving mesh time step continuity errors : sum local = 1.805598e-14, global = 1.468079e-16, cumulative = -1.238918e-11
smoothSolver:  Solving for k, Initial residual = 0.000743692, Final residual = 7.921311e-10, No Iterations 1
ExecutionTime = 298.47 s  ClockTime = 301 s

Courant Number mean: 7.680616e-05 max: 0.002846381 velocity magnitude: 0.9488623
yForce = -0.01850179
Y= -1.080524e-11
Vy= -4.436946e-07
Time = 4.5e-05

GAMGPCG:  Solving for cellDisplacementx, Initial residual = 0, Final residual = 0, No Iterations 0
GAMGPCG:  Solving for cellDisplacementy, Initial residual = 0.2512698, Final residual = 3.927905e-09, No Iterations 1
GAMGPCG:  Solving for cellDisplacementz, Initial residual = 0, Final residual = 0, No Iterations 0
volume continuity errors : volume = 4.535015, max error = 1.439245e-08, sum local = 6.994171e-15, global = 3.291226e-19
smoothSolver:  Solving for Ux, Initial residual = 0.009356495, Final residual = 8.05908e-09, No Iterations 1
smoothSolver:  Solving for Uy, Initial residual = 0.000679253, Final residual = 1.242019e-08, No Iterations 1
smoothSolver:  Solving for Uz, Initial residual = 0.1707027, Final residual = 2.25641e-06, No Iterations 1
GPU: 3 iters: 0.05909174 s: 12.14221 GB/s
GPUPCG:  Solving for p, Initial residual = 0.06276943, Final residual = 0.0003577843, No Iterations 3
GPU: 19 iters: 0.2827219 s: 16.07302 GB/s
GPUPCG:  Solving for p, Initial residual = 0.0004632919, Final residual = 9.875664e-06, No Iterations 19
time step continuity errors : sum local = 1.693704e-12, global = 5.231118e-16, cumulative = -1.238866e-11
Moving mesh time step continuity errors : sum local = 1.693704e-12, global = 5.231118e-16, cumulative = -1.238814e-11
GPU: 1 iters: 0.03577459 s: 6.685419 GB/s
GPUPCG:  Solving for p, Initial residual = 2.550555e-05, Final residual = 9.294957e-06, No Iterations 1
GPU: 440 iters: 6.899965 s: 15.25138 GB/s
GPUPCG:  Solving for p, Initial residual = 1.060391e-05, Final residual = 9.850414e-08, No Iterations 440
time step continuity errors : sum local = 1.68927e-14, global = 1.678579e-15, cumulative = -1.238646e-11
Moving mesh time step continuity errors : sum local = 1.68927e-14, global = 1.678579e-15, cumulative = -1.238478e-11
smoothSolver:  Solving for k, Initial residual = 0.0006255963, Final residual = 6.820437e-10, No Iterations 1
ExecutionTime = 315.69 s  ClockTime = 318 s

Courant Number mean: 7.680615e-05 max: 0.00284288 velocity magnitude: 0.9482452
yForce = 0.03429087
Y= -1.297077e-11
Vy= -4.225174e-07
Time = 5e-05

GAMGPCG:  Solving for cellDisplacementx, Initial residual = 0, Final residual = 0, No Iterations 0
GAMGPCG:  Solving for cellDisplacementy, Initial residual = 0.2140259, Final residual = 3.261244e-09, No Iterations 1
GAMGPCG:  Solving for cellDisplacementz, Initial residual = 0, Final residual = 0, No Iterations 0
volume continuity errors : volume = 4.535015, max error = 1.263507e-08, sum local = 6.997982e-15, global = 1.124255e-19
smoothSolver:  Solving for Ux, Initial residual = 0.008276684, Final residual = 7.079035e-09, No Iterations 1
smoothSolver:  Solving for Uy, Initial residual = 0.0005942869, Final residual = 1.058885e-08, No Iterations 1
smoothSolver:  Solving for Uz, Initial residual = 0.1408722, Final residual = 1.722058e-06, No Iterations 1
GPU: 3 iters: 0.05744774 s: 12.48969 GB/s
GPUPCG:  Solving for p, Initial residual = 0.05636372, Final residual = 0.0002989986, No Iterations 3
GPU: 16 iters: 0.2503744 s: 15.28387 GB/s
GPUPCG:  Solving for p, Initial residual = 0.0003813906, Final residual = 9.87494e-06, No Iterations 16
time step continuity errors : sum local = 1.597974e-12, global = 3.614601e-15, cumulative = -1.238116e-11
Moving mesh time step continuity errors : sum local = 1.597974e-12, global = 3.614601e-15, cumulative = -1.237755e-11
GPU: 1 iters: 0.03373427 s: 7.089768 GB/s
GPUPCG:  Solving for p, Initial residual = 2.062536e-05, Final residual = 8.334398e-06, No Iterations 1
GPU: 664 iters: 10.34833 s: 15.34621 GB/s
GPUPCG:  Solving for p, Initial residual = 9.087007e-06, Final residual = 9.822829e-08, No Iterations 664
time step continuity errors : sum local = 1.589493e-14, global = -1.992228e-17, cumulative = -1.237757e-11
Moving mesh time step continuity errors : sum local = 1.589493e-14, global = -1.992228e-17, cumulative = -1.237759e-11
smoothSolver:  Solving for k, Initial residual = 0.0005378836, Final residual = 5.99721e-10, No Iterations 1
ExecutionTime = 336.33 s  ClockTime = 339 s

yForce = -0.01577463
Y= -1.510771e-11
Vy= -4.322585e-07
End

Finalising parallel run
