 Data for JOB [9701,1] offset 0

 ========================   JOB MAP   ========================

 Data for node: ivb112	Num slots: 12	Max slots: 0	Num procs: 12
 	Process OMPI jobid: [9701,1] App: 0 Process rank: 0
 	Process OMPI jobid: [9701,1] App: 0 Process rank: 1
 	Process OMPI jobid: [9701,1] App: 0 Process rank: 2
 	Process OMPI jobid: [9701,1] App: 0 Process rank: 3
 	Process OMPI jobid: [9701,1] App: 0 Process rank: 4
 	Process OMPI jobid: [9701,1] App: 0 Process rank: 5
 	Process OMPI jobid: [9701,1] App: 0 Process rank: 6
 	Process OMPI jobid: [9701,1] App: 0 Process rank: 7
 	Process OMPI jobid: [9701,1] App: 0 Process rank: 8
 	Process OMPI jobid: [9701,1] App: 0 Process rank: 9
 	Process OMPI jobid: [9701,1] App: 0 Process rank: 10
 	Process OMPI jobid: [9701,1] App: 0 Process rank: 11

 Data for node: ivb113	Num slots: 12	Max slots: 0	Num procs: 12
 	Process OMPI jobid: [9701,1] App: 0 Process rank: 12
 	Process OMPI jobid: [9701,1] App: 0 Process rank: 13
 	Process OMPI jobid: [9701,1] App: 0 Process rank: 14
 	Process OMPI jobid: [9701,1] App: 0 Process rank: 15
 	Process OMPI jobid: [9701,1] App: 0 Process rank: 16
 	Process OMPI jobid: [9701,1] App: 0 Process rank: 17
 	Process OMPI jobid: [9701,1] App: 0 Process rank: 18
 	Process OMPI jobid: [9701,1] App: 0 Process rank: 19
 	Process OMPI jobid: [9701,1] App: 0 Process rank: 20
 	Process OMPI jobid: [9701,1] App: 0 Process rank: 21
 	Process OMPI jobid: [9701,1] App: 0 Process rank: 22
 	Process OMPI jobid: [9701,1] App: 0 Process rank: 23

 =============================================================
[ivb112:31251] MCW rank 4 bound to socket 0[core 4[hwt 0]]: [././././B/././././.][./././././././././.]
[ivb112:31251] MCW rank 5 bound to socket 0[core 5[hwt 0]]: [./././././B/./././.][./././././././././.]
[ivb112:31251] MCW rank 6 bound to socket 0[core 6[hwt 0]]: [././././././B/././.][./././././././././.]
[ivb112:31251] MCW rank 7 bound to socket 0[core 7[hwt 0]]: [./././././././B/./.][./././././././././.]
[ivb112:31251] MCW rank 8 bound to socket 0[core 8[hwt 0]]: [././././././././B/.][./././././././././.]
[ivb112:31251] MCW rank 9 bound to socket 0[core 9[hwt 0]]: [./././././././././B][./././././././././.]
[ivb112:31251] MCW rank 10 bound to socket 1[core 10[hwt 0]]: [./././././././././.][B/././././././././.]
[ivb112:31251] MCW rank 11 bound to socket 1[core 11[hwt 0]]: [./././././././././.][./B/./././././././.]
[ivb112:31251] MCW rank 0 bound to socket 0[core 0[hwt 0]]: [B/././././././././.][./././././././././.]
[ivb112:31251] MCW rank 1 bound to socket 0[core 1[hwt 0]]: [./B/./././././././.][./././././././././.]
[ivb112:31251] MCW rank 2 bound to socket 0[core 2[hwt 0]]: [././B/././././././.][./././././././././.]
[ivb112:31251] MCW rank 3 bound to socket 0[core 3[hwt 0]]: [./././B/./././././.][./././././././././.]
[ivb113:06634] MCW rank 23 bound to socket 1[core 11[hwt 0]]: [./././././././././.][./B/./././././././.]
[ivb113:06634] MCW rank 12 bound to socket 0[core 0[hwt 0]]: [B/././././././././.][./././././././././.]
[ivb113:06634] MCW rank 13 bound to socket 0[core 1[hwt 0]]: [./B/./././././././.][./././././././././.]
[ivb113:06634] MCW rank 14 bound to socket 0[core 2[hwt 0]]: [././B/././././././.][./././././././././.]
[ivb113:06634] MCW rank 15 bound to socket 0[core 3[hwt 0]]: [./././B/./././././.][./././././././././.]
[ivb113:06634] MCW rank 16 bound to socket 0[core 4[hwt 0]]: [././././B/././././.][./././././././././.]
[ivb113:06634] MCW rank 17 bound to socket 0[core 5[hwt 0]]: [./././././B/./././.][./././././././././.]
[ivb113:06634] MCW rank 18 bound to socket 0[core 6[hwt 0]]: [././././././B/././.][./././././././././.]
[ivb113:06634] MCW rank 19 bound to socket 0[core 7[hwt 0]]: [./././././././B/./.][./././././././././.]
[ivb113:06634] MCW rank 20 bound to socket 0[core 8[hwt 0]]: [././././././././B/.][./././././././././.]
[ivb113:06634] MCW rank 21 bound to socket 0[core 9[hwt 0]]: [./././././././././B][./././././././././.]
[ivb113:06634] MCW rank 22 bound to socket 1[core 10[hwt 0]]: [./././././././././.][B/././././././././.]
/*---------------------------------------------------------------------------*\
| =========                 |                                                 |
| \\      /  F ield         | foam-extend: Open Source CFD                    |
|  \\    /   O peration     | Version:     3.1                                |
|   \\  /    A nd           | Web:         http://www.extend-project.de       |
|    \\/     M anipulation  |                                                 |
\*---------------------------------------------------------------------------*/
Build    : 3.1-e2da948002a2
Exec     : pimpleDyMFoam -parallel
Date     : May 24 2016
Time     : 21:14:14
Host     : ivb112
PID      : 31318
CtrlDict : /home-2/vplatonov/foam/foam-extend-3.1/etc/controlDict
Case     : /home/vplatonov/tests/3D-mesh1-of3.1
nProcs   : 24
Slaves : 
23
(
ivb112.31317
ivb112.31322
ivb112.31330
ivb112.31338
ivb112.31341
ivb112.31344
ivb112.31347
ivb112.31350
ivb112.31353
ivb112.31356
ivb112.31358
ivb113.6712
ivb113.6710
ivb113.6713
ivb113.6716
ivb113.6719
ivb113.6722
ivb113.6725
ivb113.6734
ivb113.6731
ivb113.6736
ivb113.6711
ivb113.6728
)

Pstream initialized with:
    floatTransfer     : 0
    nProcsSimpleSum   : 0
    commsType         : blocking
SigFpe   : Enabling floating point exception trapping (FOAM_SIGFPE).

// * * * * * * * * * * * * * * * * * * * * * * * * * * * * * * * * * * * * * //
Create time

Create dynamic mesh for time = 0

Selecting dynamicFvMesh dynamicMotionSolverFvMesh
Selecting motion solver: displacementLaplacian
Selecting motion diffusion: quadratic
Selecting motion diffusion: inverseDistance
Reading field p

Reading field U

Reading/calculating face flux field phi

Selecting incompressible transport model Newtonian
Selecting turbulence model type LESModel
Selecting LES turbulence model oneEqEddy
oneEqEddyCoeffs
{
    ce              1.048;
    ck              0.094;
}

Reading field rAU if present


Starting time loop

Courant Number mean: 0 max: 0.0007592825 velocity magnitude: 0.4779
Reading old state
Before setting displacements
GAMGPCG:  Solving for cellDisplacementx, Initial residual = 0, Final residual = 0, No Iterations 0
GAMGPCG:  Solving for cellDisplacementy, Initial residual = 0, Final residual = 0, No Iterations 0
GAMGPCG:  Solving for cellDisplacementz, Initial residual = 0, Final residual = 0, No Iterations 0
Time = 5e-06

GAMGPCG:  Solving for cellDisplacementx, Initial residual = 0, Final residual = 0, No Iterations 0
GAMGPCG:  Solving for cellDisplacementy, Initial residual = 0, Final residual = 0, No Iterations 0
GAMGPCG:  Solving for cellDisplacementz, Initial residual = 0, Final residual = 0, No Iterations 0
volume continuity errors : volume = 4.535015, max error = 0, sum local = 0, global = 0
smoothSolver:  Solving for Ux, Initial residual = 1, Final residual = 3.764172e-08, No Iterations 1
smoothSolver:  Solving for Uy, Initial residual = 1, Final residual = 4.611591e-08, No Iterations 1
smoothSolver:  Solving for Uz, Initial residual = 0.9999962, Final residual = 4.046585e-08, No Iterations 1
Created persistent data with name p
Computing AINV with droptol 0.02
GPU: 802 iters: 15.18498 s: 12.63065 GB/s
OGPUPCG:  Solving for p, Initial residual = 1, Final residual = 0.009993141, No Iterations 802
Computing AINV with droptol 0.02
GPU: 161 iters: 3.230873 s: 11.91713 GB/s
OGPUPCG:  Solving for p, Initial residual = 0.0004705451, Final residual = 9.966174e-06, No Iterations 161
time step continuity errors : sum local = 2.243797e-09, global = -1.805052e-12, cumulative = -1.805052e-12
Moving mesh time step continuity errors : sum local = 2.243797e-09, global = -1.805052e-12, cumulative = -3.610104e-12
GPU: 146 iters: 2.930988 s: 11.91254 GB/s
OGPUPCG:  Solving for p, Initial residual = 0.000109413, Final residual = 9.74974e-06, No Iterations 146
GPU: 746 iters: 14.93458 s: 11.94569 GB/s
OGPUPCG:  Solving for p, Initial residual = 4.624592e-05, Final residual = 9.987289e-08, No Iterations 746
time step continuity errors : sum local = 2.249683e-11, global = -2.76773e-13, cumulative = -3.886877e-12
Moving mesh time step continuity errors : sum local = 2.249683e-11, global = -2.76773e-13, cumulative = -4.16365e-12
smoothSolver:  Solving for k, Initial residual = 1, Final residual = 2.557358e-11, No Iterations 2
ExecutionTime = 72.23 s  ClockTime = 86 s

Courant Number mean: 7.680251e-05 max: 0.00286507 velocity magnitude: 0.9550923
yForce = 1.634729
Y= 2.523834e-12
Vy= 1.009533e-06
Time = 1e-05

GAMGPCG:  Solving for cellDisplacementx, Initial residual = 0, Final residual = 0, No Iterations 0
GAMGPCG:  Solving for cellDisplacementy, Initial residual = 1, Final residual = 1.160985e-08, No Iterations 1
GAMGPCG:  Solving for cellDisplacementz, Initial residual = 0, Final residual = 0, No Iterations 0
volume continuity errors : volume = 4.535015, max error = 1.091871e-08, sum local = 6.134135e-15, global = -5.008999e-18
smoothSolver:  Solving for Ux, Initial residual = 0.9975504, Final residual = 1.333585e-06, No Iterations 1
smoothSolver:  Solving for Uy, Initial residual = 0.3333218, Final residual = 2.479743e-06, No Iterations 1
smoothSolver:  Solving for Uz, Initial residual = 0.3190038, Final residual = 1.72381e-06, No Iterations 1
GPU: 801 iters: 16.01188 s: 11.96343 GB/s
OGPUPCG:  Solving for p, Initial residual = 0.003643891, Final residual = 3.620622e-05, No Iterations 801
GPU: 257 iters: 5.155286 s: 11.92191 GB/s
OGPUPCG:  Solving for p, Initial residual = 0.00140441, Final residual = 1.399962e-05, No Iterations 257
time step continuity errors : sum local = 1.052304e-09, global = -1.037122e-12, cumulative = -5.200772e-12
Moving mesh time step continuity errors : sum local = 1.052304e-09, global = -1.037122e-12, cumulative = -6.237893e-12
GPU: 304 iters: 6.075272 s: 11.96667 GB/s
OGPUPCG:  Solving for p, Initial residual = 0.0003132382, Final residual = 9.99747e-06, No Iterations 304
GPU: 707 iters: 14.10524 s: 11.98683 GB/s
OGPUPCG:  Solving for p, Initial residual = 0.0001184393, Final residual = 9.986202e-08, No Iterations 707
time step continuity errors : sum local = 7.498476e-12, global = -9.406448e-14, cumulative = -6.331958e-12
Moving mesh time step continuity errors : sum local = 7.498476e-12, global = -9.406448e-14, cumulative = -6.426022e-12
smoothSolver:  Solving for k, Initial residual = 0.008780219, Final residual = 8.02613e-09, No Iterations 1
ExecutionTime = 123.31 s  ClockTime = 139 s

Courant Number mean: 7.680481e-05 max: 0.002856925 velocity magnitude: 0.9523773
yForce = -3.224259
Y= 2.593607e-12
Vy= -9.816224e-07
Time = 1.5e-05

GAMGPCG:  Solving for cellDisplacementx, Initial residual = 0, Final residual = 0, No Iterations 0
GAMGPCG:  Solving for cellDisplacementy, Initial residual = 0.02723718, Final residual = 5.02505e-09, No Iterations 1
GAMGPCG:  Solving for cellDisplacementz, Initial residual = 0, Final residual = 0, No Iterations 0
volume continuity errors : volume = 4.535015, max error = 1.253649e-08, sum local = 6.850299e-15, global = 4.165685e-18
smoothSolver:  Solving for Ux, Initial residual = 0.9921623, Final residual = 1.327964e-06, No Iterations 1
smoothSolver:  Solving for Uy, Initial residual = 0.1846659, Final residual = 1.468387e-06, No Iterations 1
smoothSolver:  Solving for Uz, Initial residual = 0.7648662, Final residual = 3.863638e-06, No Iterations 1
GPU: 732 iters: 14.64281 s: 11.95507 GB/s
OGPUPCG:  Solving for p, Initial residual = 0.002800859, Final residual = 2.79945e-05, No Iterations 732
GPU: 284 iters: 5.663964 s: 11.99122 GB/s
OGPUPCG:  Solving for p, Initial residual = 0.09900967, Final residual = 0.0009755837, No Iterations 284
time step continuity errors : sum local = 3.411344e-10, global = -5.638177e-13, cumulative = -6.98984e-12
Moving mesh time step continuity errors : sum local = 3.411344e-10, global = -5.638177e-13, cumulative = -7.553658e-12
GPU: 435 iters: 8.69596 s: 11.96292 GB/s
OGPUPCG:  Solving for p, Initial residual = 0.02240697, Final residual = 0.0002238917, No Iterations 435
GPU: 923 iters: 18.43073 s: 11.97636 GB/s
OGPUPCG:  Solving for p, Initial residual = 0.007531829, Final residual = 9.960666e-08, No Iterations 923
time step continuity errors : sum local = 3.16329e-14, global = -1.704469e-17, cumulative = -7.553675e-12
Moving mesh time step continuity errors : sum local = 3.16329e-14, global = -1.704469e-17, cumulative = -7.553692e-12
smoothSolver:  Solving for k, Initial residual = 0.003835068, Final residual = 3.565804e-09, No Iterations 1
ExecutionTime = 180.21 s  ClockTime = 198 s

Courant Number mean: 7.68053e-05 max: 0.002858858 velocity magnitude: 0.9530215
yForce = 1.172063
Y= -5.049697e-13
Vy= -2.578087e-07
Time = 2e-05

GAMGPCG:  Solving for cellDisplacementx, Initial residual = 0, Final residual = 0, No Iterations 0
GAMGPCG:  Solving for cellDisplacementy, Initial residual = 1, Final residual = 1.117036e-08, No Iterations 1
GAMGPCG:  Solving for cellDisplacementz, Initial residual = 0, Final residual = 0, No Iterations 0
volume continuity errors : volume = 4.535015, max error = 1.299789e-08, sum local = 6.833125e-15, global = -1.221323e-18
smoothSolver:  Solving for Ux, Initial residual = 0.05067216, Final residual = 8.737498e-08, No Iterations 1
smoothSolver:  Solving for Uy, Initial residual = 0.01317862, Final residual = 1.546821e-07, No Iterations 1
smoothSolver:  Solving for Uz, Initial residual = 0.8916835, Final residual = 4.59863e-06, No Iterations 1
GPU: 106 iters: 2.128486 s: 11.90969 GB/s
OGPUPCG:  Solving for p, Initial residual = 0.2265759, Final residual = 0.00222361, No Iterations 106
GPU: 365 iters: 7.303549 s: 11.95156 GB/s
OGPUPCG:  Solving for p, Initial residual = 0.01250559, Final residual = 0.0001248006, No Iterations 365
time step continuity errors : sum local = 3.366776e-11, global = -3.009259e-12, cumulative = -1.056295e-11
Moving mesh time step continuity errors : sum local = 3.366776e-11, global = -3.009259e-12, cumulative = -1.357221e-11
GPU: 568 iters: 11.36166 s: 11.95562 GB/s
OGPUPCG:  Solving for p, Initial residual = 0.004238974, Final residual = 4.207642e-05, No Iterations 568
GPU: 870 iters: 17.35172 s: 11.99064 GB/s
OGPUPCG:  Solving for p, Initial residual = 0.001801268, Final residual = 9.884988e-08, No Iterations 870
time step continuity errors : sum local = 2.650808e-14, global = -1.268769e-16, cumulative = -1.357234e-11
Moving mesh time step continuity errors : sum local = 2.650808e-14, global = -1.268769e-16, cumulative = -1.357246e-11
smoothSolver:  Solving for k, Initial residual = 0.002273127, Final residual = 2.172709e-09, No Iterations 1
ExecutionTime = 228.6 s  ClockTime = 248 s

Courant Number mean: 7.680586e-05 max: 0.002856743 velocity magnitude: 0.9523164
yForce = -0.1803346
Y= -2.072429e-12
Vy= -3.691747e-07
Time = 2.5e-05

GAMGPCG:  Solving for cellDisplacementx, Initial residual = 0, Final residual = 0, No Iterations 0
GAMGPCG:  Solving for cellDisplacementy, Initial residual = 0.5493103, Final residual = 1.038987e-08, No Iterations 1
GAMGPCG:  Solving for cellDisplacementz, Initial residual = 0, Final residual = 0, No Iterations 0
volume continuity errors : volume = 4.535015, max error = 1.212299e-08, sum local = 6.891523e-15, global = -2.733527e-19
smoothSolver:  Solving for Ux, Initial residual = 0.0270706, Final residual = 3.157905e-08, No Iterations 1
smoothSolver:  Solving for Uy, Initial residual = 0.004545577, Final residual = 5.436346e-08, No Iterations 1
smoothSolver:  Solving for Uz, Initial residual = 0.7528589, Final residual = 4.392598e-06, No Iterations 1
Computing AINV with droptol 0.02
GPU: 29 iters: 0.5971317 s: 11.61431 GB/s
OGPUPCG:  Solving for p, Initial residual = 0.1533817, Final residual = 0.001510242, No Iterations 29
GPU: 406 iters: 8.132049 s: 11.93965 GB/s
OGPUPCG:  Solving for p, Initial residual = 0.003900861, Final residual = 3.880479e-05, No Iterations 406
time step continuity errors : sum local = 9.225769e-12, global = 6.079501e-13, cumulative = -1.296451e-11
Moving mesh time step continuity errors : sum local = 9.225769e-12, global = 6.079501e-13, cumulative = -1.235656e-11
GPU: 578 iters: 11.54056 s: 11.97751 GB/s
OGPUPCG:  Solving for p, Initial residual = 0.001014982, Final residual = 1.00364e-05, No Iterations 578
GPU: 812 iters: 16.21489 s: 11.97588 GB/s
OGPUPCG:  Solving for p, Initial residual = 0.0003977813, Final residual = 9.745634e-08, No Iterations 812
time step continuity errors : sum local = 2.309599e-14, global = -4.596821e-17, cumulative = -1.235661e-11
Moving mesh time step continuity errors : sum local = 2.309599e-14, global = -4.596821e-17, cumulative = -1.235666e-11
smoothSolver:  Solving for k, Initial residual = 0.001554794, Final residual = 1.530225e-09, No Iterations 1
ExecutionTime = 275.56 s  ClockTime = 297 s

Courant Number mean: 7.6806e-05 max: 0.002854609 velocity magnitude: 0.9516052
yForce = -0.2899149
Y= -4.365896e-12
Vy= -5.482122e-07
Time = 3e-05

GAMGPCG:  Solving for cellDisplacementx, Initial residual = 0, Final residual = 0, No Iterations 0
GAMGPCG:  Solving for cellDisplacementy, Initial residual = 0.5118614, Final residual = 7.569534e-09, No Iterations 1
GAMGPCG:  Solving for cellDisplacementz, Initial residual = 0, Final residual = 0, No Iterations 0
volume continuity errors : volume = 4.535015, max error = 1.299987e-08, sum local = 6.955165e-15, global = 8.397263e-18
smoothSolver:  Solving for Ux, Initial residual = 0.01761462, Final residual = 1.43178e-08, No Iterations 1
smoothSolver:  Solving for Uy, Initial residual = 0.001237489, Final residual = 2.45738e-08, No Iterations 1
smoothSolver:  Solving for Uz, Initial residual = 0.3733991, Final residual = 4.081916e-06, No Iterations 1
GPU: 4 iters: 0.09701888 s: 9.859825 GB/s
OGPUPCG:  Solving for p, Initial residual = 0.108863, Final residual = 0.0009567288, No Iterations 4
GPU: 145 iters: 2.906349 s: 11.93125 GB/s
OGPUPCG:  Solving for p, Initial residual = 0.001673806, Final residual = 1.669307e-05, No Iterations 145
time step continuity errors : sum local = 3.58144e-12, global = -1.297474e-16, cumulative = -1.235679e-11
Moving mesh time step continuity errors : sum local = 3.58144e-12, global = -1.297474e-16, cumulative = -1.235692e-11
GPU: 30 iters: 0.6108286 s: 11.74539 GB/s
OGPUPCG:  Solving for p, Initial residual = 0.0002972071, Final residual = 9.383772e-06, No Iterations 30
GPU: 675 iters: 13.51209 s: 11.94666 GB/s
OGPUPCG:  Solving for p, Initial residual = 0.0001155499, Final residual = 9.948326e-08, No Iterations 675
time step continuity errors : sum local = 2.133328e-14, global = 9.576643e-17, cumulative = -1.235682e-11
Moving mesh time step continuity errors : sum local = 2.133328e-14, global = 9.576643e-17, cumulative = -1.235672e-11
smoothSolver:  Solving for k, Initial residual = 0.001156912, Final residual = 1.164864e-09, No Iterations 1
ExecutionTime = 303.76 s  ClockTime = 326 s

Courant Number mean: 7.680609e-05 max: 0.002852247 velocity magnitude: 0.9508177
yForce = 0.2528508
Y= -6.716582e-12
Vy= -3.920624e-07
Time = 3.5e-05

GAMGPCG:  Solving for cellDisplacementx, Initial residual = 0, Final residual = 0, No Iterations 0
GAMGPCG:  Solving for cellDisplacementy, Initial residual = 0.3813533, Final residual = 5.878409e-09, No Iterations 1
GAMGPCG:  Solving for cellDisplacementz, Initial residual = 0, Final residual = 0, No Iterations 0
volume continuity errors : volume = 4.535015, max error = 1.204706e-08, sum local = 6.986315e-15, global = -3.976359e-18
smoothSolver:  Solving for Ux, Initial residual = 0.01352737, Final residual = 1.135034e-08, No Iterations 1
smoothSolver:  Solving for Uy, Initial residual = 0.0009593423, Final residual = 1.861635e-08, No Iterations 1
smoothSolver:  Solving for Uz, Initial residual = 0.2504154, Final residual = 2.983384e-06, No Iterations 1
GPU: 2 iters: 0.05920867 s: 8.078118 GB/s
OGPUPCG:  Solving for p, Initial residual = 0.09114974, Final residual = 0.0008277846, No Iterations 2
GPU: 145 iters: 2.919858 s: 11.87604 GB/s
OGPUPCG:  Solving for p, Initial residual = 0.001010735, Final residual = 9.996066e-06, No Iterations 145
time step continuity errors : sum local = 1.969334e-12, global = 5.573716e-17, cumulative = -1.235667e-11
Moving mesh time step continuity errors : sum local = 1.969334e-12, global = 5.573716e-17, cumulative = -1.235661e-11
GPU: 30 iters: 0.6124213 s: 11.71484 GB/s
OGPUPCG:  Solving for p, Initial residual = 9.305581e-05, Final residual = 9.932546e-06, No Iterations 30
GPU: 793 iters: 15.83861 s: 11.97351 GB/s
OGPUPCG:  Solving for p, Initial residual = 3.300951e-05, Final residual = 9.813918e-08, No Iterations 793
time step continuity errors : sum local = 1.932935e-14, global = -6.438711e-17, cumulative = -1.235668e-11
Moving mesh time step continuity errors : sum local = 1.932935e-14, global = -6.438711e-17, cumulative = -1.235674e-11
smoothSolver:  Solving for k, Initial residual = 0.0009097416, Final residual = 9.452018e-10, No Iterations 1
ExecutionTime = 334.18 s  ClockTime = 358 s

Courant Number mean: 7.680614e-05 max: 0.002849501 velocity magnitude: 0.9499024
yForce = -0.07586731
Y= -8.794023e-12
Vy= -4.389139e-07
Time = 4e-05

GAMGPCG:  Solving for cellDisplacementx, Initial residual = 0, Final residual = 0, No Iterations 0
GAMGPCG:  Solving for cellDisplacementy, Initial residual = 0.2772011, Final residual = 4.398833e-09, No Iterations 1
GAMGPCG:  Solving for cellDisplacementz, Initial residual = 0, Final residual = 0, No Iterations 0
volume continuity errors : volume = 4.535015, max error = 1.254255e-08, sum local = 6.995161e-15, global = -1.473272e-18
smoothSolver:  Solving for Ux, Initial residual = 0.01095198, Final residual = 9.422893e-09, No Iterations 1
smoothSolver:  Solving for Uy, Initial residual = 0.0008075211, Final residual = 1.499047e-08, No Iterations 1
smoothSolver:  Solving for Uz, Initial residual = 0.2235777, Final residual = 2.981837e-06, No Iterations 1
GPU: 3 iters: 0.0804519 s: 8.91765 GB/s
OGPUPCG:  Solving for p, Initial residual = 0.07497275, Final residual = 0.0003813243, No Iterations 3
GPU: 45 iters: 0.9193566 s: 11.70561 GB/s
OGPUPCG:  Solving for p, Initial residual = 0.000529707, Final residual = 9.68235e-06, No Iterations 45
time step continuity errors : sum local = 1.771985e-12, global = -2.555549e-16, cumulative = -1.2357e-11
Moving mesh time step continuity errors : sum local = 1.771985e-12, global = -2.555549e-16, cumulative = -1.235725e-11
GPU: 2 iters: 0.05988134 s: 7.987373 GB/s
OGPUPCG:  Solving for p, Initial residual = 3.759321e-05, Final residual = 9.69442e-06, No Iterations 2
GPU: 779 iters: 15.54622 s: 11.98335 GB/s
OGPUPCG:  Solving for p, Initial residual = 1.476802e-05, Final residual = 9.942147e-08, No Iterations 779
time step continuity errors : sum local = 1.819362e-14, global = 5.83201e-17, cumulative = -1.235719e-11
Moving mesh time step continuity errors : sum local = 1.819362e-14, global = 5.83201e-17, cumulative = -1.235714e-11
smoothSolver:  Solving for k, Initial residual = 0.000743692, Final residual = 7.921293e-10, No Iterations 1
ExecutionTime = 361.74 s  ClockTime = 386 s

Courant Number mean: 7.680616e-05 max: 0.002846381 velocity magnitude: 0.9488623
yForce = -0.01966135
Y= -1.101895e-11
Vy= -4.510552e-07
Time = 4.5e-05

GAMGPCG:  Solving for cellDisplacementx, Initial residual = 0, Final residual = 0, No Iterations 0
GAMGPCG:  Solving for cellDisplacementy, Initial residual = 0.2513551, Final residual = 3.829342e-09, No Iterations 1
GAMGPCG:  Solving for cellDisplacementz, Initial residual = 0, Final residual = 0, No Iterations 0
volume continuity errors : volume = 4.535015, max error = 1.217166e-08, sum local = 6.993458e-15, global = 1.647176e-18
smoothSolver:  Solving for Ux, Initial residual = 0.009356452, Final residual = 8.058874e-09, No Iterations 1
smoothSolver:  Solving for Uy, Initial residual = 0.0006792013, Final residual = 1.242012e-08, No Iterations 1
smoothSolver:  Solving for Uz, Initial residual = 0.1837627, Final residual = 2.401089e-06, No Iterations 1
GPU: 3 iters: 0.08040736 s: 8.92259 GB/s
OGPUPCG:  Solving for p, Initial residual = 0.06276933, Final residual = 0.0003210818, No Iterations 3
GPU: 21 iters: 0.4375493 s: 11.47778 GB/s
OGPUPCG:  Solving for p, Initial residual = 0.0004271628, Final residual = 9.285405e-06, No Iterations 21
time step continuity errors : sum local = 1.592454e-12, global = 2.463212e-16, cumulative = -1.235689e-11
Moving mesh time step continuity errors : sum local = 1.592454e-12, global = 2.463212e-16, cumulative = -1.235664e-11
GPU: 0 iters: 0.0193967 s: 0 GB/s
OGPUPCG:  Solving for p, Initial residual = 2.407245e-05, Final residual = 9.745968e-06, No Iterations 0
GPU: 499 iters: 9.970434 s: 11.96884 GB/s
OGPUPCG:  Solving for p, Initial residual = 1.050636e-05, Final residual = 9.922675e-08, No Iterations 499
time step continuity errors : sum local = 1.701662e-14, global = 1.395817e-15, cumulative = -1.235525e-11
Moving mesh time step continuity errors : sum local = 1.701662e-14, global = 1.395817e-15, cumulative = -1.235385e-11
smoothSolver:  Solving for k, Initial residual = 0.0006255963, Final residual = 6.820434e-10, No Iterations 1
ExecutionTime = 383.54 s  ClockTime = 408 s

Courant Number mean: 7.680615e-05 max: 0.00284288 velocity magnitude: 0.9482452
yForce = 0.03660871
Y= -1.32177e-11
Vy= -4.284467e-07
Time = 5e-05

GAMGPCG:  Solving for cellDisplacementx, Initial residual = 0, Final residual = 0, No Iterations 0
GAMGPCG:  Solving for cellDisplacementy, Initial residual = 0.2137913, Final residual = 3.326383e-09, No Iterations 1
GAMGPCG:  Solving for cellDisplacementz, Initial residual = 0, Final residual = 0, No Iterations 0
volume continuity errors : volume = 4.535015, max error = 1.253258e-08, sum local = 6.998545e-15, global = -1.543004e-18
smoothSolver:  Solving for Ux, Initial residual = 0.008276631, Final residual = 7.079099e-09, No Iterations 1
smoothSolver:  Solving for Uy, Initial residual = 0.0005942445, Final residual = 1.058852e-08, No Iterations 1
smoothSolver:  Solving for Uz, Initial residual = 0.1592645, Final residual = 1.800286e-06, No Iterations 1
GPU: 3 iters: 0.07738944 s: 9.27054 GB/s
OGPUPCG:  Solving for p, Initial residual = 0.05636375, Final residual = 0.0002398838, No Iterations 3
GPU: 16 iters: 0.3384138 s: 11.30674 GB/s
OGPUPCG:  Solving for p, Initial residual = 0.0003221392, Final residual = 9.681903e-06, No Iterations 16
time step continuity errors : sum local = 1.566736e-12, global = 3.182149e-15, cumulative = -1.235067e-11
Moving mesh time step continuity errors : sum local = 1.566736e-12, global = 3.182149e-15, cumulative = -1.234749e-11
GPU: 0 iters: 0.02054419 s: 0 GB/s
OGPUPCG:  Solving for p, Initial residual = 1.978215e-05, Final residual = 8.702948e-06, No Iterations 0
GPU: 713 iters: 14.21591 s: 11.99445 GB/s
OGPUPCG:  Solving for p, Initial residual = 9.043531e-06, Final residual = 9.932824e-08, No Iterations 713
time step continuity errors : sum local = 1.607291e-14, global = 1.229237e-16, cumulative = -1.234736e-11
Moving mesh time step continuity errors : sum local = 1.607291e-14, global = 1.229237e-16, cumulative = -1.234724e-11
smoothSolver:  Solving for k, Initial residual = 0.0005378836, Final residual = 5.997221e-10, No Iterations 1
ExecutionTime = 409.39 s  ClockTime = 435 s

yForce = -0.01715178
Y= -1.538641e-11
Vy= -4.390382e-07
End

Finalising parallel run
/home-2/vplatonov/bin/nvmps: line 33: 31338 Segmentation fault      "$@"
-------------------------------------------------------
Primary job  terminated normally, but 1 process returned
a non-zero exit code.. Per user-direction, the job has been aborted.
-------------------------------------------------------
slurmstepd: *** JOB 7587 ON ivb112 CANCELLED AT 2016-05-24T21:31:25 DUE TO TIME LIMIT ***
--------------------------------------------------------------------------
mpirun detected that one or more processes exited with non-zero status, thus causing
the job to be terminated. The first process to do so was:

  Process name: [[9701,1],4]
  Exit code:    139
--------------------------------------------------------------------------
