 Data for JOB [36405,1] offset 0

 ========================   JOB MAP   ========================

 Data for node: ivb124	Num slots: 12	Max slots: 0	Num procs: 12
 	Process OMPI jobid: [36405,1] App: 0 Process rank: 0
 	Process OMPI jobid: [36405,1] App: 0 Process rank: 1
 	Process OMPI jobid: [36405,1] App: 0 Process rank: 2
 	Process OMPI jobid: [36405,1] App: 0 Process rank: 3
 	Process OMPI jobid: [36405,1] App: 0 Process rank: 4
 	Process OMPI jobid: [36405,1] App: 0 Process rank: 5
 	Process OMPI jobid: [36405,1] App: 0 Process rank: 6
 	Process OMPI jobid: [36405,1] App: 0 Process rank: 7
 	Process OMPI jobid: [36405,1] App: 0 Process rank: 8
 	Process OMPI jobid: [36405,1] App: 0 Process rank: 9
 	Process OMPI jobid: [36405,1] App: 0 Process rank: 10
 	Process OMPI jobid: [36405,1] App: 0 Process rank: 11

 =============================================================
[ivb124:25879] MCW rank 1 bound to socket 0[core 1[hwt 0]]: [./B/./././././././.][./././././././././.]
[ivb124:25879] MCW rank 2 bound to socket 0[core 2[hwt 0]]: [././B/././././././.][./././././././././.]
[ivb124:25879] MCW rank 3 bound to socket 0[core 3[hwt 0]]: [./././B/./././././.][./././././././././.]
[ivb124:25879] MCW rank 4 bound to socket 0[core 4[hwt 0]]: [././././B/././././.][./././././././././.]
[ivb124:25879] MCW rank 5 bound to socket 0[core 5[hwt 0]]: [./././././B/./././.][./././././././././.]
[ivb124:25879] MCW rank 6 bound to socket 0[core 6[hwt 0]]: [././././././B/././.][./././././././././.]
[ivb124:25879] MCW rank 7 bound to socket 0[core 7[hwt 0]]: [./././././././B/./.][./././././././././.]
[ivb124:25879] MCW rank 8 bound to socket 0[core 8[hwt 0]]: [././././././././B/.][./././././././././.]
[ivb124:25879] MCW rank 9 bound to socket 0[core 9[hwt 0]]: [./././././././././B][./././././././././.]
[ivb124:25879] MCW rank 10 bound to socket 1[core 10[hwt 0]]: [./././././././././.][B/././././././././.]
[ivb124:25879] MCW rank 11 bound to socket 1[core 11[hwt 0]]: [./././././././././.][./B/./././././././.]
[ivb124:25879] MCW rank 0 bound to socket 0[core 0[hwt 0]]: [B/././././././././.][./././././././././.]
/*---------------------------------------------------------------------------*\
| =========                 |                                                 |
| \\      /  F ield         | foam-extend: Open Source CFD                    |
|  \\    /   O peration     | Version:     3.1                                |
|   \\  /    A nd           | Web:         http://www.extend-project.de       |
|    \\/     M anipulation  |                                                 |
\*---------------------------------------------------------------------------*/
Build    : 3.1-e2da948002a2
Exec     : pimpleDyMFoam -parallel
Date     : May 28 2016
Time     : 01:19:36
Host     : ivb124
PID      : 25941
CtrlDict : /home-2/vplatonov/foam/foam-extend-3.1/etc/controlDict
Case     : /home/vplatonov/tests/3D-mesh1-of3.1
nProcs   : 12
Slaves : 
11
(
ivb124.25942
ivb124.25948
ivb124.25955
ivb124.25965
ivb124.25968
ivb124.25971
ivb124.25974
ivb124.25977
ivb124.25980
ivb124.25983
ivb124.25985
)

Pstream initialized with:
    floatTransfer     : 0
    nProcsSimpleSum   : 0
    commsType         : blocking
SigFpe   : Enabling floating point exception trapping (FOAM_SIGFPE).

// * * * * * * * * * * * * * * * * * * * * * * * * * * * * * * * * * * * * * //
Create time

Create dynamic mesh for time = 0

Selecting dynamicFvMesh dynamicMotionSolverFvMesh
Selecting motion solver: displacementLaplacian
Selecting motion diffusion: quadratic
Selecting motion diffusion: inverseDistance
Reading field p

Reading field U

Reading/calculating face flux field phi

Selecting incompressible transport model Newtonian
Selecting turbulence model type LESModel
Selecting LES turbulence model oneEqEddy
oneEqEddyCoeffs
{
    ce              1.048;
    ck              0.094;
}

Reading field rAU if present


Starting time loop

Courant Number mean: 0 max: 0.0007592825 velocity magnitude: 0.4779
Reading old state
Before setting displacements
GAMGPCG:  Solving for cellDisplacementx, Initial residual = 0, Final residual = 0, No Iterations 0
GAMGPCG:  Solving for cellDisplacementy, Initial residual = 0, Final residual = 0, No Iterations 0
GAMGPCG:  Solving for cellDisplacementz, Initial residual = 0, Final residual = 0, No Iterations 0
Time = 5e-06

GAMGPCG:  Solving for cellDisplacementx, Initial residual = 0, Final residual = 0, No Iterations 0
GAMGPCG:  Solving for cellDisplacementy, Initial residual = 0, Final residual = 0, No Iterations 0
GAMGPCG:  Solving for cellDisplacementz, Initial residual = 0, Final residual = 0, No Iterations 0
volume continuity errors : volume = 4.535015, max error = 0, sum local = 0, global = 0
smoothSolver:  Solving for Ux, Initial residual = 1, Final residual = 2.908938e-08, No Iterations 1
smoothSolver:  Solving for Uy, Initial residual = 1, Final residual = 3.336054e-08, No Iterations 1
smoothSolver:  Solving for Uz, Initial residual = 0.9999962, Final residual = 2.828127e-08, No Iterations 1
Created persistent data with name p
Computing AINV with droptol 0.02
GPU: 457 iters: 20.57219 s: 11.4232 GB/s
Total exec time 20.57219
 Total comm time 0.8102693Pre time 0 Post time 0.8102693
SGPUBICGS:  Solving for p, Initial residual = 1, Final residual = 0.005531819, No Iterations 457
Computing AINV with droptol 0.02
GPU: 87 iters: 4.007067 s: 11.16465 GB/s
Total exec time 24.57926
 Total comm time 0.996587Pre time 0 Post time 0.996587
SGPUBICGS:  Solving for p, Initial residual = 0.0004621269, Final residual = 9.676283e-06, No Iterations 87
time step continuity errors : sum local = 2.175645e-09, global = -1.20086e-09, cumulative = -1.20086e-09
Moving mesh time step continuity errors : sum local = 2.175645e-09, global = -1.20086e-09, cumulative = -2.40172e-09
GPU: 82 iters: 3.760287 s: 11.2136 GB/s
Total exec time 28.33955
 Total comm time 1.135216Pre time 0 Post time 1.135216
SGPUBICGS:  Solving for p, Initial residual = 0.0001104343, Final residual = 9.714341e-06, No Iterations 82
GPU: 492 iters: 22.39008 s: 11.29957 GB/s
Total exec time 50.72963
 Total comm time 2.3049Pre time 0 Post time 2.3049
SGPUBICGS:  Solving for p, Initial residual = 4.638457e-05, Final residual = 9.974663e-08, No Iterations 492
time step continuity errors : sum local = 2.243903e-11, global = -3.604836e-12, cumulative = -2.405325e-09
Moving mesh time step continuity errors : sum local = 2.243903e-11, global = -3.604836e-12, cumulative = -2.408929e-09
smoothSolver:  Solving for k, Initial residual = 1, Final residual = 1.538507e-11, No Iterations 2
ExecutionTime = 105.75 s  ClockTime = 109 s

Courant Number mean: 7.674757e-05 max: 0.002864395 velocity magnitude: 0.9548674
yForce = -12.14185
Y= -1.874562e-11
Vy= -7.498244e-06
Time = 1e-05

GAMGPCG:  Solving for cellDisplacementx, Initial residual = 0, Final residual = 0, No Iterations 0
Total solver time is 0
Total solver time is 0
Total solver time is 0
GAMGPCG:  Solving for cellDisplacementy, Initial residual = 1, Final residual = 6.449245e-09, No Iterations 1
GAMGPCG:  Solving for cellDisplacementz, Initial residual = 0, Final residual = 0, No Iterations 0
volume continuity errors : volume = 4.535015, max error = 1.185759e-08, sum local = 6.274444e-15, global = 2.599209e-18
smoothSolver:  Solving for Ux, Initial residual = 0.9975329, Final residual = 9.187346e-07, No Iterations 1
smoothSolver:  Solving for Uy, Initial residual = 0.3324109, Final residual = 2.399677e-06, No Iterations 1
smoothSolver:  Solving for Uz, Initial residual = 0.3263885, Final residual = 7.189876e-07, No Iterations 1
GPU: 496 iters: 22.66142 s: 11.25504 GB/s
Total exec time 73.39105
 Total comm time 3.68029Pre time 0 Post time 3.68029
SGPUBICGS:  Solving for p, Initial residual = 0.003645035, Final residual = 3.298444e-05, No Iterations 496
GPU: 335 iters: 15.31185 s: 11.25044 GB/s
Total exec time 88.7029
 Total comm time 4.479328Pre time 0 Post time 4.479328
SGPUBICGS:  Solving for p, Initial residual = 0.001409236, Final residual = 1.369662e-05, No Iterations 335
time step continuity errors : sum local = 1.02104e-09, global = 6.284071e-10, cumulative = -1.780522e-09
Moving mesh time step continuity errors : sum local = 1.02104e-09, global = 6.284071e-10, cumulative = -1.152115e-09
GPU: 179 iters: 8.187 s: 11.24296 GB/s
Total exec time 96.8899
 Total comm time 5.001851Pre time 0 Post time 5.001851
SGPUBICGS:  Solving for p, Initial residual = 0.0003134882, Final residual = 8.770368e-06, No Iterations 179
GPU: 465 iters: 21.23296 s: 11.26146 GB/s
Total exec time 118.1229
 Total comm time 6.356119Pre time 0 Post time 6.356119
SGPUBICGS:  Solving for p, Initial residual = 0.0001183312, Final residual = 9.851436e-08, No Iterations 465
time step continuity errors : sum local = 7.37502e-12, global = 2.148042e-14, cumulative = -1.152094e-09
Moving mesh time step continuity errors : sum local = 7.37502e-12, global = 2.148042e-14, cumulative = -1.152072e-09
smoothSolver:  Solving for k, Initial residual = 0.008783069, Final residual = 4.940447e-09, No Iterations 1
ExecutionTime = 193.41 s  ClockTime = 198 s

Courant Number mean: 7.675214e-05 max: 0.002857041 velocity magnitude: 0.9524158
yForce = 22.43282
Y= -2.16031e-11
Vy= 6.355244e-06
Time = 1.5e-05

GAMGPCG:  Solving for cellDisplacementx, Initial residual = 0, Final residual = 0, No Iterations 0
Total solver time is 0
Total solver time is 0
Total solver time is 0
GAMGPCG:  Solving for cellDisplacementy, Initial residual = 0.1469263, Final residual = 2.113462e-09, No Iterations 1
GAMGPCG:  Solving for cellDisplacementz, Initial residual = 0, Final residual = 0, No Iterations 0
volume continuity errors : volume = 4.535015, max error = 1.21146e-08, sum local = 7.122601e-15, global = -6.453194e-19
smoothSolver:  Solving for Ux, Initial residual = 0.9921519, Final residual = 9.148467e-07, No Iterations 1
smoothSolver:  Solving for Uy, Initial residual = 0.1831121, Final residual = 1.477211e-06, No Iterations 1
smoothSolver:  Solving for Uz, Initial residual = 0.843252, Final residual = 1.760246e-06, No Iterations 1
GPU: 540 iters: 24.60893 s: 11.28375 GB/s
Total exec time 142.7318
 Total comm time 7.631359Pre time 0 Post time 7.631359
SGPUBICGS:  Solving for p, Initial residual = 0.002801803, Final residual = 2.663148e-05, No Iterations 540
GPU: 145 iters: 6.617208 s: 11.26797 GB/s
Total exec time 149.349
 Total comm time 7.976446Pre time 0 Post time 7.976446
SGPUBICGS:  Solving for p, Initial residual = 0.08600691, Final residual = 0.0008333221, No Iterations 145
time step continuity errors : sum local = 3.33955e-10, global = -1.80405e-10, cumulative = -1.332477e-09
Moving mesh time step continuity errors : sum local = 3.33955e-10, global = -1.80405e-10, cumulative = -1.512882e-09
GPU: 475 iters: 21.66601 s: 11.27371 GB/s
Total exec time 171.015
 Total comm time 9.172978Pre time 0 Post time 9.172978
SGPUBICGS:  Solving for p, Initial residual = 0.01969758, Final residual = 8.778896e-05, No Iterations 475
GPU: 656 iters: 29.96972 s: 11.25573 GB/s
Total exec time 200.9847
 Total comm time 10.9068Pre time 0 Post time 10.9068
SGPUBICGS:  Solving for p, Initial residual = 0.007361351, Final residual = 8.358125e-08, No Iterations 656
time step continuity errors : sum local = 2.645245e-14, global = -2.385463e-15, cumulative = -1.512885e-09
Moving mesh time step continuity errors : sum local = 2.645245e-14, global = -2.385463e-15, cumulative = -1.512887e-09
smoothSolver:  Solving for k, Initial residual = 0.003835746, Final residual = 1.957531e-09, No Iterations 1
ExecutionTime = 296.29 s  ClockTime = 303 s

Courant Number mean: 7.675237e-05 max: 0.002858843 velocity magnitude: 0.9530167
yForce = -5.221977
Y= 2.110964e-12
Vy= 3.130383e-06
Time = 2e-05

GAMGPCG:  Solving for cellDisplacementx, Initial residual = 0, Final residual = 0, No Iterations 0
Total solver time is 0
Total solver time is 0
Total solver time is 0
GAMGPCG:  Solving for cellDisplacementy, Initial residual = 1, Final residual = 3.222986e-09, No Iterations 1
GAMGPCG:  Solving for cellDisplacementz, Initial residual = 0, Final residual = 0, No Iterations 0
volume continuity errors : volume = 4.535015, max error = 1.209712e-08, sum local = 7.113829e-15, global = 8.251825e-19
smoothSolver:  Solving for Ux, Initial residual = 0.0509754, Final residual = 8.76584e-08, No Iterations 1
smoothSolver:  Solving for Uy, Initial residual = 0.01344337, Final residual = 1.72154e-07, No Iterations 1
smoothSolver:  Solving for Uz, Initial residual = 0.8917688, Final residual = 2.08796e-06, No Iterations 1
GPU: 43 iters: 1.98154 s: 11.15881 GB/s
Total exec time 202.9663
 Total comm time 10.99637Pre time 0 Post time 10.99637
SGPUBICGS:  Solving for p, Initial residual = 0.2264461, Final residual = 0.002245857, No Iterations 43
GPU: 124 iters: 5.660406 s: 11.26488 GB/s
Total exec time 208.6267
 Total comm time 11.30901Pre time 0 Post time 11.30901
SGPUBICGS:  Solving for p, Initial residual = 0.01248777, Final residual = 0.0001202854, No Iterations 124
time step continuity errors : sum local = 3.24606e-11, global = -2.67097e-13, cumulative = -1.513154e-09
Moving mesh time step continuity errors : sum local = 3.24606e-11, global = -2.67097e-13, cumulative = -1.513421e-09
GPU: 155 iters: 7.078706 s: 11.25979 GB/s
Total exec time 215.7054
 Total comm time 11.63617Pre time 0 Post time 11.63617
SGPUBICGS:  Solving for p, Initial residual = 0.004246793, Final residual = 4.11255e-05, No Iterations 155
GPU: 693 iters: 31.62245 s: 11.26912 GB/s
Total exec time 247.3278
 Total comm time 13.4019Pre time 0 Post time 13.4019
SGPUBICGS:  Solving for p, Initial residual = 0.001813439, Final residual = 9.48524e-08, No Iterations 693
time step continuity errors : sum local = 2.550089e-14, global = -3.977022e-16, cumulative = -1.513422e-09
Moving mesh time step continuity errors : sum local = 2.550089e-14, global = -3.977022e-16, cumulative = -1.513422e-09
smoothSolver:  Solving for k, Initial residual = 0.002273412, Final residual = 1.107491e-09, No Iterations 1
ExecutionTime = 363.81 s  ClockTime = 371 s

Courant Number mean: 7.675299e-05 max: 0.00285674 velocity magnitude: 0.9523154
yForce = -1.270428
Y= 1.580147e-11
Vy= 2.34582e-06
Time = 2.5e-05

GAMGPCG:  Solving for cellDisplacementx, Initial residual = 0, Final residual = 0, No Iterations 0
Total solver time is 0
Total solver time is 0
Total solver time is 0
GAMGPCG:  Solving for cellDisplacementy, Initial residual = 0.7314952, Final residual = 5.411794e-09, No Iterations 1
GAMGPCG:  Solving for cellDisplacementz, Initial residual = 0, Final residual = 0, No Iterations 0
volume continuity errors : volume = 4.535015, max error = 1.119589e-08, sum local = 7.133055e-15, global = 4.606287e-19
smoothSolver:  Solving for Ux, Initial residual = 0.02708599, Final residual = 3.523636e-08, No Iterations 1
smoothSolver:  Solving for Uy, Initial residual = 0.004546198, Final residual = 6.309324e-08, No Iterations 1
smoothSolver:  Solving for Uz, Initial residual = 0.8761639, Final residual = 2.121541e-06, No Iterations 1
GPU: 9 iters: 0.4430299 s: 10.44628 GB/s
Total exec time 247.7709
 Total comm time 13.43311Pre time 0 Post time 13.43311
SGPUBICGS:  Solving for p, Initial residual = 0.1534268, Final residual = 0.001480733, No Iterations 9
GPU: 135 iters: 6.205344 s: 11.18717 GB/s
Total exec time 253.9762
 Total comm time 13.84658Pre time 0 Post time 13.84658
SGPUBICGS:  Solving for p, Initial residual = 0.003658796, Final residual = 3.546738e-05, No Iterations 135
time step continuity errors : sum local = 8.427863e-12, global = -1.030458e-13, cumulative = -1.513525e-09
Moving mesh time step continuity errors : sum local = 8.427863e-12, global = -1.030458e-13, cumulative = -1.513628e-09
GPU: 156 iters: 7.134807 s: 11.24332 GB/s
Total exec time 261.111
 Total comm time 14.22644Pre time 0 Post time 14.22644
SGPUBICGS:  Solving for p, Initial residual = 0.0009155779, Final residual = 9.607281e-06, No Iterations 156
GPU: 541 iters: 24.65722 s: 11.2825 GB/s
Total exec time 285.7682
 Total comm time 15.52496Pre time 0 Post time 15.52496
SGPUBICGS:  Solving for p, Initial residual = 0.0003191372, Final residual = 8.899072e-08, No Iterations 541
time step continuity errors : sum local = 2.110795e-14, global = -1.31907e-14, cumulative = -1.513641e-09
Moving mesh time step continuity errors : sum local = 2.110795e-14, global = -1.31907e-14, cumulative = -1.513655e-09
smoothSolver:  Solving for k, Initial residual = 0.001554947, Final residual = 7.439533e-10, No Iterations 1
ExecutionTime = 423.74 s  ClockTime = 432 s

Courant Number mean: 7.675311e-05 max: 0.002854616 velocity magnitude: 0.9516075
yForce = 2.519439
Y= 3.142028e-11
Vy= 3.901705e-06
Time = 3e-05

GAMGPCG:  Solving for cellDisplacementx, Initial residual = 0, Final residual = 0, No Iterations 0
Total solver time is 0
Total solver time is 0
Total solver time is 0
GAMGPCG:  Solving for cellDisplacementy, Initial residual = 0.5241538, Final residual = 2.26567e-09, No Iterations 1
GAMGPCG:  Solving for cellDisplacementz, Initial residual = 0, Final residual = 0, No Iterations 0
volume continuity errors : volume = 4.535015, max error = 1.306596e-08, sum local = 7.152323e-15, global = -4.009612e-19
smoothSolver:  Solving for Ux, Initial residual = 0.01761757, Final residual = 1.835818e-08, No Iterations 1
smoothSolver:  Solving for Uy, Initial residual = 0.001232675, Final residual = 3.228657e-08, No Iterations 1
smoothSolver:  Solving for Uz, Initial residual = 0.3329039, Final residual = 3.067616e-06, No Iterations 1
GPU: 3 iters: 0.1699215 s: 9.078734 GB/s
Total exec time 285.9382
 Total comm time 15.53378Pre time 0 Post time 15.53378
SGPUBICGS:  Solving for p, Initial residual = 0.1088493, Final residual = 0.0007259093, No Iterations 3
GPU: 48 iters: 2.218068 s: 11.12804 GB/s
Total exec time 288.1562
 Total comm time 15.64219Pre time 0 Post time 15.64219
SGPUBICGS:  Solving for p, Initial residual = 0.001335359, Final residual = 1.231687e-05, No Iterations 48
time step continuity errors : sum local = 2.642359e-12, global = -3.081096e-14, cumulative = -1.513685e-09
Moving mesh time step continuity errors : sum local = 2.642359e-12, global = -3.081096e-14, cumulative = -1.513716e-09
GPU: 36 iters: 1.671792 s: 11.07319 GB/s
Total exec time 289.828
 Total comm time 15.76293Pre time 0 Post time 15.76293
SGPUBICGS:  Solving for p, Initial residual = 0.0002608597, Final residual = 9.705942e-06, No Iterations 36
GPU: 505 iters: 23.02165 s: 11.27995 GB/s
Total exec time 312.8497
 Total comm time 16.92989Pre time 0 Post time 16.92989
SGPUBICGS:  Solving for p, Initial residual = 0.0001013066, Final residual = 3.949852e-08, No Iterations 505
time step continuity errors : sum local = 8.470389e-15, global = 7.313725e-17, cumulative = -1.513716e-09
Moving mesh time step continuity errors : sum local = 8.470389e-15, global = 7.313725e-17, cumulative = -1.513716e-09
smoothSolver:  Solving for k, Initial residual = 0.001157001, Final residual = 5.465637e-10, No Iterations 1
ExecutionTime = 471.4 s  ClockTime = 480 s

Courant Number mean: 7.675318e-05 max: 0.002852247 velocity magnitude: 0.9508179
yForce = -1.273174
Y= 4.896316e-11
Vy= 3.115446e-06
Time = 3.5e-05

GAMGPCG:  Solving for cellDisplacementx, Initial residual = 0, Final residual = 0, No Iterations 0
Total solver time is 0
Total solver time is 0
Total solver time is 0
GAMGPCG:  Solving for cellDisplacementy, Initial residual = 0.4287974, Final residual = 2.878308e-09, No Iterations 1
GAMGPCG:  Solving for cellDisplacementz, Initial residual = 0, Final residual = 0, No Iterations 0
volume continuity errors : volume = 4.535015, max error = 1.202957e-08, sum local = 7.152542e-15, global = -1.865407e-19
smoothSolver:  Solving for Ux, Initial residual = 0.01353373, Final residual = 1.44901e-08, No Iterations 1
smoothSolver:  Solving for Uy, Initial residual = 0.0009610656, Final residual = 2.426856e-08, No Iterations 1
smoothSolver:  Solving for Uz, Initial residual = 0.3800013, Final residual = 4.719906e-06, No Iterations 1
GPU: 2 iters: 0.1249767 s: 8.22912 GB/s
Total exec time 312.9746
 Total comm time 16.92996Pre time 0 Post time 16.92996
SGPUBICGS:  Solving for p, Initial residual = 0.09114047, Final residual = 0.0003970937, No Iterations 2
GPU: 23 iters: 1.07228 s: 11.02991 GB/s
Total exec time 314.0469
 Total comm time 16.99116Pre time 0 Post time 16.99116
SGPUBICGS:  Solving for p, Initial residual = 0.0005752613, Final residual = 9.605075e-06, No Iterations 23
time step continuity errors : sum local = 1.892202e-12, global = 2.20288e-14, cumulative = -1.513694e-09
Moving mesh time step continuity errors : sum local = 1.892202e-12, global = 2.20288e-14, cumulative = -1.513672e-09
GPU: 9 iters: 0.4448433 s: 10.4037 GB/s
Total exec time 314.4918
 Total comm time 17.00465Pre time 0 Post time 17.00465
SGPUBICGS:  Solving for p, Initial residual = 8.334057e-05, Final residual = 9.072772e-06, No Iterations 9
GPU: 265 iters: 12.0938 s: 11.2677 GB/s
Total exec time 326.5856
 Total comm time 17.60138Pre time 0 Post time 17.60138
SGPUBICGS:  Solving for p, Initial residual = 2.928509e-05, Final residual = 9.948043e-08, No Iterations 265
time step continuity errors : sum local = 1.959477e-14, global = 1.956415e-14, cumulative = -1.513653e-09
Moving mesh time step continuity errors : sum local = 1.959477e-14, global = 1.956415e-14, cumulative = -1.513633e-09
smoothSolver:  Solving for k, Initial residual = 0.0009097998, Final residual = 4.377814e-10, No Iterations 1
ExecutionTime = 506.05 s  ClockTime = 515 s

Courant Number mean: 7.675326e-05 max: 0.002849503 velocity magnitude: 0.949903
yForce = 0.02062545
Y= 6.457222e-11
Vy= 3.128179e-06
Time = 4e-05

GAMGPCG:  Solving for cellDisplacementx, Initial residual = 0, Final residual = 0, No Iterations 0
Total solver time is 0
Total solver time is 0
Total solver time is 0
GAMGPCG:  Solving for cellDisplacementy, Initial residual = 0.3012257, Final residual = 2.416628e-09, No Iterations 1
GAMGPCG:  Solving for cellDisplacementz, Initial residual = 0, Final residual = 0, No Iterations 0
volume continuity errors : volume = 4.535015, max error = 1.284181e-08, sum local = 7.161737e-15, global = -4.570043e-19
smoothSolver:  Solving for Ux, Initial residual = 0.01095457, Final residual = 1.187514e-08, No Iterations 1
smoothSolver:  Solving for Uy, Initial residual = 0.0008055645, Final residual = 1.943105e-08, No Iterations 1
smoothSolver:  Solving for Uz, Initial residual = 0.3761126, Final residual = 4.13065e-06, No Iterations 1
Computing AINV with droptol 0.02
GPU: 2 iters: 0.1277159 s: 8.052621 GB/s
Total exec time 326.7133
 Total comm time 17.62932Pre time 0 Post time 17.62932
SGPUBICGS:  Solving for p, Initial residual = 0.0749732, Final residual = 0.0001625926, No Iterations 2
GPU: 9 iters: 0.4405761 s: 10.50446 GB/s
Total exec time 327.1539
 Total comm time 17.66346Pre time 0 Post time 17.66346
SGPUBICGS:  Solving for p, Initial residual = 0.0003061167, Final residual = 9.320155e-06, No Iterations 9
time step continuity errors : sum local = 1.705696e-12, global = 4.105561e-14, cumulative = -1.513592e-09
Moving mesh time step continuity errors : sum local = 1.705696e-12, global = 4.105561e-14, cumulative = -1.513551e-09
GPU: 2 iters: 0.1256878 s: 8.18256 GB/s
Total exec time 327.2795
 Total comm time 17.68027Pre time 0 Post time 17.68027
SGPUBICGS:  Solving for p, Initial residual = 3.610159e-05, Final residual = 9.759412e-06, No Iterations 2
GPU: 429 iters: 19.57516 s: 11.26949 GB/s
Total exec time 346.8547
 Total comm time 18.83852Pre time 0 Post time 18.83852
SGPUBICGS:  Solving for p, Initial residual = 1.536424e-05, Final residual = 8.875856e-08, No Iterations 429
time step continuity errors : sum local = 1.624288e-14, global = 6.728884e-15, cumulative = -1.513544e-09
Moving mesh time step continuity errors : sum local = 1.624288e-14, global = 6.728884e-15, cumulative = -1.513537e-09
smoothSolver:  Solving for k, Initial residual = 0.0007437326, Final residual = 3.630296e-10, No Iterations 1
ExecutionTime = 547.36 s  ClockTime = 557 s

Courant Number mean: 7.675326e-05 max: 0.002846383 velocity magnitude: 0.9488629
yForce = 0.3538364
Y= 8.075939e-11
Vy= 3.346687e-06
Time = 4.5e-05

GAMGPCG:  Solving for cellDisplacementx, Initial residual = 0, Final residual = 0, No Iterations 0
Total solver time is 0
Total solver time is 0
Total solver time is 0
GAMGPCG:  Solving for cellDisplacementy, Initial residual = 0.2596404, Final residual = 1.141138e-09, No Iterations 1
GAMGPCG:  Solving for cellDisplacementz, Initial residual = 0, Final residual = 0, No Iterations 0
volume continuity errors : volume = 4.535015, max error = 1.113982e-08, sum local = 7.165066e-15, global = 4.793892e-19
smoothSolver:  Solving for Ux, Initial residual = 0.00936029, Final residual = 1.007933e-08, No Iterations 1
smoothSolver:  Solving for Uy, Initial residual = 0.0006815571, Final residual = 1.602966e-08, No Iterations 1
smoothSolver:  Solving for Uz, Initial residual = 0.4414312, Final residual = 2.60974e-06, No Iterations 1
GPU: 2 iters: 0.127471 s: 8.068095 GB/s
Total exec time 346.9822
 Total comm time 18.84601Pre time 0 Post time 18.84601
SGPUBICGS:  Solving for p, Initial residual = 0.06277288, Final residual = 0.0001236138, No Iterations 2
GPU: 8 iters: 0.3966833 s: 10.37047 GB/s
Total exec time 347.3789
 Total comm time 18.85352Pre time 0 Post time 18.85352
SGPUBICGS:  Solving for p, Initial residual = 0.0002277377, Final residual = 9.384975e-06, No Iterations 8
time step continuity errors : sum local = 1.609518e-12, global = -1.684449e-14, cumulative = -1.513554e-09
Moving mesh time step continuity errors : sum local = 1.609518e-12, global = -1.684449e-14, cumulative = -1.513571e-09
GPU: 2 iters: 0.1263517 s: 8.139567 GB/s
Total exec time 347.5052
 Total comm time 18.8576Pre time 0 Post time 18.8576
SGPUBICGS:  Solving for p, Initial residual = 2.413787e-05, Final residual = 9.596831e-06, No Iterations 2
GPU: 241 iters: 10.99906 s: 11.26714 GB/s
Total exec time 358.5043
 Total comm time 19.30906Pre time 0 Post time 19.30906
SGPUBICGS:  Solving for p, Initial residual = 1.175736e-05, Final residual = 9.344943e-08, No Iterations 241
time step continuity errors : sum local = 1.602589e-14, global = 5.921056e-16, cumulative = -1.51357e-09
Moving mesh time step continuity errors : sum local = 1.602589e-14, global = 5.921056e-16, cumulative = -1.51357e-09
smoothSolver:  Solving for k, Initial residual = 0.0006256259, Final residual = 3.112451e-10, No Iterations 1
ExecutionTime = 580.06 s  ClockTime = 590 s

Courant Number mean: 7.675325e-05 max: 0.002842882 velocity magnitude: 0.9482458
yForce = -0.2236028
Y= 9.714759e-11
Vy= 3.208595e-06
Time = 5e-05

GAMGPCG:  Solving for cellDisplacementx, Initial residual = 0, Final residual = 0, No Iterations 0
Total solver time is 0
Total solver time is 0
Total solver time is 0
GAMGPCG:  Solving for cellDisplacementy, Initial residual = 0.2308214, Final residual = 1.606251e-09, No Iterations 1
GAMGPCG:  Solving for cellDisplacementz, Initial residual = 0, Final residual = 0, No Iterations 0
volume continuity errors : volume = 4.535015, max error = 1.296589e-08, sum local = 7.156077e-15, global = 5.391067e-19
smoothSolver:  Solving for Ux, Initial residual = 0.008275784, Final residual = 8.762245e-09, No Iterations 1
smoothSolver:  Solving for Uy, Initial residual = 0.0005941041, Final residual = 1.356634e-08, No Iterations 1
smoothSolver:  Solving for Uz, Initial residual = 0.2888489, Final residual = 1.653649e-06, No Iterations 1
GPU: 2 iters: 0.123462 s: 8.330078 GB/s
Total exec time 358.6277
 Total comm time 19.324Pre time 0 Post time 19.324
SGPUBICGS:  Solving for p, Initial residual = 0.05636673, Final residual = 9.624964e-05, No Iterations 2
GPU: 6 iters: 0.3059802 s: 10.08348 GB/s
Total exec time 358.9337
 Total comm time 19.3308Pre time 0 Post time 19.3308
SGPUBICGS:  Solving for p, Initial residual = 0.0001777071, Final residual = 9.527175e-06, No Iterations 6
time step continuity errors : sum local = 1.541692e-12, global = -3.306523e-15, cumulative = -1.513573e-09
Moving mesh time step continuity errors : sum local = 1.541692e-12, global = -3.306523e-15, cumulative = -1.513577e-09
GPU: 2 iters: 0.1249342 s: 8.231914 GB/s
Total exec time 359.0587
 Total comm time 19.33085Pre time 0 Post time 19.33085
SGPUBICGS:  Solving for p, Initial residual = 1.971459e-05, Final residual = 8.774518e-06, No Iterations 2
GPU: 107 iters: 4.885527 s: 11.26224 GB/s
Total exec time 363.9442
 Total comm time 19.59138Pre time 0 Post time 19.59138
SGPUBICGS:  Solving for p, Initial residual = 1.024282e-05, Final residual = 9.593097e-08, No Iterations 107
time step continuity errors : sum local = 1.552313e-14, global = -1.463947e-15, cumulative = -1.513578e-09
Moving mesh time step continuity errors : sum local = 1.552313e-14, global = -1.463947e-15, cumulative = -1.513579e-09
smoothSolver:  Solving for k, Initial residual = 0.0005379061, Final residual = 2.738469e-10, No Iterations 1
ExecutionTime = 607.15 s  ClockTime = 617 s

yForce = 0.03484377
Y= 1.132443e-10
Vy= 3.230108e-06
End

Finalising parallel run
