 Data for JOB [54756,1] offset 0

 ========================   JOB MAP   ========================

 Data for node: ivb106	Num slots: 6	Max slots: 0	Num procs: 6
 	Process OMPI jobid: [54756,1] App: 0 Process rank: 0
 	Process OMPI jobid: [54756,1] App: 0 Process rank: 1
 	Process OMPI jobid: [54756,1] App: 0 Process rank: 2
 	Process OMPI jobid: [54756,1] App: 0 Process rank: 3
 	Process OMPI jobid: [54756,1] App: 0 Process rank: 4
 	Process OMPI jobid: [54756,1] App: 0 Process rank: 5

 Data for node: ivb108	Num slots: 6	Max slots: 0	Num procs: 6
 	Process OMPI jobid: [54756,1] App: 0 Process rank: 6
 	Process OMPI jobid: [54756,1] App: 0 Process rank: 7
 	Process OMPI jobid: [54756,1] App: 0 Process rank: 8
 	Process OMPI jobid: [54756,1] App: 0 Process rank: 9
 	Process OMPI jobid: [54756,1] App: 0 Process rank: 10
 	Process OMPI jobid: [54756,1] App: 0 Process rank: 11

 Data for node: ivb109	Num slots: 6	Max slots: 0	Num procs: 6
 	Process OMPI jobid: [54756,1] App: 0 Process rank: 12
 	Process OMPI jobid: [54756,1] App: 0 Process rank: 13
 	Process OMPI jobid: [54756,1] App: 0 Process rank: 14
 	Process OMPI jobid: [54756,1] App: 0 Process rank: 15
 	Process OMPI jobid: [54756,1] App: 0 Process rank: 16
 	Process OMPI jobid: [54756,1] App: 0 Process rank: 17

 Data for node: ivb110	Num slots: 6	Max slots: 0	Num procs: 6
 	Process OMPI jobid: [54756,1] App: 0 Process rank: 18
 	Process OMPI jobid: [54756,1] App: 0 Process rank: 19
 	Process OMPI jobid: [54756,1] App: 0 Process rank: 20
 	Process OMPI jobid: [54756,1] App: 0 Process rank: 21
 	Process OMPI jobid: [54756,1] App: 0 Process rank: 22
 	Process OMPI jobid: [54756,1] App: 0 Process rank: 23

 =============================================================
[ivb106:24182] MCW rank 3 bound to socket 0[core 3[hwt 0]]: [./././B/./././././.][./././././././././.]
[ivb106:24182] MCW rank 4 bound to socket 0[core 4[hwt 0]]: [././././B/././././.][./././././././././.]
[ivb106:24182] MCW rank 5 bound to socket 0[core 5[hwt 0]]: [./././././B/./././.][./././././././././.]
[ivb106:24182] MCW rank 0 bound to socket 0[core 0[hwt 0]]: [B/././././././././.][./././././././././.]
[ivb106:24182] MCW rank 1 bound to socket 0[core 1[hwt 0]]: [./B/./././././././.][./././././././././.]
[ivb106:24182] MCW rank 2 bound to socket 0[core 2[hwt 0]]: [././B/././././././.][./././././././././.]
[ivb108:31265] MCW rank 7 bound to socket 0[core 1[hwt 0]]: [./B/./././././././.][./././././././././.]
[ivb108:31265] MCW rank 8 bound to socket 0[core 2[hwt 0]]: [././B/././././././.][./././././././././.]
[ivb108:31265] MCW rank 9 bound to socket 0[core 3[hwt 0]]: [./././B/./././././.][./././././././././.]
[ivb108:31265] MCW rank 10 bound to socket 0[core 4[hwt 0]]: [././././B/././././.][./././././././././.]
[ivb108:31265] MCW rank 11 bound to socket 0[core 5[hwt 0]]: [./././././B/./././.][./././././././././.]
[ivb108:31265] MCW rank 6 bound to socket 0[core 0[hwt 0]]: [B/././././././././.][./././././././././.]
[ivb110:21567] MCW rank 19 bound to socket 0[core 1[hwt 0]]: [./B/./././././././.][./././././././././.]
[ivb110:21567] MCW rank 20 bound to socket 0[core 2[hwt 0]]: [././B/././././././.][./././././././././.]
[ivb110:21567] MCW rank 21 bound to socket 0[core 3[hwt 0]]: [./././B/./././././.][./././././././././.]
[ivb110:21567] MCW rank 22 bound to socket 0[core 4[hwt 0]]: [././././B/././././.][./././././././././.]
[ivb110:21567] MCW rank 23 bound to socket 0[core 5[hwt 0]]: [./././././B/./././.][./././././././././.]
[ivb110:21567] MCW rank 18 bound to socket 0[core 0[hwt 0]]: [B/././././././././.][./././././././././.]
[ivb109:05106] MCW rank 17 bound to socket 0[core 5[hwt 0]]: [./././././B/./././.][./././././././././.]
[ivb109:05106] MCW rank 12 bound to socket 0[core 0[hwt 0]]: [B/././././././././.][./././././././././.]
[ivb109:05106] MCW rank 13 bound to socket 0[core 1[hwt 0]]: [./B/./././././././.][./././././././././.]
[ivb109:05106] MCW rank 14 bound to socket 0[core 2[hwt 0]]: [././B/././././././.][./././././././././.]
[ivb109:05106] MCW rank 15 bound to socket 0[core 3[hwt 0]]: [./././B/./././././.][./././././././././.]
[ivb109:05106] MCW rank 16 bound to socket 0[core 4[hwt 0]]: [././././B/././././.][./././././././././.]
/home-2/vplatonov/bin/nvmps: line 18: CUDEV%CUDEV_N: division by 0 (error token is "CUDEV_N")
/home-2/vplatonov/bin/nvmps: line 18: CUDEV%CUDEV_N: division by 0 (error token is "CUDEV_N")
/home-2/vplatonov/bin/nvmps: line 18: CUDEV%CUDEV_N: division by 0 (error token is "CUDEV_N")
/home-2/vplatonov/bin/nvmps: line 18: CUDEV%CUDEV_N: division by 0 (error token is "CUDEV_N")
/home-2/vplatonov/bin/nvmps: line 18: CUDEV%CUDEV_N: division by 0 (error token is "CUDEV_N")
/home-2/vplatonov/bin/nvmps: line 18: CUDEV%CUDEV_N: division by 0 (error token is "CUDEV_N")
/home-2/vplatonov/bin/nvmps: line 18: CUDEV%CUDEV_N: division by 0 (error token is "CUDEV_N")
/home-2/vplatonov/bin/nvmps: line 18: CUDEV%CUDEV_N: division by 0 (error token is "CUDEV_N")
/home-2/vplatonov/bin/nvmps: line 18: CUDEV%CUDEV_N: division by 0 (error token is "CUDEV_N")
/home-2/vplatonov/bin/nvmps: line 18: CUDEV%CUDEV_N: division by 0 (error token is "CUDEV_N")
/home-2/vplatonov/bin/nvmps: line 18: CUDEV%CUDEV_N: division by 0 (error token is "CUDEV_N")
/home-2/vplatonov/bin/nvmps: line 18: CUDEV%CUDEV_N: division by 0 (error token is "CUDEV_N")
/bin/bash: line 1: 1: command not found
/bin/bash: line 2: 2: command not found
/bin/bash: line 1: 1: command not found
/bin/bash: line 3: 3: command not found
/bin/bash: line 2: 2: command not found
/home-2/vplatonov/bin/nvmps: line 18: CUDEV%CUDEV_N: division by 0 (error token is "CUDEV_N")
/home-2/vplatonov/bin/nvmps: line 18: CUDEV%CUDEV_N: division by 0 (error token is "CUDEV_N")
/home-2/vplatonov/bin/nvmps: line 18: CUDEV%CUDEV_N: division by 0 (error token is "CUDEV_N")
/home-2/vplatonov/bin/nvmps: line 18: CUDEV%CUDEV_N: division by 0 (error token is "CUDEV_N")
/home-2/vplatonov/bin/nvmps: line 18: CUDEV%CUDEV_N: division by 0 (error token is "CUDEV_N")
/home-2/vplatonov/bin/nvmps: line 18: CUDEV%CUDEV_N: division by 0 (error token is "CUDEV_N")
/bin/bash: line 4: 4: command not found
/bin/bash: line 3: 3: command not found
/bin/bash: line 4: 4: command not found
mkdir: cannot create directory ‘/tmp/nvidia-mps-vplatonov-0’: File exists
/bin/bash: line 1: 1: command not found
/bin/bash: line 2: 2: command not found
/bin/bash: line 3: 3: command not found
/bin/bash: line 4: 4: command not found
mkdir: cannot create directory ‘/tmp/nvidia-mps-vplatonov-0’: File exists
/bin/bash: line 1: 1: command not found
/bin/bash: line 2: 2: command not found
/bin/bash: line 3: 3: command not found
/bin/bash: line 4: 4: command not found
mkdir: cannot create directory ‘/tmp/nvidia-mps-vplatonov-0’: File exists
/bin/bash: line 1: 1: command not found
/home-2/vplatonov/bin/nvmps: line 18: CUDEV%CUDEV_N: division by 0 (error token is "CUDEV_N")
/bin/bash: line 1: 1: command not found
/home-2/vplatonov/bin/nvmps: line 18: CUDEV%CUDEV_N: division by 0 (error token is "CUDEV_N")
/home-2/vplatonov/bin/nvmps: line 18: CUDEV%CUDEV_N: division by 0 (error token is "CUDEV_N")
/home-2/vplatonov/bin/nvmps: line 18: CUDEV%CUDEV_N: division by 0 (error token is "CUDEV_N")
/home-2/vplatonov/bin/nvmps: line 18: CUDEV%CUDEV_N: division by 0 (error token is "CUDEV_N")
/home-2/vplatonov/bin/nvmps: line 18: CUDEV%CUDEV_N: division by 0 (error token is "CUDEV_N")
/bin/bash: line 2: 2: command not found
/bin/bash: line 3: 3: command not found
/bin/bash: line 4: 4: command not found
mkdir: cannot create directory ‘/tmp/nvidia-mps-vplatonov-0’: File exists
/bin/bash: line 1: 1: command not found
/bin/bash: line 2: 2: command not found
/bin/bash: line 3: 3: command not found
/bin/bash: line 4: 4: command not found
/bin/bash: line 2: 2: command not found
mkdir: cannot create directory ‘/tmp/nvidia-mps-vplatonov-0’: File exists
/bin/bash: line 1: 1: command not found
/bin/bash: line 2: 2: command not found
/bin/bash: line 3: 3: command not found
mkdir: cannot create directory ‘/tmp/nvidia-mps-vplatonov-0’: File exists
/bin/bash: line 4: 4: command not found
/bin/bash: line 1: 1: command not found
/bin/bash: line 2: 2: command not found
/bin/bash: line 3: 3: command not found
/bin/bash: line 4: 4: command not found
/bin/bash: line 3: 3: command not found
mkdir: cannot create directory ‘/tmp/nvidia-mps-vplatonov-0’: File exists
mkdir: cannot create directory ‘/tmp/nvidia-mps-vplatonov-0’: File exists
/bin/bash: line 1: 1: command not found
/bin/bash: line 1: 1: command not found
/bin/bash: line 1: 1: command not found
/bin/bash: line 4: 4: command not found
/bin/bash: line 2: 2: command not found
/bin/bash: line 2: 2: command not found
/bin/bash: line 3: 3: command not found
/bin/bash: line 4: 4: command not found
/bin/bash: line 3: 3: command not found
/bin/bash: line 4: 4: command not found
/bin/bash: line 2: 2: command not found
mkdir: cannot create directory ‘/tmp/nvidia-mps-vplatonov-0’: File exists
mkdir: cannot create directory ‘/tmp/nvidia-mps-vplatonov-0’: File exists
/bin/bash: line 1: 1: command not found
/bin/bash: line 1: 1: command not found
/bin/bash: line 2: 2: command not found
/bin/bash: line 2: 2: command not found
/bin/bash: line 3: 3: command not found
/bin/bash: line 3: 3: command not found
/bin/bash: line 4: 4: command not found
/bin/bash: line 4: 4: command not found
/bin/bash: line 3: 3: command not found
mkdir: cannot create directory ‘/tmp/nvidia-mps-vplatonov-0’: File exists
/bin/bash: line 1: 1: command not found
/bin/bash: line 2: 2: command not found
/bin/bash: line 3: 3: command not found
/bin/bash: line 4: 4: command not found
/bin/bash: line 4: 4: command not found
mkdir: cannot create directory ‘/tmp/nvidia-mps-vplatonov-0’: File exists
/bin/bash: line 1: 1: command not found
/bin/bash: line 2: 2: command not found
/bin/bash: line 3: 3: command not found
/bin/bash: line 4: 4: command not found
mkdir: cannot create directory ‘/tmp/nvidia-mps-vplatonov-0’: File exists
/bin/bash: line 1: 1: command not found
/bin/bash: line 2: 2: command not found
/bin/bash: line 3: 3: command not found
/bin/bash: line 4: 4: command not found
mkdir: cannot create directory ‘/tmp/nvidia-mps-vplatonov-0’: File exists
/bin/bash: line 1: 1: command not found
/bin/bash: line 2: 2: command not found
/bin/bash: line 3: 3: command not found
mkdir: cannot create directory ‘/tmp/nvidia-mps-vplatonov-0’: File exists
/bin/bash: line 4: 4: command not found
/bin/bash: line 1: 1: command not found
/bin/bash: line 2: 2: command not found
/bin/bash: line 3: 3: command not found
/bin/bash: line 4: 4: command not found
mkdir: cannot create directory ‘/tmp/nvidia-mps-vplatonov-0’: File exists
/bin/bash: line 1: 1: command not found
/bin/bash: line 2: 2: command not found
mkdir: cannot create directory ‘/tmp/nvidia-mps-vplatonov-0’: File exists
/bin/bash: line 3: 3: command not found
/bin/bash: line 1: 1: command not found
/bin/bash: line 4: 4: command not found
/bin/bash: line 2: 2: command not found
/bin/bash: line 3: 3: command not found
/bin/bash: line 4: 4: command not found
mkdir: cannot create directory ‘/tmp/nvidia-mps-vplatonov-0’: File exists
mkdir: cannot create directory ‘/tmp/nvidia-mps-vplatonov-0’: File exists
/bin/bash: line 1: 1: command not found
/bin/bash: line 1: 1: command not found
/bin/bash: line 2: 2: command not found
/bin/bash: line 2: 2: command not found
/bin/bash: line 3: 3: command not found
/bin/bash: line 3: 3: command not found
/bin/bash: line 4: 4: command not found
/bin/bash: line 4: 4: command not found
mkdir: cannot create directory ‘/tmp/nvidia-mps-vplatonov-0’: File exists
/bin/bash: line 1: 1: command not found
/bin/bash: line 2: 2: command not found
/bin/bash: line 3: 3: command not found
/bin/bash: line 4: 4: command not found
/*---------------------------------------------------------------------------*\
| =========                 |                                                 |
| \\      /  F ield         | foam-extend: Open Source CFD                    |
|  \\    /   O peration     | Version:     3.1                                |
|   \\  /    A nd           | Web:         http://www.extend-project.de       |
|    \\/     M anipulation  |                                                 |
\*---------------------------------------------------------------------------*/
Build    : 3.1-e2da948002a2
Exec     : pimpleDyMFoam -parallel
Date     : May 28 2016
Time     : 02:45:49
Host     : ivb106
PID      : 24249
CtrlDict : /home-2/vplatonov/foam/foam-extend-3.1/etc/controlDict
Case     : /home/vplatonov/tests/3D-mesh1-of3.1
nProcs   : 24
Slaves : 
23
(
ivb106.24257
ivb106.24234
ivb106.24265
ivb106.24241
ivb106.24272
ivb108.31322
ivb108.31330
ivb108.31338
ivb108.31345
ivb108.31309
ivb108.31314
ivb109.5171
ivb109.5179
ivb109.5155
ivb109.5148
ivb109.5186
ivb109.5163
ivb110.21624
ivb110.21615
ivb110.21616
ivb110.21632
ivb110.21640
ivb110.21647
)

Pstream initialized with:
    floatTransfer     : 0
    nProcsSimpleSum   : 0
    commsType         : blocking
SigFpe   : Enabling floating point exception trapping (FOAM_SIGFPE).

// * * * * * * * * * * * * * * * * * * * * * * * * * * * * * * * * * * * * * //
Create time

Create dynamic mesh for time = 0

Selecting dynamicFvMesh dynamicMotionSolverFvMesh
Selecting motion solver: displacementLaplacian
Selecting motion diffusion: quadratic
Selecting motion diffusion: inverseDistance
Reading field p

Reading field U

Reading/calculating face flux field phi

Selecting incompressible transport model Newtonian
Selecting turbulence model type LESModel
Selecting LES turbulence model oneEqEddy
oneEqEddyCoeffs
{
    ce              1.048;
    ck              0.094;
}

Reading field rAU if present


Starting time loop

Courant Number mean: 0 max: 0.0007592825 velocity magnitude: 0.4779
Reading old state
Before setting displacements
GAMGPCG:  Solving for cellDisplacementx, Initial residual = 0, Final residual = 0, No Iterations 0
GAMGPCG:  Solving for cellDisplacementy, Initial residual = 0, Final residual = 0, No Iterations 0
GAMGPCG:  Solving for cellDisplacementz, Initial residual = 0, Final residual = 0, No Iterations 0
Time = 5e-06

GAMGPCG:  Solving for cellDisplacementx, Initial residual = 0, Final residual = 0, No Iterations 0
GAMGPCG:  Solving for cellDisplacementy, Initial residual = 0, Final residual = 0, No Iterations 0
GAMGPCG:  Solving for cellDisplacementz, Initial residual = 0, Final residual = 0, No Iterations 0
volume continuity errors : volume = 4.535015, max error = 0, sum local = 0, global = 0
smoothSolver:  Solving for Ux, Initial residual = 1, Final residual = 3.764172e-08, No Iterations 1
smoothSolver:  Solving for Uy, Initial residual = 1, Final residual = 4.611591e-08, No Iterations 1
smoothSolver:  Solving for Uz, Initial residual = 0.9999962, Final residual = 4.046585e-08, No Iterations 1
Created persistent data with name p
Computing AINV with droptol 0.02
GPU: 551 iters: 19.20793 s: 6.801483 GB/s
Total exec time 19.20793
 Total comm time 0.2383274Pre time 0 Post time 0.2383274
SGPUBICGS:  Solving for p, Initial residual = 1, Final residual = 0.009935728, No Iterations 551
Computing AINV with droptol 0.02
GPU: 129 iters: 4.569291 s: 6.693813 GB/s
Total exec time 23.77722
 Total comm time 0.3148302Pre time 0 Post time 0.3148302
SGPUBICGS:  Solving for p, Initial residual = 0.0004697476, Final residual = 9.730348e-06, No Iterations 129
time step continuity errors : sum local = 2.188914e-09, global = -7.034219e-10, cumulative = -7.034219e-10
Moving mesh time step continuity errors : sum local = 2.188914e-09, global = -7.034219e-10, cumulative = -1.406844e-09
GPU: 34 iters: 1.216281 s: 6.627924 GB/s
Total exec time 24.99351
 Total comm time 0.33137Pre time 0 Post time 0.33137
SGPUBICGS:  Solving for p, Initial residual = 0.0001097916, Final residual = 9.951754e-06, No Iterations 34
GPU: 587 iters: 20.62389 s: 6.748389 GB/s
Total exec time 45.6174
 Total comm time 0.6464429Pre time 0 Post time 0.6464429
SGPUBICGS:  Solving for p, Initial residual = 4.575845e-05, Final residual = 9.523525e-08, No Iterations 587
time step continuity errors : sum local = 2.143658e-11, global = -3.442121e-15, cumulative = -1.406847e-09
Moving mesh time step continuity errors : sum local = 2.143658e-11, global = -3.442121e-15, cumulative = -1.406851e-09
smoothSolver:  Solving for k, Initial residual = 1, Final residual = 2.567513e-11, No Iterations 2
ExecutionTime = 74.78 s  ClockTime = 76 s

Courant Number mean: 7.680115e-05 max: 0.002864264 velocity magnitude: 0.9548239
yForce = 11.891
Y= 1.835834e-11
Vy= 7.343332e-06
Time = 1e-05

GAMGPCG:  Solving for cellDisplacementx, Initial residual = 0, Final residual = 0, No Iterations 0
Total solver time is 0
Total solver time is 0
Total solver time is 0
GAMGPCG:  Solving for cellDisplacementy, Initial residual = 1, Final residual = 1.160985e-08, No Iterations 1
GAMGPCG:  Solving for cellDisplacementz, Initial residual = 0, Final residual = 0, No Iterations 0
volume continuity errors : volume = 4.535015, max error = 1.020251e-08, sum local = 6.28425e-15, global = 2.706354e-18
smoothSolver:  Solving for Ux, Initial residual = 0.997537, Final residual = 1.333603e-06, No Iterations 1
smoothSolver:  Solving for Uy, Initial residual = 0.3321611, Final residual = 2.467627e-06, No Iterations 1
smoothSolver:  Solving for Uz, Initial residual = 0.2658896, Final residual = 1.129047e-06, No Iterations 1
GPU: 576 iters: 20.2509 s: 6.743895 GB/s
Total exec time 65.8683
 Total comm time 0.9531195Pre time 0 Post time 0.9531195
SGPUBICGS:  Solving for p, Initial residual = 0.003644717, Final residual = 1.721055e-05, No Iterations 576
GPU: 150 iters: 5.300426 s: 6.709856 GB/s
Total exec time 71.16873
 Total comm time 1.022207Pre time 0 Post time 1.022207
SGPUBICGS:  Solving for p, Initial residual = 0.00136487, Final residual = 1.297766e-05, No Iterations 150
time step continuity errors : sum local = 9.774406e-10, global = -6.350934e-10, cumulative = -2.041944e-09
Moving mesh time step continuity errors : sum local = 9.774406e-10, global = -6.350934e-10, cumulative = -2.677037e-09
GPU: 176 iters: 6.209344 s: 6.720469 GB/s
Total exec time 77.37807
 Total comm time 1.110425Pre time 0 Post time 1.110425
SGPUBICGS:  Solving for p, Initial residual = 0.0003127993, Final residual = 9.67304e-06, No Iterations 176
GPU: 524 iters: 18.42697 s: 6.742332 GB/s
Total exec time 95.80504
 Total comm time 1.385032Pre time 0 Post time 1.385032
SGPUBICGS:  Solving for p, Initial residual = 0.000118832, Final residual = 4.679281e-08, No Iterations 524
time step continuity errors : sum local = 3.519886e-12, global = -4.244172e-13, cumulative = -2.677462e-09
Moving mesh time step continuity errors : sum local = 3.519886e-12, global = -4.244172e-13, cumulative = -2.677886e-09
smoothSolver:  Solving for k, Initial residual = 0.008783029, Final residual = 8.031284e-09, No Iterations 1
ExecutionTime = 135.05 s  ClockTime = 137 s

Courant Number mean: 7.680436e-05 max: 0.002856727 velocity magnitude: 0.9523113
yForce = -23.16142
Y= 1.931639e-11
Vy= -6.960103e-06
Time = 1.5e-05

GAMGPCG:  Solving for cellDisplacementx, Initial residual = 0, Final residual = 0, No Iterations 0
Total solver time is 0
Total solver time is 0
Total solver time is 0
GAMGPCG:  Solving for cellDisplacementy, Initial residual = 0.05020128, Final residual = 4.871604e-09, No Iterations 1
GAMGPCG:  Solving for cellDisplacementz, Initial residual = 0, Final residual = 0, No Iterations 0
volume continuity errors : volume = 4.535015, max error = 1.208121e-08, sum local = 7.140419e-15, global = -1.857964e-18
smoothSolver:  Solving for Ux, Initial residual = 0.9921785, Final residual = 1.328045e-06, No Iterations 1
smoothSolver:  Solving for Uy, Initial residual = 0.1846668, Final residual = 1.461607e-06, No Iterations 1
smoothSolver:  Solving for Uz, Initial residual = 0.9287747, Final residual = 4.085467e-06, No Iterations 1
GPU: 507 iters: 17.84368 s: 6.736841 GB/s
Total exec time 113.6487
 Total comm time 1.641997Pre time 0 Post time 1.641997
SGPUBICGS:  Solving for p, Initial residual = 0.002799715, Final residual = 1.563872e-05, No Iterations 507
GPU: 416 iters: 14.67084 s: 6.723124 GB/s
Total exec time 128.3196
 Total comm time 1.855351Pre time 0 Post time 1.855351
SGPUBICGS:  Solving for p, Initial residual = 0.06068711, Final residual = 0.0005588784, No Iterations 416
time step continuity errors : sum local = 3.11282e-10, global = -1.616629e-10, cumulative = -2.839549e-09
Moving mesh time step continuity errors : sum local = 3.11282e-10, global = -1.616629e-10, cumulative = -3.001212e-09
GPU: 494 iters: 17.37231 s: 6.742207 GB/s
Total exec time 145.6919
 Total comm time 2.068557Pre time 0 Post time 2.068557
SGPUBICGS:  Solving for p, Initial residual = 0.01911063, Final residual = 0.0001615147, No Iterations 494
GPU: 792 iters: 27.90651 s: 6.729029 GB/s
Total exec time 173.5984
 Total comm time 2.489614Pre time 0 Post time 2.489614
SGPUBICGS:  Solving for p, Initial residual = 0.007477936, Final residual = 5.740405e-08, No Iterations 792
time step continuity errors : sum local = 1.852055e-14, global = 5.69275e-15, cumulative = -3.001206e-09
Moving mesh time step continuity errors : sum local = 1.852055e-14, global = 5.69275e-15, cumulative = -3.001201e-09
smoothSolver:  Solving for k, Initial residual = 0.003836118, Final residual = 3.56775e-09, No Iterations 1
ExecutionTime = 222.99 s  ClockTime = 225 s

Courant Number mean: 7.680532e-05 max: 0.00285887 velocity magnitude: 0.9530256
yForce = 6.878042
Y= -4.865193e-12
Vy= -2.712532e-06
Time = 2e-05

GAMGPCG:  Solving for cellDisplacementx, Initial residual = 0, Final residual = 0, No Iterations 0
Total solver time is 0
Total solver time is 0
Total solver time is 0
GAMGPCG:  Solving for cellDisplacementy, Initial residual = 1, Final residual = 1.11377e-08, No Iterations 1
GAMGPCG:  Solving for cellDisplacementz, Initial residual = 0, Final residual = 0, No Iterations 0
volume continuity errors : volume = 4.535015, max error = 1.497306e-08, sum local = 7.13898e-15, global = 5.55794e-19
smoothSolver:  Solving for Ux, Initial residual = 0.05064362, Final residual = 8.684866e-08, No Iterations 1
smoothSolver:  Solving for Uy, Initial residual = 0.01303465, Final residual = 1.543854e-07, No Iterations 1
smoothSolver:  Solving for Uz, Initial residual = 0.9251276, Final residual = 5.716788e-06, No Iterations 1
Computing AINV with droptol 0.02
GPU: 42 iters: 1.506443 s: 6.610424 GB/s
Total exec time 175.1048
 Total comm time 2.507553Pre time 0 Post time 2.507553
SGPUBICGS:  Solving for p, Initial residual = 0.2266921, Final residual = 0.002247503, No Iterations 42
GPU: 119 iters: 4.20801 s: 6.705063 GB/s
Total exec time 179.3128
 Total comm time 2.560499Pre time 0 Post time 2.560499
SGPUBICGS:  Solving for p, Initial residual = 0.01254661, Final residual = 0.0001244958, No Iterations 119
time step continuity errors : sum local = 3.35684e-11, global = 5.309754e-13, cumulative = -3.00067e-09
Moving mesh time step continuity errors : sum local = 3.35684e-11, global = 5.309754e-13, cumulative = -3.000139e-09
GPU: 199 iters: 7.006081 s: 6.734582 GB/s
Total exec time 186.3189
 Total comm time 2.646179Pre time 0 Post time 2.646179
SGPUBICGS:  Solving for p, Initial residual = 0.004242781, Final residual = 4.234499e-05, No Iterations 199
GPU: 549 iters: 19.28654 s: 6.749176 GB/s
Total exec time 205.6054
 Total comm time 2.914122Pre time 0 Post time 2.914122
SGPUBICGS:  Solving for p, Initial residual = 0.001800855, Final residual = 7.502453e-08, No Iterations 549
time step continuity errors : sum local = 2.014784e-14, global = 5.567909e-15, cumulative = -3.000133e-09
Moving mesh time step continuity errors : sum local = 2.014784e-14, global = 5.567909e-15, cumulative = -3.000128e-09
smoothSolver:  Solving for k, Initial residual = 0.002273584, Final residual = 2.173402e-09, No Iterations 1
ExecutionTime = 265.21 s  ClockTime = 267 s

Courant Number mean: 7.680595e-05 max: 0.002856745 velocity magnitude: 0.9523173
yForce = 0.6593598
Y= -1.740987e-11
Vy= -2.305337e-06
Time = 2.5e-05

GAMGPCG:  Solving for cellDisplacementx, Initial residual = 0, Final residual = 0, No Iterations 0
Total solver time is 0
Total solver time is 0
Total solver time is 0
GAMGPCG:  Solving for cellDisplacementy, Initial residual = 0.5424131, Final residual = 9.9018e-09, No Iterations 1
GAMGPCG:  Solving for cellDisplacementz, Initial residual = 0, Final residual = 0, No Iterations 0
volume continuity errors : volume = 4.535015, max error = 1.405706e-08, sum local = 7.153936e-15, global = 1.407482e-18
smoothSolver:  Solving for Ux, Initial residual = 0.02708514, Final residual = 3.16906e-08, No Iterations 1
smoothSolver:  Solving for Uy, Initial residual = 0.00455323, Final residual = 5.45698e-08, No Iterations 1
smoothSolver:  Solving for Uz, Initial residual = 0.5776884, Final residual = 2.817535e-06, No Iterations 1
GPU: 9 iters: 0.337564 s: 6.321484 GB/s
Total exec time 205.943
 Total comm time 2.919043Pre time 0 Post time 2.919043
SGPUBICGS:  Solving for p, Initial residual = 0.1534837, Final residual = 0.001510123, No Iterations 9
GPU: 142 iters: 5.017818 s: 6.709747 GB/s
Total exec time 210.9608
 Total comm time 2.969514Pre time 0 Post time 2.969514
SGPUBICGS:  Solving for p, Initial residual = 0.003774208, Final residual = 3.405261e-05, No Iterations 142
time step continuity errors : sum local = 8.093214e-12, global = -1.16699e-13, cumulative = -3.000244e-09
Moving mesh time step continuity errors : sum local = 8.093214e-12, global = -1.16699e-13, cumulative = -3.000361e-09
GPU: 198 iters: 6.985064 s: 6.7209 GB/s
Total exec time 217.9459
 Total comm time 3.074763Pre time 0 Post time 3.074763
SGPUBICGS:  Solving for p, Initial residual = 0.0009516397, Final residual = 8.749632e-06, No Iterations 198
GPU: 485 iters: 17.10571 s: 6.722537 GB/s
Total exec time 235.0516
 Total comm time 3.337937Pre time 0 Post time 3.337937
SGPUBICGS:  Solving for p, Initial residual = 0.0003329701, Final residual = 3.958138e-08, No Iterations 485
time step continuity errors : sum local = 9.389037e-15, global = -7.623448e-15, cumulative = -3.000369e-09
Moving mesh time step continuity errors : sum local = 9.389037e-15, global = -7.623448e-15, cumulative = -3.000376e-09
smoothSolver:  Solving for k, Initial residual = 0.001555037, Final residual = 1.530553e-09, No Iterations 1
ExecutionTime = 304.46 s  ClockTime = 306 s

Courant Number mean: 7.680602e-05 max: 0.002854616 velocity magnitude: 0.9516076
yForce = -2.618199
Y= -3.297874e-11
Vy= -3.922213e-06
Time = 3e-05

GAMGPCG:  Solving for cellDisplacementx, Initial residual = 0, Final residual = 0, No Iterations 0
Total solver time is 0
Total solver time is 0
Total solver time is 0
GAMGPCG:  Solving for cellDisplacementy, Initial residual = 0.4647286, Final residual = 7.116812e-09, No Iterations 1
GAMGPCG:  Solving for cellDisplacementz, Initial residual = 0, Final residual = 0, No Iterations 0
volume continuity errors : volume = 4.535015, max error = 1.344442e-08, sum local = 7.168134e-15, global = -9.730888e-19
smoothSolver:  Solving for Ux, Initial residual = 0.01762738, Final residual = 1.437649e-08, No Iterations 1
smoothSolver:  Solving for Uy, Initial residual = 0.001245584, Final residual = 2.464885e-08, No Iterations 1
smoothSolver:  Solving for Uz, Initial residual = 0.3646061, Final residual = 3.935539e-06, No Iterations 1
GPU: 3 iters: 0.1297433 s: 5.482377 GB/s
Total exec time 235.1813
 Total comm time 3.337952Pre time 0 Post time 3.337952
SGPUBICGS:  Solving for p, Initial residual = 0.1088432, Final residual = 0.000864893, No Iterations 3
GPU: 47 iters: 1.679157 s: 6.6365 GB/s
Total exec time 236.8605
 Total comm time 3.362464Pre time 0 Post time 3.362464
SGPUBICGS:  Solving for p, Initial residual = 0.001484387, Final residual = 1.469993e-05, No Iterations 47
time step continuity errors : sum local = 3.153966e-12, global = -2.588775e-14, cumulative = -3.000402e-09
Moving mesh time step continuity errors : sum local = 3.153966e-12, global = -2.588775e-14, cumulative = -3.000428e-09
GPU: 54 iters: 1.918368 s: 6.674129 GB/s
Total exec time 238.7789
 Total comm time 3.392885Pre time 0 Post time 3.392885
SGPUBICGS:  Solving for p, Initial residual = 0.0002639445, Final residual = 7.156366e-06, No Iterations 54
GPU: 653 iters: 22.97539 s: 6.738806 GB/s
Total exec time 261.7543
 Total comm time 3.754675Pre time 0 Post time 3.754675
SGPUBICGS:  Solving for p, Initial residual = 9.996242e-05, Final residual = 7.074769e-08, No Iterations 653
time step continuity errors : sum local = 1.517258e-14, global = 1.187601e-15, cumulative = -3.000427e-09
Moving mesh time step continuity errors : sum local = 1.517258e-14, global = 1.187601e-15, cumulative = -3.000426e-09
smoothSolver:  Solving for k, Initial residual = 0.001157056, Final residual = 1.16505e-09, No Iterations 1
ExecutionTime = 341.3 s  ClockTime = 343 s

Courant Number mean: 7.680614e-05 max: 0.002852249 velocity magnitude: 0.9508184
yForce = 1.51372
Y= -5.025278e-11
Vy= -2.987403e-06
Time = 3.5e-05

GAMGPCG:  Solving for cellDisplacementx, Initial residual = 0, Final residual = 0, No Iterations 0
Total solver time is 0
Total solver time is 0
Total solver time is 0
GAMGPCG:  Solving for cellDisplacementy, Initial residual = 0.3780161, Final residual = 5.872559e-09, No Iterations 1
GAMGPCG:  Solving for cellDisplacementz, Initial residual = 0, Final residual = 0, No Iterations 0
volume continuity errors : volume = 4.535015, max error = 1.22202e-08, sum local = 7.174794e-15, global = -1.047455e-18
smoothSolver:  Solving for Ux, Initial residual = 0.01353358, Final residual = 1.136437e-08, No Iterations 1
smoothSolver:  Solving for Uy, Initial residual = 0.0009625723, Final residual = 1.861317e-08, No Iterations 1
smoothSolver:  Solving for Uz, Initial residual = 0.4798529, Final residual = 6.255493e-06, No Iterations 1
GPU: 2 iters: 0.0967506 s: 4.901275 GB/s
Total exec time 261.851
 Total comm time 3.754776Pre time 0 Post time 3.754776
SGPUBICGS:  Solving for p, Initial residual = 0.09114627, Final residual = 0.0006446883, No Iterations 2
GPU: 27 iters: 0.9750834 s: 6.565302 GB/s
Total exec time 262.8261
 Total comm time 3.769324Pre time 0 Post time 3.769324
SGPUBICGS:  Solving for p, Initial residual = 0.0008392219, Final residual = 9.8743e-06, No Iterations 27
time step continuity errors : sum local = 1.945455e-12, global = 1.745741e-14, cumulative = -3.000408e-09
Moving mesh time step continuity errors : sum local = 1.945455e-12, global = 1.745741e-14, cumulative = -3.000391e-09
GPU: 10 iters: 0.3739032 s: 6.34123 GB/s
Total exec time 263.2
 Total comm time 3.772447Pre time 0 Post time 3.772447
SGPUBICGS:  Solving for p, Initial residual = 8.464889e-05, Final residual = 9.156445e-06, No Iterations 10
GPU: 577 iters: 20.27807 s: 6.746551 GB/s
Total exec time 283.4781
 Total comm time 4.054625Pre time 0 Post time 4.054625
SGPUBICGS:  Solving for p, Initial residual = 2.962104e-05, Final residual = 9.656941e-08, No Iterations 577
time step continuity errors : sum local = 1.902167e-14, global = -1.409948e-14, cumulative = -3.000405e-09
Moving mesh time step continuity errors : sum local = 1.902167e-14, global = -1.409948e-14, cumulative = -3.000419e-09
smoothSolver:  Solving for k, Initial residual = 0.0009098352, Final residual = 9.45314e-10, No Iterations 1
ExecutionTime = 373.15 s  ClockTime = 375 s

Courant Number mean: 7.680619e-05 max: 0.002849504 velocity magnitude: 0.9499035
yForce = -0.145875
Y= -6.5415e-11
Vy= -3.077485e-06
Time = 4e-05

GAMGPCG:  Solving for cellDisplacementx, Initial residual = 0, Final residual = 0, No Iterations 0
Total solver time is 0
Total solver time is 0
Total solver time is 0
GAMGPCG:  Solving for cellDisplacementy, Initial residual = 0.2734121, Final residual = 4.46805e-09, No Iterations 1
GAMGPCG:  Solving for cellDisplacementz, Initial residual = 0, Final residual = 0, No Iterations 0
volume continuity errors : volume = 4.535015, max error = 1.581558e-08, sum local = 7.173357e-15, global = 1.94833e-18
smoothSolver:  Solving for Ux, Initial residual = 0.01095456, Final residual = 9.423293e-09, No Iterations 1
smoothSolver:  Solving for Uy, Initial residual = 0.0008065781, Final residual = 1.499332e-08, No Iterations 1
smoothSolver:  Solving for Uz, Initial residual = 0.3802556, Final residual = 4.857423e-06, No Iterations 1
GPU: 2 iters: 0.09568916 s: 4.955642 GB/s
Total exec time 283.5738
 Total comm time 4.054635Pre time 0 Post time 4.054635
SGPUBICGS:  Solving for p, Initial residual = 0.07497954, Final residual = 0.0002759242, No Iterations 2
GPU: 10 iters: 0.3792686 s: 6.251523 GB/s
Total exec time 283.953
 Total comm time 4.057499Pre time 0 Post time 4.057499
SGPUBICGS:  Solving for p, Initial residual = 0.0004225982, Final residual = 9.493162e-06, No Iterations 10
time step continuity errors : sum local = 1.737389e-12, global = -3.736304e-14, cumulative = -3.000456e-09
Moving mesh time step continuity errors : sum local = 1.737389e-12, global = -3.736304e-14, cumulative = -3.000494e-09
GPU: 3 iters: 0.1315514 s: 5.407026 GB/s
Total exec time 284.0846
 Total comm time 4.059413Pre time 0 Post time 4.059413
SGPUBICGS:  Solving for p, Initial residual = 3.629025e-05, Final residual = 9.127215e-06, No Iterations 3
GPU: 332 iters: 11.67284 s: 6.743638 GB/s
Total exec time 295.7574
 Total comm time 4.234104Pre time 0 Post time 4.234104
SGPUBICGS:  Solving for p, Initial residual = 1.516185e-05, Final residual = 9.813629e-08, No Iterations 332
time step continuity errors : sum local = 1.795861e-14, global = -1.700003e-14, cumulative = -3.000511e-09
Moving mesh time step continuity errors : sum local = 1.795861e-14, global = -1.700003e-14, cumulative = -3.000528e-09
smoothSolver:  Solving for k, Initial residual = 0.0007437571, Final residual = 7.922081e-10, No Iterations 1
ExecutionTime = 395.51 s  ClockTime = 397 s

Courant Number mean: 7.680619e-05 max: 0.002846385 velocity magnitude: 0.9488635
yForce = -0.3489098
Y= -8.134109e-11
Vy= -3.292951e-06
Time = 4.5e-05

GAMGPCG:  Solving for cellDisplacementx, Initial residual = 0, Final residual = 0, No Iterations 0
Total solver time is 0
Total solver time is 0
Total solver time is 0
GAMGPCG:  Solving for cellDisplacementy, Initial residual = 0.2443719, Final residual = 3.748388e-09, No Iterations 1
GAMGPCG:  Solving for cellDisplacementz, Initial residual = 0, Final residual = 0, No Iterations 0
volume continuity errors : volume = 4.535015, max error = 1.302656e-08, sum local = 7.177014e-15, global = -2.774235e-18
smoothSolver:  Solving for Ux, Initial residual = 0.009358236, Final residual = 8.063852e-09, No Iterations 1
smoothSolver:  Solving for Uy, Initial residual = 0.0006810612, Final residual = 1.243915e-08, No Iterations 1
smoothSolver:  Solving for Uz, Initial residual = 0.3770142, Final residual = 3.658273e-06, No Iterations 1
GPU: 2 iters: 0.09626694 s: 4.925899 GB/s
Total exec time 295.8537
 Total comm time 4.236174Pre time 0 Post time 4.236174
SGPUBICGS:  Solving for p, Initial residual = 0.06277459, Final residual = 0.0001972499, No Iterations 2
GPU: 8 iters: 0.3058272 s: 6.202212 GB/s
Total exec time 296.1595
 Total comm time 4.237773Pre time 0 Post time 4.237773
SGPUBICGS:  Solving for p, Initial residual = 0.0003031713, Final residual = 9.663995e-06, No Iterations 8
time step continuity errors : sum local = 1.657425e-12, global = -1.58056e-14, cumulative = -3.000544e-09
Moving mesh time step continuity errors : sum local = 1.657425e-12, global = -1.58056e-14, cumulative = -3.000559e-09
GPU: 2 iters: 0.09677987 s: 4.899792 GB/s
Total exec time 296.2563
 Total comm time 4.239764Pre time 0 Post time 4.239764
SGPUBICGS:  Solving for p, Initial residual = 2.410659e-05, Final residual = 9.758206e-06, No Iterations 2
GPU: 518 iters: 18.24939 s: 6.729985 GB/s
Total exec time 314.5057
 Total comm time 4.543084Pre time 0 Post time 4.543084
SGPUBICGS:  Solving for p, Initial residual = 1.177872e-05, Final residual = 9.939892e-08, No Iterations 518
time step continuity errors : sum local = 1.704638e-14, global = 2.703055e-15, cumulative = -3.000557e-09
Moving mesh time step continuity errors : sum local = 1.704638e-14, global = 2.703055e-15, cumulative = -3.000554e-09
smoothSolver:  Solving for k, Initial residual = 0.0006256438, Final residual = 6.821094e-10, No Iterations 1
ExecutionTime = 424.12 s  ClockTime = 426 s

Courant Number mean: 7.68062e-05 max: 0.002842884 velocity magnitude: 0.9482461
yForce = 0.2564476
Y= -9.740991e-11
Vy= -3.134575e-06
Time = 5e-05

GAMGPCG:  Solving for cellDisplacementx, Initial residual = 0, Final residual = 0, No Iterations 0
Total solver time is 0
Total solver time is 0
Total solver time is 0
GAMGPCG:  Solving for cellDisplacementy, Initial residual = 0.2132108, Final residual = 3.251039e-09, No Iterations 1
GAMGPCG:  Solving for cellDisplacementz, Initial residual = 0, Final residual = 0, No Iterations 0
volume continuity errors : volume = 4.535015, max error = 1.250921e-08, sum local = 7.172143e-15, global = 2.405273e-18
smoothSolver:  Solving for Ux, Initial residual = 0.008286092, Final residual = 7.089559e-09, No Iterations 1
smoothSolver:  Solving for Uy, Initial residual = 0.0005947215, Final residual = 1.059612e-08, No Iterations 1
smoothSolver:  Solving for Uz, Initial residual = 0.2951168, Final residual = 2.394241e-06, No Iterations 1
Computing AINV with droptol 0.02
GPU: 2 iters: 0.09476224 s: 5.0041 GB/s
Total exec time 314.6004
 Total comm time 4.544404Pre time 0 Post time 4.544404
SGPUBICGS:  Solving for p, Initial residual = 0.05636363, Final residual = 0.0001135682, No Iterations 2
GPU: 7 iters: 0.2673692 s: 6.207518 GB/s
Total exec time 314.8678
 Total comm time 4.549014Pre time 0 Post time 4.549014
SGPUBICGS:  Solving for p, Initial residual = 0.0001937788, Final residual = 8.344688e-06, No Iterations 7
time step continuity errors : sum local = 1.350473e-12, global = 2.996277e-14, cumulative = -3.000524e-09
Moving mesh time step continuity errors : sum local = 1.350473e-12, global = 2.996277e-14, cumulative = -3.000494e-09
GPU: 1 iters: 0.06244288 s: 3.797068 GB/s
Total exec time 314.9303
 Total comm time 4.550788Pre time 0 Post time 4.550788
SGPUBICGS:  Solving for p, Initial residual = 1.869498e-05, Final residual = 9.08063e-06, No Iterations 1
GPU: 496 iters: 17.52126 s: 6.711932 GB/s
Total exec time 332.4515
 Total comm time 4.805702Pre time 0 Post time 4.805702
SGPUBICGS:  Solving for p, Initial residual = 1.015195e-05, Final residual = 8.022707e-08, No Iterations 496
time step continuity errors : sum local = 1.298316e-14, global = 5.306319e-15, cumulative = -3.000489e-09
Moving mesh time step continuity errors : sum local = 1.298316e-14, global = 5.306319e-15, cumulative = -3.000483e-09
smoothSolver:  Solving for k, Initial residual = 0.0005379197, Final residual = 5.997772e-10, No Iterations 1
ExecutionTime = 452.46 s  ClockTime = 455 s

yForce = -0.05071716
Y= -1.131611e-10
Vy= -3.165891e-06
End

Finalising parallel run
/home-2/vplatonov/bin/nvmps: line 33:  5179 Segmentation fault      "$@"
-------------------------------------------------------
Primary job  terminated normally, but 1 process returned
a non-zero exit code.. Per user-direction, the job has been aborted.
-------------------------------------------------------
/home-2/vplatonov/bin/nvmps: line 33: 21647 Segmentation fault      "$@"
slurmstepd: *** JOB 8465 ON ivb106 CANCELLED AT 2016-05-28T03:03:05 DUE TO TIME LIMIT ***
--------------------------------------------------------------------------
mpirun detected that one or more processes exited with non-zero status, thus causing
the job to be terminated. The first process to do so was:

  Process name: [[54756,1],13]
  Exit code:    139
--------------------------------------------------------------------------
