 Data for JOB [21477,1] offset 0

 ========================   JOB MAP   ========================

 Data for node: ivb112	Num slots: 12	Max slots: 0	Num procs: 12
 	Process OMPI jobid: [21477,1] App: 0 Process rank: 0
 	Process OMPI jobid: [21477,1] App: 0 Process rank: 1
 	Process OMPI jobid: [21477,1] App: 0 Process rank: 2
 	Process OMPI jobid: [21477,1] App: 0 Process rank: 3
 	Process OMPI jobid: [21477,1] App: 0 Process rank: 4
 	Process OMPI jobid: [21477,1] App: 0 Process rank: 5
 	Process OMPI jobid: [21477,1] App: 0 Process rank: 6
 	Process OMPI jobid: [21477,1] App: 0 Process rank: 7
 	Process OMPI jobid: [21477,1] App: 0 Process rank: 8
 	Process OMPI jobid: [21477,1] App: 0 Process rank: 9
 	Process OMPI jobid: [21477,1] App: 0 Process rank: 10
 	Process OMPI jobid: [21477,1] App: 0 Process rank: 11

 Data for node: ivb113	Num slots: 12	Max slots: 0	Num procs: 12
 	Process OMPI jobid: [21477,1] App: 0 Process rank: 12
 	Process OMPI jobid: [21477,1] App: 0 Process rank: 13
 	Process OMPI jobid: [21477,1] App: 0 Process rank: 14
 	Process OMPI jobid: [21477,1] App: 0 Process rank: 15
 	Process OMPI jobid: [21477,1] App: 0 Process rank: 16
 	Process OMPI jobid: [21477,1] App: 0 Process rank: 17
 	Process OMPI jobid: [21477,1] App: 0 Process rank: 18
 	Process OMPI jobid: [21477,1] App: 0 Process rank: 19
 	Process OMPI jobid: [21477,1] App: 0 Process rank: 20
 	Process OMPI jobid: [21477,1] App: 0 Process rank: 21
 	Process OMPI jobid: [21477,1] App: 0 Process rank: 22
 	Process OMPI jobid: [21477,1] App: 0 Process rank: 23

 =============================================================
[ivb112:03091] MCW rank 4 bound to socket 0[core 4[hwt 0]]: [././././B/././././.][./././././././././.]
[ivb112:03091] MCW rank 5 bound to socket 0[core 5[hwt 0]]: [./././././B/./././.][./././././././././.]
[ivb112:03091] MCW rank 6 bound to socket 0[core 6[hwt 0]]: [././././././B/././.][./././././././././.]
[ivb112:03091] MCW rank 7 bound to socket 0[core 7[hwt 0]]: [./././././././B/./.][./././././././././.]
[ivb112:03091] MCW rank 8 bound to socket 0[core 8[hwt 0]]: [././././././././B/.][./././././././././.]
[ivb112:03091] MCW rank 9 bound to socket 0[core 9[hwt 0]]: [./././././././././B][./././././././././.]
[ivb112:03091] MCW rank 10 bound to socket 1[core 10[hwt 0]]: [./././././././././.][B/././././././././.]
[ivb112:03091] MCW rank 11 bound to socket 1[core 11[hwt 0]]: [./././././././././.][./B/./././././././.]
[ivb112:03091] MCW rank 0 bound to socket 0[core 0[hwt 0]]: [B/././././././././.][./././././././././.]
[ivb112:03091] MCW rank 1 bound to socket 0[core 1[hwt 0]]: [./B/./././././././.][./././././././././.]
[ivb112:03091] MCW rank 2 bound to socket 0[core 2[hwt 0]]: [././B/././././././.][./././././././././.]
[ivb112:03091] MCW rank 3 bound to socket 0[core 3[hwt 0]]: [./././B/./././././.][./././././././././.]
[ivb113:23903] MCW rank 17 bound to socket 0[core 5[hwt 0]]: [./././././B/./././.][./././././././././.]
[ivb113:23903] MCW rank 18 bound to socket 0[core 6[hwt 0]]: [././././././B/././.][./././././././././.]
[ivb113:23903] MCW rank 19 bound to socket 0[core 7[hwt 0]]: [./././././././B/./.][./././././././././.]
[ivb113:23903] MCW rank 20 bound to socket 0[core 8[hwt 0]]: [././././././././B/.][./././././././././.]
[ivb113:23903] MCW rank 21 bound to socket 0[core 9[hwt 0]]: [./././././././././B][./././././././././.]
[ivb113:23903] MCW rank 22 bound to socket 1[core 10[hwt 0]]: [./././././././././.][B/././././././././.]
[ivb113:23903] MCW rank 23 bound to socket 1[core 11[hwt 0]]: [./././././././././.][./B/./././././././.]
[ivb113:23903] MCW rank 12 bound to socket 0[core 0[hwt 0]]: [B/././././././././.][./././././././././.]
[ivb113:23903] MCW rank 13 bound to socket 0[core 1[hwt 0]]: [./B/./././././././.][./././././././././.]
[ivb113:23903] MCW rank 14 bound to socket 0[core 2[hwt 0]]: [././B/././././././.][./././././././././.]
[ivb113:23903] MCW rank 15 bound to socket 0[core 3[hwt 0]]: [./././B/./././././.][./././././././././.]
[ivb113:23903] MCW rank 16 bound to socket 0[core 4[hwt 0]]: [././././B/././././.][./././././././././.]
/*---------------------------------------------------------------------------*\
| =========                 |                                                 |
| \\      /  F ield         | foam-extend: Open Source CFD                    |
|  \\    /   O peration     | Version:     3.1                                |
|   \\  /    A nd           | Web:         http://www.extend-project.de       |
|    \\/     M anipulation  |                                                 |
\*---------------------------------------------------------------------------*/
Build    : 3.1-e2da948002a2
Exec     : pimpleDyMFoam -parallel
Date     : May 24 2016
Time     : 08:22:40
Host     : ivb112
PID      : 3171
CtrlDict : /home-2/vplatonov/foam/foam-extend-3.1/etc/controlDict
Case     : /home/vplatonov/tests/3D-mesh1-of3.1
nProcs   : 24
Slaves : 
23
(
ivb112.3170
ivb112.3178
ivb112.3188
ivb112.3194
ivb112.3206
ivb112.3197
ivb112.3203
ivb112.3209
ivb112.3212
ivb112.3214
ivb112.3200
ivb113.23971
ivb113.23970
ivb113.23969
ivb113.23978
ivb113.23985
ivb113.23991
ivb113.23994
ivb113.23988
ivb113.23997
ivb113.24005
ivb113.24000
ivb113.24003
)

Pstream initialized with:
    floatTransfer     : 0
    nProcsSimpleSum   : 0
    commsType         : blocking
SigFpe   : Enabling floating point exception trapping (FOAM_SIGFPE).

// * * * * * * * * * * * * * * * * * * * * * * * * * * * * * * * * * * * * * //
Create time

Create dynamic mesh for time = 0

Selecting dynamicFvMesh dynamicMotionSolverFvMesh
Selecting motion solver: displacementLaplacian
Selecting motion diffusion: quadratic
Selecting motion diffusion: inverseDistance
Reading field p

Reading field U

Reading/calculating face flux field phi

Selecting incompressible transport model Newtonian
Selecting turbulence model type LESModel
Selecting LES turbulence model oneEqEddy
oneEqEddyCoeffs
{
    ce              1.048;
    ck              0.094;
}

Reading field rAU if present


Starting time loop

Courant Number mean: 0 max: 0.0007592825 velocity magnitude: 0.4779
Reading old state
Before setting displacements
GAMGPCG:  Solving for cellDisplacementx, Initial residual = 0, Final residual = 0, No Iterations 0
GAMGPCG:  Solving for cellDisplacementy, Initial residual = 0, Final residual = 0, No Iterations 0
GAMGPCG:  Solving for cellDisplacementz, Initial residual = 0, Final residual = 0, No Iterations 0
Time = 5e-06

GAMGPCG:  Solving for cellDisplacementx, Initial residual = 0, Final residual = 0, No Iterations 0
GAMGPCG:  Solving for cellDisplacementy, Initial residual = 0, Final residual = 0, No Iterations 0
GAMGPCG:  Solving for cellDisplacementz, Initial residual = 0, Final residual = 0, No Iterations 0
volume continuity errors : volume = 4.535015, max error = 0, sum local = 0, global = 0
smoothSolver:  Solving for Ux, Initial residual = 1, Final residual = 3.764172e-08, No Iterations 1
smoothSolver:  Solving for Uy, Initial residual = 1, Final residual = 4.611591e-08, No Iterations 1
smoothSolver:  Solving for Uz, Initial residual = 0.9999962, Final residual = 4.046585e-08, No Iterations 1
Created persistent data with name p
Computing AINV with droptol 0.02
GPU: 804 iters: 16.27373 s: 11.991 GB/s
SGPUPCG:  Solving for p, Initial residual = 1, Final residual = 0.009801441, No Iterations 804
Computing AINV with droptol 0.02
GPU: 163 iters: 3.407548 s: 11.60999 GB/s
SGPUPCG:  Solving for p, Initial residual = 0.0004701375, Final residual = 9.78768e-06, No Iterations 163
time step continuity errors : sum local = 2.20361e-09, global = -1.793903e-12, cumulative = -1.793903e-12
Moving mesh time step continuity errors : sum local = 2.20361e-09, global = -1.793903e-12, cumulative = -3.587806e-12
GPU: 147 iters: 3.064067 s: 11.64408 GB/s
SGPUPCG:  Solving for p, Initial residual = 0.0001092452, Final residual = 9.716366e-06, No Iterations 147
GPU: 746 iters: 15.4585 s: 11.71272 GB/s
SGPUPCG:  Solving for p, Initial residual = 4.622027e-05, Final residual = 9.991185e-08, No Iterations 746
time step continuity errors : sum local = 2.250561e-11, global = -2.827611e-13, cumulative = -3.870567e-12
Moving mesh time step continuity errors : sum local = 2.250561e-11, global = -2.827611e-13, cumulative = -4.153328e-12
smoothSolver:  Solving for k, Initial residual = 1, Final residual = 2.55734e-11, No Iterations 2
ExecutionTime = 82.83 s  ClockTime = 88 s

Courant Number mean: 7.680251e-05 max: 0.00286507 velocity magnitude: 0.9550925
yForce = 1.596006
Y= 2.464051e-12
Vy= 9.856198e-07
Time = 1e-05

GAMGPCG:  Solving for cellDisplacementx, Initial residual = 0, Final residual = 0, No Iterations 0
GAMGPCG:  Solving for cellDisplacementy, Initial residual = 1, Final residual = 1.160983e-08, No Iterations 1
GAMGPCG:  Solving for cellDisplacementz, Initial residual = 0, Final residual = 0, No Iterations 0
volume continuity errors : volume = 4.535015, max error = 1.096931e-08, sum local = 6.134197e-15, global = -4.695049e-18
smoothSolver:  Solving for Ux, Initial residual = 0.9975504, Final residual = 1.33359e-06, No Iterations 1
smoothSolver:  Solving for Uy, Initial residual = 0.333322, Final residual = 2.479753e-06, No Iterations 1
smoothSolver:  Solving for Uz, Initial residual = 0.3180784, Final residual = 1.695559e-06, No Iterations 1
GPU: 803 iters: 16.66404 s: 11.69557 GB/s
SGPUPCG:  Solving for p, Initial residual = 0.003643892, Final residual = 3.598429e-05, No Iterations 803
GPU: 258 iters: 5.38538 s: 11.62758 GB/s
SGPUPCG:  Solving for p, Initial residual = 0.001403949, Final residual = 1.379648e-05, No Iterations 258
time step continuity errors : sum local = 1.037034e-09, global = -1.041768e-12, cumulative = -5.195096e-12
Moving mesh time step continuity errors : sum local = 1.037034e-09, global = -1.041768e-12, cumulative = -6.236864e-12
GPU: 307 iters: 6.393306 s: 11.65465 GB/s
SGPUPCG:  Solving for p, Initial residual = 0.0003130734, Final residual = 9.919707e-06, No Iterations 307
GPU: 764 iters: 15.85267 s: 11.69707 GB/s
SGPUPCG:  Solving for p, Initial residual = 0.0001183591, Final residual = 9.954513e-08, No Iterations 764
time step continuity errors : sum local = 7.474681e-12, global = -1.019316e-14, cumulative = -6.247057e-12
Moving mesh time step continuity errors : sum local = 7.474681e-12, global = -1.019316e-14, cumulative = -6.25725e-12
smoothSolver:  Solving for k, Initial residual = 0.008780218, Final residual = 8.025006e-09, No Iterations 1
ExecutionTime = 138.8 s  ClockTime = 144 s

Courant Number mean: 7.680482e-05 max: 0.002856923 velocity magnitude: 0.9523765
yForce = -3.466372
Y= 2.040465e-12
Vy= -1.155053e-06
Time = 1.5e-05

GAMGPCG:  Solving for cellDisplacementx, Initial residual = 0, Final residual = 0, No Iterations 0
GAMGPCG:  Solving for cellDisplacementy, Initial residual = 0.210815, Final residual = 2.628821e-09, No Iterations 1
GAMGPCG:  Solving for cellDisplacementz, Initial residual = 0, Final residual = 0, No Iterations 0
volume continuity errors : volume = 4.535015, max error = 1.123686e-08, sum local = 6.77195e-15, global = -5.084891e-20
smoothSolver:  Solving for Ux, Initial residual = 0.9921625, Final residual = 1.327995e-06, No Iterations 1
smoothSolver:  Solving for Uy, Initial residual = 0.1846254, Final residual = 1.468258e-06, No Iterations 1
smoothSolver:  Solving for Uz, Initial residual = 0.6433563, Final residual = 3.277511e-06, No Iterations 1
GPU: 733 iters: 15.2075 s: 11.69856 GB/s
SGPUPCG:  Solving for p, Initial residual = 0.002800867, Final residual = 2.790966e-05, No Iterations 733
GPU: 285 iters: 5.934907 s: 11.65513 GB/s
SGPUPCG:  Solving for p, Initial residual = 0.09899591, Final residual = 0.0009763465, No Iterations 285
time step continuity errors : sum local = 3.413968e-10, global = -5.600927e-13, cumulative = -6.817343e-12
Moving mesh time step continuity errors : sum local = 3.413968e-10, global = -5.600927e-13, cumulative = -7.377435e-12
GPU: 435 iters: 9.04096 s: 11.6778 GB/s
SGPUPCG:  Solving for p, Initial residual = 0.02241016, Final residual = 0.0002236002, No Iterations 435
GPU: 925 iters: 19.14256 s: 11.72811 GB/s
SGPUPCG:  Solving for p, Initial residual = 0.007531983, Final residual = 9.7458e-08, No Iterations 925
time step continuity errors : sum local = 3.095037e-14, global = -1.925069e-17, cumulative = -7.377455e-12
Moving mesh time step continuity errors : sum local = 3.095037e-14, global = -1.925069e-17, cumulative = -7.377474e-12
smoothSolver:  Solving for k, Initial residual = 0.003835069, Final residual = 3.565919e-09, No Iterations 1
ExecutionTime = 199.81 s  ClockTime = 205 s

Courant Number mean: 7.68053e-05 max: 0.002858858 velocity magnitude: 0.9530214
yForce = 1.632713
Y= -1.214072e-12
Vy= -1.467627e-07
Time = 2e-05

GAMGPCG:  Solving for cellDisplacementx, Initial residual = 0, Final residual = 0, No Iterations 0
GAMGPCG:  Solving for cellDisplacementy, Initial residual = 1, Final residual = 1.121467e-08, No Iterations 1
GAMGPCG:  Solving for cellDisplacementz, Initial residual = 0, Final residual = 0, No Iterations 0
volume continuity errors : volume = 4.535015, max error = 1.120603e-08, sum local = 6.807504e-15, global = 2.358202e-18
smoothSolver:  Solving for Ux, Initial residual = 0.05067643, Final residual = 8.736521e-08, No Iterations 1
smoothSolver:  Solving for Uy, Initial residual = 0.01322816, Final residual = 1.547595e-07, No Iterations 1
smoothSolver:  Solving for Uz, Initial residual = 0.8960787, Final residual = 4.514846e-06, No Iterations 1
GPU: 107 iters: 2.252579 s: 11.52896 GB/s
SGPUPCG:  Solving for p, Initial residual = 0.2265779, Final residual = 0.002223143, No Iterations 107
GPU: 367 iters: 7.620852 s: 11.68823 GB/s
SGPUPCG:  Solving for p, Initial residual = 0.01250493, Final residual = 0.0001235243, No Iterations 367
time step continuity errors : sum local = 3.332324e-11, global = -3.032947e-12, cumulative = -1.041042e-11
Moving mesh time step continuity errors : sum local = 3.332324e-11, global = -3.032947e-12, cumulative = -1.344337e-11
GPU: 570 iters: 11.82201 s: 11.70226 GB/s
SGPUPCG:  Solving for p, Initial residual = 0.004237591, Final residual = 4.189421e-05, No Iterations 570
GPU: 777 iters: 16.05094 s: 11.74916 GB/s
SGPUPCG:  Solving for p, Initial residual = 0.001801013, Final residual = 9.951402e-08, No Iterations 777
time step continuity errors : sum local = 2.668619e-14, global = 9.044213e-17, cumulative = -1.344328e-11
Moving mesh time step continuity errors : sum local = 2.668619e-14, global = 9.044213e-17, cumulative = -1.344319e-11
smoothSolver:  Solving for k, Initial residual = 0.002273128, Final residual = 2.172793e-09, No Iterations 1
ExecutionTime = 249.35 s  ClockTime = 254 s

Courant Number mean: 7.680586e-05 max: 0.002856743 velocity magnitude: 0.9523164
yForce = -0.3609933
Y= -2.505217e-12
Vy= -3.696953e-07
Time = 2.5e-05

GAMGPCG:  Solving for cellDisplacementx, Initial residual = 0, Final residual = 0, No Iterations 0
GAMGPCG:  Solving for cellDisplacementy, Initial residual = 0.4131878, Final residual = 8.691604e-09, No Iterations 1
GAMGPCG:  Solving for cellDisplacementz, Initial residual = 0, Final residual = 0, No Iterations 0
volume continuity errors : volume = 4.535015, max error = 1.355096e-08, sum local = 6.911163e-15, global = 2.277413e-18
smoothSolver:  Solving for Ux, Initial residual = 0.02707034, Final residual = 3.15784e-08, No Iterations 1
smoothSolver:  Solving for Uy, Initial residual = 0.004554193, Final residual = 5.437767e-08, No Iterations 1
smoothSolver:  Solving for Uz, Initial residual = 0.7795636, Final residual = 4.213899e-06, No Iterations 1
Computing AINV with droptol 0.02
GPU: 29 iters: 0.6339937 s: 11.10195 GB/s
SGPUPCG:  Solving for p, Initial residual = 0.1533821, Final residual = 0.001524612, No Iterations 29
GPU: 407 iters: 8.42844 s: 11.72016 GB/s
SGPUPCG:  Solving for p, Initial residual = 0.003913984, Final residual = 3.8933e-05, No Iterations 407
time step continuity errors : sum local = 9.256198e-12, global = 6.080857e-13, cumulative = -1.28351e-11
Moving mesh time step continuity errors : sum local = 9.256198e-12, global = 6.080857e-13, cumulative = -1.222702e-11
GPU: 578 iters: 11.99611 s: 11.69428 GB/s
SGPUPCG:  Solving for p, Initial residual = 0.001010979, Final residual = 1.005046e-05, No Iterations 578
GPU: 727 iters: 15.05788 s: 11.71809 GB/s
SGPUPCG:  Solving for p, Initial residual = 0.0003959656, Final residual = 9.98182e-08, No Iterations 727
time step continuity errors : sum local = 2.365572e-14, global = 6.604438e-17, cumulative = -1.222695e-11
Moving mesh time step continuity errors : sum local = 2.365572e-14, global = 6.604438e-17, cumulative = -1.222688e-11
smoothSolver:  Solving for k, Initial residual = 0.001554794, Final residual = 1.530276e-09, No Iterations 1
ExecutionTime = 297.22 s  ClockTime = 302 s

Courant Number mean: 7.6806e-05 max: 0.002854609 velocity magnitude: 0.9516052
yForce = -0.3064627
Y= -4.826836e-12
Vy= -5.589519e-07
Time = 3e-05

GAMGPCG:  Solving for cellDisplacementx, Initial residual = 0, Final residual = 0, No Iterations 0
GAMGPCG:  Solving for cellDisplacementy, Initial residual = 0.4927579, Final residual = 7.060939e-09, No Iterations 1
GAMGPCG:  Solving for cellDisplacementz, Initial residual = 0, Final residual = 0, No Iterations 0
volume continuity errors : volume = 4.535015, max error = 1.159895e-08, sum local = 6.948086e-15, global = 5.44694e-18
smoothSolver:  Solving for Ux, Initial residual = 0.01761466, Final residual = 1.431817e-08, No Iterations 1
smoothSolver:  Solving for Uy, Initial residual = 0.001237681, Final residual = 2.457402e-08, No Iterations 1
smoothSolver:  Solving for Uz, Initial residual = 0.3805882, Final residual = 4.210612e-06, No Iterations 1
GPU: 5 iters: 0.1380105 s: 8.793144 GB/s
SGPUPCG:  Solving for p, Initial residual = 0.1088626, Final residual = 0.0009564443, No Iterations 5
GPU: 146 iters: 3.055277 s: 11.59814 GB/s
SGPUPCG:  Solving for p, Initial residual = 0.001672997, Final residual = 1.671394e-05, No Iterations 146
time step continuity errors : sum local = 3.585919e-12, global = -2.052175e-16, cumulative = -1.222709e-11
Moving mesh time step continuity errors : sum local = 3.585919e-12, global = -2.052175e-16, cumulative = -1.222729e-11
GPU: 31 iters: 0.6734048 s: 11.17305 GB/s
SGPUPCG:  Solving for p, Initial residual = 0.0002969702, Final residual = 9.37661e-06, No Iterations 31
GPU: 693 iters: 14.36215 s: 11.71116 GB/s
SGPUPCG:  Solving for p, Initial residual = 0.0001154361, Final residual = 9.879893e-08, No Iterations 693
time step continuity errors : sum local = 2.118653e-14, global = -2.317818e-16, cumulative = -1.222753e-11
Moving mesh time step continuity errors : sum local = 2.118653e-14, global = -2.317818e-16, cumulative = -1.222776e-11
smoothSolver:  Solving for k, Initial residual = 0.001156912, Final residual = 1.164881e-09, No Iterations 1
ExecutionTime = 327.05 s  ClockTime = 332 s

Courant Number mean: 7.680609e-05 max: 0.002852247 velocity magnitude: 0.9508177
yForce = 0.3151099
Y= -7.1351e-12
Vy= -3.643538e-07
Time = 3.5e-05

GAMGPCG:  Solving for cellDisplacementx, Initial residual = 0, Final residual = 0, No Iterations 0
GAMGPCG:  Solving for cellDisplacementy, Initial residual = 0.3614517, Final residual = 5.561561e-09, No Iterations 1
GAMGPCG:  Solving for cellDisplacementz, Initial residual = 0, Final residual = 0, No Iterations 0
volume continuity errors : volume = 4.535015, max error = 1.218372e-08, sum local = 6.984626e-15, global = -2.157271e-18
smoothSolver:  Solving for Ux, Initial residual = 0.01352738, Final residual = 1.135063e-08, No Iterations 1
smoothSolver:  Solving for Uy, Initial residual = 0.0009594672, Final residual = 1.86155e-08, No Iterations 1
smoothSolver:  Solving for Uz, Initial residual = 0.2537982, Final residual = 3.036422e-06, No Iterations 1
GPU: 3 iters: 0.09676784 s: 7.524479 GB/s
SGPUPCG:  Solving for p, Initial residual = 0.09114959, Final residual = 0.0008271413, No Iterations 3
GPU: 127 iters: 2.664587 s: 11.56805 GB/s
SGPUPCG:  Solving for p, Initial residual = 0.001010219, Final residual = 9.924604e-06, No Iterations 127
time step continuity errors : sum local = 1.955256e-12, global = 2.08436e-17, cumulative = -1.222774e-11
Moving mesh time step continuity errors : sum local = 1.955256e-12, global = 2.08436e-17, cumulative = -1.222772e-11
GPU: 29 iters: 0.6336161 s: 11.10856 GB/s
SGPUPCG:  Solving for p, Initial residual = 9.258518e-05, Final residual = 9.697563e-06, No Iterations 29
GPU: 800 iters: 16.58835 s: 11.70504 GB/s
SGPUPCG:  Solving for p, Initial residual = 3.263541e-05, Final residual = 9.989354e-08, No Iterations 800
time step continuity errors : sum local = 1.967492e-14, global = -2.68164e-16, cumulative = -1.222798e-11
Moving mesh time step continuity errors : sum local = 1.967492e-14, global = -2.68164e-16, cumulative = -1.222825e-11
smoothSolver:  Solving for k, Initial residual = 0.0009097417, Final residual = 9.452131e-10, No Iterations 1
ExecutionTime = 358.72 s  ClockTime = 364 s

Courant Number mean: 7.680614e-05 max: 0.002849501 velocity magnitude: 0.9499024
yForce = -0.1109395
Y= -9.128145e-12
Vy= -4.328643e-07
Time = 4e-05

GAMGPCG:  Solving for cellDisplacementx, Initial residual = 0, Final residual = 0, No Iterations 0
GAMGPCG:  Solving for cellDisplacementy, Initial residual = 0.2602642, Final residual = 4.216436e-09, No Iterations 1
GAMGPCG:  Solving for cellDisplacementz, Initial residual = 0, Final residual = 0, No Iterations 0
volume continuity errors : volume = 4.535015, max error = 1.157155e-08, sum local = 6.984224e-15, global = -7.247835e-19
smoothSolver:  Solving for Ux, Initial residual = 0.01095196, Final residual = 9.422755e-09, No Iterations 1
smoothSolver:  Solving for Uy, Initial residual = 0.0008074293, Final residual = 1.499005e-08, No Iterations 1
smoothSolver:  Solving for Uz, Initial residual = 0.2208736, Final residual = 2.974473e-06, No Iterations 1
GPU: 4 iters: 0.1160666 s: 8.364483 GB/s
SGPUPCG:  Solving for p, Initial residual = 0.07497275, Final residual = 0.0003812803, No Iterations 4
GPU: 46 iters: 0.9805601 s: 11.38596 GB/s
SGPUPCG:  Solving for p, Initial residual = 0.0005296833, Final residual = 9.739258e-06, No Iterations 46
time step continuity errors : sum local = 1.7824e-12, global = -2.131253e-16, cumulative = -1.222847e-11
Moving mesh time step continuity errors : sum local = 1.7824e-12, global = -2.131253e-16, cumulative = -1.222868e-11
GPU: 3 iters: 0.09586288 s: 7.595511 GB/s
SGPUPCG:  Solving for p, Initial residual = 3.764533e-05, Final residual = 9.796793e-06, No Iterations 3
GPU: 832 iters: 17.23741 s: 11.71487 GB/s
SGPUPCG:  Solving for p, Initial residual = 1.486744e-05, Final residual = 9.864487e-08, No Iterations 832
time step continuity errors : sum local = 1.805151e-14, global = -3.416504e-18, cumulative = -1.222868e-11
Moving mesh time step continuity errors : sum local = 1.805151e-14, global = -3.416504e-18, cumulative = -1.222869e-11
smoothSolver:  Solving for k, Initial residual = 0.000743692, Final residual = 7.921315e-10, No Iterations 1
ExecutionTime = 389.05 s  ClockTime = 394 s

Courant Number mean: 7.680616e-05 max: 0.002846381 velocity magnitude: 0.9488623
yForce = -0.0169357
Y= -1.131861e-11
Vy= -4.433224e-07
Time = 4.5e-05

GAMGPCG:  Solving for cellDisplacementx, Initial residual = 0, Final residual = 0, No Iterations 0
GAMGPCG:  Solving for cellDisplacementy, Initial residual = 0.2425926, Final residual = 3.67937e-09, No Iterations 1
GAMGPCG:  Solving for cellDisplacementz, Initial residual = 0, Final residual = 0, No Iterations 0
volume continuity errors : volume = 4.535015, max error = 1.30807e-08, sum local = 6.985131e-15, global = 7.571407e-19
smoothSolver:  Solving for Ux, Initial residual = 0.009356434, Final residual = 8.058795e-09, No Iterations 1
smoothSolver:  Solving for Uy, Initial residual = 0.0006791758, Final residual = 1.242018e-08, No Iterations 1
smoothSolver:  Solving for Uz, Initial residual = 0.191745, Final residual = 2.483656e-06, No Iterations 1
GPU: 3 iters: 0.09569308 s: 7.608988 GB/s
SGPUPCG:  Solving for p, Initial residual = 0.06276933, Final residual = 0.0005702671, No Iterations 3
GPU: 22 iters: 0.4875163 s: 10.95266 GB/s
SGPUPCG:  Solving for p, Initial residual = 0.0006760717, Final residual = 9.993027e-06, No Iterations 22
time step continuity errors : sum local = 1.713858e-12, global = 2.748216e-16, cumulative = -1.222841e-11
Moving mesh time step continuity errors : sum local = 1.713858e-12, global = 2.748216e-16, cumulative = -1.222814e-11
GPU: 2 iters: 0.0744641 s: 6.518824 GB/s
SGPUPCG:  Solving for p, Initial residual = 2.568975e-05, Final residual = 7.525059e-06, No Iterations 2
GPU: 499 iters: 10.34912 s: 11.70263 GB/s
SGPUPCG:  Solving for p, Initial residual = 8.609804e-06, Final residual = 9.987374e-08, No Iterations 499
time step continuity errors : sum local = 1.712756e-14, global = 1.394642e-15, cumulative = -1.222674e-11
Moving mesh time step continuity errors : sum local = 1.712756e-14, global = 1.394642e-15, cumulative = -1.222535e-11
smoothSolver:  Solving for k, Initial residual = 0.0006255964, Final residual = 6.820461e-10, No Iterations 1
ExecutionTime = 411.77 s  ClockTime = 417 s

Courant Number mean: 7.680615e-05 max: 0.002842881 velocity magnitude: 0.9482452
yForce = 0.04536797
Y= -1.346518e-11
Vy= -4.153046e-07
Time = 5e-05

GAMGPCG:  Solving for cellDisplacementx, Initial residual = 0, Final residual = 0, No Iterations 0
GAMGPCG:  Solving for cellDisplacementy, Initial residual = 0.2063744, Final residual = 3.167621e-09, No Iterations 1
GAMGPCG:  Solving for cellDisplacementz, Initial residual = 0, Final residual = 0, No Iterations 0
volume continuity errors : volume = 4.535015, max error = 1.162972e-08, sum local = 6.987658e-15, global = -2.565715e-18
smoothSolver:  Solving for Ux, Initial residual = 0.008276637, Final residual = 7.079123e-09, No Iterations 1
smoothSolver:  Solving for Uy, Initial residual = 0.0005943145, Final residual = 1.058843e-08, No Iterations 1
smoothSolver:  Solving for Uz, Initial residual = 0.152457, Final residual = 1.666477e-06, No Iterations 1
GPU: 3 iters: 0.09465181 s: 7.692695 GB/s
SGPUPCG:  Solving for p, Initial residual = 0.0563638, Final residual = 0.0004846819, No Iterations 3
GPU: 19 iters: 0.426075 s: 10.82315 GB/s
SGPUPCG:  Solving for p, Initial residual = 0.0005668206, Final residual = 8.896713e-06, No Iterations 19
time step continuity errors : sum local = 1.439693e-12, global = 3.246046e-15, cumulative = -1.22221e-11
Moving mesh time step continuity errors : sum local = 1.439693e-12, global = 3.246046e-15, cumulative = -1.221885e-11
GPU: 1 iters: 0.05464269 s: 4.44175 GB/s
SGPUPCG:  Solving for p, Initial residual = 2.012516e-05, Final residual = 8.607697e-06, No Iterations 1
GPU: 714 iters: 14.79333 s: 11.71436 GB/s
SGPUPCG:  Solving for p, Initial residual = 9.125665e-06, Final residual = 9.997908e-08, No Iterations 714
time step continuity errors : sum local = 1.617822e-14, global = 9.483232e-17, cumulative = -1.221876e-11
Moving mesh time step continuity errors : sum local = 1.617822e-14, global = 9.483232e-17, cumulative = -1.221867e-11
smoothSolver:  Solving for k, Initial residual = 0.0005378837, Final residual = 5.997203e-10, No Iterations 1
ExecutionTime = 438.93 s  ClockTime = 444 s

yForce = -0.02268656
Y= -1.557673e-11
Vy= -4.293141e-07
End

Finalising parallel run
/home-2/vplatonov/bin/nvmps: line 33: 23994 Segmentation fault      "$@"
-------------------------------------------------------
Primary job  terminated normally, but 1 process returned
a non-zero exit code.. Per user-direction, the job has been aborted.
-------------------------------------------------------
slurmstepd: *** JOB 7475 ON ivb112 CANCELLED AT 2016-05-24T08:39:53 DUE TO TIME LIMIT ***
--------------------------------------------------------------------------
mpirun detected that one or more processes exited with non-zero status, thus causing
the job to be terminated. The first process to do so was:

  Process name: [[21477,1],18]
  Exit code:    139
--------------------------------------------------------------------------
