 Data for JOB [2916,1] offset 0

 ========================   JOB MAP   ========================

 Data for node: ivb106	Num slots: 12	Max slots: 0	Num procs: 12
 	Process OMPI jobid: [2916,1] App: 0 Process rank: 0
 	Process OMPI jobid: [2916,1] App: 0 Process rank: 1
 	Process OMPI jobid: [2916,1] App: 0 Process rank: 2
 	Process OMPI jobid: [2916,1] App: 0 Process rank: 3
 	Process OMPI jobid: [2916,1] App: 0 Process rank: 4
 	Process OMPI jobid: [2916,1] App: 0 Process rank: 5
 	Process OMPI jobid: [2916,1] App: 0 Process rank: 6
 	Process OMPI jobid: [2916,1] App: 0 Process rank: 7
 	Process OMPI jobid: [2916,1] App: 0 Process rank: 8
 	Process OMPI jobid: [2916,1] App: 0 Process rank: 9
 	Process OMPI jobid: [2916,1] App: 0 Process rank: 10
 	Process OMPI jobid: [2916,1] App: 0 Process rank: 11

 Data for node: ivb108	Num slots: 12	Max slots: 0	Num procs: 12
 	Process OMPI jobid: [2916,1] App: 0 Process rank: 12
 	Process OMPI jobid: [2916,1] App: 0 Process rank: 13
 	Process OMPI jobid: [2916,1] App: 0 Process rank: 14
 	Process OMPI jobid: [2916,1] App: 0 Process rank: 15
 	Process OMPI jobid: [2916,1] App: 0 Process rank: 16
 	Process OMPI jobid: [2916,1] App: 0 Process rank: 17
 	Process OMPI jobid: [2916,1] App: 0 Process rank: 18
 	Process OMPI jobid: [2916,1] App: 0 Process rank: 19
 	Process OMPI jobid: [2916,1] App: 0 Process rank: 20
 	Process OMPI jobid: [2916,1] App: 0 Process rank: 21
 	Process OMPI jobid: [2916,1] App: 0 Process rank: 22
 	Process OMPI jobid: [2916,1] App: 0 Process rank: 23

 =============================================================
[ivb106:33014] MCW rank 1 bound to socket 0[core 1[hwt 0]]: [./B/./././././././.][./././././././././.]
[ivb106:33014] MCW rank 2 bound to socket 0[core 2[hwt 0]]: [././B/././././././.][./././././././././.]
[ivb106:33014] MCW rank 3 bound to socket 0[core 3[hwt 0]]: [./././B/./././././.][./././././././././.]
[ivb106:33014] MCW rank 4 bound to socket 0[core 4[hwt 0]]: [././././B/././././.][./././././././././.]
[ivb106:33014] MCW rank 5 bound to socket 0[core 5[hwt 0]]: [./././././B/./././.][./././././././././.]
[ivb106:33014] MCW rank 6 bound to socket 0[core 6[hwt 0]]: [././././././B/././.][./././././././././.]
[ivb106:33014] MCW rank 7 bound to socket 0[core 7[hwt 0]]: [./././././././B/./.][./././././././././.]
[ivb106:33014] MCW rank 8 bound to socket 0[core 8[hwt 0]]: [././././././././B/.][./././././././././.]
[ivb106:33014] MCW rank 9 bound to socket 0[core 9[hwt 0]]: [./././././././././B][./././././././././.]
[ivb106:33014] MCW rank 10 bound to socket 1[core 10[hwt 0]]: [./././././././././.][B/././././././././.]
[ivb106:33014] MCW rank 11 bound to socket 1[core 11[hwt 0]]: [./././././././././.][./B/./././././././.]
[ivb106:33014] MCW rank 0 bound to socket 0[core 0[hwt 0]]: [B/././././././././.][./././././././././.]
[ivb108:18549] MCW rank 23 bound to socket 1[core 11[hwt 0]]: [./././././././././.][./B/./././././././.]
[ivb108:18549] MCW rank 12 bound to socket 0[core 0[hwt 0]]: [B/././././././././.][./././././././././.]
[ivb108:18549] MCW rank 13 bound to socket 0[core 1[hwt 0]]: [./B/./././././././.][./././././././././.]
[ivb108:18549] MCW rank 14 bound to socket 0[core 2[hwt 0]]: [././B/././././././.][./././././././././.]
[ivb108:18549] MCW rank 15 bound to socket 0[core 3[hwt 0]]: [./././B/./././././.][./././././././././.]
[ivb108:18549] MCW rank 16 bound to socket 0[core 4[hwt 0]]: [././././B/././././.][./././././././././.]
[ivb108:18549] MCW rank 17 bound to socket 0[core 5[hwt 0]]: [./././././B/./././.][./././././././././.]
[ivb108:18549] MCW rank 18 bound to socket 0[core 6[hwt 0]]: [././././././B/././.][./././././././././.]
[ivb108:18549] MCW rank 19 bound to socket 0[core 7[hwt 0]]: [./././././././B/./.][./././././././././.]
[ivb108:18549] MCW rank 20 bound to socket 0[core 8[hwt 0]]: [././././././././B/.][./././././././././.]
[ivb108:18549] MCW rank 21 bound to socket 0[core 9[hwt 0]]: [./././././././././B][./././././././././.]
[ivb108:18549] MCW rank 22 bound to socket 1[core 10[hwt 0]]: [./././././././././.][B/././././././././.]
/*---------------------------------------------------------------------------*\
| =========                 |                                                 |
| \\      /  F ield         | foam-extend: Open Source CFD                    |
|  \\    /   O peration     | Version:     3.1                                |
|   \\  /    A nd           | Web:         http://www.extend-project.de       |
|    \\/     M anipulation  |                                                 |
\*---------------------------------------------------------------------------*/
Build    : 3.1-e2da948002a2
Exec     : interFoam -parallel
Date     : May 21 2016
Time     : 11:31:03
Host     : ivb106
PID      : 33081
CtrlDict : /home-2/vplatonov/foam/foam-extend-3.1/etc/controlDict
Case     : /home/vplatonov/tests/rt12mln
nProcs   : 24
Slaves : 
23
(
ivb106.33080
ivb106.33085
ivb106.33089
ivb106.33095
ivb106.33104
ivb106.33110
ivb106.33113
ivb106.33121
ivb106.33107
ivb106.33119
ivb106.33116
ivb108.18614
ivb108.18612
ivb108.18613
ivb108.18623
ivb108.18630
ivb108.18642
ivb108.18645
ivb108.18648
ivb108.18650
ivb108.18633
ivb108.18636
ivb108.18639
)

Pstream initialized with:
    floatTransfer     : 0
    nProcsSimpleSum   : 0
    commsType         : blocking
SigFpe   : Enabling floating point exception trapping (FOAM_SIGFPE).

// * * * * * * * * * * * * * * * * * * * * * * * * * * * * * * * * * * * * * //
Create time

Create mesh for time = 0


Reading g
Reading field pd

Reading field alpha1

Reading field U

Reading/calculating face flux field phi

Reading transportProperties

Selecting incompressible transport model Newtonian
Selecting incompressible transport model Newtonian
Calculating field g.h

Selecting turbulence model type laminar
time step continuity errors : sum local = 0, global = 0, cumulative = 0
Created persistent data with name pcorr
GPUAMG:  Solving for pcorr, Initial residual = 0, Final residual = 0, No Iterations 0
time step continuity errors : sum local = 0, global = 0, cumulative = 0
Courant Number mean: 0 max: 0 velocity magnitude: 0

Starting time loop

Courant Number mean: 0 max: 0 velocity magnitude: 0
Time = 0.001

MULES: Solving for alpha1
Liquid phase volume fraction = 0.00275421  Min(alpha1) = 0  Max(alpha1) = 1
MULES: Solving for alpha1
Liquid phase volume fraction = 0.00275421  Min(alpha1) = 0  Max(alpha1) = 1
Created persistent data with name pd
[10] Building level 0
[11] Building level 0
[0] Building level 0
[1] Building level 0
[2] Building level 0
[3] Building level 0
[4] Building level 0
[5] Building level 0
[6] Building level 0
[7] Building level 0
[8] Building level 0
[9] Building level 0
[21] Building level 0
[22] Building level 0
[23] Building level 0
[12] Building level 0
[13] Building level 0
[14] Building level 0
[15] Building level 0
[16] Building level 0
[17] Building level 0
[18] Building level 0
[19] Building level 0
[20] Building level 0
[22] Building level 1
[23] Building level 1
[11] Building level 1
[10] Building level 1
[2] Building level 1
[7] Building level 1
[6] Building level 1
[9] Building level 1
[1] Building level 1
[4] Building level 1
[8] Building level 1
[5] Building level 1
[3] Building level 1
[20] Building level 1
[21] Building level 1
[15] Building level 1
[18] Building level 1
[14] Building level 1
[16] Building level 1
[17] Building level 1
[13] Building level 1
[19] Building level 1
[22] Building level 2
[23] Building level 2
[11] Building level 2
[6] Building level 2
Creating AMGLevel 
[3] Building level 2
[10] Building level 2
[1] Building level 2
[9] Building level 2
[2] Building level 2
[7] Building level 2
[5] Building level 2
[18] Building level 2
[0] Building level 1
[20] Building level 2
[8] Building level 2
[15] Building level 2
[21] Building level 2
[4] Building level 2
[13] Building level 2
[17] Building level 2
[16] Building level 2
[19] Building level 2
[14] Building level 2
[12] Building level 1
[22] Building level 3
[23] Building level 3
[6] Building level 3
[11] Building level 3
[10] Building level 3
[9] Building level 3
[18] Building level 3
[3] Building level 3
[21] Building level 3
[8] Building level 3
[20] Building level 3
[15] Building level 3
[2] Building level 3
[22] Building level 4
[5] Building level 3
[7] Building level 3
[13] Building level 3
[1] Building level 3
[4] Building level 3
[17] Building level 3
[14] Building level 3
[16] Building level 3
[19] Building level 3
[23] Building level 4
[18] Building level 4
[6] Building level 4
[9] Building level 4
[22] Building level 5
[10] Building level 4
[11] Building level 4
[21] Building level 4
[15] Building level 4
[4] Building level 4
[1] Building level 4
[2] Building level 4
[20] Building level 4
[5] Building level 4
[17] Building level 4
[8] Building level 4
[14] Building level 4
[13] Building level 4
[19] Building level 4
[3] Building level 4
[7] Building level 4
[23] Building level 5
[16] Building level 4
[21] Building level 5
[18] Building level 5
[11] Building level 5
[15] Building level 5
[9] Building level 5
[6] Building level 5
[4] Building level 5
[10] Building level 5
[3] Building level 5
[14] Building level 5
[19] Building level 5
[20] Building level 5
[1] Building level 5
[5] Building level 5
[8] Building level 5
[7] Building level 5
[16] Building level 5
[22] Building level 6
[18] Building level 6
[17] Building level 5
[11] Building level 6
[15] Building level 6
[2] Building level 5
[23] Building level 6
[13] Building level 5
[6] Building level 6
[19] Building level 6
[3] Building level 6
[10] Building level 6
[21] Building level 6
[20] Building level 6
[9] Building level 6
[16] Building level 6
[11] Building level 7
[22] Building level 7
[18] Building level 7
[4] Building level 6
[23] Building level 7
[7] Building level 6
[19] Building level 7
[5] Building level 6
[6] Building level 7
[14] Building level 6
[1] Building level 6
[15] Building level 7
[11] Building level 8
[8] Building level 6
[18] Building level 8
[11] Building level 9
[17] Building level 6
[20] Building level 7
[10] Building level 7
[18] Building level 9
[3] Building level 7
[22] Building level 8
[9] Building level 7
[23] Building level 8
[11] Building level 10
[21] Building level 7
[19] Building level 8
[2] Building level 6
[18] Building level 10
[13] Building level 6
[6] Building level 8
[15] Building level 8
[11] Building level 11
[23] Building level 9
[18] Building level 11
[16] Building level 7
[11] Building level 12
[6] Building level 9
[23] Building level 10
[15] Building level 9
[18] Building level 12
[22] Building level 9
[20] Building level 8
[23] Building level 11
[6] Building level 10
[15] Building level 10
[3] Building level 8
[7] Building level 7
[10] Building level 8
[9] Building level 8
[22] Building level 10
[21] Building level 8
[19] Building level 9
[23] Building level 12
[6] Building level 11
[15] Building level 11
[20] Building level 9
[4] Building level 7
[14] Building level 7
[3] Building level 9
[10] Building level 9
[22] Building level 11
[1] Building level 7
[9] Building level 9
[6] Building level 12
[8] Building level 7
[15] Building level 12
[16] Building level 8
[5] Building level 7
[19] Building level 10
[17] Building level 7
[21] Building level 9
[3] Building level 10
[22] Building level 12
[10] Building level 10
[13] Building level 7
[9] Building level 10
[20] Building level 10
[19] Building level 11
[21] Building level 10
[16] Building level 9
[3] Building level 11
[10] Building level 11
[7] Building level 8
[19] Building level 12
[9] Building level 11
[21] Building level 11
[16] Building level 10
[3] Building level 12
[10] Building level 12
[2] Building level 7
[17] Building level 8
[14] Building level 8
[21] Building level 12
[9] Building level 12
[1] Building level 8
[16] Building level 11
[20] Building level 11
[4] Building level 8
[7] Building level 9
[13] Building level 8
[16] Building level 12
[20] Building level 12
[14] Building level 9
[8] Building level 8
[17] Building level 9
[5] Building level 8
[1] Building level 9
[4] Building level 9
[7] Building level 10
[13] Building level 9
[14] Building level 10
[1] Building level 10
[8] Building level 9
[17] Building level 10
[5] Building level 9
[7] Building level 11
[2] Building level 8
[4] Building level 10
[14] Building level 11
[13] Building level 10
[17] Building level 11
[1] Building level 11
[8] Building level 10
[7] Building level 12
[4] Building level 11
[5] Building level 10
[14] Building level 12
[2] Building level 9
[17] Building level 12
[1] Building level 12
[13] Building level 11
[8] Building level 11
[4] Building level 12
[5] Building level 11
[13] Building level 12
[2] Building level 10
[8] Building level 12
[5] Building level 12
[2] Building level 11
[2] Building level 12
Creating AMGLevel 
[12] Building level 2
[0] Building level 2
Creating AMGLevel 
[0] Building level 3
[12] Building level 3
[12] Building level 4
Creating AMGLevel 
[0] Building level 4
[12] Building level 5
Creating AMGLevel 
[0] Building level 5
[12] Building level 6
Creating AMGLevel 
[0] Building level 6
[12] Building level 7
Creating AMGLevel 
[0] Building level 7
[12] Building level 8
Creating AMGLevel 
[0] Building level 8
[12] Building level 9
Creating AMGLevel 
[0] Building level 9
Creating AMGLevel 
[0] Building level 10
[12] Building level 10
Creating AMGLevel 
[0] Building level 11
[12] Building level 11
Creating AMGLevel 
[0] Building level 12
Creating AMGLevel 
12 Level construction complete
[12] Building level 12
initial dot_x = 0
Iter #1 residual = 0.0735827
GPU: 1 iters: 0.407285 s: 0.267632 GB/s
GPUAMG:  Solving for pd, Initial residual = 1, Final residual = 0.0273182, No Iterations 1
[5] Building level 0
[2] Building level 0
[10] Building level 0
[1] Building level 0
[8] Building level 0
[6] Building level 0
[4] Building level 0
[0] Building level 0
[11] Building level 0
[3] Building level 0
[7] Building level 0
[9] Building level 0
[12] Building level 0
[21] Building level 0
[15] Building level 0
[18] Building level 0
[20] Building level 0
[19] Building level 0
[16] Building level 0
[23] Building level 0
[17] Building level 0
[14] Building level 0
[22] Building level 0
[13] Building level 0
[11] Building level 1
[23] Building level 1
[10] Building level 1
[22] Building level 1
[9] Building level 1
[7] Building level 1
[21] Building level 1
[5] Building level 1
[3] Building level 1
[6] Building level 1
[15] Building level 1
[20] Building level 1
[16] Building level 1
[18] Building level 1
[1] Building level 1
[4] Building level 1
[14] Building level 1
[8] Building level 1
[0] Building level 1
[17] Building level 1
[2] Building level 1
[12] Building level 1
[13] Building level 1
[19] Building level 1
[23] Building level 2
[11] Building level 2
[22] Building level 2
[15] Building level 2
[9] Building level 2
[16] Building level 2
[20] Building level 2
[11] Building level 3
[1] Building level 2
[6] Building level 2
[0] Building level 2
[5] Building level 2
[7] Building level 2
[23] Building level 3
[14] Building level 2
[18] Building level 2
[8] Building level 2
[4] Building level 2
[2] Building level 2
[21] Building level 2
[10] Building level 2
[3] Building level 2
[12] Building level 2
[22] Building level 3
[9] Building level 3
[17] Building level 2
[15] Building level 3
[19] Building level 2
[23] Building level 4
[13] Building level 2
[11] Building level 4
[16] Building level 3
[22] Building level 4
[14] Building level 3
[20] Building level 3
[21] Building level 3
[23] Building level 5
[17] Building level 3
[18] Building level 3
[5] Building level 3
[12] Building level 3
[9] Building level 4
[11] Building level 5
[7] Building level 3
[15] Building level 4
[10] Building level 3
[1] Building level 3
[2] Building level 3
[22] Building level 5
[4] Building level 3
[8] Building level 3
[3] Building level 3
[19] Building level 3
[0] Building level 3
[6] Building level 3
[11] Building level 6
[16] Building level 4
[23] Building level 6
[23] Building level 7
[22] Building level 6
[9] Building level 5
[23] Building level 8
[17] Building level 4
[23] Building level 9
[23] Building level 10
[15] Building level 5
[23] Building level 11
[14] Building level 4
[22] Building level 7
[21] Building level 4
[11] Building level 7
[20] Building level 4
[18] Building level 4
[16] Building level 5
[23] Building level 12
[22] Building level 8
[11] Building level 8
[11] Building level 9
[11] Building level 10
[11] Building level 11
[11] Building level 12
[19] Building level 4
[13] Building level 3
[7] Building level 4
[22] Building level 9
[9] Building level 6
[22] Building level 10
[12] Building level 4
[2] Building level 4
[15] Building level 6
[6] Building level 4
[10] Building level 4
[22] Building level 11
[1] Building level 4
[5] Building level 4
[17] Building level 5
[22] Building level 12
[3] Building level 4
[9] Building level 7
[4] Building level 4
[15] Building level 7
[0] Building level 4
[21] Building level 5
[16] Building level 6
[14] Building level 5
[15] Building level 8
[9] Building level 8
[19] Building level 5
[8] Building level 4
[18] Building level 5
[15] Building level 9
[20] Building level 5
[17] Building level 6
[16] Building level 7
[15] Building level 10
[9] Building level 9
[15] Building level 11
[15] Building level 12
[9] Building level 10
[16] Building level 8
[9] Building level 11
[14] Building level 6
[7] Building level 5
[9] Building level 12
[17] Building level 7
[12] Building level 5
[21] Building level 6
[10] Building level 5
[16] Building level 9
[13] Building level 4
[2] Building level 5
[16] Building level 10
[1] Building level 5
[5] Building level 5
[3] Building level 5
[17] Building level 8
[18] Building level 6
[19] Building level 6
[16] Building level 11
[6] Building level 5
[14] Building level 7
[20] Building level 6
[17] Building level 9
[16] Building level 12
[21] Building level 7
[17] Building level 10
[17] Building level 11
[17] Building level 12
[4] Building level 5
[14] Building level 8
[19] Building level 7
[18] Building level 7
[21] Building level 8
[14] Building level 9
[10] Building level 6
[8] Building level 5
[7] Building level 6
[20] Building level 7
[21] Building level 9
[14] Building level 10
[0] Building level 5
[21] Building level 10
[14] Building level 11
[19] Building level 8
[18] Building level 8
[14] Building level 12
[21] Building level 11
[1] Building level 6
[21] Building level 12
[2] Building level 6
[12] Building level 6
[19] Building level 9
[5] Building level 6
[20] Building level 8
[18] Building level 9
[3] Building level 6
[19] Building level 10
[10] Building level 7
[18] Building level 10
[6] Building level 6
[19] Building level 11
[13] Building level 5
[20] Building level 9
[18] Building level 11
[7] Building level 7
[19] Building level 12
[18] Building level 12
[20] Building level 10
[1] Building level 7
[20] Building level 11
[2] Building level 7
[20] Building level 12
[4] Building level 6
[10] Building level 8
[5] Building level 7
[7] Building level 8
[12] Building level 7
[3] Building level 7
[1] Building level 8
[10] Building level 9
[2] Building level 8
[7] Building level 9
[10] Building level 10
[6] Building level 7
[8] Building level 6
[5] Building level 8
[1] Building level 9
[10] Building level 11
[7] Building level 10
[12] Building level 8
[3] Building level 8
[2] Building level 9
[10] Building level 12
[7] Building level 11
[1] Building level 10
[4] Building level 7
[2] Building level 10
[5] Building level 9
[7] Building level 12
[1] Building level 11
[2] Building level 11
[13] Building level 6
[6] Building level 8
[3] Building level 9
[12] Building level 9
[1] Building level 12
[2] Building level 12
[5] Building level 10
[0] Building level 6
[3] Building level 10
[5] Building level 11
[12] Building level 10
[12] Building level 11
[5] Building level 12
[3] Building level 11
[6] Building level 9
[12] Building level 12
[3] Building level 12
[4] Building level 8
[8] Building level 7
[6] Building level 10
[6] Building level 11
[6] Building level 12
[4] Building level 9
[13] Building level 7
[4] Building level 10
[8] Building level 8
[4] Building level 11
[4] Building level 12
[13] Building level 8
[8] Building level 9
[0] Building level 7
[8] Building level 10
[13] Building level 9
[8] Building level 11
[8] Building level 12
[13] Building level 10
[13] Building level 11
[13] Building level 12
[0] Building level 8
[0] Building level 9
[0] Building level 10
[0] Building level 11
[0] Building level 12
12 Level construction complete
initial dot_x = 76092.1
Iter #1 residual = 0.00852572
Iter #2 residual = 0.00981611
Iter #3 residual = 0.0783615
Iter #4 residual = 1.45181
Iter #5 residual = 15.1558
Iter #6 residual = 282.076
Iter #7 residual = 3809.37
Iter #8 residual = 46385.1
Iter #9 residual = 1.57406e+06
Iter #10 residual = 9.0803e+06
Iter #11 residual = 3.30259e+07
Iter #12 residual = 2.70207e+08
Iter #13 residual = 1.9475e+09
Iter #14 residual = 1.53195e+10
Iter #15 residual = 1.27528e+11
Iter #16 residual = 9.29613e+11
Iter #17 residual = 9.17385e+12
Iter #18 residual = 8.58208e+13
Iter #19 residual = 5.36765e+14
Iter #20 residual = 4.1653e+15
GMRES:  Solving for topLevelCorr, Initial residual = 0.834584, Final residual = 0.835516, No Iterations 200
Iter #21 residual = 2.92858e+16
Iter #22 residual = 2.50756e+17
GMRES:  Solving for topLevelCorr, Initial residual = 0.834574, Final residual = 0.835778, No Iterations 200
Iter #23 residual = 1.75494e+18
Iter #24 residual = 1.51166e+19
Iter #25 residual = 1.27977e+20
Iter #26 residual = 9.24406e+20
Iter #27 residual = 8.3208e+21
Iter #28 residual = 6.60885e+22
Iter #29 residual = 4.68919e+23
Iter #30 residual = 3.71602e+24
GMRES:  Solving for topLevelCorr, Initial residual = 0.834465, Final residual = 0.835138, No Iterations 200
Iter #31 residual = 2.59432e+25
Iter #32 residual = 2.21417e+26
GMRES:  Solving for topLevelCorr, Initial residual = 0.834607, Final residual = 0.83514, No Iterations 200
Iter #33 residual = 1.5522e+27
Iter #34 residual = 1.32646e+28
GMRES:  Solving for topLevelCorr, Initial residual = 0.834598, Final residual = 0.83506, No Iterations 200
Iter #35 residual = 9.29399e+28
Iter #36 residual = 8.24595e+29
Iter #37 residual = 6.17238e+30
GMRES:  Solving for topLevelCorr, Initial residual = 0.834701, Final residual = 0.836601, No Iterations 200
Iter #38 residual = 4.36109e+31
Iter #39 residual = 3.78278e+32
Iter #40 residual = 2.92109e+33
GMRES:  Solving for topLevelCorr, Initial residual = 0.83451, Final residual = 0.834576, No Iterations 200
Iter #41 residual = 2.04405e+34
Iter #42 residual = 1.95265e+35
Iter #43 residual = 1.6493e+36
Iter #44 residual = 1.14262e+37
Iter #45 residual = 9.02189e+37
GMRES:  Solving for topLevelCorr, Initial residual = 0.83446, Final residual = 0.835242, No Iterations 200
Iter #46 residual = 6.29836e+38
Iter #47 residual = 5.47368e+39
Iter #48 residual = 4.19721e+40
Iter #49 residual = 3.44072e+41
Iter #50 residual = 2.55938e+42
GPU: 50 iters: 10.3959 s: 0.524258 GB/s
GPUAMG:  Solving for pd, Initial residual = 0.0196484, Final residual = 2.48926e+43, No Iterations 50
[3] Building level 0
[10] Building level 0
[5] Building level 0
[4] Building level 0
[9] Building level 0
[1] Building level 0
[7] Building level 0
[6] Building level 0
[8] Building level 0
[2] Building level 0
[11] Building level 0
[0] Building level 0
[16] Building level 0
[20] Building level 0
[18] Building level 0
[22] Building level 0
[13] Building level 0
[19] Building level 0
[21] Building level 0
[17] Building level 0
[12] Building level 0
[15] Building level 0
[23] Building level 0
[14] Building level 0
[11] Building level 1
[10] Building level 1
[23] Building level 1
[22] Building level 1
[3] Building level 1
[6] Building level 1
[21] Building level 1
[15] Building level 1
[9] Building level 1
[5] Building level 1
[16] Building level 1
[7] Building level 1
[20] Building level 1
[18] Building level 1
[14] Building level 1
[1] Building level 1
[8] Building level 1
[4] Building level 1
[0] Building level 1
[2] Building level 1
[17] Building level 1
[13] Building level 1
[12] Building level 1
[19] Building level 1
[23] Building level 2
[22] Building level 2
[11] Building level 2
[15] Building level 2
[16] Building level 2
[20] Building level 2
[9] Building level 2
[14] Building level 2
[18] Building level 2
[1] Building level 2
[6] Building level 2
[21] Building level 2
[0] Building level 2
[23] Building level 3
[11] Building level 3
[3] Building level 2
[8] Building level 2
[4] Building level 2
[2] Building level 2
[10] Building level 2
[5] Building level 2
[7] Building level 2
[12] Building level 2
[17] Building level 2
[22] Building level 3
[16] Building level 3
[15] Building level 3
[9] Building level 3
[20] Building level 3
[13] Building level 2
[23] Building level 4
[14] Building level 3
[22] Building level 4
[19] Building level 2
[18] Building level 3
[21] Building level 3
[11] Building level 4
[17] Building level 3
[1] Building level 3
[12] Building level 3
[6] Building level 3
[2] Building level 3
[4] Building level 3
[0] Building level 3
[9] Building level 4
[10] Building level 3
[23] Building level 5
[7] Building level 3
[3] Building level 3
[22] Building level 5
[15] Building level 4
[8] Building level 3
[11] Building level 5
[20] Building level 4
[14] Building level 4
[5] Building level 3
[16] Building level 4
[23] Building level 6
[22] Building level 6
[17] Building level 4
[21] Building level 4
[18] Building level 4
[23] Building level 7
[19] Building level 3
[22] Building level 7
[13] Building level 3
[15] Building level 5
[22] Building level 8
[23] Building level 8
[11] Building level 6
[23] Building level 9
[22] Building level 9
[2] Building level 4
[23] Building level 10
[22] Building level 10
[23] Building level 11
[22] Building level 11
[23] Building level 12
[22] Building level 12
[9] Building level 5
[11] Building level 7
[16] Building level 5
[20] Building level 5
[12] Building level 4
[1] Building level 4
[6] Building level 4
[14] Building level 5
[4] Building level 4
[10] Building level 4
[11] Building level 8
[17] Building level 5
[0] Building level 4
[3] Building level 4
[15] Building level 6
[5] Building level 4
[7] Building level 4
[18] Building level 5
[11] Building level 9
[21] Building level 5
[8] Building level 4
[15] Building level 7
[19] Building level 4
[16] Building level 6
[14] Building level 6
[17] Building level 6
[15] Building level 8
[20] Building level 6
[9] Building level 6
[15] Building level 9
[11] Building level 10
[15] Building level 10
[15] Building level 11
[18] Building level 6
[16] Building level 7
[15] Building level 12
[11] Building level 11
[17] Building level 7
[13] Building level 4
[11] Building level 12
[14] Building level 7
[12] Building level 5
[2] Building level 5
[20] Building level 7
[9] Building level 7
[16] Building level 8
[17] Building level 8
[21] Building level 6
[14] Building level 8
[1] Building level 5
[5] Building level 5
[3] Building level 5
[9] Building level 8
[18] Building level 7
[19] Building level 5
[20] Building level 8
[14] Building level 9
[16] Building level 9
[6] Building level 5
[10] Building level 5
[17] Building level 9
[17] Building level 10
[14] Building level 10
[9] Building level 9
[7] Building level 5
[20] Building level 9
[18] Building level 8
[16] Building level 10
[17] Building level 11
[21] Building level 7
[14] Building level 11
[16] Building level 11
[17] Building level 12
[14] Building level 12
[20] Building level 10
[16] Building level 12
[4] Building level 5
[20] Building level 11
[18] Building level 9
[20] Building level 12
[8] Building level 5
[9] Building level 10
[18] Building level 10
[0] Building level 5
[18] Building level 11
[21] Building level 8
[18] Building level 12
[2] Building level 6
[12] Building level 6
[21] Building level 9
[9] Building level 11
[21] Building level 10
[13] Building level 5
[1] Building level 6
[9] Building level 12
[21] Building level 11
[5] Building level 6
[19] Building level 6
[21] Building level 12
[6] Building level 6
[3] Building level 6
[12] Building level 7
[2] Building level 7
[8] Building level 6
[10] Building level 6
[1] Building level 7
[4] Building level 6
[7] Building level 6
[19] Building level 7
[5] Building level 7
[12] Building level 8
[2] Building level 8
[3] Building level 7
[6] Building level 7
[0] Building level 6
[13] Building level 6
[1] Building level 8
[19] Building level 8
[12] Building level 9
[2] Building level 9
[12] Building level 10
[10] Building level 7
[19] Building level 9
[8] Building level 7
[5] Building level 8
[1] Building level 9
[12] Building level 11
[4] Building level 7
[2] Building level 10
[3] Building level 8
[12] Building level 12
[6] Building level 8
[7] Building level 7
[19] Building level 10
[19] Building level 11
[2] Building level 11
[1] Building level 10
[19] Building level 12
[5] Building level 9
[10] Building level 8
[2] Building level 12
[1] Building level 11
[8] Building level 8
[13] Building level 7
[5] Building level 10
[3] Building level 9
[1] Building level 12
[6] Building level 9
[4] Building level 8
[5] Building level 11
[7] Building level 8
[10] Building level 9
[3] Building level 10
[5] Building level 12
[6] Building level 10
[8] Building level 9
[3] Building level 11
[10] Building level 10
[6] Building level 11
[3] Building level 12
[6] Building level 12
[10] Building level 11
[4] Building level 9
[8] Building level 10
[13] Building level 8
[7] Building level 9
[10] Building level 12
[8] Building level 11
[4] Building level 10
[8] Building level 12
[7] Building level 10
[4] Building level 11
[13] Building level 9
[7] Building level 11
[4] Building level 12
[7] Building level 12
[0] Building level 7
[13] Building level 10
[13] Building level 11
[13] Building level 12
[0] Building level 8
[0] Building level 9
[0] Building level 10
[0] Building level 11
[0] Building level 12
12 Level construction complete
initial dot_x = 5.57644e+97
Iter #1 residual = 4.17643
Iter #2 residual = 30.2322
Iter #3 residual = 230.535
GMRES:  Solving for topLevelCorr, Initial residual = 0.834471, Final residual = 0.835521, No Iterations 200
Iter #4 residual = 1610.69
Iter #5 residual = 13771.4
Iter #6 residual = 119895
Iter #7 residual = 896636
Iter #8 residual = 6.69181e+06
GMRES:  Solving for topLevelCorr, Initial residual = 0.834752, Final residual = 0.835988, No Iterations 200
Iter #9 residual = 4.7415e+07
Iter #10 residual = 4.11382e+08
GMRES:  Solving for topLevelCorr, Initial residual = 0.834414, Final residual = 0.83494, No Iterations 200
Iter #11 residual = 2.85695e+09
Iter #12 residual = 2.63285e+10
Iter #13 residual = 1.91985e+11
Iter #14 residual = 1.52282e+12
GMRES:  Solving for topLevelCorr, Initial residual = 0.834411, Final residual = 0.835344, No Iterations 200
Iter #15 residual = 1.06021e+13
GMRES:  Solving for topLevelCorr, Initial residual = 0.835856, Final residual = 0.838498, No Iterations 200
Iter #16 residual = 8.10898e+13
Iter #17 residual = 7.70734e+14
Iter #18 residual = 5.49653e+15
Iter #19 residual = 4.28882e+16
Iter #20 residual = 3.40026e+17
Iter #21 residual = 3.03306e+18
Iter #22 residual = 2.46201e+19
Iter #23 residual = 2.06668e+20
Iter #24 residual = 1.76515e+21
Iter #25 residual = 1.19072e+22
GMRES:  Solving for topLevelCorr, Initial residual = 0.834625, Final residual = 0.836498, No Iterations 200
Iter #26 residual = 8.40073e+22
Iter #27 residual = 7.22373e+23
GMRES:  Solving for topLevelCorr, Initial residual = 0.834523, Final residual = 0.835624, No Iterations 200
Iter #28 residual = 5.04344e+24
Iter #29 residual = 5.07325e+25
Iter #30 residual = 4.48809e+26
Iter #31 residual = 3.24808e+27
Iter #32 residual = 2.43703e+28
GMRES:  Solving for topLevelCorr, Initial residual = 0.83431, Final residual = 0.835049, No Iterations 200
Iter #33 residual = 1.69039e+29
GMRES:  Solving for topLevelCorr, Initial residual = 0.835845, Final residual = 0.837646, No Iterations 200
Iter #34 residual = 1.29257e+30
Iter #35 residual = 1.12307e+31
Iter #36 residual = 9.56783e+31
Iter #37 residual = 6.857e+32
Iter #38 residual = 6.24586e+33
Iter #39 residual = 4.95063e+34
Iter #40 residual = 3.8328e+35
Iter #41 residual = 2.79438e+36
Iter #42 residual = 2.44691e+37
Iter #43 residual = 1.73912e+38
Iter #44 residual = 1.37195e+39
GMRES:  Solving for topLevelCorr, Initial residual = 0.834522, Final residual = 0.835721, No Iterations 200
Iter #45 residual = 9.60578e+39
Iter #46 residual = 8.22233e+40
GMRES:  Solving for topLevelCorr, Initial residual = 0.834574, Final residual = 0.835767, No Iterations 200
Iter #47 residual = 5.75449e+41
Iter #48 residual = 5.30728e+42
Iter #49 residual = 3.87057e+43
Iter #50 residual = 3.11414e+44
GPU: 50 iters: 10.4049 s: 0.523803 GB/s
GPUAMG:  Solving for pd, Initial residual = 0.860516, Final residual = 2.42858e+45, No Iterations 50
time step continuity errors : sum local = 1.0099e+85, global = 4.01222e+69, cumulative = 4.01222e+69
ExecutionTime = 38.91 s  ClockTime = 68 s

Courant Number mean: 1.3019e+85 max: 1.89851e+91 velocity magnitude: 1.48321e+92
Time = 0.002

MULES: Solving for alpha1
Liquid phase volume fraction = 1.57968e+65  Min(alpha1) = -1.48628e+85  Max(alpha1) = 1.08588e+85
MULES: Solving for alpha1
Liquid phase volume fraction = 3.99231e+210  Min(alpha1) = -1.49832e+233  Max(alpha1) = 1.49559e+233
[7] Building level 0
[4] Building level 0
[2] Building level 0
[6] Building level 0
[5] Building level 0
[8] Building level 0
[9] Building level 0
[11] Building level 0
[3] Building level 0
[10] Building level 0
[1] Building level 0
[0] Building level 0
[18] Building level 0
[22] Building level 0
[21] Building level 0
[16] Building level 0
[14] Building level 0
[13] Building level 0
[15] Building level 0
[12] Building level 0
[19] Building level 0
[20] Building level 0
[17] Building level 0
[23] Building level 0
[10] Building level 1
[11] Building level 1
[23] Building level 1
[20] Building level 1
[21] Building level 1
[5] Building level 1
[22] Building level 1
[15] Building level 1
[16] Building level 1
[18] Building level 1
[9] Building level 1
[3] Building level 1
[7] Building level 1
[6] Building level 1
[14] Building level 1
[1] Building level 1
[8] Building level 1
[4] Building level 1
[0] Building level 1
Reconstruction on level 1
[17] Building level 1
[13] Building level 1
[2] Building level 1
[12] Building level 1
[19] Building level 1
[13] Building level 2
[11] Building level 2
[10] Building level 2
[20] Building level 2
[1] Building level 2
[23] Building level 2
[14] Building level 2
[17] Building level 2
[5] Building level 2
[15] Building level 2
[19] Building level 2
[8] Building level 2
[22] Building level 2
[16] Building level 2
[21] Building level 2
[18] Building level 2
[2] Building level 2
[9] Building level 2
[4] Building level 2
[3] Building level 2
[6] Building level 2
[7] Building level 2
[10] Building level 3
[1] Building level 3
[13] Building level 3
[17] Building level 3
[11] Building level 3
[14] Building level 3
[20] Building level 3
[22] Building level 3
[23] Building level 3
[8] Building level 3
[5] Building level 3
[4] Building level 3
[18] Building level 3
[19] Building level 3
[21] Building level 3
[15] Building level 3
[2] Building level 3
[9] Building level 3
[16] Building level 3
[7] Building level 3
[3] Building level 3
[6] Building level 3
[10] Building level 4
[11] Building level 4
[1] Building level 4
[5] Building level 4
[20] Building level 4
[13] Building level 4
[17] Building level 4
[8] Building level 4
[2] Building level 4
[22] Building level 4
[4] Building level 4
[18] Building level 4
[14] Building level 4
[6] Building level 4
[9] Building level 4
[3] Building level 4
[19] Building level 4
[23] Building level 4
[15] Building level 4
[21] Building level 4
[16] Building level 4
[7] Building level 4
[2] Building level 5
[11] Building level 5
[17] Building level 5
[10] Building level 5
[20] Building level 5
[5] Building level 5
[13] Building level 5
[22] Building level 5
[4] Building level 5
[1] Building level 5
[9] Building level 5
[8] Building level 5
[12] Building level 2
[3] Building level 5
[14] Building level 5
[6] Building level 5
[19] Building level 5
[21] Building level 5
[18] Building level 5
[23] Building level 5
Creating AMGLevel 
[10] Building level 6
[20] Building level 6
[17] Building level 6
[15] Building level 5
[7] Building level 5
[2] Building level 6
[11] Building level 6
[16] Building level 5
[22] Building level 6
[4] Building level 6
[5] Building level 6
[1] Building level 6
[13] Building level 6
[9] Building level 6
[8] Building level 6
[3] Building level 6
[0] Building level 2
Reconstruction on level 2
[14] Building level 6
[6] Building level 6
[19] Building level 6
[21] Building level 6
[18] Building level 6
[2] Building level 7
[23] Building level 6
[10] Building level 7
[7] Building level 6
[15] Building level 6
[16] Building level 6
[17] Building level 7
[11] Building level 7
[20] Building level 7
[4] Building level 7
[2] Building level 8
[5] Building level 7
[10] Building level 8
[3] Building level 7
[1] Building level 7
[13] Building level 7
[2] Building level 9
[17] Building level 8
[10] Building level 9
[11] Building level 8
[6] Building level 7
[2] Building level 10
[20] Building level 8
[14] Building level 7
[10] Building level 10
[18] Building level 7
[17] Building level 9
[2] Building level 11
[4] Building level 8
[11] Building level 9
[10] Building level 11
[7] Building level 7
[5] Building level 8
[9] Building level 7
[3] Building level 8
[1] Building level 8
[22] Building level 7
[8] Building level 7
[2] Building level 12
[20] Building level 9
[17] Building level 10
[23] Building level 7
[10] Building level 12
[11] Building level 10
[16] Building level 7
[4] Building level 9
[13] Building level 8
[17] Building level 11
[20] Building level 10
[5] Building level 9
[6] Building level 8
[3] Building level 9
[1] Building level 9
[11] Building level 11
[4] Building level 10
[19] Building level 7
[17] Building level 12
[20] Building level 11
[13] Building level 9
[21] Building level 7
[7] Building level 8
[14] Building level 8
[5] Building level 10
[18] Building level 8
[9] Building level 8
[11] Building level 12
[3] Building level 10
[1] Building level 10
[4] Building level 11
[8] Building level 8
[6] Building level 9
[20] Building level 12
[5] Building level 11
[13] Building level 10
[3] Building level 11
[1] Building level 11
[4] Building level 12
[15] Building level 7
[7] Building level 9
[23] Building level 8
[22] Building level 8
[6] Building level 10
[9] Building level 9
[14] Building level 9
[18] Building level 9
[8] Building level 9
[5] Building level 12
[3] Building level 12
[1] Building level 12
[16] Building level 8
[13] Building level 11
[6] Building level 11
[7] Building level 10
[9] Building level 10
[8] Building level 10
[14] Building level 10
[18] Building level 10
[6] Building level 12
[13] Building level 12
[7] Building level 11
[23] Building level 9
[22] Building level 9
[9] Building level 11
[21] Building level 8
[8] Building level 11
[16] Building level 9
[7] Building level 12
[14] Building level 11
[9] Building level 12
[18] Building level 11
[8] Building level 12
[23] Building level 10
[22] Building level 10
[15] Building level 8
[14] Building level 12
[19] Building level 8
[16] Building level 10
[18] Building level 12
[21] Building level 9
[23] Building level 11
[22] Building level 11
[16] Building level 11
[15] Building level 9
[23] Building level 12
[21] Building level 10
[22] Building level 12
[19] Building level 9
[16] Building level 12
[15] Building level 10
[21] Building level 11
[19] Building level 10
[21] Building level 12
[15] Building level 11
[19] Building level 11
[15] Building level 12
[19] Building level 12
Creating AMGLevel 
[0] Building level 3
Reconstruction on level 3
[12] Building level 3
Creating AMGLevel 
[0] Building level 4
Reconstruction on level 4
[12] Building level 4
Creating AMGLevel 
[0] Building level 5
Reconstruction on level 5
[12] Building level 5
Creating AMGLevel 
[0] Building level 6
Reconstruction on level 6
[12] Building level 6
Creating AMGLevel 
[0] Building level 7
Reconstruction on level 7
Creating AMGLevel 
[0] Building level 8
Reconstruction on level 8
[12] Building level 7
Creating AMGLevel 
[0] Building level 9
Reconstruction on level 9
Creating AMGLevel 
[0] Building level 10
Reconstruction on level 10
[12] Building level 8
Creating AMGLevel 
[0] Building level 11
Reconstruction on level 11
Creating AMGLevel 
[0] Building level 12
Reconstruction on level 12
[12] Building level 9
Creating AMGLevel 
12 Level construction complete
[12] Building level 10
[12] Building level 11
[12] Building level 12
initial dot_x = 5.97242e+187
Iter #1 residual = -nan
Iter #2 residual = -nan
Iter #3 residual = -nan
Iter #4 residual = -nan
Iter #5 residual = -nan
Iter #6 residual = -nan
Iter #7 residual = -nan
Iter #8 residual = -nan
Iter #9 residual = -nan
Iter #10 residual = -nan
Iter #11 residual = -nan
Iter #12 residual = -nan
Iter #13 residual = -nan
Iter #14 residual = -nan
Iter #15 residual = -nan
Iter #16 residual = -nan
Iter #17 residual = -nan
Iter #18 residual = -nan
Iter #19 residual = -nan
Iter #20 residual = -nan
Iter #21 residual = -nan
Iter #22 residual = -nan
Iter #23 residual = -nan
Iter #24 residual = -nan
Iter #25 residual = -nan
Iter #26 residual = -nan
Iter #27 residual = -nan
Iter #28 residual = -nan
Iter #29 residual = -nan
Iter #30 residual = -nan
Iter #31 residual = -nan
Iter #32 residual = -nan
Iter #33 residual = -nan
Iter #34 residual = -nan
Iter #35 residual = -nan
Iter #36 residual = -nan
Iter #37 residual = -nan
Iter #38 residual = -nan
Iter #39 residual = -nan
Iter #40 residual = -nan
Iter #41 residual = -nan
Iter #42 residual = -nan
Iter #43 residual = -nan
Iter #44 residual = -nan
Iter #45 residual = -nan
Iter #46 residual = -nan
Iter #47 residual = -nan
Iter #48 residual = -nan
Iter #49 residual = -nan
Iter #50 residual = -nan
GPU: 50 iters: 11.9478 s: 0.456162 GB/s
GPUAMG:  Solving for pd, Initial residual = nan, Final residual = -nan, No Iterations 50
[11] Building level 0
[10] Building level 0
[5] Building level 0
[3] Building level 0
[7] Building level 0
[0] Building level 0
[1] Building level 0
[2] Building level 0
[4] Building level 0
[8] Building level 0
[6] Building level 0
[9] Building level 0
[15] Building level 0
[19] Building level 0
[13] Building level 0
[20] Building level 0
[21] Building level 0
[22] Building level 0
[12] Building level 0
[23] Building level 0
[14] Building level 0
[16] Building level 0
[18] Building level 0
[17] Building level 0
[10] Building level 1
[11] Building level 1
[23] Building level 1
[22] Building level 1
[7] Building level 1
[6] Building level 1
[9] Building level 1
[5] Building level 1
[3] Building level 1
[21] Building level 1
[15] Building level 1
[16] Building level 1
[20] Building level 1
[18] Building level 1
[1] Building level 1
[8] Building level 1
[4] Building level 1
[0] Building level 1
[14] Building level 1
[12] Building level 1
[2] Building level 1
[13] Building level 1
[17] Building level 1
[19] Building level 1
[11] Building level 2
[22] Building level 2
[23] Building level 2
[9] Building level 2
[15] Building level 2
[10] Building level 2
[16] Building level 2
[6] Building level 2
[5] Building level 2
[18] Building level 2
[0] Building level 2
[2] Building level 2
[1] Building level 2
[21] Building level 2
[3] Building level 2
[17] Building level 2
[11] Building level 3
[7] Building level 2
[4] Building level 2
[20] Building level 2
[14] Building level 2
[8] Building level 2
[13] Building level 2
[22] Building level 3
[12] Building level 2
[19] Building level 2
[23] Building level 3
[15] Building level 3
[11] Building level 4
[22] Building level 4
[23] Building level 4
[16] Building level 3
[1] Building level 3
[10] Building level 3
[6] Building level 3
[18] Building level 3
[14] Building level 3
[3] Building level 3
[7] Building level 3
[21] Building level 3
[8] Building level 3
[2] Building level 3
[23] Building level 5
[22] Building level 5
[17] Building level 3
[5] Building level 3
[11] Building level 5
[12] Building level 3
[4] Building level 3
[0] Building level 3
[9] Building level 3
[20] Building level 3
[19] Building level 3
[13] Building level 3
[15] Building level 4
[1] Building level 4
[23] Building level 6
[22] Building level 6
[16] Building level 4
[23] Building level 7
[22] Building level 7
[11] Building level 6
[23] Building level 8
[23] Building level 9
[22] Building level 8
[23] Building level 10
[23] Building level 11
[23] Building level 12
[14] Building level 4
[22] Building level 9
[22] Building level 10
[11] Building level 7
[18] Building level 4
[22] Building level 11
[11] Building level 8
[22] Building level 12
[10] Building level 4
[11] Building level 9
[15] Building level 5
[1] Building level 5
[11] Building level 10
[11] Building level 11
[11] Building level 12
[16] Building level 5
[17] Building level 4
[20] Building level 4
[2] Building level 4
[3] Building level 4
[8] Building level 4
[5] Building level 4
[4] Building level 4
[21] Building level 4
[12] Building level 4
[6] Building level 4
[19] Building level 4
[13] Building level 4
[0] Building level 4
[7] Building level 4
[9] Building level 4
[14] Building level 5
[1] Building level 6
[15] Building level 6
[10] Building level 5
[16] Building level 6
[18] Building level 5
[1] Building level 7
[15] Building level 7
[16] Building level 7
[15] Building level 8
[16] Building level 8
[14] Building level 6
[1] Building level 8
[15] Building level 9
[16] Building level 9
[15] Building level 10
[16] Building level 10
[17] Building level 5
[1] Building level 9
[15] Building level 11
[19] Building level 5
[16] Building level 11
[1] Building level 10
[15] Building level 12
[1] Building level 11
[16] Building level 12
[1] Building level 12
[5] Building level 5
[10] Building level 6
[20] Building level 5
[13] Building level 5
[18] Building level 6
[14] Building level 7
[2] Building level 5
[4] Building level 5
[12] Building level 5
[21] Building level 5
[10] Building level 7
[14] Building level 8
[9] Building level 5
[6] Building level 5
[8] Building level 5
[18] Building level 7
[7] Building level 5
[3] Building level 5
[10] Building level 8
[14] Building level 9
[14] Building level 10
[0] Building level 5
[14] Building level 11
[5] Building level 6
[14] Building level 12
[19] Building level 6
[18] Building level 8
[17] Building level 6
[10] Building level 9
[2] Building level 6
[18] Building level 9
[13] Building level 6
[4] Building level 6
[18] Building level 10
[18] Building level 11
[20] Building level 6
[12] Building level 6
[18] Building level 12
[21] Building level 6
[10] Building level 10
[19] Building level 7
[10] Building level 11
[10] Building level 12
[17] Building level 7
[5] Building level 7
[13] Building level 7
[2] Building level 7
[4] Building level 7
[19] Building level 8
[17] Building level 8
[5] Building level 8
[12] Building level 7
[9] Building level 6
[20] Building level 7
[13] Building level 8
[21] Building level 7
[6] Building level 6
[19] Building level 9
[2] Building level 8
[8] Building level 6
[0] Building level 6
[17] Building level 9
[5] Building level 9
[4] Building level 8
[19] Building level 10
[3] Building level 6
[7] Building level 6
[13] Building level 9
[17] Building level 10
[19] Building level 11
[2] Building level 9
[19] Building level 12
[17] Building level 11
[13] Building level 10
[17] Building level 12
[20] Building level 8
[13] Building level 11
[5] Building level 10
[21] Building level 8
[13] Building level 12
[12] Building level 8
[4] Building level 9
[5] Building level 11
[2] Building level 10
[12] Building level 9
[4] Building level 10
[5] Building level 12
[20] Building level 9
[21] Building level 9
[2] Building level 11
[4] Building level 11
[9] Building level 7
[2] Building level 12
[4] Building level 12
[12] Building level 10
[6] Building level 7
[20] Building level 10
[21] Building level 10
[8] Building level 7
[12] Building level 11
[20] Building level 11
[21] Building level 11
[12] Building level 12
[20] Building level 12
[21] Building level 12
[7] Building level 7
[3] Building level 7
[0] Building level 7
[9] Building level 8
[6] Building level 8
[8] Building level 8
[7] Building level 8
[6] Building level 9
[9] Building level 9
[3] Building level 8
[8] Building level 9
[0] Building level 8
[9] Building level 10
[6] Building level 10
[7] Building level 9
[9] Building level 11
[6] Building level 11
[8] Building level 10
[9] Building level 12
[6] Building level 12
[3] Building level 9
[8] Building level 11
[7] Building level 10
[8] Building level 12
[3] Building level 10
[7] Building level 11
[0] Building level 9
[7] Building level 12
[3] Building level 11
[3] Building level 12
[0] Building level 10
[0] Building level 11
[0] Building level 12
12 Level construction complete
initial dot_x = -nan
Iter #1 residual = -nan
Iter #2 residual = -nan
Iter #3 residual = -nan
Iter #4 residual = -nan
Iter #5 residual = -nan
Iter #6 residual = -nan
Iter #7 residual = -nan
Iter #8 residual = -nan
Iter #9 residual = -nan
Iter #10 residual = -nan
Iter #11 residual = -nan
Iter #12 residual = -nan
Iter #13 residual = -nan
Iter #14 residual = -nan
Iter #15 residual = -nan
Iter #16 residual = -nan
Iter #17 residual = -nan
Iter #18 residual = -nan
Iter #19 residual = -nan
Iter #20 residual = -nan
Iter #21 residual = -nan
Iter #22 residual = -nan
Iter #23 residual = -nan
Iter #24 residual = -nan
Iter #25 residual = -nan
Iter #26 residual = -nan
Iter #27 residual = -nan
Iter #28 residual = -nan
Iter #29 residual = -nan
Iter #30 residual = -nan
Iter #31 residual = -nan
Iter #32 residual = -nan
Iter #33 residual = -nan
Iter #34 residual = -nan
Iter #35 residual = -nan
Iter #36 residual = -nan
Iter #37 residual = -nan
Iter #38 residual = -nan
Iter #39 residual = -nan
Iter #40 residual = -nan
Iter #41 residual = -nan
Iter #42 residual = -nan
Iter #43 residual = -nan
Iter #44 residual = -nan
Iter #45 residual = -nan
Iter #46 residual = -nan
Iter #47 residual = -nan
Iter #48 residual = -nan
Iter #49 residual = -nan
Iter #50 residual = -nan
GPU: 50 iters: 11.9426 s: 0.456358 GB/s
GPUAMG:  Solving for pd, Initial residual = nan, Final residual = -nan, No Iterations 50
[10] Building level 0
[1] Building level 0
[4] Building level 0
[8] Building level 0
[3] Building level 0
[7] Building level 0
[0] Building level 0
[9] Building level 0
[2] Building level 0
[11] Building level 0
[5] Building level 0
[6] Building level 0
[13] Building level 0
[19] Building level 0
[16] Building level 0
[14] Building level 0
[17] Building level 0
[18] Building level 0
[20] Building level 0
[23] Building level 0
[15] Building level 0
[22] Building level 0
[12] Building level 0
[21] Building level 0
[11] Building level 1
[10] Building level 1
[23] Building level 1
[7] Building level 1
[22] Building level 1
[16] Building level 1
[20] Building level 1
[21] Building level 1
[5] Building level 1
[6] Building level 1
[15] Building level 1
[18] Building level 1
[9] Building level 1
[4] Building level 1
[3] Building level 1
[14] Building level 1
[8] Building level 1
[1] Building level 1
[0] Building level 1
[17] Building level 1
[12] Building level 1
[2] Building level 1
[13] Building level 1
[19] Building level 1
[11] Building level 2
[23] Building level 2
[18] Building level 2
[9] Building level 2
[10] Building level 2
[22] Building level 2
[6] Building level 2
[5] Building level 2
[15] Building level 2
[1] Building level 2
[3] Building level 2
[2] Building level 2
[0] Building level 2
[16] Building level 2
[4] Building level 2
[17] Building level 2
[7] Building level 2
[21] Building level 2
[8] Building level 2
[20] Building level 2
[12] Building level 2
[11] Building level 3
[14] Building level 2
[13] Building level 2
[19] Building level 2
[23] Building level 3
[22] Building level 3
[18] Building level 3
[11] Building level 4
[23] Building level 4
[15] Building level 3
[10] Building level 3
[22] Building level 4
[16] Building level 3
[2] Building level 3
[17] Building level 3
[5] Building level 3
[4] Building level 3
[3] Building level 3
[14] Building level 3
[0] Building level 3
[8] Building level 3
[9] Building level 3
[11] Building level 5
[7] Building level 3
[21] Building level 3
[1] Building level 3
[23] Building level 5
[22] Building level 5
[6] Building level 3
[19] Building level 3
[12] Building level 3
[13] Building level 3
[20] Building level 3
[18] Building level 4
[23] Building level 6
[16] Building level 4
[22] Building level 6
[15] Building level 4
[23] Building level 7
[17] Building level 4
[10] Building level 4
[11] Building level 6
[23] Building level 8
[22] Building level 7
[23] Building level 9
[23] Building level 10
[23] Building level 11
[23] Building level 12
[22] Building level 8
[2] Building level 4
[18] Building level 5
[4] Building level 4
[14] Building level 4
[5] Building level 4
[11] Building level 7
[22] Building level 9
[22] Building level 10
[22] Building level 11
[22] Building level 12
[3] Building level 4
[11] Building level 8
[16] Building level 5
[11] Building level 9
[1] Building level 4
[11] Building level 10
[15] Building level 5
[13] Building level 4
[11] Building level 11
[20] Building level 4
[11] Building level 12
[19] Building level 4
[18] Building level 6
[21] Building level 4
[8] Building level 4
[12] Building level 4
[10] Building level 5
[6] Building level 4
[17] Building level 5
[0] Building level 4
[5] Building level 5
[14] Building level 5
[7] Building level 4
[16] Building level 6
[9] Building level 4
[2] Building level 5
[4] Building level 5
[18] Building level 7
[10] Building level 6
[16] Building level 7
[3] Building level 5
[18] Building level 8
[15] Building level 6
[1] Building level 5
[18] Building level 9
[17] Building level 6
[16] Building level 8
[18] Building level 10
[18] Building level 11
[18] Building level 12
[16] Building level 9
[10] Building level 7
[14] Building level 6
[16] Building level 10
[16] Building level 11
[2] Building level 6
[16] Building level 12
[5] Building level 6
[10] Building level 8
[15] Building level 7
[8] Building level 5
[13] Building level 5
[17] Building level 7
[10] Building level 9
[20] Building level 5
[21] Building level 5
[19] Building level 5
[10] Building level 10
[4] Building level 6
[10] Building level 11
[15] Building level 8
[14] Building level 7
[3] Building level 6
[10] Building level 12
[12] Building level 5
[17] Building level 8
[2] Building level 7
[5] Building level 7
[1] Building level 6
[9] Building level 5
[7] Building level 5
[6] Building level 5
[15] Building level 9
[2] Building level 8
[17] Building level 9
[14] Building level 8
[5] Building level 8
[4] Building level 7
[17] Building level 10
[15] Building level 10
[0] Building level 5
[17] Building level 11
[15] Building level 11
[17] Building level 12
[3] Building level 7
[15] Building level 12
[14] Building level 9
[14] Building level 10
[1] Building level 7
[2] Building level 9
[5] Building level 9
[14] Building level 11
[14] Building level 12
[13] Building level 6
[2] Building level 10
[8] Building level 6
[5] Building level 10
[4] Building level 8
[2] Building level 11
[3] Building level 8
[19] Building level 6
[2] Building level 12
[20] Building level 6
[1] Building level 8
[5] Building level 11
[21] Building level 6
[5] Building level 12
[4] Building level 9
[3] Building level 9
[1] Building level 9
[12] Building level 6
[4] Building level 10
[3] Building level 10
[4] Building level 11
[4] Building level 12
[3] Building level 11
[1] Building level 10
[3] Building level 12
[13] Building level 7
[1] Building level 11
[1] Building level 12
[9] Building level 6
[8] Building level 7
[7] Building level 6
[6] Building level 6
[19] Building level 7
[20] Building level 7
[21] Building level 7
[13] Building level 8
[12] Building level 7
[0] Building level 6
[13] Building level 9
[8] Building level 8
[19] Building level 8
[13] Building level 10
[20] Building level 8
[21] Building level 8
[13] Building level 11
[9] Building level 7
[8] Building level 9
[13] Building level 12
[7] Building level 7
[19] Building level 9
[8] Building level 10
[20] Building level 9
[6] Building level 7
[12] Building level 8
[21] Building level 9
[8] Building level 11
[8] Building level 12
[20] Building level 10
[19] Building level 10
[21] Building level 10
[19] Building level 11
[20] Building level 11
[9] Building level 8
[19] Building level 12
[21] Building level 11
[20] Building level 12
[12] Building level 9
[21] Building level 12
[7] Building level 8
[0] Building level 7
[12] Building level 10
[6] Building level 8
[9] Building level 9
[12] Building level 11
[12] Building level 12
[9] Building level 10
[7] Building level 9
[6] Building level 9
[9] Building level 11
[9] Building level 12
[7] Building level 10
[6] Building level 10
[7] Building level 11
[7] Building level 12
[6] Building level 11
[6] Building level 12
[0] Building level 8
[0] Building level 9
[0] Building level 10
[0] Building level 11
[0] Building level 12
12 Level construction complete
initial dot_x = -nan
Iter #1 residual = -nan
Iter #2 residual = -nan
Iter #3 residual = -nan
Iter #4 residual = -nan
Iter #5 residual = -nan
Iter #6 residual = -nan
Iter #7 residual = -nan
Iter #8 residual = -nan
Iter #9 residual = -nan
Iter #10 residual = -nan
Iter #11 residual = -nan
Iter #12 residual = -nan
Iter #13 residual = -nan
Iter #14 residual = -nan
Iter #15 residual = -nan
Iter #16 residual = -nan
Iter #17 residual = -nan
Iter #18 residual = -nan
Iter #19 residual = -nan
Iter #20 residual = -nan
Iter #21 residual = -nan
Iter #22 residual = -nan
Iter #23 residual = -nan
Iter #24 residual = -nan
Iter #25 residual = -nan
Iter #26 residual = -nan
Iter #27 residual = -nan
Iter #28 residual = -nan
Iter #29 residual = -nan
Iter #30 residual = -nan
Iter #31 residual = -nan
Iter #32 residual = -nan
Iter #33 residual = -nan
Iter #34 residual = -nan
Iter #35 residual = -nan
Iter #36 residual = -nan
Iter #37 residual = -nan
Iter #38 residual = -nan
Iter #39 residual = -nan
Iter #40 residual = -nan
Iter #41 residual = -nan
Iter #42 residual = -nan
Iter #43 residual = -nan
Iter #44 residual = -nan
Iter #45 residual = -nan
Iter #46 residual = -nan
Iter #47 residual = -nan
Iter #48 residual = -nan
Iter #49 residual = -nan
Iter #50 residual = -nan
GPU: 50 iters: 11.9572 s: 0.455802 GB/s
GPUAMG:  Solving for pd, Initial residual = nan, Final residual = -nan, No Iterations 50
time step continuity errors : sum local = nan, global = -nan, cumulative = -nan
ExecutionTime = 83.24 s  ClockTime = 128 s

Courant Number mean: nan max: nan velocity magnitude: nan
Time = 0.003

MULES: Solving for alpha1
Liquid phase volume fraction = -nan  Min(alpha1) = -nan  Max(alpha1) = -nan
MULES: Solving for alpha1
Liquid phase volume fraction = -nan  Min(alpha1) = -nan  Max(alpha1) = -nan
Not supported: Level number differ between time iterations.
[15] Building level 0
[13] Building level 0
[16] Building level 0
[1] Building level 0
[21] Building level 0
[19] Building level 0
[8] Building level 0
[6] Building level 0
[20] Building level 0
[7] Building level 0
[23] Building level 0
[22] Building level 0
[14] Building level 0
[17] Building level 0
[18] Building level 0
[5] Building level 0
[2] Building level 0
[11] Building level 0
[4] Building level 0
[9] Building level 0
[3] Building level 0
[10] Building level 0
[12] Building level 0
[0] Building level 0
Creating AMGLevel 
0 Level construction complete
initial dot_x = -nan
[ivb106:33089] *** Process received signal ***
[ivb106:33089] Signal: Segmentation fault (11)
[ivb106:33089] Signal code:  (-6)
[ivb106:33089] Failing at address: 0x829000008141
[ivb106:33089] [ 0] /usr/lib64/libc.so.6(+0x35670)[0x2aaaaea03670]
[ivb106:33089] [ 1] /usr/lib64/libc.so.6(gsignal+0x37)[0x2aaaaea035f7]
[ivb106:33089] [ 2] /usr/lib64/libc.so.6(+0x35670)[0x2aaaaea03670]
[ivb106:33089] [ 3] /home-2/vplatonov/foam/foam-extend-3.1/lib/linux64GccDPOpt/libispmCudaSolvers.so(_ZN4Foam11GPUAMGLevel13direct_solverEv+0x120)[0x2aaabf264b20]
[ivb106:33089] [ 4] /home-2/vplatonov/foam/foam-extend-3.1/lib/linux64GccDPOpt/libispmCudaSolvers.so(_ZN4Foam10GPUAMGData6VCycleEi+0x208)[0x2aaabf265a28]
[ivb106:33089] [ 5] /home-2/vplatonov/foam/foam-extend-3.1/lib/linux64GccDPOpt/libispmCudaSolvers.so(_ZNK4Foam6GPUAMG5solveERNS_5FieldIdEERKS2_j+0x80b)[0x2aaabf25016b]
[ivb106:33089] [ 6] [ivb106:33116] *** Process received signal ***
[ivb106:33116] Signal: Segmentation fault (11)
[ivb106:33116] Signal code:  (-6)
[ivb106:33116] Failing at address: 0x82900000815c
[ivb106:33116] [ 0] /usr/lib64/libc.so.6(+0x35670)[0x2aaaaea03670]
[ivb106:33116] [ 1] /usr/lib64/libc.so.6(gsignal+0x37)[0x2aaaaea035f7]
[ivb106:33116] [ 2] /usr/lib64/libc.so.6(+0x35670)[0x2aaaaea03670]
[ivb106:33116] [ 3] /home-2/vplatonov/foam/foam-extend-3.1/lib/linux64GccDPOpt/libispmCudaSolvers.so(_ZN4Foam11GPUAMGLevel13direct_solverEv+0x120)[0x2aaabf264b20]
[ivb106:33116] [ 4] /home-2/vplatonov/foam/foam-extend-3.1/lib/linux64GccDPOpt/libispmCudaSolvers.so(_ZN4Foam10GPUAMGData6VCycleEi+0x208)[0x2aaabf265a28]
[ivb106:33116] [ 5] /home-2/vplatonov/foam/foam-extend-3.1/lib/linux64GccDPOpt/libispmCudaSolvers.so(_ZNK4Foam6GPUAMG5solveERNS_5FieldIdEERKS2_j+0x80b)[0x2aaabf25016b]
[ivb106:33116] [ 6] [ivb106:33080] *** Process received signal ***
[ivb106:33080] Signal: Segmentation fault (11)
[ivb106:33080] Signal code:  (-6)
[ivb106:33080] Failing at address: 0x829000008138
[ivb106:33080] [ 0] /usr/lib64/libc.so.6(+0x35670)[0x2aaaaea03670]
[ivb106:33080] [ 1] /usr/lib64/libc.so.6(gsignal+0x37)[0x2aaaaea035f7]
[ivb106:33080] [ 2] /usr/lib64/libc.so.6(+0x35670)[0x2aaaaea03670]
[ivb106:33080] [ 3] /home-2/vplatonov/foam/foam-extend-3.1/lib/linux64GccDPOpt/libispmCudaSolvers.so(_ZN4Foam11GPUAMGLevel13direct_solverEv+0x120)[0x2aaabf264b20]
[ivb106:33080] [ 4] /home-2/vplatonov/foam/foam-extend-3.1/lib/linux64GccDPOpt/libispmCudaSolvers.so(_ZN4Foam10GPUAMGData6VCycleEi+0x208)[0x2aaabf265a28]
[ivb106:33080] [ 5] /home-2/vplatonov/foam/foam-extend-3.1/lib/linux64GccDPOpt/libispmCudaSolvers.so(_ZNK4Foam6GPUAMG5solveERNS_5FieldIdEERKS2_j+0x80b)[0x2aaabf25016b]
[ivb106:33080] [ 6] [ivb106:33085] *** Process received signal ***
[ivb106:33085] Signal: Segmentation fault (11)
[ivb106:33085] Signal code:  (-6)
[ivb106:33085] Failing at address: 0x82900000813d
[ivb106:33085] [ 0] /usr/lib64/libc.so.6(+0x35670)[0x2aaaaea03670]
[ivb106:33085] [ 1] /usr/lib64/libc.so.6(gsignal+0x37)[0x2aaaaea035f7]
[ivb106:33085] [ 2] /usr/lib64/libc.so.6(+0x35670)[0x2aaaaea03670]
[ivb106:33085] [ 3] /home-2/vplatonov/foam/foam-extend-3.1/lib/linux64GccDPOpt/libispmCudaSolvers.so(_ZN4Foam11GPUAMGLevel13direct_solverEv+0x120)[0x2aaabf264b20]
[ivb106:33085] [ 4] /home-2/vplatonov/foam/foam-extend-3.1/lib/linux64GccDPOpt/libispmCudaSolvers.so(_ZN4Foam10GPUAMGData6VCycleEi+0x208)[0x2aaabf265a28]
[ivb106:33085] [ 5] /home-2/vplatonov/foam/foam-extend-3.1/lib/linux64GccDPOpt/libispmCudaSolvers.so(_ZNK4Foam6GPUAMG5solveERNS_5FieldIdEERKS2_j+0x80b)[0x2aaabf25016b]
[ivb106:33085] [ 6] [ivb106:33095] *** Process received signal ***
[ivb106:33095] Signal: Segmentation fault (11)
[ivb106:33095] Signal code:  (-6)
[ivb106:33095] Failing at address: 0x829000008147
[ivb106:33095] [ 0] /usr/lib64/libc.so.6(+0x35670)[0x2aaaaea03670]
[ivb106:33095] [ 1] /usr/lib64/libc.so.6(gsignal+0x37)[0x2aaaaea035f7]
[ivb106:33095] [ 2] /usr/lib64/libc.so.6(+0x35670)[0x2aaaaea03670]
[ivb106:33095] [ 3] /home-2/vplatonov/foam/foam-extend-3.1/lib/linux64GccDPOpt/libispmCudaSolvers.so(_ZN4Foam11GPUAMGLevel13direct_solverEv+0x120)[0x2aaabf264b20]
[ivb106:33095] [ 4] /home-2/vplatonov/foam/foam-extend-3.1/lib/linux64GccDPOpt/libispmCudaSolvers.so(_ZN4Foam10GPUAMGData6VCycleEi+0x208)[0x2aaabf265a28]
[ivb106:33095] [ 5] /home-2/vplatonov/foam/foam-extend-3.1/lib/linux64GccDPOpt/libispmCudaSolvers.so(_ZNK4Foam6GPUAMG5solveERNS_5FieldIdEERKS2_j+0x80b)[0x2aaabf25016b]
[ivb106:33095] [ 6] [ivb106:33104] *** Process received signal ***
[ivb106:33104] Signal: Segmentation fault (11)
[ivb106:33104] Signal code:  (-6)
[ivb106:33104] Failing at address: 0x829000008150
[ivb106:33104] [ 0] /usr/lib64/libc.so.6(+0x35670)[0x2aaaaea03670]
[ivb106:33104] [ 1] /usr/lib64/libc.so.6(gsignal+0x37)[0x2aaaaea035f7]
[ivb106:33104] [ 2] /usr/lib64/libc.so.6(+0x35670)[0x2aaaaea03670]
[ivb106:33104] [ 3] /home-2/vplatonov/foam/foam-extend-3.1/lib/linux64GccDPOpt/libispmCudaSolvers.so(_ZN4Foam11GPUAMGLevel13direct_solverEv+0x120)[0x2aaabf264b20]
[ivb106:33104] [ 4] /home-2/vplatonov/foam/foam-extend-3.1/lib/linux64GccDPOpt/libispmCudaSolvers.so(_ZN4Foam10GPUAMGData6VCycleEi+0x208)[0x2aaabf265a28]
[ivb106:33104] [ 5] /home-2/vplatonov/foam/foam-extend-3.1/lib/linux64GccDPOpt/libispmCudaSolvers.so(_ZNK4Foam6GPUAMG5solveERNS_5FieldIdEERKS2_j+0x80b)[0x2aaabf25016b]
[ivb106:33104] [ 6] [ivb106:33110] *** Process received signal ***
[ivb106:33110] Signal: Segmentation fault (11)
[ivb106:33110] Signal code:  (-6)
[ivb106:33110] Failing at address: 0x829000008156
[ivb106:33110] [ 0] /usr/lib64/libc.so.6(+0x35670)[0x2aaaaea03670]
[ivb106:33110] [ 1] /usr/lib64/libc.so.6(gsignal+0x37)[0x2aaaaea035f7]
[ivb106:33110] [ 2] /usr/lib64/libc.so.6(+0x35670)[0x2aaaaea03670]
[ivb106:33110] [ 3] /home-2/vplatonov/foam/foam-extend-3.1/lib/linux64GccDPOpt/libispmCudaSolvers.so(_ZN4Foam11GPUAMGLevel13direct_solverEv+0x120)[0x2aaabf264b20]
[ivb106:33110] [ 4] /home-2/vplatonov/foam/foam-extend-3.1/lib/linux64GccDPOpt/libispmCudaSolvers.so(_ZN4Foam10GPUAMGData6VCycleEi+0x208)[0x2aaabf265a28]
[ivb106:33110] [ 5] /home-2/vplatonov/foam/foam-extend-3.1/lib/linux64GccDPOpt/libispmCudaSolvers.so(_ZNK4Foam6GPUAMG5solveERNS_5FieldIdEERKS2_j+0x80b)[0x2aaabf25016b]
[ivb106:33110] [ 6] [ivb106:33113] *** Process received signal ***
[ivb106:33113] Signal: Segmentation fault (11)
[ivb106:33113] Signal code:  (-6)
[ivb106:33113] Failing at address: 0x829000008159
[ivb106:33113] [ 0] /usr/lib64/libc.so.6(+0x35670)[0x2aaaaea03670]
[ivb106:33113] [ 1] /usr/lib64/libc.so.6(gsignal+0x37)[0x2aaaaea035f7]
[ivb106:33113] [ 2] /usr/lib64/libc.so.6(+0x35670)[0x2aaaaea03670]
[ivb106:33113] [ 3] /home-2/vplatonov/foam/foam-extend-3.1/lib/linux64GccDPOpt/libispmCudaSolvers.so(_ZN4Foam11GPUAMGLevel13direct_solverEv+0x120)[0x2aaabf264b20]
[ivb106:33113] [ 4] /home-2/vplatonov/foam/foam-extend-3.1/lib/linux64GccDPOpt/libispmCudaSolvers.so(_ZN4Foam10GPUAMGData6VCycleEi+0x208)[0x2aaabf265a28]
[ivb106:33113] [ 5] /home-2/vplatonov/foam/foam-extend-3.1/lib/linux64GccDPOpt/libispmCudaSolvers.so(_ZNK4Foam6GPUAMG5solveERNS_5FieldIdEERKS2_j+0x80b)[0x2aaabf25016b]
[ivb106:33113] [ 6] [ivb106:33121] *** Process received signal ***
[ivb106:33121] Signal: Segmentation fault (11)
[ivb106:33121] Signal code:  (-6)
[ivb106:33121] Failing at address: 0x829000008161
[ivb106:33121] [ 0] /usr/lib64/libc.so.6(+0x35670)[0x2aaaaea03670]
[ivb106:33121] [ 1] /usr/lib64/libc.so.6(gsignal+0x37)[0x2aaaaea035f7]
[ivb106:33121] [ 2] /usr/lib64/libc.so.6(+0x35670)[0x2aaaaea03670]
[ivb106:33121] [ 3] /home-2/vplatonov/foam/foam-extend-3.1/lib/linux64GccDPOpt/libispmCudaSolvers.so(_ZN4Foam11GPUAMGLevel13direct_solverEv+0x120)[0x2aaabf264b20]
[ivb106:33121] [ 4] /home-2/vplatonov/foam/foam-extend-3.1/lib/linux64GccDPOpt/libispmCudaSolvers.so(_ZN4Foam10GPUAMGData6VCycleEi+0x208)[0x2aaabf265a28]
[ivb106:33121] [ 5] /home-2/vplatonov/foam/foam-extend-3.1/lib/linux64GccDPOpt/libispmCudaSolvers.so(_ZNK4Foam6GPUAMG5solveERNS_5FieldIdEERKS2_j+0x80b)[0x2aaabf25016b]
[ivb106:33121] [ 6] [ivb106:33107] *** Process received signal ***
[ivb106:33107] Signal: Segmentation fault (11)
[ivb106:33107] Signal code:  (-6)
[ivb106:33107] Failing at address: 0x829000008153
[ivb106:33107] [ 0] /usr/lib64/libc.so.6(+0x35670)[0x2aaaaea03670]
[ivb106:33107] [ 1] /usr/lib64/libc.so.6(gsignal+0x37)[0x2aaaaea035f7]
[ivb106:33107] [ 2] /usr/lib64/libc.so.6(+0x35670)[0x2aaaaea03670]
[ivb106:33107] [ 3] /home-2/vplatonov/foam/foam-extend-3.1/lib/linux64GccDPOpt/libispmCudaSolvers.so(_ZN4Foam11GPUAMGLevel13direct_solverEv+0x120)[0x2aaabf264b20]
[ivb106:33107] [ 4] /home-2/vplatonov/foam/foam-extend-3.1/lib/linux64GccDPOpt/libispmCudaSolvers.so(_ZN4Foam10GPUAMGData6VCycleEi+0x208)[0x2aaabf265a28]
[ivb106:33107] [ 5] /home-2/vplatonov/foam/foam-extend-3.1/lib/linux64GccDPOpt/libispmCudaSolvers.so(_ZNK4Foam6GPUAMG5solveERNS_5FieldIdEERKS2_j+0x80b)[0x2aaabf25016b]
[ivb106:33107] [ 6] [ivb106:33119] *** Process received signal ***
[ivb106:33119] Signal: Segmentation fault (11)
[ivb106:33119] Signal code:  (-6)
[ivb106:33119] Failing at address: 0x82900000815f
[ivb106:33119] [ 0] /usr/lib64/libc.so.6(+0x35670)[0x2aaaaea03670]
[ivb106:33119] [ 1] /usr/lib64/libc.so.6(gsignal+0x37)[0x2aaaaea035f7]
[ivb106:33119] [ 2] /usr/lib64/libc.so.6(+0x35670)[0x2aaaaea03670]
[ivb106:33119] [ 3] /home-2/vplatonov/foam/foam-extend-3.1/lib/linux64GccDPOpt/libispmCudaSolvers.so(_ZN4Foam11GPUAMGLevel13direct_solverEv+0x120)[0x2aaabf264b20]
[ivb106:33119] [ 4] /home-2/vplatonov/foam/foam-extend-3.1/lib/linux64GccDPOpt/libispmCudaSolvers.so(_ZN4Foam10GPUAMGData6VCycleEi+0x208)[0x2aaabf265a28]
[ivb106:33119] [ 5] /home-2/vplatonov/foam/foam-extend-3.1/lib/linux64GccDPOpt/libispmCudaSolvers.so(_ZNK4Foam6GPUAMG5solveERNS_5FieldIdEERKS2_j+0x80b)[0x2aaabf25016b]
[ivb106:33119] [ 6] [ivb106:33081] *** Process received signal ***
[ivb106:33081] Signal: Segmentation fault (11)
[ivb106:33081] Signal code:  (-6)
[ivb106:33081] Failing at address: 0x829000008139
[ivb106:33081] [ 0] /usr/lib64/libc.so.6(+0x35670)[0x2aaaaea03670]
[ivb106:33081] [ 1] /usr/lib64/libc.so.6(gsignal+0x37)[0x2aaaaea035f7]
[ivb106:33081] [ 2] /usr/lib64/libc.so.6(+0x35670)[0x2aaaaea03670]
[ivb106:33081] [ 3] /home-2/vplatonov/foam/foam-extend-3.1/lib/linux64GccDPOpt/libispmCudaSolvers.so(_ZN4Foam11GPUAMGLevel13direct_solverEv+0x120)[0x2aaad946eb20]
[ivb106:33081] [ 4] /home-2/vplatonov/foam/foam-extend-3.1/lib/linux64GccDPOpt/libispmCudaSolvers.so(_ZN4Foam10GPUAMGData6VCycleEi+0x208)[0x2aaad946fa28]
[ivb106:33081] [ 5] /home-2/vplatonov/foam/foam-extend-3.1/lib/linux64GccDPOpt/libispmCudaSolvers.so(_ZNK4Foam6GPUAMG5solveERNS_5FieldIdEERKS2_j+0x80b)[0x2aaad945a16b]
[ivb106:33081] [ 6] [ivb108:18650] *** Process received signal ***
[ivb108:18650] Signal: Segmentation fault (11)
[ivb108:18650] Signal code:  (-6)
[ivb108:18650] Failing at address: 0x8290000048da
[ivb108:18642] *** Process received signal ***
[ivb108:18642] Signal: Segmentation fault (11)
[ivb108:18642] Signal code:  (-6)
[ivb108:18642] Failing at address: 0x8290000048d2
[ivb108:18633] *** Process received signal ***
[ivb108:18633] Signal: Segmentation fault (11)
[ivb108:18633] Signal code:  (-6)
[ivb108:18633] Failing at address: 0x8290000048c9
[ivb108:18614] *** Process received signal ***
[ivb108:18614] Signal: Segmentation fault (11)
[ivb108:18614] Signal code:  (-6)
[ivb108:18614] Failing at address: 0x8290000048b6
[ivb108:18639] *** Process received signal ***
[ivb108:18639] Signal: Segmentation fault (11)
[ivb108:18639] Signal code:  (-6)
[ivb108:18639] Failing at address: 0x8290000048cf
[ivb108:18613] *** Process received signal ***
[ivb108:18613] Signal: Segmentation fault (11)
[ivb108:18613] Signal code:  (-6)
[ivb108:18613] Failing at address: 0x8290000048b5
[ivb108:18645] *** Process received signal ***
[ivb108:18645] Signal: Segmentation fault (11)
[ivb108:18645] Signal code:  (-6)
[ivb108:18645] Failing at address: 0x8290000048d5
[ivb108:18623] *** Process received signal ***
[ivb108:18623] Signal: Segmentation fault (11)
[ivb108:18623] Signal code:  (-6)
[ivb108:18623] Failing at address: 0x8290000048bf
[ivb108:18636] *** Process received signal ***
[ivb108:18648] *** Process received signal ***
[ivb108:18636] Signal: Segmentation fault (11)
[ivb108:18636] Signal code:  (-6)
[ivb108:18636] Failing at address: 0x8290000048cc
[ivb108:18648] Signal: Segmentation fault (11)
[ivb108:18648] Signal code:  (-6)
[ivb108:18648] Failing at address: 0x8290000048d8
[ivb108:18630] *** Process received signal ***
[ivb108:18630] Signal: Segmentation fault (11)
[ivb108:18630] Signal code:  (-6)
[ivb108:18630] Failing at address: 0x8290000048c6
[ivb108:18612] *** Process received signal ***
[ivb108:18612] Signal: Segmentation fault (11)
[ivb108:18612] Signal code:  (-6)
[ivb108:18612] Failing at address: 0x8290000048b4
/home-2/vplatonov/foam/foam-extend-3.1/lib/linux64GccDPOpt/libfiniteVolume.so(_ZN4Foam8fvMatrixIdE5solveERKNS_10dictionaryE+0x195)[0x2aaaac4f6335]
[ivb106:33119] [ 7] /home-2/vplatonov/foam/foam-extend-3.1/lib/linux64GccDPOpt/libfiniteVolume.so(_ZN4Foam8fvMatrixIdE5solveERKNS_10dictionaryE+0x195)[0x2aaaac4f6335]
[ivb106:33089] [ 7] interFoam[0x427052]
[ivb106:33089] [ 8] /home-2/vplatonov/foam/foam-extend-3.1/lib/linux64GccDPOpt/libfiniteVolume.so(_ZN4Foam8fvMatrixIdE5solveERKNS_10dictionaryE+0x195)[0x2aaaac4f6335]
[ivb106:33085] [ 7] interFoam[0x427052]
[ivb106:33085] [ 8] /home-2/vplatonov/foam/foam-extend-3.1/lib/linux64GccDPOpt/libfiniteVolume.so(_ZN4Foam8fvMatrixIdE5solveERKNS_10dictionaryE+0x195)[0x2aaaac4f6335]
[ivb106:33095] [ 7] interFoam[0x427052]
[ivb106:33095] [ 8] /home-2/vplatonov/foam/foam-extend-3.1/lib/linux64GccDPOpt/libfiniteVolume.so(_ZN4Foam8fvMatrixIdE5solveERKNS_10dictionaryE+0x195)[0x2aaaac4f6335]
[ivb106:33104] [ 7] interFoam[0x427052]
[ivb106:33104] [ 8] /home-2/vplatonov/foam/foam-extend-3.1/lib/linux64GccDPOpt/libfiniteVolume.so(_ZN4Foam8fvMatrixIdE5solveERKNS_10dictionaryE+0x195)[0x2aaaac4f6335]
[ivb106:33121] [ 7] interFoam[0x427052]
[ivb106:33121] [ 8] /usr/lib64/libc.so.6(__libc_start_main+0xf5)[0x2aaaae9efb15]
[ivb106:33121] [ 9] interFoam[0x427052]
[ivb106:33119] [ 8] /home-2/vplatonov/foam/foam-extend-3.1/lib/linux64GccDPOpt/libfiniteVolume.so(_ZN4Foam8fvMatrixIdE5solveERKNS_10dictionaryE+0x195)[0x2aaaac4f6335]
[ivb106:33116] [ 7] interFoam[0x427052]
[ivb106:33116] [ 8] /home-2/vplatonov/foam/foam-extend-3.1/lib/linux64GccDPOpt/libfiniteVolume.so(_ZN4Foam8fvMatrixIdE5solveERKNS_10dictionaryE+0x195)[0x2aaaac4f6335]
[ivb106:33080] [ 7] interFoam[0x427052]
[ivb106:33080] [ 8] /usr/lib64/libc.so.6(__libc_start_main+0xf5)[0x2aaaae9efb15]
[ivb106:33089] [ 9] /usr/lib64/libc.so.6(__libc_start_main+0xf5)[0x2aaaae9efb15]
[ivb106:33095] [ 9] /home-2/vplatonov/foam/foam-extend-3.1/lib/linux64GccDPOpt/libfiniteVolume.so(_ZN4Foam8fvMatrixIdE5solveERKNS_10dictionaryE+0x195)[0x2aaaac4f6335]
[ivb106:33110] [ 7] interFoam[0x427052]
[ivb106:33110] [ 8] /usr/lib64/libc.so.6(__libc_start_main+0xf5)[0x2aaaae9efb15]
[ivb106:33110] [ 9] /home-2/vplatonov/foam/foam-extend-3.1/lib/linux64GccDPOpt/libfiniteVolume.so(_ZN4Foam8fvMatrixIdE5solveERKNS_10dictionaryE+0x195)[0x2aaaac4f6335]
[ivb106:33113] [ 7] interFoam[0x427052]
[ivb106:33113] [ 8] /usr/lib64/libc.so.6(__libc_start_main+0xf5)[0x2aaaae9efb15]
[ivb106:33113] [ 9] /usr/lib64/libc.so.6(__libc_start_main+0xf5)[0x2aaaae9efb15]
[ivb106:33104] [ 9] interFoam[0x4299dd]
[ivb106:33104] *** End of error message ***
/home-2/vplatonov/foam/foam-extend-3.1/lib/linux64GccDPOpt/libfiniteVolume.so(_ZN4Foam8fvMatrixIdE5solveERKNS_10dictionaryE+0x195)[0x2aaaac4f6335]
[ivb106:33107] [ 7] interFoam[0x427052]
[ivb106:33107] [ 8] /usr/lib64/libc.so.6(__libc_start_main+0xf5)[0x2aaaae9efb15]
[ivb106:33107] [ 9] /home-2/vplatonov/foam/foam-extend-3.1/lib/linux64GccDPOpt/libfiniteVolume.so(_ZN4Foam8fvMatrixIdE5solveERKNS_10dictionaryE+0x195)[0x2aaaac4f6335]
[ivb106:33081] [ 7] interFoam[0x427052]
[ivb106:33081] [ 8] interFoam[0x4299dd]
[ivb106:33089] *** End of error message ***
interFoam[0x4299dd]
[ivb106:33095] *** End of error message ***
interFoam[0x4299dd]
[ivb106:33110] *** End of error message ***
interFoam[0x4299dd]
[ivb106:33113] *** End of error message ***
interFoam[0x4299dd]
[ivb106:33107] *** End of error message ***
/usr/lib64/libc.so.6(__libc_start_main+0xf5)[0x2aaaae9efb15]
[ivb106:33081] [ 9] interFoam[0x4299dd]
[ivb106:33081] *** End of error message ***
interFoam[0x4299dd]
[ivb106:33121] *** End of error message ***
/usr/lib64/libc.so.6(__libc_start_main+0xf5)[0x2aaaae9efb15]
[ivb106:33119] [ 9] interFoam[0x4299dd]
[ivb106:33119] *** End of error message ***
/usr/lib64/libc.so.6(__libc_start_main+0xf5)[0x2aaaae9efb15]
[ivb106:33116] [ 9] interFoam[0x4299dd]
[ivb106:33116] *** End of error message ***
/usr/lib64/libc.so.6(__libc_start_main+0xf5)[0x2aaaae9efb15]
[ivb106:33080] [ 9] interFoam[0x4299dd]
[ivb106:33080] *** End of error message ***
/usr/lib64/libc.so.6(__libc_start_main+0xf5)[0x2aaaae9efb15]
[ivb106:33085] [ 9] interFoam[0x4299dd]
[ivb106:33085] *** End of error message ***
[ivb108:18639] [ 0] /usr/lib64/libc.so.6(+0x35670)[0x2aaaaea03670]
[ivb108:18639] [ 1] [ivb108:18613] [ 0] [ivb108:18636] [ 0] /usr/lib64/libc.so.6(+0x35670)[0x2aaaaea03670]
[ivb108:18636] [ 1] [ivb108:18612] [ 0] /usr/lib64/libc.so.6(+0x35670)[0x2aaaaea03670]
[ivb108:18612] [ 1] [ivb108:18614] [ 0] /usr/lib64/libc.so.6(+0x35670)[0x2aaaaea03670]
[ivb108:18614] [ 1] [ivb108:18623] [ 0] /usr/lib64/libc.so.6(+0x35670)[0x2aaaaea03670]
[ivb108:18623] [ 1] /usr/lib64/libc.so.6(gsignal+0x37)[0x2aaaaea035f7]
[ivb108:18623] [ 2] /usr/lib64/libc.so.6(+0x35670)[0x2aaaaea03670]
[ivb108:18623] [ 3] /home-2/vplatonov/foam/foam-extend-3.1/lib/linux64GccDPOpt/libispmCudaSolvers.so(_ZN4Foam11GPUAMGLevel13direct_solverEv+0x120)[0x2aaad546fb20]
[ivb108:18623] [ 4] /home-2/vplatonov/foam/foam-extend-3.1/lib/linux64GccDPOpt/libispmCudaSolvers.so(_ZN4Foam10GPUAMGData6VCycleEi+0x208)[0x2aaad5470a28]
[ivb108:18623] [ 5] /usr/lib64/libc.so.6(gsignal+0x37)[0x2aaaaea035f7]
[ivb108:18614] [ 2] /usr/lib64/libc.so.6(+0x35670)[0x2aaaaea03670]
[ivb108:18614] [ 3] /home-2/vplatonov/foam/foam-extend-3.1/lib/linux64GccDPOpt/libispmCudaSolvers.so(_ZN4Foam11GPUAMGLevel13direct_solverEv+0x120)[0x2aaad946eb20]
[ivb108:18614] [ 4] /home-2/vplatonov/foam/foam-extend-3.1/lib/linux64GccDPOpt/libispmCudaSolvers.so(_ZN4Foam10GPUAMGData6VCycleEi+0x208)[0x2aaad946fa28]
[ivb108:18614] [ 5] /home-2/vplatonov/foam/foam-extend-3.1/lib/linux64GccDPOpt/libispmCudaSolvers.so(_ZNK4Foam6GPUAMG5solveERNS_5FieldIdEERKS2_j+0x80b)[0x2aaad945a16b]
[ivb108:18614] [ 6] /usr/lib64/libc.so.6(gsignal+0x37)[0x2aaaaea035f7]
[ivb108:18612] [ 2] /usr/lib64/libc.so.6(+0x35670)[0x2aaaaea03670]
[ivb108:18612] [ 3] /home-2/vplatonov/foam/foam-extend-3.1/lib/linux64GccDPOpt/libispmCudaSolvers.so(_ZN4Foam11GPUAMGLevel13direct_solverEv+0x120)[0x2aaad5470b20]
[ivb108:18612] [ 4] /home-2/vplatonov/foam/foam-extend-3.1/lib/linux64GccDPOpt/libispmCudaSolvers.so(_ZN4Foam10GPUAMGData6VCycleEi+0x208)[0x2aaad5471a28]
[ivb108:18612] [ 5] /home-2/vplatonov/foam/foam-extend-3.1/lib/linux64GccDPOpt/libispmCudaSolvers.so(_ZNK4Foam6GPUAMG5solveERNS_5FieldIdEERKS2_j+0x80b)[0x2aaad545c16b]
[ivb108:18612] [ 6] [ivb108:18633] [ 0] /usr/lib64/libc.so.6(+0x35670)[0x2aaaaea03670]
[ivb108:18633] [ 1] /usr/lib64/libc.so.6(gsignal+0x37)[0x2aaaaea035f7]
[ivb108:18633] [ 2] /usr/lib64/libc.so.6(+0x35670)[0x2aaaaea03670]
[ivb108:18633] [ 3] /home-2/vplatonov/foam/foam-extend-3.1/lib/linux64GccDPOpt/libispmCudaSolvers.so(_ZN4Foam11GPUAMGLevel13direct_solverEv+0x120)[0x2aaad946eb20]
[ivb108:18633] [ 4] /home-2/vplatonov/foam/foam-extend-3.1/lib/linux64GccDPOpt/libispmCudaSolvers.so(_ZN4Foam10GPUAMGData6VCycleEi+0x208)[0x2aaad946fa28]
[ivb108:18633] [ 5] /home-2/vplatonov/foam/foam-extend-3.1/lib/linux64GccDPOpt/libispmCudaSolvers.so(_ZNK4Foam6GPUAMG5solveERNS_5FieldIdEERKS2_j+0x80b)[0x2aaad945a16b]
[ivb108:18633] [ 6] [ivb108:18630] [ 0] /usr/lib64/libc.so.6(+0x35670)[0x2aaaaea03670]
[ivb108:18630] [ 1] /usr/lib64/libc.so.6(gsignal+0x37)[0x2aaaaea035f7]
[ivb108:18630] [ 2] /usr/lib64/libc.so.6(+0x35670)[0x2aaaaea03670]
[ivb108:18630] [ 3] /home-2/vplatonov/foam/foam-extend-3.1/lib/linux64GccDPOpt/libispmCudaSolvers.so(_ZN4Foam11GPUAMGLevel13direct_solverEv+0x120)[0x2aaad946eb20]
[ivb108:18630] [ 4] /home-2/vplatonov/foam/foam-extend-3.1/lib/linux64GccDPOpt/libispmCudaSolvers.so(_ZN4Foam10GPUAMGData6VCycleEi+0x208)[0x2aaad946fa28]
[ivb108:18630] [ 5] /home-2/vplatonov/foam/foam-extend-3.1/lib/linux64GccDPOpt/libispmCudaSolvers.so(_ZNK4Foam6GPUAMG5solveERNS_5FieldIdEERKS2_j+0x80b)[0x2aaad945a16b]
[ivb108:18630] [ 6] /usr/lib64/libc.so.6(gsignal+0x37)[0x2aaaaea035f7]
[ivb108:18636] [ 2] /usr/lib64/libc.so.6(+0x35670)[0x2aaaaea03670]
[ivb108:18636] [ 3] /home-2/vplatonov/foam/foam-extend-3.1/lib/linux64GccDPOpt/libispmCudaSolvers.so(_ZN4Foam11GPUAMGLevel13direct_solverEv+0x120)[0x2aaad5470b20]
[ivb108:18636] [ 4] /home-2/vplatonov/foam/foam-extend-3.1/lib/linux64GccDPOpt/libispmCudaSolvers.so(_ZN4Foam10GPUAMGData6VCycleEi+0x208)[0x2aaad5471a28]
[ivb108:18636] [ 5] /home-2/vplatonov/foam/foam-extend-3.1/lib/linux64GccDPOpt/libispmCudaSolvers.so(_ZNK4Foam6GPUAMG5solveERNS_5FieldIdEERKS2_j+0x80b)[0x2aaad545c16b]
[ivb108:18636] [ 6] [ivb108:18645] [ 0] /usr/lib64/libc.so.6(+0x35670)[0x2aaaaea03670]
[ivb108:18645] [ 1] /usr/lib64/libc.so.6(gsignal+0x37)[0x2aaaaea035f7]
[ivb108:18645] [ 2] /usr/lib64/libc.so.6(+0x35670)[0x2aaaaea03670]
[ivb108:18645] [ 3] /home-2/vplatonov/foam/foam-extend-3.1/lib/linux64GccDPOpt/libispmCudaSolvers.so(_ZN4Foam11GPUAMGLevel13direct_solverEv+0x120)[0x2aaad5470b20]
[ivb108:18645] [ 4] /home-2/vplatonov/foam/foam-extend-3.1/lib/linux64GccDPOpt/libispmCudaSolvers.so(_ZN4Foam10GPUAMGData6VCycleEi+0x208)[0x2aaad5471a28]
[ivb108:18645] [ 5] /home-2/vplatonov/foam/foam-extend-3.1/lib/linux64GccDPOpt/libispmCudaSolvers.so(_ZNK4Foam6GPUAMG5solveERNS_5FieldIdEERKS2_j+0x80b)[0x2aaad545c16b]
[ivb108:18645] [ 6] [ivb108:18648] [ 0] /usr/lib64/libc.so.6(+0x35670)[0x2aaaaea03670]
[ivb108:18648] [ 1] /usr/lib64/libc.so.6(gsignal+0x37)[0x2aaaaea035f7]
[ivb108:18648] [ 2] /usr/lib64/libc.so.6(+0x35670)[0x2aaaaea03670]
[ivb108:18648] [ 3] /home-2/vplatonov/foam/foam-extend-3.1/lib/linux64GccDPOpt/libispmCudaSolvers.so(_ZN4Foam11GPUAMGLevel13direct_solverEv+0x120)[0x2aaad5470b20]
[ivb108:18648] [ 4] /home-2/vplatonov/foam/foam-extend-3.1/lib/linux64GccDPOpt/libispmCudaSolvers.so(_ZN4Foam10GPUAMGData6VCycleEi+0x208)[0x2aaad5471a28]
[ivb108:18648] [ 5] /home-2/vplatonov/foam/foam-extend-3.1/lib/linux64GccDPOpt/libispmCudaSolvers.so(_ZNK4Foam6GPUAMG5solveERNS_5FieldIdEERKS2_j+0x80b)[0x2aaad545c16b]
[ivb108:18648] [ 6] [ivb108:18650] [ 0] /usr/lib64/libc.so.6(+0x35670)[0x2aaaaea03670]
[ivb108:18650] [ 1] /usr/lib64/libc.so.6(gsignal+0x37)[0x2aaaaea035f7]
[ivb108:18650] [ 2] /usr/lib64/libc.so.6(+0x35670)[0x2aaaaea03670]
[ivb108:18650] [ 3] /home-2/vplatonov/foam/foam-extend-3.1/lib/linux64GccDPOpt/libispmCudaSolvers.so(_ZN4Foam11GPUAMGLevel13direct_solverEv+0x120)[0x2aaad5470b20]
[ivb108:18650] [ 4] /home-2/vplatonov/foam/foam-extend-3.1/lib/linux64GccDPOpt/libispmCudaSolvers.so(_ZN4Foam10GPUAMGData6VCycleEi+0x208)[0x2aaad5471a28]
[ivb108:18650] [ 5] /home-2/vplatonov/foam/foam-extend-3.1/lib/linux64GccDPOpt/libispmCudaSolvers.so(_ZNK4Foam6GPUAMG5solveERNS_5FieldIdEERKS2_j+0x80b)[0x2aaad545c16b]
[ivb108:18650] [ 6] /usr/lib64/libc.so.6(gsignal+0x37)[0x2aaaaea035f7]
[ivb108:18639] [ 2] /usr/lib64/libc.so.6(+0x35670)[0x2aaaaea03670]
[ivb108:18639] [ 3] /home-2/vplatonov/foam/foam-extend-3.1/lib/linux64GccDPOpt/libispmCudaSolvers.so(_ZN4Foam11GPUAMGLevel13direct_solverEv+0x120)[0x2aaad946eb20]
[ivb108:18639] [ 4] /home-2/vplatonov/foam/foam-extend-3.1/lib/linux64GccDPOpt/libispmCudaSolvers.so(_ZN4Foam10GPUAMGData6VCycleEi+0x208)[0x2aaad946fa28]
[ivb108:18639] [ 5] /home-2/vplatonov/foam/foam-extend-3.1/lib/linux64GccDPOpt/libispmCudaSolvers.so(_ZNK4Foam6GPUAMG5solveERNS_5FieldIdEERKS2_j+0x80b)[0x2aaad945a16b]
[ivb108:18639] [ 6] /usr/lib64/libc.so.6(+0x35670)[0x2aaaaea03670]
[ivb108:18613] [ 1] /usr/lib64/libc.so.6(gsignal+0x37)[0x2aaaaea035f7]
[ivb108:18613] [ 2] /usr/lib64/libc.so.6(+0x35670)[0x2aaaaea03670]
[ivb108:18613] [ 3] /home-2/vplatonov/foam/foam-extend-3.1/lib/linux64GccDPOpt/libispmCudaSolvers.so(_ZN4Foam11GPUAMGLevel13direct_solverEv+0x120)[0x2aaad5470b20]
[ivb108:18613] [ 4] /home-2/vplatonov/foam/foam-extend-3.1/lib/linux64GccDPOpt/libispmCudaSolvers.so(_ZN4Foam10GPUAMGData6VCycleEi+0x208)[0x2aaad5471a28]
[ivb108:18613] [ 5] /home-2/vplatonov/foam/foam-extend-3.1/lib/linux64GccDPOpt/libispmCudaSolvers.so(_ZNK4Foam6GPUAMG5solveERNS_5FieldIdEERKS2_j+0x80b)[0x2aaad545c16b]
[ivb108:18613] [ 6] [ivb108:18642] [ 0] /usr/lib64/libc.so.6(+0x35670)[0x2aaaaea03670]
[ivb108:18642] [ 1] /usr/lib64/libc.so.6(gsignal+0x37)[0x2aaaaea035f7]
[ivb108:18642] [ 2] /usr/lib64/libc.so.6(+0x35670)[0x2aaaaea03670]
[ivb108:18642] [ 3] /home-2/vplatonov/foam/foam-extend-3.1/lib/linux64GccDPOpt/libispmCudaSolvers.so(_ZN4Foam11GPUAMGLevel13direct_solverEv+0x120)[0x2aaad5470b20]
[ivb108:18642] [ 4] /home-2/vplatonov/foam/foam-extend-3.1/lib/linux64GccDPOpt/libispmCudaSolvers.so(_ZN4Foam10GPUAMGData6VCycleEi+0x208)[0x2aaad5471a28]
[ivb108:18642] [ 5] /home-2/vplatonov/foam/foam-extend-3.1/lib/linux64GccDPOpt/libispmCudaSolvers.so(_ZNK4Foam6GPUAMG5solveERNS_5FieldIdEERKS2_j+0x80b)[0x2aaad545c16b]
[ivb108:18642] [ 6] /home-2/vplatonov/foam/foam-extend-3.1/lib/linux64GccDPOpt/libispmCudaSolvers.so(_ZNK4Foam6GPUAMG5solveERNS_5FieldIdEERKS2_j+0x80b)[0x2aaad545b16b]
[ivb108:18623] [ 6] /home-2/vplatonov/foam/foam-extend-3.1/lib/linux64GccDPOpt/libfiniteVolume.so(_ZN4Foam8fvMatrixIdE5solveERKNS_10dictionaryE+0x195)[0x2aaaac4f6335]
[ivb108:18642] [ 7] interFoam[0x427052]
[ivb108:18642] [ 8] /home-2/vplatonov/foam/foam-extend-3.1/lib/linux64GccDPOpt/libfiniteVolume.so(_ZN4Foam8fvMatrixIdE5solveERKNS_10dictionaryE+0x195)[0x2aaaac4f6335]
[ivb108:18623] [ 7] interFoam[0x427052]
[ivb108:18623] [ 8] /home-2/vplatonov/foam/foam-extend-3.1/lib/linux64GccDPOpt/libfiniteVolume.so(_ZN4Foam8fvMatrixIdE5solveERKNS_10dictionaryE+0x195)[0x2aaaac4f6335]
[ivb108:18614] [ 7] interFoam[0x427052]
[ivb108:18614] [ 8] /home-2/vplatonov/foam/foam-extend-3.1/lib/linux64GccDPOpt/libfiniteVolume.so(_ZN4Foam8fvMatrixIdE5solveERKNS_10dictionaryE+0x195)[0x2aaaac4f6335]
[ivb108:18612] [ 7] interFoam[0x427052]
[ivb108:18612] [ 8] /home-2/vplatonov/foam/foam-extend-3.1/lib/linux64GccDPOpt/libfiniteVolume.so(_ZN4Foam8fvMatrixIdE5solveERKNS_10dictionaryE+0x195)[0x2aaaac4f6335]
[ivb108:18636] [ 7] interFoam[0x427052]
[ivb108:18636] [ 8] /usr/lib64/libc.so.6(__libc_start_main+0xf5)[0x2aaaae9efb15]
/home-2/vplatonov/foam/foam-extend-3.1/lib/linux64GccDPOpt/libfiniteVolume.so(_ZN4Foam8fvMatrixIdE5solveERKNS_10dictionaryE+0x195)[0x2aaaac4f6335]
[ivb108:18639] [ 7] interFoam[0x427052]
[ivb108:18639] [ 8] /home-2/vplatonov/foam/foam-extend-3.1/lib/linux64GccDPOpt/libfiniteVolume.so(_ZN4Foam8fvMatrixIdE5solveERKNS_10dictionaryE+0x195)[0x2aaaac4f6335]
[ivb108:18613] [ 7] interFoam[0x427052]
[ivb108:18613] [ 8] /usr/lib64/libc.so.6(__libc_start_main+0xf5)[0x2aaaae9efb15]
[ivb108:18613] /usr/lib64/libc.so.6(__libc_start_main+0xf5)[0x2aaaae9efb15]
[ivb108:18612] [ 9] interFoam[0x4299dd]
[ivb108:18612] *** End of error message ***
/home-2/vplatonov/foam/foam-extend-3.1/lib/linux64GccDPOpt/libfiniteVolume.so(_ZN4Foam8fvMatrixIdE5solveERKNS_10dictionaryE+0x195)[0x2aaaac4f6335]
[ivb108:18645] [ 7] interFoam[0x427052]
[ivb108:18645] [ 8] /usr/lib64/libc.so.6(__libc_start_main+0xf5)[0x2aaaae9efb15]
[ivb108:18645] [ 9] interFoam[0x4299dd]
[ivb108:18645] *** End of error message ***
/home-2/vplatonov/foam/foam-extend-3.1/lib/linux64GccDPOpt/libfiniteVolume.so(_ZN4Foam8fvMatrixIdE5solveERKNS_10dictionaryE+0x195)[0x2aaaac4f6335]
[ivb108:18648] [ 7] interFoam[0x427052]
[ivb108:18648] [ 8] /usr/lib64/libc.so.6(__libc_start_main+0xf5)[0x2aaaae9efb15]
[ivb108:18648] [ 9] interFoam[0x4299dd]
[ivb108:18648] *** End of error message ***
/home-2/vplatonov/foam/foam-extend-3.1/lib/linux64GccDPOpt/libfiniteVolume.so(_ZN4Foam8fvMatrixIdE5solveERKNS_10dictionaryE+0x195)[0x2aaaac4f6335]
[ivb108:18650] [ 7] interFoam[0x427052]
[ivb108:18650] [ 8] /usr/lib64/libc.so.6(__libc_start_main+0xf5)[0x2aaaae9efb15]
[ivb108:18650] [ 9] interFoam[0x4299dd]
[ivb108:18650] *** End of error message ***
[ivb108:18636] [ 9] interFoam[0x4299dd]
[ivb108:18636] *** End of error message ***
/usr/lib64/libc.so.6(__libc_start_main+0xf5)[0x2aaaae9efb15]
[ivb108:18639] [ 9] interFoam[0x4299dd]
[ivb108:18639] *** End of error message ***
/usr/lib64/libc.so.6(__libc_start_main+0xf5)[0x2aaaae9efb15]
[ivb108:18642] [ 9] interFoam[0x4299dd]
[ivb108:18642] *** End of error message ***
[ 9] interFoam[0x4299dd]
[ivb108:18613] *** End of error message ***
/usr/lib64/libc.so.6(__libc_start_main+0xf5)[0x2aaaae9efb15]
[ivb108:18623] [ 9] interFoam[0x4299dd]
[ivb108:18623] *** End of error message ***
/usr/lib64/libc.so.6(__libc_start_main+0xf5)[0x2aaaae9efb15]
[ivb108:18614] [ 9] interFoam[0x4299dd]
[ivb108:18614] *** End of error message ***
/home-2/vplatonov/foam/foam-extend-3.1/lib/linux64GccDPOpt/libfiniteVolume.so(_ZN4Foam8fvMatrixIdE5solveERKNS_10dictionaryE+0x195)[0x2aaaac4f6335]
[ivb108:18633] [ 7] interFoam[0x427052]
[ivb108:18633] [ 8] /usr/lib64/libc.so.6(__libc_start_main+0xf5)[0x2aaaae9efb15]
[ivb108:18633] [ 9] interFoam[0x4299dd]
[ivb108:18633] *** End of error message ***
/home-2/vplatonov/foam/foam-extend-3.1/lib/linux64GccDPOpt/libfiniteVolume.so(_ZN4Foam8fvMatrixIdE5solveERKNS_10dictionaryE+0x195)[0x2aaaac4f6335]
[ivb108:18630] [ 7] interFoam[0x427052]
[ivb108:18630] [ 8] /usr/lib64/libc.so.6(__libc_start_main+0xf5)[0x2aaaae9efb15]
[ivb108:18630] [ 9] interFoam[0x4299dd]
[ivb108:18630] *** End of error message ***
/home-2/vplatonov/bin/nvmps: line 33: 18639 Segmentation fault      "$@"
/home-2/vplatonov/bin/nvmps: line 33: 33095 Segmentation fault      "$@"
-------------------------------------------------------
Primary job  terminated normally, but 1 process returned
a non-zero exit code.. Per user-direction, the job has been aborted.
-------------------------------------------------------
/home-2/vplatonov/bin/nvmps: line 33: 33085 Segmentation fault      "$@"
/home-2/vplatonov/bin/nvmps: line 26: 33081 Segmentation fault      "$@"
/home-2/vplatonov/bin/nvmps: line 33: 33121 Segmentation fault      "$@"
/home-2/vplatonov/bin/nvmps: line 33: 33119 Segmentation fault      "$@"
/home-2/vplatonov/bin/nvmps: line 33: 33104 Segmentation fault      "$@"
/home-2/vplatonov/bin/nvmps: line 33: 33116 Segmentation fault      "$@"
/home-2/vplatonov/bin/nvmps: line 33: 33080 Segmentation fault      "$@"
/home-2/vplatonov/bin/nvmps: line 33: 33107 Segmentation fault      "$@"
/home-2/vplatonov/bin/nvmps: line 33: 33089 Segmentation fault      "$@"
/home-2/vplatonov/bin/nvmps: line 33: 33113 Segmentation fault      "$@"
/home-2/vplatonov/bin/nvmps: line 33: 33110 Segmentation fault      "$@"
/home-2/vplatonov/bin/nvmps: line 33: 18636 Segmentation fault      "$@"
/home-2/vplatonov/bin/nvmps: line 33: 18648 Segmentation fault      "$@"
/home-2/vplatonov/bin/nvmps: line 33: 18613 Segmentation fault      "$@"
/home-2/vplatonov/bin/nvmps: line 33: 18633 Segmentation fault      "$@"
/home-2/vplatonov/bin/nvmps: line 33: 18642 Segmentation fault      "$@"
/home-2/vplatonov/bin/nvmps: line 33: 18650 Segmentation fault      "$@"
/home-2/vplatonov/bin/nvmps: line 33: 18645 Segmentation fault      "$@"
/home-2/vplatonov/bin/nvmps: line 33: 18612 Segmentation fault      "$@"
/home-2/vplatonov/bin/nvmps: line 33: 18630 Segmentation fault      "$@"
/home-2/vplatonov/bin/nvmps: line 33: 18623 Segmentation fault      "$@"
/home-2/vplatonov/bin/nvmps: line 33: 18614 Segmentation fault      "$@"
--------------------------------------------------------------------------
mpirun detected that one or more processes exited with non-zero status, thus causing
the job to be terminated. The first process to do so was:

  Process name: [[2916,1],23]
  Exit code:    139
--------------------------------------------------------------------------
