 Data for JOB [9689,1] offset 0

 ========================   JOB MAP   ========================

 Data for node: ivb112	Num slots: 4	Max slots: 0	Num procs: 4
 	Process OMPI jobid: [9689,1] App: 0 Process rank: 0
 	Process OMPI jobid: [9689,1] App: 0 Process rank: 1
 	Process OMPI jobid: [9689,1] App: 0 Process rank: 2
 	Process OMPI jobid: [9689,1] App: 0 Process rank: 3

 Data for node: ivb113	Num slots: 4	Max slots: 0	Num procs: 4
 	Process OMPI jobid: [9689,1] App: 0 Process rank: 4
 	Process OMPI jobid: [9689,1] App: 0 Process rank: 5
 	Process OMPI jobid: [9689,1] App: 0 Process rank: 6
 	Process OMPI jobid: [9689,1] App: 0 Process rank: 7

 Data for node: ivb114	Num slots: 4	Max slots: 0	Num procs: 4
 	Process OMPI jobid: [9689,1] App: 0 Process rank: 8
 	Process OMPI jobid: [9689,1] App: 0 Process rank: 9
 	Process OMPI jobid: [9689,1] App: 0 Process rank: 10
 	Process OMPI jobid: [9689,1] App: 0 Process rank: 11

 =============================================================
[ivb112:31279] MCW rank 0 bound to socket 0[core 0[hwt 0]]: [B/././././././././.][./././././././././.]
[ivb112:31279] MCW rank 1 bound to socket 0[core 1[hwt 0]]: [./B/./././././././.][./././././././././.]
[ivb112:31279] MCW rank 2 bound to socket 0[core 2[hwt 0]]: [././B/././././././.][./././././././././.]
[ivb112:31279] MCW rank 3 bound to socket 0[core 3[hwt 0]]: [./././B/./././././.][./././././././././.]
[ivb114:12321] MCW rank 10 bound to socket 0[core 2[hwt 0]]: [././B/././././././.][./././././././././.]
[ivb114:12321] MCW rank 11 bound to socket 0[core 3[hwt 0]]: [./././B/./././././.][./././././././././.]
[ivb114:12321] MCW rank 8 bound to socket 0[core 0[hwt 0]]: [B/././././././././.][./././././././././.]
[ivb114:12321] MCW rank 9 bound to socket 0[core 1[hwt 0]]: [./B/./././././././.][./././././././././.]
[ivb113:06244] MCW rank 6 bound to socket 0[core 2[hwt 0]]: [././B/././././././.][./././././././././.]
[ivb113:06244] MCW rank 7 bound to socket 0[core 3[hwt 0]]: [./././B/./././././.][./././././././././.]
[ivb113:06244] MCW rank 4 bound to socket 0[core 0[hwt 0]]: [B/././././././././.][./././././././././.]
[ivb113:06244] MCW rank 5 bound to socket 0[core 1[hwt 0]]: [./B/./././././././.][./././././././././.]
1
0
2
3
1
0
2
3
1
0
2
3
/*---------------------------------------------------------------------------*\
| =========                 |                                                 |
| \\      /  F ield         | foam-extend: Open Source CFD                    |
|  \\    /   O peration     | Version:     3.1                                |
|   \\  /    A nd           | Web:         http://www.extend-project.de       |
|    \\/     M anipulation  |                                                 |
\*---------------------------------------------------------------------------*/
Build    : 3.1-e2da948002a2
Exec     : pimpleDyMFoam -parallel
Date     : May 26 2016
Time     : 20:41:05
Host     : ivb112
PID      : 31332
CtrlDict : /home-2/vplatonov/foam/foam-extend-3.1/etc/controlDict
Case     : /home/vplatonov/tests/3D-mesh1-of3.1
nProcs   : 12
Slaves : 
11
(
ivb112.31320
ivb112.31321
ivb112.31327
ivb113.6284
ivb113.6277
ivb113.6278
ivb113.6289
ivb114.12361
ivb114.12356
ivb114.12366
ivb114.12357
)

Pstream initialized with:
    floatTransfer     : 0
    nProcsSimpleSum   : 0
    commsType         : blocking
SigFpe   : Enabling floating point exception trapping (FOAM_SIGFPE).

// * * * * * * * * * * * * * * * * * * * * * * * * * * * * * * * * * * * * * //
Create time

Create dynamic mesh for time = 0

Selecting dynamicFvMesh dynamicMotionSolverFvMesh
Selecting motion solver: displacementLaplacian
Selecting motion diffusion: quadratic
Selecting motion diffusion: inverseDistance
Reading field p

Reading field U

Reading/calculating face flux field phi

Selecting incompressible transport model Newtonian
Selecting turbulence model type LESModel
Selecting LES turbulence model oneEqEddy
oneEqEddyCoeffs
{
    ce              1.048;
    ck              0.094;
}

Reading field rAU if present


Starting time loop

Courant Number mean: 0 max: 0.0007592825 velocity magnitude: 0.4779
Reading old state
Before setting displacements
GAMGPCG:  Solving for cellDisplacementx, Initial residual = 0, Final residual = 0, No Iterations 0
GAMGPCG:  Solving for cellDisplacementy, Initial residual = 0, Final residual = 0, No Iterations 0
GAMGPCG:  Solving for cellDisplacementz, Initial residual = 0, Final residual = 0, No Iterations 0
Time = 5e-06

GAMGPCG:  Solving for cellDisplacementx, Initial residual = 0, Final residual = 0, No Iterations 0
GAMGPCG:  Solving for cellDisplacementy, Initial residual = 0, Final residual = 0, No Iterations 0
GAMGPCG:  Solving for cellDisplacementz, Initial residual = 0, Final residual = 0, No Iterations 0
volume continuity errors : volume = 4.535015, max error = 0, sum local = 0, global = 0
smoothSolver:  Solving for Ux, Initial residual = 1, Final residual = 2.908938e-08, No Iterations 1
smoothSolver:  Solving for Uy, Initial residual = 1, Final residual = 3.336054e-08, No Iterations 1
smoothSolver:  Solving for Uz, Initial residual = 0.9999962, Final residual = 2.828127e-08, No Iterations 1
Created persistent data with name p
Computing AINV with droptol 0.02
GPU: 557 iters: 9.871882 s: 28.97041 GB/s
Total exec time 9.871882 Total comm time 0.7967247
OGPUBICGS:  Solving for p, Initial residual = 1, Final residual = 0.009852617, No Iterations 557
Computing AINV with droptol 0.02
GPU: 97 iters: 1.9414 s: 25.65406 GB/s
Total exec time 11.81328 Total comm time 1.052315
OGPUBICGS:  Solving for p, Initial residual = 0.0004696447, Final residual = 9.669372e-06, No Iterations 97
time step continuity errors : sum local = 2.175276e-09, global = -9.32515e-10, cumulative = -9.32515e-10
Moving mesh time step continuity errors : sum local = 2.175276e-09, global = -9.32515e-10, cumulative = -1.86503e-09
GPU: 83 iters: 1.655706 s: 25.73916 GB/s
Total exec time 13.46899 Total comm time 1.26246
OGPUBICGS:  Solving for p, Initial residual = 0.0001098214, Final residual = 9.924182e-06, No Iterations 83
GPU: 543 iters: 10.72451 s: 25.9969 GB/s
Total exec time 24.1935 Total comm time 2.658346
OGPUBICGS:  Solving for p, Initial residual = 4.634894e-05, Final residual = 9.083135e-08, No Iterations 543
time step continuity errors : sum local = 2.044541e-11, global = 2.354739e-12, cumulative = -1.862675e-09
Moving mesh time step continuity errors : sum local = 2.044541e-11, global = 2.354739e-12, cumulative = -1.860321e-09
smoothSolver:  Solving for k, Initial residual = 1, Final residual = 1.539356e-11, No Iterations 2
ExecutionTime = 72.62 s  ClockTime = 76 s

Courant Number mean: 7.674815e-05 max: 0.002864304 velocity magnitude: 0.9548371
yForce = -14.25517
Y= -2.200835e-11
Vy= -8.803333e-06
Time = 1e-05

GAMGPCG:  Solving for cellDisplacementx, Initial residual = 0, Final residual = 0, No Iterations 0
Total solver time is 0
Total solver time is 0
Total solver time is 0
GAMGPCG:  Solving for cellDisplacementy, Initial residual = 1, Final residual = 6.449211e-09, No Iterations 1
GAMGPCG:  Solving for cellDisplacementz, Initial residual = 0, Final residual = 0, No Iterations 0
volume continuity errors : volume = 4.535015, max error = 1.021279e-08, sum local = 6.277003e-15, global = 1.461408e-18
smoothSolver:  Solving for Ux, Initial residual = 0.9975311, Final residual = 9.190414e-07, No Iterations 1
smoothSolver:  Solving for Uy, Initial residual = 0.3321776, Final residual = 2.397279e-06, No Iterations 1
smoothSolver:  Solving for Uz, Initial residual = 0.323627, Final residual = 8.153275e-07, No Iterations 1
GPU: 494 iters: 9.790876 s: 25.90627 GB/s
Total exec time 33.98438 Total comm time 3.922999
OGPUBICGS:  Solving for p, Initial residual = 0.003644979, Final residual = 3.004361e-05, No Iterations 494
GPU: 145 iters: 2.896603 s: 25.70268 GB/s
Total exec time 36.88098 Total comm time 4.295905
OGPUBICGS:  Solving for p, Initial residual = 0.001400389, Final residual = 1.395088e-05, No Iterations 145
time step continuity errors : sum local = 1.045567e-09, global = 7.764925e-10, cumulative = -1.083828e-09
Moving mesh time step continuity errors : sum local = 1.045567e-09, global = 7.764925e-10, cumulative = -3.073356e-10
GPU: 262 iters: 5.199694 s: 25.87158 GB/s
Total exec time 42.08068 Total comm time 4.970663
OGPUBICGS:  Solving for p, Initial residual = 0.0003159652, Final residual = 9.415336e-06, No Iterations 262
GPU: 580 iters: 11.49169 s: 25.91453 GB/s
Total exec time 53.57237 Total comm time 6.476071
OGPUBICGS:  Solving for p, Initial residual = 0.0001192583, Final residual = 9.578745e-08, No Iterations 580
time step continuity errors : sum local = 7.179956e-12, global = 2.01525e-12, cumulative = -3.053203e-10
Moving mesh time step continuity errors : sum local = 7.179956e-12, global = 2.01525e-12, cumulative = -3.033051e-10
smoothSolver:  Solving for k, Initial residual = 0.008783388, Final residual = 4.945111e-09, No Iterations 1
ExecutionTime = 118.78 s  ClockTime = 122 s

Courant Number mean: 7.675201e-05 max: 0.002856913 velocity magnitude: 0.9523732
yForce = 24.50874
Y= -2.818628e-11
Vy= 6.332148e-06
Time = 1.5e-05

GAMGPCG:  Solving for cellDisplacementx, Initial residual = 0, Final residual = 0, No Iterations 0
Total solver time is 0
Total solver time is 0
Total solver time is 0
GAMGPCG:  Solving for cellDisplacementy, Initial residual = 0.2407942, Final residual = 2.990367e-09, No Iterations 1
GAMGPCG:  Solving for cellDisplacementz, Initial residual = 0, Final residual = 0, No Iterations 0
volume continuity errors : volume = 4.535015, max error = 1.271622e-08, sum local = 7.142096e-15, global = 1.243491e-19
smoothSolver:  Solving for Ux, Initial residual = 0.9921729, Final residual = 9.149561e-07, No Iterations 1
smoothSolver:  Solving for Uy, Initial residual = 0.1837057, Final residual = 1.479201e-06, No Iterations 1
smoothSolver:  Solving for Uz, Initial residual = 0.9661182, Final residual = 2.512074e-06, No Iterations 1
GPU: 477 iters: 9.430753 s: 25.96997 GB/s
Total exec time 63.00312 Total comm time 7.680465
OGPUBICGS:  Solving for p, Initial residual = 0.002800771, Final residual = 2.744811e-05, No Iterations 477
GPU: 282 iters: 5.569886 s: 25.99574 GB/s
Total exec time 68.57301 Total comm time 8.396353
OGPUBICGS:  Solving for p, Initial residual = 0.06575799, Final residual = 0.000656089, No Iterations 282
time step continuity errors : sum local = 3.462955e-10, global = -3.392418e-10, cumulative = -6.425468e-10
Moving mesh time step continuity errors : sum local = 3.462955e-10, global = -3.392418e-10, cumulative = -9.817886e-10
GPU: 391 iters: 7.752915 s: 25.89472 GB/s
Total exec time 76.32592 Total comm time 9.410819
OGPUBICGS:  Solving for p, Initial residual = 0.01554891, Final residual = 0.0001492279, No Iterations 391
GPU: 600 iters: 11.85516 s: 25.98623 GB/s
Total exec time 88.18108 Total comm time 10.91809
OGPUBICGS:  Solving for p, Initial residual = 0.007516568, Final residual = 6.645291e-08, No Iterations 600
time step continuity errors : sum local = 2.157645e-14, global = -1.870277e-15, cumulative = -9.817905e-10
Moving mesh time step continuity errors : sum local = 2.157645e-14, global = -1.870277e-15, cumulative = -9.817923e-10
smoothSolver:  Solving for k, Initial residual = 0.003836003, Final residual = 1.957748e-09, No Iterations 1
ExecutionTime = 170.01 s  ClockTime = 174 s

Courant Number mean: 7.675236e-05 max: 0.002858875 velocity magnitude: 0.9530272
yForce = -2.144732
Y= 1.632129e-13
Vy= 5.007651e-06
Time = 2e-05

GAMGPCG:  Solving for cellDisplacementx, Initial residual = 0, Final residual = 0, No Iterations 0
Total solver time is 0
Total solver time is 0
Total solver time is 0
GAMGPCG:  Solving for cellDisplacementy, Initial residual = 1, Final residual = 6.082068e-09, No Iterations 1
GAMGPCG:  Solving for cellDisplacementz, Initial residual = 0, Final residual = 0, No Iterations 0
volume continuity errors : volume = 4.535015, max error = 1.300296e-08, sum local = 7.136512e-15, global = 2.099753e-18
smoothSolver:  Solving for Ux, Initial residual = 0.05126757, Final residual = 8.730227e-08, No Iterations 1
smoothSolver:  Solving for Uy, Initial residual = 0.01319991, Final residual = 1.712637e-07, No Iterations 1
smoothSolver:  Solving for Uz, Initial residual = 0.9130398, Final residual = 2.141643e-06, No Iterations 1
GPU: 44 iters: 0.8923966 s: 25.31595 GB/s
Total exec time 89.07348 Total comm time 11.03291
OGPUBICGS:  Solving for p, Initial residual = 0.2261511, Final residual = 0.001558916, No Iterations 44
GPU: 127 iters: 2.516402 s: 25.91333 GB/s
Total exec time 91.58988 Total comm time 11.35029
OGPUBICGS:  Solving for p, Initial residual = 0.01188319, Final residual = 0.0001136664, No Iterations 127
time step continuity errors : sum local = 3.071666e-11, global = -2.353729e-12, cumulative = -9.841461e-10
Moving mesh time step continuity errors : sum local = 3.071666e-11, global = -2.353729e-12, cumulative = -9.864998e-10
GPU: 154 iters: 3.070959 s: 25.74815 GB/s
Total exec time 94.66084 Total comm time 11.76168
OGPUBICGS:  Solving for p, Initial residual = 0.004285639, Final residual = 4.072669e-05, No Iterations 154
GPU: 681 iters: 13.40936 s: 26.07586 GB/s
Total exec time 108.0702 Total comm time 13.46819
OGPUBICGS:  Solving for p, Initial residual = 0.001829233, Final residual = 7.682883e-08, No Iterations 681
time step continuity errors : sum local = 2.069038e-14, global = -4.833653e-16, cumulative = -9.865003e-10
Moving mesh time step continuity errors : sum local = 2.069038e-14, global = -4.833653e-16, cumulative = -9.865008e-10
smoothSolver:  Solving for k, Initial residual = 0.002273516, Final residual = 1.107499e-09, No Iterations 1
ExecutionTime = 206.9 s  ClockTime = 211 s

Courant Number mean: 7.675308e-05 max: 0.002856742 velocity magnitude: 0.9523161
yForce = -4.304608
Y= 1.855562e-11
Vy= 2.349316e-06
Time = 2.5e-05

GAMGPCG:  Solving for cellDisplacementx, Initial residual = 0, Final residual = 0, No Iterations 0
Total solver time is 0
Total solver time is 0
Total solver time is 0
GAMGPCG:  Solving for cellDisplacementy, Initial residual = 0.7358071, Final residual = 6.606879e-09, No Iterations 1
GAMGPCG:  Solving for cellDisplacementz, Initial residual = 0, Final residual = 0, No Iterations 0
volume continuity errors : volume = 4.535015, max error = 1.116564e-08, sum local = 7.154078e-15, global = -1.781289e-18
smoothSolver:  Solving for Ux, Initial residual = 0.02724397, Final residual = 3.570734e-08, No Iterations 1
smoothSolver:  Solving for Uy, Initial residual = 0.004602829, Final residual = 6.351985e-08, No Iterations 1
smoothSolver:  Solving for Uz, Initial residual = 0.8798349, Final residual = 2.03293e-06, No Iterations 1
GPU: 8 iters: 0.1769626 s: 23.21176 GB/s
Total exec time 108.2472 Total comm time 13.4902
OGPUBICGS:  Solving for p, Initial residual = 0.1533241, Final residual = 0.001510951, No Iterations 8
GPU: 126 iters: 2.49536 s: 25.92608 GB/s
Total exec time 110.7425 Total comm time 13.81259
OGPUBICGS:  Solving for p, Initial residual = 0.003760051, Final residual = 3.568429e-05, No Iterations 126
time step continuity errors : sum local = 8.490861e-12, global = 6.032568e-13, cumulative = -9.858975e-10
Moving mesh time step continuity errors : sum local = 8.490861e-12, global = 6.032568e-13, cumulative = -9.852942e-10
GPU: 144 iters: 2.840501 s: 26.02957 GB/s
Total exec time 113.583 Total comm time 14.16357
OGPUBICGS:  Solving for p, Initial residual = 0.0009498425, Final residual = 9.51644e-06, No Iterations 144
GPU: 584 iters: 11.50963 s: 26.05259 GB/s
Total exec time 125.0926 Total comm time 15.61809
OGPUBICGS:  Solving for p, Initial residual = 0.0003314259, Final residual = 9.938253e-08, No Iterations 584
time step continuity errors : sum local = 2.360042e-14, global = 4.091465e-15, cumulative = -9.852902e-10
Moving mesh time step continuity errors : sum local = 2.360042e-14, global = 4.091465e-15, cumulative = -9.852861e-10
smoothSolver:  Solving for k, Initial residual = 0.001555, Final residual = 7.439481e-10, No Iterations 1
ExecutionTime = 240.98 s  ClockTime = 246 s

Courant Number mean: 7.675313e-05 max: 0.002854616 velocity magnitude: 0.9516076
yForce = 3.412915
Y= 3.557135e-11
Vy= 4.456971e-06
Time = 3e-05

GAMGPCG:  Solving for cellDisplacementx, Initial residual = 0, Final residual = 0, No Iterations 0
Total solver time is 0
Total solver time is 0
Total solver time is 0
GAMGPCG:  Solving for cellDisplacementy, Initial residual = 0.4916327, Final residual = 4.045137e-09, No Iterations 1
GAMGPCG:  Solving for cellDisplacementz, Initial residual = 0, Final residual = 0, No Iterations 0
volume continuity errors : volume = 4.535015, max error = 1.394737e-08, sum local = 7.168177e-15, global = -7.397624e-19
smoothSolver:  Solving for Ux, Initial residual = 0.01762114, Final residual = 1.839574e-08, No Iterations 1
smoothSolver:  Solving for Uy, Initial residual = 0.001245364, Final residual = 3.233716e-08, No Iterations 1
smoothSolver:  Solving for Uz, Initial residual = 0.3943542, Final residual = 3.231888e-06, No Iterations 1
GPU: 2 iters: 0.05963075 s: 17.22103 GB/s
Total exec time 125.1523 Total comm time 15.62657
OGPUBICGS:  Solving for p, Initial residual = 0.1088563, Final residual = 0.0007291962, No Iterations 2
GPU: 49 iters: 0.9826782 s: 25.60261 GB/s
Total exec time 126.135 Total comm time 15.74852
OGPUBICGS:  Solving for p, Initial residual = 0.001343957, Final residual = 1.142601e-05, No Iterations 49
time step continuity errors : sum local = 2.451231e-12, global = 9.393147e-15, cumulative = -9.852767e-10
Moving mesh time step continuity errors : sum local = 2.451231e-12, global = 9.393147e-15, cumulative = -9.852673e-10
GPU: 33 iters: 0.6652902 s: 25.46843 GB/s
Total exec time 126.8002 Total comm time 15.82339
OGPUBICGS:  Solving for p, Initial residual = 0.0002628715, Final residual = 9.988353e-06, No Iterations 33
GPU: 568 iters: 11.18981 s: 26.06303 GB/s
Total exec time 137.9901 Total comm time 17.24065
OGPUBICGS:  Solving for p, Initial residual = 0.0001030071, Final residual = 8.768781e-08, No Iterations 568
time step continuity errors : sum local = 1.880446e-14, global = -1.878524e-14, cumulative = -9.852861e-10
Moving mesh time step continuity errors : sum local = 1.880446e-14, global = -1.878524e-14, cumulative = -9.853048e-10
smoothSolver:  Solving for k, Initial residual = 0.001157032, Final residual = 5.465623e-10, No Iterations 1
ExecutionTime = 270.96 s  ClockTime = 276 s

Courant Number mean: 7.67532e-05 max: 0.002852247 velocity magnitude: 0.9508178
yForce = -0.9728976
Y= 5.635414e-11
Vy= 3.856148e-06
Time = 3.5e-05

GAMGPCG:  Solving for cellDisplacementx, Initial residual = 0, Final residual = 0, No Iterations 0
Total solver time is 0
Total solver time is 0
Total solver time is 0
GAMGPCG:  Solving for cellDisplacementy, Initial residual = 0.4287369, Final residual = 3.230211e-09, No Iterations 1
GAMGPCG:  Solving for cellDisplacementz, Initial residual = 0, Final residual = 0, No Iterations 0
volume continuity errors : volume = 4.535015, max error = 1.119589e-08, sum local = 7.169145e-15, global = 1.413279e-18
smoothSolver:  Solving for Ux, Initial residual = 0.01353343, Final residual = 1.44921e-08, No Iterations 1
smoothSolver:  Solving for Uy, Initial residual = 0.0009617659, Final residual = 2.42763e-08, No Iterations 1
smoothSolver:  Solving for Uz, Initial residual = 0.4507393, Final residual = 4.942906e-06, No Iterations 1
GPU: 1 iters: 0.03691187 s: 13.9102 GB/s
Total exec time 138.027 Total comm time 17.24368
OGPUBICGS:  Solving for p, Initial residual = 0.09114431, Final residual = 0.0003989862, No Iterations 1
GPU: 22 iters: 0.4518887 s: 24.99716 GB/s
Total exec time 138.4789 Total comm time 17.30477
OGPUBICGS:  Solving for p, Initial residual = 0.0005770361, Final residual = 9.931048e-06, No Iterations 22
time step continuity errors : sum local = 1.956418e-12, global = -5.073652e-14, cumulative = -9.853556e-10
Moving mesh time step continuity errors : sum local = 1.956418e-12, global = -5.073652e-14, cumulative = -9.854063e-10
GPU: 8 iters: 0.1726837 s: 23.78691 GB/s
Total exec time 138.6515 Total comm time 17.32385
OGPUBICGS:  Solving for p, Initial residual = 8.4399e-05, Final residual = 9.208583e-06, No Iterations 8
GPU: 480 iters: 9.494861 s: 25.95685 GB/s
Total exec time 148.1464 Total comm time 18.5457
OGPUBICGS:  Solving for p, Initial residual = 2.957189e-05, Final residual = 9.399555e-08, No Iterations 480
time step continuity errors : sum local = 1.851441e-14, global = -5.911098e-15, cumulative = -9.854122e-10
Moving mesh time step continuity errors : sum local = 1.851441e-14, global = -5.911098e-15, cumulative = -9.854181e-10
smoothSolver:  Solving for k, Initial residual = 0.00090982, Final residual = 4.377786e-10, No Iterations 1
ExecutionTime = 298.08 s  ClockTime = 303 s

Courant Number mean: 7.675328e-05 max: 0.002849503 velocity magnitude: 0.949903
yForce = -0.4271212
Y= 7.497544e-11
Vy= 3.592371e-06
Time = 4e-05

GAMGPCG:  Solving for cellDisplacementx, Initial residual = 0, Final residual = 0, No Iterations 0
Total solver time is 0
Total solver time is 0
Total solver time is 0
GAMGPCG:  Solving for cellDisplacementy, Initial residual = 0.3101845, Final residual = 2.455622e-09, No Iterations 1
GAMGPCG:  Solving for cellDisplacementz, Initial residual = 0, Final residual = 0, No Iterations 0
volume continuity errors : volume = 4.535015, max error = 1.073071e-08, sum local = 7.177078e-15, global = -7.770242e-20
smoothSolver:  Solving for Ux, Initial residual = 0.01096001, Final residual = 1.188175e-08, No Iterations 1
smoothSolver:  Solving for Uy, Initial residual = 0.0008057826, Final residual = 1.943627e-08, No Iterations 1
smoothSolver:  Solving for Uz, Initial residual = 0.3016804, Final residual = 4.5509e-06, No Iterations 1
GPU: 1 iters: 0.03872074 s: 13.26037 GB/s
Total exec time 148.1851 Total comm time 18.55028
OGPUBICGS:  Solving for p, Initial residual = 0.07497248, Final residual = 0.0001631104, No Iterations 1
GPU: 8 iters: 0.1757707 s: 23.36915 GB/s
Total exec time 148.3609 Total comm time 18.57205
OGPUBICGS:  Solving for p, Initial residual = 0.0003068124, Final residual = 9.419508e-06, No Iterations 8
time step continuity errors : sum local = 1.72396e-12, global = 1.889527e-14, cumulative = -9.853992e-10
Moving mesh time step continuity errors : sum local = 1.72396e-12, global = 1.889527e-14, cumulative = -9.853804e-10
GPU: 1 iters: 0.03817392 s: 13.45032 GB/s
Total exec time 148.3991 Total comm time 18.57511
OGPUBICGS:  Solving for p, Initial residual = 3.628713e-05, Final residual = 9.841262e-06, No Iterations 1
GPU: 468 iters: 9.249153 s: 25.98025 GB/s
Total exec time 157.6482 Total comm time 19.75385
OGPUBICGS:  Solving for p, Initial residual = 1.548981e-05, Final residual = 9.635988e-08, No Iterations 468
time step continuity errors : sum local = 1.763476e-14, global = 1.056497e-14, cumulative = -9.853698e-10
Moving mesh time step continuity errors : sum local = 1.763476e-14, global = 1.056497e-14, cumulative = -9.853592e-10
smoothSolver:  Solving for k, Initial residual = 0.0007437466, Final residual = 3.630322e-10, No Iterations 1
ExecutionTime = 324.77 s  ClockTime = 330 s

Courant Number mean: 7.675326e-05 max: 0.002846383 velocity magnitude: 0.948863
yForce = 0.5317344
Y= 9.375822e-11
Vy= 3.920741e-06
Time = 4.5e-05

GAMGPCG:  Solving for cellDisplacementx, Initial residual = 0, Final residual = 0, No Iterations 0
Total solver time is 0
Total solver time is 0
Total solver time is 0
GAMGPCG:  Solving for cellDisplacementy, Initial residual = 0.2625833, Final residual = 1.998895e-09, No Iterations 1
GAMGPCG:  Solving for cellDisplacementz, Initial residual = 0, Final residual = 0, No Iterations 0
volume continuity errors : volume = 4.535015, max error = 1.207311e-08, sum local = 7.169705e-15, global = 1.045292e-20
smoothSolver:  Solving for Ux, Initial residual = 0.009359038, Final residual = 1.007877e-08, No Iterations 1
smoothSolver:  Solving for Uy, Initial residual = 0.0006810211, Final residual = 1.603474e-08, No Iterations 1
smoothSolver:  Solving for Uz, Initial residual = 0.3034678, Final residual = 2.012536e-06, No Iterations 1
GPU: 1 iters: 0.0376736 s: 13.62895 GB/s
Total exec time 157.6859 Total comm time 19.75876
OGPUBICGS:  Solving for p, Initial residual = 0.06277284, Final residual = 0.0001238472, No Iterations 1
GPU: 7 iters: 0.155466 s: 23.11863 GB/s
Total exec time 157.8414 Total comm time 19.77925
OGPUBICGS:  Solving for p, Initial residual = 0.0002279597, Final residual = 9.494507e-06, No Iterations 7
time step continuity errors : sum local = 1.628347e-12, global = 2.817599e-14, cumulative = -9.85331e-10
Moving mesh time step continuity errors : sum local = 1.628347e-12, global = 2.817599e-14, cumulative = -9.853029e-10
GPU: 1 iters: 0.03784887 s: 13.56584 GB/s
Total exec time 157.8792 Total comm time 19.78434
OGPUBICGS:  Solving for p, Initial residual = 2.424186e-05, Final residual = 9.699113e-06, No Iterations 1
GPU: 319 iters: 6.305458 s: 25.97607 GB/s
Total exec time 164.1847 Total comm time 20.59004
OGPUBICGS:  Solving for p, Initial residual = 1.185586e-05, Final residual = 9.689979e-08, No Iterations 319
time step continuity errors : sum local = 1.661806e-14, global = 5.183753e-15, cumulative = -9.852977e-10
Moving mesh time step continuity errors : sum local = 1.661806e-14, global = 5.183753e-15, cumulative = -9.852925e-10
smoothSolver:  Solving for k, Initial residual = 0.0006256361, Final residual = 3.112463e-10, No Iterations 1
ExecutionTime = 348.39 s  ClockTime = 354 s

Courant Number mean: 7.675326e-05 max: 0.002842882 velocity magnitude: 0.9482449
yForce = -0.2004149
Y= 1.130525e-10
Vy= 3.796968e-06
Time = 5e-05

GAMGPCG:  Solving for cellDisplacementx, Initial residual = 0, Final residual = 0, No Iterations 0
Total solver time is 0
Total solver time is 0
Total solver time is 0
GAMGPCG:  Solving for cellDisplacementy, Initial residual = 0.2302291, Final residual = 1.783225e-09, No Iterations 1
GAMGPCG:  Solving for cellDisplacementz, Initial residual = 0, Final residual = 0, No Iterations 0
volume continuity errors : volume = 4.535015, max error = 1.120445e-08, sum local = 7.17013e-15, global = -2.476527e-19
smoothSolver:  Solving for Ux, Initial residual = 0.008277958, Final residual = 8.766114e-09, No Iterations 1
smoothSolver:  Solving for Uy, Initial residual = 0.0005950855, Final residual = 1.35684e-08, No Iterations 1
smoothSolver:  Solving for Uz, Initial residual = 0.338382, Final residual = 1.45221e-06, No Iterations 1
GPU: 1 iters: 0.0369297 s: 13.90349 GB/s
Total exec time 164.2216 Total comm time 20.59305
OGPUBICGS:  Solving for p, Initial residual = 0.05636681, Final residual = 9.634278e-05, No Iterations 1
GPU: 5 iters: 0.1159103 s: 22.14866 GB/s
Total exec time 164.3375 Total comm time 20.60673
OGPUBICGS:  Solving for p, Initial residual = 0.000177791, Final residual = 9.598716e-06, No Iterations 5
time step continuity errors : sum local = 1.5533e-12, global = -7.409025e-15, cumulative = -9.852999e-10
Moving mesh time step continuity errors : sum local = 1.5533e-12, global = -7.409025e-15, cumulative = -9.853073e-10
GPU: 1 iters: 0.03686384 s: 13.92832 GB/s
Total exec time 164.3744 Total comm time 20.61023
OGPUBICGS:  Solving for p, Initial residual = 1.979062e-05, Final residual = 8.848002e-06, No Iterations 1
GPU: 225 iters: 4.450095 s: 25.96048 GB/s
Total exec time 168.8245 Total comm time 21.16441
OGPUBICGS:  Solving for p, Initial residual = 1.031746e-05, Final residual = 9.973332e-08, No Iterations 225
time step continuity errors : sum local = 1.613873e-14, global = 1.160785e-14, cumulative = -9.852957e-10
Moving mesh time step continuity errors : sum local = 1.613873e-14, global = 1.160785e-14, cumulative = -9.852841e-10
smoothSolver:  Solving for k, Initial residual = 0.0005379138, Final residual = 2.736009e-10, No Iterations 1
ExecutionTime = 370.6 s  ClockTime = 376 s

yForce = -0.02728325
Y= 1.319952e-10
Vy= 3.780113e-06
End

Finalising parallel run
