 Data for JOB [8567,1] offset 0

 ========================   JOB MAP   ========================

 Data for node: ivb112	Num slots: 8	Max slots: 0	Num procs: 8
 	Process OMPI jobid: [8567,1] App: 0 Process rank: 0
 	Process OMPI jobid: [8567,1] App: 0 Process rank: 1
 	Process OMPI jobid: [8567,1] App: 0 Process rank: 2
 	Process OMPI jobid: [8567,1] App: 0 Process rank: 3
 	Process OMPI jobid: [8567,1] App: 0 Process rank: 4
 	Process OMPI jobid: [8567,1] App: 0 Process rank: 5
 	Process OMPI jobid: [8567,1] App: 0 Process rank: 6
 	Process OMPI jobid: [8567,1] App: 0 Process rank: 7

 Data for node: ivb113	Num slots: 8	Max slots: 0	Num procs: 8
 	Process OMPI jobid: [8567,1] App: 0 Process rank: 8
 	Process OMPI jobid: [8567,1] App: 0 Process rank: 9
 	Process OMPI jobid: [8567,1] App: 0 Process rank: 10
 	Process OMPI jobid: [8567,1] App: 0 Process rank: 11
 	Process OMPI jobid: [8567,1] App: 0 Process rank: 12
 	Process OMPI jobid: [8567,1] App: 0 Process rank: 13
 	Process OMPI jobid: [8567,1] App: 0 Process rank: 14
 	Process OMPI jobid: [8567,1] App: 0 Process rank: 15

 Data for node: ivb114	Num slots: 8	Max slots: 0	Num procs: 8
 	Process OMPI jobid: [8567,1] App: 0 Process rank: 16
 	Process OMPI jobid: [8567,1] App: 0 Process rank: 17
 	Process OMPI jobid: [8567,1] App: 0 Process rank: 18
 	Process OMPI jobid: [8567,1] App: 0 Process rank: 19
 	Process OMPI jobid: [8567,1] App: 0 Process rank: 20
 	Process OMPI jobid: [8567,1] App: 0 Process rank: 21
 	Process OMPI jobid: [8567,1] App: 0 Process rank: 22
 	Process OMPI jobid: [8567,1] App: 0 Process rank: 23

 =============================================================
[ivb112:32385] MCW rank 0 bound to socket 0[core 0[hwt 0]]: [B/././././././././.][./././././././././.]
[ivb112:32385] MCW rank 1 bound to socket 0[core 1[hwt 0]]: [./B/./././././././.][./././././././././.]
[ivb112:32385] MCW rank 2 bound to socket 0[core 2[hwt 0]]: [././B/././././././.][./././././././././.]
[ivb112:32385] MCW rank 3 bound to socket 0[core 3[hwt 0]]: [./././B/./././././.][./././././././././.]
[ivb112:32385] MCW rank 4 bound to socket 0[core 4[hwt 0]]: [././././B/././././.][./././././././././.]
[ivb112:32385] MCW rank 5 bound to socket 0[core 5[hwt 0]]: [./././././B/./././.][./././././././././.]
[ivb112:32385] MCW rank 6 bound to socket 0[core 6[hwt 0]]: [././././././B/././.][./././././././././.]
[ivb112:32385] MCW rank 7 bound to socket 0[core 7[hwt 0]]: [./././././././B/./.][./././././././././.]
[ivb114:13437] MCW rank 18 bound to socket 0[core 2[hwt 0]]: [././B/././././././.][./././././././././.]
[ivb114:13437] MCW rank 19 bound to socket 0[core 3[hwt 0]]: [./././B/./././././.][./././././././././.]
[ivb114:13437] MCW rank 20 bound to socket 0[core 4[hwt 0]]: [././././B/././././.][./././././././././.]
[ivb114:13437] MCW rank 21 bound to socket 0[core 5[hwt 0]]: [./././././B/./././.][./././././././././.]
[ivb114:13437] MCW rank 22 bound to socket 0[core 6[hwt 0]]: [././././././B/././.][./././././././././.]
[ivb114:13437] MCW rank 23 bound to socket 0[core 7[hwt 0]]: [./././././././B/./.][./././././././././.]
[ivb114:13437] MCW rank 16 bound to socket 0[core 0[hwt 0]]: [B/././././././././.][./././././././././.]
[ivb114:13437] MCW rank 17 bound to socket 0[core 1[hwt 0]]: [./B/./././././././.][./././././././././.]
[ivb113:07345] MCW rank 10 bound to socket 0[core 2[hwt 0]]: [././B/././././././.][./././././././././.]
[ivb113:07345] MCW rank 11 bound to socket 0[core 3[hwt 0]]: [./././B/./././././.][./././././././././.]
[ivb113:07345] MCW rank 12 bound to socket 0[core 4[hwt 0]]: [././././B/././././.][./././././././././.]
[ivb113:07345] MCW rank 13 bound to socket 0[core 5[hwt 0]]: [./././././B/./././.][./././././././././.]
[ivb113:07345] MCW rank 14 bound to socket 0[core 6[hwt 0]]: [././././././B/././.][./././././././././.]
[ivb113:07345] MCW rank 15 bound to socket 0[core 7[hwt 0]]: [./././././././B/./.][./././././././././.]
[ivb113:07345] MCW rank 8 bound to socket 0[core 0[hwt 0]]: [B/././././././././.][./././././././././.]
[ivb113:07345] MCW rank 9 bound to socket 0[core 1[hwt 0]]: [./B/./././././././.][./././././././././.]
/*---------------------------------------------------------------------------*\
| =========                 |                                                 |
| \\      /  F ield         | foam-extend: Open Source CFD                    |
|  \\    /   O peration     | Version:     3.1                                |
|   \\  /    A nd           | Web:         http://www.extend-project.de       |
|    \\/     M anipulation  |                                                 |
\*---------------------------------------------------------------------------*/
Build    : 3.1-e2da948002a2
Exec     : pimpleDyMFoam -parallel
Date     : May 26 2016
Time     : 21:20:35
Host     : ivb112
PID      : 32440
CtrlDict : /home-2/vplatonov/foam/foam-extend-3.1/etc/controlDict
Case     : /home/vplatonov/tests/3D-mesh1-of3.1
nProcs   : 24
Slaves : 
23
(
ivb112.32439
ivb112.32442
ivb112.32451
ivb112.32457
ivb112.32460
ivb112.32462
ivb112.32454
ivb113.7397
ivb113.7396
ivb113.7412
ivb113.7400
ivb113.7414
ivb113.7403
ivb113.7409
ivb113.7406
ivb114.13501
ivb114.13504
ivb114.13489
ivb114.13495
ivb114.13498
ivb114.13488
ivb114.13492
ivb114.13506
)

Pstream initialized with:
    floatTransfer     : 0
    nProcsSimpleSum   : 0
    commsType         : blocking
SigFpe   : Enabling floating point exception trapping (FOAM_SIGFPE).

// * * * * * * * * * * * * * * * * * * * * * * * * * * * * * * * * * * * * * //
Create time

Create dynamic mesh for time = 0

Selecting dynamicFvMesh dynamicMotionSolverFvMesh
Selecting motion solver: displacementLaplacian
Selecting motion diffusion: quadratic
Selecting motion diffusion: inverseDistance
Reading field p

Reading field U

Reading/calculating face flux field phi

Selecting incompressible transport model Newtonian
Selecting turbulence model type LESModel
Selecting LES turbulence model oneEqEddy
oneEqEddyCoeffs
{
    ce              1.048;
    ck              0.094;
}

Reading field rAU if present


Starting time loop

Courant Number mean: 0 max: 0.0007592825 velocity magnitude: 0.4779
Reading old state
Before setting displacements
GAMGPCG:  Solving for cellDisplacementx, Initial residual = 0, Final residual = 0, No Iterations 0
GAMGPCG:  Solving for cellDisplacementy, Initial residual = 0, Final residual = 0, No Iterations 0
GAMGPCG:  Solving for cellDisplacementz, Initial residual = 0, Final residual = 0, No Iterations 0
Time = 5e-06

GAMGPCG:  Solving for cellDisplacementx, Initial residual = 0, Final residual = 0, No Iterations 0
GAMGPCG:  Solving for cellDisplacementy, Initial residual = 0, Final residual = 0, No Iterations 0
GAMGPCG:  Solving for cellDisplacementz, Initial residual = 0, Final residual = 0, No Iterations 0
volume continuity errors : volume = 4.535015, max error = 0, sum local = 0, global = 0
smoothSolver:  Solving for Ux, Initial residual = 1, Final residual = 3.764172e-08, No Iterations 1
smoothSolver:  Solving for Uy, Initial residual = 1, Final residual = 4.611591e-08, No Iterations 1
smoothSolver:  Solving for Uz, Initial residual = 0.9999962, Final residual = 4.046585e-08, No Iterations 1
Created persistent data with name p
Computing AINV with droptol 0.02
GPU: 495 iters: 21.8088 s: 5.402074 GB/s
Total exec time 21.8088 Total comm time 1.58728
OGPUBICGS:  Solving for p, Initial residual = 1, Final residual = 0.008755884, No Iterations 495
Computing AINV with droptol 0.02
GPU: 169 iters: 7.719403 s: 5.210628 GB/s
Total exec time 29.5282 Total comm time 2.316387
OGPUBICGS:  Solving for p, Initial residual = 0.0004701379, Final residual = 9.998271e-06, No Iterations 169
time step continuity errors : sum local = 2.243889e-09, global = -1.710171e-09, cumulative = -1.710171e-09
Moving mesh time step continuity errors : sum local = 2.243889e-09, global = -1.710171e-09, cumulative = -3.420342e-09
GPU: 42 iters: 1.942506 s: 5.146049 GB/s
Total exec time 31.47071 Total comm time 2.494863
OGPUBICGS:  Solving for p, Initial residual = 0.0001106872, Final residual = 9.908208e-06, No Iterations 42
GPU: 590 iters: 26.78889 s: 5.241847 GB/s
Total exec time 58.2596 Total comm time 4.984741
OGPUBICGS:  Solving for p, Initial residual = 4.634271e-05, Final residual = 9.095752e-08, No Iterations 590
time step continuity errors : sum local = 2.042965e-11, global = 2.196779e-12, cumulative = -3.418146e-09
Moving mesh time step continuity errors : sum local = 2.042965e-11, global = 2.196779e-12, cumulative = -3.415949e-09
smoothSolver:  Solving for k, Initial residual = 1, Final residual = 2.570936e-11, No Iterations 2
ExecutionTime = 88.7 s  ClockTime = 93 s

Courant Number mean: 7.680043e-05 max: 0.002864217 velocity magnitude: 0.954808
yForce = -8.99604
Y= -1.388886e-11
Vy= -5.555539e-06
Time = 1e-05

GAMGPCG:  Solving for cellDisplacementx, Initial residual = 0, Final residual = 0, No Iterations 0
Total solver time is 0
Total solver time is 0
Total solver time is 0
GAMGPCG:  Solving for cellDisplacementy, Initial residual = 1, Final residual = 1.160987e-08, No Iterations 1
GAMGPCG:  Solving for cellDisplacementz, Initial residual = 0, Final residual = 0, No Iterations 0
volume continuity errors : volume = 4.535015, max error = 1.029092e-08, sum local = 6.265069e-15, global = 2.178488e-18
smoothSolver:  Solving for Ux, Initial residual = 0.9975255, Final residual = 1.332991e-06, No Iterations 1
smoothSolver:  Solving for Uy, Initial residual = 0.3324937, Final residual = 2.473065e-06, No Iterations 1
smoothSolver:  Solving for Uz, Initial residual = 0.3341691, Final residual = 1.370295e-06, No Iterations 1
GPU: 580 iters: 26.35181 s: 5.23847 GB/s
Total exec time 84.61141 Total comm time 7.44234
OGPUBICGS:  Solving for p, Initial residual = 0.003645502, Final residual = 2.511213e-05, No Iterations 580
GPU: 144 iters: 6.582318 s: 5.206797 GB/s
Total exec time 91.19373 Total comm time 8.058656
OGPUBICGS:  Solving for p, Initial residual = 0.001381734, Final residual = 1.366982e-05, No Iterations 144
time step continuity errors : sum local = 1.026675e-09, global = 2.558403e-10, cumulative = -3.160108e-09
Moving mesh time step continuity errors : sum local = 1.026675e-09, global = 2.558403e-10, cumulative = -2.904268e-09
GPU: 92 iters: 4.216836 s: 5.192639 GB/s
Total exec time 95.41057 Total comm time 8.456962
OGPUBICGS:  Solving for p, Initial residual = 0.00031248, Final residual = 9.762824e-06, No Iterations 92
GPU: 658 iters: 29.91355 s: 5.235341 GB/s
Total exec time 125.3241 Total comm time 11.21562
OGPUBICGS:  Solving for p, Initial residual = 0.0001167476, Final residual = 5.196614e-08, No Iterations 658
time step continuity errors : sum local = 3.899436e-12, global = -3.131452e-12, cumulative = -2.9074e-09
Moving mesh time step continuity errors : sum local = 3.899436e-12, global = -3.131452e-12, cumulative = -2.910531e-09
smoothSolver:  Solving for k, Initial residual = 0.008783923, Final residual = 8.030277e-09, No Iterations 1
ExecutionTime = 166.6 s  ClockTime = 171 s

Courant Number mean: 7.680529e-05 max: 0.002857264 velocity magnitude: 0.9524901
yForce = 13.10264
Y= -2.143755e-11
Vy= 2.536056e-06
Time = 1.5e-05

GAMGPCG:  Solving for cellDisplacementx, Initial residual = 0, Final residual = 0, No Iterations 0
Total solver time is 0
Total solver time is 0
Total solver time is 0
GAMGPCG:  Solving for cellDisplacementy, Initial residual = 0.3550357, Final residual = 6.596929e-09, No Iterations 1
GAMGPCG:  Solving for cellDisplacementz, Initial residual = 0, Final residual = 0, No Iterations 0
volume continuity errors : volume = 4.535015, max error = 1.212154e-08, sum local = 7.125721e-15, global = -3.413008e-18
smoothSolver:  Solving for Ux, Initial residual = 0.992136, Final residual = 1.328003e-06, No Iterations 1
smoothSolver:  Solving for Uy, Initial residual = 0.1830886, Final residual = 1.457139e-06, No Iterations 1
smoothSolver:  Solving for Uz, Initial residual = 0.8921979, Final residual = 3.54591e-06, No Iterations 1
GPU: 513 iters: 23.29039 s: 5.242369 GB/s
Total exec time 148.6145 Total comm time 13.33447
OGPUBICGS:  Solving for p, Initial residual = 0.002802102, Final residual = 2.712567e-05, No Iterations 513
GPU: 396 iters: 18.02783 s: 5.228039 GB/s
Total exec time 166.6423 Total comm time 15.014
OGPUBICGS:  Solving for p, Initial residual = 0.06339873, Final residual = 0.0004911762, No Iterations 396
time step continuity errors : sum local = 2.691987e-10, global = -2.644903e-10, cumulative = -3.175021e-09
Moving mesh time step continuity errors : sum local = 2.691987e-10, global = -2.644903e-10, cumulative = -3.439512e-09
GPU: 423 iters: 19.17488 s: 5.250428 GB/s
Total exec time 185.8172 Total comm time 16.76582
OGPUBICGS:  Solving for p, Initial residual = 0.01677791, Final residual = 0.0001607226, No Iterations 423
Computing AINV with droptol 0.02
GPU: 735 iters: 33.33161 s: 5.248294 GB/s
Total exec time 219.1488 Total comm time 19.82855
OGPUBICGS:  Solving for p, Initial residual = 0.007681893, Final residual = 2.555801e-08, No Iterations 735
time step continuity errors : sum local = 8.157496e-15, global = 3.217996e-15, cumulative = -3.439508e-09
Moving mesh time step continuity errors : sum local = 8.157496e-15, global = 3.217996e-15, cumulative = -3.439505e-09
smoothSolver:  Solving for k, Initial residual = 0.003835795, Final residual = 3.566857e-09, No Iterations 1
ExecutionTime = 271.5 s  ClockTime = 276 s

Courant Number mean: 7.680533e-05 max: 0.002858888 velocity magnitude: 0.9530314
yForce = 3.267958
Y= -3.711928e-12
Vy= 4.554192e-06
Time = 2e-05

GAMGPCG:  Solving for cellDisplacementx, Initial residual = 0, Final residual = 0, No Iterations 0
Total solver time is 0
Total solver time is 0
Total solver time is 0
GAMGPCG:  Solving for cellDisplacementy, Initial residual = 1, Final residual = 1.025229e-08, No Iterations 1
GAMGPCG:  Solving for cellDisplacementz, Initial residual = 0, Final residual = 0, No Iterations 0
volume continuity errors : volume = 4.535015, max error = 1.163193e-08, sum local = 7.116747e-15, global = 3.929585e-18
smoothSolver:  Solving for Ux, Initial residual = 0.05198412, Final residual = 8.789684e-08, No Iterations 1
smoothSolver:  Solving for Uy, Initial residual = 0.01340588, Final residual = 1.544079e-07, No Iterations 1
smoothSolver:  Solving for Uz, Initial residual = 0.9712182, Final residual = 3.189492e-06, No Iterations 1
GPU: 39 iters: 1.815244 s: 5.113481 GB/s
Total exec time 220.9641 Total comm time 19.99024
OGPUBICGS:  Solving for p, Initial residual = 0.2274757, Final residual = 0.002198853, No Iterations 39
GPU: 156 iters: 7.128849 s: 5.208255 GB/s
Total exec time 228.0929 Total comm time 20.66239
OGPUBICGS:  Solving for p, Initial residual = 0.01245127, Final residual = 0.0001196933, No Iterations 156
time step continuity errors : sum local = 3.214195e-11, global = 5.17003e-12, cumulative = -3.434335e-09
Moving mesh time step continuity errors : sum local = 3.214195e-11, global = 5.17003e-12, cumulative = -3.429165e-09
GPU: 180 iters: 8.207512 s: 5.21973 GB/s
Total exec time 236.3004 Total comm time 21.42673
OGPUBICGS:  Solving for p, Initial residual = 0.004264027, Final residual = 3.996364e-05, No Iterations 180
GPU: 597 iters: 27.11159 s: 5.240907 GB/s
Total exec time 263.412 Total comm time 23.91744
OGPUBICGS:  Solving for p, Initial residual = 0.001809912, Final residual = 5.940005e-08, No Iterations 597
time step continuity errors : sum local = 1.591619e-14, global = -4.900412e-15, cumulative = -3.42917e-09
Moving mesh time step continuity errors : sum local = 1.591619e-14, global = -4.900412e-15, cumulative = -3.429175e-09
smoothSolver:  Solving for k, Initial residual = 0.002273395, Final residual = 2.172988e-09, No Iterations 1
ExecutionTime = 326.89 s  ClockTime = 332 s

Courant Number mean: 7.680592e-05 max: 0.002856738 velocity magnitude: 0.9523149
yForce = -5.514872
Y= 1.054468e-11
Vy= 1.148455e-06
Time = 2.5e-05

GAMGPCG:  Solving for cellDisplacementx, Initial residual = 0, Final residual = 0, No Iterations 0
Total solver time is 0
Total solver time is 0
Total solver time is 0
GAMGPCG:  Solving for cellDisplacementy, Initial residual = 0.8627723, Final residual = 1.356688e-08, No Iterations 1
GAMGPCG:  Solving for cellDisplacementz, Initial residual = 0, Final residual = 0, No Iterations 0
volume continuity errors : volume = 4.535015, max error = 1.400169e-08, sum local = 7.128184e-15, global = -2.376713e-18
smoothSolver:  Solving for Ux, Initial residual = 0.02730952, Final residual = 3.173316e-08, No Iterations 1
smoothSolver:  Solving for Uy, Initial residual = 0.004585385, Final residual = 5.460186e-08, No Iterations 1
smoothSolver:  Solving for Uz, Initial residual = 0.847741, Final residual = 2.800693e-06, No Iterations 1
GPU: 9 iters: 0.4551164 s: 4.706597 GB/s
Total exec time 263.8671 Total comm time 23.95969
OGPUBICGS:  Solving for p, Initial residual = 0.153676, Final residual = 0.00142003, No Iterations 9
GPU: 159 iters: 7.238333 s: 5.22812 GB/s
Total exec time 271.1055 Total comm time 24.62153
OGPUBICGS:  Solving for p, Initial residual = 0.003669717, Final residual = 3.624444e-05, No Iterations 159
time step continuity errors : sum local = 8.602699e-12, global = -1.005307e-12, cumulative = -3.43018e-09
Moving mesh time step continuity errors : sum local = 8.602699e-12, global = -1.005307e-12, cumulative = -3.431186e-09
GPU: 177 iters: 8.07353 s: 5.217913 GB/s
Total exec time 279.179 Total comm time 25.38077
OGPUBICGS:  Solving for p, Initial residual = 0.000943079, Final residual = 9.415873e-06, No Iterations 177
GPU: 606 iters: 27.50799 s: 5.243253 GB/s
Total exec time 306.687 Total comm time 27.91366
OGPUBICGS:  Solving for p, Initial residual = 0.0003323484, Final residual = 9.92752e-08, No Iterations 606
time step continuity errors : sum local = 2.3531e-14, global = -8.156035e-15, cumulative = -3.431194e-09
Moving mesh time step continuity errors : sum local = 2.3531e-14, global = -8.156035e-15, cumulative = -3.431202e-09
smoothSolver:  Solving for k, Initial residual = 0.001554933, Final residual = 1.530348e-09, No Iterations 1
ExecutionTime = 381.27 s  ClockTime = 386 s

Courant Number mean: 7.680603e-05 max: 0.002854615 velocity magnitude: 0.9516071
yForce = 2.4394
Y= 2.005311e-11
Vy= 2.654914e-06
Time = 3e-05

GAMGPCG:  Solving for cellDisplacementx, Initial residual = 0, Final residual = 0, No Iterations 0
Total solver time is 0
Total solver time is 0
Total solver time is 0
GAMGPCG:  Solving for cellDisplacementy, Initial residual = 0.4122324, Final residual = 7.518349e-09, No Iterations 1
GAMGPCG:  Solving for cellDisplacementz, Initial residual = 0, Final residual = 0, No Iterations 0
volume continuity errors : volume = 4.535015, max error = 1.249511e-08, sum local = 7.157348e-15, global = 2.233252e-18
smoothSolver:  Solving for Ux, Initial residual = 0.01762074, Final residual = 1.436668e-08, No Iterations 1
smoothSolver:  Solving for Uy, Initial residual = 0.00124196, Final residual = 2.462318e-08, No Iterations 1
smoothSolver:  Solving for Uz, Initial residual = 0.1220401, Final residual = 1.242405e-06, No Iterations 1
GPU: 2 iters: 0.1372488 s: 3.468234 GB/s
Total exec time 306.8242 Total comm time 27.92788
OGPUBICGS:  Solving for p, Initial residual = 0.1088509, Final residual = 0.0007541964, No Iterations 2
GPU: 44 iters: 2.042239 s: 5.127824 GB/s
Total exec time 308.8665 Total comm time 28.11401
OGPUBICGS:  Solving for p, Initial residual = 0.001350626, Final residual = 1.324096e-05, No Iterations 44
time step continuity errors : sum local = 2.840566e-12, global = -8.681546e-15, cumulative = -3.431211e-09
Moving mesh time step continuity errors : sum local = 2.840566e-12, global = -8.681546e-15, cumulative = -3.431219e-09
GPU: 40 iters: 1.860006 s: 5.118382 GB/s
Total exec time 310.7265 Total comm time 28.28793
OGPUBICGS:  Solving for p, Initial residual = 0.0002588915, Final residual = 9.472154e-06, No Iterations 40
GPU: 599 iters: 27.20917 s: 5.239606 GB/s
Total exec time 337.9356 Total comm time 30.82188
OGPUBICGS:  Solving for p, Initial residual = 9.994432e-05, Final residual = 6.752347e-08, No Iterations 599
time step continuity errors : sum local = 1.448006e-14, global = -2.576037e-15, cumulative = -3.431222e-09
Moving mesh time step continuity errors : sum local = 1.448006e-14, global = -2.576037e-15, cumulative = -3.431224e-09
smoothSolver:  Solving for k, Initial residual = 0.001156993, Final residual = 1.164933e-09, No Iterations 1
ExecutionTime = 423.59 s  ClockTime = 429 s

Courant Number mean: 7.680612e-05 max: 0.002852247 velocity magnitude: 0.9508176
yForce = -0.02519241
Y= 3.328878e-11
Vy= 2.639352e-06
Time = 3.5e-05

GAMGPCG:  Solving for cellDisplacementx, Initial residual = 0, Final residual = 0, No Iterations 0
Total solver time is 0
Total solver time is 0
Total solver time is 0
GAMGPCG:  Solving for cellDisplacementy, Initial residual = 0.4236398, Final residual = 6.37868e-09, No Iterations 1
GAMGPCG:  Solving for cellDisplacementz, Initial residual = 0, Final residual = 0, No Iterations 0
volume continuity errors : volume = 4.535015, max error = 1.447346e-08, sum local = 7.157981e-15, global = -1.080167e-18
smoothSolver:  Solving for Ux, Initial residual = 0.01352806, Final residual = 1.135303e-08, No Iterations 1
smoothSolver:  Solving for Uy, Initial residual = 0.0009616977, Final residual = 1.858523e-08, No Iterations 1
smoothSolver:  Solving for Uz, Initial residual = 0.6278183, Final residual = 6.379525e-06, No Iterations 1
Computing AINV with droptol 0.02
GPU: 1 iters: 0.09003449 s: 2.643484 GB/s
Total exec time 338.0257 Total comm time 30.8292
OGPUBICGS:  Solving for p, Initial residual = 0.09114688, Final residual = 0.0004101282, No Iterations 1
GPU: 23 iters: 1.087093 s: 5.035549 GB/s
Total exec time 339.1128 Total comm time 30.92915
OGPUBICGS:  Solving for p, Initial residual = 0.000593299, Final residual = 9.711386e-06, No Iterations 23
time step continuity errors : sum local = 1.91306e-12, global = 5.708943e-15, cumulative = -3.431219e-09
Moving mesh time step continuity errors : sum local = 1.91306e-12, global = 5.708943e-15, cumulative = -3.431213e-09
GPU: 8 iters: 0.411554 s: 4.62646 GB/s
Total exec time 339.5243 Total comm time 30.96801
OGPUBICGS:  Solving for p, Initial residual = 8.371568e-05, Final residual = 9.212927e-06, No Iterations 8
GPU: 331 iters: 15.03369 s: 5.240203 GB/s
Total exec time 354.558 Total comm time 32.34577
OGPUBICGS:  Solving for p, Initial residual = 2.94666e-05, Final residual = 9.99777e-08, No Iterations 331
time step continuity errors : sum local = 1.969201e-14, global = -7.946473e-15, cumulative = -3.431221e-09
Moving mesh time step continuity errors : sum local = 1.969201e-14, global = -7.946473e-15, cumulative = -3.431229e-09
smoothSolver:  Solving for k, Initial residual = 0.0009097944, Final residual = 9.452336e-10, No Iterations 1
ExecutionTime = 451.21 s  ClockTime = 456 s

Courant Number mean: 7.680618e-05 max: 0.002849502 velocity magnitude: 0.9499027
yForce = -0.7326383
Y= 4.535442e-11
Vy= 2.186905e-06
Time = 4e-05

GAMGPCG:  Solving for cellDisplacementx, Initial residual = 0, Final residual = 0, No Iterations 0
Total solver time is 0
Total solver time is 0
Total solver time is 0
GAMGPCG:  Solving for cellDisplacementy, Initial residual = 0.3053712, Final residual = 4.876478e-09, No Iterations 1
GAMGPCG:  Solving for cellDisplacementz, Initial residual = 0, Final residual = 0, No Iterations 0
volume continuity errors : volume = 4.535015, max error = 1.20771e-08, sum local = 7.15619e-15, global = 1.693969e-18
smoothSolver:  Solving for Ux, Initial residual = 0.01095339, Final residual = 9.421809e-09, No Iterations 1
smoothSolver:  Solving for Uy, Initial residual = 0.0008060117, Final residual = 1.498635e-08, No Iterations 1
smoothSolver:  Solving for Uz, Initial residual = 0.3799836, Final residual = 4.898379e-06, No Iterations 1
GPU: 1 iters: 0.09222073 s: 2.580816 GB/s
Total exec time 354.6502 Total comm time 32.35614
OGPUBICGS:  Solving for p, Initial residual = 0.07497544, Final residual = 0.0001672297, No Iterations 1
GPU: 9 iters: 0.450516 s: 4.754643 GB/s
Total exec time 355.1007 Total comm time 32.39252
OGPUBICGS:  Solving for p, Initial residual = 0.0003137679, Final residual = 9.254788e-06, No Iterations 9
time step continuity errors : sum local = 1.693678e-12, global = -1.703932e-14, cumulative = -3.431246e-09
Moving mesh time step continuity errors : sum local = 1.693678e-12, global = -1.703932e-14, cumulative = -3.431263e-09
GPU: 1 iters: 0.08905546 s: 2.672545 GB/s
Total exec time 355.1898 Total comm time 32.39887
OGPUBICGS:  Solving for p, Initial residual = 3.564383e-05, Final residual = 9.742834e-06, No Iterations 1
GPU: 432 iters: 19.67307 s: 5.226334 GB/s
Total exec time 374.8629 Total comm time 34.23186
OGPUBICGS:  Solving for p, Initial residual = 1.535914e-05, Final residual = 9.934002e-08, No Iterations 432
time step continuity errors : sum local = 1.817882e-14, global = -4.048444e-15, cumulative = -3.431267e-09
Moving mesh time step continuity errors : sum local = 1.817882e-14, global = -4.048444e-15, cumulative = -3.431271e-09
smoothSolver:  Solving for k, Initial residual = 0.0007437287, Final residual = 7.921481e-10, No Iterations 1
ExecutionTime = 482.43 s  ClockTime = 488 s

Courant Number mean: 7.680619e-05 max: 0.002846382 velocity magnitude: 0.9488626
yForce = 0.452358
Y= 5.698732e-11
Vy= 2.466257e-06
Time = 4.5e-05

GAMGPCG:  Solving for cellDisplacementx, Initial residual = 0, Final residual = 0, No Iterations 0
Total solver time is 0
Total solver time is 0
Total solver time is 0
GAMGPCG:  Solving for cellDisplacementy, Initial residual = 0.2503985, Final residual = 3.927826e-09, No Iterations 1
GAMGPCG:  Solving for cellDisplacementz, Initial residual = 0, Final residual = 0, No Iterations 0
volume continuity errors : volume = 4.535015, max error = 1.215546e-08, sum local = 7.166778e-15, global = -1.214121e-18
smoothSolver:  Solving for Ux, Initial residual = 0.009358358, Final residual = 8.063849e-09, No Iterations 1
smoothSolver:  Solving for Uy, Initial residual = 0.0006804229, Final residual = 1.243344e-08, No Iterations 1
smoothSolver:  Solving for Uz, Initial residual = 0.4082993, Final residual = 4.089769e-06, No Iterations 1
GPU: 1 iters: 0.09236349 s: 2.576827 GB/s
Total exec time 374.9552 Total comm time 34.24156
OGPUBICGS:  Solving for p, Initial residual = 0.06277184, Final residual = 0.000125818, No Iterations 1
GPU: 7 iters: 0.3648743 s: 4.566047 GB/s
Total exec time 375.3201 Total comm time 34.27664
OGPUBICGS:  Solving for p, Initial residual = 0.0002331693, Final residual = 9.502919e-06, No Iterations 7
time step continuity errors : sum local = 1.629768e-12, global = 2.951468e-15, cumulative = -3.431268e-09
Moving mesh time step continuity errors : sum local = 1.629768e-12, global = 2.951468e-15, cumulative = -3.431265e-09
GPU: 1 iters: 0.08994263 s: 2.646184 GB/s
Total exec time 375.4101 Total comm time 34.28294
OGPUBICGS:  Solving for p, Initial residual = 2.37109e-05, Final residual = 9.607273e-06, No Iterations 1
GPU: 171 iters: 7.825788 s: 5.200603 GB/s
Total exec time 383.2358 Total comm time 35.03695
OGPUBICGS:  Solving for p, Initial residual = 1.165222e-05, Final residual = 9.273828e-08, No Iterations 171
time step continuity errors : sum local = 1.590423e-14, global = -8.93043e-16, cumulative = -3.431266e-09
Moving mesh time step continuity errors : sum local = 1.590423e-14, global = -8.93043e-16, cumulative = -3.431267e-09
smoothSolver:  Solving for k, Initial residual = 0.0006256231, Final residual = 6.820645e-10, No Iterations 1
ExecutionTime = 501.96 s  ClockTime = 507 s

Courant Number mean: 7.680617e-05 max: 0.002842881 velocity magnitude: 0.9482447
yForce = -0.06306802
Y= 6.922123e-11
Vy= 2.427305e-06
Time = 5e-05

GAMGPCG:  Solving for cellDisplacementx, Initial residual = 0, Final residual = 0, No Iterations 0
Total solver time is 0
Total solver time is 0
Total solver time is 0
GAMGPCG:  Solving for cellDisplacementy, Initial residual = 0.2255764, Final residual = 3.449461e-09, No Iterations 1
GAMGPCG:  Solving for cellDisplacementz, Initial residual = 0, Final residual = 0, No Iterations 0
volume continuity errors : volume = 4.535015, max error = 1.302434e-08, sum local = 7.163844e-15, global = 1.210457e-18
smoothSolver:  Solving for Ux, Initial residual = 0.008277581, Final residual = 7.081112e-09, No Iterations 1
smoothSolver:  Solving for Uy, Initial residual = 0.0005943805, Final residual = 1.059033e-08, No Iterations 1
smoothSolver:  Solving for Uz, Initial residual = 0.1626194, Final residual = 1.738055e-06, No Iterations 1
GPU: 1 iters: 0.09023161 s: 2.637709 GB/s
Total exec time 383.3261 Total comm time 35.0456
OGPUBICGS:  Solving for p, Initial residual = 0.05636533, Final residual = 9.827747e-05, No Iterations 1
GPU: 5 iters: 0.2733908 s: 4.352831 GB/s
Total exec time 383.5995 Total comm time 35.07325
OGPUBICGS:  Solving for p, Initial residual = 0.0001822727, Final residual = 9.107673e-06, No Iterations 5
time step continuity errors : sum local = 1.473837e-12, global = 2.00805e-15, cumulative = -3.431265e-09
Moving mesh time step continuity errors : sum local = 1.473837e-12, global = 2.00805e-15, cumulative = -3.431263e-09
GPU: 0 iters: 0.04421677 s: 0 GB/s
Total exec time 383.6437 Total comm time 35.07636
OGPUBICGS:  Solving for p, Initial residual = 1.896534e-05, Final residual = 9.636588e-06, No Iterations 0
GPU: 124 iters: 5.676301 s: 5.199265 GB/s
Total exec time 389.32 Total comm time 35.61018
OGPUBICGS:  Solving for p, Initial residual = 1.065348e-05, Final residual = 9.957446e-08, No Iterations 124
time step continuity errors : sum local = 1.611309e-14, global = 1.152637e-15, cumulative = -3.431262e-09
Moving mesh time step continuity errors : sum local = 1.611309e-14, global = 1.152637e-15, cumulative = -3.431261e-09
smoothSolver:  Solving for k, Initial residual = 0.000537904, Final residual = 5.994886e-10, No Iterations 1
ExecutionTime = 519.06 s  ClockTime = 524 s

yForce = -0.08190481
Y= 8.123129e-11
Vy= 2.376721e-06
End

Finalising parallel run
