 Data for JOB [14198,1] offset 0

 ========================   JOB MAP   ========================

 Data for node: ivb112	Num slots: 10	Max slots: 0	Num procs: 10
 	Process OMPI jobid: [14198,1] App: 0 Process rank: 0
 	Process OMPI jobid: [14198,1] App: 0 Process rank: 1
 	Process OMPI jobid: [14198,1] App: 0 Process rank: 2
 	Process OMPI jobid: [14198,1] App: 0 Process rank: 3
 	Process OMPI jobid: [14198,1] App: 0 Process rank: 4
 	Process OMPI jobid: [14198,1] App: 0 Process rank: 5
 	Process OMPI jobid: [14198,1] App: 0 Process rank: 6
 	Process OMPI jobid: [14198,1] App: 0 Process rank: 7
 	Process OMPI jobid: [14198,1] App: 0 Process rank: 8
 	Process OMPI jobid: [14198,1] App: 0 Process rank: 9

 Data for node: ivb113	Num slots: 10	Max slots: 0	Num procs: 10
 	Process OMPI jobid: [14198,1] App: 0 Process rank: 10
 	Process OMPI jobid: [14198,1] App: 0 Process rank: 11
 	Process OMPI jobid: [14198,1] App: 0 Process rank: 12
 	Process OMPI jobid: [14198,1] App: 0 Process rank: 13
 	Process OMPI jobid: [14198,1] App: 0 Process rank: 14
 	Process OMPI jobid: [14198,1] App: 0 Process rank: 15
 	Process OMPI jobid: [14198,1] App: 0 Process rank: 16
 	Process OMPI jobid: [14198,1] App: 0 Process rank: 17
 	Process OMPI jobid: [14198,1] App: 0 Process rank: 18
 	Process OMPI jobid: [14198,1] App: 0 Process rank: 19

 =============================================================
[ivb112:26752] MCW rank 0 bound to socket 0[core 0[hwt 0]]: [B/././././././././.][./././././././././.]
[ivb112:26752] MCW rank 1 bound to socket 0[core 1[hwt 0]]: [./B/./././././././.][./././././././././.]
[ivb112:26752] MCW rank 2 bound to socket 0[core 2[hwt 0]]: [././B/././././././.][./././././././././.]
[ivb112:26752] MCW rank 3 bound to socket 0[core 3[hwt 0]]: [./././B/./././././.][./././././././././.]
[ivb112:26752] MCW rank 4 bound to socket 0[core 4[hwt 0]]: [././././B/././././.][./././././././././.]
[ivb112:26752] MCW rank 5 bound to socket 0[core 5[hwt 0]]: [./././././B/./././.][./././././././././.]
[ivb112:26752] MCW rank 6 bound to socket 0[core 6[hwt 0]]: [././././././B/././.][./././././././././.]
[ivb112:26752] MCW rank 7 bound to socket 0[core 7[hwt 0]]: [./././././././B/./.][./././././././././.]
[ivb112:26752] MCW rank 8 bound to socket 0[core 8[hwt 0]]: [././././././././B/.][./././././././././.]
[ivb112:26752] MCW rank 9 bound to socket 0[core 9[hwt 0]]: [./././././././././B][./././././././././.]
[ivb113:01104] MCW rank 15 bound to socket 0[core 5[hwt 0]]: [./././././B/./././.][./././././././././.]
[ivb113:01104] MCW rank 16 bound to socket 0[core 6[hwt 0]]: [././././././B/././.][./././././././././.]
[ivb113:01104] MCW rank 17 bound to socket 0[core 7[hwt 0]]: [./././././././B/./.][./././././././././.]
[ivb113:01104] MCW rank 18 bound to socket 0[core 8[hwt 0]]: [././././././././B/.][./././././././././.]
[ivb113:01104] MCW rank 19 bound to socket 0[core 9[hwt 0]]: [./././././././././B][./././././././././.]
[ivb113:01104] MCW rank 10 bound to socket 0[core 0[hwt 0]]: [B/././././././././.][./././././././././.]
[ivb113:01104] MCW rank 11 bound to socket 0[core 1[hwt 0]]: [./B/./././././././.][./././././././././.]
[ivb113:01104] MCW rank 12 bound to socket 0[core 2[hwt 0]]: [././B/././././././.][./././././././././.]
[ivb113:01104] MCW rank 13 bound to socket 0[core 3[hwt 0]]: [./././B/./././././.][./././././././././.]
[ivb113:01104] MCW rank 14 bound to socket 0[core 4[hwt 0]]: [././././B/././././.][./././././././././.]
/*---------------------------------------------------------------------------*\
| =========                 |                                                 |
| \\      /  F ield         | foam-extend: Open Source CFD                    |
|  \\    /   O peration     | Version:     3.1                                |
|   \\  /    A nd           | Web:         http://www.extend-project.de       |
|    \\/     M anipulation  |                                                 |
\*---------------------------------------------------------------------------*/
Build    : 3.1-e2da948002a2
Exec     : pimpleDyMFoam -parallel
Date     : May 25 2016
Time     : 19:05:05
Host     : ivb112
PID      : 26766
CtrlDict : /home-2/vplatonov/foam/foam-extend-3.1/etc/controlDict
Case     : /home/vplatonov/tests/3D-mesh1-of3.1
nProcs   : 20
Slaves : 
19
(
ivb112.26767
ivb112.26768
ivb112.26769
ivb112.26770
ivb112.26771
ivb112.26772
ivb112.26773
ivb112.26774
ivb112.26775
ivb113.1107
ivb113.1108
ivb113.1109
ivb113.1110
ivb113.1111
ivb113.1112
ivb113.1113
ivb113.1114
ivb113.1115
ivb113.1116
)

Pstream initialized with:
    floatTransfer     : 0
    nProcsSimpleSum   : 0
    commsType         : blocking
SigFpe   : Enabling floating point exception trapping (FOAM_SIGFPE).

// * * * * * * * * * * * * * * * * * * * * * * * * * * * * * * * * * * * * * //
Create time

Create dynamic mesh for time = 0

Selecting dynamicFvMesh dynamicMotionSolverFvMesh
Selecting motion solver: displacementLaplacian
Selecting motion diffusion: quadratic
Selecting motion diffusion: inverseDistance
Reading field p

Reading field U

Reading/calculating face flux field phi

Selecting incompressible transport model Newtonian
Selecting turbulence model type LESModel
Selecting LES turbulence model oneEqEddy
oneEqEddyCoeffs
{
    ce              1.048;
    ck              0.094;
}

Reading field rAU if present


Starting time loop

Courant Number mean: 0 max: 0.0007592825 velocity magnitude: 0.4779
Reading old state
Before setting displacements
GAMGPCG:  Solving for cellDisplacementx, Initial residual = 0, Final residual = 0, No Iterations 0
GAMGPCG:  Solving for cellDisplacementy, Initial residual = 0, Final residual = 0, No Iterations 0
GAMGPCG:  Solving for cellDisplacementz, Initial residual = 0, Final residual = 0, No Iterations 0
Time = 5e-06

GAMGPCG:  Solving for cellDisplacementx, Initial residual = 0, Final residual = 0, No Iterations 0
GAMGPCG:  Solving for cellDisplacementy, Initial residual = 0, Final residual = 0, No Iterations 0
GAMGPCG:  Solving for cellDisplacementz, Initial residual = 0, Final residual = 0, No Iterations 0
volume continuity errors : volume = 4.535015, max error = 0, sum local = 0, global = 0
smoothSolver:  Solving for Ux, Initial residual = 1, Final residual = 3.401989e-08, No Iterations 1
smoothSolver:  Solving for Uy, Initial residual = 1, Final residual = 5.478902e-08, No Iterations 1
smoothSolver:  Solving for Uz, Initial residual = 0.9999962, Final residual = 3.81628e-08, No Iterations 1
Total solver time is 13
amgSolver:  Solving for p, Initial residual = 1, Final residual = nan, No Iterations 20
Total solver time is 13
amgSolver:  Solving for p, Initial residual = nan, Final residual = nan, No Iterations 20
time step continuity errors : sum local = nan, global = nan, cumulative = nan
Moving mesh time step continuity errors : sum local = nan, global = nan, cumulative = nan
Total solver time is 13
amgSolver:  Solving for p, Initial residual = nan, Final residual = nan, No Iterations 20
Total solver time is 13
amgSolver:  Solving for p, Initial residual = nan, Final residual = nan, No Iterations 20
time step continuity errors : sum local = nan, global = nan, cumulative = nan
Moving mesh time step continuity errors : sum local = nan, global = nan, cumulative = nan
smoothSolver:  Solving for k, Initial residual = nan, Final residual = nan, No Iterations 1000
ExecutionTime = 164.53 s  ClockTime = 168 s

Courant Number mean: nan max: nan velocity magnitude: nan
yForce = nan
Y= nan
Vy= nan
Time = 1e-05

GAMGPCG:  Solving for cellDisplacementx, Initial residual = 0, Final residual = 0, No Iterations 0
Total solver time is 0
Total solver time is 0
Total solver time is 0
GAMGPCG:  Solving for cellDisplacementy:  solution singularity
GAMGPCG:  Solving for cellDisplacementz, Initial residual = 0, Final residual = 0, No Iterations 0
volume continuity errors : volume = nan, max error = 0, sum local = nan, global = nan
smoothSolver:  Solving for Ux, Initial residual = nan, Final residual = nan, No Iterations 1000
smoothSolver:  Solving for Uy, Initial residual = nan, Final residual = nan, No Iterations 1000
smoothSolver:  Solving for Uz, Initial residual = nan, Final residual = nan, No Iterations 1000
Fine level direct solution
Fine level direct solution
Fine level direct solution
Fine level direct solution
Fine level direct solution
Fine level direct solution
Fine level direct solution
Fine level direct solution
Fine level direct solution
Fine level direct solution
Fine level direct solution
Fine level direct solution
Fine level direct solution
Fine level direct solution
Fine level direct solution
Fine level direct solution
Fine level direct solution
Fine level direct solution
Fine level direct solution
Fine level direct solution
Total solver time is 3
amgSolver:  Solving for p, Initial residual = nan, Final residual = nan, No Iterations 20
Fine level direct solution
Fine level direct solution
Fine level direct solution
Fine level direct solution
Fine level direct solution
Fine level direct solution
Fine level direct solution
Fine level direct solution
Fine level direct solution
Fine level direct solution
Fine level direct solution
Fine level direct solution
Fine level direct solution
Fine level direct solution
Fine level direct solution
Fine level direct solution
Fine level direct solution
Fine level direct solution
Fine level direct solution
Fine level direct solution
Total solver time is 3
amgSolver:  Solving for p, Initial residual = nan, Final residual = nan, No Iterations 20
time step continuity errors : sum local = nan, global = nan, cumulative = nan
Moving mesh time step continuity errors : sum local = nan, global = nan, cumulative = nan
Fine level direct solution
Fine level direct solution
Fine level direct solution
Fine level direct solution
Fine level direct solution
Fine level direct solution
Fine level direct solution
Fine level direct solution
Fine level direct solution
Fine level direct solution
Fine level direct solution
Fine level direct solution
Fine level direct solution
Fine level direct solution
Fine level direct solution
Fine level direct solution
Fine level direct solution
Fine level direct solution
Fine level direct solution
Fine level direct solution
Total solver time is 3
amgSolver:  Solving for p, Initial residual = nan, Final residual = nan, No Iterations 20
Fine level direct solution
Fine level direct solution
Fine level direct solution
Fine level direct solution
Fine level direct solution
Fine level direct solution
Fine level direct solution
Fine level direct solution
Fine level direct solution
Fine level direct solution
Fine level direct solution
Fine level direct solution
Fine level direct solution
Fine level direct solution
Fine level direct solution
Fine level direct solution
Fine level direct solution
Fine level direct solution
Fine level direct solution
Fine level direct solution
Total solver time is 3
amgSolver:  Solving for p, Initial residual = nan, Final residual = nan, No Iterations 20
time step continuity errors : sum local = nan, global = nan, cumulative = nan
Moving mesh time step continuity errors : sum local = nan, global = nan, cumulative = nan
smoothSolver:  Solving for k, Initial residual = nan, Final residual = nan, No Iterations 1000
ExecutionTime = 526.89 s  ClockTime = 531 s

Courant Number mean: nan max: nan velocity magnitude: nan
yForce = nan
Y= nan
Vy= nan
Time = 1.5e-05

slurmstepd: *** JOB 7839 ON ivb112 CANCELLED AT 2016-05-25T19:35:28 DUE TO TIME LIMIT ***
