 Data for JOB [19121,1] offset 0

 ========================   JOB MAP   ========================

 Data for node: ivb112	Num slots: 20	Max slots: 0	Num procs: 20
 	Process OMPI jobid: [19121,1] App: 0 Process rank: 0
 	Process OMPI jobid: [19121,1] App: 0 Process rank: 1
 	Process OMPI jobid: [19121,1] App: 0 Process rank: 2
 	Process OMPI jobid: [19121,1] App: 0 Process rank: 3
 	Process OMPI jobid: [19121,1] App: 0 Process rank: 4
 	Process OMPI jobid: [19121,1] App: 0 Process rank: 5
 	Process OMPI jobid: [19121,1] App: 0 Process rank: 6
 	Process OMPI jobid: [19121,1] App: 0 Process rank: 7
 	Process OMPI jobid: [19121,1] App: 0 Process rank: 8
 	Process OMPI jobid: [19121,1] App: 0 Process rank: 9
 	Process OMPI jobid: [19121,1] App: 0 Process rank: 10
 	Process OMPI jobid: [19121,1] App: 0 Process rank: 11
 	Process OMPI jobid: [19121,1] App: 0 Process rank: 12
 	Process OMPI jobid: [19121,1] App: 0 Process rank: 13
 	Process OMPI jobid: [19121,1] App: 0 Process rank: 14
 	Process OMPI jobid: [19121,1] App: 0 Process rank: 15
 	Process OMPI jobid: [19121,1] App: 0 Process rank: 16
 	Process OMPI jobid: [19121,1] App: 0 Process rank: 17
 	Process OMPI jobid: [19121,1] App: 0 Process rank: 18
 	Process OMPI jobid: [19121,1] App: 0 Process rank: 19

 Data for node: ivb113	Num slots: 20	Max slots: 0	Num procs: 20
 	Process OMPI jobid: [19121,1] App: 0 Process rank: 20
 	Process OMPI jobid: [19121,1] App: 0 Process rank: 21
 	Process OMPI jobid: [19121,1] App: 0 Process rank: 22
 	Process OMPI jobid: [19121,1] App: 0 Process rank: 23
 	Process OMPI jobid: [19121,1] App: 0 Process rank: 24
 	Process OMPI jobid: [19121,1] App: 0 Process rank: 25
 	Process OMPI jobid: [19121,1] App: 0 Process rank: 26
 	Process OMPI jobid: [19121,1] App: 0 Process rank: 27
 	Process OMPI jobid: [19121,1] App: 0 Process rank: 28
 	Process OMPI jobid: [19121,1] App: 0 Process rank: 29
 	Process OMPI jobid: [19121,1] App: 0 Process rank: 30
 	Process OMPI jobid: [19121,1] App: 0 Process rank: 31
 	Process OMPI jobid: [19121,1] App: 0 Process rank: 32
 	Process OMPI jobid: [19121,1] App: 0 Process rank: 33
 	Process OMPI jobid: [19121,1] App: 0 Process rank: 34
 	Process OMPI jobid: [19121,1] App: 0 Process rank: 35
 	Process OMPI jobid: [19121,1] App: 0 Process rank: 36
 	Process OMPI jobid: [19121,1] App: 0 Process rank: 37
 	Process OMPI jobid: [19121,1] App: 0 Process rank: 38
 	Process OMPI jobid: [19121,1] App: 0 Process rank: 39

 =============================================================
[ivb112:05447] MCW rank 16 bound to socket 1[core 16[hwt 0]]: [./././././././././.][././././././B/././.]
[ivb112:05447] MCW rank 17 bound to socket 1[core 17[hwt 0]]: [./././././././././.][./././././././B/./.]
[ivb112:05447] MCW rank 18 bound to socket 1[core 18[hwt 0]]: [./././././././././.][././././././././B/.]
[ivb112:05447] MCW rank 19 bound to socket 1[core 19[hwt 0]]: [./././././././././.][./././././././././B]
[ivb112:05447] MCW rank 0 bound to socket 0[core 0[hwt 0]]: [B/././././././././.][./././././././././.]
[ivb112:05447] MCW rank 1 bound to socket 0[core 1[hwt 0]]: [./B/./././././././.][./././././././././.]
[ivb112:05447] MCW rank 2 bound to socket 0[core 2[hwt 0]]: [././B/././././././.][./././././././././.]
[ivb112:05447] MCW rank 3 bound to socket 0[core 3[hwt 0]]: [./././B/./././././.][./././././././././.]
[ivb112:05447] MCW rank 4 bound to socket 0[core 4[hwt 0]]: [././././B/././././.][./././././././././.]
[ivb112:05447] MCW rank 5 bound to socket 0[core 5[hwt 0]]: [./././././B/./././.][./././././././././.]
[ivb112:05447] MCW rank 6 bound to socket 0[core 6[hwt 0]]: [././././././B/././.][./././././././././.]
[ivb112:05447] MCW rank 7 bound to socket 0[core 7[hwt 0]]: [./././././././B/./.][./././././././././.]
[ivb112:05447] MCW rank 8 bound to socket 0[core 8[hwt 0]]: [././././././././B/.][./././././././././.]
[ivb112:05447] MCW rank 9 bound to socket 0[core 9[hwt 0]]: [./././././././././B][./././././././././.]
[ivb112:05447] MCW rank 10 bound to socket 1[core 10[hwt 0]]: [./././././././././.][B/././././././././.]
[ivb112:05447] MCW rank 11 bound to socket 1[core 11[hwt 0]]: [./././././././././.][./B/./././././././.]
[ivb112:05447] MCW rank 12 bound to socket 1[core 12[hwt 0]]: [./././././././././.][././B/././././././.]
[ivb112:05447] MCW rank 13 bound to socket 1[core 13[hwt 0]]: [./././././././././.][./././B/./././././.]
[ivb112:05447] MCW rank 14 bound to socket 1[core 14[hwt 0]]: [./././././././././.][././././B/././././.]
[ivb112:05447] MCW rank 15 bound to socket 1[core 15[hwt 0]]: [./././././././././.][./././././B/./././.]
[ivb113:16859] MCW rank 33 bound to socket 1[core 13[hwt 0]]: [./././././././././.][./././B/./././././.]
[ivb113:16859] MCW rank 34 bound to socket 1[core 14[hwt 0]]: [./././././././././.][././././B/././././.]
[ivb113:16859] MCW rank 35 bound to socket 1[core 15[hwt 0]]: [./././././././././.][./././././B/./././.]
[ivb113:16859] MCW rank 36 bound to socket 1[core 16[hwt 0]]: [./././././././././.][././././././B/././.]
[ivb113:16859] MCW rank 37 bound to socket 1[core 17[hwt 0]]: [./././././././././.][./././././././B/./.]
[ivb113:16859] MCW rank 38 bound to socket 1[core 18[hwt 0]]: [./././././././././.][././././././././B/.]
[ivb113:16859] MCW rank 39 bound to socket 1[core 19[hwt 0]]: [./././././././././.][./././././././././B]
[ivb113:16859] MCW rank 20 bound to socket 0[core 0[hwt 0]]: [B/././././././././.][./././././././././.]
[ivb113:16859] MCW rank 21 bound to socket 0[core 1[hwt 0]]: [./B/./././././././.][./././././././././.]
[ivb113:16859] MCW rank 22 bound to socket 0[core 2[hwt 0]]: [././B/././././././.][./././././././././.]
[ivb113:16859] MCW rank 23 bound to socket 0[core 3[hwt 0]]: [./././B/./././././.][./././././././././.]
[ivb113:16859] MCW rank 24 bound to socket 0[core 4[hwt 0]]: [././././B/././././.][./././././././././.]
[ivb113:16859] MCW rank 25 bound to socket 0[core 5[hwt 0]]: [./././././B/./././.][./././././././././.]
[ivb113:16859] MCW rank 26 bound to socket 0[core 6[hwt 0]]: [././././././B/././.][./././././././././.]
[ivb113:16859] MCW rank 27 bound to socket 0[core 7[hwt 0]]: [./././././././B/./.][./././././././././.]
[ivb113:16859] MCW rank 28 bound to socket 0[core 8[hwt 0]]: [././././././././B/.][./././././././././.]
[ivb113:16859] MCW rank 29 bound to socket 0[core 9[hwt 0]]: [./././././././././B][./././././././././.]
[ivb113:16859] MCW rank 30 bound to socket 1[core 10[hwt 0]]: [./././././././././.][B/././././././././.]
[ivb113:16859] MCW rank 31 bound to socket 1[core 11[hwt 0]]: [./././././././././.][./B/./././././././.]
[ivb113:16859] MCW rank 32 bound to socket 1[core 12[hwt 0]]: [./././././././././.][././B/././././././.]
/*---------------------------------------------------------------------------*\
| =========                 |                                                 |
| \\      /  F ield         | foam-extend: Open Source CFD                    |
|  \\    /   O peration     | Version:     3.1                                |
|   \\  /    A nd           | Web:         http://www.extend-project.de       |
|    \\/     M anipulation  |                                                 |
\*---------------------------------------------------------------------------*/
Build    : 3.1-e2da948002a2
Exec     : pimpleDyMFoam -parallel
Date     : May 26 2016
Time     : 03:31:00
Host     : ivb112
PID      : 5456
CtrlDict : /home-2/vplatonov/foam/foam-extend-3.1/etc/controlDict
Case     : /home/vplatonov/tests/3D-mesh1-of3.1
nProcs   : 40
Slaves : 
39
(
ivb112.5457
ivb112.5458
ivb112.5459
ivb112.5460
ivb112.5461
ivb112.5462
ivb112.5463
ivb112.5464
ivb112.5465
ivb112.5466
ivb112.5467
ivb112.5468
ivb112.5469
ivb112.5470
ivb112.5471
ivb112.5472
ivb112.5473
ivb112.5474
ivb112.5494
ivb113.16862
ivb113.16863
ivb113.16864
ivb113.16865
ivb113.16866
ivb113.16867
ivb113.16868
ivb113.16869
ivb113.16870
ivb113.16871
ivb113.16872
ivb113.16873
ivb113.16874
ivb113.16875
ivb113.16876
ivb113.16877
ivb113.16878
ivb113.16879
ivb113.16880
ivb113.16881
)

Pstream initialized with:
    floatTransfer     : 0
    nProcsSimpleSum   : 0
    commsType         : blocking
SigFpe   : Enabling floating point exception trapping (FOAM_SIGFPE).

// * * * * * * * * * * * * * * * * * * * * * * * * * * * * * * * * * * * * * //
Create time

Create dynamic mesh for time = 0

Selecting dynamicFvMesh dynamicMotionSolverFvMesh
Selecting motion solver: displacementLaplacian
Selecting motion diffusion: quadratic
Selecting motion diffusion: inverseDistance
Reading field p

Reading field U

Reading/calculating face flux field phi

Selecting incompressible transport model Newtonian
Selecting turbulence model type LESModel
Selecting LES turbulence model oneEqEddy
oneEqEddyCoeffs
{
    ce              1.048;
    ck              0.094;
}

Reading field rAU if present


Starting time loop

Courant Number mean: 0 max: 0.0007592825 velocity magnitude: 0.4779
Reading old state
Before setting displacements
GAMGPCG:  Solving for cellDisplacementx, Initial residual = 0, Final residual = 0, No Iterations 0
GAMGPCG:  Solving for cellDisplacementy, Initial residual = 0, Final residual = 0, No Iterations 0
GAMGPCG:  Solving for cellDisplacementz, Initial residual = 0, Final residual = 0, No Iterations 0
Time = 5e-06

GAMGPCG:  Solving for cellDisplacementx, Initial residual = 0, Final residual = 0, No Iterations 0
GAMGPCG:  Solving for cellDisplacementy, Initial residual = 0, Final residual = 0, No Iterations 0
GAMGPCG:  Solving for cellDisplacementz, Initial residual = 0, Final residual = 0, No Iterations 0
volume continuity errors : volume = 4.535015, max error = 0, sum local = 0, global = 0
smoothSolver:  Solving for Ux, Initial residual = 1, Final residual = 4.461348e-08, No Iterations 1
smoothSolver:  Solving for Uy, Initial residual = 1, Final residual = 6.548848e-08, No Iterations 1
smoothSolver:  Solving for Uz, Initial residual = 0.9999962, Final residual = 5.478249e-08, No Iterations 1
Total solver time is 8
amgSolver:  Solving for p, Initial residual = 1, Final residual = nan, No Iterations 20
Total solver time is 7
amgSolver:  Solving for p, Initial residual = nan, Final residual = nan, No Iterations 20
time step continuity errors : sum local = nan, global = nan, cumulative = nan
Moving mesh time step continuity errors : sum local = nan, global = nan, cumulative = nan
Total solver time is 7
amgSolver:  Solving for p, Initial residual = nan, Final residual = nan, No Iterations 20
Total solver time is 7
amgSolver:  Solving for p, Initial residual = nan, Final residual = nan, No Iterations 20
time step continuity errors : sum local = nan, global = nan, cumulative = nan
Moving mesh time step continuity errors : sum local = nan, global = nan, cumulative = nan
smoothSolver:  Solving for k, Initial residual = nan, Final residual = nan, No Iterations 1000
ExecutionTime = 89.68 s  ClockTime = 94 s

Courant Number mean: nan max: nan velocity magnitude: nan
yForce = nan
Y= nan
Vy= nan
Time = 1e-05

GAMGPCG:  Solving for cellDisplacementx, Initial residual = 0, Final residual = 0, No Iterations 0
Total solver time is 0
Total solver time is 0
Total solver time is 0
GAMGPCG:  Solving for cellDisplacementy:  solution singularity
GAMGPCG:  Solving for cellDisplacementz, Initial residual = 0, Final residual = 0, No Iterations 0
volume continuity errors : volume = nan, max error = 0, sum local = nan, global = nan
smoothSolver:  Solving for Ux, Initial residual = nan, Final residual = nan, No Iterations 1000
smoothSolver:  Solving for Uy, Initial residual = nan, Final residual = nan, No Iterations 1000
smoothSolver:  Solving for Uz, Initial residual = nan, Final residual = nan, No Iterations 1000
Fine level direct solution
Fine level direct solution
Fine level direct solution
Fine level direct solution
Fine level direct solution
Fine level direct solution
Fine level direct solution
Fine level direct solution
Fine level direct solution
Fine level direct solution
Fine level direct solution
Fine level direct solution
Fine level direct solution
Fine level direct solution
Fine level direct solution
Fine level direct solution
Fine level direct solution
Fine level direct solution
Fine level direct solution
Fine level direct solution
Total solver time is 1
amgSolver:  Solving for p, Initial residual = nan, Final residual = nan, No Iterations 20
Fine level direct solution
Fine level direct solution
Fine level direct solution
Fine level direct solution
Fine level direct solution
Fine level direct solution
Fine level direct solution
Fine level direct solution
Fine level direct solution
Fine level direct solution
Fine level direct solution
Fine level direct solution
Fine level direct solution
Fine level direct solution
Fine level direct solution
Fine level direct solution
Fine level direct solution
Fine level direct solution
Fine level direct solution
Fine level direct solution
Total solver time is 1
amgSolver:  Solving for p, Initial residual = nan, Final residual = nan, No Iterations 20
time step continuity errors : sum local = nan, global = nan, cumulative = nan
Moving mesh time step continuity errors : sum local = nan, global = nan, cumulative = nan
Fine level direct solution
Fine level direct solution
Fine level direct solution
Fine level direct solution
Fine level direct solution
Fine level direct solution
Fine level direct solution
Fine level direct solution
Fine level direct solution
Fine level direct solution
Fine level direct solution
Fine level direct solution
Fine level direct solution
Fine level direct solution
Fine level direct solution
Fine level direct solution
Fine level direct solution
Fine level direct solution
Fine level direct solution
Fine level direct solution
Total solver time is 1
amgSolver:  Solving for p, Initial residual = nan, Final residual = nan, No Iterations 20
Fine level direct solution
Fine level direct solution
Fine level direct solution
Fine level direct solution
Fine level direct solution
Fine level direct solution
Fine level direct solution
Fine level direct solution
Fine level direct solution
Fine level direct solution
Fine level direct solution
Fine level direct solution
Fine level direct solution
Fine level direct solution
Fine level direct solution
Fine level direct solution
Fine level direct solution
Fine level direct solution
Fine level direct solution
Fine level direct solution
Total solver time is 1
amgSolver:  Solving for p, Initial residual = nan, Final residual = nan, No Iterations 20
time step continuity errors : sum local = nan, global = nan, cumulative = nan
Moving mesh time step continuity errors : sum local = nan, global = nan, cumulative = nan
smoothSolver:  Solving for k, Initial residual = nan, Final residual = nan, No Iterations 1000
ExecutionTime = 286.33 s  ClockTime = 291 s

Courant Number mean: nan max: nan velocity magnitude: nan
yForce = nan
Y= nan
Vy= nan
Time = 1.5e-05

slurmstepd: *** JOB 7963 ON ivb112 CANCELLED AT 2016-05-26T04:01:00 DUE TO TIME LIMIT ***
