 Data for JOB [51889,1] offset 0

 ========================   JOB MAP   ========================

 Data for node: ivb106	Num slots: 12	Max slots: 0	Num procs: 12
 	Process OMPI jobid: [51889,1] App: 0 Process rank: 0
 	Process OMPI jobid: [51889,1] App: 0 Process rank: 1
 	Process OMPI jobid: [51889,1] App: 0 Process rank: 2
 	Process OMPI jobid: [51889,1] App: 0 Process rank: 3
 	Process OMPI jobid: [51889,1] App: 0 Process rank: 4
 	Process OMPI jobid: [51889,1] App: 0 Process rank: 5
 	Process OMPI jobid: [51889,1] App: 0 Process rank: 6
 	Process OMPI jobid: [51889,1] App: 0 Process rank: 7
 	Process OMPI jobid: [51889,1] App: 0 Process rank: 8
 	Process OMPI jobid: [51889,1] App: 0 Process rank: 9
 	Process OMPI jobid: [51889,1] App: 0 Process rank: 10
 	Process OMPI jobid: [51889,1] App: 0 Process rank: 11

 =============================================================
[ivb106:16675] MCW rank 1 bound to socket 0[core 1[hwt 0]]: [./B/./././././././.][./././././././././.]
[ivb106:16675] MCW rank 2 bound to socket 0[core 2[hwt 0]]: [././B/././././././.][./././././././././.]
[ivb106:16675] MCW rank 3 bound to socket 0[core 3[hwt 0]]: [./././B/./././././.][./././././././././.]
[ivb106:16675] MCW rank 4 bound to socket 0[core 4[hwt 0]]: [././././B/././././.][./././././././././.]
[ivb106:16675] MCW rank 5 bound to socket 0[core 5[hwt 0]]: [./././././B/./././.][./././././././././.]
[ivb106:16675] MCW rank 6 bound to socket 0[core 6[hwt 0]]: [././././././B/././.][./././././././././.]
[ivb106:16675] MCW rank 7 bound to socket 0[core 7[hwt 0]]: [./././././././B/./.][./././././././././.]
[ivb106:16675] MCW rank 8 bound to socket 0[core 8[hwt 0]]: [././././././././B/.][./././././././././.]
[ivb106:16675] MCW rank 9 bound to socket 0[core 9[hwt 0]]: [./././././././././B][./././././././././.]
[ivb106:16675] MCW rank 10 bound to socket 1[core 10[hwt 0]]: [./././././././././.][B/././././././././.]
[ivb106:16675] MCW rank 11 bound to socket 1[core 11[hwt 0]]: [./././././././././.][./B/./././././././.]
[ivb106:16675] MCW rank 0 bound to socket 0[core 0[hwt 0]]: [B/././././././././.][./././././././././.]
/*---------------------------------------------------------------------------*\
| =========                 |                                                 |
| \\      /  F ield         | foam-extend: Open Source CFD                    |
|  \\    /   O peration     | Version:     3.1                                |
|   \\  /    A nd           | Web:         http://www.extend-project.de       |
|    \\/     M anipulation  |                                                 |
\*---------------------------------------------------------------------------*/
Build    : 3.1-e2da948002a2
Exec     : interFoam -parallel
Date     : May 18 2016
Time     : 13:06:23
Host     : ivb106
PID      : 16748
CtrlDict : /home-2/vplatonov/foam/foam-extend-3.1/etc/controlDict
Case     : /home/vplatonov/tests/rt12mln
nProcs   : 12
Slaves : 
11
(
ivb106.16770
ivb106.16747
ivb106.16752
ivb106.16760
ivb106.16764
ivb106.16755
ivb106.16773
ivb106.16776
ivb106.16767
ivb106.16779
ivb106.16781
)

Pstream initialized with:
    floatTransfer     : 0
    nProcsSimpleSum   : 0
    commsType         : blocking
SigFpe   : Enabling floating point exception trapping (FOAM_SIGFPE).

// * * * * * * * * * * * * * * * * * * * * * * * * * * * * * * * * * * * * * //
Create time

Create mesh for time = 0


Reading g
Reading field pd

Reading field alpha1

Reading field U

Reading/calculating face flux field phi

Reading transportProperties

Selecting incompressible transport model Newtonian
Selecting incompressible transport model Newtonian
Calculating field g.h

Selecting turbulence model type laminar
time step continuity errors : sum local = 0, global = 0, cumulative = 0
Created persistent data with name pcorr
OGPUBICGS:  Solving for pcorr, Initial residual = 0, Final residual = 0, No Iterations 0
time step continuity errors : sum local = 0, global = 0, cumulative = 0
Courant Number mean: 0 max: 0 velocity magnitude: 0

Starting time loop

Courant Number mean: 0 max: 0 velocity magnitude: 0
Time = 0.001

MULES: Solving for alpha1
Liquid phase volume fraction = 0.00275421  Min(alpha1) = 0  Max(alpha1) = 1
MULES: Solving for alpha1
Liquid phase volume fraction = 0.00275421  Min(alpha1) = 0  Max(alpha1) = 1
Created persistent data with name pd
Computing AINV with droptol 0.02
GPU: 1 iters: 0.054601 s: 8.14888 GB/s
Total exec time 0.054601 Total comm time 0.00258547
OGPUBICGS:  Solving for pd, Initial residual = 1, Final residual = 0.0491214, No Iterations 1
Computing AINV with droptol 0.02
GPU: 26 iters: 0.612653 s: 18.8824 GB/s
Total exec time 0.667254 Total comm time 0.0537109
OGPUBICGS:  Solving for pd, Initial residual = 0.033386, Final residual = 0.00155018, No Iterations 26
GPU: 638 iters: 14.2236 s: 19.9576 GB/s
Total exec time 14.8909 Total comm time 1.1984
OGPUBICGS:  Solving for pd, Initial residual = 0.01293, Final residual = 5.07718e-08, No Iterations 638
time step continuity errors : sum local = 5.65181e-12, global = -4.32636e-24, cumulative = -4.32636e-24
ExecutionTime = 64.96 s  ClockTime = 85 s

Courant Number mean: 4.8311e-06 max: 0.00215177 velocity magnitude: 0.0336214
Time = 0.002

MULES: Solving for alpha1
Liquid phase volume fraction = 0.00275421  Min(alpha1) = 0  Max(alpha1) = 1
MULES: Solving for alpha1
Liquid phase volume fraction = 0.00275421  Min(alpha1) = 0  Max(alpha1) = 1
GPU: 473 iters: 10.5611 s: 19.9273 GB/s
Total exec time 25.452 Total comm time 2.02199
OGPUBICGS:  Solving for pd, Initial residual = 0.00502794, Final residual = 0.000238236, No Iterations 473
GPU: 507 iters: 11.3084 s: 19.9482 GB/s
Total exec time 36.7605 Total comm time 2.90235
OGPUBICGS:  Solving for pd, Initial residual = 0.00391981, Final residual = 0.000172337, No Iterations 507
GPU: 657 iters: 14.6399 s: 19.9676 GB/s
Total exec time 51.4004 Total comm time 4.07182
OGPUBICGS:  Solving for pd, Initial residual = 0.0034173, Final residual = 9.88687e-08, No Iterations 657
time step continuity errors : sum local = 4.11138e-08, global = -4.11124e-08, cumulative = -4.11124e-08
ExecutionTime = 115.2 s  ClockTime = 137 s

Courant Number mean: 1.35184e-05 max: 0.219832 velocity magnitude: 1.71744
Time = 0.003

MULES: Solving for alpha1
Liquid phase volume fraction = 0.00275424  Min(alpha1) = -2.43127e-30  Max(alpha1) = 1
MULES: Solving for alpha1
Liquid phase volume fraction = 0.00275426  Min(alpha1) = -1.86999e-30  Max(alpha1) = 1
GPU: 538 iters: 11.9715 s: 19.9955 GB/s
Total exec time 63.3719 Total comm time 4.98071
OGPUBICGS:  Solving for pd, Initial residual = 0.00739539, Final residual = 0.000305035, No Iterations 538
GPU: 484 iters: 10.7829 s: 19.9714 GB/s
Total exec time 74.1548 Total comm time 5.83219
OGPUBICGS:  Solving for pd, Initial residual = 0.00506548, Final residual = 0.000202869, No Iterations 484
GPU: 669 iters: 14.918 s: 19.9533 GB/s
Total exec time 89.0728 Total comm time 6.99895
OGPUBICGS:  Solving for pd, Initial residual = 0.00506441, Final residual = 9.36442e-08, No Iterations 669
time step continuity errors : sum local = 2.22676e-08, global = -2.22604e-08, cumulative = -6.33728e-08
ExecutionTime = 166.57 s  ClockTime = 189 s

Courant Number mean: 1.63245e-05 max: 0.132851 velocity magnitude: 1.0379
Time = 0.004

MULES: Solving for alpha1
Liquid phase volume fraction = 0.00275427  Min(alpha1) = -8.59109e-30  Max(alpha1) = 1
MULES: Solving for alpha1
Liquid phase volume fraction = 0.00275428  Min(alpha1) = -9.1072e-30  Max(alpha1) = 1
GPU: 510 iters: 11.3638 s: 19.9684 GB/s
Total exec time 100.437 Total comm time 7.8817
OGPUBICGS:  Solving for pd, Initial residual = 0.00849361, Final residual = 0.000382602, No Iterations 510
GPU: 262 iters: 5.86418 s: 19.8789 GB/s
Total exec time 106.301 Total comm time 8.35043
OGPUBICGS:  Solving for pd, Initial residual = 0.00716457, Final residual = 0.000355102, No Iterations 262
GPU: 651 iters: 14.5193 s: 19.9496 GB/s
Total exec time 120.82 Total comm time 9.5031
OGPUBICGS:  Solving for pd, Initial residual = 0.00678375, Final residual = 9.70372e-08, No Iterations 651
time step continuity errors : sum local = 1.05161e-08, global = -1.05123e-08, cumulative = -7.38851e-08
ExecutionTime = 212.55 s  ClockTime = 237 s

Courant Number mean: 2.02914e-05 max: 0.0755245 velocity magnitude: 0.590035
Time = 0.005

MULES: Solving for alpha1
Liquid phase volume fraction = 0.00275429  Min(alpha1) = -1.65611e-29  Max(alpha1) = 1
MULES: Solving for alpha1
Liquid phase volume fraction = 0.00275429  Min(alpha1) = -1.53307e-29  Max(alpha1) = 1
GPU: 587 iters: 13.0808 s: 19.9666 GB/s
Total exec time 133.901 Total comm time 10.527
OGPUBICGS:  Solving for pd, Initial residual = 0.00668687, Final residual = 0.000101562, No Iterations 587
GPU: 49 iters: 1.11057 s: 19.6313 GB/s
Total exec time 135.011 Total comm time 10.6119
OGPUBICGS:  Solving for pd, Initial residual = 0.00557589, Final residual = 0.000264586, No Iterations 49
GPU: 668 iters: 14.8819 s: 19.9717 GB/s
Total exec time 149.893 Total comm time 11.7299
OGPUBICGS:  Solving for pd, Initial residual = 0.00558672, Final residual = 5.86049e-08, No Iterations 668
time step continuity errors : sum local = 2.47964e-09, global = -2.47659e-09, cumulative = -7.63617e-08
ExecutionTime = 256.07 s  ClockTime = 281 s

Courant Number mean: 2.44058e-05 max: 0.0265748 velocity magnitude: 0.274711
Time = 0.006

MULES: Solving for alpha1
Liquid phase volume fraction = 0.00275429  Min(alpha1) = -2.17279e-29  Max(alpha1) = 1
MULES: Solving for alpha1
Liquid phase volume fraction = 0.00275429  Min(alpha1) = -3.40322e-29  Max(alpha1) = 1
GPU: 536 iters: 11.9517 s: 19.9542 GB/s
Total exec time 161.845 Total comm time 12.6641
OGPUBICGS:  Solving for pd, Initial residual = 0.00740877, Final residual = 0.000166288, No Iterations 536
GPU: 500 iters: 11.1259 s: 19.9956 GB/s
Total exec time 172.971 Total comm time 13.5223
OGPUBICGS:  Solving for pd, Initial residual = 0.00525845, Final residual = 0.000246582, No Iterations 500
GPU: 623 iters: 13.9462 s: 19.8761 GB/s
Total exec time 186.917 Total comm time 14.6416
OGPUBICGS:  Solving for pd, Initial residual = 0.00536966, Final residual = 6.11315e-08, No Iterations 623
time step continuity errors : sum local = 1.31107e-11, global = 9.20057e-12, cumulative = -7.63525e-08
ExecutionTime = 307.41 s  ClockTime = 334 s

Courant Number mean: 2.9331e-05 max: 0.0286505 velocity magnitude: 0.223832
Time = 0.007

MULES: Solving for alpha1
Liquid phase volume fraction = 0.00275429  Min(alpha1) = -5.04867e-29  Max(alpha1) = 1
MULES: Solving for alpha1
Liquid phase volume fraction = 0.00275429  Min(alpha1) = -5.30355e-29  Max(alpha1) = 1
GPU: 489 iters: 10.9842 s: 19.8079 GB/s
Total exec time 197.901 Total comm time 15.5456
OGPUBICGS:  Solving for pd, Initial residual = 0.00710018, Final residual = 0.000349411, No Iterations 489
GPU: 55 iters: 1.264 s: 19.3605 GB/s
Total exec time 199.165 Total comm time 15.6549
OGPUBICGS:  Solving for pd, Initial residual = 0.00463478, Final residual = 0.000228675, No Iterations 55
GPU: 595 iters: 13.166 s: 20.1077 GB/s
Total exec time 212.331 Total comm time 16.5837
OGPUBICGS:  Solving for pd, Initial residual = 0.00417787, Final residual = 6.93131e-08, No Iterations 595
time step continuity errors : sum local = 1.42601e-10, global = 1.40975e-10, cumulative = -7.62115e-08
ExecutionTime = 347.58 s  ClockTime = 375 s

Courant Number mean: 3.44276e-05 max: 0.0115997 velocity magnitude: 0.13026
Time = 0.008

MULES: Solving for alpha1
Liquid phase volume fraction = 0.00275429  Min(alpha1) = -6.44931e-29  Max(alpha1) = 1
MULES: Solving for alpha1
Liquid phase volume fraction = 0.00275429  Min(alpha1) = -4.06379e-29  Max(alpha1) = 1
GPU: 506 iters: 11.2532 s: 20.0065 GB/s
Total exec time 223.585 Total comm time 17.5456
OGPUBICGS:  Solving for pd, Initial residual = 0.00755898, Final residual = 0.000374065, No Iterations 506
Computing AINV with droptol 0.02
GPU: 468 iters: 10.4618 s: 19.9039 GB/s
Total exec time 234.046 Total comm time 18.3839
OGPUBICGS:  Solving for pd, Initial residual = 0.00460915, Final residual = 0.000207862, No Iterations 468
GPU: 629 iters: 14.0539 s: 19.9137 GB/s
Total exec time 248.1 Total comm time 19.5208
OGPUBICGS:  Solving for pd, Initial residual = 0.00433397, Final residual = 9.7805e-08, No Iterations 629
time step continuity errors : sum local = 1.59709e-10, global = 1.56252e-10, cumulative = -7.60553e-08
ExecutionTime = 397.86 s  ClockTime = 427 s

Courant Number mean: 3.95453e-05 max: 0.00902672 velocity magnitude: 0.14018
Time = 0.009

MULES: Solving for alpha1
Liquid phase volume fraction = 0.00275429  Min(alpha1) = -5.27391e-29  Max(alpha1) = 1
MULES: Solving for alpha1
Liquid phase volume fraction = 0.00275429  Min(alpha1) = -2.88899e-29  Max(alpha1) = 1
GPU: 518 iters: 11.537 s: 19.9772 GB/s
Total exec time 259.637 Total comm time 20.4338
OGPUBICGS:  Solving for pd, Initial residual = 0.00746567, Final residual = 0.000364706, No Iterations 518
GPU: 72 iters: 1.62974 s: 19.6568 GB/s
Total exec time 261.267 Total comm time 20.5693
OGPUBICGS:  Solving for pd, Initial residual = 0.00480445, Final residual = 0.000237516, No Iterations 72
GPU: 718 iters: 15.9939 s: 19.9741 GB/s
Total exec time 277.261 Total comm time 21.8398
OGPUBICGS:  Solving for pd, Initial residual = 0.0042007, Final residual = 5.26307e-08, No Iterations 718
time step continuity errors : sum local = 4.75171e-12, global = 2.67093e-12, cumulative = -7.60526e-08
ExecutionTime = 441.46 s  ClockTime = 471 s

Courant Number mean: 4.46741e-05 max: 0.00970745 velocity magnitude: 0.149193
Time = 0.01

MULES: Solving for alpha1
Liquid phase volume fraction = 0.00275429  Min(alpha1) = -4.03249e-29  Max(alpha1) = 1
MULES: Solving for alpha1
Liquid phase volume fraction = 0.00275429  Min(alpha1) = -1.51287e-29  Max(alpha1) = 1
GPU: 480 iters: 10.7097 s: 19.9417 GB/s
Total exec time 287.971 Total comm time 22.7082
OGPUBICGS:  Solving for pd, Initial residual = 0.00797533, Final residual = 0.000174531, No Iterations 480
GPU: 59 iters: 1.33541 s: 19.6578 GB/s
Total exec time 289.306 Total comm time 22.8187
OGPUBICGS:  Solving for pd, Initial residual = 0.00443026, Final residual = 0.000217857, No Iterations 59
GPU: 646 iters: 14.4128 s: 19.9426 GB/s
Total exec time 303.719 Total comm time 23.9755
OGPUBICGS:  Solving for pd, Initial residual = 0.00425484, Final residual = 7.65625e-08, No Iterations 646
time step continuity errors : sum local = 4.21512e-11, global = -4.21512e-11, cumulative = -7.60948e-08
ExecutionTime = 482.09 s  ClockTime = 513 s

End

Finalising parallel run
