 Data for JOB [50372,1] offset 0

 ========================   JOB MAP   ========================

 Data for node: ivb106	Num slots: 6	Max slots: 0	Num procs: 6
 	Process OMPI jobid: [50372,1] App: 0 Process rank: 0
 	Process OMPI jobid: [50372,1] App: 0 Process rank: 1
 	Process OMPI jobid: [50372,1] App: 0 Process rank: 2
 	Process OMPI jobid: [50372,1] App: 0 Process rank: 3
 	Process OMPI jobid: [50372,1] App: 0 Process rank: 4
 	Process OMPI jobid: [50372,1] App: 0 Process rank: 5

 Data for node: ivb108	Num slots: 6	Max slots: 0	Num procs: 6
 	Process OMPI jobid: [50372,1] App: 0 Process rank: 6
 	Process OMPI jobid: [50372,1] App: 0 Process rank: 7
 	Process OMPI jobid: [50372,1] App: 0 Process rank: 8
 	Process OMPI jobid: [50372,1] App: 0 Process rank: 9
 	Process OMPI jobid: [50372,1] App: 0 Process rank: 10
 	Process OMPI jobid: [50372,1] App: 0 Process rank: 11

 Data for node: ivb109	Num slots: 6	Max slots: 0	Num procs: 6
 	Process OMPI jobid: [50372,1] App: 0 Process rank: 12
 	Process OMPI jobid: [50372,1] App: 0 Process rank: 13
 	Process OMPI jobid: [50372,1] App: 0 Process rank: 14
 	Process OMPI jobid: [50372,1] App: 0 Process rank: 15
 	Process OMPI jobid: [50372,1] App: 0 Process rank: 16
 	Process OMPI jobid: [50372,1] App: 0 Process rank: 17

 Data for node: ivb110	Num slots: 6	Max slots: 0	Num procs: 6
 	Process OMPI jobid: [50372,1] App: 0 Process rank: 18
 	Process OMPI jobid: [50372,1] App: 0 Process rank: 19
 	Process OMPI jobid: [50372,1] App: 0 Process rank: 20
 	Process OMPI jobid: [50372,1] App: 0 Process rank: 21
 	Process OMPI jobid: [50372,1] App: 0 Process rank: 22
 	Process OMPI jobid: [50372,1] App: 0 Process rank: 23

 =============================================================
[ivb106:20310] MCW rank 3 bound to socket 0[core 3[hwt 0]]: [./././B/./././././.][./././././././././.]
[ivb106:20310] MCW rank 4 bound to socket 0[core 4[hwt 0]]: [././././B/././././.][./././././././././.]
[ivb106:20310] MCW rank 5 bound to socket 0[core 5[hwt 0]]: [./././././B/./././.][./././././././././.]
[ivb106:20310] MCW rank 0 bound to socket 0[core 0[hwt 0]]: [B/././././././././.][./././././././././.]
[ivb106:20310] MCW rank 1 bound to socket 0[core 1[hwt 0]]: [./B/./././././././.][./././././././././.]
[ivb106:20310] MCW rank 2 bound to socket 0[core 2[hwt 0]]: [././B/././././././.][./././././././././.]
[ivb110:39793] MCW rank 19 bound to socket 0[core 1[hwt 0]]: [./B/./././././././.][./././././././././.]
[ivb110:39793] MCW rank 20 bound to socket 0[core 2[hwt 0]]: [././B/././././././.][./././././././././.]
[ivb110:39793] MCW rank 21 bound to socket 0[core 3[hwt 0]]: [./././B/./././././.][./././././././././.]
[ivb110:39793] MCW rank 22 bound to socket 0[core 4[hwt 0]]: [././././B/././././.][./././././././././.]
[ivb110:39793] MCW rank 23 bound to socket 0[core 5[hwt 0]]: [./././././B/./././.][./././././././././.]
[ivb110:39793] MCW rank 18 bound to socket 0[core 0[hwt 0]]: [B/././././././././.][./././././././././.]
[ivb108:13075] MCW rank 6 bound to socket 0[core 0[hwt 0]]: [B/././././././././.][./././././././././.]
[ivb108:13075] MCW rank 7 bound to socket 0[core 1[hwt 0]]: [./B/./././././././.][./././././././././.]
[ivb108:13075] MCW rank 8 bound to socket 0[core 2[hwt 0]]: [././B/././././././.][./././././././././.]
[ivb108:13075] MCW rank 9 bound to socket 0[core 3[hwt 0]]: [./././B/./././././.][./././././././././.]
[ivb108:13075] MCW rank 10 bound to socket 0[core 4[hwt 0]]: [././././B/././././.][./././././././././.]
[ivb108:13075] MCW rank 11 bound to socket 0[core 5[hwt 0]]: [./././././B/./././.][./././././././././.]
[ivb109:21712] MCW rank 17 bound to socket 0[core 5[hwt 0]]: [./././././B/./././.][./././././././././.]
[ivb109:21712] MCW rank 12 bound to socket 0[core 0[hwt 0]]: [B/././././././././.][./././././././././.]
[ivb109:21712] MCW rank 13 bound to socket 0[core 1[hwt 0]]: [./B/./././././././.][./././././././././.]
[ivb109:21712] MCW rank 14 bound to socket 0[core 2[hwt 0]]: [././B/././././././.][./././././././././.]
[ivb109:21712] MCW rank 15 bound to socket 0[core 3[hwt 0]]: [./././B/./././././.][./././././././././.]
[ivb109:21712] MCW rank 16 bound to socket 0[core 4[hwt 0]]: [././././B/././././.][./././././././././.]
0
5
1
2
3
4
0
2
1
3
4
5
1
2
4
0
3
5
3
0
2
1
4
5
/*---------------------------------------------------------------------------*\
| =========                 |                                                 |
| \\      /  F ield         | foam-extend: Open Source CFD                    |
|  \\    /   O peration     | Version:     3.1                                |
|   \\  /    A nd           | Web:         http://www.extend-project.de       |
|    \\/     M anipulation  |                                                 |
\*---------------------------------------------------------------------------*/
Build    : 3.1-e2da948002a2
Exec     : interFoam -parallel
Date     : May 18 2016
Time     : 13:46:52
Host     : ivb106
PID      : 20377
CtrlDict : /home-2/vplatonov/foam/foam-extend-3.1/etc/controlDict
Case     : /home/vplatonov/tests/rt12mln
nProcs   : 24
Slaves : 
23
(
ivb106.20375
ivb106.20374
ivb106.20376
ivb106.20383
ivb106.20388
ivb108.13132
ivb108.13131
ivb108.13130
ivb108.13133
ivb108.13137
ivb108.13142
ivb109.21773
ivb109.21776
ivb109.21777
ivb109.21774
ivb109.21780
ivb109.21775
ivb110.39838
ivb110.39843
ivb110.39839
ivb110.39849
ivb110.39855
ivb110.39860
)

Pstream initialized with:
    floatTransfer     : 0
    nProcsSimpleSum   : 0
    commsType         : blocking
SigFpe   : Enabling floating point exception trapping (FOAM_SIGFPE).

// * * * * * * * * * * * * * * * * * * * * * * * * * * * * * * * * * * * * * //
Create time

Create mesh for time = 0


Reading g
Reading field pd

Reading field alpha1

Reading field U

Reading/calculating face flux field phi

Reading transportProperties

Selecting incompressible transport model Newtonian
Selecting incompressible transport model Newtonian
Calculating field g.h

Selecting turbulence model type laminar
time step continuity errors : sum local = 0, global = 0, cumulative = 0
Created persistent data with name pcorr
OGPUBICGS:  Solving for pcorr, Initial residual = 0, Final residual = 0, No Iterations 0
time step continuity errors : sum local = 0, global = 0, cumulative = 0
Courant Number mean: 0 max: 0 velocity magnitude: 0

Starting time loop

Courant Number mean: 0 max: 0 velocity magnitude: 0
Time = 0.001

MULES: Solving for alpha1
Liquid phase volume fraction = 0.00275421  Min(alpha1) = 0  Max(alpha1) = 1
MULES: Solving for alpha1
Liquid phase volume fraction = 0.00275421  Min(alpha1) = 0  Max(alpha1) = 1
Created persistent data with name pd
Computing AINV with droptol 0.02
GPU: 1 iters: 0.0169921 s: 13.1054 GB/s
Total exec time 0.0169921 Total comm time 0.00296483
OGPUBICGS:  Solving for pd, Initial residual = 1, Final residual = 0.0491214, No Iterations 1
Computing AINV with droptol 0.02
GPU: 26 iters: 0.154185 s: 37.5515 GB/s
Total exec time 0.171177 Total comm time 0.0565193
OGPUBICGS:  Solving for pd, Initial residual = 0.033386, Final residual = 0.00155091, No Iterations 26
GPU: 682 iters: 3.79288 s: 40.0416 GB/s
Total exec time 3.96406 Total comm time 1.43283
OGPUBICGS:  Solving for pd, Initial residual = 0.0129311, Final residual = 6.85416e-08, No Iterations 682
time step continuity errors : sum local = 6.29887e-12, global = -4.74843e-24, cumulative = -4.74843e-24
ExecutionTime = 27.48 s  ClockTime = 48 s

Courant Number mean: 4.83772e-06 max: 0.00215177 velocity magnitude: 0.0336214
Time = 0.002

MULES: Solving for alpha1
Liquid phase volume fraction = 0.00275421  Min(alpha1) = 0  Max(alpha1) = 1
MULES: Solving for alpha1
Liquid phase volume fraction = 0.00275421  Min(alpha1) = 0  Max(alpha1) = 1
GPU: 453 iters: 2.52078 s: 40.0184 GB/s
Total exec time 6.48484 Total comm time 2.34608
OGPUBICGS:  Solving for pd, Initial residual = 0.00502832, Final residual = 8.77269e-05, No Iterations 453
GPU: 501 iters: 2.77857 s: 40.1526 GB/s
Total exec time 9.26341 Total comm time 3.35552
OGPUBICGS:  Solving for pd, Initial residual = 0.00378236, Final residual = 0.000179604, No Iterations 501
GPU: 652 iters: 3.58887 s: 40.4563 GB/s
Total exec time 12.8523 Total comm time 4.63483
OGPUBICGS:  Solving for pd, Initial residual = 0.00344757, Final residual = 8.84562e-08, No Iterations 652
time step continuity errors : sum local = 4.11146e-08, global = -4.11124e-08, cumulative = -4.11124e-08
ExecutionTime = 42.58 s  ClockTime = 64 s

Courant Number mean: 1.35223e-05 max: 0.219864 velocity magnitude: 1.71768
Time = 0.003

MULES: Solving for alpha1
Liquid phase volume fraction = 0.00275424  Min(alpha1) = -1.24206e-30  Max(alpha1) = 1
MULES: Solving for alpha1
Liquid phase volume fraction = 0.00275426  Min(alpha1) = -1.94139e-30  Max(alpha1) = 1
GPU: 514 iters: 2.83782 s: 40.3343 GB/s
Total exec time 15.6901 Total comm time 5.65915
OGPUBICGS:  Solving for pd, Initial residual = 0.00740615, Final residual = 0.000291109, No Iterations 514
GPU: 473 iters: 2.59371 s: 40.6104 GB/s
Total exec time 18.2838 Total comm time 6.58202
OGPUBICGS:  Solving for pd, Initial residual = 0.00513339, Final residual = 0.000161786, No Iterations 473
GPU: 676 iters: 3.76162 s: 40.0192 GB/s
Total exec time 22.0454 Total comm time 7.94765
OGPUBICGS:  Solving for pd, Initial residual = 0.00506291, Final residual = 8.01906e-08, No Iterations 676
time step continuity errors : sum local = 2.22623e-08, global = -2.22605e-08, cumulative = -6.33728e-08
ExecutionTime = 57.7 s  ClockTime = 79 s

Courant Number mean: 1.63407e-05 max: 0.132164 velocity magnitude: 1.03253
Time = 0.004

MULES: Solving for alpha1
Liquid phase volume fraction = 0.00275427  Min(alpha1) = -3.2794e-30  Max(alpha1) = 1
MULES: Solving for alpha1
Liquid phase volume fraction = 0.00275428  Min(alpha1) = -7.73949e-30  Max(alpha1) = 1
GPU: 503 iters: 2.81126 s: 39.8441 GB/s
Total exec time 24.8567 Total comm time 8.97298
OGPUBICGS:  Solving for pd, Initial residual = 0.00840684, Final residual = 0.000343558, No Iterations 503
GPU: 506 iters: 2.78171 s: 40.5075 GB/s
Total exec time 27.6384 Total comm time 9.96567
OGPUBICGS:  Solving for pd, Initial residual = 0.0070223, Final residual = 0.000346482, No Iterations 506
GPU: 678 iters: 3.74469 s: 40.3191 GB/s
Total exec time 31.3831 Total comm time 11.3163
OGPUBICGS:  Solving for pd, Initial residual = 0.00660583, Final residual = 8.08116e-08, No Iterations 678
time step continuity errors : sum local = 1.05182e-08, global = -1.05123e-08, cumulative = -7.38851e-08
ExecutionTime = 73.2 s  ClockTime = 95 s

Courant Number mean: 2.03196e-05 max: 0.0725416 velocity magnitude: 0.566731
Time = 0.005

MULES: Solving for alpha1
Liquid phase volume fraction = 0.00275429  Min(alpha1) = -3.52542e-29  Max(alpha1) = 1
MULES: Solving for alpha1
Liquid phase volume fraction = 0.00275429  Min(alpha1) = -1.38839e-29  Max(alpha1) = 1
GPU: 580 iters: 3.23776 s: 39.8915 GB/s
Total exec time 34.6208 Total comm time 12.5023
OGPUBICGS:  Solving for pd, Initial residual = 0.00684852, Final residual = 0.00018108, No Iterations 580
GPU: 499 iters: 2.75621 s: 40.3167 GB/s
Total exec time 37.3771 Total comm time 13.4935
OGPUBICGS:  Solving for pd, Initial residual = 0.00572842, Final residual = 0.000259826, No Iterations 499
GPU: 866 iters: 4.79912 s: 40.184 GB/s
Total exec time 42.1762 Total comm time 15.2223
OGPUBICGS:  Solving for pd, Initial residual = 0.00563584, Final residual = 3.78012e-08, No Iterations 866
time step continuity errors : sum local = 2.47854e-09, global = -2.47675e-09, cumulative = -7.63619e-08
ExecutionTime = 90.03 s  ClockTime = 113 s

Courant Number mean: 2.44421e-05 max: 0.0269312 velocity magnitude: 0.319206
Time = 0.006

MULES: Solving for alpha1
Liquid phase volume fraction = 0.00275429  Min(alpha1) = -3.70513e-29  Max(alpha1) = 1
MULES: Solving for alpha1
Liquid phase volume fraction = 0.00275429  Min(alpha1) = -2.75568e-29  Max(alpha1) = 1
GPU: 543 iters: 3.02539 s: 39.9683 GB/s
Total exec time 45.2016 Total comm time 16.3249
OGPUBICGS:  Solving for pd, Initial residual = 0.00733078, Final residual = 0.000296587, No Iterations 543
GPU: 498 iters: 2.72832 s: 40.6473 GB/s
Total exec time 47.9299 Total comm time 17.2841
OGPUBICGS:  Solving for pd, Initial residual = 0.00566689, Final residual = 0.000230006, No Iterations 498
GPU: 617 iters: 3.4429 s: 39.9078 GB/s
Total exec time 51.3728 Total comm time 18.5487
OGPUBICGS:  Solving for pd, Initial residual = 0.00557206, Final residual = 1.02537e-08, No Iterations 617
time step continuity errors : sum local = 9.23893e-12, global = 8.90154e-12, cumulative = -7.6353e-08
ExecutionTime = 105.37 s  ClockTime = 128 s

Courant Number mean: 2.93818e-05 max: 0.0316306 velocity magnitude: 0.247114
Time = 0.007

MULES: Solving for alpha1
Liquid phase volume fraction = 0.00275429  Min(alpha1) = -4.98904e-29  Max(alpha1) = 1
MULES: Solving for alpha1
Liquid phase volume fraction = 0.00275429  Min(alpha1) = -3.85277e-29  Max(alpha1) = 1
GPU: 575 iters: 3.18921 s: 40.1497 GB/s
Total exec time 54.562 Total comm time 19.7024
OGPUBICGS:  Solving for pd, Initial residual = 0.00708101, Final residual = 0.000106161, No Iterations 575
GPU: 48 iters: 0.261573 s: 40.8645 GB/s
Total exec time 54.8236 Total comm time 19.7904
OGPUBICGS:  Solving for pd, Initial residual = 0.00433884, Final residual = 0.000215512, No Iterations 48
GPU: 602 iters: 3.34065 s: 40.1293 GB/s
Total exec time 58.1642 Total comm time 21.0028
OGPUBICGS:  Solving for pd, Initial residual = 0.00418526, Final residual = 7.94968e-08, No Iterations 602
time step continuity errors : sum local = 1.45545e-10, global = 1.40958e-10, cumulative = -7.6212e-08
ExecutionTime = 118.34 s  ClockTime = 142 s

Courant Number mean: 3.44833e-05 max: 0.00833709 velocity magnitude: 0.130267
Time = 0.008

MULES: Solving for alpha1
Liquid phase volume fraction = 0.00275429  Min(alpha1) = -4.59343e-29  Max(alpha1) = 1
MULES: Solving for alpha1
Liquid phase volume fraction = 0.00275429  Min(alpha1) = -3.53334e-29  Max(alpha1) = 1
GPU: 509 iters: 2.83882 s: 39.9279 GB/s
Total exec time 61.003 Total comm time 22.0509
OGPUBICGS:  Solving for pd, Initial residual = 0.00756214, Final residual = 0.000366411, No Iterations 509
GPU: 429 iters: 2.38557 s: 40.0462 GB/s
Total exec time 63.3886 Total comm time 22.9191
OGPUBICGS:  Solving for pd, Initial residual = 0.00459189, Final residual = 5.61807e-05, No Iterations 429
GPU: 615 iters: 3.39446 s: 40.346 GB/s
Total exec time 66.7831 Total comm time 24.1358
OGPUBICGS:  Solving for pd, Initial residual = 0.00408674, Final residual = 9.01341e-08, No Iterations 615
time step continuity errors : sum local = 1.57396e-10, global = 1.56334e-10, cumulative = -7.60557e-08
ExecutionTime = 133.17 s  ClockTime = 157 s

Courant Number mean: 3.96059e-05 max: 0.00902674 velocity magnitude: 0.140185
Time = 0.009

MULES: Solving for alpha1
Liquid phase volume fraction = 0.00275429  Min(alpha1) = -5.40931e-29  Max(alpha1) = 1
MULES: Solving for alpha1
Liquid phase volume fraction = 0.00275429  Min(alpha1) = -4.77312e-29  Max(alpha1) = 1
GPU: 526 iters: 2.89949 s: 40.3981 GB/s
Total exec time 69.6826 Total comm time 25.1672
OGPUBICGS:  Solving for pd, Initial residual = 0.00734388, Final residual = 0.000338926, No Iterations 526
GPU: 67 iters: 0.367508 s: 40.598 GB/s
Total exec time 70.0501 Total comm time 25.2945
OGPUBICGS:  Solving for pd, Initial residual = 0.00466385, Final residual = 0.000233007, No Iterations 67
GPU: 536 iters: 2.97344 s: 40.1424 GB/s
Total exec time 73.0235 Total comm time 26.37
OGPUBICGS:  Solving for pd, Initial residual = 0.00409223, Final residual = 6.6857e-08, No Iterations 536
time step continuity errors : sum local = 7.54778e-12, global = 2.66555e-12, cumulative = -7.6053e-08
ExecutionTime = 145.58 s  ClockTime = 170 s

Courant Number mean: 4.47391e-05 max: 0.0097075 velocity magnitude: 0.149195
Time = 0.01

MULES: Solving for alpha1
Liquid phase volume fraction = 0.00275429  Min(alpha1) = -1.51415e-29  Max(alpha1) = 1
MULES: Solving for alpha1
Liquid phase volume fraction = 0.00275429  Min(alpha1) = -2.83282e-29  Max(alpha1) = 1
GPU: 536 iters: 2.94922 s: 40.472 GB/s
Total exec time 75.9727 Total comm time 27.4274
OGPUBICGS:  Solving for pd, Initial residual = 0.0079249, Final residual = 0.000382551, No Iterations 536
GPU: 65 iters: 0.355858 s: 40.6756 GB/s
Total exec time 76.3286 Total comm time 27.5519
OGPUBICGS:  Solving for pd, Initial residual = 0.00459527, Final residual = 0.00020432, No Iterations 65
GPU: 629 iters: 3.50786 s: 39.9305 GB/s
Total exec time 79.8365 Total comm time 28.843
OGPUBICGS:  Solving for pd, Initial residual = 0.00413927, Final residual = 7.80413e-08, No Iterations 629
time step continuity errors : sum local = 4.27108e-11, global = -4.21621e-11, cumulative = -7.60952e-08
ExecutionTime = 158.64 s  ClockTime = 183 s

End

Finalising parallel run
