 Data for JOB [58575,1] offset 0

 ========================   JOB MAP   ========================

 Data for node: ivb106	Num slots: 12	Max slots: 0	Num procs: 12
 	Process OMPI jobid: [58575,1] App: 0 Process rank: 0
 	Process OMPI jobid: [58575,1] App: 0 Process rank: 1
 	Process OMPI jobid: [58575,1] App: 0 Process rank: 2
 	Process OMPI jobid: [58575,1] App: 0 Process rank: 3
 	Process OMPI jobid: [58575,1] App: 0 Process rank: 4
 	Process OMPI jobid: [58575,1] App: 0 Process rank: 5
 	Process OMPI jobid: [58575,1] App: 0 Process rank: 6
 	Process OMPI jobid: [58575,1] App: 0 Process rank: 7
 	Process OMPI jobid: [58575,1] App: 0 Process rank: 8
 	Process OMPI jobid: [58575,1] App: 0 Process rank: 9
 	Process OMPI jobid: [58575,1] App: 0 Process rank: 10
 	Process OMPI jobid: [58575,1] App: 0 Process rank: 11

 Data for node: ivb108	Num slots: 12	Max slots: 0	Num procs: 12
 	Process OMPI jobid: [58575,1] App: 0 Process rank: 12
 	Process OMPI jobid: [58575,1] App: 0 Process rank: 13
 	Process OMPI jobid: [58575,1] App: 0 Process rank: 14
 	Process OMPI jobid: [58575,1] App: 0 Process rank: 15
 	Process OMPI jobid: [58575,1] App: 0 Process rank: 16
 	Process OMPI jobid: [58575,1] App: 0 Process rank: 17
 	Process OMPI jobid: [58575,1] App: 0 Process rank: 18
 	Process OMPI jobid: [58575,1] App: 0 Process rank: 19
 	Process OMPI jobid: [58575,1] App: 0 Process rank: 20
 	Process OMPI jobid: [58575,1] App: 0 Process rank: 21
 	Process OMPI jobid: [58575,1] App: 0 Process rank: 22
 	Process OMPI jobid: [58575,1] App: 0 Process rank: 23

 =============================================================
[ivb106:28509] MCW rank 1 bound to socket 0[core 1[hwt 0]]: [./B/./././././././.][./././././././././.]
[ivb106:28509] MCW rank 2 bound to socket 0[core 2[hwt 0]]: [././B/././././././.][./././././././././.]
[ivb106:28509] MCW rank 3 bound to socket 0[core 3[hwt 0]]: [./././B/./././././.][./././././././././.]
[ivb106:28509] MCW rank 4 bound to socket 0[core 4[hwt 0]]: [././././B/././././.][./././././././././.]
[ivb106:28509] MCW rank 5 bound to socket 0[core 5[hwt 0]]: [./././././B/./././.][./././././././././.]
[ivb106:28509] MCW rank 6 bound to socket 0[core 6[hwt 0]]: [././././././B/././.][./././././././././.]
[ivb106:28509] MCW rank 7 bound to socket 0[core 7[hwt 0]]: [./././././././B/./.][./././././././././.]
[ivb106:28509] MCW rank 8 bound to socket 0[core 8[hwt 0]]: [././././././././B/.][./././././././././.]
[ivb106:28509] MCW rank 9 bound to socket 0[core 9[hwt 0]]: [./././././././././B][./././././././././.]
[ivb106:28509] MCW rank 10 bound to socket 1[core 10[hwt 0]]: [./././././././././.][B/././././././././.]
[ivb106:28509] MCW rank 11 bound to socket 1[core 11[hwt 0]]: [./././././././././.][./B/./././././././.]
[ivb106:28509] MCW rank 0 bound to socket 0[core 0[hwt 0]]: [B/././././././././.][./././././././././.]
[ivb108:16719] MCW rank 23 bound to socket 1[core 11[hwt 0]]: [./././././././././.][./B/./././././././.]
[ivb108:16719] MCW rank 12 bound to socket 0[core 0[hwt 0]]: [B/././././././././.][./././././././././.]
[ivb108:16719] MCW rank 13 bound to socket 0[core 1[hwt 0]]: [./B/./././././././.][./././././././././.]
[ivb108:16719] MCW rank 14 bound to socket 0[core 2[hwt 0]]: [././B/././././././.][./././././././././.]
[ivb108:16719] MCW rank 15 bound to socket 0[core 3[hwt 0]]: [./././B/./././././.][./././././././././.]
[ivb108:16719] MCW rank 16 bound to socket 0[core 4[hwt 0]]: [././././B/././././.][./././././././././.]
[ivb108:16719] MCW rank 17 bound to socket 0[core 5[hwt 0]]: [./././././B/./././.][./././././././././.]
[ivb108:16719] MCW rank 18 bound to socket 0[core 6[hwt 0]]: [././././././B/././.][./././././././././.]
[ivb108:16719] MCW rank 19 bound to socket 0[core 7[hwt 0]]: [./././././././B/./.][./././././././././.]
[ivb108:16719] MCW rank 20 bound to socket 0[core 8[hwt 0]]: [././././././././B/.][./././././././././.]
[ivb108:16719] MCW rank 21 bound to socket 0[core 9[hwt 0]]: [./././././././././B][./././././././././.]
[ivb108:16719] MCW rank 22 bound to socket 1[core 10[hwt 0]]: [./././././././././.][B/././././././././.]
/*---------------------------------------------------------------------------*\
| =========                 |                                                 |
| \\      /  F ield         | foam-extend: Open Source CFD                    |
|  \\    /   O peration     | Version:     3.1                                |
|   \\  /    A nd           | Web:         http://www.extend-project.de       |
|    \\/     M anipulation  |                                                 |
\*---------------------------------------------------------------------------*/
Build    : 3.1-e2da948002a2
Exec     : interFoam -parallel
Date     : May 20 2016
Time     : 11:34:15
Host     : ivb106
PID      : 28575
CtrlDict : /home-2/vplatonov/foam/foam-extend-3.1/etc/controlDict
Case     : /home/vplatonov/tests/rt12mln
nProcs   : 24
Slaves : 
23
(
ivb106.28576
ivb106.28580
ivb106.28584
ivb106.28590
ivb106.28599
ivb106.28614
ivb106.28611
ivb106.28602
ivb106.28616
ivb106.28605
ivb106.28608
ivb108.16785
ivb108.16787
ivb108.16786
ivb108.16790
ivb108.16801
ivb108.16810
ivb108.16813
ivb108.16819
ivb108.16816
ivb108.16821
ivb108.16804
ivb108.16807
)

Pstream initialized with:
    floatTransfer     : 0
    nProcsSimpleSum   : 0
    commsType         : blocking
SigFpe   : Enabling floating point exception trapping (FOAM_SIGFPE).

// * * * * * * * * * * * * * * * * * * * * * * * * * * * * * * * * * * * * * //
Create time

Create mesh for time = 0


Reading g
Reading field pd

Reading field alpha1

Reading field U

Reading/calculating face flux field phi

Reading transportProperties

Selecting incompressible transport model Newtonian
Selecting incompressible transport model Newtonian
Calculating field g.h

Selecting turbulence model type laminar
time step continuity errors : sum local = 0, global = 0, cumulative = 0
Created persistent data with name pcorr
SGPUPCG:  Solving for pcorr, Initial residual = 0, Final residual = 0, No Iterations 0
time step continuity errors : sum local = 0, global = 0, cumulative = 0
Courant Number mean: 0 max: 0 velocity magnitude: 0

Starting time loop

Courant Number mean: 0 max: 0 velocity magnitude: 0
Time = 0.001

MULES: Solving for alpha1
Liquid phase volume fraction = 0.00275421  Min(alpha1) = 0  Max(alpha1) = 1
MULES: Solving for alpha1
Liquid phase volume fraction = 0.00275421  Min(alpha1) = 0  Max(alpha1) = 1
Created persistent data with name pd
Computing AINV with droptol 0.02
GPU: 7 iters: 0.168738 s: 9.78471 GB/s
SGPUPCG:  Solving for pd, Initial residual = 1, Final residual = 0.0430394, No Iterations 7
Computing AINV with droptol 0.02
GPU: 180 iters: 3.19709 s: 13.2795 GB/s
SGPUPCG:  Solving for pd, Initial residual = 0.0260729, Final residual = 0.00129848, No Iterations 180
GPU: 916 iters: 16.1315 s: 13.3932 GB/s
SGPUPCG:  Solving for pd, Initial residual = 0.00735388, Final residual = 9.65976e-08, No Iterations 916
time step continuity errors : sum local = 7.20212e-12, global = -2.91289e-24, cumulative = -2.91289e-24
ExecutionTime = 56.82 s  ClockTime = 78 s

Courant Number mean: 4.83081e-06 max: 0.00215842 velocity magnitude: 0.0337252
Time = 0.002

MULES: Solving for alpha1
Liquid phase volume fraction = 0.00275421  Min(alpha1) = 0  Max(alpha1) = 1
MULES: Solving for alpha1
Liquid phase volume fraction = 0.00275421  Min(alpha1) = 0  Max(alpha1) = 1
GPU: 685 iters: 12.0792 s: 13.3756 GB/s
SGPUPCG:  Solving for pd, Initial residual = 0.00479287, Final residual = 0.000235477, No Iterations 685
GPU: 698 iters: 12.2936 s: 13.3918 GB/s
SGPUPCG:  Solving for pd, Initial residual = 0.00394924, Final residual = 0.000192576, No Iterations 698
GPU: 963 iters: 16.9725 s: 13.3827 GB/s
SGPUPCG:  Solving for pd, Initial residual = 0.00349816, Final residual = 9.63501e-08, No Iterations 963
time step continuity errors : sum local = 4.14644e-08, global = -4.14583e-08, cumulative = -4.14583e-08
ExecutionTime = 106.28 s  ClockTime = 128 s

Courant Number mean: 1.35694e-05 max: 0.22109 velocity magnitude: 1.72726
Time = 0.003

MULES: Solving for alpha1
Liquid phase volume fraction = 0.00275424  Min(alpha1) = -7.80972e-31  Max(alpha1) = 1
MULES: Solving for alpha1
Liquid phase volume fraction = 0.00275426  Min(alpha1) = -2.56183e-30  Max(alpha1) = 1
GPU: 701 iters: 12.3538 s: 13.3838 GB/s
SGPUPCG:  Solving for pd, Initial residual = 0.00748121, Final residual = 0.000370818, No Iterations 701
GPU: 663 iters: 11.6882 s: 13.3792 GB/s
SGPUPCG:  Solving for pd, Initial residual = 0.00520837, Final residual = 0.000256141, No Iterations 663
GPU: 928 iters: 16.3969 s: 13.349 GB/s
SGPUPCG:  Solving for pd, Initial residual = 0.00513468, Final residual = 9.6646e-08, No Iterations 928
time step continuity errors : sum local = 2.25588e-08, global = -2.25535e-08, cumulative = -6.40118e-08
ExecutionTime = 154.67 s  ClockTime = 176 s

Courant Number mean: 1.63745e-05 max: 0.133485 velocity magnitude: 1.04285
Time = 0.004

MULES: Solving for alpha1
Liquid phase volume fraction = 0.00275427  Min(alpha1) = -8.9054e-30  Max(alpha1) = 1
MULES: Solving for alpha1
Liquid phase volume fraction = 0.00275428  Min(alpha1) = -5.57343e-30  Max(alpha1) = 1
GPU: 700 iters: 12.3181 s: 13.4034 GB/s
SGPUPCG:  Solving for pd, Initial residual = 0.0084941, Final residual = 0.000418275, No Iterations 700
Computing AINV with droptol 0.02
GPU: 687 iters: 12.1354 s: 13.3526 GB/s
SGPUPCG:  Solving for pd, Initial residual = 0.00720048, Final residual = 0.000354614, No Iterations 687
GPU: 961 iters: 16.9364 s: 13.3833 GB/s
SGPUPCG:  Solving for pd, Initial residual = 0.00670775, Final residual = 9.9867e-08, No Iterations 961
time step continuity errors : sum local = 1.06527e-08, global = -1.06477e-08, cumulative = -7.46596e-08
ExecutionTime = 204.18 s  ClockTime = 226 s

Courant Number mean: 2.03279e-05 max: 0.0759193 velocity magnitude: 0.593119
Time = 0.005

MULES: Solving for alpha1
Liquid phase volume fraction = 0.00275429  Min(alpha1) = -3.98268e-29  Max(alpha1) = 1
MULES: Solving for alpha1
Liquid phase volume fraction = 0.00275429  Min(alpha1) = -1.06631e-29  Max(alpha1) = 1
GPU: 698 iters: 12.2913 s: 13.3943 GB/s
SGPUPCG:  Solving for pd, Initial residual = 0.00674904, Final residual = 0.000337142, No Iterations 698
GPU: 662 iters: 11.672 s: 13.3775 GB/s
SGPUPCG:  Solving for pd, Initial residual = 0.0059188, Final residual = 0.000286147, No Iterations 662
GPU: 935 iters: 16.4828 s: 13.3796 GB/s
SGPUPCG:  Solving for pd, Initial residual = 0.00570655, Final residual = 9.94455e-08, No Iterations 935
time step continuity errors : sum local = 2.48305e-09, global = -2.4783e-09, cumulative = -7.71379e-08
ExecutionTime = 252.64 s  ClockTime = 275 s

Courant Number mean: 2.44337e-05 max: 0.0288148 velocity magnitude: 0.302731
Time = 0.006

MULES: Solving for alpha1
Liquid phase volume fraction = 0.00275429  Min(alpha1) = -2.86118e-29  Max(alpha1) = 1
MULES: Solving for alpha1
Liquid phase volume fraction = 0.00275429  Min(alpha1) = -1.51027e-29  Max(alpha1) = 1
GPU: 703 iters: 12.3991 s: 13.3729 GB/s
SGPUPCG:  Solving for pd, Initial residual = 0.00747028, Final residual = 0.000368851, No Iterations 703
GPU: 681 iters: 12.0249 s: 13.3576 GB/s
SGPUPCG:  Solving for pd, Initial residual = 0.00567731, Final residual = 0.000275112, No Iterations 681
GPU: 1000 iters: 17.6551 s: 13.3596 GB/s
SGPUPCG:  Solving for pd, Initial residual = 0.00559451, Final residual = 2.31886e-06, No Iterations 1000
time step continuity errors : sum local = 1.37063e-10, global = 2.86569e-11, cumulative = -7.71092e-08
ExecutionTime = 302.92 s  ClockTime = 325 s

Courant Number mean: 2.93694e-05 max: 0.0329321 velocity magnitude: 0.257283
Time = 0.007

MULES: Solving for alpha1
Liquid phase volume fraction = 0.00275429  Min(alpha1) = -2.73386e-29  Max(alpha1) = 1
MULES: Solving for alpha1
Liquid phase volume fraction = 0.00275429  Min(alpha1) = -3.19548e-29  Max(alpha1) = 1
Computing AINV with droptol 0.02
GPU: 760 iters: 13.3972 s: 13.3802 GB/s
SGPUPCG:  Solving for pd, Initial residual = 0.00717946, Final residual = 0.000358409, No Iterations 760
GPU: 655 iters: 11.5809 s: 13.3402 GB/s
SGPUPCG:  Solving for pd, Initial residual = 0.00462013, Final residual = 0.000229817, No Iterations 655
GPU: 865 iters: 15.25 s: 13.3785 GB/s
SGPUPCG:  Solving for pd, Initial residual = 0.00419111, Final residual = 9.77705e-08, No Iterations 865
time step continuity errors : sum local = 1.46922e-10, global = 1.42348e-10, cumulative = -7.69669e-08
ExecutionTime = 351.21 s  ClockTime = 373 s

Courant Number mean: 3.4471e-05 max: 0.00920696 velocity magnitude: 0.1304
Time = 0.008

MULES: Solving for alpha1
Liquid phase volume fraction = 0.00275429  Min(alpha1) = -6.64221e-29  Max(alpha1) = 1
MULES: Solving for alpha1
Liquid phase volume fraction = 0.00275429  Min(alpha1) = -7.30501e-29  Max(alpha1) = 1
GPU: 710 iters: 12.5264 s: 13.3688 GB/s
SGPUPCG:  Solving for pd, Initial residual = 0.00759989, Final residual = 0.00036416, No Iterations 710
GPU: 307 iters: 5.42698 s: 13.3427 GB/s
SGPUPCG:  Solving for pd, Initial residual = 0.00447629, Final residual = 0.000221344, No Iterations 307
GPU: 839 iters: 14.7889 s: 13.381 GB/s
SGPUPCG:  Solving for pd, Initial residual = 0.00419545, Final residual = 9.67531e-08, No Iterations 839
time step continuity errors : sum local = 1.57678e-10, global = 1.53182e-10, cumulative = -7.68137e-08
ExecutionTime = 392.02 s  ClockTime = 414 s

Courant Number mean: 3.95935e-05 max: 0.00904209 velocity magnitude: 0.140312
Time = 0.009

MULES: Solving for alpha1
Liquid phase volume fraction = 0.00275429  Min(alpha1) = -5.22536e-29  Max(alpha1) = 1
MULES: Solving for alpha1
Liquid phase volume fraction = 0.00275429  Min(alpha1) = -7.26557e-29  Max(alpha1) = 1
GPU: 713 iters: 12.576 s: 13.3724 GB/s
SGPUPCG:  Solving for pd, Initial residual = 0.00747602, Final residual = 0.000357528, No Iterations 713
GPU: 314 iters: 5.55404 s: 13.3347 GB/s
SGPUPCG:  Solving for pd, Initial residual = 0.00467731, Final residual = 0.000231741, No Iterations 314
GPU: 842 iters: 14.8835 s: 13.3435 GB/s
SGPUPCG:  Solving for pd, Initial residual = 0.00415567, Final residual = 9.89256e-08, No Iterations 842
time step continuity errors : sum local = 6.58941e-12, global = 2.00498e-12, cumulative = -7.68117e-08
ExecutionTime = 433.21 s  ClockTime = 456 s

Courant Number mean: 4.47252e-05 max: 0.00972275 velocity magnitude: 0.149316
Time = 0.01

MULES: Solving for alpha1
Liquid phase volume fraction = 0.00275429  Min(alpha1) = -2.44832e-29  Max(alpha1) = 1
MULES: Solving for alpha1
Liquid phase volume fraction = 0.00275429  Min(alpha1) = -2.84572e-29  Max(alpha1) = 1
Computing AINV with droptol 0.02
GPU: 713 iters: 12.563 s: 13.3862 GB/s
SGPUPCG:  Solving for pd, Initial residual = 0.00808988, Final residual = 0.000396721, No Iterations 713
GPU: 304 iters: 5.38149 s: 13.324 GB/s
SGPUPCG:  Solving for pd, Initial residual = 0.00466638, Final residual = 0.000232918, No Iterations 304
GPU: 825 iters: 14.5465 s: 13.377 GB/s
SGPUPCG:  Solving for pd, Initial residual = 0.00432089, Final residual = 9.8522e-08, No Iterations 825
time step continuity errors : sum local = 4.62923e-11, global = -4.17517e-11, cumulative = -7.68534e-08
ExecutionTime = 473.76 s  ClockTime = 496 s

End

Finalising parallel run
