 Data for JOB [2735,1] offset 0

 ========================   JOB MAP   ========================

 Data for node: ivb110	Num slots: 6	Max slots: 0	Num procs: 6
 	Process OMPI jobid: [2735,1] App: 0 Process rank: 0
 	Process OMPI jobid: [2735,1] App: 0 Process rank: 1
 	Process OMPI jobid: [2735,1] App: 0 Process rank: 2
 	Process OMPI jobid: [2735,1] App: 0 Process rank: 3
 	Process OMPI jobid: [2735,1] App: 0 Process rank: 4
 	Process OMPI jobid: [2735,1] App: 0 Process rank: 5

 Data for node: ivb111	Num slots: 6	Max slots: 0	Num procs: 6
 	Process OMPI jobid: [2735,1] App: 0 Process rank: 6
 	Process OMPI jobid: [2735,1] App: 0 Process rank: 7
 	Process OMPI jobid: [2735,1] App: 0 Process rank: 8
 	Process OMPI jobid: [2735,1] App: 0 Process rank: 9
 	Process OMPI jobid: [2735,1] App: 0 Process rank: 10
 	Process OMPI jobid: [2735,1] App: 0 Process rank: 11

 Data for node: ivb112	Num slots: 6	Max slots: 0	Num procs: 6
 	Process OMPI jobid: [2735,1] App: 0 Process rank: 12
 	Process OMPI jobid: [2735,1] App: 0 Process rank: 13
 	Process OMPI jobid: [2735,1] App: 0 Process rank: 14
 	Process OMPI jobid: [2735,1] App: 0 Process rank: 15
 	Process OMPI jobid: [2735,1] App: 0 Process rank: 16
 	Process OMPI jobid: [2735,1] App: 0 Process rank: 17

 Data for node: ivb113	Num slots: 6	Max slots: 0	Num procs: 6
 	Process OMPI jobid: [2735,1] App: 0 Process rank: 18
 	Process OMPI jobid: [2735,1] App: 0 Process rank: 19
 	Process OMPI jobid: [2735,1] App: 0 Process rank: 20
 	Process OMPI jobid: [2735,1] App: 0 Process rank: 21
 	Process OMPI jobid: [2735,1] App: 0 Process rank: 22
 	Process OMPI jobid: [2735,1] App: 0 Process rank: 23

 =============================================================
[ivb110:38103] MCW rank 3 bound to socket 0[core 3[hwt 0]]: [./././B/./././././.][./././././././././.]
[ivb110:38103] MCW rank 4 bound to socket 0[core 4[hwt 0]]: [././././B/././././.][./././././././././.]
[ivb110:38103] MCW rank 5 bound to socket 0[core 5[hwt 0]]: [./././././B/./././.][./././././././././.]
[ivb110:38103] MCW rank 0 bound to socket 0[core 0[hwt 0]]: [B/././././././././.][./././././././././.]
[ivb110:38103] MCW rank 1 bound to socket 0[core 1[hwt 0]]: [./B/./././././././.][./././././././././.]
[ivb110:38103] MCW rank 2 bound to socket 0[core 2[hwt 0]]: [././B/././././././.][./././././././././.]
[ivb113:08746] MCW rank 19 bound to socket 0[core 1[hwt 0]]: [./B/./././././././.][./././././././././.]
[ivb112:20202] MCW rank 17 bound to socket 0[core 5[hwt 0]]: [./././././B/./././.][./././././././././.]
[ivb111:37237] MCW rank 6 bound to socket 0[core 0[hwt 0]]: [B/././././././././.][./././././././././.]
[ivb113:08746] MCW rank 20 bound to socket 0[core 2[hwt 0]]: [././B/././././././.][./././././././././.]
[ivb112:20202] MCW rank 12 bound to socket 0[core 0[hwt 0]]: [B/././././././././.][./././././././././.]
[ivb111:37237] MCW rank 7 bound to socket 0[core 1[hwt 0]]: [./B/./././././././.][./././././././././.]
[ivb113:08746] MCW rank 21 bound to socket 0[core 3[hwt 0]]: [./././B/./././././.][./././././././././.]
[ivb112:20202] MCW rank 13 bound to socket 0[core 1[hwt 0]]: [./B/./././././././.][./././././././././.]
[ivb111:37237] MCW rank 8 bound to socket 0[core 2[hwt 0]]: [././B/././././././.][./././././././././.]
[ivb113:08746] MCW rank 22 bound to socket 0[core 4[hwt 0]]: [././././B/././././.][./././././././././.]
[ivb112:20202] MCW rank 14 bound to socket 0[core 2[hwt 0]]: [././B/././././././.][./././././././././.]
[ivb111:37237] MCW rank 9 bound to socket 0[core 3[hwt 0]]: [./././B/./././././.][./././././././././.]
[ivb113:08746] MCW rank 23 bound to socket 0[core 5[hwt 0]]: [./././././B/./././.][./././././././././.]
[ivb112:20202] MCW rank 15 bound to socket 0[core 3[hwt 0]]: [./././B/./././././.][./././././././././.]
[ivb111:37237] MCW rank 10 bound to socket 0[core 4[hwt 0]]: [././././B/././././.][./././././././././.]
[ivb113:08746] MCW rank 18 bound to socket 0[core 0[hwt 0]]: [B/././././././././.][./././././././././.]
[ivb112:20202] MCW rank 16 bound to socket 0[core 4[hwt 0]]: [././././B/././././.][./././././././././.]
[ivb111:37237] MCW rank 11 bound to socket 0[core 5[hwt 0]]: [./././././B/./././.][./././././././././.]
/home-2/vplatonov/bin/nvmps: line 18: CUDEV%CUDEV_N: division by 0 (error token is "CUDEV_N")
/home-2/vplatonov/bin/nvmps: line 18: CUDEV%CUDEV_N: division by 0 (error token is "CUDEV_N")
/home-2/vplatonov/bin/nvmps: line 18: CUDEV%CUDEV_N: division by 0 (error token is "CUDEV_N")
/home-2/vplatonov/bin/nvmps: line 18: CUDEV%CUDEV_N: division by 0 (error token is "CUDEV_N")
/home-2/vplatonov/bin/nvmps: line 18: CUDEV%CUDEV_N: division by 0 (error token is "CUDEV_N")
/home-2/vplatonov/bin/nvmps: line 18: CUDEV%CUDEV_N: division by 0 (error token is "CUDEV_N")
/home-2/vplatonov/bin/nvmps: line 18: CUDEV%CUDEV_N: division by 0 (error token is "CUDEV_N")
/home-2/vplatonov/bin/nvmps: line 18: CUDEV%CUDEV_N: division by 0 (error token is "CUDEV_N")
/home-2/vplatonov/bin/nvmps: line 18: CUDEV%CUDEV_N: division by 0 (error token is "CUDEV_N")
/home-2/vplatonov/bin/nvmps: line 18: CUDEV%CUDEV_N: division by 0 (error token is "CUDEV_N")
/home-2/vplatonov/bin/nvmps: line 18: CUDEV%CUDEV_N: division by 0 (error token is "CUDEV_N")
/bin/bash: line 1: 1: command not found
/home-2/vplatonov/bin/nvmps: line 18: CUDEV%CUDEV_N: division by 0 (error token is "CUDEV_N")
/home-2/vplatonov/bin/nvmps: line 18: CUDEV%CUDEV_N: division by 0 (error token is "CUDEV_N")
/home-2/vplatonov/bin/nvmps: line 18: CUDEV%CUDEV_N: division by 0 (error token is "CUDEV_N")
/home-2/vplatonov/bin/nvmps: line 18: CUDEV%CUDEV_N: division by 0 (error token is "CUDEV_N")
/home-2/vplatonov/bin/nvmps: line 18: CUDEV%CUDEV_N: division by 0 (error token is "CUDEV_N")
/bin/bash: line 2: 2: command not found
/home-2/vplatonov/bin/nvmps: line 18: CUDEV%CUDEV_N: division by 0 (error token is "CUDEV_N")
/home-2/vplatonov/bin/nvmps: line 18: CUDEV%CUDEV_N: division by 0 (error token is "CUDEV_N")
/home-2/vplatonov/bin/nvmps: line 18: CUDEV%CUDEV_N: division by 0 (error token is "CUDEV_N")
/home-2/vplatonov/bin/nvmps: line 18: CUDEV%CUDEV_N: division by 0 (error token is "CUDEV_N")
/home-2/vplatonov/bin/nvmps: line 18: CUDEV%CUDEV_N: division by 0 (error token is "CUDEV_N")
/bin/bash: line 3: 3: command not found
/bin/bash: line 1: 1: command not found
/home-2/vplatonov/bin/nvmps: line 18: CUDEV%CUDEV_N: division by 0 (error token is "CUDEV_N")
/home-2/vplatonov/bin/nvmps: line 18: CUDEV%CUDEV_N: division by 0 (error token is "CUDEV_N")
/home-2/vplatonov/bin/nvmps: line 18: CUDEV%CUDEV_N: division by 0 (error token is "CUDEV_N")
/bin/bash: line 2: 2: command not found
/bin/bash: line 1: 1: command not found
/bin/bash: line 4: 4: command not found
/bin/bash: line 3: 3: command not found
/bin/bash: line 2: 2: command not found
/bin/bash: line 1: 1: command not found
/bin/bash: line 4: 4: command not found
/bin/bash: line 3: 3: command not found
/bin/bash: line 2: 2: command not found
mkdir: cannot create directory ‘/tmp/nvidia-mps-vplatonov-0’: File exists
/bin/bash: line 4: 4: command not found
/bin/bash: line 1: 1: command not found
/bin/bash: line 2: 2: command not found
/bin/bash: line 3: 3: command not found
/bin/bash: line 4: 4: command not found
/bin/bash: line 3: 3: command not found
mkdir: cannot create directory ‘/tmp/nvidia-mps-vplatonov-0’: File exists
/bin/bash: line 1: 1: command not found
/bin/bash: line 2: 2: command not found
/bin/bash: line 3: 3: command not found
mkdir: cannot create directory ‘/tmp/nvidia-mps-vplatonov-0’: File exists
/bin/bash: line 4: 4: command not found
/bin/bash: line 1: 1: command not found
mkdir: cannot create directory ‘/tmp/nvidia-mps-vplatonov-0’: File exists
/bin/bash: line 2: 2: command not found
/bin/bash: line 3: 3: command not found
/bin/bash: line 1: 1: command not found
/bin/bash: line 2: 2: command not found
/bin/bash: line 4: 4: command not found
/bin/bash: line 4: 4: command not found
/bin/bash: line 3: 3: command not found
/bin/bash: line 4: 4: command not found
mkdir: cannot create directory ‘/tmp/nvidia-mps-vplatonov-0’: File exists
/bin/bash: line 1: 1: command not found
mkdir: cannot create directory ‘/tmp/nvidia-mps-vplatonov-0’: File exists
/bin/bash: line 2: 2: command not found
/bin/bash: line 1: 1: command not found
/bin/bash: line 3: 3: command not found
/bin/bash: line 4: 4: command not found
/bin/bash: line 2: 2: command not found
mkdir: cannot create directory ‘/tmp/nvidia-mps-vplatonov-0’: File exists
/bin/bash: line 3: 3: command not found
/bin/bash: line 1: 1: command not found
/bin/bash: line 4: 4: command not found
/bin/bash: line 2: 2: command not found
/bin/bash: line 3: 3: command not found
/bin/bash: line 4: 4: command not found
mkdir: cannot create directory ‘/tmp/nvidia-mps-vplatonov-0’: File exists
mkdir: cannot create directory ‘/tmp/nvidia-mps-vplatonov-0’: File exists
/bin/bash: line 1: 1: command not found
/bin/bash: line 1: 1: command not found
/bin/bash: line 2: 2: command not found
/bin/bash: line 2: 2: command not found
/bin/bash: line 3: 3: command not found
/bin/bash: line 3: 3: command not found
/bin/bash: line 4: 4: command not found
/bin/bash: line 4: 4: command not found
mkdir: cannot create directory ‘/tmp/nvidia-mps-vplatonov-0’: File exists
mkdir: cannot create directory ‘/tmp/nvidia-mps-vplatonov-0’: File exists
/bin/bash: line 1: 1: command not found
/bin/bash: line 1: 1: command not found
/bin/bash: line 2: 2: command not found
/bin/bash: line 2: 2: command not found
/bin/bash: line 3: 3: command not found
/bin/bash: line 3: 3: command not found
/bin/bash: line 4: 4: command not found
/bin/bash: line 4: 4: command not found
mkdir: cannot create directory ‘/tmp/nvidia-mps-vplatonov-0’: File exists
/bin/bash: line 1: 1: command not found
/bin/bash: line 2: 2: command not found
/bin/bash: line 3: 3: command not found
mkdir: cannot create directory ‘/tmp/nvidia-mps-vplatonov-0’: File exists
/bin/bash: line 4: 4: command not found
/bin/bash: line 1: 1: command not found
/bin/bash: line 2: 2: command not found
mkdir: cannot create directory ‘/tmp/nvidia-mps-vplatonov-0’: File exists
/bin/bash: line 3: 3: command not found
/bin/bash: line 1: 1: command not found
/bin/bash: line 4: 4: command not found
mkdir: cannot create directory ‘/tmp/nvidia-mps-vplatonov-0’/bin/bash: line 2: 2: command not found
: File exists
/bin/bash: line 3: 3: command not found
/bin/bash: line 1: 1: command not found
mkdir: cannot create directory ‘/tmp/nvidia-mps-vplatonov-0’: File exists
/bin/bash: line 4: 4: command not found
/bin/bash: line 2: 2: command not found
/bin/bash: line 1: 1: command not found
/bin/bash: line 3: 3: command not found
/bin/bash: line 2: 2: command not found
/bin/bash: line 3: 3: command not found
/bin/bash: line 4: 4: command not found
/bin/bash: line 4: 4: command not found
mkdir: cannot create directory ‘/tmp/nvidia-mps-vplatonov-0’: File exists
/bin/bash: line 1: 1: command not found
mkdir: cannot create directory ‘/tmp/nvidia-mps-vplatonov-0’: File exists
/bin/bash: line 2: 2: command not found
/bin/bash: line 1: 1: command not found
/bin/bash: line 2: 2: command not found
/bin/bash: line 3: 3: command not found
/bin/bash: line 3: 3: command not found
/bin/bash: line 4: 4: command not found
/bin/bash: line 4: 4: command not found
mkdir: cannot create directory ‘/tmp/nvidia-mps-vplatonov-0’: File exists
/bin/bash: line 1: 1: command not found
/bin/bash: line 2: 2: command not found
/bin/bash: line 3: 3: command not found
/bin/bash: line 4: 4: command not found
mkdir: cannot create directory ‘/tmp/nvidia-mps-vplatonov-0’: File exists
/bin/bash: line 1: 1: command not found
/bin/bash: line 2: 2: command not found
/bin/bash: line 3: 3: command not found
/bin/bash: line 4: 4: command not found
/*---------------------------------------------------------------------------*\
| =========                 |                                                 |
| \\      /  F ield         | foam-extend: Open Source CFD                    |
|  \\    /   O peration     | Version:     3.1                                |
|   \\  /    A nd           | Web:         http://www.extend-project.de       |
|    \\/     M anipulation  |                                                 |
\*---------------------------------------------------------------------------*/
Build    : 3.1-e2da948002a2
Exec     : interFoam -parallel
Date     : May 20 2016
Time     : 11:42:48
Host     : ivb110
PID      : 38178
CtrlDict : /home-2/vplatonov/foam/foam-extend-3.1/etc/controlDict
Case     : /home/vplatonov/tests/rt12mln
nProcs   : 24
Slaves : 
23
(
ivb110.38154
ivb110.38170
ivb110.38186
ivb110.38193
ivb110.38162
ivb111.37294
ivb111.37283
ivb111.37302
ivb111.37310
ivb111.37286
ivb111.37317
ivb112.20259
ivb112.20282
ivb112.20243
ivb112.20267
ivb112.20275
ivb112.20251
ivb113.8819
ivb113.8826
ivb113.8788
ivb113.8811
ivb113.8803
ivb113.8795
)

Pstream initialized with:
    floatTransfer     : 0
    nProcsSimpleSum   : 0
    commsType         : blocking
SigFpe   : Enabling floating point exception trapping (FOAM_SIGFPE).

// * * * * * * * * * * * * * * * * * * * * * * * * * * * * * * * * * * * * * //
Create time

Create mesh for time = 0


Reading g
Reading field pd

Reading field alpha1

Reading field U

Reading/calculating face flux field phi

Reading transportProperties

Selecting incompressible transport model Newtonian
Selecting incompressible transport model Newtonian
Calculating field g.h

Selecting turbulence model type laminar
time step continuity errors : sum local = 0, global = 0, cumulative = 0
Created persistent data with name pcorr
SGPUPCG:  Solving for pcorr, Initial residual = 0, Final residual = 0, No Iterations 0
time step continuity errors : sum local = 0, global = 0, cumulative = 0
Courant Number mean: 0 max: 0 velocity magnitude: 0

Starting time loop

Courant Number mean: 0 max: 0 velocity magnitude: 0
Time = 0.001

MULES: Solving for alpha1
Liquid phase volume fraction = 0.00275421  Min(alpha1) = 0  Max(alpha1) = 1
MULES: Solving for alpha1
Liquid phase volume fraction = 0.00275421  Min(alpha1) = 0  Max(alpha1) = 1
Created persistent data with name pd
Computing AINV with droptol 0.02
GPU: 7 iters: 0.119835 s: 13.0241 GB/s
SGPUPCG:  Solving for pd, Initial residual = 1, Final residual = 0.0430394, No Iterations 7
Computing AINV with droptol 0.02
GPU: 180 iters: 1.83991 s: 21.8127 GB/s
SGPUPCG:  Solving for pd, Initial residual = 0.0260729, Final residual = 0.0012985, No Iterations 180
GPU: 915 iters: 9.24536 s: 22.0664 GB/s
SGPUPCG:  Solving for pd, Initial residual = 0.00735389, Final residual = 9.87288e-08, No Iterations 915
time step continuity errors : sum local = 7.35767e-12, global = -1.01524e-24, cumulative = -1.01524e-24
ExecutionTime = 39.69 s  ClockTime = 56 s

Courant Number mean: 4.83081e-06 max: 0.00215842 velocity magnitude: 0.0337252
Time = 0.002

MULES: Solving for alpha1
Liquid phase volume fraction = 0.00275421  Min(alpha1) = 0  Max(alpha1) = 1
MULES: Solving for alpha1
Liquid phase volume fraction = 0.00275421  Min(alpha1) = 0  Max(alpha1) = 1
GPU: 685 iters: 6.91374 s: 22.0908 GB/s
SGPUPCG:  Solving for pd, Initial residual = 0.00479287, Final residual = 0.000235671, No Iterations 685
GPU: 698 iters: 7.05468 s: 22.0603 GB/s
SGPUPCG:  Solving for pd, Initial residual = 0.00394943, Final residual = 0.000196634, No Iterations 698
GPU: 962 iters: 9.72823 s: 22.0483 GB/s
SGPUPCG:  Solving for pd, Initial residual = 0.003502, Final residual = 9.77957e-08, No Iterations 962
time step continuity errors : sum local = 4.14641e-08, global = -4.14583e-08, cumulative = -4.14583e-08
ExecutionTime = 69.79 s  ClockTime = 86 s

Courant Number mean: 1.35694e-05 max: 0.22109 velocity magnitude: 1.72726
Time = 0.003

MULES: Solving for alpha1
Liquid phase volume fraction = 0.00275424  Min(alpha1) = -1.29176e-30  Max(alpha1) = 1
MULES: Solving for alpha1
Liquid phase volume fraction = 0.00275426  Min(alpha1) = -2.45703e-30  Max(alpha1) = 1
GPU: 701 iters: 7.0805 s: 22.0744 GB/s
SGPUPCG:  Solving for pd, Initial residual = 0.00748131, Final residual = 0.000371805, No Iterations 701
GPU: 663 iters: 6.69546 s: 22.0784 GB/s
SGPUPCG:  Solving for pd, Initial residual = 0.00520919, Final residual = 0.000256861, No Iterations 663
GPU: 928 iters: 9.39287 s: 22.0284 GB/s
SGPUPCG:  Solving for pd, Initial residual = 0.00513534, Final residual = 9.94506e-08, No Iterations 928
time step continuity errors : sum local = 2.25587e-08, global = -2.25535e-08, cumulative = -6.40118e-08
ExecutionTime = 99.57 s  ClockTime = 116 s

Courant Number mean: 1.63745e-05 max: 0.133485 velocity magnitude: 1.04286
Time = 0.004

MULES: Solving for alpha1
Liquid phase volume fraction = 0.00275427  Min(alpha1) = -3.42304e-30  Max(alpha1) = 1
MULES: Solving for alpha1
Liquid phase volume fraction = 0.00275428  Min(alpha1) = -3.67967e-30  Max(alpha1) = 1
GPU: 700 iters: 7.07643 s: 22.0556 GB/s
SGPUPCG:  Solving for pd, Initial residual = 0.00849413, Final residual = 0.000420193, No Iterations 700
GPU: 687 iters: 6.93392 s: 22.0908 GB/s
SGPUPCG:  Solving for pd, Initial residual = 0.00720232, Final residual = 0.000349609, No Iterations 687
GPU: 961 iters: 9.71688 s: 22.0511 GB/s
SGPUPCG:  Solving for pd, Initial residual = 0.0067025, Final residual = 9.87814e-08, No Iterations 961
time step continuity errors : sum local = 1.06526e-08, global = -1.06477e-08, cumulative = -7.46596e-08
ExecutionTime = 129.46 s  ClockTime = 146 s

Courant Number mean: 2.03279e-05 max: 0.0759193 velocity magnitude: 0.593119
Time = 0.005

MULES: Solving for alpha1
Liquid phase volume fraction = 0.00275429  Min(alpha1) = -1.50149e-29  Max(alpha1) = 1
MULES: Solving for alpha1
Liquid phase volume fraction = 0.00275429  Min(alpha1) = -1.08652e-29  Max(alpha1) = 1
GPU: 700 iters: 7.0906 s: 22.0115 GB/s
SGPUPCG:  Solving for pd, Initial residual = 0.00674841, Final residual = 0.000325888, No Iterations 700
GPU: 663 iters: 6.75612 s: 21.8802 GB/s
SGPUPCG:  Solving for pd, Initial residual = 0.0059069, Final residual = 0.00028991, No Iterations 663
GPU: 937 iters: 9.51941 s: 21.9464 GB/s
SGPUPCG:  Solving for pd, Initial residual = 0.00570921, Final residual = 9.96923e-08, No Iterations 937
time step continuity errors : sum local = 2.48304e-09, global = -2.47831e-09, cumulative = -7.71379e-08
ExecutionTime = 159.18 s  ClockTime = 176 s

Courant Number mean: 2.44337e-05 max: 0.0288148 velocity magnitude: 0.302731
Time = 0.006

MULES: Solving for alpha1
Liquid phase volume fraction = 0.00275429  Min(alpha1) = -1.36028e-29  Max(alpha1) = 1
MULES: Solving for alpha1
Liquid phase volume fraction = 0.00275429  Min(alpha1) = -1.75127e-29  Max(alpha1) = 1
Computing AINV with droptol 0.02
GPU: 703 iters: 7.14347 s: 21.9422 GB/s
SGPUPCG:  Solving for pd, Initial residual = 0.00747017, Final residual = 0.000364617, No Iterations 703
GPU: 680 iters: 6.87819 s: 22.0429 GB/s
SGPUPCG:  Solving for pd, Initial residual = 0.00567312, Final residual = 0.000280158, No Iterations 680
GPU: 943 iters: 9.52833 s: 22.0663 GB/s
SGPUPCG:  Solving for pd, Initial residual = 0.00560129, Final residual = 9.95555e-08, No Iterations 943
time step continuity errors : sum local = 3.33835e-11, global = 2.86557e-11, cumulative = -7.71092e-08
ExecutionTime = 189.14 s  ClockTime = 206 s

Courant Number mean: 2.93695e-05 max: 0.0329321 velocity magnitude: 0.257283
Time = 0.007

MULES: Solving for alpha1
Liquid phase volume fraction = 0.00275429  Min(alpha1) = -2.90865e-29  Max(alpha1) = 1
MULES: Solving for alpha1
Liquid phase volume fraction = 0.00275429  Min(alpha1) = -2.48858e-29  Max(alpha1) = 1
GPU: 707 iters: 7.15125 s: 22.043 GB/s
SGPUPCG:  Solving for pd, Initial residual = 0.00718051, Final residual = 0.000348796, No Iterations 707
GPU: 652 iters: 6.58557 s: 22.0744 GB/s
SGPUPCG:  Solving for pd, Initial residual = 0.00460979, Final residual = 0.000226405, No Iterations 652
GPU: 873 iters: 8.8003 s: 22.1182 GB/s
SGPUPCG:  Solving for pd, Initial residual = 0.00418635, Final residual = 9.79862e-08, No Iterations 873
time step continuity errors : sum local = 1.4693e-10, global = 1.42348e-10, cumulative = -7.69669e-08
ExecutionTime = 218.31 s  ClockTime = 235 s

Courant Number mean: 3.4471e-05 max: 0.00920696 velocity magnitude: 0.1304
Time = 0.008

MULES: Solving for alpha1
Liquid phase volume fraction = 0.00275429  Min(alpha1) = -5.68504e-29  Max(alpha1) = 1
MULES: Solving for alpha1
Liquid phase volume fraction = 0.00275429  Min(alpha1) = -5.81773e-29  Max(alpha1) = 1
GPU: 709 iters: 7.15654 s: 22.0891 GB/s
SGPUPCG:  Solving for pd, Initial residual = 0.00759883, Final residual = 0.000379317, No Iterations 709
GPU: 306 iters: 3.11128 s: 21.9289 GB/s
SGPUPCG:  Solving for pd, Initial residual = 0.0044914, Final residual = 0.000223725, No Iterations 306
GPU: 837 iters: 8.44531 s: 22.0975 GB/s
SGPUPCG:  Solving for pd, Initial residual = 0.00419858, Final residual = 9.66663e-08, No Iterations 837
time step continuity errors : sum local = 1.57674e-10, global = 1.53182e-10, cumulative = -7.68137e-08
ExecutionTime = 243.41 s  ClockTime = 260 s

Courant Number mean: 3.95934e-05 max: 0.00904209 velocity magnitude: 0.140312
Time = 0.009

MULES: Solving for alpha1
Liquid phase volume fraction = 0.00275429  Min(alpha1) = -6.9143e-29  Max(alpha1) = 1
MULES: Solving for alpha1
Liquid phase volume fraction = 0.00275429  Min(alpha1) = -5.53572e-29  Max(alpha1) = 1
GPU: 712 iters: 7.20146 s: 22.0442 GB/s
SGPUPCG:  Solving for pd, Initial residual = 0.0074757, Final residual = 0.00036238, No Iterations 712
GPU: 313 iters: 3.16294 s: 22.0642 GB/s
SGPUPCG:  Solving for pd, Initial residual = 0.00468262, Final residual = 0.000232575, No Iterations 313
GPU: 841 iters: 8.4871 s: 22.0938 GB/s
SGPUPCG:  Solving for pd, Initial residual = 0.00415698, Final residual = 9.82857e-08, No Iterations 841
time step continuity errors : sum local = 6.55967e-12, global = 2.00498e-12, cumulative = -7.68117e-08
ExecutionTime = 268.63 s  ClockTime = 285 s

Courant Number mean: 4.47251e-05 max: 0.00972275 velocity magnitude: 0.149316
Time = 0.01

MULES: Solving for alpha1
Liquid phase volume fraction = 0.00275429  Min(alpha1) = -3.08165e-29  Max(alpha1) = 1
MULES: Solving for alpha1
Liquid phase volume fraction = 0.00275429  Min(alpha1) = -4.04458e-29  Max(alpha1) = 1
GPU: 712 iters: 7.17091 s: 22.1381 GB/s
SGPUPCG:  Solving for pd, Initial residual = 0.00808904, Final residual = 0.00039029, No Iterations 712
GPU: 304 iters: 3.10738 s: 21.8129 GB/s
SGPUPCG:  Solving for pd, Initial residual = 0.00465839, Final residual = 0.000231102, No Iterations 304
GPU: 823 iters: 8.34831 s: 21.9804 GB/s
SGPUPCG:  Solving for pd, Initial residual = 0.00431914, Final residual = 9.70736e-08, No Iterations 823
time step continuity errors : sum local = 4.62256e-11, global = -4.17517e-11, cumulative = -7.68534e-08
ExecutionTime = 293.66 s  ClockTime = 310 s

End

/home-2/vplatonov/bin/nvmps: line 33:  8795 Segmentation fault      "$@"
/home-2/vplatonov/bin/nvmps: line 33:  8788 Segmentation fault      "$@"
/home-2/vplatonov/bin/nvmps: line 33:  8826 Segmentation fault      "$@"
-------------------------------------------------------
Primary job  terminated normally, but 1 process returned
a non-zero exit code.. Per user-direction, the job has been aborted.
-------------------------------------------------------
slurmstepd: *** JOB 6814 ON ivb110 CANCELLED AT 2016-05-20T12:00:12 DUE TO TIME LIMIT ***
--------------------------------------------------------------------------
mpirun detected that one or more processes exited with non-zero status, thus causing
the job to be terminated. The first process to do so was:

  Process name: [[2735,1],19]
  Exit code:    139
--------------------------------------------------------------------------
