 Data for JOB [33721,1] offset 0

 ========================   JOB MAP   ========================

 Data for node: ivb106	Num slots: 6	Max slots: 0	Num procs: 6
 	Process OMPI jobid: [33721,1] App: 0 Process rank: 0
 	Process OMPI jobid: [33721,1] App: 0 Process rank: 1
 	Process OMPI jobid: [33721,1] App: 0 Process rank: 2
 	Process OMPI jobid: [33721,1] App: 0 Process rank: 3
 	Process OMPI jobid: [33721,1] App: 0 Process rank: 4
 	Process OMPI jobid: [33721,1] App: 0 Process rank: 5

 Data for node: ivb108	Num slots: 6	Max slots: 0	Num procs: 6
 	Process OMPI jobid: [33721,1] App: 0 Process rank: 6
 	Process OMPI jobid: [33721,1] App: 0 Process rank: 7
 	Process OMPI jobid: [33721,1] App: 0 Process rank: 8
 	Process OMPI jobid: [33721,1] App: 0 Process rank: 9
 	Process OMPI jobid: [33721,1] App: 0 Process rank: 10
 	Process OMPI jobid: [33721,1] App: 0 Process rank: 11

 =============================================================
[ivb106:02091] MCW rank 0 bound to socket 0[core 0[hwt 0]]: [B/././././././././.][./././././././././.]
[ivb106:02091] MCW rank 1 bound to socket 0[core 1[hwt 0]]: [./B/./././././././.][./././././././././.]
[ivb106:02091] MCW rank 2 bound to socket 0[core 2[hwt 0]]: [././B/././././././.][./././././././././.]
[ivb106:02091] MCW rank 3 bound to socket 0[core 3[hwt 0]]: [./././B/./././././.][./././././././././.]
[ivb106:02091] MCW rank 4 bound to socket 0[core 4[hwt 0]]: [././././B/././././.][./././././././././.]
[ivb106:02091] MCW rank 5 bound to socket 0[core 5[hwt 0]]: [./././././B/./././.][./././././././././.]
[ivb108:36973] MCW rank 11 bound to socket 0[core 5[hwt 0]]: [./././././B/./././.][./././././././././.]
[ivb108:36973] MCW rank 6 bound to socket 0[core 0[hwt 0]]: [B/././././././././.][./././././././././.]
[ivb108:36973] MCW rank 7 bound to socket 0[core 1[hwt 0]]: [./B/./././././././.][./././././././././.]
[ivb108:36973] MCW rank 8 bound to socket 0[core 2[hwt 0]]: [././B/././././././.][./././././././././.]
[ivb108:36973] MCW rank 9 bound to socket 0[core 3[hwt 0]]: [./././B/./././././.][./././././././././.]
[ivb108:36973] MCW rank 10 bound to socket 0[core 4[hwt 0]]: [././././B/././././.][./././././././././.]
2
0
0
1
3
4
5
2
1
3
4
5
/*---------------------------------------------------------------------------*\
| =========                 |                                                 |
| \\      /  F ield         | foam-extend: Open Source CFD                    |
|  \\    /   O peration     | Version:     3.1                                |
|   \\  /    A nd           | Web:         http://www.extend-project.de       |
|    \\/     M anipulation  |                                                 |
\*---------------------------------------------------------------------------*/
Build    : 3.1-e2da948002a2
Exec     : pimpleDyMFoam -parallel
Date     : May 26 2016
Time     : 12:47:57
Host     : ivb106
PID      : 2140
CtrlDict : /home-2/vplatonov/foam/foam-extend-3.1/etc/controlDict
Case     : /home/vplatonov/tests/3D-mesh1-of3.1
nProcs   : 12
Slaves : 
11
(
ivb106.2141
ivb106.2164
ivb106.2153
ivb106.2147
ivb106.2159
ivb108.37029
ivb108.37019
ivb108.37023
ivb108.37035
ivb108.37040
ivb108.37018
)

Pstream initialized with:
    floatTransfer     : 0
    nProcsSimpleSum   : 0
    commsType         : blocking
SigFpe   : Enabling floating point exception trapping (FOAM_SIGFPE).

// * * * * * * * * * * * * * * * * * * * * * * * * * * * * * * * * * * * * * //
Create time

Create dynamic mesh for time = 0

Selecting dynamicFvMesh dynamicMotionSolverFvMesh
Selecting motion solver: displacementLaplacian
Selecting motion diffusion: quadratic
Selecting motion diffusion: inverseDistance
Reading field p

Reading field U

Reading/calculating face flux field phi

Selecting incompressible transport model Newtonian
Selecting turbulence model type LESModel
Selecting LES turbulence model oneEqEddy
oneEqEddyCoeffs
{
    ce              1.048;
    ck              0.094;
}

Reading field rAU if present


Starting time loop

Courant Number mean: 0 max: 0.0007592825 velocity magnitude: 0.4779
Reading old state
Before setting displacements
GAMGPCG:  Solving for cellDisplacementx, Initial residual = 0, Final residual = 0, No Iterations 0
GAMGPCG:  Solving for cellDisplacementy, Initial residual = 0, Final residual = 0, No Iterations 0
GAMGPCG:  Solving for cellDisplacementz, Initial residual = 0, Final residual = 0, No Iterations 0
Time = 5e-06

GAMGPCG:  Solving for cellDisplacementx, Initial residual = 0, Final residual = 0, No Iterations 0
GAMGPCG:  Solving for cellDisplacementy, Initial residual = 0, Final residual = 0, No Iterations 0
GAMGPCG:  Solving for cellDisplacementz, Initial residual = 0, Final residual = 0, No Iterations 0
volume continuity errors : volume = 4.535015, max error = 0, sum local = 0, global = 0
smoothSolver:  Solving for Ux, Initial residual = 1, Final residual = 2.908938e-08, No Iterations 1
smoothSolver:  Solving for Uy, Initial residual = 1, Final residual = 3.336054e-08, No Iterations 1
smoothSolver:  Solving for Uz, Initial residual = 0.9999962, Final residual = 2.828127e-08, No Iterations 1
Created persistent data with name p
Computing AINV with droptol 0.02
GPU: 503 iters: 10.32817 s: 25.00599 GB/s
Total exec time 10.32817
 Total comm time 0.02820419Pre time 0.02507683 Post time 0.00312736
GPUBICGS:  Solving for p, Initial residual = 1, Final residual = 0.009606655, No Iterations 503
Computing AINV with droptol 0.02
GPU: 102 iters: 2.207944 s: 23.71983 GB/s
Total exec time 12.53611
 Total comm time 0.03458483Pre time 0.03050547 Post time 0.00407936
GPUBICGS:  Solving for p, Initial residual = 0.000469882, Final residual = 9.670987e-06, No Iterations 102
time step continuity errors : sum local = 2.173545e-09, global = -1.553696e-09, cumulative = -1.553696e-09
Moving mesh time step continuity errors : sum local = 2.173545e-09, global = -1.553696e-09, cumulative = -3.107393e-09
GPU: 92 iters: 1.979901 s: 23.85854 GB/s
Total exec time 14.51601
 Total comm time 0.04065248Pre time 0.03522877 Post time 0.005423712
GPUBICGS:  Solving for p, Initial residual = 0.0001099759, Final residual = 9.904065e-06, No Iterations 92
GPU: 531 iters: 11.41113 s: 23.89271 GB/s
Total exec time 25.92714
 Total comm time 0.07992509Pre time 0.06257808 Post time 0.01734701
GPUBICGS:  Solving for p, Initial residual = 4.622403e-05, Final residual = 9.88602e-08, No Iterations 531
time step continuity errors : sum local = 2.223301e-11, global = 8.474852e-14, cumulative = -3.107308e-09
Moving mesh time step continuity errors : sum local = 2.223301e-11, global = 8.474852e-14, cumulative = -3.107223e-09
smoothSolver:  Solving for k, Initial residual = 1, Final residual = 1.536238e-11, No Iterations 2
ExecutionTime = 78.17 s  ClockTime = 83 s

Courant Number mean: 7.674853e-05 max: 0.002864566 velocity magnitude: 0.9549244
yForce = -12.67699
Y= -1.957183e-11
Vy= -7.828727e-06
Time = 1e-05

GAMGPCG:  Solving for cellDisplacementx, Initial residual = 0, Final residual = 0, No Iterations 0
Total solver time is 0
Total solver time is 0
Total solver time is 0
GAMGPCG:  Solving for cellDisplacementy, Initial residual = 1, Final residual = 6.449207e-09, No Iterations 1
GAMGPCG:  Solving for cellDisplacementz, Initial residual = 0, Final residual = 0, No Iterations 0
volume continuity errors : volume = 4.535015, max error = 1.032689e-08, sum local = 6.271925e-15, global = 1.907147e-18
smoothSolver:  Solving for Ux, Initial residual = 0.997541, Final residual = 9.190427e-07, No Iterations 1
smoothSolver:  Solving for Uy, Initial residual = 0.3321, Final residual = 2.397219e-06, No Iterations 1
smoothSolver:  Solving for Uz, Initial residual = 0.3213901, Final residual = 8.525126e-07, No Iterations 1
GPU: 533 iters: 11.46853 s: 23.86267 GB/s
Total exec time 37.39567
 Total comm time 0.1169499Pre time 0.09041389 Post time 0.026536
GPUBICGS:  Solving for p, Initial residual = 0.003644576, Final residual = 1.539952e-05, No Iterations 533
GPU: 126 iters: 2.720155 s: 23.78353 GB/s
Total exec time 40.11582
 Total comm time 0.125554Pre time 0.09695971 Post time 0.02859424
GPUBICGS:  Solving for p, Initial residual = 0.00136283, Final residual = 1.332588e-05, No Iterations 126
time step continuity errors : sum local = 1.001591e-09, global = 7.301608e-11, cumulative = -3.034207e-09
Moving mesh time step continuity errors : sum local = 1.001591e-09, global = 7.301608e-11, cumulative = -2.961191e-09
GPU: 97 iters: 2.093601 s: 23.78906 GB/s
Total exec time 42.20942
 Total comm time 0.1321885Pre time 0.1019121 Post time 0.03027638
GPUBICGS:  Solving for p, Initial residual = 0.0003123177, Final residual = 8.571798e-06, No Iterations 97
GPU: 538 iters: 11.55095 s: 23.91464 GB/s
Total exec time 53.76038
 Total comm time 0.1674802Pre time 0.1301377 Post time 0.03734243
GPUBICGS:  Solving for p, Initial residual = 0.0001166825, Final residual = 6.274241e-08, No Iterations 538
time step continuity errors : sum local = 4.711226e-12, global = 1.183745e-12, cumulative = -2.960008e-09
Moving mesh time step continuity errors : sum local = 4.711226e-12, global = 1.183745e-12, cumulative = -2.958824e-09
smoothSolver:  Solving for k, Initial residual = 0.008782321, Final residual = 4.940857e-09, No Iterations 1
ExecutionTime = 124.36 s  ClockTime = 130 s

Courant Number mean: 7.675229e-05 max: 0.002857132 velocity magnitude: 0.9524463
yForce = 35.85979
Y= -3.352021e-12
Vy= 1.431663e-05
Time = 1.5e-05

GAMGPCG:  Solving for cellDisplacementx, Initial residual = 0, Final residual = 0, No Iterations 0
Total solver time is 0
Total solver time is 0
Total solver time is 0
GAMGPCG:  Solving for cellDisplacementy, Initial residual = 1, Final residual = 4.873687e-09, No Iterations 1
GAMGPCG:  Solving for cellDisplacementz, Initial residual = 0, Final residual = 0, No Iterations 0
volume continuity errors : volume = 4.535015, max error = 1.117572e-08, sum local = 7.094908e-15, global = 1.242799e-18
smoothSolver:  Solving for Ux, Initial residual = 0.9921561, Final residual = 9.148541e-07, No Iterations 1
smoothSolver:  Solving for Uy, Initial residual = 0.1843656, Final residual = 1.48324e-06, No Iterations 1
smoothSolver:  Solving for Uz, Initial residual = 0.8050499, Final residual = 2.134615e-06, No Iterations 1
GPU: 518 iters: 11.14221 s: 23.8703 GB/s
Total exec time 64.90258
 Total comm time 0.2007537Pre time 0.156454 Post time 0.04429965
GPUBICGS:  Solving for p, Initial residual = 0.002801473, Final residual = 2.706445e-05, No Iterations 518
GPU: 165 iters: 3.558253 s: 23.8093 GB/s
Total exec time 68.46084
 Total comm time 0.212023Pre time 0.1648666 Post time 0.04715642
GPUBICGS:  Solving for p, Initial residual = 0.0825915, Final residual = 0.0008082724, No Iterations 165
time step continuity errors : sum local = 3.377534e-10, global = -2.174417e-10, cumulative = -3.176266e-09
Moving mesh time step continuity errors : sum local = 3.377534e-10, global = -2.174417e-10, cumulative = -3.393707e-09
GPU: 507 iters: 10.9219 s: 23.83468 GB/s
Total exec time 79.38273
 Total comm time 0.2447299Pre time 0.1900527 Post time 0.05467718
GPUBICGS:  Solving for p, Initial residual = 0.01893575, Final residual = 0.0001823951, No Iterations 507
GPU: 706 iters: 15.17221 s: 23.89215 GB/s
Total exec time 94.55494
 Total comm time 0.2859304Pre time 0.2255383 Post time 0.0603921
GPUBICGS:  Solving for p, Initial residual = 0.007529077, Final residual = 1.212486e-08, No Iterations 706
time step continuity errors : sum local = 3.827751e-15, global = 1.351614e-15, cumulative = -3.393706e-09
Moving mesh time step continuity errors : sum local = 3.827751e-15, global = 1.351614e-15, cumulative = -3.393705e-09
smoothSolver:  Solving for k, Initial residual = 0.003835444, Final residual = 1.956937e-09, No Iterations 1
ExecutionTime = 183.2 s  ClockTime = 189 s

Courant Number mean: 7.675245e-05 max: 0.002858846 velocity magnitude: 0.9530175
yForce = -24.46759
Y= 3.045594e-11
Vy= -7.934406e-07
Time = 2e-05

GAMGPCG:  Solving for cellDisplacementx, Initial residual = 0, Final residual = 0, No Iterations 0
Total solver time is 0
Total solver time is 0
Total solver time is 0
GAMGPCG:  Solving for cellDisplacementy, Initial residual = 0.9793028, Final residual = 6.894058e-09, No Iterations 1
GAMGPCG:  Solving for cellDisplacementz, Initial residual = 0, Final residual = 0, No Iterations 0
volume continuity errors : volume = 4.535015, max error = 1.119367e-08, sum local = 7.110234e-15, global = -1.162367e-18
smoothSolver:  Solving for Ux, Initial residual = 0.05094963, Final residual = 8.649232e-08, No Iterations 1
smoothSolver:  Solving for Uy, Initial residual = 0.01337502, Final residual = 1.706176e-07, No Iterations 1
smoothSolver:  Solving for Uz, Initial residual = 0.9696166, Final residual = 2.109299e-06, No Iterations 1
GPU: 42 iters: 0.9160124 s: 23.54222 GB/s
Total exec time 95.47095
 Total comm time 0.2884139Pre time 0.227757 Post time 0.06065686
GPUBICGS:  Solving for p, Initial residual = 0.2263246, Final residual = 0.001965253, No Iterations 42
GPU: 121 iters: 2.611793 s: 23.78734 GB/s
Total exec time 98.08275
 Total comm time 0.2957497Pre time 0.233997 Post time 0.06175267
GPUBICGS:  Solving for p, Initial residual = 0.01212433, Final residual = 0.0001197167, No Iterations 121
time step continuity errors : sum local = 3.230929e-11, global = -1.364158e-12, cumulative = -3.395069e-09
Moving mesh time step continuity errors : sum local = 3.230929e-11, global = -1.364158e-12, cumulative = -3.396433e-09
GPU: 152 iters: 3.284668 s: 23.76028 GB/s
Total exec time 101.3674
 Total comm time 0.304681Pre time 0.2419398 Post time 0.06274118
GPUBICGS:  Solving for p, Initial residual = 0.004201534, Final residual = 3.999371e-05, No Iterations 152
GPU: 606 iters: 13.06404 s: 23.81741 GB/s
Total exec time 114.4315
 Total comm time 0.3416619Pre time 0.273265 Post time 0.06839686
GPUBICGS:  Solving for p, Initial residual = 0.001790424, Final residual = 5.26869e-08, No Iterations 606
time step continuity errors : sum local = 1.416809e-14, global = 1.03212e-14, cumulative = -3.396423e-09
Moving mesh time step continuity errors : sum local = 1.416809e-14, global = 1.03212e-14, cumulative = -3.396412e-09
smoothSolver:  Solving for k, Initial residual = 0.002273278, Final residual = 1.107295e-09, No Iterations 1
ExecutionTime = 221.42 s  ClockTime = 228 s

Courant Number mean: 7.675312e-05 max: 0.002856741 velocity magnitude: 0.952316
yForce = 5.623954
Y= 3.517148e-11
Vy= 2.679655e-06
Time = 2.5e-05

GAMGPCG:  Solving for cellDisplacementx, Initial residual = 0, Final residual = 0, No Iterations 0
Total solver time is 0
Total solver time is 0
Total solver time is 0
GAMGPCG:  Solving for cellDisplacementy, Initial residual = 0.1423004, Final residual = 2.80891e-09, No Iterations 1
GAMGPCG:  Solving for cellDisplacementz, Initial residual = 0, Final residual = 0, No Iterations 0
volume continuity errors : volume = 4.535015, max error = 1.397401e-08, sum local = 7.164706e-15, global = 9.737873e-19
smoothSolver:  Solving for Ux, Initial residual = 0.02709357, Final residual = 3.519685e-08, No Iterations 1
smoothSolver:  Solving for Uy, Initial residual = 0.004518493, Final residual = 6.297464e-08, No Iterations 1
smoothSolver:  Solving for Uz, Initial residual = 0.8098522, Final residual = 1.629526e-06, No Iterations 1
GPU: 9 iters: 0.2032316 s: 22.73792 GB/s
Total exec time 114.6347
 Total comm time 0.3422211Pre time 0.2737646 Post time 0.06845642
GPUBICGS:  Solving for p, Initial residual = 0.1533631, Final residual = 0.001473363, No Iterations 9
GPU: 133 iters: 2.892046 s: 23.61271 GB/s
Total exec time 117.5267
 Total comm time 0.3680955Pre time 0.2807065 Post time 0.08738899
GPUBICGS:  Solving for p, Initial residual = 0.003653692, Final residual = 3.635727e-05, No Iterations 133
time step continuity errors : sum local = 8.642967e-12, global = 2.776326e-13, cumulative = -3.396135e-09
Moving mesh time step continuity errors : sum local = 8.642967e-12, global = 2.776326e-13, cumulative = -3.395857e-09
GPU: 136 iters: 2.945739 s: 23.70522 GB/s
Total exec time 120.4725
 Total comm time 0.3779924Pre time 0.2880588 Post time 0.08993366
GPUBICGS:  Solving for p, Initial residual = 0.0009179331, Final residual = 9.255065e-06, No Iterations 136
GPU: 503 iters: 10.83393 s: 23.83864 GB/s
Total exec time 131.3064
 Total comm time 0.4100588Pre time 0.3144637 Post time 0.09559504
GPUBICGS:  Solving for p, Initial residual = 0.000320057, Final residual = 9.253162e-08, No Iterations 503
time step continuity errors : sum local = 2.195666e-14, global = -1.067027e-14, cumulative = -3.395868e-09
Moving mesh time step continuity errors : sum local = 2.195666e-14, global = -1.067027e-14, cumulative = -3.395878e-09
smoothSolver:  Solving for k, Initial residual = 0.001554876, Final residual = 7.438783e-10, No Iterations 1
ExecutionTime = 257.4 s  ClockTime = 264 s

Courant Number mean: 7.67531e-05 max: 0.002854617 velocity magnitude: 0.9516077
yForce = 3.868687
Y= 5.454256e-11
Vy= 5.068774e-06
Time = 3e-05

GAMGPCG:  Solving for cellDisplacementx, Initial residual = 0, Final residual = 0, No Iterations 0
Total solver time is 0
Total solver time is 0
Total solver time is 0
GAMGPCG:  Solving for cellDisplacementy, Initial residual = 0.4296567, Final residual = 3.060245e-09, No Iterations 1
GAMGPCG:  Solving for cellDisplacementz, Initial residual = 0, Final residual = 0, No Iterations 0
volume continuity errors : volume = 4.535015, max error = 1.212393e-08, sum local = 7.158058e-15, global = 5.314623e-19
smoothSolver:  Solving for Ux, Initial residual = 0.01762474, Final residual = 1.836517e-08, No Iterations 1
smoothSolver:  Solving for Uy, Initial residual = 0.001238285, Final residual = 3.226931e-08, No Iterations 1
smoothSolver:  Solving for Uz, Initial residual = 0.3267511, Final residual = 3.31756e-06, No Iterations 1
GPU: 3 iters: 0.07683683 s: 20.04709 GB/s
Total exec time 131.3832
 Total comm time 0.4102589Pre time 0.3146415 Post time 0.09561741
GPUBICGS:  Solving for p, Initial residual = 0.1088447, Final residual = 0.000726186, No Iterations 3
GPU: 50 iters: 1.079451 s: 23.783 GB/s
Total exec time 132.4627
 Total comm time 0.4131984Pre time 0.3172265 Post time 0.0959719
GPUBICGS:  Solving for p, Initial residual = 0.001332375, Final residual = 1.071559e-05, No Iterations 50
time step continuity errors : sum local = 2.298853e-12, global = -4.137615e-14, cumulative = -3.39592e-09
Moving mesh time step continuity errors : sum local = 2.298853e-12, global = -4.137615e-14, cumulative = -3.395961e-09
GPU: 33 iters: 0.721777 s: 23.47525 GB/s
Total exec time 133.1845
 Total comm time 0.4155692Pre time 0.3189792 Post time 0.09658998
GPUBICGS:  Solving for p, Initial residual = 0.0002577499, Final residual = 9.836772e-06, No Iterations 33
GPU: 648 iters: 13.93969 s: 23.86829 GB/s
Total exec time 147.1241
 Total comm time 0.4590748Pre time 0.3517977 Post time 0.1072771
GPUBICGS:  Solving for p, Initial residual = 0.0001005834, Final residual = 9.494658e-08, No Iterations 648
time step continuity errors : sum local = 2.03613e-14, global = -1.426323e-14, cumulative = -3.395975e-09
Moving mesh time step continuity errors : sum local = 2.03613e-14, global = -1.426323e-14, cumulative = -3.39599e-09
smoothSolver:  Solving for k, Initial residual = 0.001156959, Final residual = 5.465248e-10, No Iterations 1
ExecutionTime = 290.92 s  ClockTime = 298 s

Courant Number mean: 7.675326e-05 max: 0.002852248 velocity magnitude: 0.950818
yForce = -4.111628
Y= 7.353852e-11
Vy= 2.529614e-06
Time = 3.5e-05

GAMGPCG:  Solving for cellDisplacementx, Initial residual = 0, Final residual = 0, No Iterations 0
Total solver time is 0
Total solver time is 0
Total solver time is 0
GAMGPCG:  Solving for cellDisplacementy, Initial residual = 0.3242306, Final residual = 2.569477e-09, No Iterations 1
GAMGPCG:  Solving for cellDisplacementz, Initial residual = 0, Final residual = 0, No Iterations 0
volume continuity errors : volume = 4.535015, max error = 1.112362e-08, sum local = 7.15913e-15, global = -9.319912e-19
smoothSolver:  Solving for Ux, Initial residual = 0.01352874, Final residual = 1.448228e-08, No Iterations 1
smoothSolver:  Solving for Uy, Initial residual = 0.0009636302, Final residual = 2.426478e-08, No Iterations 1
smoothSolver:  Solving for Uz, Initial residual = 0.4123082, Final residual = 5.248473e-06, No Iterations 1
GPU: 2 iters: 0.05347712 s: 19.20266 GB/s
Total exec time 147.1776
 Total comm time 0.459218Pre time 0.3519252 Post time 0.1072928
GPUBICGS:  Solving for p, Initial residual = 0.09114192, Final residual = 0.0003994748, No Iterations 2
GPU: 25 iters: 0.5512003 s: 23.28788 GB/s
Total exec time 147.7288
 Total comm time 0.461032Pre time 0.3532804 Post time 0.1077516
GPUBICGS:  Solving for p, Initial residual = 0.0005780288, Final residual = 9.67492e-06, No Iterations 25
time step continuity errors : sum local = 1.905892e-12, global = -1.196296e-14, cumulative = -3.396002e-09
Moving mesh time step continuity errors : sum local = 1.905892e-12, global = -1.196296e-14, cumulative = -3.396014e-09
GPU: 9 iters: 0.2035546 s: 22.70184 GB/s
Total exec time 147.9324
 Total comm time 0.4615983Pre time 0.3537873 Post time 0.107811
GPUBICGS:  Solving for p, Initial residual = 8.258609e-05, Final residual = 9.383567e-06, No Iterations 9
GPU: 285 iters: 6.15406 s: 23.7784 GB/s
Total exec time 154.0864
 Total comm time 0.4930798Pre time 0.3691332 Post time 0.1239467
GPUBICGS:  Solving for p, Initial residual = 2.939574e-05, Final residual = 8.676793e-08, No Iterations 285
time step continuity errors : sum local = 1.709014e-14, global = -1.229443e-14, cumulative = -3.396026e-09
Moving mesh time step continuity errors : sum local = 1.709014e-14, global = -1.229443e-14, cumulative = -3.396038e-09
smoothSolver:  Solving for k, Initial residual = 0.0009097722, Final residual = 4.377548e-10, No Iterations 1
ExecutionTime = 316.29 s  ClockTime = 323 s

Courant Number mean: 7.675323e-05 max: 0.002849503 velocity magnitude: 0.949903
yForce = 1.415288
Y= 8.837162e-11
Vy= 3.403627e-06
Time = 4e-05

GAMGPCG:  Solving for cellDisplacementx, Initial residual = 0, Final residual = 0, No Iterations 0
Total solver time is 0
Total solver time is 0
Total solver time is 0
GAMGPCG:  Solving for cellDisplacementy, Initial residual = 0.2204545, Final residual = 1.847787e-09, No Iterations 1
GAMGPCG:  Solving for cellDisplacementz, Initial residual = 0, Final residual = 0, No Iterations 0
volume continuity errors : volume = 4.535015, max error = 1.177764e-08, sum local = 7.167459e-15, global = -1.771699e-19
smoothSolver:  Solving for Ux, Initial residual = 0.01095177, Final residual = 1.187312e-08, No Iterations 1
smoothSolver:  Solving for Uy, Initial residual = 0.0008055604, Final residual = 1.942672e-08, No Iterations 1
smoothSolver:  Solving for Uz, Initial residual = 0.3493078, Final residual = 4.772136e-06, No Iterations 1
GPU: 2 iters: 0.05381242 s: 19.08301 GB/s
Total exec time 154.1403
 Total comm time 0.4932219Pre time 0.3692591 Post time 0.1239628
GPUBICGS:  Solving for p, Initial residual = 0.07497274, Final residual = 0.000163374, No Iterations 2
GPU: 9 iters: 0.2062792 s: 22.40199 GB/s
Total exec time 154.3465
 Total comm time 0.4941469Pre time 0.3697433 Post time 0.1244036
GPUBICGS:  Solving for p, Initial residual = 0.000306731, Final residual = 9.499987e-06, No Iterations 9
time step continuity errors : sum local = 1.738558e-12, global = -8.503353e-15, cumulative = -3.396047e-09
Moving mesh time step continuity errors : sum local = 1.738558e-12, global = -8.503353e-15, cumulative = -3.396055e-09
GPU: 2 iters: 0.05306922 s: 19.35026 GB/s
Total exec time 154.3996
 Total comm time 0.4942896Pre time 0.3698706 Post time 0.124419
GPUBICGS:  Solving for p, Initial residual = 3.622808e-05, Final residual = 9.925989e-06, No Iterations 2
GPU: 171 iters: 3.68741 s: 23.81081 GB/s
Total exec time 158.087
 Total comm time 0.5053001Pre time 0.3789114 Post time 0.1263887
GPUBICGS:  Solving for p, Initial residual = 1.550518e-05, Final residual = 9.884381e-08, No Iterations 171
time step continuity errors : sum local = 1.808797e-14, global = -1.288793e-14, cumulative = -3.396068e-09
Moving mesh time step continuity errors : sum local = 1.808797e-14, global = -1.288793e-14, cumulative = -3.396081e-09
smoothSolver:  Solving for k, Initial residual = 0.0007437133, Final residual = 3.630124e-10, No Iterations 1
ExecutionTime = 339.27 s  ClockTime = 346 s

Courant Number mean: 7.675326e-05 max: 0.002846383 velocity magnitude: 0.948863
yForce = 0.3522472
Y= 1.059336e-10
Vy= 3.621153e-06
Time = 4.5e-05

GAMGPCG:  Solving for cellDisplacementx, Initial residual = 0, Final residual = 0, No Iterations 0
Total solver time is 0
Total solver time is 0
Total solver time is 0
GAMGPCG:  Solving for cellDisplacementy, Initial residual = 0.2252721, Final residual = 1.697238e-09, No Iterations 1
GAMGPCG:  Solving for cellDisplacementz, Initial residual = 0, Final residual = 0, No Iterations 0
volume continuity errors : volume = 4.535015, max error = 1.121622e-08, sum local = 7.166987e-15, global = 6.027643e-19
smoothSolver:  Solving for Ux, Initial residual = 0.009357162, Final residual = 1.007662e-08, No Iterations 1
smoothSolver:  Solving for Uy, Initial residual = 0.0006805383, Final residual = 1.602589e-08, No Iterations 1
smoothSolver:  Solving for Uz, Initial residual = 0.2127267, Final residual = 2.321064e-06, No Iterations 1
GPU: 2 iters: 0.0550649 s: 18.64896 GB/s
Total exec time 158.1421
 Total comm time 0.5054491Pre time 0.3790449 Post time 0.1264042
GPUBICGS:  Solving for p, Initial residual = 0.06277094, Final residual = 0.0001239282, No Iterations 2
GPU: 8 iters: 0.1830628 s: 22.43826 GB/s
Total exec time 158.3251
 Total comm time 0.5059448Pre time 0.3794875 Post time 0.1264573
GPUBICGS:  Solving for p, Initial residual = 0.0002278913, Final residual = 9.368367e-06, No Iterations 8
time step continuity errors : sum local = 1.606683e-12, global = -1.433745e-14, cumulative = -3.396095e-09
Moving mesh time step continuity errors : sum local = 1.606683e-12, global = -1.433745e-14, cumulative = -3.39611e-09
GPU: 2 iters: 0.05481498 s: 18.73399 GB/s
Total exec time 158.38
 Total comm time 0.5060909Pre time 0.379618 Post time 0.1264729
GPUBICGS:  Solving for p, Initial residual = 2.411713e-05, Final residual = 9.56751e-06, No Iterations 2
GPU: 210 iters: 4.532182 s: 23.79093 GB/s
Total exec time 162.9121
 Total comm time 0.5297145Pre time 0.3909244 Post time 0.13879
GPUBICGS:  Solving for p, Initial residual = 1.172526e-05, Final residual = 9.879746e-08, No Iterations 210
time step continuity errors : sum local = 1.694318e-14, global = -1.26254e-14, cumulative = -3.396122e-09
Moving mesh time step continuity errors : sum local = 1.694318e-14, global = -1.26254e-14, cumulative = -3.396135e-09
smoothSolver:  Solving for k, Initial residual = 0.0006256119, Final residual = 3.112328e-10, No Iterations 1
ExecutionTime = 362.66 s  ClockTime = 370 s

Courant Number mean: 7.675325e-05 max: 0.002842882 velocity magnitude: 0.9482458
yForce = -0.617219
Y= 1.230864e-10
Vy= 3.239982e-06
Time = 5e-05

GAMGPCG:  Solving for cellDisplacementx, Initial residual = 0, Final residual = 0, No Iterations 0
Total solver time is 0
Total solver time is 0
Total solver time is 0
GAMGPCG:  Solving for cellDisplacementy, Initial residual = 0.1918419, Final residual = 1.487942e-09, No Iterations 1
GAMGPCG:  Solving for cellDisplacementz, Initial residual = 0, Final residual = 0, No Iterations 0
volume continuity errors : volume = 4.535015, max error = 1.213885e-08, sum local = 7.160967e-15, global = -7.40155e-19
smoothSolver:  Solving for Ux, Initial residual = 0.008277603, Final residual = 8.762866e-09, No Iterations 1
smoothSolver:  Solving for Uy, Initial residual = 0.0005944221, Final residual = 1.35637e-08, No Iterations 1
smoothSolver:  Solving for Uz, Initial residual = 0.3043758, Final residual = 1.484349e-06, No Iterations 1
GPU: 2 iters: 0.05339715 s: 19.23142 GB/s
Total exec time 162.9655
 Total comm time 0.5298974Pre time 0.3910918 Post time 0.1388056
GPUBICGS:  Solving for p, Initial residual = 0.05636487, Final residual = 9.681079e-05, No Iterations 2
GPU: 6 iters: 0.139492 s: 22.08521 GB/s
Total exec time 163.105
 Total comm time 0.5302697Pre time 0.3914236 Post time 0.1388461
GPUBICGS:  Solving for p, Initial residual = 0.0001782911, Final residual = 9.887281e-06, No Iterations 6
time step continuity errors : sum local = 1.599988e-12, global = -1.206007e-14, cumulative = -3.396147e-09
Moving mesh time step continuity errors : sum local = 1.599988e-12, global = -1.206007e-14, cumulative = -3.396159e-09
GPU: 2 iters: 0.05499136 s: 18.6739 GB/s
Total exec time 163.16
 Total comm time 0.530415Pre time 0.3915533 Post time 0.1388617
GPUBICGS:  Solving for p, Initial residual = 2.007215e-05, Final residual = 9.116743e-06, No Iterations 2
GPU: 164 iters: 3.553011 s: 23.69991 GB/s
Total exec time 166.713
 Total comm time 0.5450683Pre time 0.4003598 Post time 0.1447084
GPUBICGS:  Solving for p, Initial residual = 1.058421e-05, Final residual = 9.327679e-08, No Iterations 164
time step continuity errors : sum local = 1.509386e-14, global = -5.227515e-15, cumulative = -3.396164e-09
Moving mesh time step continuity errors : sum local = 1.509386e-14, global = -5.227515e-15, cumulative = -3.396169e-09
smoothSolver:  Solving for k, Initial residual = 0.0005378955, Final residual = 2.738427e-10, No Iterations 1
ExecutionTime = 385.07 s  ClockTime = 392 s

yForce = 0.2645693
Y= 1.396948e-10
Vy= 3.403363e-06
End

Finalising parallel run
