 Data for JOB [6822,1] offset 0

 ========================   JOB MAP   ========================

 Data for node: ivb108	Num slots: 12	Max slots: 0	Num procs: 12
 	Process OMPI jobid: [6822,1] App: 0 Process rank: 0
 	Process OMPI jobid: [6822,1] App: 0 Process rank: 1
 	Process OMPI jobid: [6822,1] App: 0 Process rank: 2
 	Process OMPI jobid: [6822,1] App: 0 Process rank: 3
 	Process OMPI jobid: [6822,1] App: 0 Process rank: 4
 	Process OMPI jobid: [6822,1] App: 0 Process rank: 5
 	Process OMPI jobid: [6822,1] App: 0 Process rank: 6
 	Process OMPI jobid: [6822,1] App: 0 Process rank: 7
 	Process OMPI jobid: [6822,1] App: 0 Process rank: 8
 	Process OMPI jobid: [6822,1] App: 0 Process rank: 9
 	Process OMPI jobid: [6822,1] App: 0 Process rank: 10
 	Process OMPI jobid: [6822,1] App: 0 Process rank: 11

 Data for node: ivb109	Num slots: 12	Max slots: 0	Num procs: 12
 	Process OMPI jobid: [6822,1] App: 0 Process rank: 12
 	Process OMPI jobid: [6822,1] App: 0 Process rank: 13
 	Process OMPI jobid: [6822,1] App: 0 Process rank: 14
 	Process OMPI jobid: [6822,1] App: 0 Process rank: 15
 	Process OMPI jobid: [6822,1] App: 0 Process rank: 16
 	Process OMPI jobid: [6822,1] App: 0 Process rank: 17
 	Process OMPI jobid: [6822,1] App: 0 Process rank: 18
 	Process OMPI jobid: [6822,1] App: 0 Process rank: 19
 	Process OMPI jobid: [6822,1] App: 0 Process rank: 20
 	Process OMPI jobid: [6822,1] App: 0 Process rank: 21
 	Process OMPI jobid: [6822,1] App: 0 Process rank: 22
 	Process OMPI jobid: [6822,1] App: 0 Process rank: 23

 =============================================================
[ivb108:10403] MCW rank 5 bound to socket 0[core 5[hwt 0]]: [./././././B/./././.][./././././././././.]
[ivb108:10403] MCW rank 6 bound to socket 0[core 6[hwt 0]]: [././././././B/././.][./././././././././.]
[ivb108:10403] MCW rank 7 bound to socket 0[core 7[hwt 0]]: [./././././././B/./.][./././././././././.]
[ivb108:10403] MCW rank 8 bound to socket 0[core 8[hwt 0]]: [././././././././B/.][./././././././././.]
[ivb108:10403] MCW rank 9 bound to socket 0[core 9[hwt 0]]: [./././././././././B][./././././././././.]
[ivb108:10403] MCW rank 10 bound to socket 1[core 10[hwt 0]]: [./././././././././.][B/././././././././.]
[ivb108:10403] MCW rank 11 bound to socket 1[core 11[hwt 0]]: [./././././././././.][./B/./././././././.]
[ivb108:10403] MCW rank 0 bound to socket 0[core 0[hwt 0]]: [B/././././././././.][./././././././././.]
[ivb108:10403] MCW rank 1 bound to socket 0[core 1[hwt 0]]: [./B/./././././././.][./././././././././.]
[ivb108:10403] MCW rank 2 bound to socket 0[core 2[hwt 0]]: [././B/././././././.][./././././././././.]
[ivb108:10403] MCW rank 3 bound to socket 0[core 3[hwt 0]]: [./././B/./././././.][./././././././././.]
[ivb108:10403] MCW rank 4 bound to socket 0[core 4[hwt 0]]: [././././B/././././.][./././././././././.]
[ivb109:20701] MCW rank 17 bound to socket 0[core 5[hwt 0]]: [./././././B/./././.][./././././././././.]
[ivb109:20701] MCW rank 18 bound to socket 0[core 6[hwt 0]]: [././././././B/././.][./././././././././.]
[ivb109:20701] MCW rank 19 bound to socket 0[core 7[hwt 0]]: [./././././././B/./.][./././././././././.]
[ivb109:20701] MCW rank 20 bound to socket 0[core 8[hwt 0]]: [././././././././B/.][./././././././././.]
[ivb109:20701] MCW rank 21 bound to socket 0[core 9[hwt 0]]: [./././././././././B][./././././././././.]
[ivb109:20701] MCW rank 22 bound to socket 1[core 10[hwt 0]]: [./././././././././.][B/././././././././.]
[ivb109:20701] MCW rank 23 bound to socket 1[core 11[hwt 0]]: [./././././././././.][./B/./././././././.]
[ivb109:20701] MCW rank 12 bound to socket 0[core 0[hwt 0]]: [B/././././././././.][./././././././././.]
[ivb109:20701] MCW rank 13 bound to socket 0[core 1[hwt 0]]: [./B/./././././././.][./././././././././.]
[ivb109:20701] MCW rank 14 bound to socket 0[core 2[hwt 0]]: [././B/././././././.][./././././././././.]
[ivb109:20701] MCW rank 15 bound to socket 0[core 3[hwt 0]]: [./././B/./././././.][./././././././././.]
[ivb109:20701] MCW rank 16 bound to socket 0[core 4[hwt 0]]: [././././B/././././.][./././././././././.]
/*---------------------------------------------------------------------------*\
| =========                 |                                                 |
| \\      /  F ield         | foam-extend: Open Source CFD                    |
|  \\    /   O peration     | Version:     3.1                                |
|   \\  /    A nd           | Web:         http://www.extend-project.de       |
|    \\/     M anipulation  |                                                 |
\*---------------------------------------------------------------------------*/
Build    : 3.1-e2da948002a2
Exec     : interFoam -parallel
Date     : May 19 2016
Time     : 10:49:48
Host     : ivb108
PID      : 10470
CtrlDict : /home-2/vplatonov/foam/foam-extend-3.1/etc/controlDict
Case     : /home/vplatonov/tests/rt12mln
nProcs   : 24
Slaves : 
23
(
ivb108.10469
ivb108.10474
ivb108.10480
ivb108.10488
ivb108.10493
ivb108.10499
ivb108.10505
ivb108.10496
ivb108.10508
ivb108.10502
ivb108.10510
ivb109.20766
ivb109.20764
ivb109.20765
ivb109.20770
ivb109.20782
ivb109.20791
ivb109.20794
ivb109.20797
ivb109.20785
ivb109.20788
ivb109.20800
ivb109.20802
)

Pstream initialized with:
    floatTransfer     : 0
    nProcsSimpleSum   : 0
    commsType         : blocking
SigFpe   : Enabling floating point exception trapping (FOAM_SIGFPE).

// * * * * * * * * * * * * * * * * * * * * * * * * * * * * * * * * * * * * * //
Create time

Create mesh for time = 0


Reading g
Reading field pd

Reading field alpha1

Reading field U

Reading/calculating face flux field phi

Reading transportProperties

Selecting incompressible transport model Newtonian
Selecting incompressible transport model Newtonian
Calculating field g.h

Selecting turbulence model type laminar
time step continuity errors : sum local = 0, global = 0, cumulative = 0
Created persistent data with name pcorr
GPUPCG:  Solving for pcorr, Initial residual = 0, Final residual = 0, No Iterations 0
time step continuity errors : sum local = 0, global = 0, cumulative = 0
Courant Number mean: 0 max: 0 velocity magnitude: 0

Starting time loop

Courant Number mean: 0 max: 0 velocity magnitude: 0
Time = 0.001

MULES: Solving for alpha1
Liquid phase volume fraction = 0.00275421  Min(alpha1) = 0  Max(alpha1) = 1
MULES: Solving for alpha1
Liquid phase volume fraction = 0.00275421  Min(alpha1) = 0  Max(alpha1) = 1
Created persistent data with name pd
Computing AINV with droptol 0.02
GPU: 7 iters: 0.175002 s: 8.90579 GB/s
GPUPCG:  Solving for pd, Initial residual = 1, Final residual = 0.0430394, No Iterations 7
Computing AINV with droptol 0.02
GPU: 180 iters: 3.21804 s: 12.4537 GB/s
GPUPCG:  Solving for pd, Initial residual = 0.0260729, Final residual = 0.0012985, No Iterations 180
GPU: 915 iters: 16.1394 s: 12.6227 GB/s
GPUPCG:  Solving for pd, Initial residual = 0.00735389, Final residual = 9.73666e-08, No Iterations 915
time step continuity errors : sum local = 7.26237e-12, global = -3.12666e-24, cumulative = -3.12666e-24
ExecutionTime = 47.64 s  ClockTime = 77 s

Courant Number mean: 4.83081e-06 max: 0.00215842 velocity magnitude: 0.0337252
Time = 0.002

MULES: Solving for alpha1
Liquid phase volume fraction = 0.00275421  Min(alpha1) = 0  Max(alpha1) = 1
MULES: Solving for alpha1
Liquid phase volume fraction = 0.00275421  Min(alpha1) = 0  Max(alpha1) = 1
GPU: 685 iters: 12.1081 s: 12.596 GB/s
GPUPCG:  Solving for pd, Initial residual = 0.00479287, Final residual = 0.000235473, No Iterations 685
GPU: 699 iters: 12.3547 s: 12.5969 GB/s
GPUPCG:  Solving for pd, Initial residual = 0.00394924, Final residual = 0.000193157, No Iterations 699
GPU: 962 iters: 16.9682 s: 12.6228 GB/s
GPUPCG:  Solving for pd, Initial residual = 0.00349725, Final residual = 9.78009e-08, No Iterations 962
time step continuity errors : sum local = 4.14644e-08, global = -4.14583e-08, cumulative = -4.14583e-08
ExecutionTime = 95.43 s  ClockTime = 127 s

Courant Number mean: 1.35694e-05 max: 0.22109 velocity magnitude: 1.72726
Time = 0.003

MULES: Solving for alpha1
Liquid phase volume fraction = 0.00275424  Min(alpha1) = -1.26454e-30  Max(alpha1) = 1
MULES: Solving for alpha1
Liquid phase volume fraction = 0.00275426  Min(alpha1) = -4.60024e-30  Max(alpha1) = 1
GPU: 701 iters: 12.3909 s: 12.596 GB/s
GPUPCG:  Solving for pd, Initial residual = 0.00748057, Final residual = 0.000372257, No Iterations 701
GPU: 663 iters: 11.7023 s: 12.6142 GB/s
GPUPCG:  Solving for pd, Initial residual = 0.00520929, Final residual = 0.000257137, No Iterations 663
GPU: 928 iters: 16.421 s: 12.5825 GB/s
GPUPCG:  Solving for pd, Initial residual = 0.00513549, Final residual = 9.75903e-08, No Iterations 928
time step continuity errors : sum local = 2.25588e-08, global = -2.25535e-08, cumulative = -6.40119e-08
ExecutionTime = 142.41 s  ClockTime = 175 s

Courant Number mean: 1.63745e-05 max: 0.133486 velocity magnitude: 1.04286
Time = 0.004

MULES: Solving for alpha1
Liquid phase volume fraction = 0.00275427  Min(alpha1) = -1.15886e-29  Max(alpha1) = 1
MULES: Solving for alpha1
Liquid phase volume fraction = 0.00275428  Min(alpha1) = -9.67046e-30  Max(alpha1) = 1
GPU: 700 iters: 12.3213 s: 12.6491 GB/s
GPUPCG:  Solving for pd, Initial residual = 0.00849416, Final residual = 0.000420473, No Iterations 700
Computing AINV with droptol 0.02
GPU: 687 iters: 12.151 s: 12.5882 GB/s
GPUPCG:  Solving for pd, Initial residual = 0.00720247, Final residual = 0.000350148, No Iterations 687
GPU: 962 iters: 16.9868 s: 12.609 GB/s
GPUPCG:  Solving for pd, Initial residual = 0.00670287, Final residual = 9.88773e-08, No Iterations 962
time step continuity errors : sum local = 1.06527e-08, global = -1.06477e-08, cumulative = -7.46596e-08
ExecutionTime = 190.36 s  ClockTime = 225 s

Courant Number mean: 2.03279e-05 max: 0.0759194 velocity magnitude: 0.59312
Time = 0.005

MULES: Solving for alpha1
Liquid phase volume fraction = 0.00275429  Min(alpha1) = -1.49359e-29  Max(alpha1) = 1
MULES: Solving for alpha1
Liquid phase volume fraction = 0.00275429  Min(alpha1) = -9.75027e-30  Max(alpha1) = 1
GPU: 699 iters: 12.3611 s: 12.5904 GB/s
GPUPCG:  Solving for pd, Initial residual = 0.00674835, Final residual = 0.000334553, No Iterations 699
GPU: 662 iters: 11.6907 s: 12.6077 GB/s
GPUPCG:  Solving for pd, Initial residual = 0.00591608, Final residual = 0.000293081, No Iterations 662
GPU: 937 iters: 16.5336 s: 12.6179 GB/s
GPUPCG:  Solving for pd, Initial residual = 0.00571282, Final residual = 9.91658e-08, No Iterations 937
time step continuity errors : sum local = 2.48303e-09, global = -2.47831e-09, cumulative = -7.71379e-08
ExecutionTime = 237.25 s  ClockTime = 274 s

Courant Number mean: 2.44337e-05 max: 0.0288149 velocity magnitude: 0.302731
Time = 0.006

MULES: Solving for alpha1
Liquid phase volume fraction = 0.00275429  Min(alpha1) = -2.18971e-29  Max(alpha1) = 1
MULES: Solving for alpha1
Liquid phase volume fraction = 0.00275429  Min(alpha1) = -1.77718e-29  Max(alpha1) = 1
GPU: 703 iters: 12.4248 s: 12.5975 GB/s
GPUPCG:  Solving for pd, Initial residual = 0.00747071, Final residual = 0.000364975, No Iterations 703
GPU: 761 iters: 13.4649 s: 12.5835 GB/s
GPUPCG:  Solving for pd, Initial residual = 0.00567303, Final residual = 0.00028001, No Iterations 761
GPU: 1000 iters: 17.7337 s: 12.555 GB/s
GPUPCG:  Solving for pd, Initial residual = 0.00560201, Final residual = 9.22082e-07, No Iterations 1000
time step continuity errors : sum local = 7.17835e-11, global = 2.86564e-11, cumulative = -7.71093e-08
ExecutionTime = 287.35 s  ClockTime = 326 s

Courant Number mean: 2.93695e-05 max: 0.0329322 velocity magnitude: 0.257283
Time = 0.007

MULES: Solving for alpha1
Liquid phase volume fraction = 0.00275429  Min(alpha1) = -3.28591e-29  Max(alpha1) = 1
MULES: Solving for alpha1
Liquid phase volume fraction = 0.00275429  Min(alpha1) = -3.72173e-29  Max(alpha1) = 1
Computing AINV with droptol 0.02
GPU: 707 iters: 12.4857 s: 12.6073 GB/s
GPUPCG:  Solving for pd, Initial residual = 0.00717892, Final residual = 0.000350575, No Iterations 707
GPU: 652 iters: 11.5107 s: 12.6114 GB/s
GPUPCG:  Solving for pd, Initial residual = 0.00461185, Final residual = 0.000230444, No Iterations 652
GPU: 874 iters: 15.4469 s: 12.5976 GB/s
GPUPCG:  Solving for pd, Initial residual = 0.0041909, Final residual = 9.75114e-08, No Iterations 874
time step continuity errors : sum local = 1.46909e-10, global = 1.42348e-10, cumulative = -7.69669e-08
ExecutionTime = 333.25 s  ClockTime = 373 s

Courant Number mean: 3.4471e-05 max: 0.00920699 velocity magnitude: 0.1304
Time = 0.008

MULES: Solving for alpha1
Liquid phase volume fraction = 0.00275429  Min(alpha1) = -4.74318e-29  Max(alpha1) = 1
MULES: Solving for alpha1
Liquid phase volume fraction = 0.00275429  Min(alpha1) = -5.20083e-29  Max(alpha1) = 1
GPU: 709 iters: 12.5219 s: 12.6064 GB/s
GPUPCG:  Solving for pd, Initial residual = 0.00759958, Final residual = 0.000375323, No Iterations 709
GPU: 306 iters: 5.42128 s: 12.5671 GB/s
GPUPCG:  Solving for pd, Initial residual = 0.00448863, Final residual = 0.000222114, No Iterations 306
GPU: 838 iters: 14.8088 s: 12.5992 GB/s
GPUPCG:  Solving for pd, Initial residual = 0.00419697, Final residual = 9.89006e-08, No Iterations 838
time step continuity errors : sum local = 1.57778e-10, global = 1.53182e-10, cumulative = -7.68137e-08
ExecutionTime = 372.56 s  ClockTime = 414 s

Courant Number mean: 3.95935e-05 max: 0.00904209 velocity magnitude: 0.140312
Time = 0.009

MULES: Solving for alpha1
Liquid phase volume fraction = 0.00275429  Min(alpha1) = -2.64332e-29  Max(alpha1) = 1
MULES: Solving for alpha1
Liquid phase volume fraction = 0.00275429  Min(alpha1) = -2.92329e-29  Max(alpha1) = 1
GPU: 712 iters: 12.6224 s: 12.5591 GB/s
GPUPCG:  Solving for pd, Initial residual = 0.00747594, Final residual = 0.000373627, No Iterations 712
GPU: 314 iters: 5.55977 s: 12.5745 GB/s
GPUPCG:  Solving for pd, Initial residual = 0.00469559, Final residual = 0.000229306, No Iterations 314
GPU: 842 iters: 14.9261 s: 12.5598 GB/s
GPUPCG:  Solving for pd, Initial residual = 0.00415413, Final residual = 9.68104e-08, No Iterations 842
time step continuity errors : sum local = 6.49151e-12, global = 2.00502e-12, cumulative = -7.68117e-08
ExecutionTime = 412.46 s  ClockTime = 455 s

Courant Number mean: 4.47252e-05 max: 0.00972275 velocity magnitude: 0.149316
Time = 0.01

MULES: Solving for alpha1
Liquid phase volume fraction = 0.00275429  Min(alpha1) = -3.38999e-29  Max(alpha1) = 1
MULES: Solving for alpha1
Liquid phase volume fraction = 0.00275429  Min(alpha1) = -3.6482e-29  Max(alpha1) = 1
GPU: 712 iters: 12.559 s: 12.6224 GB/s
GPUPCG:  Solving for pd, Initial residual = 0.00808924, Final residual = 0.000393554, No Iterations 712
Computing AINV with droptol 0.02
GPU: 304 iters: 5.39131 s: 12.5544 GB/s
GPUPCG:  Solving for pd, Initial residual = 0.00466332, Final residual = 0.000227114, No Iterations 304
GPU: 824 iters: 14.5601 s: 12.6003 GB/s
GPUPCG:  Solving for pd, Initial residual = 0.0043153, Final residual = 9.92128e-08, No Iterations 824
time step continuity errors : sum local = 4.63241e-11, global = -4.17516e-11, cumulative = -7.68535e-08
ExecutionTime = 451.84 s  ClockTime = 496 s

End

Finalising parallel run
