 Data for JOB [6319,1] offset 0

 ========================   JOB MAP   ========================

 Data for node: ivb108	Num slots: 6	Max slots: 0	Num procs: 6
 	Process OMPI jobid: [6319,1] App: 0 Process rank: 0
 	Process OMPI jobid: [6319,1] App: 0 Process rank: 1
 	Process OMPI jobid: [6319,1] App: 0 Process rank: 2
 	Process OMPI jobid: [6319,1] App: 0 Process rank: 3
 	Process OMPI jobid: [6319,1] App: 0 Process rank: 4
 	Process OMPI jobid: [6319,1] App: 0 Process rank: 5

 Data for node: ivb109	Num slots: 6	Max slots: 0	Num procs: 6
 	Process OMPI jobid: [6319,1] App: 0 Process rank: 6
 	Process OMPI jobid: [6319,1] App: 0 Process rank: 7
 	Process OMPI jobid: [6319,1] App: 0 Process rank: 8
 	Process OMPI jobid: [6319,1] App: 0 Process rank: 9
 	Process OMPI jobid: [6319,1] App: 0 Process rank: 10
 	Process OMPI jobid: [6319,1] App: 0 Process rank: 11

 Data for node: ivb110	Num slots: 6	Max slots: 0	Num procs: 6
 	Process OMPI jobid: [6319,1] App: 0 Process rank: 12
 	Process OMPI jobid: [6319,1] App: 0 Process rank: 13
 	Process OMPI jobid: [6319,1] App: 0 Process rank: 14
 	Process OMPI jobid: [6319,1] App: 0 Process rank: 15
 	Process OMPI jobid: [6319,1] App: 0 Process rank: 16
 	Process OMPI jobid: [6319,1] App: 0 Process rank: 17

 Data for node: ivb111	Num slots: 6	Max slots: 0	Num procs: 6
 	Process OMPI jobid: [6319,1] App: 0 Process rank: 18
 	Process OMPI jobid: [6319,1] App: 0 Process rank: 19
 	Process OMPI jobid: [6319,1] App: 0 Process rank: 20
 	Process OMPI jobid: [6319,1] App: 0 Process rank: 21
 	Process OMPI jobid: [6319,1] App: 0 Process rank: 22
 	Process OMPI jobid: [6319,1] App: 0 Process rank: 23

 =============================================================
[ivb108:10922] MCW rank 0 bound to socket 0[core 0[hwt 0]]: [B/././././././././.][./././././././././.]
[ivb108:10922] MCW rank 1 bound to socket 0[core 1[hwt 0]]: [./B/./././././././.][./././././././././.]
[ivb108:10922] MCW rank 2 bound to socket 0[core 2[hwt 0]]: [././B/././././././.][./././././././././.]
[ivb108:10922] MCW rank 3 bound to socket 0[core 3[hwt 0]]: [./././B/./././././.][./././././././././.]
[ivb108:10922] MCW rank 4 bound to socket 0[core 4[hwt 0]]: [././././B/././././.][./././././././././.]
[ivb108:10922] MCW rank 5 bound to socket 0[core 5[hwt 0]]: [./././././B/./././.][./././././././././.]
[ivb109:21211] MCW rank 6 bound to socket 0[core 0[hwt 0]]: [B/././././././././.][./././././././././.]
[ivb109:21211] MCW rank 7 bound to socket 0[core 1[hwt 0]]: [./B/./././././././.][./././././././././.]
[ivb109:21211] MCW rank 8 bound to socket 0[core 2[hwt 0]]: [././B/././././././.][./././././././././.]
[ivb109:21211] MCW rank 9 bound to socket 0[core 3[hwt 0]]: [./././B/./././././.][./././././././././.]
[ivb109:21211] MCW rank 10 bound to socket 0[core 4[hwt 0]]: [././././B/././././.][./././././././././.]
[ivb109:21211] MCW rank 11 bound to socket 0[core 5[hwt 0]]: [./././././B/./././.][./././././././././.]
[ivb111:40675] MCW rank 19 bound to socket 0[core 1[hwt 0]]: [./B/./././././././.][./././././././././.]
[ivb111:40675] MCW rank 20 bound to socket 0[core 2[hwt 0]]: [././B/././././././.][./././././././././.]
[ivb111:40675] MCW rank 21 bound to socket 0[core 3[hwt 0]]: [./././B/./././././.][./././././././././.]
[ivb111:40675] MCW rank 22 bound to socket 0[core 4[hwt 0]]: [././././B/././././.][./././././././././.]
[ivb111:40675] MCW rank 23 bound to socket 0[core 5[hwt 0]]: [./././././B/./././.][./././././././././.]
[ivb111:40675] MCW rank 18 bound to socket 0[core 0[hwt 0]]: [B/././././././././.][./././././././././.]
[ivb110:32040] MCW rank 17 bound to socket 0[core 5[hwt 0]]: [./././././B/./././.][./././././././././.]
[ivb110:32040] MCW rank 12 bound to socket 0[core 0[hwt 0]]: [B/././././././././.][./././././././././.]
[ivb110:32040] MCW rank 13 bound to socket 0[core 1[hwt 0]]: [./B/./././././././.][./././././././././.]
[ivb110:32040] MCW rank 14 bound to socket 0[core 2[hwt 0]]: [././B/././././././.][./././././././././.]
[ivb110:32040] MCW rank 15 bound to socket 0[core 3[hwt 0]]: [./././B/./././././.][./././././././././.]
[ivb110:32040] MCW rank 16 bound to socket 0[core 4[hwt 0]]: [././././B/././././.][./././././././././.]
/home-2/vplatonov/bin/nvmps: line 18: CUDEV%CUDEV_N: division by 0 (error token is "CUDEV_N")
/home-2/vplatonov/bin/nvmps: line 18: CUDEV%CUDEV_N: division by 0 (error token is "CUDEV_N")
/bin/bash: line 1: 1: command not found
/home-2/vplatonov/bin/nvmps: line 18: CUDEV%CUDEV_N: division by 0 (error token is "CUDEV_N")
/bin/bash: line 2: 2: command not found
/home-2/vplatonov/bin/nvmps: line 18: CUDEV%CUDEV_N: division by 0 (error token is "CUDEV_N")
/home-2/vplatonov/bin/nvmps: line 18: CUDEV%CUDEV_N: division by 0 (error token is "CUDEV_N")
/home-2/vplatonov/bin/nvmps: line 18: CUDEV%CUDEV_N: division by 0 (error token is "CUDEV_N")
/bin/bash: line 3: 3: command not found
/home-2/vplatonov/bin/nvmps: line 18: CUDEV%CUDEV_N: division by 0 (error token is "CUDEV_N")
/bin/bash: line 4: 4: command not found
/home-2/vplatonov/bin/nvmps: line 18: CUDEV%CUDEV_N: division by 0 (error token is "CUDEV_N")
/home-2/vplatonov/bin/nvmps: line 18: CUDEV%CUDEV_N: division by 0 (error token is "CUDEV_N")
/home-2/vplatonov/bin/nvmps: line 18: CUDEV%CUDEV_N: division by 0 (error token is "CUDEV_N")
/home-2/vplatonov/bin/nvmps: line 18: CUDEV%CUDEV_N: division by 0 (error token is "CUDEV_N")
/home-2/vplatonov/bin/nvmps: line 18: CUDEV%CUDEV_N: division by 0 (error token is "CUDEV_N")
/home-2/vplatonov/bin/nvmps: line 18: CUDEV%CUDEV_N: division by 0 (error token is "CUDEV_N")
/home-2/vplatonov/bin/nvmps: line 18: CUDEV%CUDEV_N: division by 0 (error token is "CUDEV_N")
/home-2/vplatonov/bin/nvmps: line 18: CUDEV%CUDEV_N: division by 0 (error token is "CUDEV_N")
/home-2/vplatonov/bin/nvmps: line 18: CUDEV%CUDEV_N: division by 0 (error token is "CUDEV_N")
mkdir: cannot create directory ‘/tmp/nvidia-mps-vplatonov-0’: File exists
/home-2/vplatonov/bin/nvmps: line 18: CUDEV%CUDEV_N: division by 0 (error token is "CUDEV_N")
/home-2/vplatonov/bin/nvmps: line 18: CUDEV%CUDEV_N: division by 0 (error token is "CUDEV_N")
/bin/bash: line 1: 1: command not found
/bin/bash: line 2: 2: command not found
/home-2/vplatonov/bin/nvmps: line 18: CUDEV%CUDEV_N: division by 0 (error token is "CUDEV_N")
/bin/bash: line 3: 3: command not found
/home-2/vplatonov/bin/nvmps: line 18: CUDEV%CUDEV_N: division by 0 (error token is "CUDEV_N")
/home-2/vplatonov/bin/nvmps: line 18: CUDEV%CUDEV_N: division by 0 (error token is "CUDEV_N")
/bin/bash: line 4: 4: command not found
/home-2/vplatonov/bin/nvmps: line 18: CUDEV%CUDEV_N: division by 0 (error token is "CUDEV_N")
/home-2/vplatonov/bin/nvmps: line 18: CUDEV%CUDEV_N: division by 0 (error token is "CUDEV_N")
/home-2/vplatonov/bin/nvmps: line 18: CUDEV%CUDEV_N: division by 0 (error token is "CUDEV_N")
mkdir: cannot create directory ‘/tmp/nvidia-mps-vplatonov-0’: File exists
/bin/bash: line 1: 1: command not found
/bin/bash: line 2: 2: command not found
/bin/bash: line 3: 3: command not found
/bin/bash: line 4: 4: command not found
/bin/bash: line 1: 1: command not found
/bin/bash: line 1: 1: command not found
/bin/bash: line 2: 2: command not found
mkdir: cannot create directory ‘/tmp/nvidia-mps-vplatonov-0’: File exists
/bin/bash: line 1: 1: command not found
/bin/bash: line 2: 2: command not found
/bin/bash: line 3: 3: command not found
/bin/bash: line 4: 4: command not found
/bin/bash: line 1: 1: command not found
/bin/bash: line 2: 2: command not found
/bin/bash: line 3: 3: command not found
mkdir: cannot create directory ‘/tmp/nvidia-mps-vplatonov-0’: File exists
/bin/bash: line 1: 1: command not found
/bin/bash: line 2: 2: command not found
/bin/bash: line 3: 3: command not found
/bin/bash: line 4: 4: command not found
/bin/bash: line 4: 4: command not found
/bin/bash: line 2: 2: command not found
/bin/bash: line 3: 3: command not found
mkdir: cannot create directory ‘/tmp/nvidia-mps-vplatonov-0’: File exists
/bin/bash: line 1: 1: command not found
/bin/bash: line 2: 2: command not found
/bin/bash: line 4: 4: command not found
/bin/bash: line 3: 3: command not found
/bin/bash: line 3: 3: command not found
/bin/bash: line 4: 4: command not found
mkdir: cannot create directory ‘/tmp/nvidia-mps-vplatonov-0’: File exists
/bin/bash: line 1: 1: command not found
/bin/bash: line 2: 2: command not found
/bin/bash: line 3: 3: command not found
/bin/bash: line 4: 4: command not found
mkdir: cannot create directory ‘/tmp/nvidia-mps-vplatonov-0’: File exists
/bin/bash: line 1: 1: command not found
/bin/bash: line 2: 2: command not found
/bin/bash: line 3: 3: command not found
/bin/bash: line 4: 4: command not found
mkdir: cannot create directory ‘/tmp/nvidia-mps-vplatonov-0’: File exists
/bin/bash: line 1: 1: command not found
/bin/bash: line 2: 2: command not found
/bin/bash: line 3: 3: command not found
/bin/bash: line 4: 4: command not found
mkdir: cannot create directory ‘/tmp/nvidia-mps-vplatonov-0’: File exists
mkdir: cannot create directory ‘/tmp/nvidia-mps-vplatonov-0’: File exists
/bin/bash: line 1: 1: command not found
/bin/bash: line 1: 1: command not found
/bin/bash: line 2: 2: command not found
/bin/bash: line 2: 2: command not found
/bin/bash: line 3: 3: command not found
/bin/bash: line 3: 3: command not found
/bin/bash: line 4: 4: command not found
/bin/bash: line 4: 4: command not found
mkdir: cannot create directory ‘/tmp/nvidia-mps-vplatonov-0’: File exists
/bin/bash: line 1: 1: command not found
mkdir: cannot create directory ‘/tmp/nvidia-mps-vplatonov-0’: File exists
/bin/bash: line 2: 2: command not found
/bin/bash: line 1: 1: command not found
/bin/bash: line 3: 3: command not found
/bin/bash: line 2: 2: command not found
/bin/bash: line 4: 4: command not found
/bin/bash: line 3: 3: command not found
/bin/bash: line 4: 4: command not found
mkdir: cannot create directory ‘/tmp/nvidia-mps-vplatonov-0’: File exists
/bin/bash: line 1: 1: command not found
/bin/bash: line 2: 2: command not found
/bin/bash: line 3: 3: command not found
mkdir: cannot create directory ‘/tmp/nvidia-mps-vplatonov-0’: File exists
/bin/bash: line 1: 1: command not found
/bin/bash: line 4: 4: command not found
/bin/bash: line 2: 2: command not found
/bin/bash: line 3: 3: command not found
/bin/bash: line 4: 4: command not found
mkdir: cannot create directory ‘/tmp/nvidia-mps-vplatonov-0’: File exists
/bin/bash: line 1: 1: command not found
/bin/bash: line 2: 2: command not found
/bin/bash: line 3: 3: command not found
/bin/bash: line 4: 4: command not found
/bin/bash: line 4: 4: command not found
mkdir: cannot create directory ‘/tmp/nvidia-mps-vplatonov-0’: File exists
/bin/bash: line 1: 1: command not found
/bin/bash: line 2: 2: command not found
/bin/bash: line 3: 3: command not found
/bin/bash: line 4: 4: command not found
mkdir: cannot create directory ‘/tmp/nvidia-mps-vplatonov-0’: File exists
/bin/bash: line 1: 1: command not found
/bin/bash: line 2: 2: command not found
/bin/bash: line 3: 3: command not found
/bin/bash: line 4: 4: command not found
mkdir: cannot create directory ‘/tmp/nvidia-mps-vplatonov-0’: File exists
/bin/bash: line 1: 1: command not found
/bin/bash: line 2: 2: command not found
/bin/bash: line 3: 3: command not found
/bin/bash: line 4: 4: command not found
mkdir: cannot create directory ‘/tmp/nvidia-mps-vplatonov-0’: File exists
/bin/bash: line 1: 1: command not found
/bin/bash: line 2: 2: command not found
/bin/bash: line 3: 3: command not found
/bin/bash: line 4: 4: command not found
mkdir: cannot create directory ‘/tmp/nvidia-mps-vplatonov-0’: File exists
/bin/bash: line 1: 1: command not found
/bin/bash: line 2: 2: command not found
/bin/bash: line 3: 3: command not found
/bin/bash: line 4: 4: command not found
/*---------------------------------------------------------------------------*\
| =========                 |                                                 |
| \\      /  F ield         | foam-extend: Open Source CFD                    |
|  \\    /   O peration     | Version:     3.1                                |
|   \\  /    A nd           | Web:         http://www.extend-project.de       |
|    \\/     M anipulation  |                                                 |
\*---------------------------------------------------------------------------*/
Build    : 3.1-e2da948002a2
Exec     : interFoam -parallel
Date     : May 19 2016
Time     : 10:58:21
Host     : ivb108
PID      : 11012
CtrlDict : /home-2/vplatonov/foam/foam-extend-3.1/etc/controlDict
Case     : /home/vplatonov/tests/rt12mln
nProcs   : 24
Slaves : 
23
(
ivb108.10973
ivb108.10997
ivb108.10981
ivb108.10989
ivb108.11005
ivb109.21276
ivb109.21261
ivb109.21284
ivb109.21262
ivb109.21291
ivb109.21268
ivb110.32085
ivb110.32105
ivb110.32113
ivb110.32120
ivb110.32089
ivb110.32097
ivb111.40740
ivb111.40723
ivb111.40748
ivb111.40755
ivb111.40724
ivb111.40732
)

Pstream initialized with:
    floatTransfer     : 0
    nProcsSimpleSum   : 0
    commsType         : blocking
SigFpe   : Enabling floating point exception trapping (FOAM_SIGFPE).

// * * * * * * * * * * * * * * * * * * * * * * * * * * * * * * * * * * * * * //
Create time

Create mesh for time = 0


Reading g
Reading field pd

Reading field alpha1

Reading field U

Reading/calculating face flux field phi

Reading transportProperties

Selecting incompressible transport model Newtonian
Selecting incompressible transport model Newtonian
Calculating field g.h

Selecting turbulence model type laminar
time step continuity errors : sum local = 0, global = 0, cumulative = 0
Created persistent data with name pcorr
GPUPCG:  Solving for pcorr, Initial residual = 0, Final residual = 0, No Iterations 0
time step continuity errors : sum local = 0, global = 0, cumulative = 0
Courant Number mean: 0 max: 0 velocity magnitude: 0

Starting time loop

Courant Number mean: 0 max: 0 velocity magnitude: 0
Time = 0.001

MULES: Solving for alpha1
Liquid phase volume fraction = 0.00275421  Min(alpha1) = 0  Max(alpha1) = 1
MULES: Solving for alpha1
Liquid phase volume fraction = 0.00275421  Min(alpha1) = 0  Max(alpha1) = 1
Created persistent data with name pd
Computing AINV with droptol 0.02
GPU: 7 iters: 0.126184 s: 12.3409 GB/s
GPUPCG:  Solving for pd, Initial residual = 1, Final residual = 0.0430394, No Iterations 7
Computing AINV with droptol 0.02
GPU: 180 iters: 1.82918 s: 21.8914 GB/s
GPUPCG:  Solving for pd, Initial residual = 0.0260729, Final residual = 0.0012985, No Iterations 180
GPU: 915 iters: 9.18174 s: 22.1693 GB/s
GPUPCG:  Solving for pd, Initial residual = 0.00735389, Final residual = 9.80215e-08, No Iterations 915
time step continuity errors : sum local = 7.30751e-12, global = -1.82196e-24, cumulative = -1.82196e-24
ExecutionTime = 38.65 s  ClockTime = 58 s

Courant Number mean: 4.83081e-06 max: 0.00215842 velocity magnitude: 0.0337252
Time = 0.002

MULES: Solving for alpha1
Liquid phase volume fraction = 0.00275421  Min(alpha1) = 0  Max(alpha1) = 1
MULES: Solving for alpha1
Liquid phase volume fraction = 0.00275421  Min(alpha1) = 0  Max(alpha1) = 1
GPU: 685 iters: 6.84684 s: 22.2565 GB/s
GPUPCG:  Solving for pd, Initial residual = 0.00479287, Final residual = 0.00023563, No Iterations 685
GPU: 699 iters: 7.00064 s: 22.2124 GB/s
GPUPCG:  Solving for pd, Initial residual = 0.00394939, Final residual = 0.000194466, No Iterations 699
GPU: 962 iters: 9.57252 s: 22.3565 GB/s
GPUPCG:  Solving for pd, Initial residual = 0.00349849, Final residual = 9.65669e-08, No Iterations 962
time step continuity errors : sum local = 4.14642e-08, global = -4.14583e-08, cumulative = -4.14583e-08
ExecutionTime = 68.44 s  ClockTime = 88 s

Courant Number mean: 1.35694e-05 max: 0.22109 velocity magnitude: 1.72726
Time = 0.003

MULES: Solving for alpha1
Liquid phase volume fraction = 0.00275424  Min(alpha1) = -9.19023e-31  Max(alpha1) = 1
MULES: Solving for alpha1
Liquid phase volume fraction = 0.00275426  Min(alpha1) = -3.24569e-30  Max(alpha1) = 1
GPU: 701 iters: 7.0925 s: 21.9874 GB/s
GPUPCG:  Solving for pd, Initial residual = 0.00748061, Final residual = 0.000372113, No Iterations 701
GPU: 663 iters: 6.60318 s: 22.3366 GB/s
GPUPCG:  Solving for pd, Initial residual = 0.00520918, Final residual = 0.000255983, No Iterations 663
GPU: 928 iters: 9.29128 s: 22.2192 GB/s
GPUPCG:  Solving for pd, Initial residual = 0.00513448, Final residual = 9.81141e-08, No Iterations 928
time step continuity errors : sum local = 2.25588e-08, global = -2.25535e-08, cumulative = -6.40119e-08
ExecutionTime = 97.83 s  ClockTime = 117 s

Courant Number mean: 1.63745e-05 max: 0.133486 velocity magnitude: 1.04286
Time = 0.004

MULES: Solving for alpha1
Liquid phase volume fraction = 0.00275427  Min(alpha1) = -8.97881e-30  Max(alpha1) = 1
MULES: Solving for alpha1
Liquid phase volume fraction = 0.00275428  Min(alpha1) = -1.28734e-29  Max(alpha1) = 1
GPU: 700 iters: 7.03314 s: 22.1414 GB/s
GPUPCG:  Solving for pd, Initial residual = 0.0084941, Final residual = 0.000413456, No Iterations 700
GPU: 687 iters: 6.84551 s: 22.3258 GB/s
GPUPCG:  Solving for pd, Initial residual = 0.00719567, Final residual = 0.000347731, No Iterations 687
GPU: 962 iters: 9.64661 s: 22.1848 GB/s
GPUPCG:  Solving for pd, Initial residual = 0.00670066, Final residual = 9.8023e-08, No Iterations 962
time step continuity errors : sum local = 1.06526e-08, global = -1.06477e-08, cumulative = -7.46596e-08
ExecutionTime = 127.67 s  ClockTime = 147 s

Courant Number mean: 2.03279e-05 max: 0.0759194 velocity magnitude: 0.59312
Time = 0.005

MULES: Solving for alpha1
Liquid phase volume fraction = 0.00275429  Min(alpha1) = -2.46953e-29  Max(alpha1) = 1
MULES: Solving for alpha1
Liquid phase volume fraction = 0.00275429  Min(alpha1) = -1.19772e-29  Max(alpha1) = 1
GPU: 699 iters: 6.98466 s: 22.2632 GB/s
GPUPCG:  Solving for pd, Initial residual = 0.00674844, Final residual = 0.000326165, No Iterations 699
GPU: 662 iters: 6.68826 s: 22.0191 GB/s
GPUPCG:  Solving for pd, Initial residual = 0.005908, Final residual = 0.000289811, No Iterations 662
GPU: 935 iters: 9.45872 s: 21.9905 GB/s
GPUPCG:  Solving for pd, Initial residual = 0.00570978, Final residual = 9.89586e-08, No Iterations 935
time step continuity errors : sum local = 2.48302e-09, global = -2.47831e-09, cumulative = -7.71379e-08
ExecutionTime = 157.01 s  ClockTime = 176 s

Courant Number mean: 2.44337e-05 max: 0.0288149 velocity magnitude: 0.302731
Time = 0.006

MULES: Solving for alpha1
Liquid phase volume fraction = 0.00275429  Min(alpha1) = -2.0419e-29  Max(alpha1) = 1
MULES: Solving for alpha1
Liquid phase volume fraction = 0.00275429  Min(alpha1) = -1.77348e-29  Max(alpha1) = 1
Computing AINV with droptol 0.02
GPU: 703 iters: 7.08273 s: 22.0806 GB/s
GPUPCG:  Solving for pd, Initial residual = 0.00747046, Final residual = 0.000367685, No Iterations 703
GPU: 679 iters: 6.7966 s: 22.2246 GB/s
GPUPCG:  Solving for pd, Initial residual = 0.00567581, Final residual = 0.000283146, No Iterations 679
GPU: 942 iters: 9.41817 s: 22.2505 GB/s
GPUPCG:  Solving for pd, Initial residual = 0.00560479, Final residual = 9.89831e-08, No Iterations 942
time step continuity errors : sum local = 3.33652e-11, global = 2.86573e-11, cumulative = -7.71093e-08
ExecutionTime = 186.95 s  ClockTime = 206 s

Courant Number mean: 2.93695e-05 max: 0.0329322 velocity magnitude: 0.257283
Time = 0.007

MULES: Solving for alpha1
Liquid phase volume fraction = 0.00275429  Min(alpha1) = -4.43298e-29  Max(alpha1) = 1
MULES: Solving for alpha1
Liquid phase volume fraction = 0.00275429  Min(alpha1) = -3.29864e-29  Max(alpha1) = 1
GPU: 706 iters: 7.06149 s: 22.2415 GB/s
GPUPCG:  Solving for pd, Initial residual = 0.00718135, Final residual = 0.000358439, No Iterations 706
GPU: 652 iters: 6.49478 s: 22.3326 GB/s
GPUPCG:  Solving for pd, Initial residual = 0.00462113, Final residual = 0.000229161, No Iterations 652
GPU: 873 iters: 8.77706 s: 22.1269 GB/s
GPUPCG:  Solving for pd, Initial residual = 0.00418943, Final residual = 9.9243e-08, No Iterations 873
time step continuity errors : sum local = 1.4699e-10, global = 1.42348e-10, cumulative = -7.69669e-08
ExecutionTime = 215.62 s  ClockTime = 235 s

Courant Number mean: 3.4471e-05 max: 0.00920698 velocity magnitude: 0.1304
Time = 0.008

MULES: Solving for alpha1
Liquid phase volume fraction = 0.00275429  Min(alpha1) = -6.96973e-29  Max(alpha1) = 1
MULES: Solving for alpha1
Liquid phase volume fraction = 0.00275429  Min(alpha1) = -4.41776e-29  Max(alpha1) = 1
GPU: 710 iters: 7.15779 s: 22.0666 GB/s
GPUPCG:  Solving for pd, Initial residual = 0.00759909, Final residual = 0.000368183, No Iterations 710
GPU: 306 iters: 3.13294 s: 21.7282 GB/s
GPUPCG:  Solving for pd, Initial residual = 0.00447845, Final residual = 0.000223313, No Iterations 306
GPU: 837 iters: 8.40515 s: 22.1532 GB/s
GPUPCG:  Solving for pd, Initial residual = 0.0041975, Final residual = 9.83841e-08, No Iterations 837
time step continuity errors : sum local = 1.57754e-10, global = 1.53182e-10, cumulative = -7.68137e-08
ExecutionTime = 240.82 s  ClockTime = 260 s

Courant Number mean: 3.95934e-05 max: 0.00904209 velocity magnitude: 0.140312
Time = 0.009

MULES: Solving for alpha1
Liquid phase volume fraction = 0.00275429  Min(alpha1) = -1.10015e-28  Max(alpha1) = 1
MULES: Solving for alpha1
Liquid phase volume fraction = 0.00275429  Min(alpha1) = -3.95799e-29  Max(alpha1) = 1
GPU: 712 iters: 7.20467 s: 21.9848 GB/s
GPUPCG:  Solving for pd, Initial residual = 0.00747574, Final residual = 0.000361358, No Iterations 712
GPU: 312 iters: 3.17551 s: 21.8573 GB/s
GPUPCG:  Solving for pd, Initial residual = 0.00468199, Final residual = 0.000231549, No Iterations 312
GPU: 841 iters: 8.46745 s: 22.0952 GB/s
GPUPCG:  Solving for pd, Initial residual = 0.00415756, Final residual = 9.69589e-08, No Iterations 841
time step continuity errors : sum local = 6.49823e-12, global = 2.00499e-12, cumulative = -7.68117e-08
ExecutionTime = 266.25 s  ClockTime = 286 s

Courant Number mean: 4.47251e-05 max: 0.00972275 velocity magnitude: 0.149316
Time = 0.01

MULES: Solving for alpha1
Liquid phase volume fraction = 0.00275429  Min(alpha1) = -3.06915e-29  Max(alpha1) = 1
MULES: Solving for alpha1
Liquid phase volume fraction = 0.00275429  Min(alpha1) = -3.88706e-29  Max(alpha1) = 1
GPU: 712 iters: 7.13188 s: 22.2091 GB/s
GPUPCG:  Solving for pd, Initial residual = 0.00808966, Final residual = 0.000393328, No Iterations 712
GPU: 304 iters: 3.05283 s: 22.1527 GB/s
GPUPCG:  Solving for pd, Initial residual = 0.00466222, Final residual = 0.000232185, No Iterations 304
GPU: 823 iters: 8.26 s: 22.1654 GB/s
GPUPCG:  Solving for pd, Initial residual = 0.00432021, Final residual = 9.7978e-08, No Iterations 823
time step continuity errors : sum local = 4.62672e-11, global = -4.17516e-11, cumulative = -7.68535e-08
ExecutionTime = 291.11 s  ClockTime = 311 s

End

/home-2/vplatonov/bin/nvmps: line 33: 40724 Segmentation fault      "$@"
/home-2/vplatonov/bin/nvmps: line 33: 40732 Segmentation fault      "$@"
/home-2/vplatonov/bin/nvmps: line 33: 40740 Segmentation fault      "$@"
/home-2/vplatonov/bin/nvmps: line 33: 40748 Segmentation fault      "$@"
-------------------------------------------------------
Primary job  terminated normally, but 1 process returned
a non-zero exit code.. Per user-direction, the job has been aborted.
-------------------------------------------------------
slurmstepd: *** JOB 6599 ON ivb108 CANCELLED AT 2016-05-19T11:15:40 DUE TO TIME LIMIT ***
--------------------------------------------------------------------------
mpirun detected that one or more processes exited with non-zero status, thus causing
the job to be terminated. The first process to do so was:

  Process name: [[6319,1],18]
  Exit code:    139
--------------------------------------------------------------------------
