 Data for JOB [2516,1] offset 0

 ========================   JOB MAP   ========================

 Data for node: ivb112	Num slots: 12	Max slots: 0	Num procs: 12
 	Process OMPI jobid: [2516,1] App: 0 Process rank: 0
 	Process OMPI jobid: [2516,1] App: 0 Process rank: 1
 	Process OMPI jobid: [2516,1] App: 0 Process rank: 2
 	Process OMPI jobid: [2516,1] App: 0 Process rank: 3
 	Process OMPI jobid: [2516,1] App: 0 Process rank: 4
 	Process OMPI jobid: [2516,1] App: 0 Process rank: 5
 	Process OMPI jobid: [2516,1] App: 0 Process rank: 6
 	Process OMPI jobid: [2516,1] App: 0 Process rank: 7
 	Process OMPI jobid: [2516,1] App: 0 Process rank: 8
 	Process OMPI jobid: [2516,1] App: 0 Process rank: 9
 	Process OMPI jobid: [2516,1] App: 0 Process rank: 10
 	Process OMPI jobid: [2516,1] App: 0 Process rank: 11

 Data for node: ivb113	Num slots: 12	Max slots: 0	Num procs: 12
 	Process OMPI jobid: [2516,1] App: 0 Process rank: 12
 	Process OMPI jobid: [2516,1] App: 0 Process rank: 13
 	Process OMPI jobid: [2516,1] App: 0 Process rank: 14
 	Process OMPI jobid: [2516,1] App: 0 Process rank: 15
 	Process OMPI jobid: [2516,1] App: 0 Process rank: 16
 	Process OMPI jobid: [2516,1] App: 0 Process rank: 17
 	Process OMPI jobid: [2516,1] App: 0 Process rank: 18
 	Process OMPI jobid: [2516,1] App: 0 Process rank: 19
 	Process OMPI jobid: [2516,1] App: 0 Process rank: 20
 	Process OMPI jobid: [2516,1] App: 0 Process rank: 21
 	Process OMPI jobid: [2516,1] App: 0 Process rank: 22
 	Process OMPI jobid: [2516,1] App: 0 Process rank: 23

 =============================================================
[ivb112:22050] MCW rank 4 bound to socket 0[core 4[hwt 0]]: [././././B/././././.][./././././././././.]
[ivb112:22050] MCW rank 5 bound to socket 0[core 5[hwt 0]]: [./././././B/./././.][./././././././././.]
[ivb112:22050] MCW rank 6 bound to socket 0[core 6[hwt 0]]: [././././././B/././.][./././././././././.]
[ivb112:22050] MCW rank 7 bound to socket 0[core 7[hwt 0]]: [./././././././B/./.][./././././././././.]
[ivb112:22050] MCW rank 8 bound to socket 0[core 8[hwt 0]]: [././././././././B/.][./././././././././.]
[ivb112:22050] MCW rank 9 bound to socket 0[core 9[hwt 0]]: [./././././././././B][./././././././././.]
[ivb112:22050] MCW rank 10 bound to socket 1[core 10[hwt 0]]: [./././././././././.][B/././././././././.]
[ivb112:22050] MCW rank 11 bound to socket 1[core 11[hwt 0]]: [./././././././././.][./B/./././././././.]
[ivb112:22050] MCW rank 0 bound to socket 0[core 0[hwt 0]]: [B/././././././././.][./././././././././.]
[ivb112:22050] MCW rank 1 bound to socket 0[core 1[hwt 0]]: [./B/./././././././.][./././././././././.]
[ivb112:22050] MCW rank 2 bound to socket 0[core 2[hwt 0]]: [././B/././././././.][./././././././././.]
[ivb112:22050] MCW rank 3 bound to socket 0[core 3[hwt 0]]: [./././B/./././././.][./././././././././.]
[ivb113:07305] MCW rank 23 bound to socket 1[core 11[hwt 0]]: [./././././././././.][./B/./././././././.]
[ivb113:07305] MCW rank 12 bound to socket 0[core 0[hwt 0]]: [B/././././././././.][./././././././././.]
[ivb113:07305] MCW rank 13 bound to socket 0[core 1[hwt 0]]: [./B/./././././././.][./././././././././.]
[ivb113:07305] MCW rank 14 bound to socket 0[core 2[hwt 0]]: [././B/././././././.][./././././././././.]
[ivb113:07305] MCW rank 15 bound to socket 0[core 3[hwt 0]]: [./././B/./././././.][./././././././././.]
[ivb113:07305] MCW rank 16 bound to socket 0[core 4[hwt 0]]: [././././B/././././.][./././././././././.]
[ivb113:07305] MCW rank 17 bound to socket 0[core 5[hwt 0]]: [./././././B/./././.][./././././././././.]
[ivb113:07305] MCW rank 18 bound to socket 0[core 6[hwt 0]]: [././././././B/././.][./././././././././.]
[ivb113:07305] MCW rank 19 bound to socket 0[core 7[hwt 0]]: [./././././././B/./.][./././././././././.]
[ivb113:07305] MCW rank 20 bound to socket 0[core 8[hwt 0]]: [././././././././B/.][./././././././././.]
[ivb113:07305] MCW rank 21 bound to socket 0[core 9[hwt 0]]: [./././././././././B][./././././././././.]
[ivb113:07305] MCW rank 22 bound to socket 1[core 10[hwt 0]]: [./././././././././.][B/././././././././.]
/*---------------------------------------------------------------------------*\
| =========                 |                                                 |
| \\      /  F ield         | foam-extend: Open Source CFD                    |
|  \\    /   O peration     | Version:     3.1                                |
|   \\  /    A nd           | Web:         http://www.extend-project.de       |
|    \\/     M anipulation  |                                                 |
\*---------------------------------------------------------------------------*/
Build    : 3.1-e2da948002a2
Exec     : pimpleDyMFoam -parallel
Date     : May 23 2016
Time     : 23:04:40
Host     : ivb112
PID      : 22124
CtrlDict : /home-2/vplatonov/foam/foam-extend-3.1/etc/controlDict
Case     : /home/vplatonov/tests/3D-mesh1-of3.1
nProcs   : 24
Slaves : 
23
(
ivb112.22123
ivb112.22128
ivb112.22141
ivb112.22159
ivb112.22162
ivb112.22144
ivb112.22164
ivb112.22147
ivb112.22150
ivb112.22153
ivb112.22156
ivb113.7368
ivb113.7369
ivb113.7370
ivb113.7374
ivb113.7386
ivb113.7389
ivb113.7395
ivb113.7392
ivb113.7398
ivb113.7401
ivb113.7404
ivb113.7406
)

Pstream initialized with:
    floatTransfer     : 0
    nProcsSimpleSum   : 0
    commsType         : blocking
SigFpe   : Enabling floating point exception trapping (FOAM_SIGFPE).

// * * * * * * * * * * * * * * * * * * * * * * * * * * * * * * * * * * * * * //
Create time

Create dynamic mesh for time = 0

Selecting dynamicFvMesh dynamicMotionSolverFvMesh
Selecting motion solver: displacementLaplacian
Selecting motion diffusion: quadratic
Selecting motion diffusion: inverseDistance
Reading field p

Reading field U

Reading/calculating face flux field phi

Selecting incompressible transport model Newtonian
Selecting turbulence model type LESModel
Selecting LES turbulence model oneEqEddy
oneEqEddyCoeffs
{
    ce              1.048;
    ck              0.094;
}

Reading field rAU if present


Starting time loop

Courant Number mean: 0 max: 0.0007592825 velocity magnitude: 0.4779
Reading old state
Before setting displacements
GAMGPCG:  Solving for cellDisplacementx, Initial residual = 0, Final residual = 0, No Iterations 0
GAMGPCG:  Solving for cellDisplacementy, Initial residual = 0, Final residual = 0, No Iterations 0
GAMGPCG:  Solving for cellDisplacementz, Initial residual = 0, Final residual = 0, No Iterations 0
Time = 5e-06

GAMGPCG:  Solving for cellDisplacementx, Initial residual = 0, Final residual = 0, No Iterations 0
GAMGPCG:  Solving for cellDisplacementy, Initial residual = 0, Final residual = 0, No Iterations 0
GAMGPCG:  Solving for cellDisplacementz, Initial residual = 0, Final residual = 0, No Iterations 0
volume continuity errors : volume = 4.535015, max error = 0, sum local = 0, global = 0
smoothSolver:  Solving for Ux, Initial residual = 1, Final residual = 3.764172e-08, No Iterations 1
smoothSolver:  Solving for Uy, Initial residual = 1, Final residual = 4.611591e-08, No Iterations 1
smoothSolver:  Solving for Uz, Initial residual = 0.9999962, Final residual = 4.046585e-08, No Iterations 1
Created persistent data with name p
Computing AINV with droptol 0.02
GPU: 804 iters: 16.21566 s: 11.90219 GB/s
SGPUPCG:  Solving for p, Initial residual = 1, Final residual = 0.009875599, No Iterations 804
Computing AINV with droptol 0.02
GPU: 162 iters: 3.370615 s: 11.5375 GB/s
SGPUPCG:  Solving for p, Initial residual = 0.0004702958, Final residual = 9.963103e-06, No Iterations 162
time step continuity errors : sum local = 2.243105e-09, global = -1.792935e-12, cumulative = -1.792935e-12
Moving mesh time step continuity errors : sum local = 2.243105e-09, global = -1.792935e-12, cumulative = -3.585869e-12
GPU: 147 iters: 3.069871 s: 11.49484 GB/s
SGPUPCG:  Solving for p, Initial residual = 0.000109404, Final residual = 9.788908e-06, No Iterations 147
GPU: 747 iters: 15.45854 s: 11.59999 GB/s
SGPUPCG:  Solving for p, Initial residual = 4.627306e-05, Final residual = 9.943777e-08, No Iterations 747
time step continuity errors : sum local = 2.239882e-11, global = -2.781273e-13, cumulative = -3.863997e-12
Moving mesh time step continuity errors : sum local = 2.239882e-11, global = -2.781273e-13, cumulative = -4.142124e-12
smoothSolver:  Solving for k, Initial residual = 1, Final residual = 2.557336e-11, No Iterations 2
ExecutionTime = 74.57 s  ClockTime = 88 s

Courant Number mean: 7.680251e-05 max: 0.002865069 velocity magnitude: 0.9550922
yForce = 1.613233
Y= 2.490647e-12
Vy= 9.96258e-07
Time = 1e-05

GAMGPCG:  Solving for cellDisplacementx, Initial residual = 0, Final residual = 0, No Iterations 0
GAMGPCG:  Solving for cellDisplacementy, Initial residual = 1, Final residual = 1.160985e-08, No Iterations 1
GAMGPCG:  Solving for cellDisplacementz, Initial residual = 0, Final residual = 0, No Iterations 0
volume continuity errors : volume = 4.535015, max error = 1.102068e-08, sum local = 6.139729e-15, global = -4.523739e-18
smoothSolver:  Solving for Ux, Initial residual = 0.9975504, Final residual = 1.333584e-06, No Iterations 1
smoothSolver:  Solving for Uy, Initial residual = 0.3333219, Final residual = 2.479745e-06, No Iterations 1
smoothSolver:  Solving for Uz, Initial residual = 0.3189763, Final residual = 1.715872e-06, No Iterations 1
GPU: 803 iters: 16.65167 s: 11.57613 GB/s
SGPUPCG:  Solving for p, Initial residual = 0.003643891, Final residual = 3.622438e-05, No Iterations 803
GPU: 258 iters: 5.388986 s: 11.4926 GB/s
SGPUPCG:  Solving for p, Initial residual = 0.00140438, Final residual = 1.394947e-05, No Iterations 258
time step continuity errors : sum local = 1.048535e-09, global = -1.042181e-12, cumulative = -5.184304e-12
Moving mesh time step continuity errors : sum local = 1.048535e-09, global = -1.042181e-12, cumulative = -6.226485e-12
GPU: 305 iters: 6.347024 s: 11.53547 GB/s
SGPUPCG:  Solving for p, Initial residual = 0.0003131849, Final residual = 9.967e-06, No Iterations 305
GPU: 707 iters: 14.6351 s: 11.59657 GB/s
SGPUPCG:  Solving for p, Initial residual = 0.000118415, Final residual = 9.991194e-08, No Iterations 707
time step continuity errors : sum local = 7.502224e-12, global = -9.223644e-14, cumulative = -6.318721e-12
Moving mesh time step continuity errors : sum local = 7.502224e-12, global = -9.223644e-14, cumulative = -6.410958e-12
smoothSolver:  Solving for k, Initial residual = 0.00878022, Final residual = 8.025212e-09, No Iterations 1
ExecutionTime = 127.79 s  ClockTime = 142 s

Courant Number mean: 7.680481e-05 max: 0.002856925 velocity magnitude: 0.9523772
yForce = -3.173621
Y= 2.572224e-12
Vy= -9.636256e-07
Time = 1.5e-05

GAMGPCG:  Solving for cellDisplacementx, Initial residual = 0, Final residual = 0, No Iterations 0
GAMGPCG:  Solving for cellDisplacementy, Initial residual = 0.03210814, Final residual = 4.935895e-09, No Iterations 1
GAMGPCG:  Solving for cellDisplacementz, Initial residual = 0, Final residual = 0, No Iterations 0
volume continuity errors : volume = 4.535015, max error = 1.211757e-08, sum local = 6.855482e-15, global = 3.876499e-18
smoothSolver:  Solving for Ux, Initial residual = 0.9921623, Final residual = 1.327958e-06, No Iterations 1
smoothSolver:  Solving for Uy, Initial residual = 0.1846664, Final residual = 1.468385e-06, No Iterations 1
smoothSolver:  Solving for Uz, Initial residual = 0.7617527, Final residual = 3.824968e-06, No Iterations 1
GPU: 733 iters: 15.14902 s: 11.61516 GB/s
SGPUPCG:  Solving for p, Initial residual = 0.002800859, Final residual = 2.778375e-05, No Iterations 733
GPU: 285 iters: 5.932364 s: 11.53248 GB/s
SGPUPCG:  Solving for p, Initial residual = 0.09897403, Final residual = 0.0009817278, No Iterations 285
time step continuity errors : sum local = 3.432709e-10, global = -5.613532e-13, cumulative = -6.972311e-12
Moving mesh time step continuity errors : sum local = 3.432709e-10, global = -5.613532e-13, cumulative = -7.533664e-12
GPU: 436 iters: 9.033778 s: 11.58571 GB/s
SGPUPCG:  Solving for p, Initial residual = 0.02241154, Final residual = 0.0002226653, No Iterations 436
GPU: 925 iters: 19.09676 s: 11.62754 GB/s
SGPUPCG:  Solving for p, Initial residual = 0.007530846, Final residual = 9.745521e-08, No Iterations 925
time step continuity errors : sum local = 3.094949e-14, global = -2.007712e-17, cumulative = -7.533684e-12
Moving mesh time step continuity errors : sum local = 3.094949e-14, global = -2.007712e-17, cumulative = -7.533704e-12
smoothSolver:  Solving for k, Initial residual = 0.003835068, Final residual = 3.565716e-09, No Iterations 1
ExecutionTime = 187.28 s  ClockTime = 203 s

Courant Number mean: 7.68053e-05 max: 0.002858857 velocity magnitude: 0.9530214
yForce = 1.149122
Y= -4.717875e-13
Vy= -2.539795e-07
Time = 2e-05

GAMGPCG:  Solving for cellDisplacementx, Initial residual = 0, Final residual = 0, No Iterations 0
GAMGPCG:  Solving for cellDisplacementy, Initial residual = 1, Final residual = 1.10802e-08, No Iterations 1
GAMGPCG:  Solving for cellDisplacementz, Initial residual = 0, Final residual = 0, No Iterations 0
volume continuity errors : volume = 4.535015, max error = 1.453337e-08, sum local = 6.837826e-15, global = 2.720148e-18
smoothSolver:  Solving for Ux, Initial residual = 0.0506722, Final residual = 8.737518e-08, No Iterations 1
smoothSolver:  Solving for Uy, Initial residual = 0.01317867, Final residual = 1.546815e-07, No Iterations 1
smoothSolver:  Solving for Uz, Initial residual = 0.8938396, Final residual = 4.565629e-06, No Iterations 1
GPU: 107 iters: 2.254783 s: 11.3916 GB/s
SGPUPCG:  Solving for p, Initial residual = 0.2265757, Final residual = 0.002226596, No Iterations 107
GPU: 367 iters: 7.622629 s: 11.55758 GB/s
SGPUPCG:  Solving for p, Initial residual = 0.01250839, Final residual = 0.0001233753, No Iterations 367
time step continuity errors : sum local = 3.32833e-11, global = -3.036519e-12, cumulative = -1.057022e-11
Moving mesh time step continuity errors : sum local = 3.32833e-11, global = -3.036519e-12, cumulative = -1.360674e-11
GPU: 569 iters: 11.81501 s: 11.56069 GB/s
SGPUPCG:  Solving for p, Initial residual = 0.004237409, Final residual = 4.213459e-05, No Iterations 569
GPU: 872 iters: 18.03805 s: 11.60466 GB/s
SGPUPCG:  Solving for p, Initial residual = 0.001801242, Final residual = 9.923022e-08, No Iterations 872
time step continuity errors : sum local = 2.661007e-14, global = -1.19933e-16, cumulative = -1.360686e-11
Moving mesh time step continuity errors : sum local = 2.661007e-14, global = -1.19933e-16, cumulative = -1.360698e-11
smoothSolver:  Solving for k, Initial residual = 0.002273127, Final residual = 2.172731e-09, No Iterations 1
ExecutionTime = 237.71 s  ClockTime = 255 s

Courant Number mean: 7.680586e-05 max: 0.002856743 velocity magnitude: 0.9523164
yForce = -0.1807045
Y= -2.020671e-12
Vy= -3.655739e-07
Time = 2.5e-05

GAMGPCG:  Solving for cellDisplacementx, Initial residual = 0, Final residual = 0, No Iterations 0
GAMGPCG:  Solving for cellDisplacementy, Initial residual = 0.5533129, Final residual = 1.042989e-08, No Iterations 1
GAMGPCG:  Solving for cellDisplacementz, Initial residual = 0, Final residual = 0, No Iterations 0
volume continuity errors : volume = 4.535015, max error = 1.164988e-08, sum local = 6.885188e-15, global = -2.937517e-18
smoothSolver:  Solving for Ux, Initial residual = 0.02707058, Final residual = 3.157924e-08, No Iterations 1
smoothSolver:  Solving for Uy, Initial residual = 0.004545505, Final residual = 5.43635e-08, No Iterations 1
smoothSolver:  Solving for Uz, Initial residual = 0.7552195, Final residual = 4.363841e-06, No Iterations 1
Computing AINV with droptol 0.02
GPU: 29 iters: 0.6309171 s: 11.03396 GB/s
SGPUPCG:  Solving for p, Initial residual = 0.1533817, Final residual = 0.001522541, No Iterations 29
GPU: 408 iters: 8.482089 s: 11.54684 GB/s
SGPUPCG:  Solving for p, Initial residual = 0.003912246, Final residual = 3.873722e-05, No Iterations 408
time step continuity errors : sum local = 9.209664e-12, global = 6.117717e-13, cumulative = -1.299521e-11
Moving mesh time step continuity errors : sum local = 9.209664e-12, global = 6.117717e-13, cumulative = -1.238344e-11
GPU: 579 iters: 11.99455 s: 11.58778 GB/s
SGPUPCG:  Solving for p, Initial residual = 0.001010822, Final residual = 9.968661e-06, No Iterations 579
GPU: 813 iters: 16.8252 s: 11.59941 GB/s
SGPUPCG:  Solving for p, Initial residual = 0.0003959099, Final residual = 9.761804e-08, No Iterations 813
time step continuity errors : sum local = 2.313431e-14, global = -4.653769e-17, cumulative = -1.238349e-11
Moving mesh time step continuity errors : sum local = 2.313431e-14, global = -4.653769e-17, cumulative = -1.238353e-11
smoothSolver:  Solving for k, Initial residual = 0.001554794, Final residual = 1.530234e-09, No Iterations 1
ExecutionTime = 286.27 s  ClockTime = 305 s

Courant Number mean: 7.6806e-05 max: 0.002854609 velocity magnitude: 0.9516052
yForce = -0.2833349
Y= -4.285976e-12
Vy= -5.40548e-07
Time = 3e-05

GAMGPCG:  Solving for cellDisplacementx, Initial residual = 0, Final residual = 0, No Iterations 0
GAMGPCG:  Solving for cellDisplacementy, Initial residual = 0.516104, Final residual = 7.588788e-09, No Iterations 1
GAMGPCG:  Solving for cellDisplacementz, Initial residual = 0, Final residual = 0, No Iterations 0
volume continuity errors : volume = 4.535015, max error = 1.164982e-08, sum local = 6.956522e-15, global = 6.223137e-18
smoothSolver:  Solving for Ux, Initial residual = 0.01761468, Final residual = 1.431795e-08, No Iterations 1
smoothSolver:  Solving for Uy, Initial residual = 0.001237567, Final residual = 2.457434e-08, No Iterations 1
smoothSolver:  Solving for Uz, Initial residual = 0.3846069, Final residual = 4.191964e-06, No Iterations 1
GPU: 5 iters: 0.1353516 s: 8.867728 GB/s
SGPUPCG:  Solving for p, Initial residual = 0.1088626, Final residual = 0.0009564409, No Iterations 5
GPU: 147 iters: 3.073675 s: 11.48061 GB/s
SGPUPCG:  Solving for p, Initial residual = 0.001672981, Final residual = 1.651058e-05, No Iterations 147
time step continuity errors : sum local = 3.542288e-12, global = -1.21048e-16, cumulative = -1.238365e-11
Moving mesh time step continuity errors : sum local = 3.542288e-12, global = -1.21048e-16, cumulative = -1.238377e-11
GPU: 31 iters: 0.6716848 s: 11.07903 GB/s
SGPUPCG:  Solving for p, Initial residual = 0.0002967967, Final residual = 9.313686e-06, No Iterations 31
GPU: 673 iters: 13.94811 s: 11.58259 GB/s
SGPUPCG:  Solving for p, Initial residual = 0.0001153723, Final residual = 9.8615e-08, No Iterations 673
time step continuity errors : sum local = 2.114708e-14, global = 1.330691e-16, cumulative = -1.238364e-11
Moving mesh time step continuity errors : sum local = 2.114708e-14, global = 1.330691e-16, cumulative = -1.238351e-11
smoothSolver:  Solving for k, Initial residual = 0.001156912, Final residual = 1.164872e-09, No Iterations 1
ExecutionTime = 315 s  ClockTime = 334 s

Courant Number mean: 7.680609e-05 max: 0.002852247 velocity magnitude: 0.9508177
yForce = 0.2487488
Y= -6.604674e-12
Vy= -3.869314e-07
Time = 3.5e-05

GAMGPCG:  Solving for cellDisplacementx, Initial residual = 0, Final residual = 0, No Iterations 0
GAMGPCG:  Solving for cellDisplacementy, Initial residual = 0.383721, Final residual = 5.962552e-09, No Iterations 1
GAMGPCG:  Solving for cellDisplacementz, Initial residual = 0, Final residual = 0, No Iterations 0
volume continuity errors : volume = 4.535015, max error = 1.301001e-08, sum local = 6.989732e-15, global = -1.91552e-18
smoothSolver:  Solving for Ux, Initial residual = 0.01352736, Final residual = 1.135042e-08, No Iterations 1
smoothSolver:  Solving for Uy, Initial residual = 0.0009593768, Final residual = 1.861543e-08, No Iterations 1
smoothSolver:  Solving for Uz, Initial residual = 0.2537015, Final residual = 3.038208e-06, No Iterations 1
GPU: 4 iters: 0.1184296 s: 8.107845 GB/s
SGPUPCG:  Solving for p, Initial residual = 0.09114961, Final residual = 0.0005200816, No Iterations 4
GPU: 145 iters: 3.019206 s: 11.52872 GB/s
SGPUPCG:  Solving for p, Initial residual = 0.0007093725, Final residual = 9.7966e-06, No Iterations 145
time step continuity errors : sum local = 1.929837e-12, global = 6.247421e-17, cumulative = -1.238345e-11
Moving mesh time step continuity errors : sum local = 1.929837e-12, global = 6.247421e-17, cumulative = -1.238338e-11
GPU: 29 iters: 0.6316011 s: 11.02201 GB/s
SGPUPCG:  Solving for p, Initial residual = 8.872279e-05, Final residual = 9.405802e-06, No Iterations 29
GPU: 791 iters: 16.39682 s: 11.58037 GB/s
SGPUPCG:  Solving for p, Initial residual = 3.024855e-05, Final residual = 9.838253e-08, No Iterations 791
time step continuity errors : sum local = 1.937728e-14, global = -8.272389e-17, cumulative = -1.238347e-11
Moving mesh time step continuity errors : sum local = 1.937728e-14, global = -8.272389e-17, cumulative = -1.238355e-11
smoothSolver:  Solving for k, Initial residual = 0.0009097417, Final residual = 9.452082e-10, No Iterations 1
ExecutionTime = 346.34 s  ClockTime = 366 s

Courant Number mean: 7.680614e-05 max: 0.002849501 velocity magnitude: 0.9499024
yForce = -0.0724233
Y= -8.651143e-12
Vy= -4.316561e-07
Time = 4e-05

GAMGPCG:  Solving for cellDisplacementx, Initial residual = 0, Final residual = 0, No Iterations 0
GAMGPCG:  Solving for cellDisplacementy, Initial residual = 0.2767715, Final residual = 4.499089e-09, No Iterations 1
GAMGPCG:  Solving for cellDisplacementz, Initial residual = 0, Final residual = 0, No Iterations 0
volume continuity errors : volume = 4.535015, max error = 1.394848e-08, sum local = 6.988382e-15, global = -1.413434e-18
smoothSolver:  Solving for Ux, Initial residual = 0.01095189, Final residual = 9.422382e-09, No Iterations 1
smoothSolver:  Solving for Uy, Initial residual = 0.000807257, Final residual = 1.498884e-08, No Iterations 1
smoothSolver:  Solving for Uz, Initial residual = 0.2250724, Final residual = 2.951003e-06, No Iterations 1
GPU: 4 iters: 0.1154568 s: 8.316607 GB/s
SGPUPCG:  Solving for p, Initial residual = 0.07497312, Final residual = 0.0004003069, No Iterations 4
GPU: 44 iters: 0.943561 s: 11.19408 GB/s
SGPUPCG:  Solving for p, Initial residual = 0.000547061, Final residual = 9.777821e-06, No Iterations 44
time step continuity errors : sum local = 1.789429e-12, global = -2.653282e-16, cumulative = -1.238381e-11
Moving mesh time step continuity errors : sum local = 1.789429e-12, global = -2.653282e-16, cumulative = -1.238408e-11
GPU: 3 iters: 0.09616317 s: 7.488903 GB/s
SGPUPCG:  Solving for p, Initial residual = 3.841571e-05, Final residual = 9.07328e-06, No Iterations 3
GPU: 776 iters: 16.07028 s: 11.59162 GB/s
SGPUPCG:  Solving for p, Initial residual = 1.448684e-05, Final residual = 9.818065e-08, No Iterations 776
time step continuity errors : sum local = 1.796654e-14, global = 7.272524e-17, cumulative = -1.238401e-11
Moving mesh time step continuity errors : sum local = 1.796654e-14, global = 7.272524e-17, cumulative = -1.238393e-11
smoothSolver:  Solving for k, Initial residual = 0.000743692, Final residual = 7.921308e-10, No Iterations 1
ExecutionTime = 374.8 s  ClockTime = 395 s

Courant Number mean: 7.680616e-05 max: 0.002846381 velocity magnitude: 0.9488623
yForce = -0.02270683
Y= -1.084448e-11
Vy= -4.456781e-07
Time = 4.5e-05

GAMGPCG:  Solving for cellDisplacementx, Initial residual = 0, Final residual = 0, No Iterations 0
GAMGPCG:  Solving for cellDisplacementy, Initial residual = 0.2517898, Final residual = 3.946203e-09, No Iterations 1
GAMGPCG:  Solving for cellDisplacementz, Initial residual = 0, Final residual = 0, No Iterations 0
volume continuity errors : volume = 4.535015, max error = 1.204193e-08, sum local = 6.993149e-15, global = 4.819545e-19
smoothSolver:  Solving for Ux, Initial residual = 0.009356513, Final residual = 8.058947e-09, No Iterations 1
smoothSolver:  Solving for Uy, Initial residual = 0.0006794386, Final residual = 1.242138e-08, No Iterations 1
smoothSolver:  Solving for Uz, Initial residual = 0.1805071, Final residual = 2.306221e-06, No Iterations 1
GPU: 3 iters: 0.09391933 s: 7.667821 GB/s
SGPUPCG:  Solving for p, Initial residual = 0.06276906, Final residual = 0.0005608687, No Iterations 3
GPU: 22 iters: 0.4836335 s: 10.91973 GB/s
SGPUPCG:  Solving for p, Initial residual = 0.0006649221, Final residual = 9.282222e-06, No Iterations 22
time step continuity errors : sum local = 1.591977e-12, global = 2.578694e-16, cumulative = -1.238368e-11
Moving mesh time step continuity errors : sum local = 1.591977e-12, global = 2.578694e-16, cumulative = -1.238342e-11
GPU: 1 iters: 0.05412272 s: 4.435332 GB/s
SGPUPCG:  Solving for p, Initial residual = 2.525295e-05, Final residual = 9.899346e-06, No Iterations 1
GPU: 498 iters: 10.3277 s: 11.57528 GB/s
SGPUPCG:  Solving for p, Initial residual = 1.070133e-05, Final residual = 9.918685e-08, No Iterations 498
time step continuity errors : sum local = 1.700978e-14, global = 1.409956e-15, cumulative = -1.238201e-11
Moving mesh time step continuity errors : sum local = 1.700978e-14, global = 1.409956e-15, cumulative = -1.23806e-11
smoothSolver:  Solving for k, Initial residual = 0.0006255963, Final residual = 6.820446e-10, No Iterations 1
ExecutionTime = 397.29 s  ClockTime = 418 s

Courant Number mean: 7.680615e-05 max: 0.00284288 velocity magnitude: 0.9482452
yForce = 0.03671732
Y= -1.301618e-11
Vy= -4.230025e-07
Time = 5e-05

GAMGPCG:  Solving for cellDisplacementx, Initial residual = 0, Final residual = 0, No Iterations 0
GAMGPCG:  Solving for cellDisplacementy, Initial residual = 0.2143257, Final residual = 3.426746e-09, No Iterations 1
GAMGPCG:  Solving for cellDisplacementz, Initial residual = 0, Final residual = 0, No Iterations 0
volume continuity errors : volume = 4.535015, max error = 1.166311e-08, sum local = 6.992235e-15, global = 2.881676e-19
smoothSolver:  Solving for Ux, Initial residual = 0.008276635, Final residual = 7.079081e-09, No Iterations 1
smoothSolver:  Solving for Uy, Initial residual = 0.000594239, Final residual = 1.058874e-08, No Iterations 1
smoothSolver:  Solving for Uz, Initial residual = 0.166658, Final residual = 1.932862e-06, No Iterations 1
GPU: 3 iters: 0.09620803 s: 7.485411 GB/s
SGPUPCG:  Solving for p, Initial residual = 0.0563638, Final residual = 0.0004312602, No Iterations 3
GPU: 18 iters: 0.4108646 s: 10.5167 GB/s
SGPUPCG:  Solving for p, Initial residual = 0.0005124732, Final residual = 9.645938e-06, No Iterations 18
time step continuity errors : sum local = 1.560945e-12, global = 3.234495e-15, cumulative = -1.237736e-11
Moving mesh time step continuity errors : sum local = 1.560945e-12, global = 3.234495e-15, cumulative = -1.237413e-11
GPU: 1 iters: 0.05500272 s: 4.36437 GB/s
SGPUPCG:  Solving for p, Initial residual = 2.099943e-05, Final residual = 8.788292e-06, No Iterations 1
GPU: 732 iters: 15.18239 s: 11.57382 GB/s
SGPUPCG:  Solving for p, Initial residual = 9.257879e-06, Final residual = 9.874108e-08, No Iterations 732
time step continuity errors : sum local = 1.59779e-14, global = -8.352245e-18, cumulative = -1.237414e-11
Moving mesh time step continuity errors : sum local = 1.59779e-14, global = -8.352245e-18, cumulative = -1.237415e-11
smoothSolver:  Solving for k, Initial residual = 0.0005378836, Final residual = 5.997224e-10, No Iterations 1
ExecutionTime = 424.39 s  ClockTime = 446 s

yForce = -0.01629821
Y= -1.515635e-11
Vy= -4.330669e-07
End

Finalising parallel run
