 Data for JOB [24702,1] offset 0

 ========================   JOB MAP   ========================

 Data for node: ivb112	Num slots: 6	Max slots: 0	Num procs: 6
 	Process OMPI jobid: [24702,1] App: 0 Process rank: 0
 	Process OMPI jobid: [24702,1] App: 0 Process rank: 1
 	Process OMPI jobid: [24702,1] App: 0 Process rank: 2
 	Process OMPI jobid: [24702,1] App: 0 Process rank: 3
 	Process OMPI jobid: [24702,1] App: 0 Process rank: 4
 	Process OMPI jobid: [24702,1] App: 0 Process rank: 5

 Data for node: ivb113	Num slots: 6	Max slots: 0	Num procs: 6
 	Process OMPI jobid: [24702,1] App: 0 Process rank: 6
 	Process OMPI jobid: [24702,1] App: 0 Process rank: 7
 	Process OMPI jobid: [24702,1] App: 0 Process rank: 8
 	Process OMPI jobid: [24702,1] App: 0 Process rank: 9
 	Process OMPI jobid: [24702,1] App: 0 Process rank: 10
 	Process OMPI jobid: [24702,1] App: 0 Process rank: 11

 Data for node: ivb114	Num slots: 6	Max slots: 0	Num procs: 6
 	Process OMPI jobid: [24702,1] App: 0 Process rank: 12
 	Process OMPI jobid: [24702,1] App: 0 Process rank: 13
 	Process OMPI jobid: [24702,1] App: 0 Process rank: 14
 	Process OMPI jobid: [24702,1] App: 0 Process rank: 15
 	Process OMPI jobid: [24702,1] App: 0 Process rank: 16
 	Process OMPI jobid: [24702,1] App: 0 Process rank: 17

 Data for node: ivb124	Num slots: 6	Max slots: 0	Num procs: 6
 	Process OMPI jobid: [24702,1] App: 0 Process rank: 18
 	Process OMPI jobid: [24702,1] App: 0 Process rank: 19
 	Process OMPI jobid: [24702,1] App: 0 Process rank: 20
 	Process OMPI jobid: [24702,1] App: 0 Process rank: 21
 	Process OMPI jobid: [24702,1] App: 0 Process rank: 22
 	Process OMPI jobid: [24702,1] App: 0 Process rank: 23

 =============================================================
[ivb112:16264] MCW rank 0 bound to socket 0[core 0[hwt 0]]: [B/././././././././.][./././././././././.]
[ivb112:16264] MCW rank 1 bound to socket 0[core 1[hwt 0]]: [./B/./././././././.][./././././././././.]
[ivb112:16264] MCW rank 2 bound to socket 0[core 2[hwt 0]]: [././B/././././././.][./././././././././.]
[ivb112:16264] MCW rank 3 bound to socket 0[core 3[hwt 0]]: [./././B/./././././.][./././././././././.]
[ivb112:16264] MCW rank 4 bound to socket 0[core 4[hwt 0]]: [././././B/././././.][./././././././././.]
[ivb112:16264] MCW rank 5 bound to socket 0[core 5[hwt 0]]: [./././././B/./././.][./././././././././.]
[ivb114:05174] MCW rank 17 bound to socket 0[core 5[hwt 0]]: [./././././B/./././.][./././././././././.]
[ivb114:05174] MCW rank 12 bound to socket 0[core 0[hwt 0]]: [B/././././././././.][./././././././././.]
[ivb114:05174] MCW rank 13 bound to socket 0[core 1[hwt 0]]: [./B/./././././././.][./././././././././.]
[ivb114:05174] MCW rank 14 bound to socket 0[core 2[hwt 0]]: [././B/././././././.][./././././././././.]
[ivb114:05174] MCW rank 15 bound to socket 0[core 3[hwt 0]]: [./././B/./././././.][./././././././././.]
[ivb114:05174] MCW rank 16 bound to socket 0[core 4[hwt 0]]: [././././B/././././.][./././././././././.]
[ivb124:08061] MCW rank 18 bound to socket 0[core 0[hwt 0]]: [B/././././././././.][./././././././././.]
[ivb124:08061] MCW rank 19 bound to socket 0[core 1[hwt 0]]: [./B/./././././././.][./././././././././.]
[ivb124:08061] MCW rank 20 bound to socket 0[core 2[hwt 0]]: [././B/././././././.][./././././././././.]
[ivb124:08061] MCW rank 21 bound to socket 0[core 3[hwt 0]]: [./././B/./././././.][./././././././././.]
[ivb124:08061] MCW rank 22 bound to socket 0[core 4[hwt 0]]: [././././B/././././.][./././././././././.]
[ivb124:08061] MCW rank 23 bound to socket 0[core 5[hwt 0]]: [./././././B/./././.][./././././././././.]
[ivb113:01343] MCW rank 6 bound to socket 0[core 0[hwt 0]]: [B/././././././././.][./././././././././.]
[ivb113:01343] MCW rank 7 bound to socket 0[core 1[hwt 0]]: [./B/./././././././.][./././././././././.]
[ivb113:01343] MCW rank 8 bound to socket 0[core 2[hwt 0]]: [././B/././././././.][./././././././././.]
[ivb113:01343] MCW rank 9 bound to socket 0[core 3[hwt 0]]: [./././B/./././././.][./././././././././.]
[ivb113:01343] MCW rank 10 bound to socket 0[core 4[hwt 0]]: [././././B/././././.][./././././././././.]
[ivb113:01343] MCW rank 11 bound to socket 0[core 5[hwt 0]]: [./././././B/./././.][./././././././././.]
/home-2/vplatonov/bin/nvmps: line 18: CUDEV%CUDEV_N: division by 0 (error token is "CUDEV_N")
/home-2/vplatonov/bin/nvmps: line 18: CUDEV%CUDEV_N: division by 0 (error token is "CUDEV_N")
/home-2/vplatonov/bin/nvmps: line 18: CUDEV%CUDEV_N: division by 0 (error token is "CUDEV_N")
/home-2/vplatonov/bin/nvmps: line 18: CUDEV%CUDEV_N: division by 0 (error token is "CUDEV_N")
/home-2/vplatonov/bin/nvmps: line 18: CUDEV%CUDEV_N: division by 0 (error token is "CUDEV_N")
/home-2/vplatonov/bin/nvmps: line 18: CUDEV%CUDEV_N: division by 0 (error token is "CUDEV_N")
/home-2/vplatonov/bin/nvmps: line 18: CUDEV%CUDEV_N: division by 0 (error token is "CUDEV_N")
/bin/bash: line 1: 1: command not found
/home-2/vplatonov/bin/nvmps: line 18: CUDEV%CUDEV_N: division by 0 (error token is "CUDEV_N")
/home-2/vplatonov/bin/nvmps: line 18: CUDEV%CUDEV_N: division by 0 (error token is "CUDEV_N")
/home-2/vplatonov/bin/nvmps: line 18: CUDEV%CUDEV_N: division by 0 (error token is "CUDEV_N")
/bin/bash: line 2: 2: command not found
/bin/bash: line 3: 3: command not found
/home-2/vplatonov/bin/nvmps: line 18: CUDEV%CUDEV_N: division by 0 (error token is "CUDEV_N")
/home-2/vplatonov/bin/nvmps: line 18: CUDEV%CUDEV_N: division by 0 (error token is "CUDEV_N")
/home-2/vplatonov/bin/nvmps: line 18: CUDEV%CUDEV_N: division by 0 (error token is "CUDEV_N")
/home-2/vplatonov/bin/nvmps: line 18: CUDEV%CUDEV_N: division by 0 (error token is "CUDEV_N")
/home-2/vplatonov/bin/nvmps: line 18: CUDEV%CUDEV_N: division by 0 (error token is "CUDEV_N")
/home-2/vplatonov/bin/nvmps: line 18: CUDEV%CUDEV_N: division by 0 (error token is "CUDEV_N")
/home-2/vplatonov/bin/nvmps: line 18: CUDEV%CUDEV_N: division by 0 (error token is "CUDEV_N")
/home-2/vplatonov/bin/nvmps: line 18: CUDEV%CUDEV_N: division by 0 (error token is "CUDEV_N")
/bin/bash: line 4: 4: command not found
/bin/bash: line 1: 1: command not found
/home-2/vplatonov/bin/nvmps: line 18: CUDEV%CUDEV_N: division by 0 (error token is "CUDEV_N")
/home-2/vplatonov/bin/nvmps: line 18: CUDEV%CUDEV_N: division by 0 (error token is "CUDEV_N")
/home-2/vplatonov/bin/nvmps: line 18: CUDEV%CUDEV_N: division by 0 (error token is "CUDEV_N")
/home-2/vplatonov/bin/nvmps: line 18: CUDEV%CUDEV_N: division by 0 (error token is "CUDEV_N")
/home-2/vplatonov/bin/nvmps: line 18: CUDEV%CUDEV_N: division by 0 (error token is "CUDEV_N")
/home-2/vplatonov/bin/nvmps: line 18: CUDEV%CUDEV_N: division by 0 (error token is "CUDEV_N")
/bin/bash: line 2: 2: command not found
/bin/bash: line 3: 3: command not found
mkdir: cannot create directory ‘/tmp/nvidia-mps-vplatonov-0’: File exists
/bin/bash: line 1: 1: command not found
/bin/bash: line 2: 2: command not found
/bin/bash: line 3: 3: command not found
/bin/bash: line 4: 4: command not found
/bin/bash: line 1: 1: command not found
/bin/bash: line 4: 4: command not found
mkdir: cannot create directory ‘/tmp/nvidia-mps-vplatonov-0’: File exists
/bin/bash: line 1: 1: command not found
/bin/bash: line 2: 2: command not found
/bin/bash: line 3: 3: command not found
/bin/bash: line 4: 4: command not found
/bin/bash: line 2: 2: command not found
/bin/bash: line 1: 1: command not found
/bin/bash: line 3: 3: command not found
/bin/bash: line 2: 2: command not found
mkdir: cannot create directory ‘/tmp/nvidia-mps-vplatonov-0’: File exists
/bin/bash: line 1: 1: command not found
/bin/bash: line 2: 2: command not found
/bin/bash: line 3: 3: command not found
/bin/bash: line 4: 4: command not found
mkdir: cannot create directory ‘/tmp/nvidia-mps-vplatonov-0’: File exists
/bin/bash: line 1: 1: command not found
/bin/bash: line 3: 3: command not found
/bin/bash: line 2: 2: command not found
/bin/bash: line 4: 4: command not found
/bin/bash: line 3: 3: command not found
/bin/bash: line 4: 4: command not found
mkdir: cannot create directory ‘/tmp/nvidia-mps-vplatonov-0’: File exists
/bin/bash: line 1: 1: command not found
/bin/bash: line 2: 2: command not found
/bin/bash: line 3: 3: command not found
/bin/bash: line 4: 4: command not found
/bin/bash: line 4: 4: command not found
mkdir: cannot create directory ‘/tmp/nvidia-mps-vplatonov-0’: File exists
mkdir: cannot create directory ‘/tmp/nvidia-mps-vplatonov-0’: File exists
/bin/bash: line 1: 1: command not found
/bin/bash: line 1: 1: command not found
/bin/bash: line 2: 2: command not found
/bin/bash: line 2: 2: command not found
mkdir: cannot create directory ‘/tmp/nvidia-mps-vplatonov-0’: File exists
/bin/bash: line 3: 3: command not found
/bin/bash: line 1: 1: command not found
/bin/bash: line 3: 3: command not found
/bin/bash: line 2: 2: command not found
/bin/bash: line 4: 4: command not found
/bin/bash: line 4: 4: command not found
/bin/bash: line 3: 3: command not found
/bin/bash: line 4: 4: command not found
mkdir: cannot create directory ‘/tmp/nvidia-mps-vplatonov-0’: File exists
/bin/bash: line 1: 1: command not found
/bin/bash: line 2: 2: command not found
/bin/bash: line 3: 3: command not found
/bin/bash: line 4: 4: command not found
mkdir: cannot create directory ‘/tmp/nvidia-mps-vplatonov-0’: File exists
mkdir: cannot create directory ‘/tmp/nvidia-mps-vplatonov-0’: File exists
/bin/bash: line 1: 1: command not found
/bin/bash: line 1: 1: command not found
/bin/bash: line 2: 2: command not found
/bin/bash: line 2: 2: command not found
mkdir: cannot create directory ‘/tmp/nvidia-mps-vplatonov-0’: File exists
/bin/bash: line 3: 3: command not found
/bin/bash: line 3: 3: command not found
/bin/bash: line 4: 4: command not found
/bin/bash: line 1: 1: command not found
/bin/bash: line 4: 4: command not found
/bin/bash: line 2: 2: command not found
/bin/bash: line 3: 3: command not found
/bin/bash: line 4: 4: command not found
mkdir: cannot create directory ‘/tmp/nvidia-mps-vplatonov-0’: File exists
/bin/bash: line 1: 1: command not found
/bin/bash: line 2: 2: command not found
/bin/bash: line 3: 3: command not found
/bin/bash: line 4: 4: command not found
mkdir: cannot create directory ‘/tmp/nvidia-mps-vplatonov-0’: File exists
/bin/bash: line 1: 1: command not found
/bin/bash: line 2: 2: command not found
/bin/bash: line 3: 3: command not found
/bin/bash: line 4: 4: command not found
mkdir: cannot create directory ‘/tmp/nvidia-mps-vplatonov-0’: File exists
/bin/bash: line 1: 1: command not found
/bin/bash: line 2: 2: command not found
/bin/bash: line 3: 3: command not found
/bin/bash: line 4: 4: command not found
mkdir: cannot create directory ‘/tmp/nvidia-mps-vplatonov-0’: File exists
/bin/bash: line 1: 1: command not found
/bin/bash: line 2: 2: command not found
/bin/bash: line 3: 3: command not found
/bin/bash: line 4: 4: command not found
mkdir: cannot create directory ‘/tmp/nvidia-mps-vplatonov-0’: File exists
/bin/bash: line 1: 1: command not found
/bin/bash: line 2: 2: command not found
/bin/bash: line 3: 3: command not found
/bin/bash: line 4: 4: command not found
mkdir: cannot create directory ‘/tmp/nvidia-mps-vplatonov-0’: File exists
/bin/bash: line 1: 1: command not found
/bin/bash: line 2: 2: command not found
/bin/bash: line 3: 3: command not found
/bin/bash: line 4: 4: command not found
mkdir: cannot create directory ‘/tmp/nvidia-mps-vplatonov-0’: File exists
/bin/bash: line 1: 1: command not found
/bin/bash: line 2: 2: command not found
/bin/bash: line 3: 3: command not found
/bin/bash: line 4: 4: command not found
mkdir: cannot create directory ‘/tmp/nvidia-mps-vplatonov-0’: File exists
/bin/bash: line 1: 1: command not found
/bin/bash: line 2: 2: command not found
/bin/bash: line 3: 3: command not found
/bin/bash: line 4: 4: command not found
/*---------------------------------------------------------------------------*\
| =========                 |                                                 |
| \\      /  F ield         | foam-extend: Open Source CFD                    |
|  \\    /   O peration     | Version:     3.1                                |
|   \\  /    A nd           | Web:         http://www.extend-project.de       |
|    \\/     M anipulation  |                                                 |
\*---------------------------------------------------------------------------*/
Build    : 3.1-e2da948002a2
Exec     : pimpleDyMFoam -parallel
Date     : May 23 2016
Time     : 20:09:14
Host     : ivb112
PID      : 16340
CtrlDict : /home-2/vplatonov/foam/foam-extend-3.1/etc/controlDict
Case     : /home/vplatonov/tests/3D-mesh1-of3.1
nProcs   : 24
Slaves : 
23
(
ivb112.16348
ivb112.16316
ivb112.16332
ivb112.16324
ivb112.16355
ivb113.1385
ivb113.1431
ivb113.1415
ivb113.1423
ivb113.1398
ivb113.1407
ivb114.5217
ivb114.5240
ivb114.5232
ivb114.5248
ivb114.5224
ivb114.5255
ivb124.8126
ivb124.8134
ivb124.8106
ivb124.8141
ivb124.8118
ivb124.8110
)

Pstream initialized with:
    floatTransfer     : 0
    nProcsSimpleSum   : 0
    commsType         : blocking
SigFpe   : Enabling floating point exception trapping (FOAM_SIGFPE).

// * * * * * * * * * * * * * * * * * * * * * * * * * * * * * * * * * * * * * //
Create time

Create dynamic mesh for time = 0

Selecting dynamicFvMesh dynamicMotionSolverFvMesh
Selecting motion solver: displacementLaplacian
Selecting motion diffusion: quadratic
Selecting motion diffusion: inverseDistance
Reading field p

Reading field U

Reading/calculating face flux field phi

Selecting incompressible transport model Newtonian
Selecting turbulence model type LESModel
Selecting LES turbulence model oneEqEddy
oneEqEddyCoeffs
{
    ce              1.048;
    ck              0.094;
}

Reading field rAU if present


Starting time loop

Courant Number mean: 0 max: 0.0007592825 velocity magnitude: 0.4779
Reading old state
Before setting displacements
GAMGPCG:  Solving for cellDisplacementx, Initial residual = 0, Final residual = 0, No Iterations 0
GAMGPCG:  Solving for cellDisplacementy, Initial residual = 0, Final residual = 0, No Iterations 0
GAMGPCG:  Solving for cellDisplacementz, Initial residual = 0, Final residual = 0, No Iterations 0
Time = 5e-06

GAMGPCG:  Solving for cellDisplacementx, Initial residual = 0, Final residual = 0, No Iterations 0
GAMGPCG:  Solving for cellDisplacementy, Initial residual = 0, Final residual = 0, No Iterations 0
GAMGPCG:  Solving for cellDisplacementz, Initial residual = 0, Final residual = 0, No Iterations 0
volume continuity errors : volume = 4.535015, max error = 0, sum local = 0, global = 0
smoothSolver:  Solving for Ux, Initial residual = 1, Final residual = 3.764172e-08, No Iterations 1
smoothSolver:  Solving for Uy, Initial residual = 1, Final residual = 4.611591e-08, No Iterations 1
smoothSolver:  Solving for Uz, Initial residual = 0.9999962, Final residual = 4.046585e-08, No Iterations 1
Created persistent data with name p
Computing AINV with droptol 0.02
GPU: 804 iters: 12.2384 s: 15.71074 GB/s
GPUPCG:  Solving for p, Initial residual = 1, Final residual = 0.009952497, No Iterations 804
Computing AINV with droptol 0.02
GPU: 162 iters: 2.375812 s: 16.30679 GB/s
GPUPCG:  Solving for p, Initial residual = 0.0004704609, Final residual = 9.944707e-06, No Iterations 162
time step continuity errors : sum local = 2.238964e-09, global = -1.792493e-12, cumulative = -1.792493e-12
Moving mesh time step continuity errors : sum local = 2.238964e-09, global = -1.792493e-12, cumulative = -3.584987e-12
GPU: 147 iters: 2.257902 s: 15.56961 GB/s
GPUPCG:  Solving for p, Initial residual = 0.0001093895, Final residual = 9.741257e-06, No Iterations 147
GPU: 748 iters: 11.45466 s: 15.61655 GB/s
GPUPCG:  Solving for p, Initial residual = 4.623396e-05, Final residual = 9.951835e-08, No Iterations 748
time step continuity errors : sum local = 2.241697e-11, global = -2.731319e-13, cumulative = -3.858119e-12
Moving mesh time step continuity errors : sum local = 2.241697e-11, global = -2.731319e-13, cumulative = -4.131251e-12
smoothSolver:  Solving for k, Initial residual = 1, Final residual = 2.557319e-11, No Iterations 2
ExecutionTime = 66.81 s  ClockTime = 69 s

Courant Number mean: 7.680251e-05 max: 0.002865069 velocity magnitude: 0.9550921
yForce = 1.609963
Y= 2.485599e-12
Vy= 9.94239e-07
Time = 1e-05

GAMGPCG:  Solving for cellDisplacementx, Initial residual = 0, Final residual = 0, No Iterations 0
GAMGPCG:  Solving for cellDisplacementy, Initial residual = 1, Final residual = 1.160986e-08, No Iterations 1
GAMGPCG:  Solving for cellDisplacementz, Initial residual = 0, Final residual = 0, No Iterations 0
volume continuity errors : volume = 4.535015, max error = 1.059914e-08, sum local = 6.136048e-15, global = -4.046682e-18
smoothSolver:  Solving for Ux, Initial residual = 0.9975504, Final residual = 1.333588e-06, No Iterations 1
smoothSolver:  Solving for Uy, Initial residual = 0.3333219, Final residual = 2.479738e-06, No Iterations 1
smoothSolver:  Solving for Uz, Initial residual = 0.320608, Final residual = 1.746412e-06, No Iterations 1
GPU: 803 iters: 12.2461 s: 15.68135 GB/s
GPUPCG:  Solving for p, Initial residual = 0.003643891, Final residual = 3.610988e-05, No Iterations 803
GPU: 258 iters: 3.989949 s: 15.46386 GB/s
GPUPCG:  Solving for p, Initial residual = 0.001404176, Final residual = 1.401201e-05, No Iterations 258
time step continuity errors : sum local = 1.053235e-09, global = -1.041418e-12, cumulative = -5.172669e-12
Moving mesh time step continuity errors : sum local = 1.053235e-09, global = -1.041418e-12, cumulative = -6.214086e-12
GPU: 306 iters: 4.628884 s: 15.80923 GB/s
GPUPCG:  Solving for p, Initial residual = 0.0003132346, Final residual = 9.944578e-06, No Iterations 306
GPU: 714 iters: 10.77318 s: 15.84966 GB/s
GPUPCG:  Solving for p, Initial residual = 0.0001183925, Final residual = 9.956577e-08, No Iterations 714
time step continuity errors : sum local = 7.476234e-12, global = -7.95304e-14, cumulative = -6.293617e-12
Moving mesh time step continuity errors : sum local = 7.476234e-12, global = -7.95304e-14, cumulative = -6.373147e-12
smoothSolver:  Solving for k, Initial residual = 0.00878022, Final residual = 8.027973e-09, No Iterations 1
ExecutionTime = 108.25 s  ClockTime = 110 s

Courant Number mean: 7.680481e-05 max: 0.002856926 velocity magnitude: 0.9523774
yForce = -3.172506
Y= 2.558803e-12
Vy= -9.649559e-07
Time = 1.5e-05

GAMGPCG:  Solving for cellDisplacementx, Initial residual = 0, Final residual = 0, No Iterations 0
GAMGPCG:  Solving for cellDisplacementy, Initial residual = 0.02896477, Final residual = 5.018724e-09, No Iterations 1
GAMGPCG:  Solving for cellDisplacementz, Initial residual = 0, Final residual = 0, No Iterations 0
volume continuity errors : volume = 4.535015, max error = 1.258398e-08, sum local = 6.851729e-15, global = 3.475816e-18
smoothSolver:  Solving for Ux, Initial residual = 0.9921624, Final residual = 1.327959e-06, No Iterations 1
smoothSolver:  Solving for Uy, Initial residual = 0.184663, Final residual = 1.468383e-06, No Iterations 1
smoothSolver:  Solving for Uz, Initial residual = 0.7758657, Final residual = 4.01914e-06, No Iterations 1
GPU: 733 iters: 10.981 s: 15.96348 GB/s
GPUPCG:  Solving for p, Initial residual = 0.002800853, Final residual = 2.770811e-05, No Iterations 733
GPU: 285 iters: 4.437982 s: 15.35765 GB/s
GPUPCG:  Solving for p, Initial residual = 0.0989592, Final residual = 0.0009800061, No Iterations 285
time step continuity errors : sum local = 3.426707e-10, global = -5.611928e-13, cumulative = -6.93434e-12
Moving mesh time step continuity errors : sum local = 3.426707e-10, global = -5.611928e-13, cumulative = -7.495533e-12
GPU: 436 iters: 6.512029 s: 16.01163 GB/s
GPUPCG:  Solving for p, Initial residual = 0.02241316, Final residual = 0.000222158, No Iterations 436
GPU: 924 iters: 13.9497 s: 15.84064 GB/s
GPUPCG:  Solving for p, Initial residual = 0.007530406, Final residual = 9.935677e-08, No Iterations 924
time step continuity errors : sum local = 3.155386e-14, global = -1.228916e-17, cumulative = -7.495545e-12
Moving mesh time step continuity errors : sum local = 3.155386e-14, global = -1.228916e-17, cumulative = -7.495557e-12
smoothSolver:  Solving for k, Initial residual = 0.003835068, Final residual = 3.564928e-09, No Iterations 1
ExecutionTime = 154.19 s  ClockTime = 156 s

Courant Number mean: 7.68053e-05 max: 0.002858858 velocity magnitude: 0.9530215
yForce = 1.155569
Y= -4.819061e-13
Vy= -2.513284e-07
Time = 2e-05

GAMGPCG:  Solving for cellDisplacementx, Initial residual = 0, Final residual = 0, No Iterations 0
GAMGPCG:  Solving for cellDisplacementy, Initial residual = 1, Final residual = 1.137957e-08, No Iterations 1
GAMGPCG:  Solving for cellDisplacementz, Initial residual = 0, Final residual = 0, No Iterations 0
volume continuity errors : volume = 4.535015, max error = 1.308565e-08, sum local = 6.838349e-15, global = 2.917692e-18
smoothSolver:  Solving for Ux, Initial residual = 0.05067162, Final residual = 8.736745e-08, No Iterations 1
smoothSolver:  Solving for Uy, Initial residual = 0.01318, Final residual = 1.546812e-07, No Iterations 1
smoothSolver:  Solving for Uz, Initial residual = 0.8881279, Final residual = 4.623779e-06, No Iterations 1
GPU: 107 iters: 1.654533 s: 15.46585 GB/s
GPUPCG:  Solving for p, Initial residual = 0.2265758, Final residual = 0.002227656, No Iterations 107
GPU: 367 iters: 5.619641 s: 15.61791 GB/s
GPUPCG:  Solving for p, Initial residual = 0.01250964, Final residual = 0.0001232382, No Iterations 367
time step continuity errors : sum local = 3.324636e-11, global = -3.03674e-12, cumulative = -1.05323e-11
Moving mesh time step continuity errors : sum local = 3.324636e-11, global = -3.03674e-12, cumulative = -1.356904e-11
GPU: 570 iters: 8.557248 s: 15.92965 GB/s
GPUPCG:  Solving for p, Initial residual = 0.004237384, Final residual = 4.188424e-05, No Iterations 570
GPU: 872 iters: 13.36955 s: 15.59787 GB/s
GPUPCG:  Solving for p, Initial residual = 0.001801018, Final residual = 9.73025e-08, No Iterations 872
time step continuity errors : sum local = 2.609315e-14, global = -1.148529e-16, cumulative = -1.356915e-11
Moving mesh time step continuity errors : sum local = 2.609315e-14, global = -1.148529e-16, cumulative = -1.356927e-11
smoothSolver:  Solving for k, Initial residual = 0.002273127, Final residual = 2.172534e-09, No Iterations 1
ExecutionTime = 193.22 s  ClockTime = 195 s

Courant Number mean: 7.680586e-05 max: 0.002856743 velocity magnitude: 0.9523164
yForce = -0.1846315
Y= -2.023597e-12
Vy= -3.653479e-07
Time = 2.5e-05

GAMGPCG:  Solving for cellDisplacementx, Initial residual = 0, Final residual = 0, No Iterations 0
GAMGPCG:  Solving for cellDisplacementy, Initial residual = 0.5467153, Final residual = 1.019585e-08, No Iterations 1
GAMGPCG:  Solving for cellDisplacementz, Initial residual = 0, Final residual = 0, No Iterations 0
volume continuity errors : volume = 4.535015, max error = 1.30536e-08, sum local = 6.882951e-15, global = -3.581786e-18
smoothSolver:  Solving for Ux, Initial residual = 0.02707067, Final residual = 3.15787e-08, No Iterations 1
smoothSolver:  Solving for Uy, Initial residual = 0.004546145, Final residual = 5.436439e-08, No Iterations 1
smoothSolver:  Solving for Uz, Initial residual = 0.7491497, Final residual = 4.334717e-06, No Iterations 1
GPU: 29 iters: 0.4622729 s: 15.00255 GB/s
GPUPCG:  Solving for p, Initial residual = 0.1533817, Final residual = 0.001523591, No Iterations 29
GPU: 407 iters: 6.203198 s: 15.69077 GB/s
GPUPCG:  Solving for p, Initial residual = 0.003913398, Final residual = 3.893099e-05, No Iterations 407
time step continuity errors : sum local = 9.255743e-12, global = 6.090191e-13, cumulative = -1.296025e-11
Moving mesh time step continuity errors : sum local = 9.255743e-12, global = 6.090191e-13, cumulative = -1.235123e-11
GPU: 578 iters: 8.672971 s: 15.93769 GB/s
GPUPCG:  Solving for p, Initial residual = 0.001011103, Final residual = 1.008125e-05, No Iterations 578
GPU: 812 iters: 12.20246 s: 15.91381 GB/s
GPUPCG:  Solving for p, Initial residual = 0.0003960387, Final residual = 9.966748e-08, No Iterations 812
time step continuity errors : sum local = 2.362e-14, global = -5.755328e-17, cumulative = -1.235129e-11
Moving mesh time step continuity errors : sum local = 2.362e-14, global = -5.755328e-17, cumulative = -1.235134e-11
smoothSolver:  Solving for k, Initial residual = 0.001554794, Final residual = 1.530197e-09, No Iterations 1
ExecutionTime = 231 s  ClockTime = 233 s

Courant Number mean: 7.680599e-05 max: 0.002854609 velocity magnitude: 0.9516052
yForce = -0.2825598
Y= -4.286575e-12
Vy= -5.398432e-07
Time = 3e-05

GAMGPCG:  Solving for cellDisplacementx, Initial residual = 0, Final residual = 0, No Iterations 0
GAMGPCG:  Solving for cellDisplacementy, Initial residual = 0.5150948, Final residual = 7.655412e-09, No Iterations 1
GAMGPCG:  Solving for cellDisplacementz, Initial residual = 0, Final residual = 0, No Iterations 0
volume continuity errors : volume = 4.535015, max error = 1.165851e-08, sum local = 6.947167e-15, global = 7.279755e-18
smoothSolver:  Solving for Ux, Initial residual = 0.01761469, Final residual = 1.431798e-08, No Iterations 1
smoothSolver:  Solving for Uy, Initial residual = 0.00123758, Final residual = 2.457441e-08, No Iterations 1
smoothSolver:  Solving for Uz, Initial residual = 0.387309, Final residual = 4.165287e-06, No Iterations 1
Computing AINV with droptol 0.02
GPU: 5 iters: 0.09583321 s: 12.47727 GB/s
GPUPCG:  Solving for p, Initial residual = 0.1088626, Final residual = 0.0009564496, No Iterations 5
GPU: 147 iters: 2.301398 s: 15.27535 GB/s
GPUPCG:  Solving for p, Initial residual = 0.001673013, Final residual = 1.65013e-05, No Iterations 147
time step continuity errors : sum local = 3.540297e-12, global = -1.470718e-16, cumulative = -1.235149e-11
Moving mesh time step continuity errors : sum local = 3.540297e-12, global = -1.470718e-16, cumulative = -1.235164e-11
GPU: 31 iters: 0.4507371 s: 16.44765 GB/s
GPUPCG:  Solving for p, Initial residual = 0.0002967967, Final residual = 9.319783e-06, No Iterations 31
GPU: 673 iters: 10.19328 s: 15.78944 GB/s
GPUPCG:  Solving for p, Initial residual = 0.0001153825, Final residual = 9.790122e-08, No Iterations 673
time step continuity errors : sum local = 2.099402e-14, global = 1.310166e-16, cumulative = -1.235151e-11
Moving mesh time step continuity errors : sum local = 2.099402e-14, global = 1.310166e-16, cumulative = -1.235138e-11
smoothSolver:  Solving for k, Initial residual = 0.001156912, Final residual = 1.16484e-09, No Iterations 1
ExecutionTime = 254.17 s  ClockTime = 256 s

Courant Number mean: 7.680609e-05 max: 0.002852247 velocity magnitude: 0.9508177
yForce = 0.2494809
Y= -6.600619e-12
Vy= -3.857745e-07
Time = 3.5e-05

GAMGPCG:  Solving for cellDisplacementx, Initial residual = 0, Final residual = 0, No Iterations 0
GAMGPCG:  Solving for cellDisplacementy, Initial residual = 0.3800252, Final residual = 5.812412e-09, No Iterations 1
GAMGPCG:  Solving for cellDisplacementz, Initial residual = 0, Final residual = 0, No Iterations 0
volume continuity errors : volume = 4.535015, max error = 1.206705e-08, sum local = 6.984851e-15, global = -2.82378e-18
smoothSolver:  Solving for Ux, Initial residual = 0.01352736, Final residual = 1.135044e-08, No Iterations 1
smoothSolver:  Solving for Uy, Initial residual = 0.000959377, Final residual = 1.861544e-08, No Iterations 1
smoothSolver:  Solving for Uz, Initial residual = 0.2533819, Final residual = 3.006533e-06, No Iterations 1
GPU: 3 iters: 0.05769415 s: 12.43526 GB/s
GPUPCG:  Solving for p, Initial residual = 0.09114961, Final residual = 0.0008270893, No Iterations 3
GPU: 127 iters: 1.992329 s: 15.24432 GB/s
GPUPCG:  Solving for p, Initial residual = 0.001010158, Final residual = 9.932663e-06, No Iterations 127
time step continuity errors : sum local = 1.956843e-12, global = 6.463362e-17, cumulative = -1.235131e-11
Moving mesh time step continuity errors : sum local = 1.956843e-12, global = 6.463362e-17, cumulative = -1.235125e-11
GPU: 26 iters: 0.4180689 s: 14.87274 GB/s
GPUPCG:  Solving for p, Initial residual = 9.259656e-05, Final residual = 9.312501e-06, No Iterations 26
GPU: 690 iters: 10.59427 s: 15.57555 GB/s
GPUPCG:  Solving for p, Initial residual = 3.234578e-05, Final residual = 9.804821e-08, No Iterations 690
time step continuity errors : sum local = 1.931144e-14, global = -5.024451e-17, cumulative = -1.23513e-11
Moving mesh time step continuity errors : sum local = 1.931144e-14, global = -5.024451e-17, cumulative = -1.235135e-11
smoothSolver:  Solving for k, Initial residual = 0.0009097416, Final residual = 9.451823e-10, No Iterations 1
ExecutionTime = 277.49 s  ClockTime = 280 s

Courant Number mean: 7.680614e-05 max: 0.002849501 velocity magnitude: 0.9499024
yForce = -0.07550733
Y= -8.646065e-12
Vy= -4.324038e-07
Time = 4e-05

GAMGPCG:  Solving for cellDisplacementx, Initial residual = 0, Final residual = 0, No Iterations 0
GAMGPCG:  Solving for cellDisplacementy, Initial residual = 0.2777003, Final residual = 4.404219e-09, No Iterations 1
GAMGPCG:  Solving for cellDisplacementz, Initial residual = 0, Final residual = 0, No Iterations 0
volume continuity errors : volume = 4.535015, max error = 1.110852e-08, sum local = 6.988002e-15, global = -2.059227e-18
smoothSolver:  Solving for Ux, Initial residual = 0.01095196, Final residual = 9.422748e-09, No Iterations 1
smoothSolver:  Solving for Uy, Initial residual = 0.0008074663, Final residual = 1.499026e-08, No Iterations 1
smoothSolver:  Solving for Uz, Initial residual = 0.216434, Final residual = 2.827238e-06, No Iterations 1
GPU: 3 iters: 0.06716698 s: 10.68147 GB/s
GPUPCG:  Solving for p, Initial residual = 0.07497276, Final residual = 0.0004488396, No Iterations 3
GPU: 41 iters: 0.6517449 s: 15.04429 GB/s
GPUPCG:  Solving for p, Initial residual = 0.0005932195, Final residual = 9.922088e-06, No Iterations 41
time step continuity errors : sum local = 1.815903e-12, global = -1.952276e-16, cumulative = -1.235154e-11
Moving mesh time step continuity errors : sum local = 1.815903e-12, global = -1.952276e-16, cumulative = -1.235174e-11
GPU: 3 iters: 0.06052106 s: 11.85442 GB/s
GPUPCG:  Solving for p, Initial residual = 3.931388e-05, Final residual = 9.227426e-06, No Iterations 3
GPU: 684 iters: 10.36374 s: 15.78356 GB/s
GPUPCG:  Solving for p, Initial residual = 1.462283e-05, Final residual = 9.811185e-08, No Iterations 684
time step continuity errors : sum local = 1.795396e-14, global = 1.443864e-16, cumulative = -1.235159e-11
Moving mesh time step continuity errors : sum local = 1.795396e-14, global = 1.443864e-16, cumulative = -1.235145e-11
smoothSolver:  Solving for k, Initial residual = 0.000743692, Final residual = 7.921105e-10, No Iterations 1
ExecutionTime = 298.92 s  ClockTime = 301 s

Courant Number mean: 7.680616e-05 max: 0.002846381 velocity magnitude: 0.9488623
yForce = -0.01835108
Y= -1.083641e-11
Vy= -4.437359e-07
Time = 4.5e-05

GAMGPCG:  Solving for cellDisplacementx, Initial residual = 0, Final residual = 0, No Iterations 0
GAMGPCG:  Solving for cellDisplacementy, Initial residual = 0.2512786, Final residual = 3.895309e-09, No Iterations 1
GAMGPCG:  Solving for cellDisplacementz, Initial residual = 0, Final residual = 0, No Iterations 0
volume continuity errors : volume = 4.535015, max error = 1.257874e-08, sum local = 6.992472e-15, global = 2.219235e-18
smoothSolver:  Solving for Ux, Initial residual = 0.009356497, Final residual = 8.059069e-09, No Iterations 1
smoothSolver:  Solving for Uy, Initial residual = 0.0006792606, Final residual = 1.242019e-08, No Iterations 1
smoothSolver:  Solving for Uz, Initial residual = 0.1702391, Final residual = 2.249935e-06, No Iterations 1
GPU: 3 iters: 0.06088032 s: 11.78446 GB/s
GPUPCG:  Solving for p, Initial residual = 0.06276942, Final residual = 0.0003577865, No Iterations 3
GPU: 19 iters: 0.300292 s: 15.13127 GB/s
GPUPCG:  Solving for p, Initial residual = 0.0004632957, Final residual = 9.872427e-06, No Iterations 19
time step continuity errors : sum local = 1.693149e-12, global = 5.161575e-16, cumulative = -1.235093e-11
Moving mesh time step continuity errors : sum local = 1.693149e-12, global = 5.161575e-16, cumulative = -1.235042e-11
GPU: 1 iters: 0.03628502 s: 6.590799 GB/s
GPUPCG:  Solving for p, Initial residual = 2.54999e-05, Final residual = 9.289661e-06, No Iterations 1
GPU: 439 iters: 6.701465 s: 15.66608 GB/s
GPUPCG:  Solving for p, Initial residual = 1.059798e-05, Final residual = 9.986592e-08, No Iterations 439
time step continuity errors : sum local = 1.712624e-14, global = 1.663014e-15, cumulative = -1.234875e-11
Moving mesh time step continuity errors : sum local = 1.712624e-14, global = 1.663014e-15, cumulative = -1.234709e-11
smoothSolver:  Solving for k, Initial residual = 0.0006255963, Final residual = 6.820292e-10, No Iterations 1
ExecutionTime = 315.92 s  ClockTime = 318 s

Courant Number mean: 7.680615e-05 max: 0.002842881 velocity magnitude: 0.9482452
yForce = 0.03479791
Y= -1.300137e-11
Vy= -4.222456e-07
Time = 5e-05

GAMGPCG:  Solving for cellDisplacementx, Initial residual = 0, Final residual = 0, No Iterations 0
GAMGPCG:  Solving for cellDisplacementy, Initial residual = 0.2137505, Final residual = 3.366132e-09, No Iterations 1
GAMGPCG:  Solving for cellDisplacementz, Initial residual = 0, Final residual = 0, No Iterations 0
volume continuity errors : volume = 4.535015, max error = 1.121724e-08, sum local = 7.001468e-15, global = -2.467151e-18
smoothSolver:  Solving for Ux, Initial residual = 0.008276685, Final residual = 7.079044e-09, No Iterations 1
smoothSolver:  Solving for Uy, Initial residual = 0.0005942908, Final residual = 1.058885e-08, No Iterations 1
smoothSolver:  Solving for Uz, Initial residual = 0.140431, Final residual = 1.706725e-06, No Iterations 1
GPU: 3 iters: 0.05991789 s: 11.97375 GB/s
GPUPCG:  Solving for p, Initial residual = 0.05636372, Final residual = 0.0002990004, No Iterations 3
GPU: 16 iters: 0.2482747 s: 15.41179 GB/s
GPUPCG:  Solving for p, Initial residual = 0.0003813924, Final residual = 9.88207e-06, No Iterations 16
time step continuity errors : sum local = 1.599128e-12, global = 3.586328e-15, cumulative = -1.23435e-11
Moving mesh time step continuity errors : sum local = 1.599128e-12, global = 3.586328e-15, cumulative = -1.233992e-11
GPU: 1 iters: 0.02793792 s: 8.559954 GB/s
GPUPCG:  Solving for p, Initial residual = 2.063231e-05, Final residual = 8.336328e-06, No Iterations 1
GPU: 664 iters: 10.21549 s: 15.54441 GB/s
GPUPCG:  Solving for p, Initial residual = 9.08875e-06, Final residual = 9.91286e-08, No Iterations 664
time step continuity errors : sum local = 1.604062e-14, global = -2.25647e-17, cumulative = -1.233994e-11
Moving mesh time step continuity errors : sum local = 1.604062e-14, global = -2.25647e-17, cumulative = -1.233996e-11
smoothSolver:  Solving for k, Initial residual = 0.0005378836, Final residual = 5.997102e-10, No Iterations 1
ExecutionTime = 336.4 s  ClockTime = 339 s

yForce = -0.01611924
Y= -1.513748e-11
Vy= -4.321995e-07
End

Finalising parallel run
