 Data for JOB [26701,1] offset 0

 ========================   JOB MAP   ========================

 Data for node: ivb112	Num slots: 6	Max slots: 0	Num procs: 6
 	Process OMPI jobid: [26701,1] App: 0 Process rank: 0
 	Process OMPI jobid: [26701,1] App: 0 Process rank: 1
 	Process OMPI jobid: [26701,1] App: 0 Process rank: 2
 	Process OMPI jobid: [26701,1] App: 0 Process rank: 3
 	Process OMPI jobid: [26701,1] App: 0 Process rank: 4
 	Process OMPI jobid: [26701,1] App: 0 Process rank: 5

 Data for node: ivb113	Num slots: 6	Max slots: 0	Num procs: 6
 	Process OMPI jobid: [26701,1] App: 0 Process rank: 6
 	Process OMPI jobid: [26701,1] App: 0 Process rank: 7
 	Process OMPI jobid: [26701,1] App: 0 Process rank: 8
 	Process OMPI jobid: [26701,1] App: 0 Process rank: 9
 	Process OMPI jobid: [26701,1] App: 0 Process rank: 10
 	Process OMPI jobid: [26701,1] App: 0 Process rank: 11

 Data for node: ivb114	Num slots: 6	Max slots: 0	Num procs: 6
 	Process OMPI jobid: [26701,1] App: 0 Process rank: 12
 	Process OMPI jobid: [26701,1] App: 0 Process rank: 13
 	Process OMPI jobid: [26701,1] App: 0 Process rank: 14
 	Process OMPI jobid: [26701,1] App: 0 Process rank: 15
 	Process OMPI jobid: [26701,1] App: 0 Process rank: 16
 	Process OMPI jobid: [26701,1] App: 0 Process rank: 17

 Data for node: ivb124	Num slots: 6	Max slots: 0	Num procs: 6
 	Process OMPI jobid: [26701,1] App: 0 Process rank: 18
 	Process OMPI jobid: [26701,1] App: 0 Process rank: 19
 	Process OMPI jobid: [26701,1] App: 0 Process rank: 20
 	Process OMPI jobid: [26701,1] App: 0 Process rank: 21
 	Process OMPI jobid: [26701,1] App: 0 Process rank: 22
 	Process OMPI jobid: [26701,1] App: 0 Process rank: 23

 =============================================================
[ivb112:14267] MCW rank 1 bound to socket 0[core 1[hwt 0]]: [./B/./././././././.][./././././././././.]
[ivb112:14267] MCW rank 2 bound to socket 0[core 2[hwt 0]]: [././B/././././././.][./././././././././.]
[ivb112:14267] MCW rank 3 bound to socket 0[core 3[hwt 0]]: [./././B/./././././.][./././././././././.]
[ivb112:14267] MCW rank 4 bound to socket 0[core 4[hwt 0]]: [././././B/././././.][./././././././././.]
[ivb112:14267] MCW rank 5 bound to socket 0[core 5[hwt 0]]: [./././././B/./././.][./././././././././.]
[ivb112:14267] MCW rank 0 bound to socket 0[core 0[hwt 0]]: [B/././././././././.][./././././././././.]
[ivb124:06671] MCW rank 18 bound to socket 0[core 0[hwt 0]]: [B/././././././././.][./././././././././.]
[ivb124:06671] MCW rank 19 bound to socket 0[core 1[hwt 0]]: [./B/./././././././.][./././././././././.]
[ivb124:06671] MCW rank 20 bound to socket 0[core 2[hwt 0]]: [././B/././././././.][./././././././././.]
[ivb124:06671] MCW rank 21 bound to socket 0[core 3[hwt 0]]: [./././B/./././././.][./././././././././.]
[ivb124:06671] MCW rank 22 bound to socket 0[core 4[hwt 0]]: [././././B/././././.][./././././././././.]
[ivb124:06671] MCW rank 23 bound to socket 0[core 5[hwt 0]]: [./././././B/./././.][./././././././././.]
[ivb114:03497] MCW rank 17 bound to socket 0[core 5[hwt 0]]: [./././././B/./././.][./././././././././.]
[ivb114:03497] MCW rank 12 bound to socket 0[core 0[hwt 0]]: [B/././././././././.][./././././././././.]
[ivb114:03497] MCW rank 13 bound to socket 0[core 1[hwt 0]]: [./B/./././././././.][./././././././././.]
[ivb114:03497] MCW rank 14 bound to socket 0[core 2[hwt 0]]: [././B/././././././.][./././././././././.]
[ivb114:03497] MCW rank 15 bound to socket 0[core 3[hwt 0]]: [./././B/./././././.][./././././././././.]
[ivb114:03497] MCW rank 16 bound to socket 0[core 4[hwt 0]]: [././././B/././././.][./././././././././.]
[ivb113:39942] MCW rank 6 bound to socket 0[core 0[hwt 0]]: [B/././././././././.][./././././././././.]
[ivb113:39942] MCW rank 7 bound to socket 0[core 1[hwt 0]]: [./B/./././././././.][./././././././././.]
[ivb113:39942] MCW rank 8 bound to socket 0[core 2[hwt 0]]: [././B/././././././.][./././././././././.]
[ivb113:39942] MCW rank 9 bound to socket 0[core 3[hwt 0]]: [./././B/./././././.][./././././././././.]
[ivb113:39942] MCW rank 10 bound to socket 0[core 4[hwt 0]]: [././././B/././././.][./././././././././.]
[ivb113:39942] MCW rank 11 bound to socket 0[core 5[hwt 0]]: [./././././B/./././.][./././././././././.]
1
2
4
0
3
5
0
1
2
0
3
4
1
5
2
3
4
5
0
1
2
3
4
5
/*---------------------------------------------------------------------------*\
| =========                 |                                                 |
| \\      /  F ield         | foam-extend: Open Source CFD                    |
|  \\    /   O peration     | Version:     3.1                                |
|   \\  /    A nd           | Web:         http://www.extend-project.de       |
|    \\/     M anipulation  |                                                 |
\*---------------------------------------------------------------------------*/
Build    : 3.1-e2da948002a2
Exec     : pimpleDyMFoam -parallel
Date     : May 23 2016
Time     : 19:16:39
Host     : ivb112
PID      : 14334
CtrlDict : /home-2/vplatonov/foam/foam-extend-3.1/etc/controlDict
Case     : /home/vplatonov/tests/3D-mesh1-of3.1
nProcs   : 24
Slaves : 
23
(
ivb112.14340
ivb112.14326
ivb112.14345
ivb112.14328
ivb112.14325
ivb113.40005
ivb113.40007
ivb113.40006
ivb113.40009
ivb113.40010
ivb113.40008
ivb114.3561
ivb114.3550
ivb114.3551
ivb114.3568
ivb114.3574
ivb114.3555
ivb124.6721
ivb124.6716
ivb124.6727
ivb124.6717
ivb124.6733
ivb124.6738
)

Pstream initialized with:
    floatTransfer     : 0
    nProcsSimpleSum   : 0
    commsType         : blocking
SigFpe   : Enabling floating point exception trapping (FOAM_SIGFPE).

// * * * * * * * * * * * * * * * * * * * * * * * * * * * * * * * * * * * * * //
Create time

Create dynamic mesh for time = 0

Selecting dynamicFvMesh dynamicMotionSolverFvMesh
Selecting motion solver: displacementLaplacian
Selecting motion diffusion: quadratic
Selecting motion diffusion: inverseDistance
Reading field p

Reading field U

Reading/calculating face flux field phi

Selecting incompressible transport model Newtonian
Selecting turbulence model type LESModel
Selecting LES turbulence model oneEqEddy
oneEqEddyCoeffs
{
    ce              1.048;
    ck              0.094;
}

Reading field rAU if present


Starting time loop

Courant Number mean: 0 max: 0.0007592825 velocity magnitude: 0.4779
Reading old state
Before setting displacements
GAMGPCG:  Solving for cellDisplacementx, Initial residual = 0, Final residual = 0, No Iterations 0
GAMGPCG:  Solving for cellDisplacementy, Initial residual = 0, Final residual = 0, No Iterations 0
GAMGPCG:  Solving for cellDisplacementz, Initial residual = 0, Final residual = 0, No Iterations 0
Time = 5e-06

GAMGPCG:  Solving for cellDisplacementx, Initial residual = 0, Final residual = 0, No Iterations 0
GAMGPCG:  Solving for cellDisplacementy, Initial residual = 0, Final residual = 0, No Iterations 0
GAMGPCG:  Solving for cellDisplacementz, Initial residual = 0, Final residual = 0, No Iterations 0
volume continuity errors : volume = 4.535015, max error = 0, sum local = 0, global = 0
smoothSolver:  Solving for Ux, Initial residual = 1, Final residual = 3.764172e-08, No Iterations 1
smoothSolver:  Solving for Uy, Initial residual = 1, Final residual = 4.611591e-08, No Iterations 1
smoothSolver:  Solving for Uz, Initial residual = 0.9999962, Final residual = 4.046585e-08, No Iterations 1
Created persistent data with name p
Computing AINV with droptol 0.02
GPU: 804 iters: 6.79315 s: 28.22501 GB/s
GPUPCG:  Solving for p, Initial residual = 1, Final residual = 0.00990319, No Iterations 804
Computing AINV with droptol 0.02
GPU: 162 iters: 1.464572 s: 26.37872 GB/s
GPUPCG:  Solving for p, Initial residual = 0.0004703547, Final residual = 9.959268e-06, No Iterations 162
time step continuity errors : sum local = 2.242242e-09, global = -1.79265e-12, cumulative = -1.79265e-12
Moving mesh time step continuity errors : sum local = 2.242242e-09, global = -1.79265e-12, cumulative = -3.5853e-12
GPU: 147 iters: 1.305941 s: 26.84375 GB/s
GPUPCG:  Solving for p, Initial residual = 0.0001093992, Final residual = 9.798978e-06, No Iterations 147
GPU: 747 iters: 6.418898 s: 27.75297 GB/s
GPUPCG:  Solving for p, Initial residual = 4.628154e-05, Final residual = 9.888857e-08, No Iterations 747
time step continuity errors : sum local = 2.227511e-11, global = -2.772287e-13, cumulative = -3.862528e-12
Moving mesh time step continuity errors : sum local = 2.227511e-11, global = -2.772287e-13, cumulative = -4.139757e-12
smoothSolver:  Solving for k, Initial residual = 1, Final residual = 2.557337e-11, No Iterations 2
ExecutionTime = 54.56 s  ClockTime = 57 s

Courant Number mean: 7.680251e-05 max: 0.002865069 velocity magnitude: 0.9550922
yForce = 1.610932
Y= 2.487096e-12
Vy= 9.948375e-07
Time = 1e-05

GAMGPCG:  Solving for cellDisplacementx, Initial residual = 0, Final residual = 0, No Iterations 0
GAMGPCG:  Solving for cellDisplacementy, Initial residual = 1, Final residual = 1.160984e-08, No Iterations 1
GAMGPCG:  Solving for cellDisplacementz, Initial residual = 0, Final residual = 0, No Iterations 0
volume continuity errors : volume = 4.535015, max error = 1.022788e-08, sum local = 6.132899e-15, global = -4.632819e-18
smoothSolver:  Solving for Ux, Initial residual = 0.9975504, Final residual = 1.333585e-06, No Iterations 1
smoothSolver:  Solving for Uy, Initial residual = 0.3333219, Final residual = 2.479745e-06, No Iterations 1
smoothSolver:  Solving for Uz, Initial residual = 0.3191261, Final residual = 1.723541e-06, No Iterations 1
GPU: 803 iters: 6.965103 s: 27.49396 GB/s
GPUPCG:  Solving for p, Initial residual = 0.00364389, Final residual = 3.619542e-05, No Iterations 803
GPU: 258 iters: 2.165147 s: 28.41723 GB/s
GPUPCG:  Solving for p, Initial residual = 0.001404331, Final residual = 1.382082e-05, No Iterations 258
time step continuity errors : sum local = 1.038865e-09, global = -1.042643e-12, cumulative = -5.1824e-12
Moving mesh time step continuity errors : sum local = 1.038865e-09, global = -1.042643e-12, cumulative = -6.225043e-12
GPU: 307 iters: 2.704332 s: 27.07246 GB/s
GPUPCG:  Solving for p, Initial residual = 0.0003130792, Final residual = 9.995709e-06, No Iterations 307
GPU: 764 iters: 6.60171 s: 27.59855 GB/s
GPUPCG:  Solving for p, Initial residual = 0.0001184312, Final residual = 9.968464e-08, No Iterations 764
time step continuity errors : sum local = 7.485158e-12, global = -1.035325e-14, cumulative = -6.235396e-12
Moving mesh time step continuity errors : sum local = 7.485158e-12, global = -1.035325e-14, cumulative = -6.24575e-12
smoothSolver:  Solving for k, Initial residual = 0.008780218, Final residual = 8.024916e-09, No Iterations 1
ExecutionTime = 82.94 s  ClockTime = 85 s

Courant Number mean: 7.680482e-05 max: 0.002856923 velocity magnitude: 0.9523764
yForce = -3.497252
Y= 2.061921e-12
Vy= -1.164906e-06
Time = 1.5e-05

GAMGPCG:  Solving for cellDisplacementx, Initial residual = 0, Final residual = 0, No Iterations 0
GAMGPCG:  Solving for cellDisplacementy, Initial residual = 0.2093996, Final residual = 2.638163e-09, No Iterations 1
GAMGPCG:  Solving for cellDisplacementz, Initial residual = 0, Final residual = 0, No Iterations 0
volume continuity errors : volume = 4.535015, max error = 1.114151e-08, sum local = 6.783588e-15, global = -5.340397e-19
smoothSolver:  Solving for Ux, Initial residual = 0.9921625, Final residual = 1.327993e-06, No Iterations 1
smoothSolver:  Solving for Uy, Initial residual = 0.1846272, Final residual = 1.468258e-06, No Iterations 1
smoothSolver:  Solving for Uz, Initial residual = 0.6409648, Final residual = 3.304849e-06, No Iterations 1
GPU: 733 iters: 6.257166 s: 27.93673 GB/s
GPUPCG:  Solving for p, Initial residual = 0.002800866, Final residual = 2.745788e-05, No Iterations 733
GPU: 285 iters: 2.478918 s: 27.41776 GB/s
GPUPCG:  Solving for p, Initial residual = 0.09891606, Final residual = 0.0009780669, No Iterations 285
time step continuity errors : sum local = 3.419744e-10, global = -5.594328e-13, cumulative = -6.805182e-12
Moving mesh time step continuity errors : sum local = 3.419744e-10, global = -5.594328e-13, cumulative = -7.364615e-12
GPU: 436 iters: 3.888983 s: 26.73621 GB/s
GPUPCG:  Solving for p, Initial residual = 0.02241264, Final residual = 0.0002233711, No Iterations 436
GPU: 925 iters: 8.173228 s: 26.98966 GB/s
GPUPCG:  Solving for p, Initial residual = 0.007531593, Final residual = 9.665768e-08, No Iterations 925
time step continuity errors : sum local = 3.069627e-14, global = -1.992483e-17, cumulative = -7.364635e-12
Moving mesh time step continuity errors : sum local = 3.069627e-14, global = -1.992483e-17, cumulative = -7.364655e-12
smoothSolver:  Solving for k, Initial residual = 0.003835069, Final residual = 3.565816e-09, No Iterations 1
ExecutionTime = 113.44 s  ClockTime = 116 s

Courant Number mean: 7.68053e-05 max: 0.002858857 velocity magnitude: 0.9530214
yForce = 1.642814
Y= -1.226286e-12
Vy= -1.503781e-07
Time = 2e-05

GAMGPCG:  Solving for cellDisplacementx, Initial residual = 0, Final residual = 0, No Iterations 0
GAMGPCG:  Solving for cellDisplacementy, Initial residual = 1, Final residual = 1.134124e-08, No Iterations 1
GAMGPCG:  Solving for cellDisplacementz, Initial residual = 0, Final residual = 0, No Iterations 0
volume continuity errors : volume = 4.535015, max error = 1.204953e-08, sum local = 6.80076e-15, global = 5.659001e-18
smoothSolver:  Solving for Ux, Initial residual = 0.05067636, Final residual = 8.736553e-08, No Iterations 1
smoothSolver:  Solving for Uy, Initial residual = 0.01322813, Final residual = 1.547615e-07, No Iterations 1
smoothSolver:  Solving for Uz, Initial residual = 0.8963226, Final residual = 4.516857e-06, No Iterations 1
GPU: 107 iters: 0.9677612 s: 26.36725 GB/s
GPUPCG:  Solving for p, Initial residual = 0.2265779, Final residual = 0.002221862, No Iterations 107
GPU: 367 iters: 3.057162 s: 28.62839 GB/s
GPUPCG:  Solving for p, Initial residual = 0.01250374, Final residual = 0.0001231144, No Iterations 367
time step continuity errors : sum local = 3.321265e-11, global = -3.032957e-12, cumulative = -1.039761e-11
Moving mesh time step continuity errors : sum local = 3.321265e-11, global = -3.032957e-12, cumulative = -1.343057e-11
GPU: 570 iters: 4.853531 s: 28.00699 GB/s
GPUPCG:  Solving for p, Initial residual = 0.004237278, Final residual = 4.187455e-05, No Iterations 570
GPU: 777 iters: 6.873497 s: 26.95831 GB/s
GPUPCG:  Solving for p, Initial residual = 0.001801003, Final residual = 9.94085e-08, No Iterations 777
time step continuity errors : sum local = 2.665788e-14, global = 9.092744e-17, cumulative = -1.343048e-11
Moving mesh time step continuity errors : sum local = 2.665788e-14, global = 9.092744e-17, cumulative = -1.343039e-11
smoothSolver:  Solving for k, Initial residual = 0.002273128, Final residual = 2.172718e-09, No Iterations 1
ExecutionTime = 139.04 s  ClockTime = 142 s

Courant Number mean: 7.680586e-05 max: 0.002856743 velocity magnitude: 0.9523164
yForce = -0.3592583
Y= -2.53283e-12
Vy= -3.722391e-07
Time = 2.5e-05

GAMGPCG:  Solving for cellDisplacementx, Initial residual = 0, Final residual = 0, No Iterations 0
GAMGPCG:  Solving for cellDisplacementy, Initial residual = 0.4150802, Final residual = 8.813132e-09, No Iterations 1
GAMGPCG:  Solving for cellDisplacementz, Initial residual = 0, Final residual = 0, No Iterations 0
volume continuity errors : volume = 4.535015, max error = 1.217684e-08, sum local = 6.89777e-15, global = -8.008983e-20
smoothSolver:  Solving for Ux, Initial residual = 0.02707035, Final residual = 3.157836e-08, No Iterations 1
smoothSolver:  Solving for Uy, Initial residual = 0.00455423, Final residual = 5.437792e-08, No Iterations 1
smoothSolver:  Solving for Uz, Initial residual = 0.7869669, Final residual = 4.270388e-06, No Iterations 1
GPU: 29 iters: 0.2651822 s: 26.07972 GB/s
GPUPCG:  Solving for p, Initial residual = 0.1533821, Final residual = 0.001530833, No Iterations 29
GPU: 407 iters: 3.580639 s: 27.10711 GB/s
GPUPCG:  Solving for p, Initial residual = 0.00391951, Final residual = 3.889364e-05, No Iterations 407
time step continuity errors : sum local = 9.24685e-12, global = 6.08103e-13, cumulative = -1.282228e-11
Moving mesh time step continuity errors : sum local = 9.24685e-12, global = 6.08103e-13, cumulative = -1.221418e-11
GPU: 578 iters: 4.749431 s: 29.02255 GB/s
GPUPCG:  Solving for p, Initial residual = 0.001010828, Final residual = 1.009723e-05, No Iterations 578
GPU: 727 iters: 6.26123 s: 27.69007 GB/s
GPUPCG:  Solving for p, Initial residual = 0.0003959493, Final residual = 9.811395e-08, No Iterations 727
time step continuity errors : sum local = 2.325182e-14, global = 6.609922e-17, cumulative = -1.221411e-11
Moving mesh time step continuity errors : sum local = 2.325182e-14, global = 6.609922e-17, cumulative = -1.221405e-11
smoothSolver:  Solving for k, Initial residual = 0.001554794, Final residual = 1.530236e-09, No Iterations 1
ExecutionTime = 163.66 s  ClockTime = 167 s

Courant Number mean: 7.680599e-05 max: 0.002854609 velocity magnitude: 0.9516052
yForce = -0.3106309
Y= -4.873603e-12
Vy= -5.640699e-07
Time = 3e-05

GAMGPCG:  Solving for cellDisplacementx, Initial residual = 0, Final residual = 0, No Iterations 0
GAMGPCG:  Solving for cellDisplacementy, Initial residual = 0.4907803, Final residual = 7.068479e-09, No Iterations 1
GAMGPCG:  Solving for cellDisplacementz, Initial residual = 0, Final residual = 0, No Iterations 0
volume continuity errors : volume = 4.535015, max error = 1.488707e-08, sum local = 6.955705e-15, global = 4.84909e-18
smoothSolver:  Solving for Ux, Initial residual = 0.01761467, Final residual = 1.431822e-08, No Iterations 1
smoothSolver:  Solving for Uy, Initial residual = 0.001237691, Final residual = 2.457406e-08, No Iterations 1
smoothSolver:  Solving for Uz, Initial residual = 0.39229, Final residual = 4.466636e-06, No Iterations 1
GPU: 5 iters: 0.05553568 s: 21.47075 GB/s
GPUPCG:  Solving for p, Initial residual = 0.1088626, Final residual = 0.0009564356, No Iterations 5
GPU: 147 iters: 1.237501 s: 28.32833 GB/s
GPUPCG:  Solving for p, Initial residual = 0.001672977, Final residual = 1.647771e-05, No Iterations 147
time step continuity errors : sum local = 3.535235e-12, global = -2.074973e-16, cumulative = -1.221426e-11
Moving mesh time step continuity errors : sum local = 3.535235e-12, global = -2.074973e-16, cumulative = -1.221446e-11
GPU: 31 iters: 0.2702849 s: 27.35201 GB/s
GPUPCG:  Solving for p, Initial residual = 0.0002967605, Final residual = 9.269917e-06, No Iterations 31
GPU: 693 iters: 6.040937 s: 27.35761 GB/s
GPUPCG:  Solving for p, Initial residual = 0.0001153325, Final residual = 9.971501e-08, No Iterations 693
time step continuity errors : sum local = 2.138296e-14, global = -2.504735e-16, cumulative = -1.221471e-11
Moving mesh time step continuity errors : sum local = 2.138296e-14, global = -2.504735e-16, cumulative = -1.221496e-11
smoothSolver:  Solving for k, Initial residual = 0.001156912, Final residual = 1.164868e-09, No Iterations 1
ExecutionTime = 180.96 s  ClockTime = 184 s

Courant Number mean: 7.680609e-05 max: 0.002852247 velocity magnitude: 0.9508177
yForce = 0.3173481
Y= -7.204001e-12
Vy= -3.680895e-07
Time = 3.5e-05

GAMGPCG:  Solving for cellDisplacementx, Initial residual = 0, Final residual = 0, No Iterations 0
GAMGPCG:  Solving for cellDisplacementy, Initial residual = 0.3609572, Final residual = 5.56173e-09, No Iterations 1
GAMGPCG:  Solving for cellDisplacementz, Initial residual = 0, Final residual = 0, No Iterations 0
volume continuity errors : volume = 4.535015, max error = 1.485537e-08, sum local = 6.988369e-15, global = -2.591841e-18
smoothSolver:  Solving for Ux, Initial residual = 0.01352738, Final residual = 1.135065e-08, No Iterations 1
smoothSolver:  Solving for Uy, Initial residual = 0.0009594742, Final residual = 1.861549e-08, No Iterations 1
smoothSolver:  Solving for Uz, Initial residual = 0.2625626, Final residual = 3.252056e-06, No Iterations 1
GPU: 3 iters: 0.03751907 s: 19.06858 GB/s
GPUPCG:  Solving for p, Initial residual = 0.09114959, Final residual = 0.0008271257, No Iterations 3
GPU: 126 iters: 1.08359 s: 27.73031 GB/s
GPUPCG:  Solving for p, Initial residual = 0.001010207, Final residual = 1.008238e-05, No Iterations 126
time step continuity errors : sum local = 1.986339e-12, global = 2.003946e-17, cumulative = -1.221494e-11
Moving mesh time step continuity errors : sum local = 1.986339e-12, global = 2.003946e-17, cumulative = -1.221492e-11
GPU: 26 iters: 0.2322863 s: 26.69311 GB/s
GPUPCG:  Solving for p, Initial residual = 9.279931e-05, Final residual = 9.321402e-06, No Iterations 26
GPU: 705 iters: 6.050754 s: 27.78618 GB/s
GPUPCG:  Solving for p, Initial residual = 3.233876e-05, Final residual = 9.977252e-08, No Iterations 705
time step continuity errors : sum local = 1.965106e-14, global = -5.815886e-17, cumulative = -1.221498e-11
Moving mesh time step continuity errors : sum local = 1.965106e-14, global = -5.815886e-17, cumulative = -1.221504e-11
smoothSolver:  Solving for k, Initial residual = 0.0009097417, Final residual = 9.452039e-10, No Iterations 1
ExecutionTime = 198.31 s  ClockTime = 202 s

Courant Number mean: 7.680614e-05 max: 0.002849501 velocity magnitude: 0.9499024
yForce = -0.1115728
Y= -9.216703e-12
Vy= -4.369912e-07
Time = 4e-05

GAMGPCG:  Solving for cellDisplacementx, Initial residual = 0, Final residual = 0, No Iterations 0
GAMGPCG:  Solving for cellDisplacementy, Initial residual = 0.260618, Final residual = 4.223777e-09, No Iterations 1
GAMGPCG:  Solving for cellDisplacementz, Initial residual = 0, Final residual = 0, No Iterations 0
volume continuity errors : volume = 4.535015, max error = 1.208692e-08, sum local = 6.98798e-15, global = -1.00345e-18
smoothSolver:  Solving for Ux, Initial residual = 0.01095193, Final residual = 9.422612e-09, No Iterations 1
smoothSolver:  Solving for Uy, Initial residual = 0.0008074478, Final residual = 1.49901e-08, No Iterations 1
smoothSolver:  Solving for Uz, Initial residual = 0.2167583, Final residual = 2.999818e-06, No Iterations 1
GPU: 3 iters: 0.03227818 s: 22.16469 GB/s
GPUPCG:  Solving for p, Initial residual = 0.07497276, Final residual = 0.0004488394, No Iterations 3
GPU: 41 iters: 0.3856819 s: 25.35152 GB/s
GPUPCG:  Solving for p, Initial residual = 0.000593222, Final residual = 9.893815e-06, No Iterations 41
time step continuity errors : sum local = 1.810728e-12, global = 3.544882e-16, cumulative = -1.221469e-11
Moving mesh time step continuity errors : sum local = 1.810728e-12, global = 3.544882e-16, cumulative = -1.221433e-11
GPU: 3 iters: 0.03742422 s: 19.11691 GB/s
GPUPCG:  Solving for p, Initial residual = 3.928672e-05, Final residual = 9.183793e-06, No Iterations 3
GPU: 681 iters: 5.888535 s: 27.57968 GB/s
GPUPCG:  Solving for p, Initial residual = 1.458387e-05, Final residual = 9.762252e-08, No Iterations 681
time step continuity errors : sum local = 1.78644e-14, global = 1.026222e-16, cumulative = -1.221423e-11
Moving mesh time step continuity errors : sum local = 1.78644e-14, global = 1.026222e-16, cumulative = -1.221413e-11
smoothSolver:  Solving for k, Initial residual = 0.0007436921, Final residual = 7.921297e-10, No Iterations 1
ExecutionTime = 214.49 s  ClockTime = 218 s

Courant Number mean: 7.680616e-05 max: 0.002846381 velocity magnitude: 0.9488623
yForce = -0.01585629
Y= -1.142614e-11
Vy= -4.467826e-07
Time = 4.5e-05

GAMGPCG:  Solving for cellDisplacementx, Initial residual = 0, Final residual = 0, No Iterations 0
GAMGPCG:  Solving for cellDisplacementy, Initial residual = 0.2430111, Final residual = 3.724687e-09, No Iterations 1
GAMGPCG:  Solving for cellDisplacementz, Initial residual = 0, Final residual = 0, No Iterations 0
volume continuity errors : volume = 4.535015, max error = 1.39493e-08, sum local = 6.992174e-15, global = 2.871566e-19
smoothSolver:  Solving for Ux, Initial residual = 0.009356502, Final residual = 8.059115e-09, No Iterations 1
smoothSolver:  Solving for Uy, Initial residual = 0.0006792977, Final residual = 1.242024e-08, No Iterations 1
smoothSolver:  Solving for Uz, Initial residual = 0.1805322, Final residual = 2.409003e-06, No Iterations 1
GPU: 3 iters: 0.03741513 s: 19.12156 GB/s
GPUPCG:  Solving for p, Initial residual = 0.06276942, Final residual = 0.0003577936, No Iterations 3
GPU: 19 iters: 0.1736372 s: 26.09517 GB/s
GPUPCG:  Solving for p, Initial residual = 0.0004633045, Final residual = 9.841165e-06, No Iterations 19
time step continuity errors : sum local = 1.687787e-12, global = 2.705029e-16, cumulative = -1.221386e-11
Moving mesh time step continuity errors : sum local = 1.687787e-12, global = 2.705029e-16, cumulative = -1.221359e-11
GPU: 1 iters: 0.01613894 s: 14.77659 GB/s
GPUPCG:  Solving for p, Initial residual = 2.54616e-05, Final residual = 9.273068e-06, No Iterations 1
GPU: 439 iters: 3.77029 s: 27.76765 GB/s
GPUPCG:  Solving for p, Initial residual = 1.058143e-05, Final residual = 9.883125e-08, No Iterations 439
time step continuity errors : sum local = 1.694879e-14, global = 1.599624e-15, cumulative = -1.221199e-11
Moving mesh time step continuity errors : sum local = 1.694879e-14, global = 1.599624e-15, cumulative = -1.221039e-11
smoothSolver:  Solving for k, Initial residual = 0.0006255964, Final residual = 6.820438e-10, No Iterations 1
ExecutionTime = 228.45 s  ClockTime = 232 s

Courant Number mean: 7.680615e-05 max: 0.00284288 velocity magnitude: 0.9482452
yForce = 0.04415002
Y= -1.359189e-11
Vy= -4.195169e-07
Time = 5e-05

GAMGPCG:  Solving for cellDisplacementx, Initial residual = 0, Final residual = 0, No Iterations 0
GAMGPCG:  Solving for cellDisplacementy, Initial residual = 0.2060365, Final residual = 3.181709e-09, No Iterations 1
GAMGPCG:  Solving for cellDisplacementz, Initial residual = 0, Final residual = 0, No Iterations 0
volume continuity errors : volume = 4.535015, max error = 1.296921e-08, sum local = 6.998885e-15, global = -1.00932e-19
smoothSolver:  Solving for Ux, Initial residual = 0.008276682, Final residual = 7.079064e-09, No Iterations 1
smoothSolver:  Solving for Uy, Initial residual = 0.0005942944, Final residual = 1.058883e-08, No Iterations 1
smoothSolver:  Solving for Uz, Initial residual = 0.1476209, Final residual = 1.847085e-06, No Iterations 1
GPU: 3 iters: 0.03934333 s: 18.18442 GB/s
GPUPCG:  Solving for p, Initial residual = 0.05636372, Final residual = 0.0002989997, No Iterations 3
GPU: 16 iters: 0.1431621 s: 26.6527 GB/s
GPUPCG:  Solving for p, Initial residual = 0.0003813916, Final residual = 9.880166e-06, No Iterations 16
time step continuity errors : sum local = 1.598819e-12, global = 3.537563e-15, cumulative = -1.220685e-11
Moving mesh time step continuity errors : sum local = 1.598819e-12, global = 3.537563e-15, cumulative = -1.220331e-11
GPU: 1 iters: 0.01655114 s: 14.40859 GB/s
GPUPCG:  Solving for p, Initial residual = 2.063115e-05, Final residual = 8.332707e-06, No Iterations 1
GPU: 663 iters: 5.846147 s: 27.04538 GB/s
GPUPCG:  Solving for p, Initial residual = 9.085404e-06, Final residual = 9.956173e-08, No Iterations 663
time step continuity errors : sum local = 1.61107e-14, global = -4.495966e-17, cumulative = -1.220336e-11
Moving mesh time step continuity errors : sum local = 1.61107e-14, global = -4.495966e-17, cumulative = -1.22034e-11
smoothSolver:  Solving for k, Initial residual = 0.0005378837, Final residual = 5.997217e-10, No Iterations 1
ExecutionTime = 244.74 s  ClockTime = 248 s

yForce = -0.02241854
Y= -1.572408e-11
Vy= -4.33361e-07
End

Finalising parallel run
/home-2/vplatonov/bin/nvsingle: line 29: 14325 Segmentation fault      "$@"
/home-2/vplatonov/bin/nvsingle: line 29:  3568 Segmentation fault      "$@"
/home-2/vplatonov/bin/nvsingle: line 29: 40007 Segmentation fault      "$@"
-------------------------------------------------------
Primary job  terminated normally, but 1 process returned
a non-zero exit code.. Per user-direction, the job has been aborted.
-------------------------------------------------------
slurmstepd: *** JOB 7347 ON ivb112 CANCELLED AT 2016-05-23T19:33:52 DUE TO TIME LIMIT ***
--------------------------------------------------------------------------
mpirun detected that one or more processes exited with non-zero status, thus causing
the job to be terminated. The first process to do so was:

  Process name: [[26701,1],15]
  Exit code:    139
--------------------------------------------------------------------------
