 Data for JOB [19620,1] offset 0

 ========================   JOB MAP   ========================

 Data for node: ivb100	Num slots: 10	Max slots: 0	Num procs: 10
 	Process OMPI jobid: [19620,1] App: 0 Process rank: 0
 	Process OMPI jobid: [19620,1] App: 0 Process rank: 1
 	Process OMPI jobid: [19620,1] App: 0 Process rank: 2
 	Process OMPI jobid: [19620,1] App: 0 Process rank: 3
 	Process OMPI jobid: [19620,1] App: 0 Process rank: 4
 	Process OMPI jobid: [19620,1] App: 0 Process rank: 5
 	Process OMPI jobid: [19620,1] App: 0 Process rank: 6
 	Process OMPI jobid: [19620,1] App: 0 Process rank: 7
 	Process OMPI jobid: [19620,1] App: 0 Process rank: 8
 	Process OMPI jobid: [19620,1] App: 0 Process rank: 9

 Data for node: ivb103	Num slots: 10	Max slots: 0	Num procs: 10
 	Process OMPI jobid: [19620,1] App: 0 Process rank: 10
 	Process OMPI jobid: [19620,1] App: 0 Process rank: 11
 	Process OMPI jobid: [19620,1] App: 0 Process rank: 12
 	Process OMPI jobid: [19620,1] App: 0 Process rank: 13
 	Process OMPI jobid: [19620,1] App: 0 Process rank: 14
 	Process OMPI jobid: [19620,1] App: 0 Process rank: 15
 	Process OMPI jobid: [19620,1] App: 0 Process rank: 16
 	Process OMPI jobid: [19620,1] App: 0 Process rank: 17
 	Process OMPI jobid: [19620,1] App: 0 Process rank: 18
 	Process OMPI jobid: [19620,1] App: 0 Process rank: 19

 =============================================================
[ivb100:07841] MCW rank 9 bound to socket 0[core 9[hwt 0]]: [./././././././././B][./././././././././.]
[ivb100:07841] MCW rank 0 bound to socket 0[core 0[hwt 0]]: [B/././././././././.][./././././././././.]
[ivb100:07841] MCW rank 1 bound to socket 0[core 1[hwt 0]]: [./B/./././././././.][./././././././././.]
[ivb100:07841] MCW rank 2 bound to socket 0[core 2[hwt 0]]: [././B/././././././.][./././././././././.]
[ivb100:07841] MCW rank 3 bound to socket 0[core 3[hwt 0]]: [./././B/./././././.][./././././././././.]
[ivb100:07841] MCW rank 4 bound to socket 0[core 4[hwt 0]]: [././././B/././././.][./././././././././.]
[ivb100:07841] MCW rank 5 bound to socket 0[core 5[hwt 0]]: [./././././B/./././.][./././././././././.]
[ivb100:07841] MCW rank 6 bound to socket 0[core 6[hwt 0]]: [././././././B/././.][./././././././././.]
[ivb100:07841] MCW rank 7 bound to socket 0[core 7[hwt 0]]: [./././././././B/./.][./././././././././.]
[ivb100:07841] MCW rank 8 bound to socket 0[core 8[hwt 0]]: [././././././././B/.][./././././././././.]
[ivb103:40631] MCW rank 12 bound to socket 0[core 2[hwt 0]]: [././B/././././././.][./././././././././.]
[ivb103:40631] MCW rank 13 bound to socket 0[core 3[hwt 0]]: [./././B/./././././.][./././././././././.]
[ivb103:40631] MCW rank 14 bound to socket 0[core 4[hwt 0]]: [././././B/././././.][./././././././././.]
[ivb103:40631] MCW rank 15 bound to socket 0[core 5[hwt 0]]: [./././././B/./././.][./././././././././.]
[ivb103:40631] MCW rank 16 bound to socket 0[core 6[hwt 0]]: [././././././B/././.][./././././././././.]
[ivb103:40631] MCW rank 17 bound to socket 0[core 7[hwt 0]]: [./././././././B/./.][./././././././././.]
[ivb103:40631] MCW rank 18 bound to socket 0[core 8[hwt 0]]: [././././././././B/.][./././././././././.]
[ivb103:40631] MCW rank 19 bound to socket 0[core 9[hwt 0]]: [./././././././././B][./././././././././.]
[ivb103:40631] MCW rank 10 bound to socket 0[core 0[hwt 0]]: [B/././././././././.][./././././././././.]
[ivb103:40631] MCW rank 11 bound to socket 0[core 1[hwt 0]]: [./B/./././././././.][./././././././././.]
/*---------------------------------------------------------------------------*\
| =========                 |                                                 |
| \\      /  F ield         | foam-extend: Open Source CFD                    |
|  \\    /   O peration     | Version:     3.1                                |
|   \\  /    A nd           | Web:         http://www.extend-project.de       |
|    \\/     M anipulation  |                                                 |
\*---------------------------------------------------------------------------*/
Build    : 3.1-e2da948002a2
Exec     : pimpleDyMFoam -parallel
Date     : May 25 2016
Time     : 18:49:55
Host     : ivb100
PID      : 7850
CtrlDict : /home-2/vplatonov/foam/foam-extend-3.1/etc/controlDict
Case     : /home/vplatonov/tests/screwPump-8mln
nProcs   : 20
Slaves : 
19
(
ivb100.7851
ivb100.7852
ivb100.7853
ivb100.7854
ivb100.7855
ivb100.7856
ivb100.7857
ivb100.7858
ivb100.7859
ivb103.40634
ivb103.40635
ivb103.40636
ivb103.40637
ivb103.40638
ivb103.40639
ivb103.40640
ivb103.40641
ivb103.40642
ivb103.40643
)

Pstream initialized with:
    floatTransfer     : 0
    nProcsSimpleSum   : 0
    commsType         : blocking
SigFpe   : Enabling floating point exception trapping (FOAM_SIGFPE).

// * * * * * * * * * * * * * * * * * * * * * * * * * * * * * * * * * * * * * //
Create time

Create dynamic mesh for time = 0

Selecting dynamicFvMesh mixerGgiFvMesh
Initializing the GGI interpolator between master/shadow patches: stator-slider/rotor-slider
void mixerGgiFvMesh::addZonesAndModifiers() : Zones and modifiers already present.  Skipping.
Mixer mesh:
    origin: (0 0 0)
    axis  : (0 1 0)
    rpm   : 2000
Reading field p

Reading field U

Reading/calculating face flux field phi

Selecting incompressible transport model Newtonian
Selecting turbulence model type LESModel
Selecting LES turbulence model Smagorinsky
SmagorinskyCoeffs
{
    ce              1.048;
    ck              0.094;
}

Reading field rAU if present


Starting time loop

Courant Number mean: 0 max: 0 velocity magnitude: 0
Creating ggi check function object
Time = 1e-06

volume continuity errors : volume = 0.4378, max error = 5.3993e-07, sum local = 9.4997e-15, global = -2.9212e-18
smoothSolver:  Solving for Ux, Initial residual = 1, Final residual = 7.99781e-08, No Iterations 1
smoothSolver:  Solving for Uy, Initial residual = 1, Final residual = 4.04337e-08, No Iterations 1
smoothSolver:  Solving for Uz, Initial residual = 1, Final residual = 6.98097e-08, No Iterations 1
GMRES:  Solving for topLevelCorr, Initial residual = 0.873161, Final residual = 0.878788, No Iterations 200
Total solver time is 12
amgSolver:  Solving for p, Initial residual = 1, Final residual = 0.000914667, No Iterations 19
Total solver time is 21
amgSolver:  Solving for p, Initial residual = 0.269823, Final residual = 0.000173233, No Iterations 33
time step continuity errors : sum local = 1.31367e-08, global = 5.4721e-10, cumulative = 5.4721e-10
Moving mesh time step continuity errors : sum local = 1.31367e-08, global = 5.4721e-10, cumulative = 1.09442e-09
ExecutionTime = 55.11 s  ClockTime = 67 s

Courant Number mean: 0.00255096 max: 0.137684 velocity magnitude: 107.493
GGI pair (stator-slider, rotor-slider) : 3.51941 6.99557 Diff = 0.000123254 or 0.00350213 %
Time = 2e-06

volume continuity errors : volume = 0.4378, max error = 4.33092e-07, sum local = 8.16399e-15, global = -2.35149e-18
smoothSolver:  Solving for Ux, Initial residual = 0.33498, Final residual = 2.88921e-09, No Iterations 2
smoothSolver:  Solving for Uy, Initial residual = 0.302715, Final residual = 5.80398e-09, No Iterations 2
smoothSolver:  Solving for Uz, Initial residual = 0.33495, Final residual = 1.73944e-09, No Iterations 2
Total solver time is 10
amgSolver:  Solving for p, Initial residual = 0.443814, Final residual = 0.000337307, No Iterations 16
Total solver time is 18
amgSolver:  Solving for p, Initial residual = 0.121087, Final residual = 7.60524e-05, No Iterations 27
time step continuity errors : sum local = 1.28243e-08, global = -6.35202e-10, cumulative = 4.59218e-10
Moving mesh time step continuity errors : sum local = 1.28243e-08, global = -6.35202e-10, cumulative = -1.75984e-10
ExecutionTime = 97.84 s  ClockTime = 110 s

Courant Number mean: 0.00274481 max: 0.226903 velocity magnitude: 112.544
GGI pair (stator-slider, rotor-slider) : 5.63111 9.37304 Diff = 0.0056956 or 0.101145 %
Time = 3e-06

volume continuity errors : volume = 0.4378, max error = 3.45396e-07, sum local = 7.36621e-15, global = 3.99511e-18
smoothSolver:  Solving for Ux, Initial residual = 0.193449, Final residual = 1.08923e-08, No Iterations 2
smoothSolver:  Solving for Uy, Initial residual = 0.131527, Final residual = 2.42478e-08, No Iterations 2
smoothSolver:  Solving for Uz, Initial residual = 0.173329, Final residual = 5.90346e-09, No Iterations 2
Total solver time is 10
amgSolver:  Solving for p, Initial residual = 0.219486, Final residual = 0.000207155, No Iterations 16
Total solver time is 16
amgSolver:  Solving for p, Initial residual = 0.072637, Final residual = 5.80768e-05, No Iterations 24
time step continuity errors : sum local = 9.62346e-09, global = -4.18662e-10, cumulative = -5.94646e-10
Moving mesh time step continuity errors : sum local = 9.62346e-09, global = -4.18662e-10, cumulative = -1.01331e-09
ExecutionTime = 138.52 s  ClockTime = 150 s

Courant Number mean: 0.002797 max: 0.274702 velocity magnitude: 137.86
GGI pair (stator-slider, rotor-slider) : 6.51547 9.74951 Diff = 0.00889245 or 0.136482 %
Time = 4e-06

volume continuity errors : volume = 0.4378, max error = 3.21144e-07, sum local = 7.13382e-15, global = -1.44192e-18
smoothSolver:  Solving for Ux, Initial residual = 0.0832987, Final residual = 1.20501e-08, No Iterations 2
smoothSolver:  Solving for Uy, Initial residual = 0.0693139, Final residual = 2.6047e-08, No Iterations 2
smoothSolver:  Solving for Uz, Initial residual = 0.0760264, Final residual = 6.29806e-09, No Iterations 2
Total solver time is 12
amgSolver:  Solving for p, Initial residual = 0.193505, Final residual = 0.000177294, No Iterations 18
Total solver time is 16
amgSolver:  Solving for p, Initial residual = 0.0871064, Final residual = 5.79968e-05, No Iterations 24
time step continuity errors : sum local = 8.04416e-09, global = -3.41715e-10, cumulative = -1.35502e-09
Moving mesh time step continuity errors : sum local = 8.04416e-09, global = -3.41715e-10, cumulative = -1.69674e-09
ExecutionTime = 180.38 s  ClockTime = 192 s

Courant Number mean: 0.0027801 max: 0.291096 velocity magnitude: 153.092
GGI pair (stator-slider, rotor-slider) : 6.52969 9.28114 Diff = 0.0101468 or 0.155395 %
Time = 5e-06

volume continuity errors : volume = 0.4378, max error = 2.89986e-07, sum local = 7.00251e-15, global = 1.33557e-18
smoothSolver:  Solving for Ux, Initial residual = 0.0385816, Final residual = 7.90896e-09, No Iterations 2
smoothSolver:  Solving for Uy, Initial residual = 0.0351953, Final residual = 1.36666e-08, No Iterations 2
smoothSolver:  Solving for Uz, Initial residual = 0.0270165, Final residual = 4.02899e-09, No Iterations 2
Total solver time is 10
amgSolver:  Solving for p, Initial residual = 0.172441, Final residual = 0.000117973, No Iterations 16
Total solver time is 14
amgSolver:  Solving for p, Initial residual = 0.0725512, Final residual = 6.70936e-05, No Iterations 22
time step continuity errors : sum local = 7.76082e-09, global = -3.79013e-10, cumulative = -2.07575e-09
Moving mesh time step continuity errors : sum local = 7.76082e-09, global = -3.79013e-10, cumulative = -2.45476e-09
ExecutionTime = 231.34 s  ClockTime = 246 s

Courant Number mean: 0.00274531 max: 0.289809 velocity magnitude: 158.49
GGI pair (stator-slider, rotor-slider) : 6.31907 8.66235 Diff = 0.0102716 or 0.162548 %
Time = 6e-06

volume continuity errors : volume = 0.4378, max error = 3.64704e-07, sum local = 6.93576e-15, global = -1.48966e-18
smoothSolver:  Solving for Ux, Initial residual = 0.0364836, Final residual = 5.2113e-09, No Iterations 2
smoothSolver:  Solving for Uy, Initial residual = 0.02586, Final residual = 4.38977e-09, No Iterations 2
smoothSolver:  Solving for Uz, Initial residual = 0.0185755, Final residual = 2.71875e-09, No Iterations 2
Total solver time is 9
amgSolver:  Solving for p, Initial residual = 0.12845, Final residual = 8.99032e-05, No Iterations 14
Total solver time is 12
amgSolver:  Solving for p, Initial residual = 0.0501789, Final residual = 3.25302e-05, No Iterations 18
time step continuity errors : sum local = 3.18628e-09, global = -1.06504e-10, cumulative = -2.56127e-09
Moving mesh time step continuity errors : sum local = 3.18628e-09, global = -1.06504e-10, cumulative = -2.66777e-09
ExecutionTime = 274.47 s  ClockTime = 289 s

Courant Number mean: 0.00271983 max: 0.282761 velocity magnitude: 159.356
GGI pair (stator-slider, rotor-slider) : 6.21856 8.23303 Diff = 0.0100673 or 0.161891 %
Time = 7e-06

volume continuity errors : volume = 0.4378, max error = 2.59564e-07, sum local = 6.88164e-15, global = -2.44452e-19
smoothSolver:  Solving for Ux, Initial residual = 0.0281358, Final residual = 3.31551e-09, No Iterations 2
smoothSolver:  Solving for Uy, Initial residual = 0.0193995, Final residual = 1.34975e-09, No Iterations 2
smoothSolver:  Solving for Uz, Initial residual = 0.014069, Final residual = 1.80316e-09, No Iterations 2
Total solver time is 10
amgSolver:  Solving for p, Initial residual = 0.112082, Final residual = 8.96298e-05, No Iterations 16
Total solver time is 11
amgSolver:  Solving for p, Initial residual = 0.0462411, Final residual = 4.55333e-05, No Iterations 18
time step continuity errors : sum local = 3.85664e-09, global = -1.26262e-10, cumulative = -2.79403e-09
Moving mesh time step continuity errors : sum local = 3.85664e-09, global = -1.26262e-10, cumulative = -2.9203e-09
ExecutionTime = 310.86 s  ClockTime = 325 s

Courant Number mean: 0.00270996 max: 0.277102 velocity magnitude: 159.677
GGI pair (stator-slider, rotor-slider) : 6.25181 8.05624 Diff = 0.00990581 or 0.158447 %
Time = 8e-06

volume continuity errors : volume = 0.4378, max error = 2.78573e-07, sum local = 6.84105e-15, global = -1.08098e-18
smoothSolver:  Solving for Ux, Initial residual = 0.0167391, Final residual = 2.15648e-09, No Iterations 2
smoothSolver:  Solving for Uy, Initial residual = 0.0127572, Final residual = 1.00561e-09, No Iterations 2
smoothSolver:  Solving for Uz, Initial residual = 0.0100508, Final residual = 1.17533e-09, No Iterations 2
Total solver time is 10
amgSolver:  Solving for p, Initial residual = 0.100841, Final residual = 9.19065e-05, No Iterations 16
Total solver time is 12
amgSolver:  Solving for p, Initial residual = 0.0438813, Final residual = 4.37643e-05, No Iterations 19
time step continuity errors : sum local = 3.27049e-09, global = 2.34612e-10, cumulative = -2.68568e-09
Moving mesh time step continuity errors : sum local = 3.27049e-09, global = 2.34612e-10, cumulative = -2.45107e-09
ExecutionTime = 347.65 s  ClockTime = 362 s

Courant Number mean: 0.00271032 max: 0.274283 velocity magnitude: 160.05
GGI pair (stator-slider, rotor-slider) : 6.35829 8.04418 Diff = 0.00987586 or 0.155323 %
Time = 9e-06

volume continuity errors : volume = 0.4378, max error = 2.8452e-07, sum local = 6.82928e-15, global = -6.71378e-19
smoothSolver:  Solving for Ux, Initial residual = 0.0116504, Final residual = 1.62793e-09, No Iterations 2
smoothSolver:  Solving for Uy, Initial residual = 0.00911273, Final residual = 1.02472e-09, No Iterations 2
smoothSolver:  Solving for Uz, Initial residual = 0.00993462, Final residual = 8.76476e-10, No Iterations 2
Total solver time is 9
amgSolver:  Solving for p, Initial residual = 0.0791488, Final residual = 7.37855e-05, No Iterations 14
Total solver time is 11
amgSolver:  Solving for p, Initial residual = 0.0344125, Final residual = 2.80378e-05, No Iterations 17
time step continuity errors : sum local = 1.89495e-09, global = 6.19759e-11, cumulative = -2.38909e-09
Moving mesh time step continuity errors : sum local = 1.89495e-09, global = 6.19759e-11, cumulative = -2.32712e-09
ExecutionTime = 382.06 s  ClockTime = 397 s

Courant Number mean: 0.0027142 max: 0.273047 velocity magnitude: 160.27
GGI pair (stator-slider, rotor-slider) : 6.4813 8.0892 Diff = 0.00998471 or 0.154054 %
Time = 1e-05

volume continuity errors : volume = 0.4378, max error = 2.82957e-07, sum local = 6.82887e-15, global = -1.41293e-18
smoothSolver:  Solving for Ux, Initial residual = 0.010788, Final residual = 1.38075e-09, No Iterations 2
smoothSolver:  Solving for Uy, Initial residual = 0.00838197, Final residual = 1.01333e-09, No Iterations 2
smoothSolver:  Solving for Uz, Initial residual = 0.00942869, Final residual = 7.34394e-10, No Iterations 2
Total solver time is 7
amgSolver:  Solving for p, Initial residual = 0.0617605, Final residual = 5.40326e-05, No Iterations 11
Total solver time is 13
amgSolver:  Solving for p, Initial residual = 0.0237495, Final residual = 1.75525e-05, No Iterations 20
time step continuity errors : sum local = 1.09386e-09, global = -7.45819e-11, cumulative = -2.4017e-09
Moving mesh time step continuity errors : sum local = 1.09386e-09, global = -7.45819e-11, cumulative = -2.47628e-09
ExecutionTime = 434.2 s  ClockTime = 454 s

GGI pair (stator-slider, rotor-slider) : 6.58838 9.00446 Diff = 0.0101138 or 0.15351 %
End

Finalising parallel run
