 Data for JOB [26168,1] offset 0

 ========================   JOB MAP   ========================

 Data for node: ivb100	Num slots: 10	Max slots: 0	Num procs: 10
 	Process OMPI jobid: [26168,1] App: 0 Process rank: 0
 	Process OMPI jobid: [26168,1] App: 0 Process rank: 1
 	Process OMPI jobid: [26168,1] App: 0 Process rank: 2
 	Process OMPI jobid: [26168,1] App: 0 Process rank: 3
 	Process OMPI jobid: [26168,1] App: 0 Process rank: 4
 	Process OMPI jobid: [26168,1] App: 0 Process rank: 5
 	Process OMPI jobid: [26168,1] App: 0 Process rank: 6
 	Process OMPI jobid: [26168,1] App: 0 Process rank: 7
 	Process OMPI jobid: [26168,1] App: 0 Process rank: 8
 	Process OMPI jobid: [26168,1] App: 0 Process rank: 9

 Data for node: ivb103	Num slots: 10	Max slots: 0	Num procs: 10
 	Process OMPI jobid: [26168,1] App: 0 Process rank: 10
 	Process OMPI jobid: [26168,1] App: 0 Process rank: 11
 	Process OMPI jobid: [26168,1] App: 0 Process rank: 12
 	Process OMPI jobid: [26168,1] App: 0 Process rank: 13
 	Process OMPI jobid: [26168,1] App: 0 Process rank: 14
 	Process OMPI jobid: [26168,1] App: 0 Process rank: 15
 	Process OMPI jobid: [26168,1] App: 0 Process rank: 16
 	Process OMPI jobid: [26168,1] App: 0 Process rank: 17
 	Process OMPI jobid: [26168,1] App: 0 Process rank: 18
 	Process OMPI jobid: [26168,1] App: 0 Process rank: 19

 Data for node: ivb105	Num slots: 10	Max slots: 0	Num procs: 10
 	Process OMPI jobid: [26168,1] App: 0 Process rank: 20
 	Process OMPI jobid: [26168,1] App: 0 Process rank: 21
 	Process OMPI jobid: [26168,1] App: 0 Process rank: 22
 	Process OMPI jobid: [26168,1] App: 0 Process rank: 23
 	Process OMPI jobid: [26168,1] App: 0 Process rank: 24
 	Process OMPI jobid: [26168,1] App: 0 Process rank: 25
 	Process OMPI jobid: [26168,1] App: 0 Process rank: 26
 	Process OMPI jobid: [26168,1] App: 0 Process rank: 27
 	Process OMPI jobid: [26168,1] App: 0 Process rank: 28
 	Process OMPI jobid: [26168,1] App: 0 Process rank: 29

 Data for node: ivb194	Num slots: 10	Max slots: 0	Num procs: 10
 	Process OMPI jobid: [26168,1] App: 0 Process rank: 30
 	Process OMPI jobid: [26168,1] App: 0 Process rank: 31
 	Process OMPI jobid: [26168,1] App: 0 Process rank: 32
 	Process OMPI jobid: [26168,1] App: 0 Process rank: 33
 	Process OMPI jobid: [26168,1] App: 0 Process rank: 34
 	Process OMPI jobid: [26168,1] App: 0 Process rank: 35
 	Process OMPI jobid: [26168,1] App: 0 Process rank: 36
 	Process OMPI jobid: [26168,1] App: 0 Process rank: 37
 	Process OMPI jobid: [26168,1] App: 0 Process rank: 38
 	Process OMPI jobid: [26168,1] App: 0 Process rank: 39

 =============================================================
[ivb100:13373] MCW rank 7 bound to socket 0[core 7[hwt 0]]: [./././././././B/./.][./././././././././.]
[ivb100:13373] MCW rank 8 bound to socket 0[core 8[hwt 0]]: [././././././././B/.][./././././././././.]
[ivb100:13373] MCW rank 9 bound to socket 0[core 9[hwt 0]]: [./././././././././B][./././././././././.]
[ivb100:13373] MCW rank 0 bound to socket 0[core 0[hwt 0]]: [B/././././././././.][./././././././././.]
[ivb100:13373] MCW rank 1 bound to socket 0[core 1[hwt 0]]: [./B/./././././././.][./././././././././.]
[ivb100:13373] MCW rank 2 bound to socket 0[core 2[hwt 0]]: [././B/././././././.][./././././././././.]
[ivb100:13373] MCW rank 3 bound to socket 0[core 3[hwt 0]]: [./././B/./././././.][./././././././././.]
[ivb100:13373] MCW rank 4 bound to socket 0[core 4[hwt 0]]: [././././B/././././.][./././././././././.]
[ivb100:13373] MCW rank 5 bound to socket 0[core 5[hwt 0]]: [./././././B/./././.][./././././././././.]
[ivb100:13373] MCW rank 6 bound to socket 0[core 6[hwt 0]]: [././././././B/././.][./././././././././.]
[ivb103:05311] MCW rank 10 bound to socket 0[core 0[hwt 0]]: [B/././././././././.][./././././././././.]
[ivb103:05311] MCW rank 11 bound to socket 0[core 1[hwt 0]]: [./B/./././././././.][./././././././././.]
[ivb103:05311] MCW rank 12 bound to socket 0[core 2[hwt 0]]: [././B/././././././.][./././././././././.]
[ivb103:05311] MCW rank 13 bound to socket 0[core 3[hwt 0]]: [./././B/./././././.][./././././././././.]
[ivb103:05311] MCW rank 14 bound to socket 0[core 4[hwt 0]]: [././././B/././././.][./././././././././.]
[ivb103:05311] MCW rank 15 bound to socket 0[core 5[hwt 0]]: [./././././B/./././.][./././././././././.]
[ivb103:05311] MCW rank 16 bound to socket 0[core 6[hwt 0]]: [././././././B/././.][./././././././././.]
[ivb103:05311] MCW rank 17 bound to socket 0[core 7[hwt 0]]: [./././././././B/./.][./././././././././.]
[ivb103:05311] MCW rank 18 bound to socket 0[core 8[hwt 0]]: [././././././././B/.][./././././././././.]
[ivb103:05311] MCW rank 19 bound to socket 0[core 9[hwt 0]]: [./././././././././B][./././././././././.]
[ivb105:31837] MCW rank 22 bound to socket 0[core 2[hwt 0]]: [././B/././././././.][./././././././././.]
[ivb105:31837] MCW rank 23 bound to socket 0[core 3[hwt 0]]: [./././B/./././././.][./././././././././.]
[ivb105:31837] MCW rank 24 bound to socket 0[core 4[hwt 0]]: [././././B/././././.][./././././././././.]
[ivb105:31837] MCW rank 25 bound to socket 0[core 5[hwt 0]]: [./././././B/./././.][./././././././././.]
[ivb105:31837] MCW rank 26 bound to socket 0[core 6[hwt 0]]: [././././././B/././.][./././././././././.]
[ivb105:31837] MCW rank 27 bound to socket 0[core 7[hwt 0]]: [./././././././B/./.][./././././././././.]
[ivb105:31837] MCW rank 28 bound to socket 0[core 8[hwt 0]]: [././././././././B/.][./././././././././.]
[ivb105:31837] MCW rank 29 bound to socket 0[core 9[hwt 0]]: [./././././././././B][./././././././././.]
[ivb105:31837] MCW rank 20 bound to socket 0[core 0[hwt 0]]: [B/././././././././.][./././././././././.]
[ivb105:31837] MCW rank 21 bound to socket 0[core 1[hwt 0]]: [./B/./././././././.][./././././././././.]
[ivb194:24661] MCW rank 39 bound to socket 0[core 9[hwt 0]]: [./././././././././B][./././././././././.]
[ivb194:24661] MCW rank 30 bound to socket 0[core 0[hwt 0]]: [B/././././././././.][./././././././././.]
[ivb194:24661] MCW rank 31 bound to socket 0[core 1[hwt 0]]: [./B/./././././././.][./././././././././.]
[ivb194:24661] MCW rank 32 bound to socket 0[core 2[hwt 0]]: [././B/././././././.][./././././././././.]
[ivb194:24661] MCW rank 33 bound to socket 0[core 3[hwt 0]]: [./././B/./././././.][./././././././././.]
[ivb194:24661] MCW rank 34 bound to socket 0[core 4[hwt 0]]: [././././B/././././.][./././././././././.]
[ivb194:24661] MCW rank 35 bound to socket 0[core 5[hwt 0]]: [./././././B/./././.][./././././././././.]
[ivb194:24661] MCW rank 36 bound to socket 0[core 6[hwt 0]]: [././././././B/././.][./././././././././.]
[ivb194:24661] MCW rank 37 bound to socket 0[core 7[hwt 0]]: [./././././././B/./.][./././././././././.]
[ivb194:24661] MCW rank 38 bound to socket 0[core 8[hwt 0]]: [././././././././B/.][./././././././././.]
/*---------------------------------------------------------------------------*\
| =========                 |                                                 |
| \\      /  F ield         | foam-extend: Open Source CFD                    |
|  \\    /   O peration     | Version:     3.1                                |
|   \\  /    A nd           | Web:         http://www.extend-project.de       |
|    \\/     M anipulation  |                                                 |
\*---------------------------------------------------------------------------*/
Build    : 3.1-e2da948002a2
Exec     : pimpleDyMFoam -parallel
Date     : May 25 2016
Time     : 20:52:32
Host     : ivb100
PID      : 13386
CtrlDict : /home-2/vplatonov/foam/foam-extend-3.1/etc/controlDict
Case     : /home/vplatonov/tests/screwPump-8mln
nProcs   : 40
Slaves : 
39
(
ivb100.13387
ivb100.13388
ivb100.13389
ivb100.13390
ivb100.13391
ivb100.13392
ivb100.13393
ivb100.13394
ivb100.13395
ivb103.5314
ivb103.5315
ivb103.5316
ivb103.5317
ivb103.5318
ivb103.5319
ivb103.5320
ivb103.5321
ivb103.5322
ivb103.5323
ivb105.31840
ivb105.31841
ivb105.31842
ivb105.31843
ivb105.31844
ivb105.31845
ivb105.31846
ivb105.31847
ivb105.31848
ivb105.31849
ivb194.24664
ivb194.24665
ivb194.24666
ivb194.24667
ivb194.24668
ivb194.24669
ivb194.24670
ivb194.24671
ivb194.24672
ivb194.24673
)

Pstream initialized with:
    floatTransfer     : 0
    nProcsSimpleSum   : 0
    commsType         : blocking
SigFpe   : Enabling floating point exception trapping (FOAM_SIGFPE).

// * * * * * * * * * * * * * * * * * * * * * * * * * * * * * * * * * * * * * //
Create time

Create dynamic mesh for time = 0

Selecting dynamicFvMesh mixerGgiFvMesh
Initializing the GGI interpolator between master/shadow patches: stator-slider/rotor-slider
void mixerGgiFvMesh::addZonesAndModifiers() : Zones and modifiers already present.  Skipping.
Mixer mesh:
    origin: (0 0 0)
    axis  : (0 1 0)
    rpm   : 2000
Reading field p

Reading field U

Reading/calculating face flux field phi

Selecting incompressible transport model Newtonian
Selecting turbulence model type LESModel
Selecting LES turbulence model Smagorinsky
SmagorinskyCoeffs
{
    ce              1.048;
    ck              0.094;
}

Reading field rAU if present


Starting time loop

Courant Number mean: 0 max: 0 velocity magnitude: 0
Creating ggi check function object
Time = 1e-06

volume continuity errors : volume = 0.4378, max error = 3.86068e-07, sum local = 9.50003e-15, global = -3.62621e-18
smoothSolver:  Solving for Ux, Initial residual = 1, Final residual = 1.5619e-13, No Iterations 2
smoothSolver:  Solving for Uy, Initial residual = 1, Final residual = 7.05685e-08, No Iterations 1
smoothSolver:  Solving for Uz, Initial residual = 1, Final residual = 1.79091e-13, No Iterations 2
Total solver time is 10
amgSolver:  Solving for p, Initial residual = 1, Final residual = 0.000928669, No Iterations 22
Total solver time is 13
amgSolver:  Solving for p, Initial residual = 0.269866, Final residual = 0.000190566, No Iterations 28
time step continuity errors : sum local = 1.44497e-08, global = 7.6719e-10, cumulative = 7.6719e-10
Moving mesh time step continuity errors : sum local = 1.44497e-08, global = 7.6719e-10, cumulative = 1.53438e-09
ExecutionTime = 43.31 s  ClockTime = 55 s

Courant Number mean: 0.00255101 max: 0.137686 velocity magnitude: 107.478
GGI pair (stator-slider, rotor-slider) : 3.51929 6.99549 Diff = 0.000121447 or 0.0034509 %
Time = 2e-06

volume continuity errors : volume = 0.4378, max error = 3.85496e-07, sum local = 8.164e-15, global = -3.2038e-18
smoothSolver:  Solving for Ux, Initial residual = 0.334981, Final residual = 3.42113e-09, No Iterations 2
smoothSolver:  Solving for Uy, Initial residual = 0.302679, Final residual = 7.16979e-09, No Iterations 2
smoothSolver:  Solving for Uz, Initial residual = 0.334948, Final residual = 2.14853e-09, No Iterations 2
Total solver time is 7
amgSolver:  Solving for p, Initial residual = 0.443774, Final residual = 0.000418888, No Iterations 16
Total solver time is 12
amgSolver:  Solving for p, Initial residual = 0.121063, Final residual = 0.000103477, No Iterations 25
time step continuity errors : sum local = 1.74508e-08, global = -8.36456e-10, cumulative = 6.97923e-10
Moving mesh time step continuity errors : sum local = 1.74508e-08, global = -8.36456e-10, cumulative = -1.38533e-10
ExecutionTime = 74.5 s  ClockTime = 86 s

Courant Number mean: 0.00274521 max: 0.226891 velocity magnitude: 112.539
GGI pair (stator-slider, rotor-slider) : 5.63111 9.37295 Diff = 0.00569456 or 0.101127 %
Time = 3e-06

volume continuity errors : volume = 0.4378, max error = 3.37595e-07, sum local = 7.36604e-15, global = 5.04309e-18
smoothSolver:  Solving for Ux, Initial residual = 0.193427, Final residual = 1.23026e-08, No Iterations 2
smoothSolver:  Solving for Uy, Initial residual = 0.131547, Final residual = 2.87688e-08, No Iterations 2
smoothSolver:  Solving for Uz, Initial residual = 0.173347, Final residual = 6.83389e-09, No Iterations 2
Total solver time is 7
amgSolver:  Solving for p, Initial residual = 0.219395, Final residual = 0.000213206, No Iterations 16
Total solver time is 11
amgSolver:  Solving for p, Initial residual = 0.0725674, Final residual = 5.02965e-05, No Iterations 24
time step continuity errors : sum local = 8.33455e-09, global = -4.4614e-10, cumulative = -5.84674e-10
Moving mesh time step continuity errors : sum local = 8.33455e-09, global = -4.4614e-10, cumulative = -1.03081e-09
ExecutionTime = 105.06 s  ClockTime = 117 s

Courant Number mean: 0.00279743 max: 0.274692 velocity magnitude: 137.859
GGI pair (stator-slider, rotor-slider) : 6.5154 9.74942 Diff = 0.00889357 or 0.136501 %
Time = 4e-06

volume continuity errors : volume = 0.4378, max error = 3.21144e-07, sum local = 7.13318e-15, global = -1.56504e-18
smoothSolver:  Solving for Ux, Initial residual = 0.083316, Final residual = 1.34931e-08, No Iterations 2
smoothSolver:  Solving for Uy, Initial residual = 0.0693192, Final residual = 3.14185e-08, No Iterations 2
smoothSolver:  Solving for Uz, Initial residual = 0.0760066, Final residual = 7.25593e-09, No Iterations 2
Total solver time is 8
amgSolver:  Solving for p, Initial residual = 0.193525, Final residual = 0.000190612, No Iterations 18
Total solver time is 10
amgSolver:  Solving for p, Initial residual = 0.0870475, Final residual = 8.08592e-05, No Iterations 22
time step continuity errors : sum local = 1.12162e-08, global = -8.8063e-10, cumulative = -1.91144e-09
Moving mesh time step continuity errors : sum local = 1.12162e-08, global = -8.8063e-10, cumulative = -2.79207e-09
ExecutionTime = 135.6 s  ClockTime = 147 s

Courant Number mean: 0.00278042 max: 0.291085 velocity magnitude: 153.087
GGI pair (stator-slider, rotor-slider) : 6.52957 9.28102 Diff = 0.0101477 or 0.155411 %
Time = 5e-06

volume continuity errors : volume = 0.4378, max error = 3.70513e-07, sum local = 7.00221e-15, global = 1.25233e-18
smoothSolver:  Solving for Ux, Initial residual = 0.0385435, Final residual = 9.23064e-09, No Iterations 2
smoothSolver:  Solving for Uy, Initial residual = 0.0351791, Final residual = 1.68857e-08, No Iterations 2
smoothSolver:  Solving for Uz, Initial residual = 0.0270348, Final residual = 4.71528e-09, No Iterations 2
Total solver time is 8
amgSolver:  Solving for p, Initial residual = 0.172413, Final residual = 0.000164461, No Iterations 17
Total solver time is 9
amgSolver:  Solving for p, Initial residual = 0.0724386, Final residual = 6.61147e-05, No Iterations 20
time step continuity errors : sum local = 7.65066e-09, global = -4.33861e-10, cumulative = -3.22594e-09
Moving mesh time step continuity errors : sum local = 7.65066e-09, global = -4.33861e-10, cumulative = -3.6598e-09
ExecutionTime = 166.76 s  ClockTime = 192 s

Courant Number mean: 0.00274547 max: 0.28979 velocity magnitude: 158.483
GGI pair (stator-slider, rotor-slider) : 6.31877 8.66199 Diff = 0.0102719 or 0.162562 %
Time = 6e-06

volume continuity errors : volume = 0.4378, max error = 3.64704e-07, sum local = 6.93516e-15, global = -1.51767e-18
smoothSolver:  Solving for Ux, Initial residual = 0.036477, Final residual = 6.3646e-09, No Iterations 2
smoothSolver:  Solving for Uy, Initial residual = 0.025856, Final residual = 5.48224e-09, No Iterations 2
smoothSolver:  Solving for Uz, Initial residual = 0.0185879, Final residual = 3.17856e-09, No Iterations 2
Total solver time is 7
amgSolver:  Solving for p, Initial residual = 0.128401, Final residual = 9.93819e-05, No Iterations 16
Total solver time is 8
amgSolver:  Solving for p, Initial residual = 0.0501293, Final residual = 3.61582e-05, No Iterations 17
time step continuity errors : sum local = 3.54109e-09, global = -1.97501e-10, cumulative = -3.8573e-09
Moving mesh time step continuity errors : sum local = 3.54109e-09, global = -1.97501e-10, cumulative = -4.0548e-09
ExecutionTime = 202.5 s  ClockTime = 228 s

Courant Number mean: 0.00271991 max: 0.282746 velocity magnitude: 159.351
GGI pair (stator-slider, rotor-slider) : 6.21838 8.23284 Diff = 0.0100673 or 0.161896 %
Time = 7e-06

volume continuity errors : volume = 0.4378, max error = 3.67109e-07, sum local = 6.88114e-15, global = -1.85428e-19
smoothSolver:  Solving for Ux, Initial residual = 0.0281096, Final residual = 4.15851e-09, No Iterations 2
smoothSolver:  Solving for Uy, Initial residual = 0.0193945, Final residual = 1.70908e-09, No Iterations 2
smoothSolver:  Solving for Uz, Initial residual = 0.0140668, Final residual = 2.12302e-09, No Iterations 2
Total solver time is 7
amgSolver:  Solving for p, Initial residual = 0.112023, Final residual = 8.86336e-05, No Iterations 16
Total solver time is 11
amgSolver:  Solving for p, Initial residual = 0.0461987, Final residual = 2.75322e-05, No Iterations 23
time step continuity errors : sum local = 2.33178e-09, global = 7.38126e-11, cumulative = -3.98099e-09
Moving mesh time step continuity errors : sum local = 2.33178e-09, global = 7.38126e-11, cumulative = -3.90717e-09
ExecutionTime = 232.56 s  ClockTime = 258 s

Courant Number mean: 0.00271001 max: 0.277095 velocity magnitude: 159.674
GGI pair (stator-slider, rotor-slider) : 6.25177 8.05623 Diff = 0.00990545 or 0.158442 %
Time = 8e-06

volume continuity errors : volume = 0.4378, max error = 3.70593e-07, sum local = 6.84172e-15, global = -6.46099e-19
smoothSolver:  Solving for Ux, Initial residual = 0.0167355, Final residual = 2.6737e-09, No Iterations 2
smoothSolver:  Solving for Uy, Initial residual = 0.0127492, Final residual = 1.2535e-09, No Iterations 2
smoothSolver:  Solving for Uz, Initial residual = 0.0100531, Final residual = 1.38622e-09, No Iterations 2
Total solver time is 7
amgSolver:  Solving for p, Initial residual = 0.100773, Final residual = 7.53274e-05, No Iterations 16
Total solver time is 8
amgSolver:  Solving for p, Initial residual = 0.0438401, Final residual = 4.00619e-05, No Iterations 19
time step continuity errors : sum local = 2.99341e-09, global = 2.3347e-10, cumulative = -3.6737e-09
Moving mesh time step continuity errors : sum local = 2.99341e-09, global = 2.3347e-10, cumulative = -3.44023e-09
ExecutionTime = 260.14 s  ClockTime = 285 s

Courant Number mean: 0.00271036 max: 0.274279 velocity magnitude: 160.048
GGI pair (stator-slider, rotor-slider) : 6.35824 8.04414 Diff = 0.00987554 or 0.155319 %
Time = 9e-06

volume continuity errors : volume = 0.4378, max error = 2.8452e-07, sum local = 6.82974e-15, global = -1.52733e-18
smoothSolver:  Solving for Ux, Initial residual = 0.0116444, Final residual = 1.94411e-09, No Iterations 2
smoothSolver:  Solving for Uy, Initial residual = 0.00912131, Final residual = 1.19962e-09, No Iterations 2
smoothSolver:  Solving for Uz, Initial residual = 0.00992823, Final residual = 1.02757e-09, No Iterations 2
Total solver time is 6
amgSolver:  Solving for p, Initial residual = 0.079113, Final residual = 7.44734e-05, No Iterations 14
Total solver time is 7
amgSolver:  Solving for p, Initial residual = 0.0343749, Final residual = 3.30252e-05, No Iterations 15
time step continuity errors : sum local = 2.23182e-09, global = -7.91016e-13, cumulative = -3.44102e-09
Moving mesh time step continuity errors : sum local = 2.23182e-09, global = -7.91016e-13, cumulative = -3.44181e-09
ExecutionTime = 285.23 s  ClockTime = 311 s

Courant Number mean: 0.00271424 max: 0.273046 velocity magnitude: 160.269
GGI pair (stator-slider, rotor-slider) : 6.48128 8.08919 Diff = 0.00998449 or 0.154051 %
Time = 1e-05

volume continuity errors : volume = 0.4378, max error = 2.82957e-07, sum local = 6.82909e-15, global = -1.53989e-18
smoothSolver:  Solving for Ux, Initial residual = 0.0107923, Final residual = 1.61431e-09, No Iterations 2
smoothSolver:  Solving for Uy, Initial residual = 0.00837933, Final residual = 1.17416e-09, No Iterations 2
smoothSolver:  Solving for Uz, Initial residual = 0.00943128, Final residual = 8.6358e-10, No Iterations 2
Total solver time is 5
amgSolver:  Solving for p, Initial residual = 0.0617119, Final residual = 5.1442e-05, No Iterations 11
Total solver time is 9
amgSolver:  Solving for p, Initial residual = 0.0237074, Final residual = 1.97053e-05, No Iterations 20
time step continuity errors : sum local = 1.22805e-09, global = -5.82987e-11, cumulative = -3.50011e-09
Moving mesh time step continuity errors : sum local = 1.22805e-09, global = -5.82987e-11, cumulative = -3.55841e-09
ExecutionTime = 313.12 s  ClockTime = 346 s

GGI pair (stator-slider, rotor-slider) : 6.58837 9.00444 Diff = 0.0101137 or 0.153509 %
End

Finalising parallel run
