 Data for JOB [1425,1] offset 0

 ========================   JOB MAP   ========================

 Data for node: ivb106	Num slots: 8	Max slots: 0	Num procs: 8
 	Process OMPI jobid: [1425,1] App: 0 Process rank: 0
 	Process OMPI jobid: [1425,1] App: 0 Process rank: 1
 	Process OMPI jobid: [1425,1] App: 0 Process rank: 2
 	Process OMPI jobid: [1425,1] App: 0 Process rank: 3
 	Process OMPI jobid: [1425,1] App: 0 Process rank: 4
 	Process OMPI jobid: [1425,1] App: 0 Process rank: 5
 	Process OMPI jobid: [1425,1] App: 0 Process rank: 6
 	Process OMPI jobid: [1425,1] App: 0 Process rank: 7

 Data for node: ivb108	Num slots: 8	Max slots: 0	Num procs: 8
 	Process OMPI jobid: [1425,1] App: 0 Process rank: 8
 	Process OMPI jobid: [1425,1] App: 0 Process rank: 9
 	Process OMPI jobid: [1425,1] App: 0 Process rank: 10
 	Process OMPI jobid: [1425,1] App: 0 Process rank: 11
 	Process OMPI jobid: [1425,1] App: 0 Process rank: 12
 	Process OMPI jobid: [1425,1] App: 0 Process rank: 13
 	Process OMPI jobid: [1425,1] App: 0 Process rank: 14
 	Process OMPI jobid: [1425,1] App: 0 Process rank: 15

 Data for node: ivb109	Num slots: 8	Max slots: 0	Num procs: 8
 	Process OMPI jobid: [1425,1] App: 0 Process rank: 16
 	Process OMPI jobid: [1425,1] App: 0 Process rank: 17
 	Process OMPI jobid: [1425,1] App: 0 Process rank: 18
 	Process OMPI jobid: [1425,1] App: 0 Process rank: 19
 	Process OMPI jobid: [1425,1] App: 0 Process rank: 20
 	Process OMPI jobid: [1425,1] App: 0 Process rank: 21
 	Process OMPI jobid: [1425,1] App: 0 Process rank: 22
 	Process OMPI jobid: [1425,1] App: 0 Process rank: 23

 =============================================================
[ivb106:36355] MCW rank 1 bound to socket 0[core 1[hwt 0]]: [./B/./././././././.][./././././././././.]
[ivb106:36355] MCW rank 2 bound to socket 0[core 2[hwt 0]]: [././B/././././././.][./././././././././.]
[ivb106:36355] MCW rank 3 bound to socket 0[core 3[hwt 0]]: [./././B/./././././.][./././././././././.]
[ivb106:36355] MCW rank 4 bound to socket 0[core 4[hwt 0]]: [././././B/././././.][./././././././././.]
[ivb106:36355] MCW rank 5 bound to socket 0[core 5[hwt 0]]: [./././././B/./././.][./././././././././.]
[ivb106:36355] MCW rank 6 bound to socket 0[core 6[hwt 0]]: [././././././B/././.][./././././././././.]
[ivb106:36355] MCW rank 7 bound to socket 0[core 7[hwt 0]]: [./././././././B/./.][./././././././././.]
[ivb106:36355] MCW rank 0 bound to socket 0[core 0[hwt 0]]: [B/././././././././.][./././././././././.]
[ivb109:35398] MCW rank 18 bound to socket 0[core 2[hwt 0]]: [././B/././././././.][./././././././././.]
[ivb109:35398] MCW rank 19 bound to socket 0[core 3[hwt 0]]: [./././B/./././././.][./././././././././.]
[ivb109:35398] MCW rank 20 bound to socket 0[core 4[hwt 0]]: [././././B/././././.][./././././././././.]
[ivb109:35398] MCW rank 21 bound to socket 0[core 5[hwt 0]]: [./././././B/./././.][./././././././././.]
[ivb109:35398] MCW rank 22 bound to socket 0[core 6[hwt 0]]: [././././././B/././.][./././././././././.]
[ivb109:35398] MCW rank 23 bound to socket 0[core 7[hwt 0]]: [./././././././B/./.][./././././././././.]
[ivb109:35398] MCW rank 16 bound to socket 0[core 0[hwt 0]]: [B/././././././././.][./././././././././.]
[ivb109:35398] MCW rank 17 bound to socket 0[core 1[hwt 0]]: [./B/./././././././.][./././././././././.]
[ivb108:25863] MCW rank 13 bound to socket 0[core 5[hwt 0]]: [./././././B/./././.][./././././././././.]
[ivb108:25863] MCW rank 14 bound to socket 0[core 6[hwt 0]]: [././././././B/././.][./././././././././.]
[ivb108:25863] MCW rank 15 bound to socket 0[core 7[hwt 0]]: [./././././././B/./.][./././././././././.]
[ivb108:25863] MCW rank 8 bound to socket 0[core 0[hwt 0]]: [B/././././././././.][./././././././././.]
[ivb108:25863] MCW rank 9 bound to socket 0[core 1[hwt 0]]: [./B/./././././././.][./././././././././.]
[ivb108:25863] MCW rank 10 bound to socket 0[core 2[hwt 0]]: [././B/././././././.][./././././././././.]
[ivb108:25863] MCW rank 11 bound to socket 0[core 3[hwt 0]]: [./././B/./././././.][./././././././././.]
[ivb108:25863] MCW rank 12 bound to socket 0[core 4[hwt 0]]: [././././B/././././.][./././././././././.]
/*---------------------------------------------------------------------------*\
| =========                 |                                                 |
| \\      /  F ield         | foam-extend: Open Source CFD                    |
|  \\    /   O peration     | Version:     3.1                                |
|   \\  /    A nd           | Web:         http://www.extend-project.de       |
|    \\/     M anipulation  |                                                 |
\*---------------------------------------------------------------------------*/
Build    : 3.1-e2da948002a2
Exec     : interFoam -parallel
Date     : May 19 2016
Time     : 19:17:11
Host     : ivb106
PID      : 36407
CtrlDict : /home-2/vplatonov/foam/foam-extend-3.1/etc/controlDict
Case     : /home/vplatonov/tests/rt12mln
nProcs   : 24
Slaves : 
23
(
ivb106.36408
ivb106.36412
ivb106.36416
ivb106.36424
ivb106.36430
ivb106.36432
ivb106.36427
ivb108.25916
ivb108.25927
ivb108.25930
ivb108.25921
ivb108.25915
ivb108.25924
ivb108.25918
ivb108.25932
ivb109.35452
ivb109.35451
ivb109.35465
ivb109.35462
ivb109.35453
ivb109.35456
ivb109.35459
ivb109.35467
)

Pstream initialized with:
    floatTransfer     : 0
    nProcsSimpleSum   : 0
    commsType         : blocking
SigFpe   : Enabling floating point exception trapping (FOAM_SIGFPE).

// * * * * * * * * * * * * * * * * * * * * * * * * * * * * * * * * * * * * * //
Create time

Create mesh for time = 0


Reading g
Reading field pd

Reading field alpha1

Reading field U

Reading/calculating face flux field phi

Reading transportProperties

Selecting incompressible transport model Newtonian
Selecting incompressible transport model Newtonian
Calculating field g.h

Selecting turbulence model type laminar
time step continuity errors : sum local = 0, global = 0, cumulative = 0
Created persistent data with name pcorr
OGPUPCG:  Solving for pcorr, Initial residual = 0, Final residual = 0, No Iterations 0
time step continuity errors : sum local = 0, global = 0, cumulative = 0
Courant Number mean: 0 max: 0 velocity magnitude: 0

Starting time loop

Courant Number mean: 0 max: 0 velocity magnitude: 0
Time = 0.001

MULES: Solving for alpha1
Liquid phase volume fraction = 0.00275421  Min(alpha1) = 0  Max(alpha1) = 1
MULES: Solving for alpha1
Liquid phase volume fraction = 0.00275421  Min(alpha1) = 0  Max(alpha1) = 1
Created persistent data with name pd
Computing AINV with droptol 0.02
GPU: 6 iters: 0.0798801 s: 16.7474 GB/s
OGPUPCG:  Solving for pd, Initial residual = 1, Final residual = 0.0430394, No Iterations 6
Computing AINV with droptol 0.02
GPU: 182 iters: 2.14621 s: 18.9075 GB/s
OGPUPCG:  Solving for pd, Initial residual = 0.0260729, Final residual = 0.00130281, No Iterations 182
GPU: 912 iters: 10.6183 s: 19.1502 GB/s
OGPUPCG:  Solving for pd, Initial residual = 0.0073651, Final residual = 9.90466e-08, No Iterations 912
time step continuity errors : sum local = 2.69032e-11, global = 5.01944e-25, cumulative = 5.01944e-25
ExecutionTime = 45.15 s  ClockTime = 67 s

Courant Number mean: 4.83169e-06 max: 0.00215841 velocity magnitude: 0.0337252
Time = 0.002

MULES: Solving for alpha1
Liquid phase volume fraction = 0.00275421  Min(alpha1) = 0  Max(alpha1) = 1
MULES: Solving for alpha1
Liquid phase volume fraction = 0.00275421  Min(alpha1) = 0  Max(alpha1) = 1
GPU: 681 iters: 7.92772 s: 19.1528 GB/s
OGPUPCG:  Solving for pd, Initial residual = 0.00479601, Final residual = 0.000220745, No Iterations 681
GPU: 705 iters: 8.23295 s: 19.0927 GB/s
OGPUPCG:  Solving for pd, Initial residual = 0.00471342, Final residual = 0.000229191, No Iterations 705
GPU: 961 iters: 11.2101 s: 19.1139 GB/s
OGPUPCG:  Solving for pd, Initial residual = 0.00365204, Final residual = 9.7475e-08, No Iterations 961
time step continuity errors : sum local = 4.23527e-08, global = -4.14581e-08, cumulative = -4.14581e-08
ExecutionTime = 79.86 s  ClockTime = 101 s

Courant Number mean: 1.14599e-05 max: 0.166207 velocity magnitude: 1.2985
Time = 0.003

MULES: Solving for alpha1
Liquid phase volume fraction = 0.00275424  Min(alpha1) = -1.08232e-30  Max(alpha1) = 1
MULES: Solving for alpha1
Liquid phase volume fraction = 0.00275426  Min(alpha1) = -2.44129e-30  Max(alpha1) = 1
GPU: 704 iters: 8.18972 s: 19.1663 GB/s
OGPUPCG:  Solving for pd, Initial residual = 0.00858593, Final residual = 0.00041285, No Iterations 704
GPU: 680 iters: 7.8848 s: 19.2288 GB/s
OGPUPCG:  Solving for pd, Initial residual = 0.00642235, Final residual = 0.000294939, No Iterations 680
GPU: 996 iters: 11.6041 s: 19.1373 GB/s
OGPUPCG:  Solving for pd, Initial residual = 0.00682363, Final residual = 9.71234e-08, No Iterations 996
time step continuity errors : sum local = 1.3663e-07, global = -2.2553e-08, cumulative = -6.4011e-08
ExecutionTime = 114.87 s  ClockTime = 136 s

Courant Number mean: 2.39421e-05 max: 0.319663 velocity magnitude: 2.49737
Time = 0.004

MULES: Solving for alpha1
Liquid phase volume fraction = 0.00275427  Min(alpha1) = -4.30458e-30  Max(alpha1) = 1
MULES: Solving for alpha1
Liquid phase volume fraction = 0.00275428  Min(alpha1) = -1.26588e-29  Max(alpha1) = 1
GPU: 697 iters: 8.13257 s: 19.1091 GB/s
OGPUPCG:  Solving for pd, Initial residual = 0.0104419, Final residual = 0.000520638, No Iterations 697
GPU: 711 iters: 8.28117 s: 19.1431 GB/s
OGPUPCG:  Solving for pd, Initial residual = 0.00958011, Final residual = 0.000463796, No Iterations 711
GPU: 976 iters: 11.392 s: 19.1022 GB/s
OGPUPCG:  Solving for pd, Initial residual = 0.00895953, Final residual = 9.81713e-08, No Iterations 976
time step continuity errors : sum local = 3.73936e-07, global = -1.0648e-08, cumulative = -7.46591e-08
ExecutionTime = 150.05 s  ClockTime = 172 s

Courant Number mean: 4.85591e-05 max: 0.993464 velocity magnitude: 7.76144
Time = 0.005

MULES: Solving for alpha1
Liquid phase volume fraction = 0.00275429  Min(alpha1) = -8.90302e-30  Max(alpha1) = 1
MULES: Solving for alpha1
Liquid phase volume fraction = 0.00275429  Min(alpha1) = -9.91297e-30  Max(alpha1) = 1
GPU: 723 iters: 8.44484 s: 19.0889 GB/s
OGPUPCG:  Solving for pd, Initial residual = 0.0159745, Final residual = 0.000791994, No Iterations 723
GPU: 719 iters: 8.38356 s: 19.122 GB/s
OGPUPCG:  Solving for pd, Initial residual = 0.014231, Final residual = 0.000627242, No Iterations 719
Computing AINV with droptol 0.02
GPU: 1000 iters: 11.6544 s: 19.1313 GB/s
OGPUPCG:  Solving for pd, Initial residual = 0.0141406, Final residual = 1.47566e-07, No Iterations 1000
time step continuity errors : sum local = 8.89616e-07, global = -2.4782e-09, cumulative = -7.71373e-08
ExecutionTime = 185.93 s  ClockTime = 208 s

Courant Number mean: 9.51425e-05 max: 2.38616 velocity magnitude: 18.6419
Time = 0.006

MULES: Solving for alpha1
Liquid phase volume fraction = 0.00275429  Min(alpha1) = -3.47583e-29  Max(alpha1) = 1
MULES: Solving for alpha1
Liquid phase volume fraction = 0.00275429  Min(alpha1) = -2.29828e-29  Max(alpha1) = 1
GPU: 719 iters: 8.39888 s: 19.0872 GB/s
OGPUPCG:  Solving for pd, Initial residual = 0.0283316, Final residual = 0.0013848, No Iterations 719
GPU: 727 iters: 8.4724 s: 19.1321 GB/s
OGPUPCG:  Solving for pd, Initial residual = 0.0246915, Final residual = 0.00118691, No Iterations 727
GPU: 1000 iters: 11.6592 s: 19.1234 GB/s
OGPUPCG:  Solving for pd, Initial residual = 0.0225442, Final residual = 2.57719e-07, No Iterations 1000
time step continuity errors : sum local = 1.84735e-06, global = 2.95152e-11, cumulative = -7.71077e-08
ExecutionTime = 221.77 s  ClockTime = 244 s

Courant Number mean: 0.000177439 max: 4.80961 velocity magnitude: 37.5751
Time = 0.007

MULES: Solving for alpha1
Liquid phase volume fraction = 0.00275429  Min(alpha1) = -2.86833e-29  Max(alpha1) = 1
MULES: Solving for alpha1
Liquid phase volume fraction = 0.00275429  Min(alpha1) = -3.20175e-29  Max(alpha1) = 1
GPU: 721 iters: 8.40595 s: 19.1242 GB/s
OGPUPCG:  Solving for pd, Initial residual = 0.0553788, Final residual = 0.00269528, No Iterations 721
GPU: 717 iters: 8.37433 s: 19.0899 GB/s
OGPUPCG:  Solving for pd, Initial residual = 0.0408808, Final residual = 0.00197848, No Iterations 717
GPU: 1000 iters: 11.6529 s: 19.1338 GB/s
OGPUPCG:  Solving for pd, Initial residual = 0.035108, Final residual = 4.89138e-07, No Iterations 1000
time step continuity errors : sum local = 3.1844e-06, global = 1.42358e-10, cumulative = -7.69654e-08
ExecutionTime = 257.57 s  ClockTime = 279 s

Courant Number mean: 0.000290529 max: 7.94781 velocity magnitude: 69.0139
Time = 0.008

MULES: Solving for alpha1
Liquid phase volume fraction = 0.00275429  Min(alpha1) = -4.70697e-29  Max(alpha1) = 1
MULES: Solving for alpha1
Liquid phase volume fraction = 0.00275429  Min(alpha1) = -5.33905e-29  Max(alpha1) = 1
GPU: 725 iters: 8.42776 s: 19.1805 GB/s
OGPUPCG:  Solving for pd, Initial residual = 0.0756415, Final residual = 0.00371001, No Iterations 725
GPU: 722 iters: 8.40982 s: 19.1419 GB/s
OGPUPCG:  Solving for pd, Initial residual = 0.0495125, Final residual = 0.00247256, No Iterations 722
GPU: 1000 iters: 11.7035 s: 19.051 GB/s
OGPUPCG:  Solving for pd, Initial residual = 0.0451125, Final residual = 4.72808e-07, No Iterations 1000
time step continuity errors : sum local = 4.57974e-06, global = 1.52821e-10, cumulative = -7.68126e-08
ExecutionTime = 293.34 s  ClockTime = 315 s

Courant Number mean: 0.000408437 max: 11.4205 velocity magnitude: 116.062
Time = 0.009

MULES: Solving for alpha1
Liquid phase volume fraction = 0.00275429  Min(alpha1) = -9.59701e-29  Max(alpha1) = 1
MULES: Solving for alpha1
Liquid phase volume fraction = 0.00275429  Min(alpha1) = -4.44097e-29  Max(alpha1) = 1
GPU: 836 iters: 9.71942 s: 19.1779 GB/s
OGPUPCG:  Solving for pd, Initial residual = 0.082127, Final residual = 0.00409262, No Iterations 836
Computing AINV with droptol 0.02
GPU: 804 iters: 9.37651 s: 19.1189 GB/s
OGPUPCG:  Solving for pd, Initial residual = 0.0670118, Final residual = 0.00333811, No Iterations 804
GPU: 1000 iters: 11.6621 s: 19.1193 GB/s
OGPUPCG:  Solving for pd, Initial residual = 0.0544384, Final residual = 7.14595e-07, No Iterations 1000
time step continuity errors : sum local = 6.40202e-06, global = 2.10834e-12, cumulative = -7.68105e-08
ExecutionTime = 331.76 s  ClockTime = 354 s

Courant Number mean: 0.000560945 max: 15.5963 velocity magnitude: 194.944
Time = 0.01

MULES: Solving for alpha1
Liquid phase volume fraction = 0.00275429  Min(alpha1) = -5.79607e-29  Max(alpha1) = 1
MULES: Solving for alpha1
Liquid phase volume fraction = 0.00275429  Min(alpha1) = -3.07886e-29  Max(alpha1) = 1
GPU: 730 iters: 8.51967 s: 19.105 GB/s
OGPUPCG:  Solving for pd, Initial residual = 0.148504, Final residual = 0.0072436, No Iterations 730
GPU: 725 iters: 8.44469 s: 19.1427 GB/s
OGPUPCG:  Solving for pd, Initial residual = 0.0839859, Final residual = 0.0039778, No Iterations 725
GPU: 1000 iters: 11.7009 s: 19.0559 GB/s
OGPUPCG:  Solving for pd, Initial residual = 0.0752618, Final residual = 1.51864e-06, No Iterations 1000
time step continuity errors : sum local = 9.00462e-06, global = -4.16453e-11, cumulative = -7.68521e-08
ExecutionTime = 367.71 s  ClockTime = 390 s

End

Finalising parallel run
