 Data for JOB [1199,1] offset 0

 ========================   JOB MAP   ========================

 Data for node: ivb106	Num slots: 8	Max slots: 0	Num procs: 8
 	Process OMPI jobid: [1199,1] App: 0 Process rank: 0
 	Process OMPI jobid: [1199,1] App: 0 Process rank: 1
 	Process OMPI jobid: [1199,1] App: 0 Process rank: 2
 	Process OMPI jobid: [1199,1] App: 0 Process rank: 3
 	Process OMPI jobid: [1199,1] App: 0 Process rank: 4
 	Process OMPI jobid: [1199,1] App: 0 Process rank: 5
 	Process OMPI jobid: [1199,1] App: 0 Process rank: 6
 	Process OMPI jobid: [1199,1] App: 0 Process rank: 7

 Data for node: ivb108	Num slots: 8	Max slots: 0	Num procs: 8
 	Process OMPI jobid: [1199,1] App: 0 Process rank: 8
 	Process OMPI jobid: [1199,1] App: 0 Process rank: 9
 	Process OMPI jobid: [1199,1] App: 0 Process rank: 10
 	Process OMPI jobid: [1199,1] App: 0 Process rank: 11
 	Process OMPI jobid: [1199,1] App: 0 Process rank: 12
 	Process OMPI jobid: [1199,1] App: 0 Process rank: 13
 	Process OMPI jobid: [1199,1] App: 0 Process rank: 14
 	Process OMPI jobid: [1199,1] App: 0 Process rank: 15

 Data for node: ivb109	Num slots: 8	Max slots: 0	Num procs: 8
 	Process OMPI jobid: [1199,1] App: 0 Process rank: 16
 	Process OMPI jobid: [1199,1] App: 0 Process rank: 17
 	Process OMPI jobid: [1199,1] App: 0 Process rank: 18
 	Process OMPI jobid: [1199,1] App: 0 Process rank: 19
 	Process OMPI jobid: [1199,1] App: 0 Process rank: 20
 	Process OMPI jobid: [1199,1] App: 0 Process rank: 21
 	Process OMPI jobid: [1199,1] App: 0 Process rank: 22
 	Process OMPI jobid: [1199,1] App: 0 Process rank: 23

 =============================================================
[ivb106:36669] MCW rank 0 bound to socket 0[core 0[hwt 0]]: [B/././././././././.][./././././././././.]
[ivb106:36669] MCW rank 1 bound to socket 0[core 1[hwt 0]]: [./B/./././././././.][./././././././././.]
[ivb106:36669] MCW rank 2 bound to socket 0[core 2[hwt 0]]: [././B/././././././.][./././././././././.]
[ivb106:36669] MCW rank 3 bound to socket 0[core 3[hwt 0]]: [./././B/./././././.][./././././././././.]
[ivb106:36669] MCW rank 4 bound to socket 0[core 4[hwt 0]]: [././././B/././././.][./././././././././.]
[ivb106:36669] MCW rank 5 bound to socket 0[core 5[hwt 0]]: [./././././B/./././.][./././././././././.]
[ivb106:36669] MCW rank 6 bound to socket 0[core 6[hwt 0]]: [././././././B/././.][./././././././././.]
[ivb106:36669] MCW rank 7 bound to socket 0[core 7[hwt 0]]: [./././././././B/./.][./././././././././.]
[ivb108:28075] MCW rank 10 bound to socket 0[core 2[hwt 0]]: [././B/././././././.][./././././././././.]
[ivb108:28075] MCW rank 11 bound to socket 0[core 3[hwt 0]]: [./././B/./././././.][./././././././././.]
[ivb108:28075] MCW rank 12 bound to socket 0[core 4[hwt 0]]: [././././B/././././.][./././././././././.]
[ivb108:28075] MCW rank 13 bound to socket 0[core 5[hwt 0]]: [./././././B/./././.][./././././././././.]
[ivb108:28075] MCW rank 14 bound to socket 0[core 6[hwt 0]]: [././././././B/././.][./././././././././.]
[ivb108:28075] MCW rank 15 bound to socket 0[core 7[hwt 0]]: [./././././././B/./.][./././././././././.]
[ivb108:28075] MCW rank 8 bound to socket 0[core 0[hwt 0]]: [B/././././././././.][./././././././././.]
[ivb108:28075] MCW rank 9 bound to socket 0[core 1[hwt 0]]: [./B/./././././././.][./././././././././.]
[ivb109:33885] MCW rank 18 bound to socket 0[core 2[hwt 0]]: [././B/././././././.][./././././././././.]
[ivb109:33885] MCW rank 19 bound to socket 0[core 3[hwt 0]]: [./././B/./././././.][./././././././././.]
[ivb109:33885] MCW rank 20 bound to socket 0[core 4[hwt 0]]: [././././B/././././.][./././././././././.]
[ivb109:33885] MCW rank 21 bound to socket 0[core 5[hwt 0]]: [./././././B/./././.][./././././././././.]
[ivb109:33885] MCW rank 22 bound to socket 0[core 6[hwt 0]]: [././././././B/././.][./././././././././.]
[ivb109:33885] MCW rank 23 bound to socket 0[core 7[hwt 0]]: [./././././././B/./.][./././././././././.]
[ivb109:33885] MCW rank 16 bound to socket 0[core 0[hwt 0]]: [B/././././././././.][./././././././././.]
[ivb109:33885] MCW rank 17 bound to socket 0[core 1[hwt 0]]: [./B/./././././././.][./././././././././.]
/*---------------------------------------------------------------------------*\
| =========                 |                                                 |
| \\      /  F ield         | foam-extend: Open Source CFD                    |
|  \\    /   O peration     | Version:     3.1                                |
|   \\  /    A nd           | Web:         http://www.extend-project.de       |
|    \\/     M anipulation  |                                                 |
\*---------------------------------------------------------------------------*/
Build    : 3.1-e2da948002a2
Exec     : interFoam -parallel
Date     : May 18 2016
Time     : 19:47:56
Host     : ivb106
PID      : 36744
CtrlDict : /home-2/vplatonov/foam/foam-extend-3.1/etc/controlDict
Case     : /home/vplatonov/tests/rt12mln
nProcs   : 24
Slaves : 
23
(
ivb106.36739
ivb106.36742
ivb106.36737
ivb106.36740
ivb106.36741
ivb106.36738
ivb106.36746
ivb108.28150
ivb108.28144
ivb108.28142
ivb108.28143
ivb108.28145
ivb108.28146
ivb108.28147
ivb108.28148
ivb109.33947
ivb109.33945
ivb109.33946
ivb109.33948
ivb109.33949
ivb109.33952
ivb109.33950
ivb109.33954
)

Pstream initialized with:
    floatTransfer     : 0
    nProcsSimpleSum   : 0
    commsType         : blocking
SigFpe   : Enabling floating point exception trapping (FOAM_SIGFPE).

// * * * * * * * * * * * * * * * * * * * * * * * * * * * * * * * * * * * * * //
Create time

Create mesh for time = 0


Reading g
Reading field pd

Reading field alpha1

Reading field U

Reading/calculating face flux field phi

Reading transportProperties

Selecting incompressible transport model Newtonian
Selecting incompressible transport model Newtonian
Calculating field g.h

Selecting turbulence model type laminar
time step continuity errors : sum local = 0, global = 0, cumulative = 0
Created persistent data with name pcorr
GPUPCG:  Solving for pcorr, Initial residual = 0, Final residual = 0, No Iterations 0
time step continuity errors : sum local = 0, global = 0, cumulative = 0
Courant Number mean: 0 max: 0 velocity magnitude: 0

Starting time loop

Courant Number mean: 0 max: 0 velocity magnitude: 0
Time = 0.001

MULES: Solving for alpha1
Liquid phase volume fraction = 0.00275421  Min(alpha1) = 0  Max(alpha1) = 1
MULES: Solving for alpha1
Liquid phase volume fraction = 0.00275421  Min(alpha1) = 0  Max(alpha1) = 1
Created persistent data with name pd
Computing AINV with droptol 0.02
GPU: 7 iters: 0.129862 s: 12.4462 GB/s
GPUPCG:  Solving for pd, Initial residual = 1, Final residual = 0.0430394, No Iterations 7
Computing AINV with droptol 0.02
GPU: 180 iters: 2.26626 s: 18.3393 GB/s
GPUPCG:  Solving for pd, Initial residual = 0.0260729, Final residual = 0.00129849, No Iterations 180
GPU: 916 iters: 11.3608 s: 18.6169 GB/s
GPUPCG:  Solving for pd, Initial residual = 0.00735389, Final residual = 9.65721e-08, No Iterations 916
time step continuity errors : sum local = 7.19943e-12, global = -2.10063e-24, cumulative = -2.10063e-24
ExecutionTime = 38.95 s  ClockTime = 62 s

Courant Number mean: 4.83081e-06 max: 0.00215842 velocity magnitude: 0.0337252
Time = 0.002

MULES: Solving for alpha1
Liquid phase volume fraction = 0.00275421  Min(alpha1) = 0  Max(alpha1) = 1
MULES: Solving for alpha1
Liquid phase volume fraction = 0.00275421  Min(alpha1) = 0  Max(alpha1) = 1
GPU: 685 iters: 8.42429 s: 18.7749 GB/s
GPUPCG:  Solving for pd, Initial residual = 0.00479287, Final residual = 0.000235653, No Iterations 685
GPU: 699 iters: 8.51258 s: 18.9599 GB/s
GPUPCG:  Solving for pd, Initial residual = 0.00394941, Final residual = 0.000194134, No Iterations 699
GPU: 962 iters: 11.933 s: 18.6143 GB/s
GPUPCG:  Solving for pd, Initial residual = 0.00349798, Final residual = 9.72063e-08, No Iterations 962
time step continuity errors : sum local = 4.14643e-08, global = -4.14583e-08, cumulative = -4.14583e-08
ExecutionTime = 74.05 s  ClockTime = 98 s

Courant Number mean: 1.35694e-05 max: 0.22109 velocity magnitude: 1.72726
Time = 0.003

MULES: Solving for alpha1
Liquid phase volume fraction = 0.00275424  Min(alpha1) = -4.20364e-30  Max(alpha1) = 1
MULES: Solving for alpha1
Liquid phase volume fraction = 0.00275426  Min(alpha1) = -3.1455e-30  Max(alpha1) = 1
GPU: 701 iters: 8.5536 s: 18.923 GB/s
GPUPCG:  Solving for pd, Initial residual = 0.0074805, Final residual = 0.00037158, No Iterations 701
GPU: 663 iters: 8.17825 s: 18.7186 GB/s
GPUPCG:  Solving for pd, Initial residual = 0.00520878, Final residual = 0.000257004, No Iterations 663
GPU: 928 iters: 11.4041 s: 18.7892 GB/s
GPUPCG:  Solving for pd, Initial residual = 0.00513539, Final residual = 9.99557e-08, No Iterations 928
time step continuity errors : sum local = 2.25589e-08, global = -2.25535e-08, cumulative = -6.40119e-08
ExecutionTime = 108.35 s  ClockTime = 134 s

Courant Number mean: 1.63745e-05 max: 0.133486 velocity magnitude: 1.04286
Time = 0.004

MULES: Solving for alpha1
Liquid phase volume fraction = 0.00275427  Min(alpha1) = -3.96882e-30  Max(alpha1) = 1
MULES: Solving for alpha1
Liquid phase volume fraction = 0.00275428  Min(alpha1) = -4.18086e-30  Max(alpha1) = 1
GPU: 700 iters: 8.64574 s: 18.6946 GB/s
GPUPCG:  Solving for pd, Initial residual = 0.00849414, Final residual = 0.000423876, No Iterations 700
GPU: 687 iters: 8.33848 s: 19.0235 GB/s
GPUPCG:  Solving for pd, Initial residual = 0.0072064, Final residual = 0.00034508, No Iterations 687
GPU: 962 iters: 11.7841 s: 18.8495 GB/s
GPUPCG:  Solving for pd, Initial residual = 0.00669818, Final residual = 9.8441e-08, No Iterations 962
time step continuity errors : sum local = 1.06526e-08, global = -1.06477e-08, cumulative = -7.46596e-08
ExecutionTime = 143.43 s  ClockTime = 170 s

Courant Number mean: 2.03279e-05 max: 0.0759194 velocity magnitude: 0.59312
Time = 0.005

MULES: Solving for alpha1
Liquid phase volume fraction = 0.00275429  Min(alpha1) = -7.31128e-30  Max(alpha1) = 1
MULES: Solving for alpha1
Liquid phase volume fraction = 0.00275429  Min(alpha1) = -1.14948e-29  Max(alpha1) = 1
GPU: 700 iters: 8.67368 s: 18.6344 GB/s
GPUPCG:  Solving for pd, Initial residual = 0.00674826, Final residual = 0.00032943, No Iterations 700
Computing AINV with droptol 0.02
GPU: 663 iters: 8.20965 s: 18.647 GB/s
GPUPCG:  Solving for pd, Initial residual = 0.00591078, Final residual = 0.0002886, No Iterations 663
GPU: 938 iters: 11.4972 s: 18.8378 GB/s
GPUPCG:  Solving for pd, Initial residual = 0.00570813, Final residual = 9.88812e-08, No Iterations 938
time step continuity errors : sum local = 2.48302e-09, global = -2.47831e-09, cumulative = -7.71379e-08
ExecutionTime = 178.14 s  ClockTime = 206 s

Courant Number mean: 2.44337e-05 max: 0.0288149 velocity magnitude: 0.302731
Time = 0.006

MULES: Solving for alpha1
Liquid phase volume fraction = 0.00275429  Min(alpha1) = -1.62086e-29  Max(alpha1) = 1
MULES: Solving for alpha1
Liquid phase volume fraction = 0.00275429  Min(alpha1) = -1.63704e-29  Max(alpha1) = 1
GPU: 703 iters: 8.72558 s: 18.6029 GB/s
GPUPCG:  Solving for pd, Initial residual = 0.00747015, Final residual = 0.000363549, No Iterations 703
GPU: 680 iters: 8.25556 s: 19.0188 GB/s
GPUPCG:  Solving for pd, Initial residual = 0.00567211, Final residual = 0.000279136, No Iterations 680
GPU: 944 iters: 11.4214 s: 19.0841 GB/s
GPUPCG:  Solving for pd, Initial residual = 0.00560035, Final residual = 9.97383e-08, No Iterations 944
time step continuity errors : sum local = 3.34038e-11, global = 2.86571e-11, cumulative = -7.71092e-08
ExecutionTime = 212.75 s  ClockTime = 242 s

Courant Number mean: 2.93695e-05 max: 0.0329322 velocity magnitude: 0.257283
Time = 0.007

MULES: Solving for alpha1
Liquid phase volume fraction = 0.00275429  Min(alpha1) = -3.9405e-29  Max(alpha1) = 1
MULES: Solving for alpha1
Liquid phase volume fraction = 0.00275429  Min(alpha1) = -3.75324e-29  Max(alpha1) = 1
GPU: 707 iters: 8.63129 s: 18.9131 GB/s
GPUPCG:  Solving for pd, Initial residual = 0.0071805, Final residual = 0.000349373, No Iterations 707
GPU: 652 iters: 7.81436 s: 19.2652 GB/s
GPUPCG:  Solving for pd, Initial residual = 0.0046107, Final residual = 0.00022534, No Iterations 652
GPU: 873 iters: 10.7342 s: 18.7787 GB/s
GPUPCG:  Solving for pd, Initial residual = 0.00418616, Final residual = 9.98477e-08, No Iterations 873
time step continuity errors : sum local = 1.47019e-10, global = 1.42348e-10, cumulative = -7.69669e-08
ExecutionTime = 246.13 s  ClockTime = 276 s

Courant Number mean: 3.4471e-05 max: 0.00920697 velocity magnitude: 0.1304
Time = 0.008

MULES: Solving for alpha1
Liquid phase volume fraction = 0.00275429  Min(alpha1) = -7.78178e-29  Max(alpha1) = 1
MULES: Solving for alpha1
Liquid phase volume fraction = 0.00275429  Min(alpha1) = -4.75012e-29  Max(alpha1) = 1
GPU: 710 iters: 8.6377 s: 18.9793 GB/s
GPUPCG:  Solving for pd, Initial residual = 0.00759921, Final residual = 0.000373784, No Iterations 710
GPU: 305 iters: 3.79369 s: 18.5634 GB/s
GPUPCG:  Solving for pd, Initial residual = 0.00448477, Final residual = 0.000222649, No Iterations 305
GPU: 838 iters: 10.2534 s: 18.871 GB/s
GPUPCG:  Solving for pd, Initial residual = 0.00419834, Final residual = 9.69197e-08, No Iterations 838
time step continuity errors : sum local = 1.57686e-10, global = 1.53182e-10, cumulative = -7.68137e-08
ExecutionTime = 275.33 s  ClockTime = 306 s

Courant Number mean: 3.95934e-05 max: 0.00904209 velocity magnitude: 0.140312
Time = 0.009

MULES: Solving for alpha1
Liquid phase volume fraction = 0.00275429  Min(alpha1) = -4.27547e-29  Max(alpha1) = 1
MULES: Solving for alpha1
Liquid phase volume fraction = 0.00275429  Min(alpha1) = -3.19958e-29  Max(alpha1) = 1
GPU: 793 iters: 9.69037 s: 18.8953 GB/s
GPUPCG:  Solving for pd, Initial residual = 0.00747656, Final residual = 0.000368771, No Iterations 793
GPU: 340 iters: 4.23336 s: 18.5444 GB/s
GPUPCG:  Solving for pd, Initial residual = 0.0046888, Final residual = 0.000231153, No Iterations 340
Computing AINV with droptol 0.02
GPU: 904 iters: 11.1785 s: 18.6726 GB/s
GPUPCG:  Solving for pd, Initial residual = 0.00415525, Final residual = 9.96269e-08, No Iterations 904
time step continuity errors : sum local = 6.62171e-12, global = 2.00498e-12, cumulative = -7.68117e-08
ExecutionTime = 306.8 s  ClockTime = 339 s

Courant Number mean: 4.47251e-05 max: 0.00972275 velocity magnitude: 0.149316
Time = 0.01

MULES: Solving for alpha1
Liquid phase volume fraction = 0.00275429  Min(alpha1) = -6.44234e-29  Max(alpha1) = 1
MULES: Solving for alpha1
Liquid phase volume fraction = 0.00275429  Min(alpha1) = -4.65992e-29  Max(alpha1) = 1
GPU: 753 iters: 9.27333 s: 18.7491 GB/s
GPUPCG:  Solving for pd, Initial residual = 0.00808896, Final residual = 0.000399812, No Iterations 753
GPU: 310 iters: 3.80552 s: 18.8091 GB/s
GPUPCG:  Solving for pd, Initial residual = 0.00466943, Final residual = 0.000229175, No Iterations 310
GPU: 839 iters: 10.3042 s: 18.8004 GB/s
GPUPCG:  Solving for pd, Initial residual = 0.0043157, Final residual = 9.95678e-08, No Iterations 839
time step continuity errors : sum local = 4.634e-11, global = -4.17516e-11, cumulative = -7.68535e-08
ExecutionTime = 336.79 s  ClockTime = 370 s

End

Finalising parallel run
