 Data for JOB [1907,1] offset 0

 ========================   JOB MAP   ========================

 Data for node: ivb106	Num slots: 6	Max slots: 0	Num procs: 6
 	Process OMPI jobid: [1907,1] App: 0 Process rank: 0
 	Process OMPI jobid: [1907,1] App: 0 Process rank: 1
 	Process OMPI jobid: [1907,1] App: 0 Process rank: 2
 	Process OMPI jobid: [1907,1] App: 0 Process rank: 3
 	Process OMPI jobid: [1907,1] App: 0 Process rank: 4
 	Process OMPI jobid: [1907,1] App: 0 Process rank: 5

 Data for node: ivb108	Num slots: 6	Max slots: 0	Num procs: 6
 	Process OMPI jobid: [1907,1] App: 0 Process rank: 6
 	Process OMPI jobid: [1907,1] App: 0 Process rank: 7
 	Process OMPI jobid: [1907,1] App: 0 Process rank: 8
 	Process OMPI jobid: [1907,1] App: 0 Process rank: 9
 	Process OMPI jobid: [1907,1] App: 0 Process rank: 10
 	Process OMPI jobid: [1907,1] App: 0 Process rank: 11

 Data for node: ivb109	Num slots: 6	Max slots: 0	Num procs: 6
 	Process OMPI jobid: [1907,1] App: 0 Process rank: 12
 	Process OMPI jobid: [1907,1] App: 0 Process rank: 13
 	Process OMPI jobid: [1907,1] App: 0 Process rank: 14
 	Process OMPI jobid: [1907,1] App: 0 Process rank: 15
 	Process OMPI jobid: [1907,1] App: 0 Process rank: 16
 	Process OMPI jobid: [1907,1] App: 0 Process rank: 17

 Data for node: ivb110	Num slots: 6	Max slots: 0	Num procs: 6
 	Process OMPI jobid: [1907,1] App: 0 Process rank: 18
 	Process OMPI jobid: [1907,1] App: 0 Process rank: 19
 	Process OMPI jobid: [1907,1] App: 0 Process rank: 20
 	Process OMPI jobid: [1907,1] App: 0 Process rank: 21
 	Process OMPI jobid: [1907,1] App: 0 Process rank: 22
 	Process OMPI jobid: [1907,1] App: 0 Process rank: 23

 =============================================================
[ivb106:36065] MCW rank 0 bound to socket 0[core 0[hwt 0]]: [B/././././././././.][./././././././././.]
[ivb106:36065] MCW rank 1 bound to socket 0[core 1[hwt 0]]: [./B/./././././././.][./././././././././.]
[ivb106:36065] MCW rank 2 bound to socket 0[core 2[hwt 0]]: [././B/././././././.][./././././././././.]
[ivb106:36065] MCW rank 3 bound to socket 0[core 3[hwt 0]]: [./././B/./././././.][./././././././././.]
[ivb106:36065] MCW rank 4 bound to socket 0[core 4[hwt 0]]: [././././B/././././.][./././././././././.]
[ivb106:36065] MCW rank 5 bound to socket 0[core 5[hwt 0]]: [./././././B/./././.][./././././././././.]
[ivb110:09740] MCW rank 18 bound to socket 0[core 0[hwt 0]]: [B/././././././././.][./././././././././.]
[ivb110:09740] MCW rank 19 bound to socket 0[core 1[hwt 0]]: [./B/./././././././.][./././././././././.]
[ivb110:09740] MCW rank 20 bound to socket 0[core 2[hwt 0]]: [././B/././././././.][./././././././././.]
[ivb110:09740] MCW rank 21 bound to socket 0[core 3[hwt 0]]: [./././B/./././././.][./././././././././.]
[ivb110:09740] MCW rank 22 bound to socket 0[core 4[hwt 0]]: [././././B/././././.][./././././././././.]
[ivb110:09740] MCW rank 23 bound to socket 0[core 5[hwt 0]]: [./././././B/./././.][./././././././././.]
[ivb109:33267] MCW rank 17 bound to socket 0[core 5[hwt 0]]: [./././././B/./././.][./././././././././.]
[ivb109:33267] MCW rank 12 bound to socket 0[core 0[hwt 0]]: [B/././././././././.][./././././././././.]
[ivb109:33267] MCW rank 13 bound to socket 0[core 1[hwt 0]]: [./B/./././././././.][./././././././././.]
[ivb109:33267] MCW rank 14 bound to socket 0[core 2[hwt 0]]: [././B/././././././.][./././././././././.]
[ivb109:33267] MCW rank 15 bound to socket 0[core 3[hwt 0]]: [./././B/./././././.][./././././././././.]
[ivb109:33267] MCW rank 16 bound to socket 0[core 4[hwt 0]]: [././././B/././././.][./././././././././.]
[ivb108:27473] MCW rank 6 bound to socket 0[core 0[hwt 0]]: [B/././././././././.][./././././././././.]
[ivb108:27473] MCW rank 7 bound to socket 0[core 1[hwt 0]]: [./B/./././././././.][./././././././././.]
[ivb108:27473] MCW rank 8 bound to socket 0[core 2[hwt 0]]: [././B/././././././.][./././././././././.]
[ivb108:27473] MCW rank 9 bound to socket 0[core 3[hwt 0]]: [./././B/./././././.][./././././././././.]
[ivb108:27473] MCW rank 10 bound to socket 0[core 4[hwt 0]]: [././././B/././././.][./././././././././.]
[ivb108:27473] MCW rank 11 bound to socket 0[core 5[hwt 0]]: [./././././B/./././.][./././././././././.]
0
1
2
3
4
5
2
0
1
3
4
5
2
0
1
3
4
5
2
1
0
3
4
5
/*---------------------------------------------------------------------------*\
| =========                 |                                                 |
| \\      /  F ield         | foam-extend: Open Source CFD                    |
|  \\    /   O peration     | Version:     3.1                                |
|   \\  /    A nd           | Web:         http://www.extend-project.de       |
|    \\/     M anipulation  |                                                 |
\*---------------------------------------------------------------------------*/
Build    : 3.1-e2da948002a2
Exec     : interFoam -parallel
Date     : May 18 2016
Time     : 19:30:12
Host     : ivb106
PID      : 36119
CtrlDict : /home-2/vplatonov/foam/foam-extend-3.1/etc/controlDict
Case     : /home/vplatonov/tests/rt12mln
nProcs   : 24
Slaves : 
23
(
ivb106.36118
ivb106.36125
ivb106.36131
ivb106.36137
ivb106.36142
ivb108.27530
ivb108.27536
ivb108.27526
ivb108.27541
ivb108.27527
ivb108.27525
ivb109.33323
ivb109.33329
ivb109.33316
ivb109.33319
ivb109.33318
ivb109.33334
ivb110.9799
ivb110.9803
ivb110.9809
ivb110.9814
ivb110.9801
ivb110.9800
)

Pstream initialized with:
    floatTransfer     : 0
    nProcsSimpleSum   : 0
    commsType         : blocking
SigFpe   : Enabling floating point exception trapping (FOAM_SIGFPE).

// * * * * * * * * * * * * * * * * * * * * * * * * * * * * * * * * * * * * * //
Create time

Create mesh for time = 0


Reading g
Reading field pd

Reading field alpha1

Reading field U

Reading/calculating face flux field phi

Reading transportProperties

Selecting incompressible transport model Newtonian
Selecting incompressible transport model Newtonian
Calculating field g.h

Selecting turbulence model type laminar
time step continuity errors : sum local = 0, global = 0, cumulative = 0
Created persistent data with name pcorr
GPUPCG:  Solving for pcorr, Initial residual = 0, Final residual = 0, No Iterations 0
time step continuity errors : sum local = 0, global = 0, cumulative = 0
Courant Number mean: 0 max: 0 velocity magnitude: 0

Starting time loop

Courant Number mean: 0 max: 0 velocity magnitude: 0
Time = 0.001

MULES: Solving for alpha1
Liquid phase volume fraction = 0.00275421  Min(alpha1) = 0  Max(alpha1) = 1
MULES: Solving for alpha1
Liquid phase volume fraction = 0.00275421  Min(alpha1) = 0  Max(alpha1) = 1
Created persistent data with name pd
Computing AINV with droptol 0.02
GPU: 7 iters: 0.0822759 s: 18.9427 GB/s
GPUPCG:  Solving for pd, Initial residual = 1, Final residual = 0.0430394, No Iterations 7
Computing AINV with droptol 0.02
GPU: 180 iters: 0.851538 s: 47.0637 GB/s
GPUPCG:  Solving for pd, Initial residual = 0.0260729, Final residual = 0.0012985, No Iterations 180
GPU: 916 iters: 4.12072 s: 49.4926 GB/s
GPUPCG:  Solving for pd, Initial residual = 0.00735389, Final residual = 9.67102e-08, No Iterations 916
time step continuity errors : sum local = 7.207e-12, global = -2.61347e-24, cumulative = -2.61347e-24
ExecutionTime = 29.13 s  ClockTime = 47 s

Courant Number mean: 4.83081e-06 max: 0.00215842 velocity magnitude: 0.0337252
Time = 0.002

MULES: Solving for alpha1
Liquid phase volume fraction = 0.00275421  Min(alpha1) = 0  Max(alpha1) = 1
MULES: Solving for alpha1
Liquid phase volume fraction = 0.00275421  Min(alpha1) = 0  Max(alpha1) = 1
GPU: 685 iters: 3.13073 s: 48.7149 GB/s
GPUPCG:  Solving for pd, Initial residual = 0.00479287, Final residual = 0.000235616, No Iterations 685
GPU: 698 iters: 3.16768 s: 49.0605 GB/s
GPUPCG:  Solving for pd, Initial residual = 0.00394938, Final residual = 0.00019477, No Iterations 698
GPU: 962 iters: 4.37081 s: 49.0039 GB/s
GPUPCG:  Solving for pd, Initial residual = 0.00350041, Final residual = 9.87216e-08, No Iterations 962
time step continuity errors : sum local = 4.14641e-08, global = -4.14583e-08, cumulative = -4.14583e-08
ExecutionTime = 45.89 s  ClockTime = 64 s

Courant Number mean: 1.35694e-05 max: 0.22109 velocity magnitude: 1.72726
Time = 0.003

MULES: Solving for alpha1
Liquid phase volume fraction = 0.00275424  Min(alpha1) = -2.592e-30  Max(alpha1) = 1
MULES: Solving for alpha1
Liquid phase volume fraction = 0.00275426  Min(alpha1) = -4.35333e-30  Max(alpha1) = 1
GPU: 701 iters: 3.13118 s: 49.8456 GB/s
GPUPCG:  Solving for pd, Initial residual = 0.00748132, Final residual = 0.000370766, No Iterations 701
GPU: 663 iters: 2.99232 s: 49.3313 GB/s
GPUPCG:  Solving for pd, Initial residual = 0.00520838, Final residual = 0.000257095, No Iterations 663
GPU: 928 iters: 4.22695 s: 48.8808 GB/s
GPUPCG:  Solving for pd, Initial residual = 0.00513551, Final residual = 9.94545e-08, No Iterations 928
time step continuity errors : sum local = 2.25587e-08, global = -2.25535e-08, cumulative = -6.40118e-08
ExecutionTime = 62.38 s  ClockTime = 80 s

Courant Number mean: 1.63745e-05 max: 0.133485 velocity magnitude: 1.04285
Time = 0.004

MULES: Solving for alpha1
Liquid phase volume fraction = 0.00275427  Min(alpha1) = -1.4816e-29  Max(alpha1) = 1
MULES: Solving for alpha1
Liquid phase volume fraction = 0.00275428  Min(alpha1) = -1.08728e-29  Max(alpha1) = 1
GPU: 700 iters: 3.17767 s: 49.0463 GB/s
GPUPCG:  Solving for pd, Initial residual = 0.00849415, Final residual = 0.000422829, No Iterations 700
GPU: 687 iters: 3.13456 s: 48.7975 GB/s
GPUPCG:  Solving for pd, Initial residual = 0.00720504, Final residual = 0.000341572, No Iterations 687
GPU: 962 iters: 4.3273 s: 49.4966 GB/s
GPUPCG:  Solving for pd, Initial residual = 0.00669505, Final residual = 9.79124e-08, No Iterations 962
time step continuity errors : sum local = 1.06526e-08, global = -1.06477e-08, cumulative = -7.46596e-08
ExecutionTime = 79.2 s  ClockTime = 97 s

Courant Number mean: 2.03279e-05 max: 0.0759193 velocity magnitude: 0.593119
Time = 0.005

MULES: Solving for alpha1
Liquid phase volume fraction = 0.00275429  Min(alpha1) = -1.01827e-29  Max(alpha1) = 1
MULES: Solving for alpha1
Liquid phase volume fraction = 0.00275429  Min(alpha1) = -2.81185e-29  Max(alpha1) = 1
GPU: 700 iters: 3.1758 s: 49.0752 GB/s
GPUPCG:  Solving for pd, Initial residual = 0.00674815, Final residual = 0.000325387, No Iterations 700
GPU: 662 iters: 3.04652 s: 48.3806 GB/s
GPUPCG:  Solving for pd, Initial residual = 0.00590588, Final residual = 0.000295051, No Iterations 662
GPU: 937 iters: 4.19239 s: 49.7616 GB/s
GPUPCG:  Solving for pd, Initial residual = 0.00571329, Final residual = 9.93044e-08, No Iterations 937
time step continuity errors : sum local = 2.48302e-09, global = -2.4783e-09, cumulative = -7.71379e-08
ExecutionTime = 96.04 s  ClockTime = 114 s

Courant Number mean: 2.44337e-05 max: 0.0288148 velocity magnitude: 0.302731
Time = 0.006

MULES: Solving for alpha1
Liquid phase volume fraction = 0.00275429  Min(alpha1) = -1.33736e-29  Max(alpha1) = 1
MULES: Solving for alpha1
Liquid phase volume fraction = 0.00275429  Min(alpha1) = -2.41185e-29  Max(alpha1) = 1
GPU: 703 iters: 3.12545 s: 50.0795 GB/s
GPUPCG:  Solving for pd, Initial residual = 0.00747145, Final residual = 0.000372179, No Iterations 703
GPU: 681 iters: 3.09 s: 49.0688 GB/s
GPUPCG:  Solving for pd, Initial residual = 0.0056806, Final residual = 0.000277169, No Iterations 681
GPU: 945 iters: 4.26497 s: 49.3324 GB/s
GPUPCG:  Solving for pd, Initial residual = 0.00559656, Final residual = 9.93612e-08, No Iterations 945
time step continuity errors : sum local = 3.33723e-11, global = 2.86553e-11, cumulative = -7.71092e-08
ExecutionTime = 112.79 s  ClockTime = 131 s

Courant Number mean: 2.93695e-05 max: 0.0329321 velocity magnitude: 0.257283
Time = 0.007

MULES: Solving for alpha1
Liquid phase volume fraction = 0.00275429  Min(alpha1) = -4.54837e-29  Max(alpha1) = 1
MULES: Solving for alpha1
Liquid phase volume fraction = 0.00275429  Min(alpha1) = -3.14534e-29  Max(alpha1) = 1
GPU: 707 iters: 3.1512 s: 49.9529 GB/s
GPUPCG:  Solving for pd, Initial residual = 0.00717902, Final residual = 0.00035328, No Iterations 707
GPU: 653 iters: 2.95446 s: 49.2099 GB/s
GPUPCG:  Solving for pd, Initial residual = 0.00461484, Final residual = 0.000225039, No Iterations 653
GPU: 873 iters: 3.97367 s: 48.9147 GB/s
GPUPCG:  Solving for pd, Initial residual = 0.0041851, Final residual = 9.98677e-08, No Iterations 873
time step continuity errors : sum local = 1.47018e-10, global = 1.42348e-10, cumulative = -7.69669e-08
ExecutionTime = 129.13 s  ClockTime = 148 s

Courant Number mean: 3.4471e-05 max: 0.00920696 velocity magnitude: 0.1304
Time = 0.008

MULES: Solving for alpha1
Liquid phase volume fraction = 0.00275429  Min(alpha1) = -4.89396e-29  Max(alpha1) = 1
MULES: Solving for alpha1
Liquid phase volume fraction = 0.00275429  Min(alpha1) = -4.02417e-29  Max(alpha1) = 1
GPU: 710 iters: 3.23568 s: 48.8551 GB/s
GPUPCG:  Solving for pd, Initial residual = 0.00759836, Final residual = 0.00036837, No Iterations 710
GPU: 306 iters: 1.41989 s: 47.9826 GB/s
GPUPCG:  Solving for pd, Initial residual = 0.00447926, Final residual = 0.000221101, No Iterations 306
GPU: 837 iters: 3.73601 s: 49.8809 GB/s
GPUPCG:  Solving for pd, Initial residual = 0.00419559, Final residual = 9.85789e-08, No Iterations 837
time step continuity errors : sum local = 1.57763e-10, global = 1.53182e-10, cumulative = -7.68137e-08
ExecutionTime = 143.93 s  ClockTime = 163 s

Courant Number mean: 3.95934e-05 max: 0.00904209 velocity magnitude: 0.140312
Time = 0.009

MULES: Solving for alpha1
Liquid phase volume fraction = 0.00275429  Min(alpha1) = -7.12217e-29  Max(alpha1) = 1
MULES: Solving for alpha1
Liquid phase volume fraction = 0.00275429  Min(alpha1) = -2.90147e-29  Max(alpha1) = 1
GPU: 712 iters: 3.19826 s: 49.566 GB/s
GPUPCG:  Solving for pd, Initial residual = 0.00747571, Final residual = 0.000359976, No Iterations 712
GPU: 313 iters: 1.39273 s: 50.0373 GB/s
GPUPCG:  Solving for pd, Initial residual = 0.00468047, Final residual = 0.000233275, No Iterations 313
GPU: 842 iters: 3.83873 s: 48.8362 GB/s
GPUPCG:  Solving for pd, Initial residual = 0.00415762, Final residual = 9.58718e-08, No Iterations 842
time step continuity errors : sum local = 6.44773e-12, global = 2.00495e-12, cumulative = -7.68117e-08
ExecutionTime = 158.68 s  ClockTime = 178 s

Courant Number mean: 4.47251e-05 max: 0.00972275 velocity magnitude: 0.149316
Time = 0.01

MULES: Solving for alpha1
Liquid phase volume fraction = 0.00275429  Min(alpha1) = -3.80542e-29  Max(alpha1) = 1
MULES: Solving for alpha1
Liquid phase volume fraction = 0.00275429  Min(alpha1) = -4.65544e-29  Max(alpha1) = 1
GPU: 712 iters: 3.26268 s: 48.5873 GB/s
GPUPCG:  Solving for pd, Initial residual = 0.00808909, Final residual = 0.000392881, No Iterations 712
GPU: 304 iters: 1.37841 s: 49.1036 GB/s
GPUPCG:  Solving for pd, Initial residual = 0.00466191, Final residual = 0.000231944, No Iterations 304
GPU: 823 iters: 3.79085 s: 48.3371 GB/s
GPUPCG:  Solving for pd, Initial residual = 0.00432048, Final residual = 9.80273e-08, No Iterations 823
time step continuity errors : sum local = 4.62695e-11, global = -4.17517e-11, cumulative = -7.68534e-08
ExecutionTime = 173.31 s  ClockTime = 193 s

End

/home-2/vplatonov/bin/nvsingle: line 29:  9803 Segmentation fault      "$@"
/home-2/vplatonov/bin/nvsingle: line 29: 33323 Segmentation fault      "$@"
/home-2/vplatonov/bin/nvsingle: line 29:  9801 Segmentation fault      "$@"
/home-2/vplatonov/bin/nvsingle: line 29:  9800 Segmentation fault      "$@"
/home-2/vplatonov/bin/nvsingle: line 29: 33316 Segmentation fault      "$@"
/home-2/vplatonov/bin/nvsingle: line 29:  9814 Segmentation fault      "$@"
/home-2/vplatonov/bin/nvsingle: line 29: 36137 Segmentation fault      "$@"
/home-2/vplatonov/bin/nvsingle: line 29: 36118 Segmentation fault      "$@"
/home-2/vplatonov/bin/nvsingle: line 29:  9799 Segmentation fault      "$@"
/home-2/vplatonov/bin/nvsingle: line 29: 27526 Segmentation fault      "$@"
/home-2/vplatonov/bin/nvsingle: line 29: 36131 Segmentation fault      "$@"
/home-2/vplatonov/bin/nvsingle: line 29: 27527 Segmentation fault      "$@"
/home-2/vplatonov/bin/nvsingle: line 29: 27530 Segmentation fault      "$@"
/home-2/vplatonov/bin/nvsingle: line 29: 36125 Segmentation fault      "$@"
/home-2/vplatonov/bin/nvsingle: line 29: 36142 Segmentation fault      "$@"
/home-2/vplatonov/bin/nvsingle: line 29: 33319 Segmentation fault      "$@"
/home-2/vplatonov/bin/nvsingle: line 29: 33318 Segmentation fault      "$@"
/home-2/vplatonov/bin/nvsingle: line 29: 33334 Segmentation fault      "$@"
/home-2/vplatonov/bin/nvsingle: line 29: 27525 Segmentation fault      "$@"
/home-2/vplatonov/bin/nvsingle: line 29: 27536 Segmentation fault      "$@"
-------------------------------------------------------
Primary job  terminated normally, but 1 process returned
a non-zero exit code.. Per user-direction, the job has been aborted.
-------------------------------------------------------
/home-2/vplatonov/bin/nvsingle: line 22: 36119 Segmentation fault      "$@"
slurmstepd: *** JOB 6472 ON ivb106 CANCELLED AT 2016-05-18T19:47:38 DUE TO TIME LIMIT ***
--------------------------------------------------------------------------
mpirun detected that one or more processes exited with non-zero status, thus causing
the job to be terminated. The first process to do so was:

  Process name: [[1907,1],12]
  Exit code:    139
--------------------------------------------------------------------------
