 Data for JOB [18,1] offset 0

 ========================   JOB MAP   ========================

 Data for node: ivb110	Num slots: 12	Max slots: 0	Num procs: 12
 	Process OMPI jobid: [18,1] App: 0 Process rank: 0
 	Process OMPI jobid: [18,1] App: 0 Process rank: 1
 	Process OMPI jobid: [18,1] App: 0 Process rank: 2
 	Process OMPI jobid: [18,1] App: 0 Process rank: 3
 	Process OMPI jobid: [18,1] App: 0 Process rank: 4
 	Process OMPI jobid: [18,1] App: 0 Process rank: 5
 	Process OMPI jobid: [18,1] App: 0 Process rank: 6
 	Process OMPI jobid: [18,1] App: 0 Process rank: 7
 	Process OMPI jobid: [18,1] App: 0 Process rank: 8
 	Process OMPI jobid: [18,1] App: 0 Process rank: 9
 	Process OMPI jobid: [18,1] App: 0 Process rank: 10
 	Process OMPI jobid: [18,1] App: 0 Process rank: 11

 Data for node: ivb111	Num slots: 12	Max slots: 0	Num procs: 12
 	Process OMPI jobid: [18,1] App: 0 Process rank: 12
 	Process OMPI jobid: [18,1] App: 0 Process rank: 13
 	Process OMPI jobid: [18,1] App: 0 Process rank: 14
 	Process OMPI jobid: [18,1] App: 0 Process rank: 15
 	Process OMPI jobid: [18,1] App: 0 Process rank: 16
 	Process OMPI jobid: [18,1] App: 0 Process rank: 17
 	Process OMPI jobid: [18,1] App: 0 Process rank: 18
 	Process OMPI jobid: [18,1] App: 0 Process rank: 19
 	Process OMPI jobid: [18,1] App: 0 Process rank: 20
 	Process OMPI jobid: [18,1] App: 0 Process rank: 21
 	Process OMPI jobid: [18,1] App: 0 Process rank: 22
 	Process OMPI jobid: [18,1] App: 0 Process rank: 23

 =============================================================
[ivb110:40554] MCW rank 9 bound to socket 0[core 9[hwt 0]]: [./././././././././B][./././././././././.]
[ivb110:40554] MCW rank 10 bound to socket 1[core 10[hwt 0]]: [./././././././././.][B/././././././././.]
[ivb110:40554] MCW rank 11 bound to socket 1[core 11[hwt 0]]: [./././././././././.][./B/./././././././.]
[ivb110:40554] MCW rank 0 bound to socket 0[core 0[hwt 0]]: [B/././././././././.][./././././././././.]
[ivb110:40554] MCW rank 1 bound to socket 0[core 1[hwt 0]]: [./B/./././././././.][./././././././././.]
[ivb110:40554] MCW rank 2 bound to socket 0[core 2[hwt 0]]: [././B/././././././.][./././././././././.]
[ivb110:40554] MCW rank 3 bound to socket 0[core 3[hwt 0]]: [./././B/./././././.][./././././././././.]
[ivb110:40554] MCW rank 4 bound to socket 0[core 4[hwt 0]]: [././././B/././././.][./././././././././.]
[ivb110:40554] MCW rank 5 bound to socket 0[core 5[hwt 0]]: [./././././B/./././.][./././././././././.]
[ivb110:40554] MCW rank 6 bound to socket 0[core 6[hwt 0]]: [././././././B/././.][./././././././././.]
[ivb110:40554] MCW rank 7 bound to socket 0[core 7[hwt 0]]: [./././././././B/./.][./././././././././.]
[ivb110:40554] MCW rank 8 bound to socket 0[core 8[hwt 0]]: [././././././././B/.][./././././././././.]
[ivb111:13822] MCW rank 17 bound to socket 0[core 5[hwt 0]]: [./././././B/./././.][./././././././././.]
[ivb111:13822] MCW rank 18 bound to socket 0[core 6[hwt 0]]: [././././././B/././.][./././././././././.]
[ivb111:13822] MCW rank 19 bound to socket 0[core 7[hwt 0]]: [./././././././B/./.][./././././././././.]
[ivb111:13822] MCW rank 20 bound to socket 0[core 8[hwt 0]]: [././././././././B/.][./././././././././.]
[ivb111:13822] MCW rank 21 bound to socket 0[core 9[hwt 0]]: [./././././././././B][./././././././././.]
[ivb111:13822] MCW rank 22 bound to socket 1[core 10[hwt 0]]: [./././././././././.][B/././././././././.]
[ivb111:13822] MCW rank 23 bound to socket 1[core 11[hwt 0]]: [./././././././././.][./B/./././././././.]
[ivb111:13822] MCW rank 12 bound to socket 0[core 0[hwt 0]]: [B/././././././././.][./././././././././.]
[ivb111:13822] MCW rank 13 bound to socket 0[core 1[hwt 0]]: [./B/./././././././.][./././././././././.]
[ivb111:13822] MCW rank 14 bound to socket 0[core 2[hwt 0]]: [././B/././././././.][./././././././././.]
[ivb111:13822] MCW rank 15 bound to socket 0[core 3[hwt 0]]: [./././B/./././././.][./././././././././.]
[ivb111:13822] MCW rank 16 bound to socket 0[core 4[hwt 0]]: [././././B/././././.][./././././././././.]
/*---------------------------------------------------------------------------*\
| =========                 |                                                 |
| \\      /  F ield         | foam-extend: Open Source CFD                    |
|  \\    /   O peration     | Version:     3.1                                |
|   \\  /    A nd           | Web:         http://www.extend-project.de       |
|    \\/     M anipulation  |                                                 |
\*---------------------------------------------------------------------------*/
Build    : 3.1-e2da948002a2
Exec     : interFoam -parallel
Date     : May 17 2016
Time     : 13:10:43
Host     : ivb110
PID      : 40624
CtrlDict : /home-2/vplatonov/foam/foam-extend-3.1/etc/controlDict
Case     : /home/vplatonov/tests/rt12mln
nProcs   : 24
Slaves : 
23
(
ivb110.40623
ivb110.40625
ivb110.40629
ivb110.40636
ivb110.40644
ivb110.40650
ivb110.40659
ivb110.40647
ivb110.40656
ivb110.40653
ivb110.40661
ivb111.13885
ivb111.13886
ivb111.13887
ivb111.13897
ivb111.13903
ivb111.13906
ivb111.13912
ivb111.13921
ivb111.13915
ivb111.13918
ivb111.13923
ivb111.13909
)

Pstream initialized with:
    floatTransfer     : 0
    nProcsSimpleSum   : 0
    commsType         : blocking
SigFpe   : Enabling floating point exception trapping (FOAM_SIGFPE).

// * * * * * * * * * * * * * * * * * * * * * * * * * * * * * * * * * * * * * //
Create time

Create mesh for time = 0


Reading g
Reading field pd

[13] 
[13] 
[13] --> FOAM FATAL IO ERROR: 
[13] cannot open file
[13] 
[13] file: /home/vplatonov/tests/rt12mln/processor13/0/pd at line 0.
[13] 
[13]     From function regIOobject::readStream()
[13]     in file db/regIOobject/regIOobjectRead.C at line 61.
[13] 
FOAM parallel run exiting
[13] 
[12] 
[12] 
[12] --> FOAM FATAL IO ERROR: 
[12] cannot open file
[12] 
[12] file: /home/vplatonov/tests/rt12mln/processor12/0/pd at line 0.
[12] 
[12]     From function regIOobject::readStream()
[12]     in file db/regIOobject/regIOobjectRead.C at line 61.
[12] 
FOAM parallel run exiting
[12] 
[11] 
[11] 
[11] --> FOAM FATAL IO ERROR: 
[11] cannot open file
[11] 
[11] file: /home/vplatonov/tests/rt12mln/processor11/0/pd at line 0.
[11] 
[11]     From function regIOobject::readStream()
[11]     in file db/regIOobject/regIOobjectRead.C at line 61.
[11] 
FOAM parallel run exiting
[11] 
[17] 
[17] 
[17] --> FOAM FATAL IO ERROR: 
[17] cannot open file
[17] 
[17] file: /home/vplatonov/tests/rt12mln/processor17/0/pd at line 0.
[17] 
[17]     From function regIOobject::readStream()
[17]     in file db/regIOobject/regIOobjectRead.C at line 61.
[17] 
FOAM parallel run exiting
[17] 
--------------------------------------------------------------------------
MPI_ABORT was invoked on rank 11 in communicator MPI_COMM_WORLD 
with errorcode 1.

NOTE: invoking MPI_ABORT causes Open MPI to kill all MPI processes.
You may or may not see output from other processes, depending on
exactly when Open MPI kills them.
--------------------------------------------------------------------------
[23] 
[23] 
[23] --> FOAM FATAL IO ERROR: 
[23] cannot open file
[23] 
[23] file: /home/vplatonov/tests/rt12mln/processor23/0/pd at line 0.
[23] 
[23]     From function regIOobject::readStream()
[23]     in file db/regIOobject/regIOobjectRead.C at line 61.
[23] 
FOAM parallel run exiting
[23] 
[20] 
[20] 
[20] --> FOAM FATAL IO ERROR: 
[20] cannot open file
[20] 
[20] file: /home/vplatonov/tests/rt12mln/processor20/0/pd at line 0.
[20] 
[20]     From function regIOobject::readStream()
[20]     in file db/regIOobject/regIOobjectRead.C at line Reading field alpha1

61.
[20] 
FOAM parallel run exiting
[20] 
[22] 
[22] 
[22] --> FOAM FATAL IO ERROR: 
[22] cannot open file
[22] 
[22] file: /home/vplatonov/tests/rt12mln/processor22/0/pd at line 0.
[22] 
[22]     From function regIOobject::readStream()
[22]     in file db/regIOobject/regIOobjectRead.C at line 61.
[22] 
FOAM parallel run exiting
[22] 
[14] 
[14] 
[14] --> FOAM FATAL IO ERROR: 
[14] cannot open file
[14] 
[14] file: /home/vplatonov/tests/rt12mln/processor14/0/pd at line 0.
[14] 
[14]     From function regIOobject::readStream()
[21] 
[21] 
[21] --> FOAM FATAL IO ERROR: 
[21] cannot open file
[21] 
[21] file: /home/vplatonov/tests/rt12mln/processor21/0/pd at line 0.
[21] 
[21]     From function regIOobject::readStream()
[21] [14]     in file db/regIOobject/regIOobjectRead.C at line 61.
[14] 
FOAM parallel run exiting
[14] 
    in file db/regIOobject/regIOobjectRead.C at line 61.
[21] 
FOAM parallel run exiting
[21] 
[15] 
[15] 
[15] --> FOAM FATAL IO ERROR: 
[15] cannot open file[18] 
[18] 
[18] --> FOAM FATAL IO ERROR: 
[18] [19] 
[19] 
[19] --> FOAM FATAL IO ERROR: 
[19] cannot open file
[19] 
[16] 
[16] 
[16] --> FOAM FATAL IO ERROR: 
[16] cannot open file
[16] 
[16] file: /home/vplatonov/tests/rt12mln/processor16/0/pd at line 
[15] 
[15] file: /home/vplatonov/tests/rt12mln/processor15/0/pd at line 0.
[15] 
[15]     From function regIOobject::readStream()
[15]     in file db/regIOobject/regIOobjectRead.C at line 61.
[15] 
FOAM parallel run exiting
[15] 
0.
[16] 
[16]     From function regIOobject::readStream()
[16]     in file db/regIOobject/regIOobjectRead.C at line 61.
[16] 
FOAM parallel run exiting
[16] 
cannot open file
[18] 
[18] file: /home/vplatonov/tests/rt12mln/processor18/0/pd at line 0.
[18] 
[18]     From function regIOobject::readStream()
[18]     in file db/regIOobject/regIOobjectRead.C at line 61.
[18] 
FOAM parallel run exiting
[18] 
[19] file: /home/vplatonov/tests/rt12mln/processor19/0/pd at line 0.
[19] 
[19]     From function regIOobject::readStream()
[19]     in file db/regIOobject/regIOobjectRead.C at line 61.
[19] 
FOAM parallel run exiting
[19] 
Reading field U

Reading/calculating face flux field phi

[ivb110:40554] 12 more processes have sent help message help-mpi-api.txt / mpi-abort
[ivb110:40554] Set MCA parameter "orte_base_help_aggregate" to 0 to see all help / error messages
