 Data for JOB [290,1] offset 0

 ========================   JOB MAP   ========================

 Data for node: ivb110	Num slots: 8	Max slots: 0	Num procs: 8
 	Process OMPI jobid: [290,1] App: 0 Process rank: 0
 	Process OMPI jobid: [290,1] App: 0 Process rank: 1
 	Process OMPI jobid: [290,1] App: 0 Process rank: 2
 	Process OMPI jobid: [290,1] App: 0 Process rank: 3
 	Process OMPI jobid: [290,1] App: 0 Process rank: 4
 	Process OMPI jobid: [290,1] App: 0 Process rank: 5
 	Process OMPI jobid: [290,1] App: 0 Process rank: 6
 	Process OMPI jobid: [290,1] App: 0 Process rank: 7

 Data for node: ivb111	Num slots: 8	Max slots: 0	Num procs: 8
 	Process OMPI jobid: [290,1] App: 0 Process rank: 8
 	Process OMPI jobid: [290,1] App: 0 Process rank: 9
 	Process OMPI jobid: [290,1] App: 0 Process rank: 10
 	Process OMPI jobid: [290,1] App: 0 Process rank: 11
 	Process OMPI jobid: [290,1] App: 0 Process rank: 12
 	Process OMPI jobid: [290,1] App: 0 Process rank: 13
 	Process OMPI jobid: [290,1] App: 0 Process rank: 14
 	Process OMPI jobid: [290,1] App: 0 Process rank: 15

 Data for node: ivb112	Num slots: 8	Max slots: 0	Num procs: 8
 	Process OMPI jobid: [290,1] App: 0 Process rank: 16
 	Process OMPI jobid: [290,1] App: 0 Process rank: 17
 	Process OMPI jobid: [290,1] App: 0 Process rank: 18
 	Process OMPI jobid: [290,1] App: 0 Process rank: 19
 	Process OMPI jobid: [290,1] App: 0 Process rank: 20
 	Process OMPI jobid: [290,1] App: 0 Process rank: 21
 	Process OMPI jobid: [290,1] App: 0 Process rank: 22
 	Process OMPI jobid: [290,1] App: 0 Process rank: 23

 =============================================================
[ivb110:40794] MCW rank 1 bound to socket 0[core 1[hwt 0]]: [./B/./././././././.][./././././././././.]
[ivb110:40794] MCW rank 2 bound to socket 0[core 2[hwt 0]]: [././B/././././././.][./././././././././.]
[ivb110:40794] MCW rank 3 bound to socket 0[core 3[hwt 0]]: [./././B/./././././.][./././././././././.]
[ivb110:40794] MCW rank 4 bound to socket 0[core 4[hwt 0]]: [././././B/././././.][./././././././././.]
[ivb110:40794] MCW rank 5 bound to socket 0[core 5[hwt 0]]: [./././././B/./././.][./././././././././.]
[ivb110:40794] MCW rank 6 bound to socket 0[core 6[hwt 0]]: [././././././B/././.][./././././././././.]
[ivb110:40794] MCW rank 7 bound to socket 0[core 7[hwt 0]]: [./././././././B/./.][./././././././././.]
[ivb110:40794] MCW rank 0 bound to socket 0[core 0[hwt 0]]: [B/././././././././.][./././././././././.]
[ivb112:39771] MCW rank 21 bound to socket 0[core 5[hwt 0]]: [./././././B/./././.][./././././././././.]
[ivb112:39771] MCW rank 22 bound to socket 0[core 6[hwt 0]]: [././././././B/././.][./././././././././.]
[ivb112:39771] MCW rank 23 bound to socket 0[core 7[hwt 0]]: [./././././././B/./.][./././././././././.]
[ivb112:39771] MCW rank 16 bound to socket 0[core 0[hwt 0]]: [B/././././././././.][./././././././././.]
[ivb112:39771] MCW rank 17 bound to socket 0[core 1[hwt 0]]: [./B/./././././././.][./././././././././.]
[ivb112:39771] MCW rank 18 bound to socket 0[core 2[hwt 0]]: [././B/././././././.][./././././././././.]
[ivb112:39771] MCW rank 19 bound to socket 0[core 3[hwt 0]]: [./././B/./././././.][./././././././././.]
[ivb112:39771] MCW rank 20 bound to socket 0[core 4[hwt 0]]: [././././B/././././.][./././././././././.]
[ivb111:14057] MCW rank 10 bound to socket 0[core 2[hwt 0]]: [././B/././././././.][./././././././././.]
[ivb111:14057] MCW rank 11 bound to socket 0[core 3[hwt 0]]: [./././B/./././././.][./././././././././.]
[ivb111:14057] MCW rank 12 bound to socket 0[core 4[hwt 0]]: [././././B/././././.][./././././././././.]
[ivb111:14057] MCW rank 13 bound to socket 0[core 5[hwt 0]]: [./././././B/./././.][./././././././././.]
[ivb111:14057] MCW rank 14 bound to socket 0[core 6[hwt 0]]: [././././././B/././.][./././././././././.]
[ivb111:14057] MCW rank 15 bound to socket 0[core 7[hwt 0]]: [./././././././B/./.][./././././././././.]
[ivb111:14057] MCW rank 8 bound to socket 0[core 0[hwt 0]]: [B/././././././././.][./././././././././.]
[ivb111:14057] MCW rank 9 bound to socket 0[core 1[hwt 0]]: [./B/./././././././.][./././././././././.]
/*---------------------------------------------------------------------------*\
| =========                 |                                                 |
| \\      /  F ield         | foam-extend: Open Source CFD                    |
|  \\    /   O peration     | Version:     3.1                                |
|   \\  /    A nd           | Web:         http://www.extend-project.de       |
|    \\/     M anipulation  |                                                 |
\*---------------------------------------------------------------------------*/
Build    : 3.1-e2da948002a2
Exec     : interFoam -parallel
Date     : May 17 2016
Time     : 13:11:14
Host     : ivb110
PID      : 40855
CtrlDict : /home-2/vplatonov/foam/foam-extend-3.1/etc/controlDict
Case     : /home/vplatonov/tests/rt12mln
nProcs   : 24
Slaves : 
23
(
ivb110.40854
ivb110.40857
ivb110.40860
ivb110.40866
ivb110.40869
ivb110.40871
ivb110.40863
ivb111.14110
ivb111.14109
ivb111.14112
ivb111.14115
ivb111.14121
ivb111.14124
ivb111.14126
ivb111.14118
ivb112.39835
ivb112.39838
ivb112.39825
ivb112.39829
ivb112.39824
ivb112.39826
ivb112.39840
ivb112.39832
)

Pstream initialized with:
    floatTransfer     : 0
    nProcsSimpleSum   : 0
    commsType         : blocking
SigFpe   : Enabling floating point exception trapping (FOAM_SIGFPE).

// * * * * * * * * * * * * * * * * * * * * * * * * * * * * * * * * * * * * * //
Create time

Create mesh for time = 0

mpirun: Forwarding signal 18 to job
slurmstepd: *** JOB 6176 ON ivb110 CANCELLED AT 2016-05-17T13:11:21 ***
--------------------------------------------------------------------------
ORTE has lost communication with its daemon located on node:

  hostname:  ivb112

This is usually due to either a failure of the TCP network
connection to the node, or possibly an internal failure of
the daemon itself. We cannot recover from this failure, and
therefore will terminate the job.

--------------------------------------------------------------------------
mpirun: abort is already in progress...hit ctrl-c again to forcibly terminate

