 Data for JOB [87,1] offset 0

 ========================   JOB MAP   ========================

 Data for node: ivb108	Num slots: 12	Max slots: 0	Num procs: 12
 	Process OMPI jobid: [87,1] App: 0 Process rank: 0
 	Process OMPI jobid: [87,1] App: 0 Process rank: 1
 	Process OMPI jobid: [87,1] App: 0 Process rank: 2
 	Process OMPI jobid: [87,1] App: 0 Process rank: 3
 	Process OMPI jobid: [87,1] App: 0 Process rank: 4
 	Process OMPI jobid: [87,1] App: 0 Process rank: 5
 	Process OMPI jobid: [87,1] App: 0 Process rank: 6
 	Process OMPI jobid: [87,1] App: 0 Process rank: 7
 	Process OMPI jobid: [87,1] App: 0 Process rank: 8
 	Process OMPI jobid: [87,1] App: 0 Process rank: 9
 	Process OMPI jobid: [87,1] App: 0 Process rank: 10
 	Process OMPI jobid: [87,1] App: 0 Process rank: 11

 Data for node: ivb109	Num slots: 12	Max slots: 0	Num procs: 12
 	Process OMPI jobid: [87,1] App: 0 Process rank: 12
 	Process OMPI jobid: [87,1] App: 0 Process rank: 13
 	Process OMPI jobid: [87,1] App: 0 Process rank: 14
 	Process OMPI jobid: [87,1] App: 0 Process rank: 15
 	Process OMPI jobid: [87,1] App: 0 Process rank: 16
 	Process OMPI jobid: [87,1] App: 0 Process rank: 17
 	Process OMPI jobid: [87,1] App: 0 Process rank: 18
 	Process OMPI jobid: [87,1] App: 0 Process rank: 19
 	Process OMPI jobid: [87,1] App: 0 Process rank: 20
 	Process OMPI jobid: [87,1] App: 0 Process rank: 21
 	Process OMPI jobid: [87,1] App: 0 Process rank: 22
 	Process OMPI jobid: [87,1] App: 0 Process rank: 23

 =============================================================
[ivb108:12882] MCW rank 1 bound to socket 0[core 1[hwt 0]]: [./B/./././././././.][./././././././././.]
[ivb108:12882] MCW rank 2 bound to socket 0[core 2[hwt 0]]: [././B/././././././.][./././././././././.]
[ivb108:12882] MCW rank 3 bound to socket 0[core 3[hwt 0]]: [./././B/./././././.][./././././././././.]
[ivb108:12882] MCW rank 4 bound to socket 0[core 4[hwt 0]]: [././././B/././././.][./././././././././.]
[ivb108:12882] MCW rank 5 bound to socket 0[core 5[hwt 0]]: [./././././B/./././.][./././././././././.]
[ivb108:12882] MCW rank 6 bound to socket 0[core 6[hwt 0]]: [././././././B/././.][./././././././././.]
[ivb108:12882] MCW rank 7 bound to socket 0[core 7[hwt 0]]: [./././././././B/./.][./././././././././.]
[ivb108:12882] MCW rank 8 bound to socket 0[core 8[hwt 0]]: [././././././././B/.][./././././././././.]
[ivb108:12882] MCW rank 9 bound to socket 0[core 9[hwt 0]]: [./././././././././B][./././././././././.]
[ivb108:12882] MCW rank 10 bound to socket 1[core 10[hwt 0]]: [./././././././././.][B/././././././././.]
[ivb108:12882] MCW rank 11 bound to socket 1[core 11[hwt 0]]: [./././././././././.][./B/./././././././.]
[ivb108:12882] MCW rank 0 bound to socket 0[core 0[hwt 0]]: [B/././././././././.][./././././././././.]
[ivb109:27525] MCW rank 17 bound to socket 0[core 5[hwt 0]]: [./././././B/./././.][./././././././././.]
[ivb109:27525] MCW rank 18 bound to socket 0[core 6[hwt 0]]: [././././././B/././.][./././././././././.]
[ivb109:27525] MCW rank 19 bound to socket 0[core 7[hwt 0]]: [./././././././B/./.][./././././././././.]
[ivb109:27525] MCW rank 20 bound to socket 0[core 8[hwt 0]]: [././././././././B/.][./././././././././.]
[ivb109:27525] MCW rank 21 bound to socket 0[core 9[hwt 0]]: [./././././././././B][./././././././././.]
[ivb109:27525] MCW rank 22 bound to socket 1[core 10[hwt 0]]: [./././././././././.][B/././././././././.]
[ivb109:27525] MCW rank 23 bound to socket 1[core 11[hwt 0]]: [./././././././././.][./B/./././././././.]
[ivb109:27525] MCW rank 12 bound to socket 0[core 0[hwt 0]]: [B/././././././././.][./././././././././.]
[ivb109:27525] MCW rank 13 bound to socket 0[core 1[hwt 0]]: [./B/./././././././.][./././././././././.]
[ivb109:27525] MCW rank 14 bound to socket 0[core 2[hwt 0]]: [././B/././././././.][./././././././././.]
[ivb109:27525] MCW rank 15 bound to socket 0[core 3[hwt 0]]: [./././B/./././././.][./././././././././.]
[ivb109:27525] MCW rank 16 bound to socket 0[core 4[hwt 0]]: [././././B/././././.][./././././././././.]
/*---------------------------------------------------------------------------*\
| =========                 |                                                 |
| \\      /  F ield         | foam-extend: Open Source CFD                    |
|  \\    /   O peration     | Version:     3.1                                |
|   \\  /    A nd           | Web:         http://www.extend-project.de       |
|    \\/     M anipulation  |                                                 |
\*---------------------------------------------------------------------------*/
Build    : 3.1-e2da948002a2
Exec     : interFoam -parallel
Date     : May 17 2016
Time     : 18:17:17
Host     : ivb108
PID      : 12949
CtrlDict : /home-2/vplatonov/foam/foam-extend-3.1/etc/controlDict
Case     : /home/vplatonov/tests/rt12mln
nProcs   : 24
Slaves : 
23
(
ivb108.12948
ivb108.12953
ivb108.12957
ivb108.12967
ivb108.12987
ivb108.12972
ivb108.12975
ivb108.12978
ivb108.12981
ivb108.12989
ivb108.12984
ivb109.27602
ivb109.27617
ivb109.27604
ivb109.27607
ivb109.27610
ivb109.27613
ivb109.27616
ivb109.27601
ivb109.27618
ivb109.27621
ivb109.27624
ivb109.27626
)

Pstream initialized with:
    floatTransfer     : 0
    nProcsSimpleSum   : 0
    commsType         : blocking
SigFpe   : Enabling floating point exception trapping (FOAM_SIGFPE).

// * * * * * * * * * * * * * * * * * * * * * * * * * * * * * * * * * * * * * //
Create time

Create mesh for time = 0


Reading g
Reading field pd

Reading field alpha1

Reading field U

Reading/calculating face flux field phi

Reading transportProperties

Selecting incompressible transport model Newtonian
Selecting incompressible transport model Newtonian
Calculating field g.h

Selecting turbulence model type laminar
time step continuity errors : sum local = 0, global = 0, cumulative = 0
Created persistent data with name pcorr
GPUBICGS:  Solving for pcorr, Initial residual = 0, Final residual = 0, No Iterations 0
time step continuity errors : sum local = 0, global = 0, cumulative = 0
Courant Number mean: 0 max: 0 velocity magnitude: 0

Starting time loop

Courant Number mean: 0 max: 0 velocity magnitude: 0
Time = 0.001

MULES: Solving for alpha1
Liquid phase volume fraction = 0.00275421  Min(alpha1) = 0  Max(alpha1) = 1
MULES: Solving for alpha1
Liquid phase volume fraction = 0.00275421  Min(alpha1) = 0  Max(alpha1) = 1
Created persistent data with name pd
Computing AINV with droptol 0.02
GPU: 2 iters: 0.110026 s: 4.04382 GB/s
Total exec time 0.110026
 Total comm time 0.0139996Pre time 0.000521984 Post time 0.0134776
GPUBICGS:  Solving for pd, Initial residual = 1, Final residual = 0.0491214, No Iterations 2
Computing AINV with droptol 0.02
GPU: 27 iters: 0.877049 s: 6.8485 GB/s
Total exec time 0.987075
 Total comm time 0.145252Pre time 0.00460358 Post time 0.140649
GPUBICGS:  Solving for pd, Initial residual = 0.033386, Final residual = 0.00155091, No Iterations 27
GPU: 652 iters: 20.6782 s: 7.0144 GB/s
Total exec time 21.6653
 Total comm time 3.84966Pre time 0.120844 Post time 3.72881
GPUBICGS:  Solving for pd, Initial residual = 0.0129311, Final residual = 1.73878e-08, No Iterations 652
time step continuity errors : sum local = 1.9807e-12, global = -2.38011e-24, cumulative = -2.38011e-24
ExecutionTime = 64.16 s  ClockTime = 79 s

Courant Number mean: 4.83759e-06 max: 0.00215177 velocity magnitude: 0.0336214
Time = 0.002

MULES: Solving for alpha1
Liquid phase volume fraction = 0.00275421  Min(alpha1) = 0  Max(alpha1) = 1
MULES: Solving for alpha1
Liquid phase volume fraction = 0.00275421  Min(alpha1) = 0  Max(alpha1) = 1
GPU: 462 iters: 14.6503 s: 7.01536 GB/s
Total exec time 36.3156
 Total comm time 6.40506Pre time 0.198703 Post time 6.20636
GPUBICGS:  Solving for pd, Initial residual = 0.00502822, Final residual = 0.000233234, No Iterations 462
GPU: 506 iters: 16.0517 s: 7.01271 GB/s
Total exec time 52.3673
 Total comm time 9.16204Pre time 0.284054 Post time 8.87798
GPUBICGS:  Solving for pd, Initial residual = 0.00394341, Final residual = 0.000193274, No Iterations 506
GPU: 673 iters: 21.3296 s: 7.01922 GB/s
Total exec time 73.6968
 Total comm time 12.8763Pre time 0.399257 Post time 12.477
GPUBICGS:  Solving for pd, Initial residual = 0.00346457, Final residual = 9.69273e-08, No Iterations 673
time step continuity errors : sum local = 4.11165e-08, global = -4.11123e-08, cumulative = -4.11123e-08
ExecutionTime = 124.28 s  ClockTime = 139 s

Courant Number mean: 1.35227e-05 max: 0.219421 velocity magnitude: 1.71422
Time = 0.003

MULES: Solving for alpha1
Liquid phase volume fraction = 0.00275424  Min(alpha1) = -1.0697e-30  Max(alpha1) = 1
MULES: Solving for alpha1
Liquid phase volume fraction = 0.00275426  Min(alpha1) = -1.78283e-30  Max(alpha1) = 1
GPU: 499 iters: 15.8271 s: 7.01381 GB/s
Total exec time 89.524
 Total comm time 15.6035Pre time 0.48233 Post time 15.1212
GPUBICGS:  Solving for pd, Initial residual = 0.00744435, Final residual = 0.000273146, No Iterations 499
GPU: 518 iters: 16.4629 s: 6.99971 GB/s
Total exec time 105.987
 Total comm time 18.3903Pre time 0.569015 Post time 17.8213
GPUBICGS:  Solving for pd, Initial residual = 0.00509266, Final residual = 0.000122762, No Iterations 518
Computing AINV with droptol 0.02
GPU: 676 iters: 21.4274 s: 7.01832 GB/s
Total exec time 127.414
 Total comm time 22.2175Pre time 0.685213 Post time 21.5323
GPUBICGS:  Solving for pd, Initial residual = 0.00499073, Final residual = 6.5833e-08, No Iterations 676
time step continuity errors : sum local = 2.22642e-08, global = -2.22605e-08, cumulative = -6.33729e-08
ExecutionTime = 186.16 s  ClockTime = 201 s

Courant Number mean: 1.63408e-05 max: 0.131702 velocity magnitude: 1.02892
Time = 0.004

MULES: Solving for alpha1
Liquid phase volume fraction = 0.00275427  Min(alpha1) = -4.39105e-30  Max(alpha1) = 1
MULES: Solving for alpha1
Liquid phase volume fraction = 0.00275428  Min(alpha1) = -7.63183e-30  Max(alpha1) = 1
GPU: 493 iters: 15.6392 s: 7.01273 GB/s
Total exec time 143.053
 Total comm time 24.746Pre time 0.772122 Post time 23.9739
GPUBICGS:  Solving for pd, Initial residual = 0.00840754, Final residual = 0.000221705, No Iterations 493
GPU: 147 iters: 4.67207 s: 6.99944 GB/s
Total exec time 147.725
 Total comm time 25.4928Pre time 0.798756 Post time 24.6941
GPUBICGS:  Solving for pd, Initial residual = 0.0070259, Final residual = 0.000348552, No Iterations 147
GPU: 641 iters: 20.324 s: 7.01622 GB/s
Total exec time 168.05
 Total comm time 29.036Pre time 0.908539 Post time 28.1275
GPUBICGS:  Solving for pd, Initial residual = 0.00675345, Final residual = 6.94652e-08, No Iterations 641
time step continuity errors : sum local = 1.05142e-08, global = -1.05124e-08, cumulative = -7.38853e-08
ExecutionTime = 234.95 s  ClockTime = 250 s

Courant Number mean: 2.03202e-05 max: 0.07487 velocity magnitude: 0.584922
Time = 0.005

MULES: Solving for alpha1
Liquid phase volume fraction = 0.00275429  Min(alpha1) = -1.00213e-29  Max(alpha1) = 1
MULES: Solving for alpha1
Liquid phase volume fraction = 0.00275429  Min(alpha1) = -1.66336e-29  Max(alpha1) = 1
GPU: 565 iters: 17.9188 s: 7.01447 GB/s
Total exec time 185.968
 Total comm time 32.13Pre time 1.00612 Post time 31.1239
GPUBICGS:  Solving for pd, Initial residual = 0.0067486, Final residual = 0.000328607, No Iterations 565
GPU: 542 iters: 17.1883 s: 7.01489 GB/s
Total exec time 203.157
 Total comm time 35.0782Pre time 1.10173 Post time 33.9765
GPUBICGS:  Solving for pd, Initial residual = 0.00584702, Final residual = 0.000136332, No Iterations 542
GPU: 706 iters: 22.3833 s: 7.01677 GB/s
Total exec time 225.54
 Total comm time 38.5907Pre time 1.21566 Post time 37.375
GPUBICGS:  Solving for pd, Initial residual = 0.00549781, Final residual = 9.95099e-08, No Iterations 706
time step continuity errors : sum local = 2.48165e-09, global = -2.47685e-09, cumulative = -7.63621e-08
ExecutionTime = 300.67 s  ClockTime = 316 s

Courant Number mean: 2.4444e-05 max: 0.0283748 velocity magnitude: 0.301608
Time = 0.006

MULES: Solving for alpha1
Liquid phase volume fraction = 0.00275429  Min(alpha1) = -3.35793e-29  Max(alpha1) = 1
MULES: Solving for alpha1
Liquid phase volume fraction = 0.00275429  Min(alpha1) = -3.34336e-29  Max(alpha1) = 1
Computing AINV with droptol 0.02
GPU: 574 iters: 18.2103 s: 7.01216 GB/s
Total exec time 243.75
 Total comm time 41.5927Pre time 1.31088 Post time 40.2818
GPUBICGS:  Solving for pd, Initial residual = 0.00740955, Final residual = 0.000317849, No Iterations 574
GPU: 99 iters: 3.15737 s: 6.97537 GB/s
Total exec time 246.908
 Total comm time 42.108Pre time 1.32708 Post time 40.7809
GPUBICGS:  Solving for pd, Initial residual = 0.00563734, Final residual = 0.000226043, No Iterations 99
GPU: 672 iters: 21.3143 s: 7.01381 GB/s
Total exec time 268.222
 Total comm time 45.6188Pre time 1.44108 Post time 44.1777
GPUBICGS:  Solving for pd, Initial residual = 0.00558465, Final residual = 6.53602e-08, No Iterations 672
time step continuity errors : sum local = 1.12681e-11, global = 8.8298e-12, cumulative = -7.63533e-08
ExecutionTime = 351.48 s  ClockTime = 367 s

Courant Number mean: 2.93796e-05 max: 0.0324599 velocity magnitude: 0.253593
Time = 0.007

MULES: Solving for alpha1
Liquid phase volume fraction = 0.00275429  Min(alpha1) = -7.49917e-29  Max(alpha1) = 1
MULES: Solving for alpha1
Liquid phase volume fraction = 0.00275429  Min(alpha1) = -3.97621e-29  Max(alpha1) = 1
GPU: 493 iters: 15.6411 s: 7.0119 GB/s
Total exec time 283.863
 Total comm time 48.355Pre time 1.52984 Post time 46.8251
GPUBICGS:  Solving for pd, Initial residual = 0.00712917, Final residual = 0.000347749, No Iterations 493
GPU: 82 iters: 2.62048 s: 6.96129 GB/s
Total exec time 286.484
 Total comm time 48.7126Pre time 1.54278 Post time 47.1698
GPUBICGS:  Solving for pd, Initial residual = 0.00463856, Final residual = 0.000231138, No Iterations 82
GPU: 596 iters: 18.9013 s: 7.01474 GB/s
Total exec time 305.385
 Total comm time 51.8943Pre time 1.64108 Post time 50.2532
GPUBICGS:  Solving for pd, Initial residual = 0.0041591, Final residual = 7.14202e-08, No Iterations 596
time step continuity errors : sum local = 1.45487e-10, global = 1.40955e-10, cumulative = -7.62123e-08
ExecutionTime = 396.82 s  ClockTime = 412 s

Courant Number mean: 3.44841e-05 max: 0.0084362 velocity magnitude: 0.130271
Time = 0.008

MULES: Solving for alpha1
Liquid phase volume fraction = 0.00275429  Min(alpha1) = -3.80432e-29  Max(alpha1) = 1
MULES: Solving for alpha1
Liquid phase volume fraction = 0.00275429  Min(alpha1) = -7.75892e-29  Max(alpha1) = 1
GPU: 493 iters: 15.6406 s: 7.01215 GB/s
Total exec time 321.025
 Total comm time 54.6199Pre time 1.72645 Post time 52.8935
GPUBICGS:  Solving for pd, Initial residual = 0.00751757, Final residual = 0.000293649, No Iterations 493
GPU: 459 iters: 14.5725 s: 7.00707 GB/s
Total exec time 335.598
 Total comm time 57.1106Pre time 1.79898 Post time 55.3116
GPUBICGS:  Solving for pd, Initial residual = 0.00448789, Final residual = 0.000179434, No Iterations 459
Computing AINV with droptol 0.02
GPU: 650 iters: 20.6404 s: 7.0057 GB/s
Total exec time 356.238
 Total comm time 60.8582Pre time 1.91201 Post time 58.9462
GPUBICGS:  Solving for pd, Initial residual = 0.0042048, Final residual = 9.8181e-08, No Iterations 650
time step continuity errors : sum local = 1.5959e-10, global = 1.56349e-10, cumulative = -7.6056e-08
ExecutionTime = 455.84 s  ClockTime = 471 s

Courant Number mean: 3.96092e-05 max: 0.00902666 velocity magnitude: 0.14019
Time = 0.009

MULES: Solving for alpha1
Liquid phase volume fraction = 0.00275429  Min(alpha1) = -4.43879e-29  Max(alpha1) = 1
MULES: Solving for alpha1
Liquid phase volume fraction = 0.00275429  Min(alpha1) = -4.01996e-29  Max(alpha1) = 1
GPU: 530 iters: 16.8147 s: 7.01201 GB/s
Total exec time 373.053
 Total comm time 63.9538Pre time 2.00754 Post time 61.9462
GPUBICGS:  Solving for pd, Initial residual = 0.007421, Final residual = 0.000290809, No Iterations 530
GPU: 70 iters: 2.24074 s: 6.94964 GB/s
Total exec time 375.294
 Total comm time 64.269Pre time 2.01853 Post time 62.2504
GPUBICGS:  Solving for pd, Initial residual = 0.00467965, Final residual = 0.000218191, No Iterations 70
GPU: 686 iters: 21.7462 s: 7.01772 GB/s
Total exec time 397.04
 Total comm time 68.13Pre time 2.14124 Post time 65.9887
GPUBICGS:  Solving for pd, Initial residual = 0.00416337, Final residual = 2.09174e-08, No Iterations 686
time step continuity errors : sum local = 3.73561e-12, global = 2.66311e-12, cumulative = -7.60533e-08
ExecutionTime = 504.7 s  ClockTime = 520 s

Courant Number mean: 4.47417e-05 max: 0.00970747 velocity magnitude: 0.149201
Time = 0.01

MULES: Solving for alpha1
Liquid phase volume fraction = 0.00275429  Min(alpha1) = -1.0363e-29  Max(alpha1) = 1
MULES: Solving for alpha1
Liquid phase volume fraction = 0.00275429  Min(alpha1) = -6.4381e-29  Max(alpha1) = 1
GPU: 512 iters: 16.2361 s: 7.01525 GB/s
Total exec time 413.276
 Total comm time 70.9417Pre time 2.2329 Post time 68.7088
GPUBICGS:  Solving for pd, Initial residual = 0.00822475, Final residual = 0.000410873, No Iterations 512
GPU: 508 iters: 16.1149 s: 7.01282 GB/s
Total exec time 429.391
 Total comm time 73.697Pre time 2.31974 Post time 71.3773
GPUBICGS:  Solving for pd, Initial residual = 0.00602011, Final residual = 0.00018589, No Iterations 508
GPU: 605 iters: 19.1974 s: 7.01082 GB/s
Total exec time 448.588
 Total comm time 76.704Pre time 2.41701 Post time 74.287
GPUBICGS:  Solving for pd, Initial residual = 0.00552461, Final residual = 9.09802e-08, No Iterations 605
time step continuity errors : sum local = 4.65751e-11, global = -4.2166e-11, cumulative = -7.60955e-08
ExecutionTime = 564.37 s  ClockTime = 580 s

End

Finalising parallel run
/home-2/vplatonov/bin/nvmps: line 33: 27601 Segmentation fault      "$@"
-------------------------------------------------------
Primary job  terminated normally, but 1 process returned
a non-zero exit code.. Per user-direction, the job has been aborted.
-------------------------------------------------------
/home-2/vplatonov/bin/nvmps: line 33: 27610 Segmentation fault      "$@"
/home-2/vplatonov/bin/nvmps: line 33: 27621 Segmentation fault      "$@"
/home-2/vplatonov/bin/nvmps: line 33: 27617 Segmentation fault      "$@"
/home-2/vplatonov/bin/nvmps: line 33: 27613 Segmentation fault      "$@"
mpirun: Forwarding signal 18 to job
mpirun: Forwarding signal 18 to job
mpirun: Forwarding signal 18 to job
slurmstepd: *** JOB 6222 ON ivb108 CANCELLED AT 2016-05-17T18:38:42 ***
mpirun: Forwarding signal 18 to job
mpirun: Forwarding signal 18 to job
mpirun: Forwarding signal 18 to job
mpirun: Forwarding signal 18 to job
mpirun: Forwarding signal 18 to job
mpirun: Forwarding signal 18 to job
mpirun: Forwarding signal 18 to job
mpirun: Forwarding signal 18 to job
mpirun: Forwarding signal 18 to job
mpirun: Forwarding signal 18 to job
mpirun: Forwarding signal 18 to job
mpirun: Forwarding signal 18 to job
mpirun: Forwarding signal 18 to job
mpirun: Forwarding signal 18 to job
mpirun: Forwarding signal 18 to job
mpirun: Forwarding signal 18 to job
mpirun: Forwarding signal 18 to job
mpirun: Forwarding signal 18 to job
mpirun: Forwarding signal 18 to job
mpirun: Forwarding signal 18 to job
mpirun: Forwarding signal 18 to job
mpirun: Forwarding signal 18 to job
mpirun: Forwarding signal 18 to job
mpirun: Forwarding signal 18 to job
mpirun: Forwarding signal 18 to job
mpirun: Forwarding signal 18 to job
mpirun: Forwarding signal 18 to job
mpirun: Forwarding signal 18 to job
mpirun: Forwarding signal 18 to job
mpirun: Forwarding signal 18 to job
mpirun: Forwarding signal 18 to job
mpirun: Forwarding signal 18 to job
mpirun: Forwarding signal 18 to job
mpirun: Forwarding signal 18 to job
mpirun: Forwarding signal 18 to job
mpirun: Forwarding signal 18 to job
mpirun: Forwarding signal 18 to job
mpirun: Forwarding signal 18 to job
mpirun: Forwarding signal 18 to job
mpirun: Forwarding signal 18 to job
mpirun: Forwarding signal 18 to job
mpirun: Forwarding signal 18 to job
mpirun: Forwarding signal 18 to job
mpirun: Forwarding signal 18 to job
mpirun: Forwarding signal 18 to job
mpirun: Forwarding signal 18 to job
mpirun: Forwarding signal 18 to job
mpirun: Forwarding signal 18 to job
mpirun: Forwarding signal 18 to job
mpirun: Forwarding signal 18 to job
mpirun: Forwarding signal 18 to job
mpirun: Forwarding signal 18 to job
mpirun: Forwarding signal 18 to job
mpirun: Forwarding signal 18 to job
mpirun: Forwarding signal 18 to job
mpirun: Forwarding signal 18 to job
mpirun: Forwarding signal 18 to job
mpirun: Forwarding signal 18 to job
mpirun: Forwarding signal 18 to job
mpirun: Forwarding signal 18 to job
mpirun: Forwarding signal 18 to job
mpirun: Forwarding signal 18 to job
mpirun: Forwarding signal 18 to job
mpirun: Forwarding signal 18 to job
mpirun: Forwarding signal 18 to job
mpirun: Forwarding signal 18 to job
mpirun: Forwarding signal 18 to job
mpirun: Forwarding signal 18 to job
mpirun: Forwarding signal 18 to job
mpirun: Forwarding signal 18 to job
mpirun: Forwarding signal 18 to job
mpirun: Forwarding signal 18 to job
mpirun: Forwarding signal 18 to job
mpirun: Forwarding signal 18 to job
mpirun: Forwarding signal 18 to job
mpirun: Forwarding signal 18 to job
mpirun: Forwarding signal 18 to job
mpirun: Forwarding signal 18 to job
mpirun: Forwarding signal 18 to job
mpirun: Forwarding signal 18 to job
mpirun: Forwarding signal 18 to job
mpirun: Forwarding signal 18 to job
mpirun: Forwarding signal 18 to job
mpirun: Forwarding signal 18 to job
mpirun: Forwarding signal 18 to job
mpirun: Forwarding signal 18 to job
mpirun: Forwarding signal 18 to job
mpirun: Forwarding signal 18 to job
mpirun: Forwarding signal 18 to job
mpirun: Forwarding signal 18 to job
mpirun: Forwarding signal 18 to job
mpirun: Forwarding signal 18 to job
mpirun: Forwarding signal 18 to job
mpirun: Forwarding signal 18 to job
mpirun: Forwarding signal 18 to job
mpirun: Forwarding signal 18 to job
mpirun: Forwarding signal 18 to job
mpirun: Forwarding signal 18 to job
mpirun: Forwarding signal 18 to job
mpirun: Forwarding signal 18 to job
mpirun: Forwarding signal 18 to job
mpirun: Forwarding signal 18 to job
mpirun: Forwarding signal 18 to job
mpirun: Forwarding signal 18 to job
mpirun: Forwarding signal 18 to job
mpirun: Forwarding signal 18 to job
mpirun: Forwarding signal 18 to job
mpirun: Forwarding signal 18 to job
mpirun: Forwarding signal 18 to job
mpirun: Forwarding signal 18 to job
mpirun: Forwarding signal 18 to job
mpirun: Forwarding signal 18 to job
mpirun: Forwarding signal 18 to job
mpirun: Forwarding signal 18 to job
mpirun: Forwarding signal 18 to job
mpirun: Forwarding signal 18 to job
mpirun: Forwarding signal 18 to job
mpirun: Forwarding signal 18 to job
mpirun: Forwarding signal 18 to job
mpirun: Forwarding signal 18 to job
mpirun: Forwarding signal 18 to job
mpirun: Forwarding signal 18 to job
mpirun: Forwarding signal 18 to job
mpirun: Forwarding signal 18 to job
mpirun: Forwarding signal 18 to job
mpirun: Forwarding signal 18 to job
mpirun: Forwarding signal 18 to job
mpirun: Forwarding signal 18 to job
mpirun: Forwarding signal 18 to job
mpirun: Forwarding signal 18 to job
mpirun: Forwarding signal 18 to job
mpirun: Forwarding signal 18 to job
mpirun: Forwarding signal 18 to job
mpirun: Forwarding signal 18 to job
mpirun: Forwarding signal 18 to job
mpirun: Forwarding signal 18 to job
mpirun: Forwarding signal 18 to job
mpirun: Forwarding signal 18 to job
mpirun: Forwarding signal 18 to job
mpirun: Forwarding signal 18 to job
mpirun: Forwarding signal 18 to job
mpirun: Forwarding signal 18 to job
mpirun: Forwarding signal 18 to job
mpirun: Forwarding signal 18 to job
mpirun: Forwarding signal 18 to job
mpirun: Forwarding signal 18 to job
mpirun: Forwarding signal 18 to job
mpirun: Forwarding signal 18 to job
mpirun: Forwarding signal 18 to job
mpirun: Forwarding signal 18 to job
mpirun: Forwarding signal 18 to job
mpirun: Forwarding signal 18 to job
mpirun: Forwarding signal 18 to job
mpirun: Forwarding signal 18 to job
mpirun: abort is already in progress...hit ctrl-c again to forcibly terminate

mpirun: Forwarding signal 18 to job
mpirun: Forwarding signal 18 to job
mpirun: Forwarding signal 18 to job
mpirun: Forwarding signal 18 to job
mpirun: Forwarding signal 18 to job
mpirun: Forwarding signal 18 to job
mpirun: Forwarding signal 18 to job
mpirun: Forwarding signal 18 to job
mpirun: Forwarding signal 18 to job
mpirun: Forwarding signal 18 to job
mpirun: Forwarding signal 18 to job
mpirun: Forwarding signal 18 to job
mpirun: Forwarding signal 18 to job
mpirun: Forwarding signal 18 to job
mpirun: Forwarding signal 18 to job
mpirun: Forwarding signal 18 to job
mpirun: Forwarding signal 18 to job
mpirun: Forwarding signal 18 to job
mpirun: Forwarding signal 18 to job
mpirun: Forwarding signal 18 to job
mpirun: Forwarding signal 18 to job
mpirun: Forwarding signal 18 to job
mpirun: Forwarding signal 18 to job
mpirun: Forwarding signal 18 to job
mpirun: Forwarding signal 18 to job
mpirun: Forwarding signal 18 to job
mpirun: Forwarding signal 18 to job
mpirun: Forwarding signal 18 to job
mpirun: Forwarding signal 18 to job
mpirun: Forwarding signal 18 to job
mpirun: Forwarding signal 18 to job
mpirun: Forwarding signal 18 to job
mpirun: Forwarding signal 18 to job
mpirun: Forwarding signal 18 to job
mpirun: Forwarding signal 18 to job
mpirun: Forwarding signal 18 to job
mpirun: Forwarding signal 18 to job
mpirun: Forwarding signal 18 to job
mpirun: Forwarding signal 18 to job
mpirun: Forwarding signal 18 to job
mpirun: Forwarding signal 18 to job
mpirun: Forwarding signal 18 to job
mpirun: Forwarding signal 18 to job
mpirun: Forwarding signal 18 to job
mpirun: Forwarding signal 18 to job
mpirun: Forwarding signal 18 to job
mpirun: Forwarding signal 18 to job
mpirun: Forwarding signal 18 to job
mpirun: Forwarding signal 18 to job
mpirun: Forwarding signal 18 to job
mpirun: Forwarding signal 18 to job
mpirun: Forwarding signal 18 to job
mpirun: Forwarding signal 18 to job
mpirun: Forwarding signal 18 to job
mpirun: Forwarding signal 18 to job
mpirun: Forwarding signal 18 to job
mpirun: Forwarding signal 18 to job
mpirun: Forwarding signal 18 to job
mpirun: Forwarding signal 18 to job
mpirun: Forwarding signal 18 to job
mpirun: Forwarding signal 18 to job
mpirun: Forwarding signal 18 to job
mpirun: Forwarding signal 18 to job
mpirun: Forwarding signal 18 to job
mpirun: Forwarding signal 18 to job
mpirun: Forwarding signal 18 to job
mpirun: Forwarding signal 18 to job
mpirun: Forwarding signal 18 to job
mpirun: Forwarding signal 18 to job
mpirun: Forwarding signal 18 to job
mpirun: Forwarding signal 18 to job
mpirun: Forwarding signal 18 to job
mpirun: Forwarding signal 18 to job
mpirun: Forwarding signal 18 to job
mpirun: Forwarding signal 18 to job
mpirun: Forwarding signal 18 to job
mpirun: Forwarding signal 18 to job
mpirun: Forwarding signal 18 to job
mpirun: Forwarding signal 18 to job
mpirun: Forwarding signal 18 to job
mpirun: Forwarding signal 18 to job
mpirun: Forwarding signal 18 to job
mpirun: Forwarding signal 18 to job
mpirun: Forwarding signal 18 to job
mpirun: Forwarding signal 18 to job
mpirun: Forwarding signal 18 to job
mpirun: Forwarding signal 18 to job
mpirun: Forwarding signal 18 to job
mpirun: Forwarding signal 18 to job
mpirun: Forwarding signal 18 to job
mpirun: Forwarding signal 18 to job
mpirun: Forwarding signal 18 to job
mpirun: Forwarding signal 18 to job
mpirun: Forwarding signal 18 to job
mpirun: Forwarding signal 18 to job
mpirun: Forwarding signal 18 to job
mpirun: Forwarding signal 18 to job
mpirun: Forwarding signal 18 to job
mpirun: Forwarding signal 18 to job
mpirun: Forwarding signal 18 to job
mpirun: Forwarding signal 18 to job
mpirun: Forwarding signal 18 to job
mpirun: Forwarding signal 18 to job
mpirun: Forwarding signal 18 to job
mpirun: Forwarding signal 18 to job
mpirun: Forwarding signal 18 to job
mpirun: Forwarding signal 18 to job
mpirun: Forwarding signal 18 to job
mpirun: Forwarding signal 18 to job
mpirun: Forwarding signal 18 to job
mpirun: Forwarding signal 18 to job
mpirun: Forwarding signal 18 to job
mpirun: Forwarding signal 18 to job
mpirun: Forwarding signal 18 to job
mpirun: Forwarding signal 18 to job
mpirun: Forwarding signal 18 to job
mpirun: Forwarding signal 18 to job
mpirun: Forwarding signal 18 to job
mpirun: Forwarding signal 18 to job
mpirun: Forwarding signal 18 to job
mpirun: Forwarding signal 18 to job
mpirun: Forwarding signal 18 to job
mpirun: Forwarding signal 18 to job
mpirun: Forwarding signal 18 to job
mpirun: Forwarding signal 18 to job
mpirun: Forwarding signal 18 to job
mpirun: Forwarding signal 18 to job
mpirun: Forwarding signal 18 to job
mpirun: Forwarding signal 18 to job
mpirun: Forwarding signal 18 to job
mpirun: Forwarding signal 18 to job
mpirun: Forwarding signal 18 to job
mpirun: Forwarding signal 18 to job
mpirun: Forwarding signal 18 to job
mpirun: Forwarding signal 18 to job
mpirun: Forwarding signal 18 to job
mpirun: Forwarding signal 18 to job
mpirun: Forwarding signal 18 to job
mpirun: Forwarding signal 18 to job
mpirun: Forwarding signal 18 to job
mpirun: Forwarding signal 18 to job
mpirun: Forwarding signal 18 to job
mpirun: Forwarding signal 18 to job
mpirun: Forwarding signal 18 to job
mpirun: Forwarding signal 18 to job
mpirun: Forwarding signal 18 to job
mpirun: Forwarding signal 18 to job
mpirun: Forwarding signal 18 to job
mpirun: Forwarding signal 18 to job
mpirun: Forwarding signal 18 to job
mpirun: Forwarding signal 18 to job
mpirun: Forwarding signal 18 to job
mpirun: Forwarding signal 18 to job
mpirun: Forwarding signal 18 to job
mpirun: Forwarding signal 18 to job
mpirun: Forwarding signal 18 to job
mpirun: Forwarding signal 18 to job
mpirun: Forwarding signal 18 to job
mpirun: Forwarding signal 18 to job
mpirun: Forwarding signal 18 to job
mpirun: Forwarding signal 18 to job
mpirun: Forwarding signal 18 to job
mpirun: Forwarding signal 18 to job
mpirun: Forwarding signal 18 to job
mpirun: Forwarding signal 18 to job
mpirun: Forwarding signal 18 to job
mpirun: Forwarding signal 18 to job
mpirun: Forwarding signal 18 to job
mpirun: Forwarding signal 18 to job
mpirun: Forwarding signal 18 to job
mpirun: Forwarding signal 18 to job
mpirun: Forwarding signal 18 to job
mpirun: Forwarding signal 18 to job
mpirun: Forwarding signal 18 to job
mpirun: Forwarding signal 18 to job
mpirun: Forwarding signal 18 to job
mpirun: Forwarding signal 18 to job
mpirun: Forwarding signal 18 to job
mpirun: Forwarding signal 18 to job
mpirun: Forwarding signal 18 to job
mpirun: Forwarding signal 18 to job
mpirun: Forwarding signal 18 to job
mpirun: Forwarding signal 18 to job
mpirun: Forwarding signal 18 to job
mpirun: Forwarding signal 18 to job
mpirun: Forwarding signal 18 to job
mpirun: Forwarding signal 18 to job
mpirun: Forwarding signal 18 to job
mpirun: Forwarding signal 18 to job
mpirun: Forwarding signal 18 to job
mpirun: Forwarding signal 18 to job
mpirun: Forwarding signal 18 to job
mpirun: Forwarding signal 18 to job
mpirun: Forwarding signal 18 to job
mpirun: Forwarding signal 18 to job
mpirun: Forwarding signal 18 to job
mpirun: Forwarding signal 18 to job
mpirun: Forwarding signal 18 to job
mpirun: Forwarding signal 18 to job
mpirun: Forwarding signal 18 to job
mpirun: Forwarding signal 18 to job
mpirun: Forwarding signal 18 to job
mpirun: Forwarding signal 18 to job
mpirun: Forwarding signal 18 to job
mpirun: Forwarding signal 18 to job
mpirun: Forwarding signal 18 to job
mpirun: Forwarding signal 18 to job
mpirun: Forwarding signal 18 to job
mpirun: Forwarding signal 18 to job
mpirun: Forwarding signal 18 to job
mpirun: Forwarding signal 18 to job
mpirun: Forwarding signal 18 to job
mpirun: Forwarding signal 18 to job
mpirun: Forwarding signal 18 to job
mpirun: Forwarding signal 18 to job
mpirun: Forwarding signal 18 to job
mpirun: Forwarding signal 18 to job
mpirun: Forwarding signal 18 to job
mpirun: Forwarding signal 18 to job
mpirun: Forwarding signal 18 to job
mpirun: Forwarding signal 18 to job
mpirun: Forwarding signal 18 to job
mpirun: Forwarding signal 18 to job
mpirun: Forwarding signal 18 to job
mpirun: Forwarding signal 18 to job
mpirun: Forwarding signal 18 to job
mpirun: Forwarding signal 18 to job
mpirun: Forwarding signal 18 to job
mpirun: Forwarding signal 18 to job
mpirun: Forwarding signal 18 to job
mpirun: Forwarding signal 18 to job
mpirun: Forwarding signal 18 to job
mpirun: Forwarding signal 18 to job
mpirun: Forwarding signal 18 to job
mpirun: Forwarding signal 18 to job
mpirun: Forwarding signal 18 to job
mpirun: Forwarding signal 18 to job
mpirun: Forwarding signal 18 to job
mpirun: Forwarding signal 18 to job
mpirun: Forwarding signal 18 to job
mpirun: Forwarding signal 18 to job
mpirun: Forwarding signal 18 to job
mpirun: Forwarding signal 18 to job
mpirun: Forwarding signal 18 to job
mpirun: Forwarding signal 18 to job
mpirun: Forwarding signal 18 to job
mpirun: Forwarding signal 18 to job
mpirun: Forwarding signal 18 to job
mpirun: Forwarding signal 18 to job
mpirun: Forwarding signal 18 to job
mpirun: Forwarding signal 18 to job
mpirun: Forwarding signal 18 to job
mpirun: Forwarding signal 18 to job
mpirun: Forwarding signal 18 to job
mpirun: Forwarding signal 18 to job
mpirun: Forwarding signal 18 to job
mpirun: Forwarding signal 18 to job
mpirun: Forwarding signal 18 to job
mpirun: Forwarding signal 18 to job
mpirun: Forwarding signal 18 to job
mpirun: Forwarding signal 18 to job
mpirun: Forwarding signal 18 to job
mpirun: Forwarding signal 18 to job
mpirun: Forwarding signal 18 to job
mpirun: Forwarding signal 18 to job
mpirun: Forwarding signal 18 to job
mpirun: Forwarding signal 18 to job
mpirun: Forwarding signal 18 to job
mpirun: Forwarding signal 18 to job
mpirun: Forwarding signal 18 to job
mpirun: Forwarding signal 18 to job
mpirun: Forwarding signal 18 to job
mpirun: Forwarding signal 18 to job
mpirun: Forwarding signal 18 to job
mpirun: Forwarding signal 18 to job
mpirun: Forwarding signal 18 to job
mpirun: Forwarding signal 18 to job
mpirun: Forwarding signal 18 to job
