 Data for JOB [49800,1] offset 0

 ========================   JOB MAP   ========================

 Data for node: ivb106	Num slots: 12	Max slots: 0	Num procs: 12
 	Process OMPI jobid: [49800,1] App: 0 Process rank: 0
 	Process OMPI jobid: [49800,1] App: 0 Process rank: 1
 	Process OMPI jobid: [49800,1] App: 0 Process rank: 2
 	Process OMPI jobid: [49800,1] App: 0 Process rank: 3
 	Process OMPI jobid: [49800,1] App: 0 Process rank: 4
 	Process OMPI jobid: [49800,1] App: 0 Process rank: 5
 	Process OMPI jobid: [49800,1] App: 0 Process rank: 6
 	Process OMPI jobid: [49800,1] App: 0 Process rank: 7
 	Process OMPI jobid: [49800,1] App: 0 Process rank: 8
 	Process OMPI jobid: [49800,1] App: 0 Process rank: 9
 	Process OMPI jobid: [49800,1] App: 0 Process rank: 10
 	Process OMPI jobid: [49800,1] App: 0 Process rank: 11

 Data for node: ivb108	Num slots: 12	Max slots: 0	Num procs: 12
 	Process OMPI jobid: [49800,1] App: 0 Process rank: 12
 	Process OMPI jobid: [49800,1] App: 0 Process rank: 13
 	Process OMPI jobid: [49800,1] App: 0 Process rank: 14
 	Process OMPI jobid: [49800,1] App: 0 Process rank: 15
 	Process OMPI jobid: [49800,1] App: 0 Process rank: 16
 	Process OMPI jobid: [49800,1] App: 0 Process rank: 17
 	Process OMPI jobid: [49800,1] App: 0 Process rank: 18
 	Process OMPI jobid: [49800,1] App: 0 Process rank: 19
 	Process OMPI jobid: [49800,1] App: 0 Process rank: 20
 	Process OMPI jobid: [49800,1] App: 0 Process rank: 21
 	Process OMPI jobid: [49800,1] App: 0 Process rank: 22
 	Process OMPI jobid: [49800,1] App: 0 Process rank: 23

 =============================================================
[ivb106:18714] MCW rank 1 bound to socket 0[core 1[hwt 0]]: [./B/./././././././.][./././././././././.]
[ivb106:18714] MCW rank 2 bound to socket 0[core 2[hwt 0]]: [././B/././././././.][./././././././././.]
[ivb106:18714] MCW rank 3 bound to socket 0[core 3[hwt 0]]: [./././B/./././././.][./././././././././.]
[ivb106:18714] MCW rank 4 bound to socket 0[core 4[hwt 0]]: [././././B/././././.][./././././././././.]
[ivb106:18714] MCW rank 5 bound to socket 0[core 5[hwt 0]]: [./././././B/./././.][./././././././././.]
[ivb106:18714] MCW rank 6 bound to socket 0[core 6[hwt 0]]: [././././././B/././.][./././././././././.]
[ivb106:18714] MCW rank 7 bound to socket 0[core 7[hwt 0]]: [./././././././B/./.][./././././././././.]
[ivb106:18714] MCW rank 8 bound to socket 0[core 8[hwt 0]]: [././././././././B/.][./././././././././.]
[ivb106:18714] MCW rank 9 bound to socket 0[core 9[hwt 0]]: [./././././././././B][./././././././././.]
[ivb106:18714] MCW rank 10 bound to socket 1[core 10[hwt 0]]: [./././././././././.][B/././././././././.]
[ivb106:18714] MCW rank 11 bound to socket 1[core 11[hwt 0]]: [./././././././././.][./B/./././././././.]
[ivb106:18714] MCW rank 0 bound to socket 0[core 0[hwt 0]]: [B/././././././././.][./././././././././.]
[ivb108:00812] MCW rank 17 bound to socket 0[core 5[hwt 0]]: [./././././B/./././.][./././././././././.]
[ivb108:00812] MCW rank 18 bound to socket 0[core 6[hwt 0]]: [././././././B/././.][./././././././././.]
[ivb108:00812] MCW rank 19 bound to socket 0[core 7[hwt 0]]: [./././././././B/./.][./././././././././.]
[ivb108:00812] MCW rank 20 bound to socket 0[core 8[hwt 0]]: [././././././././B/.][./././././././././.]
[ivb108:00812] MCW rank 21 bound to socket 0[core 9[hwt 0]]: [./././././././././B][./././././././././.]
[ivb108:00812] MCW rank 22 bound to socket 1[core 10[hwt 0]]: [./././././././././.][B/././././././././.]
[ivb108:00812] MCW rank 23 bound to socket 1[core 11[hwt 0]]: [./././././././././.][./B/./././././././.]
[ivb108:00812] MCW rank 12 bound to socket 0[core 0[hwt 0]]: [B/././././././././.][./././././././././.]
[ivb108:00812] MCW rank 13 bound to socket 0[core 1[hwt 0]]: [./B/./././././././.][./././././././././.]
[ivb108:00812] MCW rank 14 bound to socket 0[core 2[hwt 0]]: [././B/././././././.][./././././././././.]
[ivb108:00812] MCW rank 15 bound to socket 0[core 3[hwt 0]]: [./././B/./././././.][./././././././././.]
[ivb108:00812] MCW rank 16 bound to socket 0[core 4[hwt 0]]: [././././B/././././.][./././././././././.]
/*---------------------------------------------------------------------------*\
| =========                 |                                                 |
| \\      /  F ield         | foam-extend: Open Source CFD                    |
|  \\    /   O peration     | Version:     3.1                                |
|   \\  /    A nd           | Web:         http://www.extend-project.de       |
|    \\/     M anipulation  |                                                 |
\*---------------------------------------------------------------------------*/
Build    : 3.1-e2da948002a2
Exec     : interFoam -parallel
Date     : May 22 2016
Time     : 00:09:01
Host     : ivb106
PID      : 18781
CtrlDict : /home-2/vplatonov/foam/foam-extend-3.1/etc/controlDict
Case     : /home/vplatonov/tests/rt12mln
nProcs   : 24
Slaves : 
23
(
ivb106.18782
ivb106.18786
ivb106.18790
ivb106.18795
ivb106.18805
ivb106.18808
ivb106.18811
ivb106.18817
ivb106.18814
ivb106.18820
ivb106.18822
ivb108.878
ivb108.870
ivb108.874
ivb108.882
ivb108.894
ivb108.909
ivb108.897
ivb108.903
ivb108.900
ivb108.914
ivb108.911
ivb108.906
)

Pstream initialized with:
    floatTransfer     : 0
    nProcsSimpleSum   : 0
    commsType         : blocking
SigFpe   : Enabling floating point exception trapping (FOAM_SIGFPE).

// * * * * * * * * * * * * * * * * * * * * * * * * * * * * * * * * * * * * * //
Create time

Create mesh for time = 0


Reading g
Reading field pd

Reading field alpha1

Reading field U

Reading/calculating face flux field phi

Reading transportProperties

Selecting incompressible transport model Newtonian
Selecting incompressible transport model Newtonian
Calculating field g.h

Selecting turbulence model type laminar
time step continuity errors : sum local = 0, global = 0, cumulative = 0
[1] Building level 0
[10] Building level 0
[23] Building level 0
[22] Building level 0
[11] Building level 0
[3] Building level 0
[8] Building level 0
[6] Building level 0
[14] Building level 0
[12] Building level 0
[16] Building level 0
[19] Building level 0
[20] Building level 0
[4] Building level 0
[9] Building level 0
[2] Building level 0
[5] Building level 0
[7] Building level 0
[21] Building level 0
[17] Building level 0
[18] Building level 0
[15] Building level 0
Created persistent data with name pcorr
[0] Building level 0
[13] Building level 0
[12] Building level 1
[11] Building level 1
[23] Building level 1
[22] Building level 1
[14] Building level 1
[10] Building level 1
[17] Building level 1
[20] Building level 1
[16] Building level 1
[19] Building level 1
[8] Building level 1
[1] Building level 1
[21] Building level 1
[15] Building level 1
[9] Building level 1
[18] Building level 1
[3] Building level 1
[7] Building level 1
[2] Building level 1
[4] Building level 1
[6] Building level 1
[5] Building level 1
[12] Building level 2
[14] Building level 2
[11] Building level 2
[23] Building level 2
[16] Building level 2
[22] Building level 2
[15] Building level 2
[19] Building level 2
[18] Building level 2
[10] Building level 2
[21] Building level 2
[8] Building level 2
[17] Building level 2
[20] Building level 2
[9] Building level 2
[1] Building level 2
[7] Building level 2
[2] Building level 2
[5] Building level 2
[3] Building level 2
[6] Building level 2
[4] Building level 2
[12] Building level 3
[23] Building level 3
[16] Building level 3
[14] Building level 3
[22] Building level 3
[11] Building level 3
[20] Building level 3
[17] Building level 3
[10] Building level 3
[19] Building level 3
[8] Building level 3
[15] Building level 3
[18] Building level 3
[21] Building level 3
[9] Building level 3
[7] Building level 3
[1] Building level 3
[6] Building level 3
[4] Building level 3
[2] Building level 3
[5] Building level 3
[3] Building level 3
[12] Building level 4
[23] Building level 4
[20] Building level 4
[11] Building level 4
[17] Building level 4
[16] Building level 4
[14] Building level 4
[15] Building level 4
[22] Building level 4
[8] Building level 4
[19] Building level 4
[18] Building level 4
[10] Building level 4
[1] Building level 4
[21] Building level 4
[9] Building level 4
[4] Building level 4
[6] Building level 4
[2] Building level 4
[5] Building level 4
[7] Building level 4
[3] Building level 4
[11] Building level 5
[12] Building level 5
[17] Building level 5
[23] Building level 5
[20] Building level 5
[16] Building level 5
[14] Building level 5
[15] Building level 5
[19] Building level 5
[22] Building level 5
[18] Building level 5
[3] Building level 5
[8] Building level 5
[21] Building level 5
[6] Building level 5
[1] Building level 5
[12] Building level 6
[10] Building level 5
[9] Building level 5
[16] Building level 6
[20] Building level 6
[5] Building level 5
[2] Building level 5
[4] Building level 5
[17] Building level 6
[15] Building level 6
[7] Building level 5
[23] Building level 6
[18] Building level 6
[12] Building level 7
[11] Building level 6
[14] Building level 6
[8] Building level 6
[10] Building level 6
[1] Building level 6
[9] Building level 6
[16] Building level 7
[12] Building level 8
[20] Building level 7
[22] Building level 6
[19] Building level 6
[17] Building level 7
[15] Building level 7
[5] Building level 6
[12] Building level 9
[3] Building level 6
[7] Building level 6
[2] Building level 6
[6] Building level 6
[14] Building level 7
[16] Building level 8
[23] Building level 7
[21] Building level 6
[20] Building level 8
[18] Building level 7
[11] Building level 7
[12] Building level 10
[17] Building level 8
[10] Building level 7
[16] Building level 9
[15] Building level 8
[20] Building level 9
[12] Building level 11
[4] Building level 6
[8] Building level 7
[17] Building level 9
[15] Building level 9
[12] Building level 12
[14] Building level 8
[17] Building level 10
[23] Building level 8
[9] Building level 7
[22] Building level 7
[16] Building level 10
[19] Building level 7
[17] Building level 11
[14] Building level 9
[18] Building level 8
[20] Building level 10
[11] Building level 8
[10] Building level 8
[23] Building level 9
[1] Building level 7
[5] Building level 7
[17] Building level 12
[16] Building level 11
[15] Building level 10
[20] Building level 11
[3] Building level 7
[18] Building level 9
[11] Building level 9
[7] Building level 7
[14] Building level 10
[10] Building level 9
[8] Building level 8
[16] Building level 12
[21] Building level 7
[6] Building level 7
[2] Building level 7
[20] Building level 12
[15] Building level 11
[11] Building level 10
[23] Building level 10
[22] Building level 8
[19] Building level 8
[15] Building level 12
[8] Building level 9
[9] Building level 8
[23] Building level 11
[18] Building level 10
[11] Building level 11
[14] Building level 11
[22] Building level 9
[19] Building level 9
[23] Building level 12
[18] Building level 11
[14] Building level 12
[1] Building level 8
[21] Building level 8
[9] Building level 9
[11] Building level 12
[22] Building level 10
[3] Building level 8
[18] Building level 12
[10] Building level 10
[19] Building level 10
[5] Building level 8
[4] Building level 7
[22] Building level 11
[21] Building level 9
[7] Building level 8
[19] Building level 11
[6] Building level 8
[1] Building level 9
[22] Building level 12
[2] Building level 8
[19] Building level 12
[8] Building level 10
[21] Building level 10
[10] Building level 11
[3] Building level 9
[5] Building level 9
[21] Building level 11
[7] Building level 9
[10] Building level 12
[21] Building level 12
[6] Building level 9
[8] Building level 11
[2] Building level 9
[9] Building level 10
[8] Building level 12
[6] Building level 10
[4] Building level 8
[9] Building level 11
[3] Building level 10
[1] Building level 10
[5] Building level 10
[7] Building level 10
[9] Building level 12
[2] Building level 10
[4] Building level 9
[3] Building level 11
[1] Building level 11
[5] Building level 11
[7] Building level 11
[6] Building level 11
[2] Building level 11
[3] Building level 12
[1] Building level 12
[5] Building level 12
[7] Building level 12
[2] Building level 12
[4] Building level 10
[6] Building level 12
[4] Building level 11
[4] Building level 12
Creating AMGLevel 
[0] Building level 1
[13] Building level 1
Creating AMGLevel 
[0] Building level 2
[13] Building level 2
Creating AMGLevel 
[0] Building level 3
[13] Building level 3
Creating AMGLevel 
[0] Building level 4
[13] Building level 4
Creating AMGLevel 
[0] Building level 5
[13] Building level 5
Creating AMGLevel 
[0] Building level 6
[13] Building level 6
Creating AMGLevel 
[0] Building level 7
[13] Building level 7
Creating AMGLevel 
[0] Building level 8
[13] Building level 8
Creating AMGLevel 
[0] Building level 9
Creating AMGLevel 
[0] Building level 10
[13] Building level 9
Creating AMGLevel 
[0] Building level 11
Creating AMGLevel 
[0] Building level 12
[13] Building level 10
Creating AMGLevel 
12 Level construction complete
[13] Building level 11
[13] Building level 12
PCGAMG:  Solving for pcorr, Initial residual = 0, Final residual = 0, No Iterations 0
time step continuity errors : sum local = 0, global = 0, cumulative = 0
Courant Number mean: 0 max: 0 velocity magnitude: 0

Starting time loop

Courant Number mean: 0 max: 0 velocity magnitude: 0
Time = 0.001

MULES: Solving for alpha1
Liquid phase volume fraction = 0.00275421  Min(alpha1) = 0  Max(alpha1) = 1
MULES: Solving for alpha1
Liquid phase volume fraction = 0.00275421  Min(alpha1) = 0  Max(alpha1) = 1
[23] Building level 0
[12] Building level 0
[11] Building level 0
[22] Building level 0
[10] Building level 0
[2] Building level 0
[3] Building level 0
[7] Building level 0
[5] Building level 0
[4] Building level 0
[6] Building level 0
[21] Building level 0
[14] Building level 0
[16] Building level 0
[8] Building level 0
[1] Building level 0
[9] Building level 0
[17] Building level 0
[20] Building level 0
[18] Building level 0
[19] Building level 0
[15] Building level 0
[13] Building level 0
Created persistent data with name pd
[0] Building level 0
[23] Building level 1
[11] Building level 1
[22] Building level 1
[10] Building level 1
[3] Building level 1
[12] Building level 1
[6] Building level 1
[4] Building level 1
[2] Building level 1
[9] Building level 1
[8] Building level 1
[16] Building level 1
[14] Building level 1
[21] Building level 1
[5] Building level 1
[7] Building level 1
[1] Building level 1
[19] Building level 1
[17] Building level 1
[15] Building level 1
[18] Building level 1
[20] Building level 1
[23] Building level 2
[11] Building level 2
[22] Building level 2
[12] Building level 2
[16] Building level 2
[4] Building level 2
[3] Building level 2
[14] Building level 2
[6] Building level 2
[10] Building level 2
[2] Building level 2
[9] Building level 2
[5] Building level 2
[21] Building level 2
[19] Building level 2
[8] Building level 2
[1] Building level 2
[7] Building level 2
[17] Building level 2
[15] Building level 2
[18] Building level 2
[20] Building level 2
[23] Building level 3
[11] Building level 3
[22] Building level 3
[3] Building level 3
[6] Building level 3
[16] Building level 3
[4] Building level 3
[2] Building level 3
[12] Building level 3
[9] Building level 3
[21] Building level 3
[14] Building level 3
[8] Building level 3
[1] Building level 3
[17] Building level 3
[19] Building level 3
[5] Building level 3
[10] Building level 3
[18] Building level 3
[7] Building level 3
[15] Building level 3
[20] Building level 3
[23] Building level 4
[22] Building level 4
[16] Building level 4
[11] Building level 4
[4] Building level 4
[3] Building level 4
[6] Building level 4
[14] Building level 4
[2] Building level 4
[17] Building level 4
[1] Building level 4
[21] Building level 4
[12] Building level 4
[19] Building level 4
[9] Building level 4
[7] Building level 4
[10] Building level 4
[8] Building level 4
[15] Building level 4
[5] Building level 4
[11] Building level 5
[18] Building level 4
[20] Building level 4
[23] Building level 5
[16] Building level 5
[22] Building level 5
[4] Building level 5
[12] Building level 5
[3] Building level 5
[6] Building level 5
[5] Building level 5
[2] Building level 5
[17] Building level 5
[14] Building level 5
[1] Building level 5
[8] Building level 5
[19] Building level 5
[21] Building level 5
[15] Building level 5
[9] Building level 5
[10] Building level 5
[23] Building level 6
[7] Building level 5
[16] Building level 6
[22] Building level 6
[12] Building level 6
[4] Building level 6
[3] Building level 6
[11] Building level 6
[20] Building level 5
[18] Building level 5
[6] Building level 6
[5] Building level 6
[14] Building level 6
[2] Building level 6
[17] Building level 6
[1] Building level 6
[21] Building level 6
[8] Building level 6
[19] Building level 6
[9] Building level 6
[10] Building level 6
[7] Building level 6
[15] Building level 6
[16] Building level 7
[11] Building level 7
[3] Building level 7
[22] Building level 7
[23] Building level 7
[4] Building level 7
[12] Building level 7
[18] Building level 6
[20] Building level 6
[6] Building level 7
[14] Building level 7
[11] Building level 8
[16] Building level 8
[1] Building level 7
[23] Building level 8
[22] Building level 8
[5] Building level 7
[2] Building level 7
[3] Building level 8
[21] Building level 7
[11] Building level 9
[16] Building level 9
[4] Building level 8
[17] Building level 7
[23] Building level 9
[12] Building level 8
[11] Building level 10
[22] Building level 9
[8] Building level 7
[4] Building level 9
[6] Building level 8
[10] Building level 7
[11] Building level 11
[19] Building level 7
[15] Building level 7
[9] Building level 7
[14] Building level 8
[12] Building level 9
[7] Building level 7
[3] Building level 9
[20] Building level 7
[11] Building level 12
[5] Building level 8
[23] Building level 10
[6] Building level 9
[12] Building level 10
[16] Building level 10
[1] Building level 8
[3] Building level 10
[21] Building level 8
[2] Building level 8
[23] Building level 11
[12] Building level 11
[18] Building level 7
[17] Building level 8
[16] Building level 11
[4] Building level 10
[5] Building level 9
[3] Building level 11
[22] Building level 10
[1] Building level 9
[23] Building level 12
[12] Building level 12
[10] Building level 8
[16] Building level 12
[8] Building level 8
[3] Building level 12
[14] Building level 9
[17] Building level 9
[4] Building level 11
[21] Building level 9
[7] Building level 8
[9] Building level 8
[6] Building level 10
[5] Building level 10
[1] Building level 10
[19] Building level 8
[22] Building level 11
[20] Building level 8
[15] Building level 8
[4] Building level 12
[10] Building level 9
[5] Building level 11
[2] Building level 9
[1] Building level 11
[6] Building level 11
[8] Building level 9
[22] Building level 12
[9] Building level 9
[5] Building level 12
[1] Building level 12
[20] Building level 9
[6] Building level 12
[19] Building level 9
[2] Building level 10
[18] Building level 8
[7] Building level 9
[17] Building level 10
[10] Building level 10
[2] Building level 11
[14] Building level 10
[21] Building level 10
[8] Building level 10
[9] Building level 10
[7] Building level 10
[2] Building level 12
[15] Building level 9
[10] Building level 11
[17] Building level 11
[14] Building level 11
[21] Building level 11
[8] Building level 11
[19] Building level 10
[9] Building level 11
[20] Building level 10
[7] Building level 11
[15] Building level 10
[17] Building level 12
[10] Building level 12
[18] Building level 9
[8] Building level 12
[14] Building level 12
[21] Building level 12
[9] Building level 12
[7] Building level 12
[19] Building level 11
[20] Building level 11
[15] Building level 11
[18] Building level 10
[19] Building level 12
[20] Building level 12
[15] Building level 12
[18] Building level 11
[18] Building level 12
Creating AMGLevel 
[13] Building level 1
[0] Building level 1
Creating AMGLevel 
[0] Building level 2
[13] Building level 2
Creating AMGLevel 
[0] Building level 3
[13] Building level 3
Creating AMGLevel 
[13] Building level 4
[0] Building level 4
[13] Building level 5
Creating AMGLevel 
[0] Building level 5
[13] Building level 6
Creating AMGLevel 
[0] Building level 6
[13] Building level 7
Creating AMGLevel 
[0] Building level 7
[13] Building level 8
Creating AMGLevel 
[0] Building level 8
[13] Building level 9
[13] Building level 10
Creating AMGLevel 
[0] Building level 9
[13] Building level 11
Creating AMGLevel 
[0] Building level 10
[13] Building level 12
Creating AMGLevel 
[0] Building level 11
Creating AMGLevel 
[0] Building level 12
Creating AMGLevel 
12 Level construction complete
GPU: 1 iters: 0.424694 s: 0.256661 GB/s
PCGAMG:  Solving for pd, Initial residual = 1, Final residual = 0.0351296, No Iterations 1
slurmstepd: *** JOB 7009 ON ivb106 CANCELLED AT 2016-05-22T00:26:17 DUE TO TIME LIMIT ***
