 Data for JOB [42652,1] offset 0

 ========================   JOB MAP   ========================

 Data for node: ivb109	Num slots: 6	Max slots: 0	Num procs: 6
 	Process OMPI jobid: [42652,1] App: 0 Process rank: 0
 	Process OMPI jobid: [42652,1] App: 0 Process rank: 1
 	Process OMPI jobid: [42652,1] App: 0 Process rank: 2
 	Process OMPI jobid: [42652,1] App: 0 Process rank: 3
 	Process OMPI jobid: [42652,1] App: 0 Process rank: 4
 	Process OMPI jobid: [42652,1] App: 0 Process rank: 5

 Data for node: ivb110	Num slots: 6	Max slots: 0	Num procs: 6
 	Process OMPI jobid: [42652,1] App: 0 Process rank: 6
 	Process OMPI jobid: [42652,1] App: 0 Process rank: 7
 	Process OMPI jobid: [42652,1] App: 0 Process rank: 8
 	Process OMPI jobid: [42652,1] App: 0 Process rank: 9
 	Process OMPI jobid: [42652,1] App: 0 Process rank: 10
 	Process OMPI jobid: [42652,1] App: 0 Process rank: 11

 Data for node: ivb111	Num slots: 6	Max slots: 0	Num procs: 6
 	Process OMPI jobid: [42652,1] App: 0 Process rank: 12
 	Process OMPI jobid: [42652,1] App: 0 Process rank: 13
 	Process OMPI jobid: [42652,1] App: 0 Process rank: 14
 	Process OMPI jobid: [42652,1] App: 0 Process rank: 15
 	Process OMPI jobid: [42652,1] App: 0 Process rank: 16
 	Process OMPI jobid: [42652,1] App: 0 Process rank: 17

 Data for node: ivb112	Num slots: 6	Max slots: 0	Num procs: 6
 	Process OMPI jobid: [42652,1] App: 0 Process rank: 18
 	Process OMPI jobid: [42652,1] App: 0 Process rank: 19
 	Process OMPI jobid: [42652,1] App: 0 Process rank: 20
 	Process OMPI jobid: [42652,1] App: 0 Process rank: 21
 	Process OMPI jobid: [42652,1] App: 0 Process rank: 22
 	Process OMPI jobid: [42652,1] App: 0 Process rank: 23

 =============================================================
[ivb109:19324] MCW rank 2 bound to socket 0[core 2[hwt 0]]: [././B/././././././.][./././././././././.]
[ivb109:19324] MCW rank 3 bound to socket 0[core 3[hwt 0]]: [./././B/./././././.][./././././././././.]
[ivb109:19324] MCW rank 4 bound to socket 0[core 4[hwt 0]]: [././././B/././././.][./././././././././.]
[ivb109:19324] MCW rank 5 bound to socket 0[core 5[hwt 0]]: [./././././B/./././.][./././././././././.]
[ivb109:19324] MCW rank 0 bound to socket 0[core 0[hwt 0]]: [B/././././././././.][./././././././././.]
[ivb109:19324] MCW rank 1 bound to socket 0[core 1[hwt 0]]: [./B/./././././././.][./././././././././.]
[ivb111:37437] MCW rank 17 bound to socket 0[core 5[hwt 0]]: [./././././B/./././.][./././././././././.]
[ivb111:37437] MCW rank 12 bound to socket 0[core 0[hwt 0]]: [B/././././././././.][./././././././././.]
[ivb111:37437] MCW rank 13 bound to socket 0[core 1[hwt 0]]: [./B/./././././././.][./././././././././.]
[ivb111:37437] MCW rank 14 bound to socket 0[core 2[hwt 0]]: [././B/././././././.][./././././././././.]
[ivb111:37437] MCW rank 15 bound to socket 0[core 3[hwt 0]]: [./././B/./././././.][./././././././././.]
[ivb111:37437] MCW rank 16 bound to socket 0[core 4[hwt 0]]: [././././B/././././.][./././././././././.]
[ivb110:20316] MCW rank 7 bound to socket 0[core 1[hwt 0]]: [./B/./././././././.][./././././././././.]
[ivb110:20316] MCW rank 8 bound to socket 0[core 2[hwt 0]]: [././B/././././././.][./././././././././.]
[ivb110:20316] MCW rank 9 bound to socket 0[core 3[hwt 0]]: [./././B/./././././.][./././././././././.]
[ivb110:20316] MCW rank 10 bound to socket 0[core 4[hwt 0]]: [././././B/././././.][./././././././././.]
[ivb110:20316] MCW rank 11 bound to socket 0[core 5[hwt 0]]: [./././././B/./././.][./././././././././.]
[ivb110:20316] MCW rank 6 bound to socket 0[core 0[hwt 0]]: [B/././././././././.][./././././././././.]
[ivb112:36969] MCW rank 19 bound to socket 0[core 1[hwt 0]]: [./B/./././././././.][./././././././././.]
[ivb112:36969] MCW rank 20 bound to socket 0[core 2[hwt 0]]: [././B/././././././.][./././././././././.]
[ivb112:36969] MCW rank 21 bound to socket 0[core 3[hwt 0]]: [./././B/./././././.][./././././././././.]
[ivb112:36969] MCW rank 22 bound to socket 0[core 4[hwt 0]]: [././././B/././././.][./././././././././.]
[ivb112:36969] MCW rank 23 bound to socket 0[core 5[hwt 0]]: [./././././B/./././.][./././././././././.]
[ivb112:36969] MCW rank 18 bound to socket 0[core 0[hwt 0]]: [B/././././././././.][./././././././././.]
/home-2/vplatonov/bin/nvmps: line 18: CUDEV%CUDEV_N: division by 0 (error token is "CUDEV_N")
/home-2/vplatonov/bin/nvmps: line 18: CUDEV%CUDEV_N: division by 0 (error token is "CUDEV_N")
/home-2/vplatonov/bin/nvmps: line 18: CUDEV%CUDEV_N: division by 0 (error token is "CUDEV_N")
/home-2/vplatonov/bin/nvmps: line 18: CUDEV%CUDEV_N: division by 0 (error token is "CUDEV_N")
/home-2/vplatonov/bin/nvmps: line 18: CUDEV%CUDEV_N: division by 0 (error token is "CUDEV_N")
/home-2/vplatonov/bin/nvmps: line 18: CUDEV%CUDEV_N: division by 0 (error token is "CUDEV_N")
/home-2/vplatonov/bin/nvmps: line 18: CUDEV%CUDEV_N: division by 0 (error token is "CUDEV_N")
/home-2/vplatonov/bin/nvmps: line 18: CUDEV%CUDEV_N: division by 0 (error token is "CUDEV_N")
/home-2/vplatonov/bin/nvmps: line 18: CUDEV%CUDEV_N: division by 0 (error token is "CUDEV_N")
/home-2/vplatonov/bin/nvmps: line 18: CUDEV%CUDEV_N: division by 0 (error token is "CUDEV_N")
/home-2/vplatonov/bin/nvmps: line 18: CUDEV%CUDEV_N: division by 0 (error token is "CUDEV_N")
/home-2/vplatonov/bin/nvmps: line 18: CUDEV%CUDEV_N: division by 0 (error token is "CUDEV_N")
/home-2/vplatonov/bin/nvmps: line 18: CUDEV%CUDEV_N: division by 0 (error token is "CUDEV_N")
/home-2/vplatonov/bin/nvmps: line 18: CUDEV%CUDEV_N: division by 0 (error token is "CUDEV_N")
/home-2/vplatonov/bin/nvmps: line 18: CUDEV%CUDEV_N: division by 0 (error token is "CUDEV_N")
/home-2/vplatonov/bin/nvmps: line 18: CUDEV%CUDEV_N: division by 0 (error token is "CUDEV_N")
/home-2/vplatonov/bin/nvmps: line 18: CUDEV%CUDEV_N: division by 0 (error token is "CUDEV_N")
/home-2/vplatonov/bin/nvmps: line 18: CUDEV%CUDEV_N: division by 0 (error token is "CUDEV_N")
/home-2/vplatonov/bin/nvmps: line 18: CUDEV%CUDEV_N: division by 0 (error token is "CUDEV_N")
/home-2/vplatonov/bin/nvmps: line 18: CUDEV%CUDEV_N: division by 0 (error token is "CUDEV_N")
/home-2/vplatonov/bin/nvmps: line 18: CUDEV%CUDEV_N: division by 0 (error token is "CUDEV_N")
/home-2/vplatonov/bin/nvmps: line 18: CUDEV%CUDEV_N: division by 0 (error token is "CUDEV_N")
/home-2/vplatonov/bin/nvmps: line 18: CUDEV%CUDEV_N: division by 0 (error token is "CUDEV_N")
/home-2/vplatonov/bin/nvmps: line 18: CUDEV%CUDEV_N: division by 0 (error token is "CUDEV_N")
/bin/bash: line 1: 1: command not found
/bin/bash: line 1: 1: command not found
/bin/bash: line 1: 1: command not found
/bin/bash: line 2: 2: command not found
/bin/bash: line 1: 1: command not found
/bin/bash: line 3: 3: command not found
/bin/bash: line 2: 2: command not found
/bin/bash: line 2: 2: command not found
/bin/bash: line 2: 2: command not found
/bin/bash: line 4: 4: command not found
/bin/bash: line 3: 3: command not found
/bin/bash: line 3: 3: command not found
/bin/bash: line 3: 3: command not found
/bin/bash: line 4: 4: command not found
/bin/bash: line 4: 4: command not found
/bin/bash: line 4: 4: command not found
mkdir: cannot create directory ‘/tmp/nvidia-mps-vplatonov-0’: File exists
/bin/bash: line 1: 1: command not found
/bin/bash: line 2: 2: command not found
/bin/bash: line 3: 3: command not found
/bin/bash: line 4: 4: command not found
mkdir: cannot create directory ‘/tmp/nvidia-mps-vplatonov-0’: File exists
/bin/bash: line 1: 1: command not found
/bin/bash: line 2: 2: command not found
/bin/bash: line 3: 3: command not found
mkdir: cannot create directory ‘/tmp/nvidia-mps-vplatonov-0’: File exists
/bin/bash: line 4: 4: command not found
/bin/bash: line 1: 1: command not found
/bin/bash: line 2: 2: command not found
mkdir: cannot create directory ‘/tmp/nvidia-mps-vplatonov-0’: File exists
/bin/bash: line 3: 3: command not found
/bin/bash: line 1: 1: command not found
mkdir: cannot create directory ‘/tmp/nvidia-mps-vplatonov-0’: File exists
/bin/bash: line 2: 2: command not found
/bin/bash: line 4: 4: command not found
/bin/bash: line 3: 3: command not found
/bin/bash: line 1: 1: command not found
/bin/bash: line 4: 4: command not found
/bin/bash: line 2: 2: command not found
/bin/bash: line 3: 3: command not found
/bin/bash: line 4: 4: command not found
mkdir: cannot create directory ‘/tmp/nvidia-mps-vplatonov-0’: File exists
/bin/bash: line 1: 1: command not found
/bin/bash: line 2: 2: command not found
mkdir: cannot create directory ‘/tmp/nvidia-mps-vplatonov-0’/bin/bash: line 3: 3: command not found
: File exists
mkdir: cannot create directory ‘/tmp/nvidia-mps-vplatonov-0’: File exists
/bin/bash: line 1: 1: command not found
/bin/bash: line 4: 4: command not found
/bin/bash: line 1: 1: command not found
mkdir: cannot create directory ‘/tmp/nvidia-mps-vplatonov-0’: File exists
/bin/bash: line 2: 2: command not found
/bin/bash: line 3: 3: command not found
/bin/bash: line 1: 1: command not found
/bin/bash: line 2: 2: command not found
/bin/bash: line 4: 4: command not found
/bin/bash: line 2: 2: command not found
/bin/bash: line 3: 3: command not found
/bin/bash: line 3: 3: command not found
/bin/bash: line 4: 4: command not found
/bin/bash: line 4: 4: command not found
mkdir: cannot create directory ‘/tmp/nvidia-mps-vplatonov-0’: File exists
/bin/bash: line 1: 1: command not found
mkdir: cannot create directory ‘/tmp/nvidia-mps-vplatonov-0’: File exists
/bin/bash: line 2: 2: command not found
/bin/bash: line 1: 1: command not found
/bin/bash: line 2: 2: command not found
/bin/bash: line 3: 3: command not found
/bin/bash: line 3: 3: command not found
/bin/bash: line 4: 4: command not found
/bin/bash: line 4: 4: command not found
mkdir: cannot create directory ‘/tmp/nvidia-mps-vplatonov-0’: File exists
mkdir: cannot create directory ‘/tmp/nvidia-mps-vplatonov-0’: File exists
/bin/bash: line 1: 1: command not found
/bin/bash: line 1: 1: command not found
/bin/bash: line 2: 2: command not found
/bin/bash: line 3: 3: command not found
/bin/bash: line 2: 2: command not found
/bin/bash: line 4: 4: command not found
/bin/bash: line 3: 3: command not found
/bin/bash: line 4: 4: command not found
mkdir: cannot create directory ‘/tmp/nvidia-mps-vplatonov-0’: File exists
/bin/bash: line 1: 1: command not found
mkdir: cannot create directory ‘/tmp/nvidia-mps-vplatonov-0’: File exists
/bin/bash: line 2: 2: command not found
/bin/bash: line 1: 1: command not found
/bin/bash: line 3: 3: command not found
/bin/bash: line 2: 2: command not found
/bin/bash: line 4: 4: command not found
/bin/bash: line 3: 3: command not found
/bin/bash: line 4: 4: command not found
mkdir: cannot create directory ‘/tmp/nvidia-mps-vplatonov-0’: File exists
mkdir: cannot create directory ‘/tmp/nvidia-mps-vplatonov-0’: File exists
/bin/bash: line 1: 1: command not found
/bin/bash: line 1: 1: command not found
/bin/bash: line 2: 2: command not found
/bin/bash: line 3: 3: command not found
/bin/bash: line 2: 2: command not found
/bin/bash: line 4: 4: command not found
/bin/bash: line 3: 3: command not found
/bin/bash: line 4: 4: command not found
mkdir: cannot create directory ‘/tmp/nvidia-mps-vplatonov-0’: File exists
/bin/bash: line 1: 1: command not found
/bin/bash: line 2: 2: command not found
/bin/bash: line 3: 3: command not found
/bin/bash: line 4: 4: command not found
mkdir: cannot create directory ‘/tmp/nvidia-mps-vplatonov-0’: File exists
/bin/bash: line 1: 1: command not found
/bin/bash: line 2: 2: command not found
mkdir: cannot create directory ‘/tmp/nvidia-mps-vplatonov-0’: File exists
/bin/bash: line 3: 3: command not found
/bin/bash: line 4: 4: command not found
/bin/bash: line 1: 1: command not found
/bin/bash: line 2: 2: command not found
/bin/bash: line 3: 3: command not found
/bin/bash: line 4: 4: command not found
/*---------------------------------------------------------------------------*\
| =========                 |                                                 |
| \\      /  F ield         | foam-extend: Open Source CFD                    |
|  \\    /   O peration     | Version:     3.1                                |
|   \\  /    A nd           | Web:         http://www.extend-project.de       |
|    \\/     M anipulation  |                                                 |
\*---------------------------------------------------------------------------*/
Build    : 3.1-e2da948002a2
Exec     : interFoam -parallel
Date     : May 15 2016
Time     : 19:30:04
Host     : ivb109
PID      : 19419
CtrlDict : /home-2/vplatonov/foam/foam-extend-3.1/etc/controlDict
Case     : /home/vplatonov/tests/rt12mln
nProcs   : 24
Slaves : 
23
(
ivb109.19434
ivb109.19442
ivb109.19426
ivb109.19450
ivb109.19457
ivb110.20373
ivb110.20381
ivb110.20358
ivb110.20389
ivb110.20365
ivb110.20396
ivb111.37513
ivb111.37505
ivb111.37498
ivb111.37521
ivb111.37529
ivb111.37536
ivb112.37033
ivb112.37041
ivb112.37049
ivb112.37025
ivb112.37018
ivb112.37056
)

Pstream initialized with:
    floatTransfer     : 0
    nProcsSimpleSum   : 0
    commsType         : blocking
SigFpe   : Enabling floating point exception trapping (FOAM_SIGFPE).

// * * * * * * * * * * * * * * * * * * * * * * * * * * * * * * * * * * * * * //
Create time

Create mesh for time = 0


Reading g
Reading field pd

Reading field alpha1

Reading field U

Reading/calculating face flux field phi

Reading transportProperties

Selecting incompressible transport model Newtonian
Selecting incompressible transport model Newtonian
Calculating field g.h

Selecting turbulence model type laminar
time step continuity errors : sum local = 0, global = 0, cumulative = 0
Created persistent data with name pcorr
OGPUBICGS:  Solving for pcorr, Initial residual = 0, Final residual = 0, No Iterations 0
time step continuity errors : sum local = 0, global = 0, cumulative = 0
Courant Number mean: 0 max: 0 velocity magnitude: 0

Starting time loop

Courant Number mean: 0 max: 0 velocity magnitude: 0
Time = 0.001

MULES: Solving for alpha1
Liquid phase volume fraction = 0.00275421  Min(alpha1) = 0  Max(alpha1) = 1
MULES: Solving for alpha1
Liquid phase volume fraction = 0.00275421  Min(alpha1) = 0  Max(alpha1) = 1
Created persistent data with name pd
Computing AINV with droptol 0.02
GPU: 1 iters: 0.0495417 s: 4.95128 GB/s
Total exec time 0.0495417 Total comm time 0.00867114
OGPUBICGS:  Solving for pd, Initial residual = 1, Final residual = 0.0491214, No Iterations 1
Computing AINV with droptol 0.02
GPU: 26 iters: 0.571633 s: 11.1569 GB/s
Total exec time 0.621175 Total comm time 0.120937
OGPUBICGS:  Solving for pd, Initial residual = 0.033386, Final residual = 0.00155091, No Iterations 26
GPU: 650 iters: 13.822 s: 11.5354 GB/s
Total exec time 14.4431 Total comm time 2.79929
OGPUBICGS:  Solving for pd, Initial residual = 0.0129311, Final residual = 6.01181e-08, No Iterations 650
time step continuity errors : sum local = 6.97107e-12, global = -3.08242e-24, cumulative = -3.08242e-24
ExecutionTime = 38.15 s  ClockTime = 52 s

Courant Number mean: 4.83745e-06 max: 0.00215177 velocity magnitude: 0.0336214
Time = 0.002

MULES: Solving for alpha1
Liquid phase volume fraction = 0.00275421  Min(alpha1) = 0  Max(alpha1) = 1
MULES: Solving for alpha1
Liquid phase volume fraction = 0.00275421  Min(alpha1) = 0  Max(alpha1) = 1
GPU: 502 iters: 10.6628 s: 11.5484 GB/s
Total exec time 25.1059 Total comm time 4.8886
OGPUBICGS:  Solving for pd, Initial residual = 0.00502837, Final residual = 0.000247288, No Iterations 502
GPU: 492 iters: 10.4488 s: 11.5501 GB/s
Total exec time 35.5547 Total comm time 6.90928
OGPUBICGS:  Solving for pd, Initial residual = 0.00395862, Final residual = 4.45388e-05, No Iterations 492
GPU: 633 iters: 13.4456 s: 11.5481 GB/s
Total exec time 49.0004 Total comm time 9.56046
OGPUBICGS:  Solving for pd, Initial residual = 0.00332945, Final residual = 9.05815e-08, No Iterations 633
time step continuity errors : sum local = 4.11129e-08, global = -4.11123e-08, cumulative = -4.11123e-08
ExecutionTime = 79 s  ClockTime = 93 s

Courant Number mean: 1.35222e-05 max: 0.219362 velocity magnitude: 1.71377
Time = 0.003

MULES: Solving for alpha1
Liquid phase volume fraction = 0.00275424  Min(alpha1) = -3.61101e-30  Max(alpha1) = 1
MULES: Solving for alpha1
Liquid phase volume fraction = 0.00275426  Min(alpha1) = -1.52839e-30  Max(alpha1) = 1
GPU: 590 iters: 12.5294 s: 11.5507 GB/s
Total exec time 61.5298 Total comm time 11.9743
OGPUBICGS:  Solving for pd, Initial residual = 0.00741142, Final residual = 0.000118847, No Iterations 590
GPU: 497 iters: 10.5477 s: 11.5581 GB/s
Total exec time 72.0775 Total comm time 14.0446
OGPUBICGS:  Solving for pd, Initial residual = 0.00493035, Final residual = 0.000147472, No Iterations 497
GPU: 613 iters: 13.0024 s: 11.5645 GB/s
Total exec time 85.0798 Total comm time 16.5229
OGPUBICGS:  Solving for pd, Initial residual = 0.00500769, Final residual = 7.69776e-08, No Iterations 613
time step continuity errors : sum local = 2.22633e-08, global = -2.22604e-08, cumulative = -6.33728e-08
ExecutionTime = 121.39 s  ClockTime = 136 s

Courant Number mean: 1.63399e-05 max: 0.131759 velocity magnitude: 1.02937
Time = 0.004

MULES: Solving for alpha1
Liquid phase volume fraction = 0.00275427  Min(alpha1) = -3.1229e-30  Max(alpha1) = 1
MULES: Solving for alpha1
Liquid phase volume fraction = 0.00275428  Min(alpha1) = -5.70112e-30  Max(alpha1) = 1
GPU: 528 iters: 11.2103 s: 11.5533 GB/s
Total exec time 96.2902 Total comm time 18.6963
OGPUBICGS:  Solving for pd, Initial residual = 0.00843559, Final residual = 0.000356707, No Iterations 528
GPU: 140 iters: 2.99651 s: 11.4604 GB/s
Total exec time 99.2867 Total comm time 19.2956
OGPUBICGS:  Solving for pd, Initial residual = 0.00718318, Final residual = 0.000358542, No Iterations 140
GPU: 698 iters: 14.5518 s: 11.7659 GB/s
Total exec time 113.839 Total comm time 21.8835
OGPUBICGS:  Solving for pd, Initial residual = 0.00677097, Final residual = 9.80715e-08, No Iterations 698
time step continuity errors : sum local = 1.05124e-08, global = -1.05124e-08, cumulative = -7.38852e-08
ExecutionTime = 156.52 s  ClockTime = 171 s

Courant Number mean: 2.03191e-05 max: 0.0745467 velocity magnitude: 0.582396
Time = 0.005

MULES: Solving for alpha1
Liquid phase volume fraction = 0.00275429  Min(alpha1) = -2.32325e-29  Max(alpha1) = 1
MULES: Solving for alpha1
Liquid phase volume fraction = 0.00275429  Min(alpha1) = -1.56135e-29  Max(alpha1) = 1
Computing AINV with droptol 0.02
GPU: 562 iters: 11.9408 s: 11.5449 GB/s
Total exec time 125.779 Total comm time 24.2045
OGPUBICGS:  Solving for pd, Initial residual = 0.00677049, Final residual = 0.000335803, No Iterations 562
GPU: 484 iters: 10.2711 s: 11.5588 GB/s
Total exec time 136.051 Total comm time 26.1743
OGPUBICGS:  Solving for pd, Initial residual = 0.00589174, Final residual = 0.000166197, No Iterations 484
GPU: 663 iters: 14.0627 s: 11.5647 GB/s
Total exec time 150.113 Total comm time 28.8369
OGPUBICGS:  Solving for pd, Initial residual = 0.0055408, Final residual = 5.96871e-08, No Iterations 663
time step continuity errors : sum local = 2.47809e-09, global = -2.47682e-09, cumulative = -7.6362e-08
ExecutionTime = 199.37 s  ClockTime = 214 s

Courant Number mean: 2.44435e-05 max: 0.0279559 velocity magnitude: 0.303331
--> FOAM Warning : 
    From function Time::readModifiedObjects()
    in file db/Time/TimeIO.C at line 256
    Delaying reading objects due to inconsistent file time-stamps between processors
Time = 0.006

--> FOAM Warning : 
    From function Time::readModifiedObjects()
    in file db/Time/TimeIO.C at line 256
    Delaying reading objects due to inconsistent file time-stamps between processors
MULES: Solving for alpha1
Liquid phase volume fraction = 0.00275429  Min(alpha1) = -2.12976e-29  Max(alpha1) = 1
--> FOAM Warning : 
    From function Time::readModifiedObjects()
    in file db/Time/TimeIO.C at line 256
    Delaying reading objects due to inconsistent file time-stamps between processors
MULES: Solving for alpha1
Liquid phase volume fraction = 0.00275429  Min(alpha1) = -3.49105e-29  Max(alpha1) = 1
--> FOAM Warning : 
    From function Time::readModifiedObjects()
    in file db/Time/TimeIO.C at line 256
    Delaying reading objects due to inconsistent file time-stamps between processors
GPU: 542 iters: 11.5216 s: 11.5392 GB/s
Total exec time 161.635 Total comm time 31.0526
OGPUBICGS:  Solving for pd, Initial residual = 0.00740883, Final residual = 0.000342193, No Iterations 542
GPU: 512 iters: 10.8938 s: 11.5287 GB/s
Total exec time 172.529 Total comm time 33.0967
OGPUBICGS:  Solving for pd, Initial residual = 0.00575587, Final residual = 0.000192275, No Iterations 512
GPU: 662 iters: 14.0714 s: 11.54 GB/s
Total exec time 186.6 Total comm time 35.7879
OGPUBICGS:  Solving for pd, Initial residual = 0.0055473, Final residual = 4.96648e-08, No Iterations 662
time step continuity errors : sum local = 1.12972e-11, global = 8.94691e-12, cumulative = -7.6353e-08
ExecutionTime = 242.03 s  ClockTime = 257 s

Courant Number mean: 2.93808e-05 max: 0.0328637 velocity magnitude: 0.256748
--> FOAM Warning : 
    From function Time::readModifiedObjects()
    in file db/Time/TimeIO.C at line 256
    Delaying reading objects due to inconsistent file time-stamps between processors
Time = 0.007

--> FOAM Warning : 
    From function Time::readModifiedObjects()
    in file db/Time/TimeIO.C at line 256
    Delaying reading objects due to inconsistent file time-stamps between processors
MULES: Solving for alpha1
Liquid phase volume fraction = 0.00275429  Min(alpha1) = -5.76661e-29  Max(alpha1) = 1
--> FOAM Warning : 
    From function Time::readModifiedObjects()
    in file db/Time/TimeIO.C at line 256
    Delaying reading objects due to inconsistent file time-stamps between processors
MULES: Solving for alpha1
Liquid phase volume fraction = 0.00275429  Min(alpha1) = -4.12529e-29  Max(alpha1) = 1
--> FOAM Warning : 
    From function Time::readModifiedObjects()
    in file db/Time/TimeIO.C at line 256
    Delaying reading objects due to inconsistent file time-stamps between processors
GPU: 486 iters: 10.3438 s: 11.5251 GB/s
Total exec time 196.944 Total comm time 37.697
OGPUBICGS:  Solving for pd, Initial residual = 0.00712427, Final residual = 0.000148117, No Iterations 486
GPU: 65 iters: 1.40252 s: 11.3682 GB/s
Total exec time 198.346 Total comm time 37.9649
OGPUBICGS:  Solving for pd, Initial residual = 0.00438074, Final residual = 0.000216478, No Iterations 65
GPU: 580 iters: 12.3257 s: 11.5427 GB/s
Total exec time 210.672 Total comm time 40.3272
OGPUBICGS:  Solving for pd, Initial residual = 0.00416771, Final residual = 9.49557e-08, No Iterations 580
time step continuity errors : sum local = 1.4599e-10, global = 1.40973e-10, cumulative = -7.62121e-08
ExecutionTime = 272.58 s  ClockTime = 287 s

Courant Number mean: 3.44848e-05 max: 0.00841942 velocity magnitude: 0.13027
--> FOAM Warning : 
    From function Time::readModifiedObjects()
    in file db/Time/TimeIO.C at line 256
    Delaying reading objects due to inconsistent file time-stamps between processors
Time = 0.008

--> FOAM Warning : 
    From function Time::readModifiedObjects()
    in file db/Time/TimeIO.C at line 256
    Delaying reading objects due to inconsistent file time-stamps between processors
MULES: Solving for alpha1
Liquid phase volume fraction = 0.00275429  Min(alpha1) = -5.18263e-29  Max(alpha1) = 1
--> FOAM Warning : 
    From function Time::readModifiedObjects()
    in file db/Time/TimeIO.C at line 256
    Delaying reading objects due to inconsistent file time-stamps between processors
MULES: Solving for alpha1
Liquid phase volume fraction = 0.00275429  Min(alpha1) = -3.47279e-29  Max(alpha1) = 1
--> FOAM Warning : 
    From function Time::readModifiedObjects()
    in file db/Time/TimeIO.C at line 256
    Delaying reading objects due to inconsistent file time-stamps between processors
GPU: 515 iters: 10.9049 s: 11.5844 GB/s
Total exec time 221.577 Total comm time 42.4101
OGPUBICGS:  Solving for pd, Initial residual = 0.0075456, Final residual = 0.000376055, No Iterations 515
Computing AINV with droptol 0.02
GPU: 457 iters: 9.72911 s: 11.5221 GB/s
Total exec time 231.306 Total comm time 44.2971
OGPUBICGS:  Solving for pd, Initial residual = 0.00462669, Final residual = 6.63005e-05, No Iterations 457
GPU: 613 iters: 13.0365 s: 11.5342 GB/s
Total exec time 244.342 Total comm time 46.7976
OGPUBICGS:  Solving for pd, Initial residual = 0.00411083, Final residual = 3.99488e-08, No Iterations 613
time step continuity errors : sum local = 1.59744e-10, global = 1.56334e-10, cumulative = -7.60557e-08
ExecutionTime = 312.82 s  ClockTime = 327 s

Courant Number mean: 3.96081e-05 max: 0.00902666 velocity magnitude: 0.140188
--> FOAM Warning : 
    From function Time::readModifiedObjects()
    in file db/Time/TimeIO.C at line 256
    Delaying reading objects due to inconsistent file time-stamps between processors
Time = 0.009

--> FOAM Warning : 
    From function Time::readModifiedObjects()
    in file db/Time/TimeIO.C at line 256
    Delaying reading objects due to inconsistent file time-stamps between processors
MULES: Solving for alpha1
Liquid phase volume fraction = 0.00275429  Min(alpha1) = -3.96193e-29  Max(alpha1) = 1
--> FOAM Warning : 
    From function Time::readModifiedObjects()
    in file db/Time/TimeIO.C at line 256
    Delaying reading objects due to inconsistent file time-stamps between processors
MULES: Solving for alpha1
Liquid phase volume fraction = 0.00275429  Min(alpha1) = -3.06203e-29  Max(alpha1) = 1
--> FOAM Warning : 
    From function Time::readModifiedObjects()
    in file db/Time/TimeIO.C at line 256
    Delaying reading objects due to inconsistent file time-stamps between processors
GPU: 521 iters: 11.0726 s: 11.5418 GB/s
Total exec time 255.415 Total comm time 48.9054
OGPUBICGS:  Solving for pd, Initial residual = 0.00738796, Final residual = 0.000284332, No Iterations 521
GPU: 487 iters: 10.3604 s: 11.5303 GB/s
Total exec time 265.776 Total comm time 50.8763
OGPUBICGS:  Solving for pd, Initial residual = 0.00465974, Final residual = 4.64261e-05, No Iterations 487
GPU: 631 iters: 13.4099 s: 11.5423 GB/s
Total exec time 279.185 Total comm time 53.4557
OGPUBICGS:  Solving for pd, Initial residual = 0.00407846, Final residual = 9.49064e-08, No Iterations 631
time step continuity errors : sum local = 7.76158e-12, global = 2.66322e-12, cumulative = -7.60531e-08
ExecutionTime = 354.05 s  ClockTime = 369 s

Courant Number mean: 4.474e-05 max: 0.00970745 velocity magnitude: 0.149198
--> FOAM Warning : 
    From function Time::readModifiedObjects()
    in file db/Time/TimeIO.C at line 256
    Delaying reading objects due to inconsistent file time-stamps between processors
Time = 0.01

--> FOAM Warning : 
    From function Time::readModifiedObjects()
    in file db/Time/TimeIO.C at line 256
    Delaying reading objects due to inconsistent file time-stamps between processors
MULES: Solving for alpha1
Liquid phase volume fraction = 0.00275429  Min(alpha1) = -6.09893e-29  Max(alpha1) = 1
--> FOAM Warning : 
    From function Time::readModifiedObjects()
    in file db/Time/TimeIO.C at line 256
    Delaying reading objects due to inconsistent file time-stamps between processors
MULES: Solving for alpha1
Liquid phase volume fraction = 0.00275429  Min(alpha1) = -4.76273e-29  Max(alpha1) = 1
--> FOAM Warning : 
    From function Time::readModifiedObjects()
    in file db/Time/TimeIO.C at line 256
    Delaying reading objects due to inconsistent file time-stamps between processors
GPU: 527 iters: 11.2127 s: 11.5289 GB/s
Total exec time 290.398 Total comm time 55.5873
OGPUBICGS:  Solving for pd, Initial residual = 0.00800251, Final residual = 0.000384369, No Iterations 527
GPU: 581 iters: 12.333 s: 11.5557 GB/s
Total exec time 302.731 Total comm time 57.947
OGPUBICGS:  Solving for pd, Initial residual = 0.00497608, Final residual = 8.54941e-05, No Iterations 581
GPU: 663 iters: 14.0809 s: 11.5497 GB/s
Total exec time 316.812 Total comm time 60.6044
OGPUBICGS:  Solving for pd, Initial residual = 0.0044431, Final residual = 7.65465e-08, No Iterations 663
time step continuity errors : sum local = 4.59891e-11, global = -4.21637e-11, cumulative = -7.60952e-08
ExecutionTime = 397.99 s  ClockTime = 413 s

End

Finalising parallel run
/home-2/vplatonov/bin/nvmps: line 33: 37513 Segmentation fault      "$@"
/home-2/vplatonov/bin/nvmps: line 33: 37498 Segmentation fault      "$@"
/home-2/vplatonov/bin/nvmps: line 33: 37505 Segmentation fault      "$@"
/home-2/vplatonov/bin/nvmps: line 33: 37536 Segmentation fault      "$@"
/home-2/vplatonov/bin/nvmps: line 33: 37529 Segmentation fault      "$@"
-------------------------------------------------------
Primary job  terminated normally, but 1 process returned
a non-zero exit code.. Per user-direction, the job has been aborted.
-------------------------------------------------------
mpirun: Forwarding signal 18 to job
mpirun: Forwarding signal 18 to job
mpirun: Forwarding signal 18 to job
mpirun: Forwarding signal 18 to job
mpirun: Forwarding signal 18 to job
mpirun: Forwarding signal 18 to job
mpirun: Forwarding signal 18 to job
mpirun: Forwarding signal 18 to job
mpirun: Forwarding signal 18 to job
mpirun: Forwarding signal 18 to job
slurmstepd: *** JOB 5912 ON ivb109 CANCELLED AT 2016-05-15T19:38:56 ***
mpirun: Forwarding signal 18 to job
mpirun: Forwarding signal 18 to job
mpirun: Forwarding signal 18 to job
mpirun: Forwarding signal 18 to job
mpirun: Forwarding signal 18 to job
mpirun: Forwarding signal 18 to job
mpirun: Forwarding signal 18 to job
mpirun: Forwarding signal 18 to job
mpirun: Forwarding signal 18 to job
mpirun: Forwarding signal 18 to job
mpirun: Forwarding signal 18 to job
mpirun: Forwarding signal 18 to job
mpirun: Forwarding signal 18 to job
mpirun: Forwarding signal 18 to job
mpirun: Forwarding signal 18 to job
mpirun: Forwarding signal 18 to job
mpirun: Forwarding signal 18 to job
mpirun: Forwarding signal 18 to job
mpirun: Forwarding signal 18 to job
mpirun: Forwarding signal 18 to job
mpirun: Forwarding signal 18 to job
mpirun: Forwarding signal 18 to job
mpirun: Forwarding signal 18 to job
mpirun: Forwarding signal 18 to job
mpirun: Forwarding signal 18 to job
mpirun: Forwarding signal 18 to job
mpirun: Forwarding signal 18 to job
mpirun: Forwarding signal 18 to job
mpirun: Forwarding signal 18 to job
mpirun: Forwarding signal 18 to job
mpirun: Forwarding signal 18 to job
mpirun: Forwarding signal 18 to job
mpirun: Forwarding signal 18 to job
mpirun: Forwarding signal 18 to job
mpirun: Forwarding signal 18 to job
mpirun: Forwarding signal 18 to job
mpirun: Forwarding signal 18 to job
mpirun: Forwarding signal 18 to job
mpirun: Forwarding signal 18 to job
mpirun: Forwarding signal 18 to job
mpirun: Forwarding signal 18 to job
mpirun: Forwarding signal 18 to job
mpirun: Forwarding signal 18 to job
mpirun: Forwarding signal 18 to job
mpirun: Forwarding signal 18 to job
mpirun: Forwarding signal 18 to job
mpirun: Forwarding signal 18 to job
mpirun: Forwarding signal 18 to job
mpirun: Forwarding signal 18 to job
mpirun: Forwarding signal 18 to job
mpirun: Forwarding signal 18 to job
mpirun: Forwarding signal 18 to job
mpirun: Forwarding signal 18 to job
mpirun: Forwarding signal 18 to job
mpirun: Forwarding signal 18 to job
mpirun: Forwarding signal 18 to job
mpirun: Forwarding signal 18 to job
mpirun: Forwarding signal 18 to job
mpirun: Forwarding signal 18 to job
mpirun: Forwarding signal 18 to job
mpirun: Forwarding signal 18 to job
mpirun: Forwarding signal 18 to job
mpirun: Forwarding signal 18 to job
mpirun: Forwarding signal 18 to job
mpirun: Forwarding signal 18 to job
mpirun: Forwarding signal 18 to job
mpirun: Forwarding signal 18 to job
mpirun: Forwarding signal 18 to job
mpirun: Forwarding signal 18 to job
mpirun: Forwarding signal 18 to job
mpirun: Forwarding signal 18 to job
mpirun: Forwarding signal 18 to job
mpirun: Forwarding signal 18 to job
mpirun: Forwarding signal 18 to job
mpirun: Forwarding signal 18 to job
mpirun: Forwarding signal 18 to job
mpirun: Forwarding signal 18 to job
mpirun: Forwarding signal 18 to job
mpirun: Forwarding signal 18 to job
mpirun: Forwarding signal 18 to job
mpirun: Forwarding signal 18 to job
mpirun: Forwarding signal 18 to job
mpirun: Forwarding signal 18 to job
mpirun: Forwarding signal 18 to job
mpirun: Forwarding signal 18 to job
mpirun: Forwarding signal 18 to job
mpirun: Forwarding signal 18 to job
mpirun: Forwarding signal 18 to job
mpirun: Forwarding signal 18 to job
mpirun: Forwarding signal 18 to job
mpirun: Forwarding signal 18 to job
mpirun: Forwarding signal 18 to job
mpirun: Forwarding signal 18 to job
mpirun: Forwarding signal 18 to job
mpirun: Forwarding signal 18 to job
mpirun: Forwarding signal 18 to job
mpirun: Forwarding signal 18 to job
mpirun: Forwarding signal 18 to job
mpirun: Forwarding signal 18 to job
mpirun: Forwarding signal 18 to job
mpirun: Forwarding signal 18 to job
mpirun: Forwarding signal 18 to job
mpirun: Forwarding signal 18 to job
mpirun: Forwarding signal 18 to job
mpirun: Forwarding signal 18 to job
mpirun: Forwarding signal 18 to job
mpirun: Forwarding signal 18 to job
mpirun: Forwarding signal 18 to job
mpirun: Forwarding signal 18 to job
mpirun: Forwarding signal 18 to job
mpirun: Forwarding signal 18 to job
mpirun: Forwarding signal 18 to job
mpirun: Forwarding signal 18 to job
mpirun: Forwarding signal 18 to job
mpirun: Forwarding signal 18 to job
mpirun: Forwarding signal 18 to job
mpirun: Forwarding signal 18 to job
mpirun: Forwarding signal 18 to job
mpirun: Forwarding signal 18 to job
mpirun: Forwarding signal 18 to job
mpirun: Forwarding signal 18 to job
mpirun: Forwarding signal 18 to job
mpirun: Forwarding signal 18 to job
mpirun: Forwarding signal 18 to job
mpirun: Forwarding signal 18 to job
mpirun: Forwarding signal 18 to job
mpirun: Forwarding signal 18 to job
mpirun: Forwarding signal 18 to job
mpirun: Forwarding signal 18 to job
mpirun: Forwarding signal 18 to job
mpirun: Forwarding signal 18 to job
mpirun: Forwarding signal 18 to job
mpirun: Forwarding signal 18 to job
mpirun: Forwarding signal 18 to job
mpirun: Forwarding signal 18 to job
mpirun: Forwarding signal 18 to job
mpirun: Forwarding signal 18 to job
mpirun: Forwarding signal 18 to job
mpirun: Forwarding signal 18 to job
mpirun: Forwarding signal 18 to job
mpirun: Forwarding signal 18 to job
mpirun: Forwarding signal 18 to job
mpirun: Forwarding signal 18 to job
mpirun: Forwarding signal 18 to job
mpirun: Forwarding signal 18 to job
mpirun: Forwarding signal 18 to job
mpirun: Forwarding signal 18 to job
mpirun: Forwarding signal 18 to job
mpirun: Forwarding signal 18 to job
mpirun: Forwarding signal 18 to job
mpirun: Forwarding signal 18 to job
mpirun: Forwarding signal 18 to job
mpirun: Forwarding signal 18 to job
mpirun: Forwarding signal 18 to job
mpirun: Forwarding signal 18 to job
mpirun: Forwarding signal 18 to job
mpirun: Forwarding signal 18 to job
mpirun: Forwarding signal 18 to job
mpirun: Forwarding signal 18 to job
mpirun: Forwarding signal 18 to job
mpirun: Forwarding signal 18 to job
mpirun: Forwarding signal 18 to job
mpirun: Forwarding signal 18 to job
mpirun: Forwarding signal 18 to job
mpirun: Forwarding signal 18 to job
mpirun: Forwarding signal 18 to job
mpirun: Forwarding signal 18 to job
mpirun: Forwarding signal 18 to job
mpirun: Forwarding signal 18 to job
mpirun: Forwarding signal 18 to job
mpirun: Forwarding signal 18 to job
mpirun: Forwarding signal 18 to job
mpirun: Forwarding signal 18 to job
mpirun: Forwarding signal 18 to job
mpirun: Forwarding signal 18 to job
mpirun: Forwarding signal 18 to job
mpirun: Forwarding signal 18 to job
mpirun: Forwarding signal 18 to job
mpirun: Forwarding signal 18 to job
mpirun: Forwarding signal 18 to job
mpirun: Forwarding signal 18 to job
mpirun: Forwarding signal 18 to job
mpirun: Forwarding signal 18 to job
mpirun: Forwarding signal 18 to job
mpirun: Forwarding signal 18 to job
mpirun: Forwarding signal 18 to job
mpirun: Forwarding signal 18 to job
mpirun: Forwarding signal 18 to job
mpirun: Forwarding signal 18 to job
mpirun: Forwarding signal 18 to job
mpirun: Forwarding signal 18 to job
mpirun: Forwarding signal 18 to job
mpirun: Forwarding signal 18 to job
mpirun: Forwarding signal 18 to job
mpirun: Forwarding signal 18 to job
mpirun: Forwarding signal 18 to job
mpirun: Forwarding signal 18 to job
mpirun: Forwarding signal 18 to job
mpirun: Forwarding signal 18 to job
mpirun: Forwarding signal 18 to job
mpirun: Forwarding signal 18 to job
mpirun: Forwarding signal 18 to job
mpirun: Forwarding signal 18 to job
mpirun: Forwarding signal 18 to job
mpirun: Forwarding signal 18 to job
mpirun: Forwarding signal 18 to job
mpirun: Forwarding signal 18 to job
mpirun: Forwarding signal 18 to job
mpirun: Forwarding signal 18 to job
mpirun: Forwarding signal 18 to job
mpirun: Forwarding signal 18 to job
mpirun: Forwarding signal 18 to job
mpirun: Forwarding signal 18 to job
mpirun: Forwarding signal 18 to job
mpirun: Forwarding signal 18 to job
mpirun: Forwarding signal 18 to job
mpirun: Forwarding signal 18 to job
mpirun: Forwarding signal 18 to job
mpirun: Forwarding signal 18 to job
mpirun: Forwarding signal 18 to job
mpirun: Forwarding signal 18 to job
mpirun: Forwarding signal 18 to job
mpirun: Forwarding signal 18 to job
mpirun: Forwarding signal 18 to job
mpirun: Forwarding signal 18 to job
mpirun: Forwarding signal 18 to job
mpirun: Forwarding signal 18 to job
mpirun: Forwarding signal 18 to job
mpirun: Forwarding signal 18 to job
mpirun: Forwarding signal 18 to job
mpirun: Forwarding signal 18 to job
mpirun: Forwarding signal 18 to job
mpirun: Forwarding signal 18 to job
mpirun: Forwarding signal 18 to job
mpirun: Forwarding signal 18 to job
mpirun: Forwarding signal 18 to job
mpirun: Forwarding signal 18 to job
mpirun: Forwarding signal 18 to job
mpirun: Forwarding signal 18 to job
mpirun: Forwarding signal 18 to job
mpirun: Forwarding signal 18 to job
mpirun: Forwarding signal 18 to job
mpirun: Forwarding signal 18 to job
mpirun: Forwarding signal 18 to job
mpirun: Forwarding signal 18 to job
mpirun: Forwarding signal 18 to job
mpirun: Forwarding signal 18 to job
mpirun: Forwarding signal 18 to job
mpirun: Forwarding signal 18 to job
mpirun: abort is already in progress...hit ctrl-c again to forcibly terminate

mpirun: Forwarding signal 18 to job
mpirun: Forwarding signal 18 to job
mpirun: Forwarding signal 18 to job
mpirun: Forwarding signal 18 to job
mpirun: Forwarding signal 18 to job
mpirun: Forwarding signal 18 to job
mpirun: Forwarding signal 18 to job
mpirun: Forwarding signal 18 to job
mpirun: Forwarding signal 18 to job
mpirun: Forwarding signal 18 to job
mpirun: Forwarding signal 18 to job
mpirun: Forwarding signal 18 to job
mpirun: Forwarding signal 18 to job
mpirun: Forwarding signal 18 to job
mpirun: Forwarding signal 18 to job
mpirun: Forwarding signal 18 to job
mpirun: Forwarding signal 18 to job
mpirun: Forwarding signal 18 to job
mpirun: Forwarding signal 18 to job
mpirun: Forwarding signal 18 to job
mpirun: Forwarding signal 18 to job
mpirun: Forwarding signal 18 to job
mpirun: Forwarding signal 18 to job
mpirun: Forwarding signal 18 to job
mpirun: Forwarding signal 18 to job
mpirun: Forwarding signal 18 to job
mpirun: Forwarding signal 18 to job
mpirun: Forwarding signal 18 to job
mpirun: Forwarding signal 18 to job
mpirun: Forwarding signal 18 to job
mpirun: Forwarding signal 18 to job
mpirun: Forwarding signal 18 to job
mpirun: Forwarding signal 18 to job
mpirun: Forwarding signal 18 to job
mpirun: Forwarding signal 18 to job
mpirun: Forwarding signal 18 to job
mpirun: Forwarding signal 18 to job
mpirun: Forwarding signal 18 to job
mpirun: Forwarding signal 18 to job
mpirun: Forwarding signal 18 to job
mpirun: Forwarding signal 18 to job
mpirun: Forwarding signal 18 to job
mpirun: Forwarding signal 18 to job
mpirun: Forwarding signal 18 to job
mpirun: Forwarding signal 18 to job
mpirun: Forwarding signal 18 to job
mpirun: Forwarding signal 18 to job
mpirun: Forwarding signal 18 to job
mpirun: Forwarding signal 18 to job
mpirun: Forwarding signal 18 to job
mpirun: Forwarding signal 18 to job
mpirun: Forwarding signal 18 to job
mpirun: Forwarding signal 18 to job
mpirun: Forwarding signal 18 to job
mpirun: Forwarding signal 18 to job
mpirun: Forwarding signal 18 to job
mpirun: Forwarding signal 18 to job
mpirun: Forwarding signal 18 to job
mpirun: Forwarding signal 18 to job
mpirun: Forwarding signal 18 to job
mpirun: Forwarding signal 18 to job
mpirun: Forwarding signal 18 to job
mpirun: Forwarding signal 18 to job
mpirun: Forwarding signal 18 to job
mpirun: Forwarding signal 18 to job
mpirun: Forwarding signal 18 to job
mpirun: Forwarding signal 18 to job
mpirun: Forwarding signal 18 to job
mpirun: Forwarding signal 18 to job
mpirun: Forwarding signal 18 to job
mpirun: Forwarding signal 18 to job
mpirun: Forwarding signal 18 to job
mpirun: Forwarding signal 18 to job
mpirun: Forwarding signal 18 to job
mpirun: Forwarding signal 18 to job
mpirun: Forwarding signal 18 to job
mpirun: Forwarding signal 18 to job
mpirun: Forwarding signal 18 to job
mpirun: Forwarding signal 18 to job
mpirun: Forwarding signal 18 to job
mpirun: Forwarding signal 18 to job
mpirun: Forwarding signal 18 to job
mpirun: Forwarding signal 18 to job
mpirun: Forwarding signal 18 to job
mpirun: Forwarding signal 18 to job
mpirun: Forwarding signal 18 to job
mpirun: Forwarding signal 18 to job
mpirun: Forwarding signal 18 to job
mpirun: Forwarding signal 18 to job
mpirun: Forwarding signal 18 to job
mpirun: Forwarding signal 18 to job
mpirun: Forwarding signal 18 to job
mpirun: Forwarding signal 18 to job
mpirun: Forwarding signal 18 to job
mpirun: Forwarding signal 18 to job
mpirun: Forwarding signal 18 to job
mpirun: Forwarding signal 18 to job
mpirun: Forwarding signal 18 to job
mpirun: Forwarding signal 18 to job
mpirun: Forwarding signal 18 to job
mpirun: Forwarding signal 18 to job
mpirun: Forwarding signal 18 to job
mpirun: Forwarding signal 18 to job
mpirun: Forwarding signal 18 to job
mpirun: Forwarding signal 18 to job
mpirun: Forwarding signal 18 to job
mpirun: Forwarding signal 18 to job
mpirun: Forwarding signal 18 to job
mpirun: Forwarding signal 18 to job
mpirun: Forwarding signal 18 to job
mpirun: Forwarding signal 18 to job
mpirun: Forwarding signal 18 to job
mpirun: Forwarding signal 18 to job
mpirun: Forwarding signal 18 to job
mpirun: Forwarding signal 18 to job
mpirun: Forwarding signal 18 to job
mpirun: Forwarding signal 18 to job
mpirun: Forwarding signal 18 to job
mpirun: Forwarding signal 18 to job
mpirun: Forwarding signal 18 to job
mpirun: Forwarding signal 18 to job
mpirun: Forwarding signal 18 to job
mpirun: Forwarding signal 18 to job
mpirun: Forwarding signal 18 to job
mpirun: Forwarding signal 18 to job
mpirun: Forwarding signal 18 to job
mpirun: Forwarding signal 18 to job
mpirun: Forwarding signal 18 to job
mpirun: Forwarding signal 18 to job
mpirun: Forwarding signal 18 to job
mpirun: Forwarding signal 18 to job
mpirun: Forwarding signal 18 to job
mpirun: Forwarding signal 18 to job
mpirun: Forwarding signal 18 to job
mpirun: Forwarding signal 18 to job
mpirun: Forwarding signal 18 to job
mpirun: Forwarding signal 18 to job
mpirun: Forwarding signal 18 to job
mpirun: Forwarding signal 18 to job
mpirun: Forwarding signal 18 to job
mpirun: Forwarding signal 18 to job
mpirun: Forwarding signal 18 to job
mpirun: Forwarding signal 18 to job
mpirun: Forwarding signal 18 to job
mpirun: Forwarding signal 18 to job
mpirun: Forwarding signal 18 to job
mpirun: Forwarding signal 18 to job
mpirun: Forwarding signal 18 to job
mpirun: Forwarding signal 18 to job
mpirun: Forwarding signal 18 to job
mpirun: Forwarding signal 18 to job
mpirun: Forwarding signal 18 to job
mpirun: Forwarding signal 18 to job
mpirun: Forwarding signal 18 to job
mpirun: Forwarding signal 18 to job
mpirun: Forwarding signal 18 to job
mpirun: Forwarding signal 18 to job
mpirun: Forwarding signal 18 to job
mpirun: Forwarding signal 18 to job
mpirun: Forwarding signal 18 to job
mpirun: Forwarding signal 18 to job
mpirun: Forwarding signal 18 to job
mpirun: Forwarding signal 18 to job
mpirun: Forwarding signal 18 to job
mpirun: Forwarding signal 18 to job
mpirun: Forwarding signal 18 to job
mpirun: Forwarding signal 18 to job
mpirun: Forwarding signal 18 to job
mpirun: Forwarding signal 18 to job
mpirun: Forwarding signal 18 to job
mpirun: Forwarding signal 18 to job
mpirun: Forwarding signal 18 to job
mpirun: Forwarding signal 18 to job
mpirun: Forwarding signal 18 to job
mpirun: Forwarding signal 18 to job
mpirun: Forwarding signal 18 to job
mpirun: Forwarding signal 18 to job
mpirun: Forwarding signal 18 to job
mpirun: Forwarding signal 18 to job
mpirun: Forwarding signal 18 to job
mpirun: Forwarding signal 18 to job
mpirun: Forwarding signal 18 to job
mpirun: Forwarding signal 18 to job
mpirun: Forwarding signal 18 to job
mpirun: Forwarding signal 18 to job
mpirun: Forwarding signal 18 to job
mpirun: Forwarding signal 18 to job
mpirun: Forwarding signal 18 to job
mpirun: Forwarding signal 18 to job
mpirun: Forwarding signal 18 to job
mpirun: Forwarding signal 18 to job
mpirun: Forwarding signal 18 to job
mpirun: Forwarding signal 18 to job
mpirun: Forwarding signal 18 to job
mpirun: Forwarding signal 18 to job
mpirun: Forwarding signal 18 to job
mpirun: Forwarding signal 18 to job
mpirun: Forwarding signal 18 to job
mpirun: Forwarding signal 18 to job
mpirun: Forwarding signal 18 to job
mpirun: Forwarding signal 18 to job
mpirun: Forwarding signal 18 to job
mpirun: Forwarding signal 18 to job
mpirun: Forwarding signal 18 to job
mpirun: Forwarding signal 18 to job
mpirun: Forwarding signal 18 to job
mpirun: Forwarding signal 18 to job
mpirun: Forwarding signal 18 to job
mpirun: Forwarding signal 18 to job
mpirun: Forwarding signal 18 to job
mpirun: Forwarding signal 18 to job
mpirun: Forwarding signal 18 to job
mpirun: Forwarding signal 18 to job
mpirun: Forwarding signal 18 to job
mpirun: Forwarding signal 18 to job
mpirun: Forwarding signal 18 to job
mpirun: Forwarding signal 18 to job
mpirun: Forwarding signal 18 to job
mpirun: Forwarding signal 18 to job
mpirun: Forwarding signal 18 to job
mpirun: Forwarding signal 18 to job
mpirun: Forwarding signal 18 to job
mpirun: Forwarding signal 18 to job
mpirun: Forwarding signal 18 to job
mpirun: Forwarding signal 18 to job
mpirun: Forwarding signal 18 to job
mpirun: Forwarding signal 18 to job
mpirun: Forwarding signal 18 to job
mpirun: Forwarding signal 18 to job
mpirun: Forwarding signal 18 to job
mpirun: Forwarding signal 18 to job
mpirun: Forwarding signal 18 to job
mpirun: Forwarding signal 18 to job
mpirun: Forwarding signal 18 to job
mpirun: Forwarding signal 18 to job
mpirun: Forwarding signal 18 to job
mpirun: Forwarding signal 18 to job
mpirun: Forwarding signal 18 to job
mpirun: Forwarding signal 18 to job
mpirun: Forwarding signal 18 to job
mpirun: Forwarding signal 18 to job
mpirun: Forwarding signal 18 to job
mpirun: Forwarding signal 18 to job
mpirun: Forwarding signal 18 to job
mpirun: Forwarding signal 18 to job
mpirun: Forwarding signal 18 to job
mpirun: Forwarding signal 18 to job
mpirun: Forwarding signal 18 to job
mpirun: Forwarding signal 18 to job
mpirun: Forwarding signal 18 to job
mpirun: Forwarding signal 18 to job
mpirun: Forwarding signal 18 to job
mpirun: Forwarding signal 18 to job
mpirun: Forwarding signal 18 to job
mpirun: Forwarding signal 18 to job
mpirun: Forwarding signal 18 to job
mpirun: Forwarding signal 18 to job
mpirun: Forwarding signal 18 to job
mpirun: Forwarding signal 18 to job
mpirun: Forwarding signal 18 to job
mpirun: Forwarding signal 18 to job
mpirun: Forwarding signal 18 to job
mpirun: Forwarding signal 18 to job
mpirun: Forwarding signal 18 to job
mpirun: Forwarding signal 18 to job
mpirun: Forwarding signal 18 to job
mpirun: Forwarding signal 18 to job
mpirun: Forwarding signal 18 to job
mpirun: Forwarding signal 18 to job
mpirun: Forwarding signal 18 to job
mpirun: Forwarding signal 18 to job
mpirun: Forwarding signal 18 to job
mpirun: Forwarding signal 18 to job
mpirun: Forwarding signal 18 to job
mpirun: Forwarding signal 18 to job
mpirun: Forwarding signal 18 to job
mpirun: Forwarding signal 18 to job
mpirun: Forwarding signal 18 to job
