 Data for JOB [49702,1] offset 0

 ========================   JOB MAP   ========================

 Data for node: ivb112	Num slots: 6	Max slots: 0	Num procs: 6
 	Process OMPI jobid: [49702,1] App: 0 Process rank: 0
 	Process OMPI jobid: [49702,1] App: 0 Process rank: 1
 	Process OMPI jobid: [49702,1] App: 0 Process rank: 2
 	Process OMPI jobid: [49702,1] App: 0 Process rank: 3
 	Process OMPI jobid: [49702,1] App: 0 Process rank: 4
 	Process OMPI jobid: [49702,1] App: 0 Process rank: 5

 Data for node: ivb113	Num slots: 6	Max slots: 0	Num procs: 6
 	Process OMPI jobid: [49702,1] App: 0 Process rank: 6
 	Process OMPI jobid: [49702,1] App: 0 Process rank: 7
 	Process OMPI jobid: [49702,1] App: 0 Process rank: 8
 	Process OMPI jobid: [49702,1] App: 0 Process rank: 9
 	Process OMPI jobid: [49702,1] App: 0 Process rank: 10
 	Process OMPI jobid: [49702,1] App: 0 Process rank: 11

 =============================================================
[ivb112:40400] MCW rank 0 bound to socket 0[core 0[hwt 0]]: [B/././././././././.][./././././././././.]
[ivb112:40400] MCW rank 1 bound to socket 0[core 1[hwt 0]]: [./B/./././././././.][./././././././././.]
[ivb112:40400] MCW rank 2 bound to socket 0[core 2[hwt 0]]: [././B/././././././.][./././././././././.]
[ivb112:40400] MCW rank 3 bound to socket 0[core 3[hwt 0]]: [./././B/./././././.][./././././././././.]
[ivb112:40400] MCW rank 4 bound to socket 0[core 4[hwt 0]]: [././././B/././././.][./././././././././.]
[ivb112:40400] MCW rank 5 bound to socket 0[core 5[hwt 0]]: [./././././B/./././.][./././././././././.]
[ivb113:21692] MCW rank 11 bound to socket 0[core 5[hwt 0]]: [./././././B/./././.][./././././././././.]
[ivb113:21692] MCW rank 6 bound to socket 0[core 0[hwt 0]]: [B/././././././././.][./././././././././.]
[ivb113:21692] MCW rank 7 bound to socket 0[core 1[hwt 0]]: [./B/./././././././.][./././././././././.]
[ivb113:21692] MCW rank 8 bound to socket 0[core 2[hwt 0]]: [././B/././././././.][./././././././././.]
[ivb113:21692] MCW rank 9 bound to socket 0[core 3[hwt 0]]: [./././B/./././././.][./././././././././.]
[ivb113:21692] MCW rank 10 bound to socket 0[core 4[hwt 0]]: [././././B/././././.][./././././././././.]
0
1
2
3
4
5
1
0
2
3
4
5
/*---------------------------------------------------------------------------*\
| =========                 |                                                 |
| \\      /  F ield         | foam-extend: Open Source CFD                    |
|  \\    /   O peration     | Version:     3.1                                |
|   \\  /    A nd           | Web:         http://www.extend-project.de       |
|    \\/     M anipulation  |                                                 |
\*---------------------------------------------------------------------------*/
Build    : 3.1-e2da948002a2
Exec     : pimpleDyMFoam -parallel
Date     : May 27 2016
Time     : 22:03:06
Host     : ivb112
PID      : 40473
CtrlDict : /home-2/vplatonov/foam/foam-extend-3.1/etc/controlDict
Case     : /home/vplatonov/tests/3D-mesh1-of3.1
nProcs   : 12
Slaves : 
11
(
ivb112.40451
ivb112.40452
ivb112.40456
ivb112.40468
ivb112.40462
ivb113.21748
ivb113.21744
ivb113.21742
ivb113.21754
ivb113.21743
ivb113.21759
)

Pstream initialized with:
    floatTransfer     : 0
    nProcsSimpleSum   : 0
    commsType         : blocking
SigFpe   : Enabling floating point exception trapping (FOAM_SIGFPE).

// * * * * * * * * * * * * * * * * * * * * * * * * * * * * * * * * * * * * * //
Create time

Create dynamic mesh for time = 0

Selecting dynamicFvMesh dynamicMotionSolverFvMesh
Selecting motion solver: displacementLaplacian
Selecting motion diffusion: quadratic
Selecting motion diffusion: inverseDistance
Reading field p

Reading field U

Reading/calculating face flux field phi

Selecting incompressible transport model Newtonian
Selecting turbulence model type LESModel
Selecting LES turbulence model oneEqEddy
oneEqEddyCoeffs
{
    ce              1.048;
    ck              0.094;
}

Reading field rAU if present


Starting time loop

Courant Number mean: 0 max: 0.0007592825 velocity magnitude: 0.4779
Reading old state
Before setting displacements
GAMGPCG:  Solving for cellDisplacementx, Initial residual = 0, Final residual = 0, No Iterations 0
GAMGPCG:  Solving for cellDisplacementy, Initial residual = 0, Final residual = 0, No Iterations 0
GAMGPCG:  Solving for cellDisplacementz, Initial residual = 0, Final residual = 0, No Iterations 0
Time = 5e-06

GAMGPCG:  Solving for cellDisplacementx, Initial residual = 0, Final residual = 0, No Iterations 0
GAMGPCG:  Solving for cellDisplacementy, Initial residual = 0, Final residual = 0, No Iterations 0
GAMGPCG:  Solving for cellDisplacementz, Initial residual = 0, Final residual = 0, No Iterations 0
volume continuity errors : volume = 4.535015, max error = 0, sum local = 0, global = 0
smoothSolver:  Solving for Ux, Initial residual = 1, Final residual = 2.908938e-08, No Iterations 1
smoothSolver:  Solving for Uy, Initial residual = 1, Final residual = 3.336054e-08, No Iterations 1
smoothSolver:  Solving for Uz, Initial residual = 0.9999962, Final residual = 2.828127e-08, No Iterations 1
Created persistent data with name p
Computing AINV with droptol 0.02
GPU: 503 iters: 10.46271 s: 24.68444 GB/s
Total exec time 10.46271
 Total comm time 0.02773501Pre time 0.02460288 Post time 0.003132128
GPUBICGS:  Solving for p, Initial residual = 1, Final residual = 0.009606655, No Iterations 503
Computing AINV with droptol 0.02
GPU: 102 iters: 2.239377 s: 23.38688 GB/s
Total exec time 12.70209
 Total comm time 0.03546419Pre time 0.02996205 Post time 0.005502144
GPUBICGS:  Solving for p, Initial residual = 0.000469882, Final residual = 9.670987e-06, No Iterations 102
time step continuity errors : sum local = 2.173545e-09, global = -1.553696e-09, cumulative = -1.553696e-09
Moving mesh time step continuity errors : sum local = 2.173545e-09, global = -1.553696e-09, cumulative = -3.107393e-09
GPU: 92 iters: 2.010239 s: 23.49847 GB/s
Total exec time 14.71233
 Total comm time 0.04166214Pre time 0.0345087 Post time 0.00715344
GPUBICGS:  Solving for p, Initial residual = 0.0001099759, Final residual = 9.904065e-06, No Iterations 92
GPU: 531 iters: 11.57833 s: 23.54768 GB/s
Total exec time 26.29065
 Total comm time 0.07981994Pre time 0.06244666 Post time 0.01737328
GPUBICGS:  Solving for p, Initial residual = 4.622403e-05, Final residual = 9.88602e-08, No Iterations 531
time step continuity errors : sum local = 2.223301e-11, global = 8.474852e-14, cumulative = -3.107308e-09
Moving mesh time step continuity errors : sum local = 2.223301e-11, global = 8.474852e-14, cumulative = -3.107223e-09
smoothSolver:  Solving for k, Initial residual = 1, Final residual = 1.536238e-11, No Iterations 2
ExecutionTime = 76.52 s  ClockTime = 80 s

Courant Number mean: 7.674853e-05 max: 0.002864566 velocity magnitude: 0.9549244
yForce = -12.67699
Y= -1.957183e-11
Vy= -7.828727e-06
Time = 1e-05

GAMGPCG:  Solving for cellDisplacementx, Initial residual = 0, Final residual = 0, No Iterations 0
Total solver time is 0
Total solver time is 0
Total solver time is 0
GAMGPCG:  Solving for cellDisplacementy, Initial residual = 1, Final residual = 6.449207e-09, No Iterations 1
GAMGPCG:  Solving for cellDisplacementz, Initial residual = 0, Final residual = 0, No Iterations 0
volume continuity errors : volume = 4.535015, max error = 1.032689e-08, sum local = 6.271925e-15, global = 1.907147e-18
smoothSolver:  Solving for Ux, Initial residual = 0.997541, Final residual = 9.190427e-07, No Iterations 1
smoothSolver:  Solving for Uy, Initial residual = 0.3321, Final residual = 2.397219e-06, No Iterations 1
smoothSolver:  Solving for Uz, Initial residual = 0.3213901, Final residual = 8.525126e-07, No Iterations 1
GPU: 533 iters: 11.66439 s: 23.46197 GB/s
Total exec time 37.95505
 Total comm time 0.1137879Pre time 0.0895864 Post time 0.0242015
GPUBICGS:  Solving for p, Initial residual = 0.003644576, Final residual = 1.539952e-05, No Iterations 533
GPU: 126 iters: 2.754821 s: 23.48424 GB/s
Total exec time 40.70987
 Total comm time 0.121916Pre time 0.09599843 Post time 0.0259176
GPUBICGS:  Solving for p, Initial residual = 0.00136283, Final residual = 1.332588e-05, No Iterations 126
time step continuity errors : sum local = 1.001591e-09, global = 7.301608e-11, cumulative = -3.034207e-09
Moving mesh time step continuity errors : sum local = 1.001591e-09, global = 7.301608e-11, cumulative = -2.961191e-09
GPU: 97 iters: 2.131078 s: 23.37071 GB/s
Total exec time 42.84095
 Total comm time 0.1292007Pre time 0.1011312 Post time 0.0280695
GPUBICGS:  Solving for p, Initial residual = 0.0003123177, Final residual = 8.571798e-06, No Iterations 97
GPU: 538 iters: 11.76764 s: 23.47428 GB/s
Total exec time 54.60859
 Total comm time 0.167476Pre time 0.1286942 Post time 0.03878179
GPUBICGS:  Solving for p, Initial residual = 0.0001166825, Final residual = 6.274241e-08, No Iterations 538
time step continuity errors : sum local = 4.711226e-12, global = 1.183745e-12, cumulative = -2.960008e-09
Moving mesh time step continuity errors : sum local = 4.711226e-12, global = 1.183745e-12, cumulative = -2.958824e-09
smoothSolver:  Solving for k, Initial residual = 0.008782321, Final residual = 4.940857e-09, No Iterations 1
ExecutionTime = 123.32 s  ClockTime = 127 s

Courant Number mean: 7.675229e-05 max: 0.002857132 velocity magnitude: 0.9524463
yForce = 35.85979
Y= -3.352021e-12
Vy= 1.431663e-05
Time = 1.5e-05

GAMGPCG:  Solving for cellDisplacementx, Initial residual = 0, Final residual = 0, No Iterations 0
Total solver time is 0
Total solver time is 0
Total solver time is 0
GAMGPCG:  Solving for cellDisplacementy, Initial residual = 1, Final residual = 4.873687e-09, No Iterations 1
GAMGPCG:  Solving for cellDisplacementz, Initial residual = 0, Final residual = 0, No Iterations 0
volume continuity errors : volume = 4.535015, max error = 1.117572e-08, sum local = 7.094908e-15, global = 1.242799e-18
smoothSolver:  Solving for Ux, Initial residual = 0.9921561, Final residual = 9.148541e-07, No Iterations 1
smoothSolver:  Solving for Uy, Initial residual = 0.1843656, Final residual = 1.48324e-06, No Iterations 1
smoothSolver:  Solving for Uz, Initial residual = 0.8050499, Final residual = 2.134615e-06, No Iterations 1
GPU: 518 iters: 11.30853 s: 23.51923 GB/s
Total exec time 65.91711
 Total comm time 0.2024024Pre time 0.1556865 Post time 0.04671587
GPUBICGS:  Solving for p, Initial residual = 0.002801473, Final residual = 2.706445e-05, No Iterations 518
GPU: 165 iters: 3.617728 s: 23.41788 GB/s
Total exec time 69.53484
 Total comm time 0.2148436Pre time 0.1643962 Post time 0.05044733
GPUBICGS:  Solving for p, Initial residual = 0.0825915, Final residual = 0.0008082724, No Iterations 165
time step continuity errors : sum local = 3.377534e-10, global = -2.174417e-10, cumulative = -3.176266e-09
Moving mesh time step continuity errors : sum local = 3.377534e-10, global = -2.174417e-10, cumulative = -3.393707e-09
GPU: 507 iters: 11.0557 s: 23.54622 GB/s
Total exec time 80.59054
 Total comm time 0.2505125Pre time 0.1909825 Post time 0.05952995
GPUBICGS:  Solving for p, Initial residual = 0.01893575, Final residual = 0.0001823951, No Iterations 507
GPU: 706 iters: 15.38215 s: 23.56606 GB/s
Total exec time 95.97269
 Total comm time 0.301118Pre time 0.2271616 Post time 0.07395638
GPUBICGS:  Solving for p, Initial residual = 0.007529077, Final residual = 1.212486e-08, No Iterations 706
time step continuity errors : sum local = 3.827751e-15, global = 1.351614e-15, cumulative = -3.393706e-09
Moving mesh time step continuity errors : sum local = 3.827751e-15, global = 1.351614e-15, cumulative = -3.393705e-09
smoothSolver:  Solving for k, Initial residual = 0.003835444, Final residual = 1.956937e-09, No Iterations 1
ExecutionTime = 182.22 s  ClockTime = 186 s

Courant Number mean: 7.675245e-05 max: 0.002858846 velocity magnitude: 0.9530175
yForce = -24.46759
Y= 3.045594e-11
Vy= -7.934406e-07
Time = 2e-05

GAMGPCG:  Solving for cellDisplacementx, Initial residual = 0, Final residual = 0, No Iterations 0
Total solver time is 0
Total solver time is 0
Total solver time is 0
GAMGPCG:  Solving for cellDisplacementy, Initial residual = 0.9793028, Final residual = 6.894058e-09, No Iterations 1
GAMGPCG:  Solving for cellDisplacementz, Initial residual = 0, Final residual = 0, No Iterations 0
volume continuity errors : volume = 4.535015, max error = 1.119367e-08, sum local = 7.110234e-15, global = -1.162367e-18
smoothSolver:  Solving for Ux, Initial residual = 0.05094963, Final residual = 8.649232e-08, No Iterations 1
smoothSolver:  Solving for Uy, Initial residual = 0.01337502, Final residual = 1.706176e-07, No Iterations 1
smoothSolver:  Solving for Uz, Initial residual = 0.9696166, Final residual = 2.109299e-06, No Iterations 1
GPU: 42 iters: 0.9264045 s: 23.27813 GB/s
Total exec time 96.89909
 Total comm time 0.3036074Pre time 0.2293867 Post time 0.0742207
GPUBICGS:  Solving for p, Initial residual = 0.2263246, Final residual = 0.001965253, No Iterations 42
GPU: 121 iters: 2.657697 s: 23.3765 GB/s
Total exec time 99.55679
 Total comm time 0.3115992Pre time 0.2357329 Post time 0.07586634
GPUBICGS:  Solving for p, Initial residual = 0.01212433, Final residual = 0.0001197167, No Iterations 121
time step continuity errors : sum local = 3.230929e-11, global = -1.364158e-12, cumulative = -3.395069e-09
Moving mesh time step continuity errors : sum local = 3.230929e-11, global = -1.364158e-12, cumulative = -3.396433e-09
GPU: 152 iters: 3.336605 s: 23.39043 GB/s
Total exec time 102.8934
 Total comm time 0.3209465Pre time 0.2437285 Post time 0.07721798
GPUBICGS:  Solving for p, Initial residual = 0.004201534, Final residual = 3.999371e-05, No Iterations 152
GPU: 606 iters: 13.26867 s: 23.4501 GB/s
Total exec time 116.1621
 Total comm time 0.3619002Pre time 0.2752547 Post time 0.08664554
GPUBICGS:  Solving for p, Initial residual = 0.001790424, Final residual = 5.26869e-08, No Iterations 606
time step continuity errors : sum local = 1.416809e-14, global = 1.03212e-14, cumulative = -3.396423e-09
Moving mesh time step continuity errors : sum local = 1.416809e-14, global = 1.03212e-14, cumulative = -3.396412e-09
smoothSolver:  Solving for k, Initial residual = 0.002273278, Final residual = 1.107295e-09, No Iterations 1
ExecutionTime = 221.37 s  ClockTime = 226 s

Courant Number mean: 7.675312e-05 max: 0.002856741 velocity magnitude: 0.952316
yForce = 5.623954
Y= 3.517148e-11
Vy= 2.679655e-06
Time = 2.5e-05

GAMGPCG:  Solving for cellDisplacementx, Initial residual = 0, Final residual = 0, No Iterations 0
Total solver time is 0
Total solver time is 0
Total solver time is 0
GAMGPCG:  Solving for cellDisplacementy, Initial residual = 0.1423004, Final residual = 2.80891e-09, No Iterations 1
GAMGPCG:  Solving for cellDisplacementz, Initial residual = 0, Final residual = 0, No Iterations 0
volume continuity errors : volume = 4.535015, max error = 1.397401e-08, sum local = 7.164706e-15, global = 9.737873e-19
smoothSolver:  Solving for Ux, Initial residual = 0.02709357, Final residual = 3.519685e-08, No Iterations 1
smoothSolver:  Solving for Uy, Initial residual = 0.004518493, Final residual = 6.297464e-08, No Iterations 1
smoothSolver:  Solving for Uz, Initial residual = 0.8098522, Final residual = 1.629526e-06, No Iterations 1
GPU: 9 iters: 0.2063459 s: 22.39474 GB/s
Total exec time 116.3684
 Total comm time 0.3624469Pre time 0.2757418 Post time 0.08670509
GPUBICGS:  Solving for p, Initial residual = 0.1533631, Final residual = 0.001473363, No Iterations 9
GPU: 133 iters: 2.923994 s: 23.35471 GB/s
Total exec time 119.2924
 Total comm time 0.3726283Pre time 0.282719 Post time 0.08990934
GPUBICGS:  Solving for p, Initial residual = 0.003653692, Final residual = 3.635727e-05, No Iterations 133
time step continuity errors : sum local = 8.642967e-12, global = 2.776326e-13, cumulative = -3.396135e-09
Moving mesh time step continuity errors : sum local = 8.642967e-12, global = 2.776326e-13, cumulative = -3.395857e-09
GPU: 136 iters: 2.969191 s: 23.51799 GB/s
Total exec time 122.2616
 Total comm time 0.3828844Pre time 0.2898989 Post time 0.09298557
GPUBICGS:  Solving for p, Initial residual = 0.0009179331, Final residual = 9.255065e-06, No Iterations 136
GPU: 503 iters: 10.98238 s: 23.5164 GB/s
Total exec time 133.244
 Total comm time 0.4266257Pre time 0.3163471 Post time 0.1102786
GPUBICGS:  Solving for p, Initial residual = 0.000320057, Final residual = 9.253162e-08, No Iterations 503
time step continuity errors : sum local = 2.195666e-14, global = -1.067027e-14, cumulative = -3.395868e-09
Moving mesh time step continuity errors : sum local = 2.195666e-14, global = -1.067027e-14, cumulative = -3.395878e-09
smoothSolver:  Solving for k, Initial residual = 0.001554876, Final residual = 7.438783e-10, No Iterations 1
ExecutionTime = 257.2 s  ClockTime = 262 s

Courant Number mean: 7.67531e-05 max: 0.002854617 velocity magnitude: 0.9516077
yForce = 3.868687
Y= 5.454256e-11
Vy= 5.068774e-06
Time = 3e-05

GAMGPCG:  Solving for cellDisplacementx, Initial residual = 0, Final residual = 0, No Iterations 0
Total solver time is 0
Total solver time is 0
Total solver time is 0
GAMGPCG:  Solving for cellDisplacementy, Initial residual = 0.4296567, Final residual = 3.060245e-09, No Iterations 1
GAMGPCG:  Solving for cellDisplacementz, Initial residual = 0, Final residual = 0, No Iterations 0
volume continuity errors : volume = 4.535015, max error = 1.212393e-08, sum local = 7.158058e-15, global = 5.314623e-19
smoothSolver:  Solving for Ux, Initial residual = 0.01762474, Final residual = 1.836517e-08, No Iterations 1
smoothSolver:  Solving for Uy, Initial residual = 0.001238285, Final residual = 3.226931e-08, No Iterations 1
smoothSolver:  Solving for Uz, Initial residual = 0.3267511, Final residual = 3.31756e-06, No Iterations 1
GPU: 3 iters: 0.07858163 s: 19.60197 GB/s
Total exec time 133.3226
 Total comm time 0.4273188Pre time 0.3165284 Post time 0.1107904
GPUBICGS:  Solving for p, Initial residual = 0.1088447, Final residual = 0.000726186, No Iterations 3
GPU: 50 iters: 1.098265 s: 23.37558 GB/s
Total exec time 134.4208
 Total comm time 0.4306815Pre time 0.3191089 Post time 0.1115726
GPUBICGS:  Solving for p, Initial residual = 0.001332375, Final residual = 1.071559e-05, No Iterations 50
time step continuity errors : sum local = 2.298853e-12, global = -4.137615e-14, cumulative = -3.39592e-09
Moving mesh time step continuity errors : sum local = 2.298853e-12, global = -4.137615e-14, cumulative = -3.395961e-09
GPU: 33 iters: 0.730488 s: 23.19532 GB/s
Total exec time 135.1513
 Total comm time 0.4326317Pre time 0.3208494 Post time 0.1117823
GPUBICGS:  Solving for p, Initial residual = 0.0002577499, Final residual = 9.836772e-06, No Iterations 33
GPU: 648 iters: 14.16754 s: 23.48443 GB/s
Total exec time 149.3189
 Total comm time 0.4889993Pre time 0.354695 Post time 0.1343043
GPUBICGS:  Solving for p, Initial residual = 0.0001005834, Final residual = 9.494658e-08, No Iterations 648
time step continuity errors : sum local = 2.03613e-14, global = -1.426323e-14, cumulative = -3.395975e-09
Moving mesh time step continuity errors : sum local = 2.03613e-14, global = -1.426323e-14, cumulative = -3.39599e-09
smoothSolver:  Solving for k, Initial residual = 0.001156959, Final residual = 5.465248e-10, No Iterations 1
ExecutionTime = 291.02 s  ClockTime = 296 s

Courant Number mean: 7.675326e-05 max: 0.002852248 velocity magnitude: 0.950818
yForce = -4.111628
Y= 7.353852e-11
Vy= 2.529614e-06
Time = 3.5e-05

GAMGPCG:  Solving for cellDisplacementx, Initial residual = 0, Final residual = 0, No Iterations 0
Total solver time is 0
Total solver time is 0
Total solver time is 0
GAMGPCG:  Solving for cellDisplacementy, Initial residual = 0.3242306, Final residual = 2.569477e-09, No Iterations 1
GAMGPCG:  Solving for cellDisplacementz, Initial residual = 0, Final residual = 0, No Iterations 0
volume continuity errors : volume = 4.535015, max error = 1.112362e-08, sum local = 7.15913e-15, global = -9.319912e-19
smoothSolver:  Solving for Ux, Initial residual = 0.01352874, Final residual = 1.448228e-08, No Iterations 1
smoothSolver:  Solving for Uy, Initial residual = 0.0009636302, Final residual = 2.426478e-08, No Iterations 1
smoothSolver:  Solving for Uz, Initial residual = 0.4123082, Final residual = 5.248473e-06, No Iterations 1
GPU: 2 iters: 0.05465088 s: 18.79024 GB/s
Total exec time 149.3735
 Total comm time 0.4892937Pre time 0.3548272 Post time 0.1344665
GPUBICGS:  Solving for p, Initial residual = 0.09114192, Final residual = 0.0003994748, No Iterations 2
GPU: 25 iters: 0.5563762 s: 23.07124 GB/s
Total exec time 149.9299
 Total comm time 0.4909194Pre time 0.3561432 Post time 0.1347762
GPUBICGS:  Solving for p, Initial residual = 0.0005780288, Final residual = 9.67492e-06, No Iterations 25
time step continuity errors : sum local = 1.905892e-12, global = -1.196296e-14, cumulative = -3.396002e-09
Moving mesh time step continuity errors : sum local = 1.905892e-12, global = -1.196296e-14, cumulative = -3.396014e-09
GPU: 9 iters: 0.2066823 s: 22.35829 GB/s
Total exec time 150.1366
 Total comm time 0.4914798Pre time 0.3566436 Post time 0.1348362
GPUBICGS:  Solving for p, Initial residual = 8.258609e-05, Final residual = 9.383567e-06, No Iterations 9
GPU: 285 iters: 6.223091 s: 23.51463 GB/s
Total exec time 156.3597
 Total comm time 0.5108049Pre time 0.3715112 Post time 0.1392937
GPUBICGS:  Solving for p, Initial residual = 2.939574e-05, Final residual = 8.676793e-08, No Iterations 285
time step continuity errors : sum local = 1.709014e-14, global = -1.229443e-14, cumulative = -3.396026e-09
Moving mesh time step continuity errors : sum local = 1.709014e-14, global = -1.229443e-14, cumulative = -3.396038e-09
smoothSolver:  Solving for k, Initial residual = 0.0009097722, Final residual = 4.377548e-10, No Iterations 1
ExecutionTime = 316.14 s  ClockTime = 321 s

Courant Number mean: 7.675323e-05 max: 0.002849503 velocity magnitude: 0.949903
yForce = 1.415288
Y= 8.837162e-11
Vy= 3.403627e-06
Time = 4e-05

GAMGPCG:  Solving for cellDisplacementx, Initial residual = 0, Final residual = 0, No Iterations 0
Total solver time is 0
Total solver time is 0
Total solver time is 0
GAMGPCG:  Solving for cellDisplacementy, Initial residual = 0.2204545, Final residual = 1.847787e-09, No Iterations 1
GAMGPCG:  Solving for cellDisplacementz, Initial residual = 0, Final residual = 0, No Iterations 0
volume continuity errors : volume = 4.535015, max error = 1.177764e-08, sum local = 7.167459e-15, global = -1.771699e-19
smoothSolver:  Solving for Ux, Initial residual = 0.01095177, Final residual = 1.187312e-08, No Iterations 1
smoothSolver:  Solving for Uy, Initial residual = 0.0008055604, Final residual = 1.942672e-08, No Iterations 1
smoothSolver:  Solving for Uz, Initial residual = 0.3493078, Final residual = 4.772136e-06, No Iterations 1
GPU: 2 iters: 0.05583248 s: 18.39257 GB/s
Total exec time 156.4155
 Total comm time 0.5110788Pre time 0.3716416 Post time 0.1394373
GPUBICGS:  Solving for p, Initial residual = 0.07497274, Final residual = 0.000163374, No Iterations 2
GPU: 9 iters: 0.2082287 s: 22.19225 GB/s
Total exec time 156.6237
 Total comm time 0.5116191Pre time 0.3721224 Post time 0.1394967
GPUBICGS:  Solving for p, Initial residual = 0.000306731, Final residual = 9.499987e-06, No Iterations 9
time step continuity errors : sum local = 1.738558e-12, global = -8.503353e-15, cumulative = -3.396047e-09
Moving mesh time step continuity errors : sum local = 1.738558e-12, global = -8.503353e-15, cumulative = -3.396055e-09
GPU: 2 iters: 0.05472208 s: 18.76579 GB/s
Total exec time 156.6784
 Total comm time 0.511761Pre time 0.3722488 Post time 0.1395122
GPUBICGS:  Solving for p, Initial residual = 3.622808e-05, Final residual = 9.925989e-06, No Iterations 2
GPU: 171 iters: 3.742622 s: 23.45954 GB/s
Total exec time 160.4211
 Total comm time 0.5238121Pre time 0.3812135 Post time 0.1425986
GPUBICGS:  Solving for p, Initial residual = 1.550518e-05, Final residual = 9.884381e-08, No Iterations 171
time step continuity errors : sum local = 1.808797e-14, global = -1.288793e-14, cumulative = -3.396068e-09
Moving mesh time step continuity errors : sum local = 1.808797e-14, global = -1.288793e-14, cumulative = -3.396081e-09
smoothSolver:  Solving for k, Initial residual = 0.0007437133, Final residual = 3.630124e-10, No Iterations 1
ExecutionTime = 337.94 s  ClockTime = 343 s

Courant Number mean: 7.675326e-05 max: 0.002846383 velocity magnitude: 0.948863
yForce = 0.3522472
Y= 1.059336e-10
Vy= 3.621153e-06
Time = 4.5e-05

GAMGPCG:  Solving for cellDisplacementx, Initial residual = 0, Final residual = 0, No Iterations 0
Total solver time is 0
Total solver time is 0
Total solver time is 0
GAMGPCG:  Solving for cellDisplacementy, Initial residual = 0.2252721, Final residual = 1.697238e-09, No Iterations 1
GAMGPCG:  Solving for cellDisplacementz, Initial residual = 0, Final residual = 0, No Iterations 0
volume continuity errors : volume = 4.535015, max error = 1.121622e-08, sum local = 7.166987e-15, global = 6.027643e-19
smoothSolver:  Solving for Ux, Initial residual = 0.009357162, Final residual = 1.007662e-08, No Iterations 1
smoothSolver:  Solving for Uy, Initial residual = 0.0006805383, Final residual = 1.602589e-08, No Iterations 1
smoothSolver:  Solving for Uz, Initial residual = 0.2127267, Final residual = 2.321064e-06, No Iterations 1
GPU: 2 iters: 0.0538312 s: 19.07635 GB/s
Total exec time 160.4749
 Total comm time 0.5239488Pre time 0.3813348 Post time 0.142614
GPUBICGS:  Solving for p, Initial residual = 0.06277094, Final residual = 0.0001239282, No Iterations 2
GPU: 8 iters: 0.1868206 s: 21.98693 GB/s
Total exec time 160.6617
 Total comm time 0.5244339Pre time 0.3817669 Post time 0.142667
GPUBICGS:  Solving for p, Initial residual = 0.0002278913, Final residual = 9.368367e-06, No Iterations 8
time step continuity errors : sum local = 1.606683e-12, global = -1.433745e-14, cumulative = -3.396095e-09
Moving mesh time step continuity errors : sum local = 1.606683e-12, global = -1.433745e-14, cumulative = -3.39611e-09
GPU: 2 iters: 0.05483274 s: 18.72792 GB/s
Total exec time 160.7165
 Total comm time 0.5245794Pre time 0.3818966 Post time 0.1426828
GPUBICGS:  Solving for p, Initial residual = 2.411713e-05, Final residual = 9.56751e-06, No Iterations 2
GPU: 210 iters: 4.597748 s: 23.45166 GB/s
Total exec time 165.3143
 Total comm time 0.5398408Pre time 0.3928414 Post time 0.1469994
GPUBICGS:  Solving for p, Initial residual = 1.172526e-05, Final residual = 9.879746e-08, No Iterations 210
time step continuity errors : sum local = 1.694318e-14, global = -1.26254e-14, cumulative = -3.396122e-09
Moving mesh time step continuity errors : sum local = 1.694318e-14, global = -1.26254e-14, cumulative = -3.396135e-09
smoothSolver:  Solving for k, Initial residual = 0.0006256119, Final residual = 3.112328e-10, No Iterations 1
ExecutionTime = 362.01 s  ClockTime = 367 s

Courant Number mean: 7.675325e-05 max: 0.002842882 velocity magnitude: 0.9482458
yForce = -0.617219
Y= 1.230864e-10
Vy= 3.239982e-06
Time = 5e-05

GAMGPCG:  Solving for cellDisplacementx, Initial residual = 0, Final residual = 0, No Iterations 0
Total solver time is 0
Total solver time is 0
Total solver time is 0
GAMGPCG:  Solving for cellDisplacementy, Initial residual = 0.1918419, Final residual = 1.487942e-09, No Iterations 1
GAMGPCG:  Solving for cellDisplacementz, Initial residual = 0, Final residual = 0, No Iterations 0
volume continuity errors : volume = 4.535015, max error = 1.213885e-08, sum local = 7.160967e-15, global = -7.40155e-19
smoothSolver:  Solving for Ux, Initial residual = 0.008277603, Final residual = 8.762866e-09, No Iterations 1
smoothSolver:  Solving for Uy, Initial residual = 0.0005944221, Final residual = 1.35637e-08, No Iterations 1
smoothSolver:  Solving for Uz, Initial residual = 0.3043758, Final residual = 1.484349e-06, No Iterations 1
GPU: 2 iters: 0.05473539 s: 18.76122 GB/s
Total exec time 165.369
 Total comm time 0.5399844Pre time 0.3929692 Post time 0.1470152
GPUBICGS:  Solving for p, Initial residual = 0.05636487, Final residual = 9.681079e-05, No Iterations 2
GPU: 6 iters: 0.1439654 s: 21.39895 GB/s
Total exec time 165.513
 Total comm time 0.5403652Pre time 0.3933095 Post time 0.1470556
GPUBICGS:  Solving for p, Initial residual = 0.0001782911, Final residual = 9.887281e-06, No Iterations 6
time step continuity errors : sum local = 1.599988e-12, global = -1.206007e-14, cumulative = -3.396147e-09
Moving mesh time step continuity errors : sum local = 1.599988e-12, global = -1.206007e-14, cumulative = -3.396159e-09
GPU: 2 iters: 0.05516029 s: 18.61671 GB/s
Total exec time 165.5681
 Total comm time 0.540507Pre time 0.3934359 Post time 0.1470711
GPUBICGS:  Solving for p, Initial residual = 2.007215e-05, Final residual = 9.116743e-06, No Iterations 2
GPU: 164 iters: 3.594381 s: 23.42714 GB/s
Total exec time 169.1625
 Total comm time 0.5506468Pre time 0.4017431 Post time 0.1489037
GPUBICGS:  Solving for p, Initial residual = 1.058421e-05, Final residual = 9.327679e-08, No Iterations 164
time step continuity errors : sum local = 1.509386e-14, global = -5.227515e-15, cumulative = -3.396164e-09
Moving mesh time step continuity errors : sum local = 1.509386e-14, global = -5.227515e-15, cumulative = -3.396169e-09
smoothSolver:  Solving for k, Initial residual = 0.0005378955, Final residual = 2.738427e-10, No Iterations 1
ExecutionTime = 383.59 s  ClockTime = 389 s

yForce = 0.2645693
Y= 1.396948e-10
Vy= 3.403363e-06
End

Finalising parallel run
