 Data for JOB [65324,1] offset 0

 ========================   JOB MAP   ========================

 Data for node: ivb106	Num slots: 12	Max slots: 0	Num procs: 12
 	Process OMPI jobid: [65324,1] App: 0 Process rank: 0
 	Process OMPI jobid: [65324,1] App: 0 Process rank: 1
 	Process OMPI jobid: [65324,1] App: 0 Process rank: 2
 	Process OMPI jobid: [65324,1] App: 0 Process rank: 3
 	Process OMPI jobid: [65324,1] App: 0 Process rank: 4
 	Process OMPI jobid: [65324,1] App: 0 Process rank: 5
 	Process OMPI jobid: [65324,1] App: 0 Process rank: 6
 	Process OMPI jobid: [65324,1] App: 0 Process rank: 7
 	Process OMPI jobid: [65324,1] App: 0 Process rank: 8
 	Process OMPI jobid: [65324,1] App: 0 Process rank: 9
 	Process OMPI jobid: [65324,1] App: 0 Process rank: 10
 	Process OMPI jobid: [65324,1] App: 0 Process rank: 11

 Data for node: ivb108	Num slots: 12	Max slots: 0	Num procs: 12
 	Process OMPI jobid: [65324,1] App: 0 Process rank: 12
 	Process OMPI jobid: [65324,1] App: 0 Process rank: 13
 	Process OMPI jobid: [65324,1] App: 0 Process rank: 14
 	Process OMPI jobid: [65324,1] App: 0 Process rank: 15
 	Process OMPI jobid: [65324,1] App: 0 Process rank: 16
 	Process OMPI jobid: [65324,1] App: 0 Process rank: 17
 	Process OMPI jobid: [65324,1] App: 0 Process rank: 18
 	Process OMPI jobid: [65324,1] App: 0 Process rank: 19
 	Process OMPI jobid: [65324,1] App: 0 Process rank: 20
 	Process OMPI jobid: [65324,1] App: 0 Process rank: 21
 	Process OMPI jobid: [65324,1] App: 0 Process rank: 22
 	Process OMPI jobid: [65324,1] App: 0 Process rank: 23

 =============================================================
[ivb106:29886] MCW rank 5 bound to socket 0[core 5[hwt 0]]: [./././././B/./././.][./././././././././.]
[ivb106:29886] MCW rank 6 bound to socket 0[core 6[hwt 0]]: [././././././B/././.][./././././././././.]
[ivb106:29886] MCW rank 7 bound to socket 0[core 7[hwt 0]]: [./././././././B/./.][./././././././././.]
[ivb106:29886] MCW rank 8 bound to socket 0[core 8[hwt 0]]: [././././././././B/.][./././././././././.]
[ivb106:29886] MCW rank 9 bound to socket 0[core 9[hwt 0]]: [./././././././././B][./././././././././.]
[ivb106:29886] MCW rank 10 bound to socket 1[core 10[hwt 0]]: [./././././././././.][B/././././././././.]
[ivb106:29886] MCW rank 11 bound to socket 1[core 11[hwt 0]]: [./././././././././.][./B/./././././././.]
[ivb106:29886] MCW rank 0 bound to socket 0[core 0[hwt 0]]: [B/././././././././.][./././././././././.]
[ivb106:29886] MCW rank 1 bound to socket 0[core 1[hwt 0]]: [./B/./././././././.][./././././././././.]
[ivb106:29886] MCW rank 2 bound to socket 0[core 2[hwt 0]]: [././B/././././././.][./././././././././.]
[ivb106:29886] MCW rank 3 bound to socket 0[core 3[hwt 0]]: [./././B/./././././.][./././././././././.]
[ivb106:29886] MCW rank 4 bound to socket 0[core 4[hwt 0]]: [././././B/././././.][./././././././././.]
[ivb108:21027] MCW rank 17 bound to socket 0[core 5[hwt 0]]: [./././././B/./././.][./././././././././.]
[ivb108:21027] MCW rank 18 bound to socket 0[core 6[hwt 0]]: [././././././B/././.][./././././././././.]
[ivb108:21027] MCW rank 19 bound to socket 0[core 7[hwt 0]]: [./././././././B/./.][./././././././././.]
[ivb108:21027] MCW rank 20 bound to socket 0[core 8[hwt 0]]: [././././././././B/.][./././././././././.]
[ivb108:21027] MCW rank 21 bound to socket 0[core 9[hwt 0]]: [./././././././././B][./././././././././.]
[ivb108:21027] MCW rank 22 bound to socket 1[core 10[hwt 0]]: [./././././././././.][B/././././././././.]
[ivb108:21027] MCW rank 23 bound to socket 1[core 11[hwt 0]]: [./././././././././.][./B/./././././././.]
[ivb108:21027] MCW rank 12 bound to socket 0[core 0[hwt 0]]: [B/././././././././.][./././././././././.]
[ivb108:21027] MCW rank 13 bound to socket 0[core 1[hwt 0]]: [./B/./././././././.][./././././././././.]
[ivb108:21027] MCW rank 14 bound to socket 0[core 2[hwt 0]]: [././B/././././././.][./././././././././.]
[ivb108:21027] MCW rank 15 bound to socket 0[core 3[hwt 0]]: [./././B/./././././.][./././././././././.]
[ivb108:21027] MCW rank 16 bound to socket 0[core 4[hwt 0]]: [././././B/././././.][./././././././././.]
/*---------------------------------------------------------------------------*\
| =========                 |                                                 |
| \\      /  F ield         | foam-extend: Open Source CFD                    |
|  \\    /   O peration     | Version:     3.1                                |
|   \\  /    A nd           | Web:         http://www.extend-project.de       |
|    \\/     M anipulation  |                                                 |
\*---------------------------------------------------------------------------*/
Build    : 3.1-e2da948002a2
Exec     : interFoam -parallel
Date     : May 18 2016
Time     : 16:42:17
Host     : ivb106
PID      : 29955
CtrlDict : /home-2/vplatonov/foam/foam-extend-3.1/etc/controlDict
Case     : /home/vplatonov/tests/rt12mln
nProcs   : 24
Slaves : 
23
(
ivb106.29954
ivb106.29957
ivb106.29962
ivb106.29965
ivb106.29976
ivb106.29979
ivb106.29982
ivb106.29991
ivb106.29993
ivb106.29988
ivb106.29985
ivb108.21103
ivb108.21100
ivb108.21099
ivb108.21106
ivb108.21127
ivb108.21129
ivb108.21118
ivb108.21121
ivb108.21109
ivb108.21124
ivb108.21115
ivb108.21112
)

Pstream initialized with:
    floatTransfer     : 0
    nProcsSimpleSum   : 0
    commsType         : blocking
SigFpe   : Enabling floating point exception trapping (FOAM_SIGFPE).

// * * * * * * * * * * * * * * * * * * * * * * * * * * * * * * * * * * * * * //
Create time

Create mesh for time = 0


Reading g
Reading field pd

Reading field alpha1

Reading field U

Reading/calculating face flux field phi

Reading transportProperties

Selecting incompressible transport model Newtonian
Selecting incompressible transport model Newtonian
Calculating field g.h

Selecting turbulence model type laminar
time step continuity errors : sum local = 0, global = 0, cumulative = 0
Created persistent data with name pcorr
GPUPCG:  Solving for pcorr, Initial residual = 0, Final residual = 0, No Iterations 0
time step continuity errors : sum local = 0, global = 0, cumulative = 0
Courant Number mean: 0 max: 0 velocity magnitude: 0

Starting time loop

Courant Number mean: 0 max: 0 velocity magnitude: 0
Time = 0.001

MULES: Solving for alpha1
Liquid phase volume fraction = 0.00275421  Min(alpha1) = 0  Max(alpha1) = 1
MULES: Solving for alpha1
Liquid phase volume fraction = 0.00275421  Min(alpha1) = 0  Max(alpha1) = 1
Created persistent data with name pd
Computing AINV with droptol 0.02
GPU: 7 iters: 0.174439 s: 9.2926 GB/s
GPUPCG:  Solving for pd, Initial residual = 1, Final residual = 0.0430394, No Iterations 7
Computing AINV with droptol 0.02
GPU: 180 iters: 3.20118 s: 13.021 GB/s
GPUPCG:  Solving for pd, Initial residual = 0.0260729, Final residual = 0.0012985, No Iterations 180
GPU: 916 iters: 16.1645 s: 13.1225 GB/s
GPUPCG:  Solving for pd, Initial residual = 0.00735389, Final residual = 9.6805e-08, No Iterations 916
time step continuity errors : sum local = 7.21742e-12, global = -1.67769e-24, cumulative = -1.67769e-24
ExecutionTime = 46.61 s  ClockTime = 82 s

Courant Number mean: 4.83081e-06 max: 0.00215842 velocity magnitude: 0.0337252
Time = 0.002

MULES: Solving for alpha1
Liquid phase volume fraction = 0.00275421  Min(alpha1) = 0  Max(alpha1) = 1
MULES: Solving for alpha1
Liquid phase volume fraction = 0.00275421  Min(alpha1) = 0  Max(alpha1) = 1
GPU: 685 iters: 12.0847 s: 13.1262 GB/s
GPUPCG:  Solving for pd, Initial residual = 0.00479287, Final residual = 0.000235685, No Iterations 685
GPU: 699 iters: 12.3464 s: 13.1105 GB/s
GPUPCG:  Solving for pd, Initial residual = 0.00394944, Final residual = 0.000194816, No Iterations 699
GPU: 963 iters: 16.9849 s: 13.1295 GB/s
GPUPCG:  Solving for pd, Initial residual = 0.00349883, Final residual = 9.63613e-08, No Iterations 963
time step continuity errors : sum local = 4.14643e-08, global = -4.14583e-08, cumulative = -4.14583e-08
ExecutionTime = 94.38 s  ClockTime = 132 s

Courant Number mean: 1.35694e-05 max: 0.22109 velocity magnitude: 1.72726
Time = 0.003

MULES: Solving for alpha1
Liquid phase volume fraction = 0.00275424  Min(alpha1) = -1.57516e-30  Max(alpha1) = 1
MULES: Solving for alpha1
Liquid phase volume fraction = 0.00275426  Min(alpha1) = -5.10827e-30  Max(alpha1) = 1
GPU: 701 iters: 12.3684 s: 13.1247 GB/s
GPUPCG:  Solving for pd, Initial residual = 0.00748062, Final residual = 0.000372171, No Iterations 701
GPU: 663 iters: 11.7201 s: 13.0998 GB/s
GPUPCG:  Solving for pd, Initial residual = 0.00520925, Final residual = 0.000253189, No Iterations 663
GPU: 928 iters: 16.4097 s: 13.0957 GB/s
GPUPCG:  Solving for pd, Initial residual = 0.005132, Final residual = 9.83193e-08, No Iterations 928
time step continuity errors : sum local = 2.25588e-08, global = -2.25535e-08, cumulative = -6.40119e-08
ExecutionTime = 141.27 s  ClockTime = 181 s

Courant Number mean: 1.63745e-05 max: 0.133486 velocity magnitude: 1.04286
Time = 0.004

MULES: Solving for alpha1
Liquid phase volume fraction = 0.00275427  Min(alpha1) = -6.33013e-30  Max(alpha1) = 1
MULES: Solving for alpha1
Liquid phase volume fraction = 0.00275428  Min(alpha1) = -1.57131e-29  Max(alpha1) = 1
GPU: 700 iters: 12.3534 s: 13.1218 GB/s
GPUPCG:  Solving for pd, Initial residual = 0.00849397, Final residual = 0.000418825, No Iterations 700
Computing AINV with droptol 0.02
GPU: 687 iters: 12.1459 s: 13.0982 GB/s
GPUPCG:  Solving for pd, Initial residual = 0.00720099, Final residual = 0.000347056, No Iterations 687
GPU: 961 iters: 16.9571 s: 13.1237 GB/s
GPUPCG:  Solving for pd, Initial residual = 0.00670014, Final residual = 9.95965e-08, No Iterations 961
time step continuity errors : sum local = 1.06527e-08, global = -1.06477e-08, cumulative = -7.46596e-08
ExecutionTime = 189.09 s  ClockTime = 231 s

Courant Number mean: 2.03279e-05 max: 0.0759194 velocity magnitude: 0.59312
Time = 0.005

MULES: Solving for alpha1
Liquid phase volume fraction = 0.00275429  Min(alpha1) = -6.59941e-30  Max(alpha1) = 1
MULES: Solving for alpha1
Liquid phase volume fraction = 0.00275429  Min(alpha1) = -1.42779e-29  Max(alpha1) = 1
GPU: 699 iters: 12.352 s: 13.1046 GB/s
GPUPCG:  Solving for pd, Initial residual = 0.00674849, Final residual = 0.000332294, No Iterations 699
GPU: 662 iters: 11.6861 s: 13.1181 GB/s
GPUPCG:  Solving for pd, Initial residual = 0.00591396, Final residual = 0.000286999, No Iterations 662
GPU: 937 iters: 16.5256 s: 13.13 GB/s
GPUPCG:  Solving for pd, Initial residual = 0.00570679, Final residual = 9.8905e-08, No Iterations 937
time step continuity errors : sum local = 2.48302e-09, global = -2.47831e-09, cumulative = -7.71379e-08
ExecutionTime = 235.92 s  ClockTime = 279 s

Courant Number mean: 2.44337e-05 max: 0.0288149 velocity magnitude: 0.302731
Time = 0.006

MULES: Solving for alpha1
Liquid phase volume fraction = 0.00275429  Min(alpha1) = -1.6009e-29  Max(alpha1) = 1
MULES: Solving for alpha1
Liquid phase volume fraction = 0.00275429  Min(alpha1) = -2.58632e-29  Max(alpha1) = 1
GPU: 703 iters: 12.4335 s: 13.0931 GB/s
GPUPCG:  Solving for pd, Initial residual = 0.00747068, Final residual = 0.000369847, No Iterations 703
GPU: 773 iters: 13.669 s: 13.0956 GB/s
GPUPCG:  Solving for pd, Initial residual = 0.00567847, Final residual = 0.000274701, No Iterations 773
GPU: 1000 iters: 17.7134 s: 13.0732 GB/s
GPUPCG:  Solving for pd, Initial residual = 0.00559318, Final residual = 1.74647e-06, No Iterations 1000
time step continuity errors : sum local = 1.10314e-10, global = 2.86577e-11, cumulative = -7.71092e-08
ExecutionTime = 286.02 s  ClockTime = 331 s

Courant Number mean: 2.93695e-05 max: 0.0329321 velocity magnitude: 0.257283
Time = 0.007

MULES: Solving for alpha1
Liquid phase volume fraction = 0.00275429  Min(alpha1) = -2.64158e-29  Max(alpha1) = 1
MULES: Solving for alpha1
Liquid phase volume fraction = 0.00275429  Min(alpha1) = -3.87444e-29  Max(alpha1) = 1
Computing AINV with droptol 0.02
GPU: 718 iters: 12.6985 s: 13.0935 GB/s
GPUPCG:  Solving for pd, Initial residual = 0.00717701, Final residual = 0.000357965, No Iterations 718
GPU: 653 iters: 11.5403 s: 13.1032 GB/s
GPUPCG:  Solving for pd, Initial residual = 0.00462045, Final residual = 0.000230585, No Iterations 653
GPU: 873 iters: 15.3909 s: 13.1351 GB/s
GPUPCG:  Solving for pd, Initial residual = 0.00419127, Final residual = 9.7817e-08, No Iterations 873
time step continuity errors : sum local = 1.46923e-10, global = 1.42348e-10, cumulative = -7.69669e-08
ExecutionTime = 332.19 s  ClockTime = 379 s

Courant Number mean: 3.44709e-05 max: 0.00920698 velocity magnitude: 0.1304
Time = 0.008

MULES: Solving for alpha1
Liquid phase volume fraction = 0.00275429  Min(alpha1) = -5.84806e-29  Max(alpha1) = 1
MULES: Solving for alpha1
Liquid phase volume fraction = 0.00275429  Min(alpha1) = -5.51846e-29  Max(alpha1) = 1
GPU: 710 iters: 12.5361 s: 13.1153 GB/s
GPUPCG:  Solving for pd, Initial residual = 0.00759943, Final residual = 0.000373196, No Iterations 710
GPU: 306 iters: 5.41488 s: 13.0863 GB/s
GPUPCG:  Solving for pd, Initial residual = 0.0044851, Final residual = 0.000221978, No Iterations 306
GPU: 839 iters: 14.8261 s: 13.1044 GB/s
GPUPCG:  Solving for pd, Initial residual = 0.00419646, Final residual = 9.48403e-08, No Iterations 839
time step continuity errors : sum local = 1.57589e-10, global = 1.53182e-10, cumulative = -7.68137e-08
ExecutionTime = 371.71 s  ClockTime = 420 s

Courant Number mean: 3.95934e-05 max: 0.0090421 velocity magnitude: 0.140312
Time = 0.009

MULES: Solving for alpha1
Liquid phase volume fraction = 0.00275429  Min(alpha1) = -6.54252e-29  Max(alpha1) = 1
MULES: Solving for alpha1
Liquid phase volume fraction = 0.00275429  Min(alpha1) = -4.4872e-29  Max(alpha1) = 1
GPU: 713 iters: 12.6206 s: 13.0826 GB/s
GPUPCG:  Solving for pd, Initial residual = 0.00747632, Final residual = 0.000359298, No Iterations 713
GPU: 314 iters: 5.55717 s: 13.0846 GB/s
GPUPCG:  Solving for pd, Initial residual = 0.00467882, Final residual = 0.000231977, No Iterations 314
GPU: 843 iters: 14.9652 s: 13.0445 GB/s
GPUPCG:  Solving for pd, Initial residual = 0.00415625, Final residual = 9.66956e-08, No Iterations 843
time step continuity errors : sum local = 6.48609e-12, global = 2.00503e-12, cumulative = -7.68117e-08
ExecutionTime = 411.65 s  ClockTime = 461 s

Courant Number mean: 4.47251e-05 max: 0.00972276 velocity magnitude: 0.149316
Time = 0.01

MULES: Solving for alpha1
Liquid phase volume fraction = 0.00275429  Min(alpha1) = -3.40053e-29  Max(alpha1) = 1
MULES: Solving for alpha1
Liquid phase volume fraction = 0.00275429  Min(alpha1) = -5.33677e-29  Max(alpha1) = 1
GPU: 713 iters: 12.6192 s: 13.084 GB/s
GPUPCG:  Solving for pd, Initial residual = 0.0080898, Final residual = 0.000398129, No Iterations 713
Computing AINV with droptol 0.02
GPU: 303 iters: 5.37396 s: 13.0566 GB/s
GPUPCG:  Solving for pd, Initial residual = 0.0046679, Final residual = 0.000232036, No Iterations 303
GPU: 826 iters: 14.5881 s: 13.1118 GB/s
GPUPCG:  Solving for pd, Initial residual = 0.00432108, Final residual = 9.78406e-08, No Iterations 826
time step continuity errors : sum local = 4.62609e-11, global = -4.17516e-11, cumulative = -7.68535e-08
ExecutionTime = 450.93 s  ClockTime = 502 s

End

Finalising parallel run
