 Data for JOB [64088,1] offset 0

 ========================   JOB MAP   ========================

 Data for node: ivb106	Num slots: 6	Max slots: 0	Num procs: 6
 	Process OMPI jobid: [64088,1] App: 0 Process rank: 0
 	Process OMPI jobid: [64088,1] App: 0 Process rank: 1
 	Process OMPI jobid: [64088,1] App: 0 Process rank: 2
 	Process OMPI jobid: [64088,1] App: 0 Process rank: 3
 	Process OMPI jobid: [64088,1] App: 0 Process rank: 4
 	Process OMPI jobid: [64088,1] App: 0 Process rank: 5

 Data for node: ivb108	Num slots: 6	Max slots: 0	Num procs: 6
 	Process OMPI jobid: [64088,1] App: 0 Process rank: 6
 	Process OMPI jobid: [64088,1] App: 0 Process rank: 7
 	Process OMPI jobid: [64088,1] App: 0 Process rank: 8
 	Process OMPI jobid: [64088,1] App: 0 Process rank: 9
 	Process OMPI jobid: [64088,1] App: 0 Process rank: 10
 	Process OMPI jobid: [64088,1] App: 0 Process rank: 11

 Data for node: ivb109	Num slots: 6	Max slots: 0	Num procs: 6
 	Process OMPI jobid: [64088,1] App: 0 Process rank: 12
 	Process OMPI jobid: [64088,1] App: 0 Process rank: 13
 	Process OMPI jobid: [64088,1] App: 0 Process rank: 14
 	Process OMPI jobid: [64088,1] App: 0 Process rank: 15
 	Process OMPI jobid: [64088,1] App: 0 Process rank: 16
 	Process OMPI jobid: [64088,1] App: 0 Process rank: 17

 Data for node: ivb110	Num slots: 6	Max slots: 0	Num procs: 6
 	Process OMPI jobid: [64088,1] App: 0 Process rank: 18
 	Process OMPI jobid: [64088,1] App: 0 Process rank: 19
 	Process OMPI jobid: [64088,1] App: 0 Process rank: 20
 	Process OMPI jobid: [64088,1] App: 0 Process rank: 21
 	Process OMPI jobid: [64088,1] App: 0 Process rank: 22
 	Process OMPI jobid: [64088,1] App: 0 Process rank: 23

 =============================================================
[ivb106:29130] MCW rank 0 bound to socket 0[core 0[hwt 0]]: [B/././././././././.][./././././././././.]
[ivb106:29130] MCW rank 1 bound to socket 0[core 1[hwt 0]]: [./B/./././././././.][./././././././././.]
[ivb106:29130] MCW rank 2 bound to socket 0[core 2[hwt 0]]: [././B/././././././.][./././././././././.]
[ivb106:29130] MCW rank 3 bound to socket 0[core 3[hwt 0]]: [./././B/./././././.][./././././././././.]
[ivb106:29130] MCW rank 4 bound to socket 0[core 4[hwt 0]]: [././././B/././././.][./././././././././.]
[ivb106:29130] MCW rank 5 bound to socket 0[core 5[hwt 0]]: [./././././B/./././.][./././././././././.]
[ivb109:27888] MCW rank 17 bound to socket 0[core 5[hwt 0]]: [./././././B/./././.][./././././././././.]
[ivb109:27888] MCW rank 12 bound to socket 0[core 0[hwt 0]]: [B/././././././././.][./././././././././.]
[ivb109:27888] MCW rank 13 bound to socket 0[core 1[hwt 0]]: [./B/./././././././.][./././././././././.]
[ivb109:27888] MCW rank 14 bound to socket 0[core 2[hwt 0]]: [././B/././././././.][./././././././././.]
[ivb109:27888] MCW rank 15 bound to socket 0[core 3[hwt 0]]: [./././B/./././././.][./././././././././.]
[ivb109:27888] MCW rank 16 bound to socket 0[core 4[hwt 0]]: [././././B/././././.][./././././././././.]
[ivb110:04923] MCW rank 18 bound to socket 0[core 0[hwt 0]]: [B/././././././././.][./././././././././.]
[ivb110:04923] MCW rank 19 bound to socket 0[core 1[hwt 0]]: [./B/./././././././.][./././././././././.]
[ivb110:04923] MCW rank 20 bound to socket 0[core 2[hwt 0]]: [././B/././././././.][./././././././././.]
[ivb110:04923] MCW rank 21 bound to socket 0[core 3[hwt 0]]: [./././B/./././././.][./././././././././.]
[ivb110:04923] MCW rank 22 bound to socket 0[core 4[hwt 0]]: [././././B/././././.][./././././././././.]
[ivb110:04923] MCW rank 23 bound to socket 0[core 5[hwt 0]]: [./././././B/./././.][./././././././././.]
[ivb108:20296] MCW rank 6 bound to socket 0[core 0[hwt 0]]: [B/././././././././.][./././././././././.]
[ivb108:20296] MCW rank 7 bound to socket 0[core 1[hwt 0]]: [./B/./././././././.][./././././././././.]
[ivb108:20296] MCW rank 8 bound to socket 0[core 2[hwt 0]]: [././B/././././././.][./././././././././.]
[ivb108:20296] MCW rank 9 bound to socket 0[core 3[hwt 0]]: [./././B/./././././.][./././././././././.]
[ivb108:20296] MCW rank 10 bound to socket 0[core 4[hwt 0]]: [././././B/././././.][./././././././././.]
[ivb108:20296] MCW rank 11 bound to socket 0[core 5[hwt 0]]: [./././././B/./././.][./././././././././.]
0
1
1
0
2
3
4
5
2
3
4
5
0
1
2
1
2
0
3
4
5
3
4
5
/*---------------------------------------------------------------------------*\
| =========                 |                                                 |
| \\      /  F ield         | foam-extend: Open Source CFD                    |
|  \\    /   O peration     | Version:     3.1                                |
|   \\  /    A nd           | Web:         http://www.extend-project.de       |
|    \\/     M anipulation  |                                                 |
\*---------------------------------------------------------------------------*/
Build    : 3.1-e2da948002a2
Exec     : interFoam -parallel
Date     : May 18 2016
Time     : 16:31:40
Host     : ivb106
PID      : 29179
CtrlDict : /home-2/vplatonov/foam/foam-extend-3.1/etc/controlDict
Case     : /home/vplatonov/tests/rt12mln
nProcs   : 24
Slaves : 
23
(
ivb106.29181
ivb106.29191
ivb106.29197
ivb106.29203
ivb106.29208
ivb108.20353
ivb108.20359
ivb108.20348
ivb108.20364
ivb108.20347
ivb108.20349
ivb109.27944
ivb109.27938
ivb109.27936
ivb109.27950
ivb109.27955
ivb109.27935
ivb110.4975
ivb110.4979
ivb110.4972
ivb110.4973
ivb110.4985
ivb110.4990
)

Pstream initialized with:
    floatTransfer     : 0
    nProcsSimpleSum   : 0
    commsType         : blocking
SigFpe   : Enabling floating point exception trapping (FOAM_SIGFPE).

// * * * * * * * * * * * * * * * * * * * * * * * * * * * * * * * * * * * * * //
Create time

Create mesh for time = 0


Reading g
Reading field pd

Reading field alpha1

Reading field U

Reading/calculating face flux field phi

Reading transportProperties

Selecting incompressible transport model Newtonian
Selecting incompressible transport model Newtonian
Calculating field g.h

Selecting turbulence model type laminar
time step continuity errors : sum local = 0, global = 0, cumulative = 0
Created persistent data with name pcorr
GPUPCG:  Solving for pcorr, Initial residual = 0, Final residual = 0, No Iterations 0
time step continuity errors : sum local = 0, global = 0, cumulative = 0
Courant Number mean: 0 max: 0 velocity magnitude: 0

Starting time loop

Courant Number mean: 0 max: 0 velocity magnitude: 0
Time = 0.001

MULES: Solving for alpha1
Liquid phase volume fraction = 0.00275421  Min(alpha1) = 0  Max(alpha1) = 1
MULES: Solving for alpha1
Liquid phase volume fraction = 0.00275421  Min(alpha1) = 0  Max(alpha1) = 1
Created persistent data with name pd
Computing AINV with droptol 0.02
GPU: 7 iters: 0.0786529 s: 19.8153 GB/s
GPUPCG:  Solving for pd, Initial residual = 1, Final residual = 0.0430394, No Iterations 7
Computing AINV with droptol 0.02
GPU: 180 iters: 0.743975 s: 53.868 GB/s
GPUPCG:  Solving for pd, Initial residual = 0.0260729, Final residual = 0.0012985, No Iterations 180
GPU: 916 iters: 3.74607 s: 54.4424 GB/s
GPUPCG:  Solving for pd, Initial residual = 0.00735389, Final residual = 9.67632e-08, No Iterations 916
time step continuity errors : sum local = 7.21101e-12, global = -3.20317e-24, cumulative = -3.20317e-24
ExecutionTime = 30.29 s  ClockTime = 49 s

Courant Number mean: 4.83081e-06 max: 0.00215842 velocity magnitude: 0.0337252
Time = 0.002

MULES: Solving for alpha1
Liquid phase volume fraction = 0.00275421  Min(alpha1) = 0  Max(alpha1) = 1
MULES: Solving for alpha1
Liquid phase volume fraction = 0.00275421  Min(alpha1) = 0  Max(alpha1) = 1
GPU: 685 iters: 2.78861 s: 54.6915 GB/s
GPUPCG:  Solving for pd, Initial residual = 0.00479287, Final residual = 0.000235649, No Iterations 685
GPU: 698 iters: 2.81088 s: 55.288 GB/s
GPUPCG:  Solving for pd, Initial residual = 0.0039494, Final residual = 0.000196881, No Iterations 698
GPU: 962 iters: 3.95387 s: 54.1713 GB/s
GPUPCG:  Solving for pd, Initial residual = 0.00350238, Final residual = 9.82962e-08, No Iterations 962
time step continuity errors : sum local = 4.14641e-08, global = -4.14583e-08, cumulative = -4.14583e-08
ExecutionTime = 46.18 s  ClockTime = 65 s

Courant Number mean: 1.35694e-05 max: 0.22109 velocity magnitude: 1.72726
Time = 0.003

MULES: Solving for alpha1
Liquid phase volume fraction = 0.00275424  Min(alpha1) = -8.79185e-31  Max(alpha1) = 1
MULES: Solving for alpha1
Liquid phase volume fraction = 0.00275426  Min(alpha1) = -5.51453e-30  Max(alpha1) = 1
GPU: 701 iters: 2.74427 s: 56.8732 GB/s
GPUPCG:  Solving for pd, Initial residual = 0.00748137, Final residual = 0.000370915, No Iterations 701
GPU: 663 iters: 2.72123 s: 54.2458 GB/s
GPUPCG:  Solving for pd, Initial residual = 0.00520845, Final residual = 0.000257, No Iterations 663
GPU: 928 iters: 3.74917 s: 55.1099 GB/s
GPUPCG:  Solving for pd, Initial residual = 0.00513542, Final residual = 9.7606e-08, No Iterations 928
time step continuity errors : sum local = 2.25587e-08, global = -2.25535e-08, cumulative = -6.40118e-08
ExecutionTime = 61.52 s  ClockTime = 80 s

Courant Number mean: 1.63745e-05 max: 0.133485 velocity magnitude: 1.04285
Time = 0.004

MULES: Solving for alpha1
Liquid phase volume fraction = 0.00275427  Min(alpha1) = -3.77706e-30  Max(alpha1) = 1
MULES: Solving for alpha1
Liquid phase volume fraction = 0.00275428  Min(alpha1) = -4.23925e-30  Max(alpha1) = 1
GPU: 700 iters: 2.83549 s: 54.9651 GB/s
GPUPCG:  Solving for pd, Initial residual = 0.00849414, Final residual = 0.000421565, No Iterations 700
GPU: 687 iters: 2.83265 s: 53.9985 GB/s
GPUPCG:  Solving for pd, Initial residual = 0.00720404, Final residual = 0.000349775, No Iterations 687
GPU: 961 iters: 3.98916 s: 53.6363 GB/s
GPUPCG:  Solving for pd, Initial residual = 0.00670274, Final residual = 9.99481e-08, No Iterations 961
time step continuity errors : sum local = 1.06527e-08, global = -1.06477e-08, cumulative = -7.46596e-08
ExecutionTime = 77.55 s  ClockTime = 97 s

Courant Number mean: 2.03279e-05 max: 0.0759193 velocity magnitude: 0.593119
Time = 0.005

MULES: Solving for alpha1
Liquid phase volume fraction = 0.00275429  Min(alpha1) = -8.63842e-30  Max(alpha1) = 1
MULES: Solving for alpha1
Liquid phase volume fraction = 0.00275429  Min(alpha1) = -1.23165e-29  Max(alpha1) = 1
GPU: 699 iters: 2.88812 s: 53.8864 GB/s
GPUPCG:  Solving for pd, Initial residual = 0.00674833, Final residual = 0.00033489, No Iterations 699
GPU: 662 iters: 2.72572 s: 54.0746 GB/s
GPUPCG:  Solving for pd, Initial residual = 0.00591577, Final residual = 0.000291576, No Iterations 662
GPU: 937 iters: 3.88277 s: 53.7297 GB/s
GPUPCG:  Solving for pd, Initial residual = 0.00571121, Final residual = 9.90534e-08, No Iterations 937
time step continuity errors : sum local = 2.48301e-09, global = -2.47831e-09, cumulative = -7.71379e-08
ExecutionTime = 93.44 s  ClockTime = 113 s

Courant Number mean: 2.44337e-05 max: 0.0288148 velocity magnitude: 0.302731
Time = 0.006

MULES: Solving for alpha1
Liquid phase volume fraction = 0.00275429  Min(alpha1) = -2.16312e-29  Max(alpha1) = 1
MULES: Solving for alpha1
Liquid phase volume fraction = 0.00275429  Min(alpha1) = -1.56782e-29  Max(alpha1) = 1
GPU: 703 iters: 2.86488 s: 54.6345 GB/s
GPUPCG:  Solving for pd, Initial residual = 0.00747064, Final residual = 0.000364567, No Iterations 703
GPU: 680 iters: 2.82958 s: 53.5061 GB/s
GPUPCG:  Solving for pd, Initial residual = 0.00567266, Final residual = 0.00027725, No Iterations 680
GPU: 942 iters: 3.82269 s: 54.8654 GB/s
GPUPCG:  Solving for pd, Initial residual = 0.00559706, Final residual = 9.9404e-08, No Iterations 942
time step continuity errors : sum local = 3.33763e-11, global = 2.86549e-11, cumulative = -7.71092e-08
ExecutionTime = 109.32 s  ClockTime = 129 s

Courant Number mean: 2.93695e-05 max: 0.0329321 velocity magnitude: 0.257283
Time = 0.007

MULES: Solving for alpha1
Liquid phase volume fraction = 0.00275429  Min(alpha1) = -2.39795e-29  Max(alpha1) = 1
MULES: Solving for alpha1
Liquid phase volume fraction = 0.00275429  Min(alpha1) = -3.07068e-29  Max(alpha1) = 1
GPU: 706 iters: 2.84785 s: 55.1956 GB/s
GPUPCG:  Solving for pd, Initial residual = 0.00717985, Final residual = 0.000357984, No Iterations 706
GPU: 652 iters: 2.69072 s: 53.9506 GB/s
GPUPCG:  Solving for pd, Initial residual = 0.00462024, Final residual = 0.000228279, No Iterations 652
GPU: 873 iters: 3.57106 s: 54.4295 GB/s
GPUPCG:  Solving for pd, Initial residual = 0.0041887, Final residual = 9.93906e-08, No Iterations 873
time step continuity errors : sum local = 1.46996e-10, global = 1.42348e-10, cumulative = -7.69669e-08
ExecutionTime = 124.75 s  ClockTime = 145 s

Courant Number mean: 3.4471e-05 max: 0.00920696 velocity magnitude: 0.1304
Time = 0.008

MULES: Solving for alpha1
Liquid phase volume fraction = 0.00275429  Min(alpha1) = -5.10838e-29  Max(alpha1) = 1
MULES: Solving for alpha1
Liquid phase volume fraction = 0.00275429  Min(alpha1) = -5.62327e-29  Max(alpha1) = 1
GPU: 710 iters: 2.91236 s: 54.2788 GB/s
GPUPCG:  Solving for pd, Initial residual = 0.00759907, Final residual = 0.000365131, No Iterations 710
GPU: 306 iters: 1.2607 s: 54.0412 GB/s
GPUPCG:  Solving for pd, Initial residual = 0.00447502, Final residual = 0.000223565, No Iterations 306
GPU: 838 iters: 3.47332 s: 53.7176 GB/s
GPUPCG:  Solving for pd, Initial residual = 0.00419761, Final residual = 9.55946e-08, No Iterations 838
time step continuity errors : sum local = 1.57624e-10, global = 1.53182e-10, cumulative = -7.68137e-08
ExecutionTime = 138.65 s  ClockTime = 159 s

Courant Number mean: 3.95934e-05 max: 0.00904209 velocity magnitude: 0.140312
Time = 0.009

MULES: Solving for alpha1
Liquid phase volume fraction = 0.00275429  Min(alpha1) = -6.24841e-29  Max(alpha1) = 1
MULES: Solving for alpha1
Liquid phase volume fraction = 0.00275429  Min(alpha1) = -6.14192e-29  Max(alpha1) = 1
GPU: 712 iters: 2.91069 s: 54.4629 GB/s
GPUPCG:  Solving for pd, Initial residual = 0.00747576, Final residual = 0.000368452, No Iterations 712
GPU: 313 iters: 1.29993 s: 53.6093 GB/s
GPUPCG:  Solving for pd, Initial residual = 0.00468926, Final residual = 0.000231358, No Iterations 313
GPU: 841 iters: 3.39723 s: 55.1174 GB/s
GPUPCG:  Solving for pd, Initial residual = 0.004156, Final residual = 9.81407e-08, No Iterations 841
time step continuity errors : sum local = 6.553e-12, global = 2.00497e-12, cumulative = -7.68117e-08
ExecutionTime = 152.55 s  ClockTime = 173 s

Courant Number mean: 4.47251e-05 max: 0.00972275 velocity magnitude: 0.149316
Time = 0.01

MULES: Solving for alpha1
Liquid phase volume fraction = 0.00275429  Min(alpha1) = -7.26279e-29  Max(alpha1) = 1
MULES: Solving for alpha1
Liquid phase volume fraction = 0.00275429  Min(alpha1) = -4.01886e-29  Max(alpha1) = 1
GPU: 712 iters: 2.93034 s: 54.0977 GB/s
GPUPCG:  Solving for pd, Initial residual = 0.00808898, Final residual = 0.000389474, No Iterations 712
GPU: 304 iters: 1.28847 s: 52.5311 GB/s
GPUPCG:  Solving for pd, Initial residual = 0.0046584, Final residual = 0.000228599, No Iterations 304
GPU: 823 iters: 3.35518 s: 54.6136 GB/s
GPUPCG:  Solving for pd, Initial residual = 0.00431696, Final residual = 9.86804e-08, No Iterations 823
time step continuity errors : sum local = 4.62996e-11, global = -4.17517e-11, cumulative = -7.68534e-08
ExecutionTime = 166.19 s  ClockTime = 187 s

End

Finalising parallel run
