 Data for JOB [12193,1] offset 0

 ========================   JOB MAP   ========================

 Data for node: ivb108	Num slots: 6	Max slots: 0	Num procs: 6
 	Process OMPI jobid: [12193,1] App: 0 Process rank: 0
 	Process OMPI jobid: [12193,1] App: 0 Process rank: 1
 	Process OMPI jobid: [12193,1] App: 0 Process rank: 2
 	Process OMPI jobid: [12193,1] App: 0 Process rank: 3
 	Process OMPI jobid: [12193,1] App: 0 Process rank: 4
 	Process OMPI jobid: [12193,1] App: 0 Process rank: 5

 Data for node: ivb109	Num slots: 6	Max slots: 0	Num procs: 6
 	Process OMPI jobid: [12193,1] App: 0 Process rank: 6
 	Process OMPI jobid: [12193,1] App: 0 Process rank: 7
 	Process OMPI jobid: [12193,1] App: 0 Process rank: 8
 	Process OMPI jobid: [12193,1] App: 0 Process rank: 9
 	Process OMPI jobid: [12193,1] App: 0 Process rank: 10
 	Process OMPI jobid: [12193,1] App: 0 Process rank: 11

 Data for node: ivb110	Num slots: 6	Max slots: 0	Num procs: 6
 	Process OMPI jobid: [12193,1] App: 0 Process rank: 12
 	Process OMPI jobid: [12193,1] App: 0 Process rank: 13
 	Process OMPI jobid: [12193,1] App: 0 Process rank: 14
 	Process OMPI jobid: [12193,1] App: 0 Process rank: 15
 	Process OMPI jobid: [12193,1] App: 0 Process rank: 16
 	Process OMPI jobid: [12193,1] App: 0 Process rank: 17

 Data for node: ivb111	Num slots: 6	Max slots: 0	Num procs: 6
 	Process OMPI jobid: [12193,1] App: 0 Process rank: 18
 	Process OMPI jobid: [12193,1] App: 0 Process rank: 19
 	Process OMPI jobid: [12193,1] App: 0 Process rank: 20
 	Process OMPI jobid: [12193,1] App: 0 Process rank: 21
 	Process OMPI jobid: [12193,1] App: 0 Process rank: 22
 	Process OMPI jobid: [12193,1] App: 0 Process rank: 23

 =============================================================
[ivb108:07588] MCW rank 0 bound to socket 0[core 0[hwt 0]]: [B/././././././././.][./././././././././.]
[ivb108:07588] MCW rank 1 bound to socket 0[core 1[hwt 0]]: [./B/./././././././.][./././././././././.]
[ivb108:07588] MCW rank 2 bound to socket 0[core 2[hwt 0]]: [././B/././././././.][./././././././././.]
[ivb108:07588] MCW rank 3 bound to socket 0[core 3[hwt 0]]: [./././B/./././././.][./././././././././.]
[ivb108:07588] MCW rank 4 bound to socket 0[core 4[hwt 0]]: [././././B/././././.][./././././././././.]
[ivb108:07588] MCW rank 5 bound to socket 0[core 5[hwt 0]]: [./././././B/./././.][./././././././././.]
[ivb110:05836] MCW rank 17 bound to socket 0[core 5[hwt 0]]: [./././././B/./././.][./././././././././.]
[ivb110:05836] MCW rank 12 bound to socket 0[core 0[hwt 0]]: [B/././././././././.][./././././././././.]
[ivb110:05836] MCW rank 13 bound to socket 0[core 1[hwt 0]]: [./B/./././././././.][./././././././././.]
[ivb110:05836] MCW rank 14 bound to socket 0[core 2[hwt 0]]: [././B/././././././.][./././././././././.]
[ivb110:05836] MCW rank 15 bound to socket 0[core 3[hwt 0]]: [./././B/./././././.][./././././././././.]
[ivb110:05836] MCW rank 16 bound to socket 0[core 4[hwt 0]]: [././././B/././././.][./././././././././.]
[ivb109:23277] MCW rank 7 bound to socket 0[core 1[hwt 0]]: [./B/./././././././.][./././././././././.]
[ivb109:23277] MCW rank 8 bound to socket 0[core 2[hwt 0]]: [././B/././././././.][./././././././././.]
[ivb109:23277] MCW rank 9 bound to socket 0[core 3[hwt 0]]: [./././B/./././././.][./././././././././.]
[ivb109:23277] MCW rank 10 bound to socket 0[core 4[hwt 0]]: [././././B/././././.][./././././././././.]
[ivb109:23277] MCW rank 11 bound to socket 0[core 5[hwt 0]]: [./././././B/./././.][./././././././././.]
[ivb109:23277] MCW rank 6 bound to socket 0[core 0[hwt 0]]: [B/././././././././.][./././././././././.]
[ivb111:19516] MCW rank 19 bound to socket 0[core 1[hwt 0]]: [./B/./././././././.][./././././././././.]
[ivb111:19516] MCW rank 20 bound to socket 0[core 2[hwt 0]]: [././B/././././././.][./././././././././.]
[ivb111:19516] MCW rank 21 bound to socket 0[core 3[hwt 0]]: [./././B/./././././.][./././././././././.]
[ivb111:19516] MCW rank 22 bound to socket 0[core 4[hwt 0]]: [././././B/././././.][./././././././././.]
[ivb111:19516] MCW rank 23 bound to socket 0[core 5[hwt 0]]: [./././././B/./././.][./././././././././.]
[ivb111:19516] MCW rank 18 bound to socket 0[core 0[hwt 0]]: [B/././././././././.][./././././././././.]
0
1
2
3
4
5
2
1
0
3
4
5
1
0
2
0
1
2
3
4
5
3
4
5
/*---------------------------------------------------------------------------*\
| =========                 |                                                 |
| \\      /  F ield         | foam-extend: Open Source CFD                    |
|  \\    /   O peration     | Version:     3.1                                |
|   \\  /    A nd           | Web:         http://www.extend-project.de       |
|    \\/     M anipulation  |                                                 |
\*---------------------------------------------------------------------------*/
Build    : 3.1-e2da948002a2
Exec     : interFoam -parallel
Date     : May 17 2016
Time     : 16:06:55
Host     : ivb108
PID      : 7655
CtrlDict : /home-2/vplatonov/foam/foam-extend-3.1/etc/controlDict
Case     : /home/vplatonov/tests/rt12mln
nProcs   : 24
Slaves : 
23
(
ivb108.7645
ivb108.7644
ivb108.7649
ivb108.7661
ivb108.7666
ivb109.23331
ivb109.23335
ivb109.23330
ivb109.23329
ivb109.23341
ivb109.23346
ivb110.5901
ivb110.5886
ivb110.5885
ivb110.5917
ivb110.5884
ivb110.5892
ivb111.19572
ivb111.19561
ivb111.19578
ivb111.19566
ivb111.19562
ivb111.19583
)

Pstream initialized with:
    floatTransfer     : 0
    nProcsSimpleSum   : 0
    commsType         : blocking
SigFpe   : Enabling floating point exception trapping (FOAM_SIGFPE).

// * * * * * * * * * * * * * * * * * * * * * * * * * * * * * * * * * * * * * //
Create time

Create mesh for time = 0


Reading g
Reading field pd

Reading field alpha1

Reading field U

Reading/calculating face flux field phi

Reading transportProperties

Selecting incompressible transport model Newtonian
Selecting incompressible transport model Newtonian
Calculating field g.h

Selecting turbulence model type laminar
time step continuity errors : sum local = 0, global = 0, cumulative = 0
Created persistent data with name pcorr
OGPUBICGS:  Solving for pcorr, Initial residual = 0, Final residual = 0, No Iterations 0
time step continuity errors : sum local = 0, global = 0, cumulative = 0
Courant Number mean: 0 max: 0 velocity magnitude: 0

Starting time loop

Courant Number mean: 0 max: 0 velocity magnitude: 0
Time = 0.001

MULES: Solving for alpha1
Liquid phase volume fraction = 0.00275421  Min(alpha1) = 0  Max(alpha1) = 1
MULES: Solving for alpha1
Liquid phase volume fraction = 0.00275421  Min(alpha1) = 0  Max(alpha1) = 1
Created persistent data with name pd
Computing AINV with droptol 0.02
GPU: 1 iters: 0.0173458 s: 12.8381 GB/s
Total exec time 0.0173458 Total comm time 0.00325027
OGPUBICGS:  Solving for pd, Initial residual = 1, Final residual = 0.0491214, No Iterations 1
Computing AINV with droptol 0.02
GPU: 26 iters: 0.152707 s: 37.9151 GB/s
Total exec time 0.170053 Total comm time 0.059715
OGPUBICGS:  Solving for pd, Initial residual = 0.033386, Final residual = 0.00155091, No Iterations 26
GPU: 634 iters: 3.45584 s: 40.8538 GB/s
Total exec time 3.62589 Total comm time 1.36007
OGPUBICGS:  Solving for pd, Initial residual = 0.0129311, Final residual = 1.36556e-08, No Iterations 634
time step continuity errors : sum local = 1.57514e-12, global = -3.64721e-24, cumulative = -3.64721e-24
ExecutionTime = 29 s  ClockTime = 47 s

Courant Number mean: 4.8375e-06 max: 0.00215177 velocity magnitude: 0.0336214
Time = 0.002

MULES: Solving for alpha1
Liquid phase volume fraction = 0.00275421  Min(alpha1) = 0  Max(alpha1) = 1
MULES: Solving for alpha1
Liquid phase volume fraction = 0.00275421  Min(alpha1) = 0  Max(alpha1) = 1
GPU: 473 iters: 2.59764 s: 40.5489 GB/s
Total exec time 6.22353 Total comm time 2.34553
OGPUBICGS:  Solving for pd, Initial residual = 0.00502822, Final residual = 0.000209999, No Iterations 473
GPU: 513 iters: 2.80579 s: 40.7154 GB/s
Total exec time 9.02932 Total comm time 3.40735
OGPUBICGS:  Solving for pd, Initial residual = 0.00389294, Final residual = 0.000194587, No Iterations 513
GPU: 663 iters: 3.63767 s: 40.5871 GB/s
Total exec time 12.667 Total comm time 4.7879
OGPUBICGS:  Solving for pd, Initial residual = 0.00346292, Final residual = 9.35001e-08, No Iterations 663
time step continuity errors : sum local = 4.11152e-08, global = -4.11123e-08, cumulative = -4.11123e-08
ExecutionTime = 44.08 s  ClockTime = 63 s

Courant Number mean: 1.35222e-05 max: 0.219754 velocity magnitude: 1.71683
Time = 0.003

MULES: Solving for alpha1
Liquid phase volume fraction = 0.00275424  Min(alpha1) = -4.18096e-31  Max(alpha1) = 1
MULES: Solving for alpha1
Liquid phase volume fraction = 0.00275426  Min(alpha1) = -1.95046e-30  Max(alpha1) = 1
GPU: 502 iters: 2.76005 s: 40.5027 GB/s
Total exec time 15.427 Total comm time 5.83565
OGPUBICGS:  Solving for pd, Initial residual = 0.00741308, Final residual = 0.000261191, No Iterations 502
GPU: 486 iters: 2.66092 s: 40.6725 GB/s
Total exec time 18.088 Total comm time 6.83478
OGPUBICGS:  Solving for pd, Initial residual = 0.0050911, Final residual = 0.000224429, No Iterations 486
GPU: 640 iters: 3.49887 s: 40.7332 GB/s
Total exec time 21.5868 Total comm time 8.1572
OGPUBICGS:  Solving for pd, Initial residual = 0.00510203, Final residual = 1.12482e-08, No Iterations 640
time step continuity errors : sum local = 2.22605e-08, global = -2.22603e-08, cumulative = -6.33727e-08
ExecutionTime = 59.15 s  ClockTime = 78 s

Courant Number mean: 1.63398e-05 max: 0.131507 velocity magnitude: 1.0274
Time = 0.004

MULES: Solving for alpha1
Liquid phase volume fraction = 0.00275427  Min(alpha1) = -5.32895e-30  Max(alpha1) = 1
MULES: Solving for alpha1
Liquid phase volume fraction = 0.00275428  Min(alpha1) = -4.92706e-30  Max(alpha1) = 1
GPU: 577 iters: 3.15225 s: 40.7617 GB/s
Total exec time 24.7391 Total comm time 9.34256
OGPUBICGS:  Solving for pd, Initial residual = 0.00840626, Final residual = 0.000411834, No Iterations 577
GPU: 139 iters: 0.759309 s: 40.7655 GB/s
Total exec time 25.4984 Total comm time 9.6241
OGPUBICGS:  Solving for pd, Initial residual = 0.00721065, Final residual = 0.000345224, No Iterations 139
GPU: 692 iters: 3.82358 s: 40.3026 GB/s
Total exec time 29.322 Total comm time 11.0749
OGPUBICGS:  Solving for pd, Initial residual = 0.00672281, Final residual = 8.64001e-08, No Iterations 692
time step continuity errors : sum local = 1.05125e-08, global = -1.05122e-08, cumulative = -7.38849e-08
ExecutionTime = 73 s  ClockTime = 92 s

Courant Number mean: 2.03192e-05 max: 0.0739964 velocity magnitude: 0.578097
Time = 0.005

MULES: Solving for alpha1
Liquid phase volume fraction = 0.00275429  Min(alpha1) = -1.32265e-29  Max(alpha1) = 1
MULES: Solving for alpha1
Liquid phase volume fraction = 0.00275429  Min(alpha1) = -1.38796e-29  Max(alpha1) = 1
GPU: 571 iters: 3.11581 s: 40.8096 GB/s
Total exec time 32.4378 Total comm time 12.2434
OGPUBICGS:  Solving for pd, Initial residual = 0.00676028, Final residual = 0.000276139, No Iterations 571
GPU: 562 iters: 3.05729 s: 40.9351 GB/s
Total exec time 35.4951 Total comm time 13.3844
OGPUBICGS:  Solving for pd, Initial residual = 0.00580016, Final residual = 0.000134358, No Iterations 562
GPU: 610 iters: 3.34137 s: 40.6538 GB/s
Total exec time 38.8364 Total comm time 14.6323
OGPUBICGS:  Solving for pd, Initial residual = 0.00547728, Final residual = 5.09887e-08, No Iterations 610
time step continuity errors : sum local = 2.47925e-09, global = -2.47676e-09, cumulative = -7.63617e-08
ExecutionTime = 88.33 s  ClockTime = 108 s

Courant Number mean: 2.44435e-05 max: 0.0286996 velocity magnitude: 0.315592
Time = 0.006

MULES: Solving for alpha1
Liquid phase volume fraction = 0.00275429  Min(alpha1) = -2.63455e-29  Max(alpha1) = 1
MULES: Solving for alpha1
Liquid phase volume fraction = 0.00275429  Min(alpha1) = -4.11007e-29  Max(alpha1) = 1
GPU: 546 iters: 2.96413 s: 41.0197 GB/s
Total exec time 41.8006 Total comm time 15.7403
OGPUBICGS:  Solving for pd, Initial residual = 0.00735598, Final residual = 0.000342533, No Iterations 546
GPU: 588 iters: 3.21699 s: 40.7028 GB/s
Total exec time 45.0176 Total comm time 16.9452
OGPUBICGS:  Solving for pd, Initial residual = 0.00574559, Final residual = 0.00025331, No Iterations 588
GPU: 672 iters: 3.66883 s: 40.7886 GB/s
Total exec time 48.6864 Total comm time 18.3203
OGPUBICGS:  Solving for pd, Initial residual = 0.0056069, Final residual = 8.61342e-08, No Iterations 672
time step continuity errors : sum local = 1.25148e-11, global = 8.96466e-12, cumulative = -7.63527e-08
ExecutionTime = 104.1 s  ClockTime = 124 s

Courant Number mean: 2.93812e-05 max: 0.0318159 velocity magnitude: 0.248562
Time = 0.007

MULES: Solving for alpha1
Liquid phase volume fraction = 0.00275429  Min(alpha1) = -5.27783e-29  Max(alpha1) = 1
MULES: Solving for alpha1
Liquid phase volume fraction = 0.00275429  Min(alpha1) = -3.14894e-29  Max(alpha1) = 1
GPU: 492 iters: 2.69769 s: 40.6135 GB/s
Total exec time 51.3841 Total comm time 19.345
OGPUBICGS:  Solving for pd, Initial residual = 0.00711514, Final residual = 0.000352376, No Iterations 492
GPU: 491 iters: 2.68865 s: 40.6672 GB/s
Total exec time 54.0727 Total comm time 20.3569
OGPUBICGS:  Solving for pd, Initial residual = 0.00466883, Final residual = 0.000172073, No Iterations 491
GPU: 571 iters: 3.12798 s: 40.6508 GB/s
Total exec time 57.2007 Total comm time 21.5321
OGPUBICGS:  Solving for pd, Initial residual = 0.00417772, Final residual = 5.73974e-08, No Iterations 571
time step continuity errors : sum local = 1.44331e-10, global = 1.40975e-10, cumulative = -7.62117e-08
ExecutionTime = 118.6 s  ClockTime = 139 s

Courant Number mean: 3.44844e-05 max: 0.00833723 velocity magnitude: 0.130269
Time = 0.008

MULES: Solving for alpha1
Liquid phase volume fraction = 0.00275429  Min(alpha1) = -4.10626e-29  Max(alpha1) = 1
MULES: Solving for alpha1
Liquid phase volume fraction = 0.00275429  Min(alpha1) = -3.28061e-29  Max(alpha1) = 1
GPU: 515 iters: 2.8309 s: 40.5116 GB/s
Total exec time 60.0316 Total comm time 22.61
OGPUBICGS:  Solving for pd, Initial residual = 0.00753902, Final residual = 0.000370346, No Iterations 515
GPU: 511 iters: 2.80587 s: 40.5555 GB/s
Total exec time 62.8375 Total comm time 23.6683
OGPUBICGS:  Solving for pd, Initial residual = 0.00461224, Final residual = 0.000209473, No Iterations 511
GPU: 600 iters: 3.2918 s: 40.5896 GB/s
Total exec time 66.1293 Total comm time 24.9205
OGPUBICGS:  Solving for pd, Initial residual = 0.00425031, Final residual = 9.33315e-08, No Iterations 600
time step continuity errors : sum local = 1.57966e-10, global = 1.56329e-10, cumulative = -7.60554e-08
ExecutionTime = 133.63 s  ClockTime = 154 s

Courant Number mean: 3.96061e-05 max: 0.00902665 velocity magnitude: 0.140186
Time = 0.009

MULES: Solving for alpha1
Liquid phase volume fraction = 0.00275429  Min(alpha1) = -7.10579e-29  Max(alpha1) = 1
MULES: Solving for alpha1
Liquid phase volume fraction = 0.00275429  Min(alpha1) = -2.52324e-29  Max(alpha1) = 1
GPU: 512 iters: 2.81099 s: 40.561 GB/s
Total exec time 68.9403 Total comm time 25.9845
OGPUBICGS:  Solving for pd, Initial residual = 0.00743312, Final residual = 0.000322724, No Iterations 512
GPU: 501 iters: 2.74297 s: 40.6736 GB/s
Total exec time 71.6832 Total comm time 27.0156
OGPUBICGS:  Solving for pd, Initial residual = 0.00469947, Final residual = 0.000223713, No Iterations 501
GPU: 595 iters: 3.27959 s: 40.4013 GB/s
Total exec time 74.9628 Total comm time 28.2601
OGPUBICGS:  Solving for pd, Initial residual = 0.0042809, Final residual = 7.90042e-08, No Iterations 595
time step continuity errors : sum local = 3.74555e-12, global = 2.66346e-12, cumulative = -7.60528e-08
ExecutionTime = 148.53 s  ClockTime = 170 s

Courant Number mean: 4.47377e-05 max: 0.00970746 velocity magnitude: 0.149194
Time = 0.01

MULES: Solving for alpha1
Liquid phase volume fraction = 0.00275429  Min(alpha1) = -4.9443e-29  Max(alpha1) = 1
MULES: Solving for alpha1
Liquid phase volume fraction = 0.00275429  Min(alpha1) = -4.06529e-29  Max(alpha1) = 1
GPU: 494 iters: 2.70482 s: 40.671 GB/s
Total exec time 77.6676 Total comm time 29.273
OGPUBICGS:  Solving for pd, Initial residual = 0.00795792, Final residual = 0.000291284, No Iterations 494
GPU: 454 iters: 2.47486 s: 40.8509 GB/s
Total exec time 80.1425 Total comm time 30.1849
OGPUBICGS:  Solving for pd, Initial residual = 0.00457138, Final residual = 0.000222569, No Iterations 454
GPU: 576 iters: 3.19286 s: 40.1735 GB/s
Total exec time 83.3354 Total comm time 31.4043
OGPUBICGS:  Solving for pd, Initial residual = 0.00433028, Final residual = 7.48488e-08, No Iterations 576
time step continuity errors : sum local = 4.72213e-11, global = -4.21625e-11, cumulative = -7.60949e-08
ExecutionTime = 163 s  ClockTime = 185 s

End

Finalising parallel run
