 Data for JOB [316,1] offset 0

 ========================   JOB MAP   ========================

 Data for node: ivb110	Num slots: 4	Max slots: 0	Num procs: 4
 	Process OMPI jobid: [316,1] App: 0 Process rank: 0
 	Process OMPI jobid: [316,1] App: 0 Process rank: 1
 	Process OMPI jobid: [316,1] App: 0 Process rank: 2
 	Process OMPI jobid: [316,1] App: 0 Process rank: 3

 Data for node: ivb111	Num slots: 4	Max slots: 0	Num procs: 4
 	Process OMPI jobid: [316,1] App: 0 Process rank: 4
 	Process OMPI jobid: [316,1] App: 0 Process rank: 5
 	Process OMPI jobid: [316,1] App: 0 Process rank: 6
 	Process OMPI jobid: [316,1] App: 0 Process rank: 7

 Data for node: ivb112	Num slots: 4	Max slots: 0	Num procs: 4
 	Process OMPI jobid: [316,1] App: 0 Process rank: 8
 	Process OMPI jobid: [316,1] App: 0 Process rank: 9
 	Process OMPI jobid: [316,1] App: 0 Process rank: 10
 	Process OMPI jobid: [316,1] App: 0 Process rank: 11

 =============================================================
[ivb110:40772] MCW rank 0 bound to socket 0[core 0[hwt 0]]: [B/././././././././.][./././././././././.]
[ivb110:40772] MCW rank 1 bound to socket 0[core 1[hwt 0]]: [./B/./././././././.][./././././././././.]
[ivb110:40772] MCW rank 2 bound to socket 0[core 2[hwt 0]]: [././B/././././././.][./././././././././.]
[ivb110:40772] MCW rank 3 bound to socket 0[core 3[hwt 0]]: [./././B/./././././.][./././././././././.]
[ivb112:31318] MCW rank 10 bound to socket 0[core 2[hwt 0]]: [././B/././././././.][./././././././././.]
[ivb112:31318] MCW rank 11 bound to socket 0[core 3[hwt 0]]: [./././B/./././././.][./././././././././.]
[ivb112:31318] MCW rank 8 bound to socket 0[core 0[hwt 0]]: [B/././././././././.][./././././././././.]
[ivb112:31318] MCW rank 9 bound to socket 0[core 1[hwt 0]]: [./B/./././././././.][./././././././././.]
[ivb111:08139] MCW rank 6 bound to socket 0[core 2[hwt 0]]: [././B/././././././.][./././././././././.]
[ivb111:08139] MCW rank 7 bound to socket 0[core 3[hwt 0]]: [./././B/./././././.][./././././././././.]
[ivb111:08139] MCW rank 4 bound to socket 0[core 0[hwt 0]]: [B/././././././././.][./././././././././.]
[ivb111:08139] MCW rank 5 bound to socket 0[core 1[hwt 0]]: [./B/./././././././.][./././././././././.]
1
3
0
2
0
3
1
2
2
0
1
3
/*---------------------------------------------------------------------------*\
| =========                 |                                                 |
| \\      /  F ield         | foam-extend: Open Source CFD                    |
|  \\    /   O peration     | Version:     3.1                                |
|   \\  /    A nd           | Web:         http://www.extend-project.de       |
|    \\/     M anipulation  |                                                 |
\*---------------------------------------------------------------------------*/
Build    : 3.1-e2da948002a2
Exec     : interFoam -parallel
Date     : May 19 2016
Time     : 16:39:22
Host     : ivb110
PID      : 40825
CtrlDict : /home-2/vplatonov/foam/foam-extend-3.1/etc/controlDict
Case     : /home/vplatonov/tests/rt12mln
nProcs   : 12
Slaves : 
11
(
ivb110.40820
ivb110.40817
ivb110.40818
ivb111.8177
ivb111.8179
ivb111.8176
ivb111.8184
ivb112.31363
ivb112.31355
ivb112.31358
ivb112.31356
)

Pstream initialized with:
    floatTransfer     : 0
    nProcsSimpleSum   : 0
    commsType         : blocking
SigFpe   : Enabling floating point exception trapping (FOAM_SIGFPE).

// * * * * * * * * * * * * * * * * * * * * * * * * * * * * * * * * * * * * * //
Create time

Create mesh for time = 0


Reading g
Reading field pd

Reading field alpha1

Reading field U

Reading/calculating face flux field phi

Reading transportProperties

Selecting incompressible transport model Newtonian
Selecting incompressible transport model Newtonian
Calculating field g.h

Selecting turbulence model type laminar
time step continuity errors : sum local = 0, global = 0, cumulative = 0
Created persistent data with name pcorr
OGPUPCG:  Solving for pcorr, Initial residual = 0, Final residual = 0, No Iterations 0
time step continuity errors : sum local = 0, global = 0, cumulative = 0
Courant Number mean: 0 max: 0 velocity magnitude: 0

Starting time loop

Courant Number mean: 0 max: 0 velocity magnitude: 0
Time = 0.001

MULES: Solving for alpha1
Liquid phase volume fraction = 0.00275421  Min(alpha1) = 0  Max(alpha1) = 1
MULES: Solving for alpha1
Liquid phase volume fraction = 0.00275421  Min(alpha1) = 0  Max(alpha1) = 1
Created persistent data with name pd
Computing AINV with droptol 0.02
GPU: 6 iters: 0.0302902 s: 88.212 GB/s
OGPUPCG:  Solving for pd, Initial residual = 1, Final residual = 0.0430394, No Iterations 6
Computing AINV with droptol 0.02
GPU: 179 iters: 0.803153 s: 99.2507 GB/s
OGPUPCG:  Solving for pd, Initial residual = 0.0260729, Final residual = 0.00130256, No Iterations 179
GPU: 913 iters: 3.99159 s: 101.86 GB/s
OGPUPCG:  Solving for pd, Initial residual = 0.00735957, Final residual = 9.75251e-08, No Iterations 913
time step continuity errors : sum local = 7.25659e-12, global = -4.56891e-24, cumulative = -4.56891e-24
ExecutionTime = 51.58 s  ClockTime = 67 s

Courant Number mean: 4.82424e-06 max: 0.00215842 velocity magnitude: 0.0337252
Time = 0.002

MULES: Solving for alpha1
Liquid phase volume fraction = 0.00275421  Min(alpha1) = 0  Max(alpha1) = 1
MULES: Solving for alpha1
Liquid phase volume fraction = 0.00275421  Min(alpha1) = 0  Max(alpha1) = 1
GPU: 684 iters: 3.00762 s: 101.277 GB/s
OGPUPCG:  Solving for pd, Initial residual = 0.00479326, Final residual = 0.000234721, No Iterations 684
GPU: 699 iters: 3.06535 s: 101.549 GB/s
OGPUPCG:  Solving for pd, Initial residual = 0.00394726, Final residual = 0.000194569, No Iterations 699
GPU: 959 iters: 4.20482 s: 101.566 GB/s
OGPUPCG:  Solving for pd, Initial residual = 0.00349752, Final residual = 9.99224e-08, No Iterations 959
time step continuity errors : sum local = 4.14627e-08, global = -4.1458e-08, cumulative = -4.1458e-08
ExecutionTime = 72.65 s  ClockTime = 89 s

Courant Number mean: 1.35656e-05 max: 0.221088 velocity magnitude: 1.72725
Time = 0.003

MULES: Solving for alpha1
Liquid phase volume fraction = 0.00275424  Min(alpha1) = -3.59721e-31  Max(alpha1) = 1
MULES: Solving for alpha1
Liquid phase volume fraction = 0.00275426  Min(alpha1) = -5.03652e-30  Max(alpha1) = 1
GPU: 700 iters: 3.07368 s: 101.419 GB/s
OGPUPCG:  Solving for pd, Initial residual = 0.00747959, Final residual = 0.000365677, No Iterations 700
GPU: 663 iters: 2.89909 s: 101.843 GB/s
OGPUPCG:  Solving for pd, Initial residual = 0.00520108, Final residual = 0.00025118, No Iterations 663
GPU: 926 iters: 4.0552 s: 101.69 GB/s
OGPUPCG:  Solving for pd, Initial residual = 0.00513125, Final residual = 9.73657e-08, No Iterations 926
time step continuity errors : sum local = 2.2558e-08, global = -2.25534e-08, cumulative = -6.40114e-08
ExecutionTime = 93.76 s  ClockTime = 110 s

Courant Number mean: 1.63583e-05 max: 0.133485 velocity magnitude: 1.04285
Time = 0.004

MULES: Solving for alpha1
Liquid phase volume fraction = 0.00275427  Min(alpha1) = -3.93918e-30  Max(alpha1) = 1
MULES: Solving for alpha1
Liquid phase volume fraction = 0.00275428  Min(alpha1) = -4.38804e-30  Max(alpha1) = 1
GPU: 699 iters: 3.05777 s: 101.801 GB/s
OGPUPCG:  Solving for pd, Initial residual = 0.00849338, Final residual = 0.000417647, No Iterations 699
GPU: 685 iters: 3.03748 s: 100.428 GB/s
OGPUPCG:  Solving for pd, Initial residual = 0.00720017, Final residual = 0.00034872, No Iterations 685
GPU: 960 iters: 4.23388 s: 100.975 GB/s
OGPUPCG:  Solving for pd, Initial residual = 0.00669983, Final residual = 9.98235e-08, No Iterations 960
time step continuity errors : sum local = 1.06524e-08, global = -1.06477e-08, cumulative = -7.46591e-08
ExecutionTime = 115.38 s  ClockTime = 132 s

Courant Number mean: 2.03025e-05 max: 0.0759193 velocity magnitude: 0.593119
Time = 0.005

MULES: Solving for alpha1
Liquid phase volume fraction = 0.00275429  Min(alpha1) = -7.7619e-30  Max(alpha1) = 1
MULES: Solving for alpha1
Liquid phase volume fraction = 0.00275429  Min(alpha1) = -9.20729e-30  Max(alpha1) = 1
GPU: 699 iters: 3.06794 s: 101.463 GB/s
OGPUPCG:  Solving for pd, Initial residual = 0.0067464, Final residual = 0.000329315, No Iterations 699
GPU: 661 iters: 2.91085 s: 101.126 GB/s
OGPUPCG:  Solving for pd, Initial residual = 0.00590998, Final residual = 0.000283758, No Iterations 661
GPU: 941 iters: 4.14164 s: 101.18 GB/s
OGPUPCG:  Solving for pd, Initial residual = 0.00570017, Final residual = 9.95108e-08, No Iterations 941
time step continuity errors : sum local = 2.48299e-09, global = -2.47831e-09, cumulative = -7.71374e-08
ExecutionTime = 136.75 s  ClockTime = 154 s

Courant Number mean: 2.4401e-05 max: 0.0288148 velocity magnitude: 0.302731
Time = 0.006

MULES: Solving for alpha1
Liquid phase volume fraction = 0.00275429  Min(alpha1) = -1.48905e-29  Max(alpha1) = 1
MULES: Solving for alpha1
Liquid phase volume fraction = 0.00275429  Min(alpha1) = -3.09703e-29  Max(alpha1) = 1
GPU: 700 iters: 3.05928 s: 101.896 GB/s
OGPUPCG:  Solving for pd, Initial residual = 0.00746806, Final residual = 0.000372145, No Iterations 700
GPU: 678 iters: 2.97302 s: 101.557 GB/s
OGPUPCG:  Solving for pd, Initial residual = 0.00568025, Final residual = 0.00027667, No Iterations 678
GPU: 945 iters: 4.1428 s: 101.582 GB/s
OGPUPCG:  Solving for pd, Initial residual = 0.00559465, Final residual = 9.95788e-08, No Iterations 945
time step continuity errors : sum local = 3.33099e-11, global = 2.86549e-11, cumulative = -7.71088e-08
ExecutionTime = 158.39 s  ClockTime = 175 s

Courant Number mean: 2.93299e-05 max: 0.032932 velocity magnitude: 0.257282
Time = 0.007

MULES: Solving for alpha1
Liquid phase volume fraction = 0.00275429  Min(alpha1) = -3.16442e-29  Max(alpha1) = 1
MULES: Solving for alpha1
Liquid phase volume fraction = 0.00275429  Min(alpha1) = -3.44284e-29  Max(alpha1) = 1
GPU: 704 iters: 3.08911 s: 101.489 GB/s
OGPUPCG:  Solving for pd, Initial residual = 0.00717788, Final residual = 0.000354645, No Iterations 704
GPU: 650 iters: 2.84516 s: 101.739 GB/s
OGPUPCG:  Solving for pd, Initial residual = 0.00461498, Final residual = 0.000223176, No Iterations 650
GPU: 870 iters: 3.80816 s: 101.738 GB/s
OGPUPCG:  Solving for pd, Initial residual = 0.00418281, Final residual = 9.98356e-08, No Iterations 870
time step continuity errors : sum local = 1.4701e-10, global = 1.42344e-10, cumulative = -7.69664e-08
ExecutionTime = 178.86 s  ClockTime = 196 s

Courant Number mean: 3.44245e-05 max: 0.00920699 velocity magnitude: 0.1304
Time = 0.008

MULES: Solving for alpha1
Liquid phase volume fraction = 0.00275429  Min(alpha1) = -5.40613e-29  Max(alpha1) = 1
MULES: Solving for alpha1
Liquid phase volume fraction = 0.00275429  Min(alpha1) = -6.53521e-29  Max(alpha1) = 1
GPU: 707 iters: 3.1032 s: 101.458 GB/s
OGPUPCG:  Solving for pd, Initial residual = 0.0075976, Final residual = 0.000368897, No Iterations 707
GPU: 304 iters: 1.3411 s: 100.946 GB/s
OGPUPCG:  Solving for pd, Initial residual = 0.00447835, Final residual = 0.000222131, No Iterations 304
GPU: 833 iters: 3.65019 s: 101.627 GB/s
OGPUPCG:  Solving for pd, Initial residual = 0.00419642, Final residual = 9.64831e-08, No Iterations 833
time step continuity errors : sum local = 1.57664e-10, global = 1.53181e-10, cumulative = -7.68132e-08
ExecutionTime = 197.85 s  ClockTime = 220 s

Courant Number mean: 3.95402e-05 max: 0.00904209 velocity magnitude: 0.140312
Time = 0.009

MULES: Solving for alpha1
Liquid phase volume fraction = 0.00275429  Min(alpha1) = -3.47004e-29  Max(alpha1) = 1
MULES: Solving for alpha1
Liquid phase volume fraction = 0.00275429  Min(alpha1) = -3.14552e-29  Max(alpha1) = 1
GPU: 710 iters: 3.11127 s: 101.625 GB/s
OGPUPCG:  Solving for pd, Initial residual = 0.00747572, Final residual = 0.000360802, No Iterations 710
GPU: 311 iters: 1.36165 s: 101.712 GB/s
OGPUPCG:  Solving for pd, Initial residual = 0.00467895, Final residual = 0.000233338, No Iterations 311
GPU: 839 iters: 3.6784 s: 101.574 GB/s
OGPUPCG:  Solving for pd, Initial residual = 0.00415712, Final residual = 9.79112e-08, No Iterations 839
time step continuity errors : sum local = 6.54267e-12, global = 2.00573e-12, cumulative = -7.68112e-08
ExecutionTime = 216.57 s  ClockTime = 239 s

Courant Number mean: 4.4665e-05 max: 0.00972275 velocity magnitude: 0.149316
Time = 0.01

MULES: Solving for alpha1
Liquid phase volume fraction = 0.00275429  Min(alpha1) = -3.80445e-29  Max(alpha1) = 1
MULES: Solving for alpha1
Liquid phase volume fraction = 0.00275429  Min(alpha1) = -4.02128e-29  Max(alpha1) = 1
GPU: 710 iters: 3.11652 s: 101.454 GB/s
OGPUPCG:  Solving for pd, Initial residual = 0.00808871, Final residual = 0.000389382, No Iterations 710
GPU: 302 iters: 1.3309 s: 101.051 GB/s
OGPUPCG:  Solving for pd, Initial residual = 0.00465556, Final residual = 0.000232279, No Iterations 302
GPU: 832 iters: 3.63367 s: 101.966 GB/s
OGPUPCG:  Solving for pd, Initial residual = 0.00431987, Final residual = 9.66671e-08, No Iterations 832
time step continuity errors : sum local = 4.62058e-11, global = -4.17514e-11, cumulative = -7.6853e-08
ExecutionTime = 235.09 s  ClockTime = 257 s

End

Finalising parallel run
