 Data for JOB [39620,1] offset 0

 ========================   JOB MAP   ========================

 Data for node: ivb110	Num slots: 8	Max slots: 0	Num procs: 8
 	Process OMPI jobid: [39620,1] App: 0 Process rank: 0
 	Process OMPI jobid: [39620,1] App: 0 Process rank: 1
 	Process OMPI jobid: [39620,1] App: 0 Process rank: 2
 	Process OMPI jobid: [39620,1] App: 0 Process rank: 3
 	Process OMPI jobid: [39620,1] App: 0 Process rank: 4
 	Process OMPI jobid: [39620,1] App: 0 Process rank: 5
 	Process OMPI jobid: [39620,1] App: 0 Process rank: 6
 	Process OMPI jobid: [39620,1] App: 0 Process rank: 7

 Data for node: ivb111	Num slots: 8	Max slots: 0	Num procs: 8
 	Process OMPI jobid: [39620,1] App: 0 Process rank: 8
 	Process OMPI jobid: [39620,1] App: 0 Process rank: 9
 	Process OMPI jobid: [39620,1] App: 0 Process rank: 10
 	Process OMPI jobid: [39620,1] App: 0 Process rank: 11
 	Process OMPI jobid: [39620,1] App: 0 Process rank: 12
 	Process OMPI jobid: [39620,1] App: 0 Process rank: 13
 	Process OMPI jobid: [39620,1] App: 0 Process rank: 14
 	Process OMPI jobid: [39620,1] App: 0 Process rank: 15

 Data for node: ivb112	Num slots: 8	Max slots: 0	Num procs: 8
 	Process OMPI jobid: [39620,1] App: 0 Process rank: 16
 	Process OMPI jobid: [39620,1] App: 0 Process rank: 17
 	Process OMPI jobid: [39620,1] App: 0 Process rank: 18
 	Process OMPI jobid: [39620,1] App: 0 Process rank: 19
 	Process OMPI jobid: [39620,1] App: 0 Process rank: 20
 	Process OMPI jobid: [39620,1] App: 0 Process rank: 21
 	Process OMPI jobid: [39620,1] App: 0 Process rank: 22
 	Process OMPI jobid: [39620,1] App: 0 Process rank: 23

 =============================================================
[ivb110:01212] MCW rank 1 bound to socket 0[core 1[hwt 0]]: [./B/./././././././.][./././././././././.]
[ivb110:01212] MCW rank 2 bound to socket 0[core 2[hwt 0]]: [././B/././././././.][./././././././././.]
[ivb110:01212] MCW rank 3 bound to socket 0[core 3[hwt 0]]: [./././B/./././././.][./././././././././.]
[ivb110:01212] MCW rank 4 bound to socket 0[core 4[hwt 0]]: [././././B/././././.][./././././././././.]
[ivb110:01212] MCW rank 5 bound to socket 0[core 5[hwt 0]]: [./././././B/./././.][./././././././././.]
[ivb110:01212] MCW rank 6 bound to socket 0[core 6[hwt 0]]: [././././././B/././.][./././././././././.]
[ivb110:01212] MCW rank 7 bound to socket 0[core 7[hwt 0]]: [./././././././B/./.][./././././././././.]
[ivb110:01212] MCW rank 0 bound to socket 0[core 0[hwt 0]]: [B/././././././././.][./././././././././.]
[ivb112:32326] MCW rank 18 bound to socket 0[core 2[hwt 0]]: [././B/././././././.][./././././././././.]
[ivb112:32326] MCW rank 19 bound to socket 0[core 3[hwt 0]]: [./././B/./././././.][./././././././././.]
[ivb112:32326] MCW rank 20 bound to socket 0[core 4[hwt 0]]: [././././B/././././.][./././././././././.]
[ivb112:32326] MCW rank 21 bound to socket 0[core 5[hwt 0]]: [./././././B/./././.][./././././././././.]
[ivb112:32326] MCW rank 22 bound to socket 0[core 6[hwt 0]]: [././././././B/././.][./././././././././.]
[ivb112:32326] MCW rank 23 bound to socket 0[core 7[hwt 0]]: [./././././././B/./.][./././././././././.]
[ivb112:32326] MCW rank 16 bound to socket 0[core 0[hwt 0]]: [B/././././././././.][./././././././././.]
[ivb112:32326] MCW rank 17 bound to socket 0[core 1[hwt 0]]: [./B/./././././././.][./././././././././.]
[ivb111:09156] MCW rank 10 bound to socket 0[core 2[hwt 0]]: [././B/././././././.][./././././././././.]
[ivb111:09156] MCW rank 11 bound to socket 0[core 3[hwt 0]]: [./././B/./././././.][./././././././././.]
[ivb111:09156] MCW rank 12 bound to socket 0[core 4[hwt 0]]: [././././B/././././.][./././././././././.]
[ivb111:09156] MCW rank 13 bound to socket 0[core 5[hwt 0]]: [./././././B/./././.][./././././././././.]
[ivb111:09156] MCW rank 14 bound to socket 0[core 6[hwt 0]]: [././././././B/././.][./././././././././.]
[ivb111:09156] MCW rank 15 bound to socket 0[core 7[hwt 0]]: [./././././././B/./.][./././././././././.]
[ivb111:09156] MCW rank 8 bound to socket 0[core 0[hwt 0]]: [B/././././././././.][./././././././././.]
[ivb111:09156] MCW rank 9 bound to socket 0[core 1[hwt 0]]: [./B/./././././././.][./././././././././.]
/*---------------------------------------------------------------------------*\
| =========                 |                                                 |
| \\      /  F ield         | foam-extend: Open Source CFD                    |
|  \\    /   O peration     | Version:     3.1                                |
|   \\  /    A nd           | Web:         http://www.extend-project.de       |
|    \\/     M anipulation  |                                                 |
\*---------------------------------------------------------------------------*/
Build    : 3.1-e2da948002a2
Exec     : interFoam -parallel
Date     : May 19 2016
Time     : 16:56:49
Host     : ivb110
PID      : 1265
CtrlDict : /home-2/vplatonov/foam/foam-extend-3.1/etc/controlDict
Case     : /home/vplatonov/tests/rt12mln
nProcs   : 24
Slaves : 
23
(
ivb110.1264
ivb110.1269
ivb110.1273
ivb110.1281
ivb110.1284
ivb110.1287
ivb110.1289
ivb111.9207
ivb111.9223
ivb111.9210
ivb111.9208
ivb111.9214
ivb111.9217
ivb111.9220
ivb111.9225
ivb112.32379
ivb112.32384
ivb112.32380
ivb112.32393
ivb112.32395
ivb112.32381
ivb112.32387
ivb112.32390
)

Pstream initialized with:
    floatTransfer     : 0
    nProcsSimpleSum   : 0
    commsType         : blocking
SigFpe   : Enabling floating point exception trapping (FOAM_SIGFPE).

// * * * * * * * * * * * * * * * * * * * * * * * * * * * * * * * * * * * * * //
Create time

Create mesh for time = 0


Reading g
Reading field pd

Reading field alpha1

Reading field U

Reading/calculating face flux field phi

Reading transportProperties

Selecting incompressible transport model Newtonian
Selecting incompressible transport model Newtonian
Calculating field g.h

Selecting turbulence model type laminar
time step continuity errors : sum local = 0, global = 0, cumulative = 0
Created persistent data with name pcorr
OGPUPCG:  Solving for pcorr, Initial residual = 0, Final residual = 0, No Iterations 0
time step continuity errors : sum local = 0, global = 0, cumulative = 0
Courant Number mean: 0 max: 0 velocity magnitude: 0

Starting time loop

Courant Number mean: 0 max: 0 velocity magnitude: 0
Time = 0.001

MULES: Solving for alpha1
Liquid phase volume fraction = 0.00275421  Min(alpha1) = 0  Max(alpha1) = 1
MULES: Solving for alpha1
Liquid phase volume fraction = 0.00275421  Min(alpha1) = 0  Max(alpha1) = 1
Created persistent data with name pd
Computing AINV with droptol 0.02
GPU: 6 iters: 0.0780659 s: 17.684 GB/s
OGPUPCG:  Solving for pd, Initial residual = 1, Final residual = 0.0430394, No Iterations 6
Computing AINV with droptol 0.02
GPU: 200 iters: 2.30762 s: 19.9414 GB/s
OGPUPCG:  Solving for pd, Initial residual = 0.0260729, Final residual = 0.00126724, No Iterations 200
GPU: 909 iters: 10.4773 s: 19.9621 GB/s
OGPUPCG:  Solving for pd, Initial residual = 0.00733836, Final residual = 9.81148e-08, No Iterations 909
time step continuity errors : sum local = 3.54622e-11, global = -2.14128e-24, cumulative = -2.14128e-24
ExecutionTime = 44.24 s  ClockTime = 64 s

Courant Number mean: 4.832e-06 max: 0.00215843 velocity magnitude: 0.0337254
Time = 0.002

MULES: Solving for alpha1
Liquid phase volume fraction = 0.00275421  Min(alpha1) = 0  Max(alpha1) = 1
MULES: Solving for alpha1
Liquid phase volume fraction = 0.00275421  Min(alpha1) = 0  Max(alpha1) = 1
GPU: 662 iters: 7.60971 s: 20.0162 GB/s
OGPUPCG:  Solving for pd, Initial residual = 0.00478973, Final residual = 0.000238928, No Iterations 662
GPU: 698 iters: 8.00772 s: 20.0557 GB/s
OGPUPCG:  Solving for pd, Initial residual = 0.00480633, Final residual = 0.000237869, No Iterations 698
GPU: 945 iters: 10.8646 s: 20.0129 GB/s
OGPUPCG:  Solving for pd, Initial residual = 0.00368737, Final residual = 9.77171e-08, No Iterations 945
time step continuity errors : sum local = 4.73524e-08, global = -4.14588e-08, cumulative = -4.14588e-08
ExecutionTime = 78.13 s  ClockTime = 98 s

Courant Number mean: 9.67782e-06 max: 0.161322 velocity magnitude: 1.26033
Time = 0.003

MULES: Solving for alpha1
Liquid phase volume fraction = 0.00275424  Min(alpha1) = -1.05707e-30  Max(alpha1) = 1
MULES: Solving for alpha1
Liquid phase volume fraction = 0.00275426  Min(alpha1) = -1.66529e-30  Max(alpha1) = 1
GPU: 701 iters: 8.0759 s: 19.9718 GB/s
OGPUPCG:  Solving for pd, Initial residual = 0.00894691, Final residual = 0.000434039, No Iterations 701
GPU: 667 iters: 7.66822 s: 20.0135 GB/s
OGPUPCG:  Solving for pd, Initial residual = 0.00642464, Final residual = 0.000299349, No Iterations 667
GPU: 949 iters: 10.9034 s: 20.0261 GB/s
OGPUPCG:  Solving for pd, Initial residual = 0.00680287, Final residual = 9.7613e-08, No Iterations 949
time step continuity errors : sum local = 1.34544e-07, global = -2.25566e-08, cumulative = -6.40154e-08
ExecutionTime = 112.09 s  ClockTime = 140 s

Courant Number mean: 2.30038e-05 max: 0.302569 velocity magnitude: 2.36382
Time = 0.004

MULES: Solving for alpha1
Liquid phase volume fraction = 0.00275427  Min(alpha1) = -2.87496e-30  Max(alpha1) = 1
MULES: Solving for alpha1
Liquid phase volume fraction = 0.00275428  Min(alpha1) = -3.35137e-30  Max(alpha1) = 1
GPU: 677 iters: 7.76582 s: 20.0582 GB/s
OGPUPCG:  Solving for pd, Initial residual = 0.0103658, Final residual = 0.000514463, No Iterations 677
GPU: 679 iters: 7.80689 s: 20.0117 GB/s
OGPUPCG:  Solving for pd, Initial residual = 0.00954025, Final residual = 0.000453318, No Iterations 679
GPU: 954 iters: 10.9713 s: 20.007 GB/s
OGPUPCG:  Solving for pd, Initial residual = 0.00882301, Final residual = 9.72063e-08, No Iterations 954
time step continuity errors : sum local = 3.54209e-07, global = -1.06607e-08, cumulative = -7.4676e-08
ExecutionTime = 145.92 s  ClockTime = 174 s

Courant Number mean: 4.74421e-05 max: 0.939081 velocity magnitude: 7.33657
Time = 0.005

MULES: Solving for alpha1
Liquid phase volume fraction = 0.00275429  Min(alpha1) = -7.62367e-30  Max(alpha1) = 1
MULES: Solving for alpha1
Liquid phase volume fraction = 0.00275429  Min(alpha1) = -1.12778e-29  Max(alpha1) = 1
GPU: 707 iters: 8.18246 s: 19.8805 GB/s
OGPUPCG:  Solving for pd, Initial residual = 0.0157582, Final residual = 0.000766363, No Iterations 707
GPU: 692 iters: 7.90505 s: 20.1415 GB/s
OGPUPCG:  Solving for pd, Initial residual = 0.0136795, Final residual = 0.000681931, No Iterations 692
Computing AINV with droptol 0.02
GPU: 984 iters: 11.3147 s: 20.0098 GB/s
OGPUPCG:  Solving for pd, Initial residual = 0.0136184, Final residual = 9.94073e-08, No Iterations 984
time step continuity errors : sum local = 8.18855e-07, global = -2.46681e-09, cumulative = -7.71428e-08
ExecutionTime = 180.6 s  ClockTime = 209 s

Courant Number mean: 9.29975e-05 max: 2.19897 velocity magnitude: 17.1794
Time = 0.006

MULES: Solving for alpha1
Liquid phase volume fraction = 0.00275429  Min(alpha1) = -2.72966e-29  Max(alpha1) = 1
MULES: Solving for alpha1
Liquid phase volume fraction = 0.00275429  Min(alpha1) = -3.75336e-29  Max(alpha1) = 1
GPU: 717 iters: 8.25737 s: 19.9788 GB/s
OGPUPCG:  Solving for pd, Initial residual = 0.0255225, Final residual = 0.00126559, No Iterations 717
GPU: 705 iters: 8.09121 s: 20.0478 GB/s
OGPUPCG:  Solving for pd, Initial residual = 0.0229286, Final residual = 0.00113912, No Iterations 705
GPU: 1000 iters: 11.4877 s: 20.029 GB/s
OGPUPCG:  Solving for pd, Initial residual = 0.0210752, Final residual = 1.69835e-07, No Iterations 1000
time step continuity errors : sum local = 1.69831e-06, global = 6.08439e-11, cumulative = -7.7082e-08
ExecutionTime = 215.8 s  ClockTime = 244 s

Courant Number mean: 0.000175926 max: 4.43894 velocity magnitude: 34.6792
Time = 0.007

MULES: Solving for alpha1
Liquid phase volume fraction = 0.00275429  Min(alpha1) = -4.17516e-29  Max(alpha1) = 1
MULES: Solving for alpha1
Liquid phase volume fraction = 0.00275429  Min(alpha1) = -5.22207e-29  Max(alpha1) = 1
GPU: 722 iters: 8.32303 s: 19.9594 GB/s
OGPUPCG:  Solving for pd, Initial residual = 0.045613, Final residual = 0.00223098, No Iterations 722
GPU: 708 iters: 8.16298 s: 19.9561 GB/s
OGPUPCG:  Solving for pd, Initial residual = 0.0378168, Final residual = 0.00183665, No Iterations 708
GPU: 1000 iters: 11.5122 s: 19.9863 GB/s
OGPUPCG:  Solving for pd, Initial residual = 0.0327587, Final residual = 2.31314e-07, No Iterations 1000
time step continuity errors : sum local = 3.11245e-06, global = 1.42297e-10, cumulative = -7.69397e-08
ExecutionTime = 251.12 s  ClockTime = 280 s

Courant Number mean: 0.000308101 max: 7.79974 velocity magnitude: 60.9355
Time = 0.008

MULES: Solving for alpha1
Liquid phase volume fraction = 0.00275429  Min(alpha1) = -5.55726e-29  Max(alpha1) = 1
MULES: Solving for alpha1
Liquid phase volume fraction = 0.00275429  Min(alpha1) = -5.64288e-29  Max(alpha1) = 1
GPU: 723 iters: 8.31504 s: 20.0062 GB/s
OGPUPCG:  Solving for pd, Initial residual = 0.0684162, Final residual = 0.00333894, No Iterations 723
GPU: 717 iters: 8.26935 s: 19.9498 GB/s
OGPUPCG:  Solving for pd, Initial residual = 0.0504941, Final residual = 0.00244187, No Iterations 717
GPU: 1000 iters: 11.5429 s: 19.9332 GB/s
OGPUPCG:  Solving for pd, Initial residual = 0.0453301, Final residual = 7.75479e-07, No Iterations 1000
time step continuity errors : sum local = 4.88392e-06, global = 1.41171e-10, cumulative = -7.67985e-08
ExecutionTime = 286.39 s  ClockTime = 315 s

Courant Number mean: 0.000473977 max: 12.1538 velocity magnitude: 94.9519
Time = 0.009

MULES: Solving for alpha1
Liquid phase volume fraction = 0.00275429  Min(alpha1) = -5.01696e-29  Max(alpha1) = 1
MULES: Solving for alpha1
Liquid phase volume fraction = 0.00275429  Min(alpha1) = -3.23033e-29  Max(alpha1) = 1
GPU: 837 iters: 9.63945 s: 19.9786 GB/s
OGPUPCG:  Solving for pd, Initial residual = 0.0896105, Final residual = 0.00447342, No Iterations 837
GPU: 859 iters: 9.82876 s: 20.1088 GB/s
OGPUPCG:  Solving for pd, Initial residual = 0.0635764, Final residual = 0.0030678, No Iterations 859
Computing AINV with droptol 0.02
GPU: 1000 iters: 11.536 s: 19.9452 GB/s
OGPUPCG:  Solving for pd, Initial residual = 0.0530963, Final residual = 1.32332e-05, No Iterations 1000
time step continuity errors : sum local = 6.71091e-06, global = 3.89584e-12, cumulative = -7.67946e-08
ExecutionTime = 324.86 s  ClockTime = 354 s

Courant Number mean: 0.000645435 max: 16.2431 velocity magnitude: 126.899
Time = 0.01

MULES: Solving for alpha1
Liquid phase volume fraction = 0.00275429  Min(alpha1) = -7.58978e-29  Max(alpha1) = 1
MULES: Solving for alpha1
Liquid phase volume fraction = 0.00275429  Min(alpha1) = -4.7248e-29  Max(alpha1) = 1
GPU: 749 iters: 8.63029 s: 19.9686 GB/s
OGPUPCG:  Solving for pd, Initial residual = 0.109306, Final residual = 0.00541943, No Iterations 749
GPU: 718 iters: 8.26032 s: 19.9995 GB/s
OGPUPCG:  Solving for pd, Initial residual = 0.0770639, Final residual = 0.00369328, No Iterations 718
GPU: 1000 iters: 11.5069 s: 19.9955 GB/s
OGPUPCG:  Solving for pd, Initial residual = 0.0682405, Final residual = 1.0205e-06, No Iterations 1000
time step continuity errors : sum local = 9.40686e-06, global = -3.83353e-11, cumulative = -7.6833e-08
ExecutionTime = 360.52 s  ClockTime = 389 s

End

Finalising parallel run
