 Data for JOB [39397,1] offset 0

 ========================   JOB MAP   ========================

 Data for node: ivb110	Num slots: 6	Max slots: 0	Num procs: 6
 	Process OMPI jobid: [39397,1] App: 0 Process rank: 0
 	Process OMPI jobid: [39397,1] App: 0 Process rank: 1
 	Process OMPI jobid: [39397,1] App: 0 Process rank: 2
 	Process OMPI jobid: [39397,1] App: 0 Process rank: 3
 	Process OMPI jobid: [39397,1] App: 0 Process rank: 4
 	Process OMPI jobid: [39397,1] App: 0 Process rank: 5

 Data for node: ivb111	Num slots: 6	Max slots: 0	Num procs: 6
 	Process OMPI jobid: [39397,1] App: 0 Process rank: 6
 	Process OMPI jobid: [39397,1] App: 0 Process rank: 7
 	Process OMPI jobid: [39397,1] App: 0 Process rank: 8
 	Process OMPI jobid: [39397,1] App: 0 Process rank: 9
 	Process OMPI jobid: [39397,1] App: 0 Process rank: 10
 	Process OMPI jobid: [39397,1] App: 0 Process rank: 11

 Data for node: ivb112	Num slots: 6	Max slots: 0	Num procs: 6
 	Process OMPI jobid: [39397,1] App: 0 Process rank: 12
 	Process OMPI jobid: [39397,1] App: 0 Process rank: 13
 	Process OMPI jobid: [39397,1] App: 0 Process rank: 14
 	Process OMPI jobid: [39397,1] App: 0 Process rank: 15
 	Process OMPI jobid: [39397,1] App: 0 Process rank: 16
 	Process OMPI jobid: [39397,1] App: 0 Process rank: 17

 Data for node: ivb113	Num slots: 6	Max slots: 0	Num procs: 6
 	Process OMPI jobid: [39397,1] App: 0 Process rank: 18
 	Process OMPI jobid: [39397,1] App: 0 Process rank: 19
 	Process OMPI jobid: [39397,1] App: 0 Process rank: 20
 	Process OMPI jobid: [39397,1] App: 0 Process rank: 21
 	Process OMPI jobid: [39397,1] App: 0 Process rank: 22
 	Process OMPI jobid: [39397,1] App: 0 Process rank: 23

 =============================================================
[ivb110:01949] MCW rank 0 bound to socket 0[core 0[hwt 0]]: [B/././././././././.][./././././././././.]
[ivb110:01949] MCW rank 1 bound to socket 0[core 1[hwt 0]]: [./B/./././././././.][./././././././././.]
[ivb110:01949] MCW rank 2 bound to socket 0[core 2[hwt 0]]: [././B/././././././.][./././././././././.]
[ivb110:01949] MCW rank 3 bound to socket 0[core 3[hwt 0]]: [./././B/./././././.][./././././././././.]
[ivb110:01949] MCW rank 4 bound to socket 0[core 4[hwt 0]]: [././././B/././././.][./././././././././.]
[ivb110:01949] MCW rank 5 bound to socket 0[core 5[hwt 0]]: [./././././B/./././.][./././././././././.]
[ivb112:33004] MCW rank 17 bound to socket 0[core 5[hwt 0]]: [./././././B/./././.][./././././././././.]
[ivb112:33004] MCW rank 12 bound to socket 0[core 0[hwt 0]]: [B/././././././././.][./././././././././.]
[ivb112:33004] MCW rank 13 bound to socket 0[core 1[hwt 0]]: [./B/./././././././.][./././././././././.]
[ivb112:33004] MCW rank 14 bound to socket 0[core 2[hwt 0]]: [././B/././././././.][./././././././././.]
[ivb112:33004] MCW rank 15 bound to socket 0[core 3[hwt 0]]: [./././B/./././././.][./././././././././.]
[ivb112:33004] MCW rank 16 bound to socket 0[core 4[hwt 0]]: [././././B/././././.][./././././././././.]
[ivb111:09836] MCW rank 6 bound to socket 0[core 0[hwt 0]]: [B/././././././././.][./././././././././.]
[ivb111:09836] MCW rank 7 bound to socket 0[core 1[hwt 0]]: [./B/./././././././.][./././././././././.]
[ivb111:09836] MCW rank 8 bound to socket 0[core 2[hwt 0]]: [././B/././././././.][./././././././././.]
[ivb111:09836] MCW rank 9 bound to socket 0[core 3[hwt 0]]: [./././B/./././././.][./././././././././.]
[ivb111:09836] MCW rank 10 bound to socket 0[core 4[hwt 0]]: [././././B/././././.][./././././././././.]
[ivb111:09836] MCW rank 11 bound to socket 0[core 5[hwt 0]]: [./././././B/./././.][./././././././././.]
[ivb113:22327] MCW rank 18 bound to socket 0[core 0[hwt 0]]: [B/././././././././.][./././././././././.]
[ivb113:22327] MCW rank 19 bound to socket 0[core 1[hwt 0]]: [./B/./././././././.][./././././././././.]
[ivb113:22327] MCW rank 20 bound to socket 0[core 2[hwt 0]]: [././B/././././././.][./././././././././.]
[ivb113:22327] MCW rank 21 bound to socket 0[core 3[hwt 0]]: [./././B/./././././.][./././././././././.]
[ivb113:22327] MCW rank 22 bound to socket 0[core 4[hwt 0]]: [././././B/././././.][./././././././././.]
[ivb113:22327] MCW rank 23 bound to socket 0[core 5[hwt 0]]: [./././././B/./././.][./././././././././.]
/home-2/vplatonov/bin/nvmps: line 18: CUDEV%CUDEV_N: division by 0 (error token is "CUDEV_N")
/home-2/vplatonov/bin/nvmps: line 18: CUDEV%CUDEV_N: division by 0 (error token is "CUDEV_N")
/home-2/vplatonov/bin/nvmps: line 18: CUDEV%CUDEV_N: division by 0 (error token is "CUDEV_N")
/home-2/vplatonov/bin/nvmps: line 18: CUDEV%CUDEV_N: division by 0 (error token is "CUDEV_N")
/home-2/vplatonov/bin/nvmps: line 18: CUDEV%CUDEV_N: division by 0 (error token is "CUDEV_N")
/home-2/vplatonov/bin/nvmps: line 18: CUDEV%CUDEV_N: division by 0 (error token is "CUDEV_N")
/home-2/vplatonov/bin/nvmps: line 18: CUDEV%CUDEV_N: division by 0 (error token is "CUDEV_N")
/home-2/vplatonov/bin/nvmps: line 18: CUDEV%CUDEV_N: division by 0 (error token is "CUDEV_N")
/home-2/vplatonov/bin/nvmps: line 18: CUDEV%CUDEV_N: division by 0 (error token is "CUDEV_N")
/bin/bash: line 1: 1: command not found
/home-2/vplatonov/bin/nvmps: line 18: CUDEV%CUDEV_N: division by 0 (error token is "CUDEV_N")
/home-2/vplatonov/bin/nvmps: line 18: CUDEV%CUDEV_N: division by 0 (error token is "CUDEV_N")
/home-2/vplatonov/bin/nvmps: line 18: CUDEV%CUDEV_N: division by 0 (error token is "CUDEV_N")
/home-2/vplatonov/bin/nvmps: line 18: CUDEV%CUDEV_N: division by 0 (error token is "CUDEV_N")
/home-2/vplatonov/bin/nvmps: line 18: CUDEV%CUDEV_N: division by 0 (error token is "CUDEV_N")
/home-2/vplatonov/bin/nvmps: line 18: CUDEV%CUDEV_N: division by 0 (error token is "CUDEV_N")
/home-2/vplatonov/bin/nvmps: line 18: CUDEV%CUDEV_N: division by 0 (error token is "CUDEV_N")
/home-2/vplatonov/bin/nvmps: line 18: CUDEV%CUDEV_N: division by 0 (error token is "CUDEV_N")
/home-2/vplatonov/bin/nvmps: line 18: CUDEV%CUDEV_N: division by 0 (error token is "CUDEV_N")
/bin/bash: line 2: 2: command not found
/home-2/vplatonov/bin/nvmps: line 18: CUDEV%CUDEV_N: division by 0 (error token is "CUDEV_N")
/home-2/vplatonov/bin/nvmps: line 18: CUDEV%CUDEV_N: division by 0 (error token is "CUDEV_N")
/home-2/vplatonov/bin/nvmps: line 18: CUDEV%CUDEV_N: division by 0 (error token is "CUDEV_N")
/home-2/vplatonov/bin/nvmps: line 18: CUDEV%CUDEV_N: division by 0 (error token is "CUDEV_N")
/bin/bash: line 1: 1: command not found
/home-2/vplatonov/bin/nvmps: line 18: CUDEV%CUDEV_N: division by 0 (error token is "CUDEV_N")
/home-2/vplatonov/bin/nvmps: line 18: CUDEV%CUDEV_N: division by 0 (error token is "CUDEV_N")
/bin/bash: line 3: 3: command not found
/bin/bash: line 1: 1: command not found
/bin/bash: line 2: 2: command not found
/bin/bash: line 4: 4: command not found
/bin/bash: line 2: 2: command not found
/bin/bash: line 3: 3: command not found
/bin/bash: line 3: 3: command not found
/bin/bash: line 4: 4: command not found
/bin/bash: line 4: 4: command not found
mkdir: cannot create directory ‘/tmp/nvidia-mps-vplatonov-0’: File exists
/bin/bash: line 1: 1: command not found
/bin/bash: line 1: 1: command not found
/bin/bash: line 2: 2: command not found
/bin/bash: line 3: 3: command not found
/bin/bash: line 4: 4: command not found
mkdir: cannot create directory ‘/tmp/nvidia-mps-vplatonov-0’: File exists
/bin/bash: line 1: 1: command not found
/bin/bash: line 2: 2: command not found
/bin/bash: line 3: 3: command not found
/bin/bash: line 2: 2: command not found
/bin/bash: line 4: 4: command not found
mkdir: cannot create directory ‘/tmp/nvidia-mps-vplatonov-0’: File exists
/bin/bash: line 1: 1: command not found
mkdir: cannot create directory ‘/tmp/nvidia-mps-vplatonov-0’: File exists
/bin/bash: line 2: 2: command not found
/bin/bash: line 3: 3: command not found
/bin/bash: line 1: 1: command not found
/bin/bash: line 4: 4: command not found
mkdir: cannot create directory ‘/tmp/nvidia-mps-vplatonov-0’: File exists
/bin/bash: line 2: 2: command not found
/bin/bash: line 1: 1: command not found
/bin/bash: line 3: 3: command not found
/bin/bash: line 2: 2: command not found
/bin/bash: line 3: 3: command not found
/bin/bash: line 4: 4: command not found
/bin/bash: line 4: 4: command not found
mkdir: cannot create directory ‘/tmp/nvidia-mps-vplatonov-0’: File exists
/bin/bash: line 3: 3: command not found
/bin/bash: line 1: 1: command not found
/bin/bash: line 2: 2: command not found
/bin/bash: line 3: 3: command not found
/bin/bash: line 4: 4: command not found
mkdir: cannot create directory ‘/tmp/nvidia-mps-vplatonov-0’: File exists
/bin/bash: line 1: 1: command not found
mkdir: cannot create directory ‘/tmp/nvidia-mps-vplatonov-0’/bin/bash: line 2: 2: command not found
: File exists
/bin/bash: line 3: 3: command not found
/bin/bash: line 1: 1: command not found
/bin/bash: line 4: 4: command not found
/bin/bash: line 2: 2: command not found
/bin/bash: line 3: 3: command not found
/bin/bash: line 4: 4: command not found
/bin/bash: line 4: 4: command not found
mkdir: cannot create directory ‘/tmp/nvidia-mps-vplatonov-0’: File exists
/bin/bash: line 1: 1: command not found
mkdir: cannot create directory ‘/tmp/nvidia-mps-vplatonov-0’: File exists
/bin/bash: line 1: 1: command not found
/bin/bash: line 2: 2: command not found
/bin/bash: line 2: 2: command not found
/bin/bash: line 3: 3: command not found
/bin/bash: line 3: 3: command not found
mkdir: cannot create directory ‘/tmp/nvidia-mps-vplatonov-0’: File exists
/bin/bash: line 4: 4: command not found
/bin/bash: line 4: 4: command not found
/bin/bash: line 1: 1: command not found
/bin/bash: line 2: 2: command not found
/bin/bash: line 3: 3: command not found
/bin/bash: line 4: 4: command not found
mkdir: cannot create directory ‘/tmp/nvidia-mps-vplatonov-0’: File exists
mkdir: cannot create directory ‘/tmp/nvidia-mps-vplatonov-0’: File exists
/bin/bash: line 1: 1: command not found
/bin/bash: line 1: 1: command not found
/bin/bash: line 2: 2: command not found
/bin/bash: line 3: 3: command not found
/bin/bash: line 2: 2: command not found
/bin/bash: line 4: 4: command not found
/bin/bash: line 3: 3: command not found
mkdir: cannot create directory ‘/tmp/nvidia-mps-vplatonov-0’: File exists
mkdir: cannot create directory ‘/tmp/nvidia-mps-vplatonov-0’: File exists
/bin/bash: line 4: 4: command not found
/bin/bash: line 1: 1: command not found
/bin/bash: line 1: 1: command not found
/bin/bash: line 2: 2: command not found
/bin/bash: line 2: 2: command not found
/bin/bash: line 3: 3: command not found
/bin/bash: line 4: 4: command not found
/bin/bash: line 3: 3: command not found
/bin/bash: line 4: 4: command not found
mkdir: cannot create directory ‘/tmp/nvidia-mps-vplatonov-0’: File exists
/bin/bash: line 1: 1: command not found
/bin/bash: line 2: 2: command not found
/bin/bash: line 3: 3: command not found
mkdir: cannot create directory ‘/tmp/nvidia-mps-vplatonov-0’: File exists
/bin/bash: line 4: 4: command not found
/bin/bash: line 1: 1: command not found
/bin/bash: line 2: 2: command not found
/bin/bash: line 3: 3: command not found
/bin/bash: line 4: 4: command not found
mkdir: cannot create directory ‘/tmp/nvidia-mps-vplatonov-0’: File exists
/bin/bash: line 1: 1: command not found
/bin/bash: line 2: 2: command not found
/bin/bash: line 3: 3: command not found
/bin/bash: line 4: 4: command not found
mkdir: cannot create directory ‘/tmp/nvidia-mps-vplatonov-0’: File exists
/bin/bash: line 1: 1: command not found
/bin/bash: line 2: 2: command not found
/bin/bash: line 3: 3: command not found
/bin/bash: line 4: 4: command not found
mkdir: cannot create directory ‘/tmp/nvidia-mps-vplatonov-0’: File exists
/bin/bash: line 1: 1: command not found
/bin/bash: line 2: 2: command not found
/bin/bash: line 3: 3: command not found
/bin/bash: line 4: 4: command not found
/*---------------------------------------------------------------------------*\
| =========                 |                                                 |
| \\      /  F ield         | foam-extend: Open Source CFD                    |
|  \\    /   O peration     | Version:     3.1                                |
|   \\  /    A nd           | Web:         http://www.extend-project.de       |
|    \\/     M anipulation  |                                                 |
\*---------------------------------------------------------------------------*/
Build    : 3.1-e2da948002a2
Exec     : interFoam -parallel
Date     : May 19 2016
Time     : 17:12:44
Host     : ivb110
PID      : 2032
CtrlDict : /home-2/vplatonov/foam/foam-extend-3.1/etc/controlDict
Case     : /home/vplatonov/tests/rt12mln
nProcs   : 24
Slaves : 
23
(
ivb110.2008
ivb110.2047
ivb110.2040
ivb110.2016
ivb110.2024
ivb111.9885
ivb111.9878
ivb111.9901
ivb111.9909
ivb111.9916
ivb111.9893
ivb112.33070
ivb112.33047
ivb112.33078
ivb112.33062
ivb112.33054
ivb112.33085
ivb113.22392
ivb113.22400
ivb113.22369
ivb113.22376
ivb113.22384
ivb113.22407
)

Pstream initialized with:
    floatTransfer     : 0
    nProcsSimpleSum   : 0
    commsType         : blocking
SigFpe   : Enabling floating point exception trapping (FOAM_SIGFPE).

// * * * * * * * * * * * * * * * * * * * * * * * * * * * * * * * * * * * * * //
Create time

Create mesh for time = 0


Reading g
Reading field pd

Reading field alpha1

Reading field U

Reading/calculating face flux field phi

Reading transportProperties

Selecting incompressible transport model Newtonian
Selecting incompressible transport model Newtonian
Calculating field g.h

Selecting turbulence model type laminar
time step continuity errors : sum local = 0, global = 0, cumulative = 0
Created persistent data with name pcorr
OGPUPCG:  Solving for pcorr, Initial residual = 0, Final residual = 0, No Iterations 0
time step continuity errors : sum local = 0, global = 0, cumulative = 0
Courant Number mean: 0 max: 0 velocity magnitude: 0

Starting time loop

Courant Number mean: 0 max: 0 velocity magnitude: 0
Time = 0.001

MULES: Solving for alpha1
Liquid phase volume fraction = 0.00275421  Min(alpha1) = 0  Max(alpha1) = 1
MULES: Solving for alpha1
Liquid phase volume fraction = 0.00275421  Min(alpha1) = 0  Max(alpha1) = 1
Created persistent data with name pd
Computing AINV with droptol 0.02
GPU: 6 iters: 0.0692819 s: 19.3092 GB/s
OGPUPCG:  Solving for pd, Initial residual = 1, Final residual = 0.0430394, No Iterations 6
Computing AINV with droptol 0.02
GPU: 179 iters: 1.8382 s: 21.7117 GB/s
OGPUPCG:  Solving for pd, Initial residual = 0.0260729, Final residual = 0.00129703, No Iterations 179
GPU: 914 iters: 9.3001 s: 21.9125 GB/s
OGPUPCG:  Solving for pd, Initial residual = 0.00735254, Final residual = 9.86585e-08, No Iterations 914
time step continuity errors : sum local = 7.34086e-12, global = -2.15421e-24, cumulative = -2.15421e-24
ExecutionTime = 40.92 s  ClockTime = 57 s

Courant Number mean: 4.83081e-06 max: 0.00215842 velocity magnitude: 0.0337252
Time = 0.002

MULES: Solving for alpha1
Liquid phase volume fraction = 0.00275421  Min(alpha1) = 0  Max(alpha1) = 1
MULES: Solving for alpha1
Liquid phase volume fraction = 0.00275421  Min(alpha1) = 0  Max(alpha1) = 1
GPU: 684 iters: 6.94589 s: 21.9565 GB/s
OGPUPCG:  Solving for pd, Initial residual = 0.00479271, Final residual = 0.00023779, No Iterations 684
GPU: 698 iters: 7.08824 s: 21.9559 GB/s
OGPUPCG:  Solving for pd, Initial residual = 0.0039517, Final residual = 0.000194681, No Iterations 698
GPU: 961 iters: 9.75078 s: 21.9745 GB/s
OGPUPCG:  Solving for pd, Initial residual = 0.00349874, Final residual = 9.98931e-08, No Iterations 961
time step continuity errors : sum local = 4.1463e-08, global = -4.14583e-08, cumulative = -4.14583e-08
ExecutionTime = 71.16 s  ClockTime = 87 s

Courant Number mean: 1.35694e-05 max: 0.22109 velocity magnitude: 1.72726
Time = 0.003

MULES: Solving for alpha1
Liquid phase volume fraction = 0.00275424  Min(alpha1) = -8.80763e-31  Max(alpha1) = 1
MULES: Solving for alpha1
Liquid phase volume fraction = 0.00275426  Min(alpha1) = -4.23762e-30  Max(alpha1) = 1
GPU: 700 iters: 7.10636 s: 21.9626 GB/s
OGPUPCG:  Solving for pd, Initial residual = 0.00748059, Final residual = 0.000368126, No Iterations 700
GPU: 661 iters: 6.68609 s: 22.0426 GB/s
OGPUPCG:  Solving for pd, Initial residual = 0.0052055, Final residual = 0.000259802, No Iterations 661
GPU: 927 iters: 9.41501 s: 21.9529 GB/s
OGPUPCG:  Solving for pd, Initial residual = 0.00513824, Final residual = 9.9309e-08, No Iterations 927
time step continuity errors : sum local = 2.25582e-08, global = -2.25535e-08, cumulative = -6.40118e-08
ExecutionTime = 100.72 s  ClockTime = 117 s

Courant Number mean: 1.63745e-05 max: 0.133485 velocity magnitude: 1.04286
Time = 0.004

MULES: Solving for alpha1
Liquid phase volume fraction = 0.00275427  Min(alpha1) = -3.61786e-30  Max(alpha1) = 1
MULES: Solving for alpha1
Liquid phase volume fraction = 0.00275428  Min(alpha1) = -1.24371e-29  Max(alpha1) = 1
GPU: 698 iters: 7.05261 s: 22.0668 GB/s
OGPUPCG:  Solving for pd, Initial residual = 0.00849508, Final residual = 0.00042161, No Iterations 698
GPU: 686 iters: 6.95001 s: 22.0076 GB/s
OGPUPCG:  Solving for pd, Initial residual = 0.00720533, Final residual = 0.000347295, No Iterations 686
GPU: 960 iters: 9.73436 s: 21.9886 GB/s
OGPUPCG:  Solving for pd, Initial residual = 0.00670024, Final residual = 9.98236e-08, No Iterations 960
time step continuity errors : sum local = 1.06524e-08, global = -1.06478e-08, cumulative = -7.46596e-08
ExecutionTime = 130.64 s  ClockTime = 147 s

Courant Number mean: 2.03279e-05 max: 0.0759194 velocity magnitude: 0.593121
Time = 0.005

MULES: Solving for alpha1
Liquid phase volume fraction = 0.00275429  Min(alpha1) = -7.9272e-30  Max(alpha1) = 1
MULES: Solving for alpha1
Liquid phase volume fraction = 0.00275429  Min(alpha1) = -8.09411e-30  Max(alpha1) = 1
GPU: 698 iters: 7.08629 s: 21.9619 GB/s
OGPUPCG:  Solving for pd, Initial residual = 0.0067477, Final residual = 0.000331844, No Iterations 698
GPU: 660 iters: 6.73078 s: 21.8631 GB/s
OGPUPCG:  Solving for pd, Initial residual = 0.00591267, Final residual = 0.000295335, No Iterations 660
GPU: 935 iters: 9.50483 s: 21.9332 GB/s
OGPUPCG:  Solving for pd, Initial residual = 0.00571569, Final residual = 9.97028e-08, No Iterations 935
time step continuity errors : sum local = 2.48301e-09, global = -2.47832e-09, cumulative = -7.71379e-08
ExecutionTime = 160.17 s  ClockTime = 177 s

Courant Number mean: 2.44337e-05 max: 0.0288149 velocity magnitude: 0.302732
Time = 0.006

MULES: Solving for alpha1
Liquid phase volume fraction = 0.00275429  Min(alpha1) = -2.41018e-29  Max(alpha1) = 1
MULES: Solving for alpha1
Liquid phase volume fraction = 0.00275429  Min(alpha1) = -1.83828e-29  Max(alpha1) = 1
Computing AINV with droptol 0.02
GPU: 701 iters: 7.14574 s: 21.8728 GB/s
OGPUPCG:  Solving for pd, Initial residual = 0.00747178, Final residual = 0.000366938, No Iterations 701
GPU: 679 iters: 6.89376 s: 21.9608 GB/s
OGPUPCG:  Solving for pd, Initial residual = 0.00567544, Final residual = 0.000279833, No Iterations 679
GPU: 942 iters: 9.53811 s: 22.0203 GB/s
OGPUPCG:  Solving for pd, Initial residual = 0.00559963, Final residual = 9.93217e-08, No Iterations 942
time step continuity errors : sum local = 3.32944e-11, global = 2.86513e-11, cumulative = -7.71093e-08
ExecutionTime = 190.54 s  ClockTime = 207 s

Courant Number mean: 2.93695e-05 max: 0.0329322 velocity magnitude: 0.257283
Time = 0.007

MULES: Solving for alpha1
Liquid phase volume fraction = 0.00275429  Min(alpha1) = -4.34469e-29  Max(alpha1) = 1
MULES: Solving for alpha1
Liquid phase volume fraction = 0.00275429  Min(alpha1) = -3.54664e-29  Max(alpha1) = 1
GPU: 705 iters: 7.14649 s: 21.9953 GB/s
OGPUPCG:  Solving for pd, Initial residual = 0.00717957, Final residual = 0.00035723, No Iterations 705
GPU: 651 iters: 6.60168 s: 21.9867 GB/s
OGPUPCG:  Solving for pd, Initial residual = 0.00461938, Final residual = 0.00022673, No Iterations 651
GPU: 871 iters: 8.83078 s: 21.9914 GB/s
OGPUPCG:  Solving for pd, Initial residual = 0.00418725, Final residual = 9.88401e-08, No Iterations 871
time step continuity errors : sum local = 1.46966e-10, global = 1.42347e-10, cumulative = -7.69669e-08
ExecutionTime = 219.69 s  ClockTime = 236 s

Courant Number mean: 3.4471e-05 max: 0.00920696 velocity magnitude: 0.1304
Time = 0.008

MULES: Solving for alpha1
Liquid phase volume fraction = 0.00275429  Min(alpha1) = -6.12419e-29  Max(alpha1) = 1
MULES: Solving for alpha1
Liquid phase volume fraction = 0.00275429  Min(alpha1) = -6.03072e-29  Max(alpha1) = 1
GPU: 708 iters: 7.18148 s: 21.9813 GB/s
OGPUPCG:  Solving for pd, Initial residual = 0.00759879, Final residual = 0.000373043, No Iterations 708
GPU: 304 iters: 3.07711 s: 22.0275 GB/s
OGPUPCG:  Solving for pd, Initial residual = 0.0044855, Final residual = 0.000223807, No Iterations 304
GPU: 836 iters: 8.4929 s: 21.9475 GB/s
OGPUPCG:  Solving for pd, Initial residual = 0.00419945, Final residual = 9.93766e-08, No Iterations 836
time step continuity errors : sum local = 1.578e-10, global = 1.53182e-10, cumulative = -7.68137e-08
ExecutionTime = 244.77 s  ClockTime = 261 s

Courant Number mean: 3.95934e-05 max: 0.00904209 velocity magnitude: 0.140312
Time = 0.009

MULES: Solving for alpha1
Liquid phase volume fraction = 0.00275429  Min(alpha1) = -4.28503e-29  Max(alpha1) = 1
MULES: Solving for alpha1
Liquid phase volume fraction = 0.00275429  Min(alpha1) = -3.83322e-29  Max(alpha1) = 1
GPU: 711 iters: 7.19624 s: 22.0291 GB/s
OGPUPCG:  Solving for pd, Initial residual = 0.00747645, Final residual = 0.000366938, No Iterations 711
GPU: 313 iters: 3.18485 s: 21.9123 GB/s
OGPUPCG:  Solving for pd, Initial residual = 0.00468771, Final residual = 0.000230869, No Iterations 313
GPU: 841 iters: 8.5255 s: 21.9943 GB/s
OGPUPCG:  Solving for pd, Initial residual = 0.004156, Final residual = 9.53436e-08, No Iterations 841
time step continuity errors : sum local = 6.42315e-12, global = 2.00519e-12, cumulative = -7.68117e-08
ExecutionTime = 270.03 s  ClockTime = 287 s

Courant Number mean: 4.47251e-05 max: 0.00972275 velocity magnitude: 0.149316
Time = 0.01

MULES: Solving for alpha1
Liquid phase volume fraction = 0.00275429  Min(alpha1) = -6.29836e-29  Max(alpha1) = 1
MULES: Solving for alpha1
Liquid phase volume fraction = 0.00275429  Min(alpha1) = -7.87273e-29  Max(alpha1) = 1
GPU: 710 iters: 7.2057 s: 21.9693 GB/s
OGPUPCG:  Solving for pd, Initial residual = 0.00808883, Final residual = 0.000399356, No Iterations 710
GPU: 303 iters: 3.09756 s: 21.8101 GB/s
OGPUPCG:  Solving for pd, Initial residual = 0.00467108, Final residual = 0.000232506, No Iterations 303
GPU: 821 iters: 8.36615 s: 21.8802 GB/s
OGPUPCG:  Solving for pd, Initial residual = 0.00432368, Final residual = 9.99696e-08, No Iterations 821
time step continuity errors : sum local = 4.63588e-11, global = -4.17517e-11, cumulative = -7.68535e-08
ExecutionTime = 295.05 s  ClockTime = 312 s

End

/home-2/vplatonov/bin/nvmps: line 33: 33070 Segmentation fault      "$@"
-------------------------------------------------------
Primary job  terminated normally, but 1 process returned
a non-zero exit code.. Per user-direction, the job has been aborted.
-------------------------------------------------------
slurmstepd: *** JOB 6654 ON ivb110 CANCELLED AT 2016-05-19T17:29:42 DUE TO TIME LIMIT ***
--------------------------------------------------------------------------
mpirun detected that one or more processes exited with non-zero status, thus causing
the job to be terminated. The first process to do so was:

  Process name: [[39397,1],12]
  Exit code:    139
--------------------------------------------------------------------------
