 Data for JOB [24649,1] offset 0

 ========================   JOB MAP   ========================

 Data for node: ivb108	Num slots: 12	Max slots: 0	Num procs: 12
 	Process OMPI jobid: [24649,1] App: 0 Process rank: 0
 	Process OMPI jobid: [24649,1] App: 0 Process rank: 1
 	Process OMPI jobid: [24649,1] App: 0 Process rank: 2
 	Process OMPI jobid: [24649,1] App: 0 Process rank: 3
 	Process OMPI jobid: [24649,1] App: 0 Process rank: 4
 	Process OMPI jobid: [24649,1] App: 0 Process rank: 5
 	Process OMPI jobid: [24649,1] App: 0 Process rank: 6
 	Process OMPI jobid: [24649,1] App: 0 Process rank: 7
 	Process OMPI jobid: [24649,1] App: 0 Process rank: 8
 	Process OMPI jobid: [24649,1] App: 0 Process rank: 9
 	Process OMPI jobid: [24649,1] App: 0 Process rank: 10
 	Process OMPI jobid: [24649,1] App: 0 Process rank: 11

 Data for node: ivb109	Num slots: 12	Max slots: 0	Num procs: 12
 	Process OMPI jobid: [24649,1] App: 0 Process rank: 12
 	Process OMPI jobid: [24649,1] App: 0 Process rank: 13
 	Process OMPI jobid: [24649,1] App: 0 Process rank: 14
 	Process OMPI jobid: [24649,1] App: 0 Process rank: 15
 	Process OMPI jobid: [24649,1] App: 0 Process rank: 16
 	Process OMPI jobid: [24649,1] App: 0 Process rank: 17
 	Process OMPI jobid: [24649,1] App: 0 Process rank: 18
 	Process OMPI jobid: [24649,1] App: 0 Process rank: 19
 	Process OMPI jobid: [24649,1] App: 0 Process rank: 20
 	Process OMPI jobid: [24649,1] App: 0 Process rank: 21
 	Process OMPI jobid: [24649,1] App: 0 Process rank: 22
 	Process OMPI jobid: [24649,1] App: 0 Process rank: 23

 =============================================================
[ivb108:21068] MCW rank 5 bound to socket 0[core 5[hwt 0]]: [./././././B/./././.][./././././././././.]
[ivb108:21068] MCW rank 6 bound to socket 0[core 6[hwt 0]]: [././././././B/././.][./././././././././.]
[ivb108:21068] MCW rank 7 bound to socket 0[core 7[hwt 0]]: [./././././././B/./.][./././././././././.]
[ivb108:21068] MCW rank 8 bound to socket 0[core 8[hwt 0]]: [././././././././B/.][./././././././././.]
[ivb108:21068] MCW rank 9 bound to socket 0[core 9[hwt 0]]: [./././././././././B][./././././././././.]
[ivb108:21068] MCW rank 10 bound to socket 1[core 10[hwt 0]]: [./././././././././.][B/././././././././.]
[ivb108:21068] MCW rank 11 bound to socket 1[core 11[hwt 0]]: [./././././././././.][./B/./././././././.]
[ivb108:21068] MCW rank 0 bound to socket 0[core 0[hwt 0]]: [B/././././././././.][./././././././././.]
[ivb108:21068] MCW rank 1 bound to socket 0[core 1[hwt 0]]: [./B/./././././././.][./././././././././.]
[ivb108:21068] MCW rank 2 bound to socket 0[core 2[hwt 0]]: [././B/././././././.][./././././././././.]
[ivb108:21068] MCW rank 3 bound to socket 0[core 3[hwt 0]]: [./././B/./././././.][./././././././././.]
[ivb108:21068] MCW rank 4 bound to socket 0[core 4[hwt 0]]: [././././B/././././.][./././././././././.]
[ivb109:34694] MCW rank 23 bound to socket 1[core 11[hwt 0]]: [./././././././././.][./B/./././././././.]
[ivb109:34694] MCW rank 12 bound to socket 0[core 0[hwt 0]]: [B/././././././././.][./././././././././.]
[ivb109:34694] MCW rank 13 bound to socket 0[core 1[hwt 0]]: [./B/./././././././.][./././././././././.]
[ivb109:34694] MCW rank 14 bound to socket 0[core 2[hwt 0]]: [././B/././././././.][./././././././././.]
[ivb109:34694] MCW rank 15 bound to socket 0[core 3[hwt 0]]: [./././B/./././././.][./././././././././.]
[ivb109:34694] MCW rank 16 bound to socket 0[core 4[hwt 0]]: [././././B/././././.][./././././././././.]
[ivb109:34694] MCW rank 17 bound to socket 0[core 5[hwt 0]]: [./././././B/./././.][./././././././././.]
[ivb109:34694] MCW rank 18 bound to socket 0[core 6[hwt 0]]: [././././././B/././.][./././././././././.]
[ivb109:34694] MCW rank 19 bound to socket 0[core 7[hwt 0]]: [./././././././B/./.][./././././././././.]
[ivb109:34694] MCW rank 20 bound to socket 0[core 8[hwt 0]]: [././././././././B/.][./././././././././.]
[ivb109:34694] MCW rank 21 bound to socket 0[core 9[hwt 0]]: [./././././././././B][./././././././././.]
[ivb109:34694] MCW rank 22 bound to socket 1[core 10[hwt 0]]: [./././././././././.][B/././././././././.]
/*---------------------------------------------------------------------------*\
| =========                 |                                                 |
| \\      /  F ield         | foam-extend: Open Source CFD                    |
|  \\    /   O peration     | Version:     3.1                                |
|   \\  /    A nd           | Web:         http://www.extend-project.de       |
|    \\/     M anipulation  |                                                 |
\*---------------------------------------------------------------------------*/
Build    : 3.1-e2da948002a2
Exec     : interFoam -parallel
Date     : May 17 2016
Time     : 21:51:35
Host     : ivb108
PID      : 21133
CtrlDict : /home-2/vplatonov/foam/foam-extend-3.1/etc/controlDict
Case     : /home/vplatonov/tests/rt12mln
nProcs   : 24
Slaves : 
23
(
ivb108.21135
ivb108.21139
ivb108.21152
ivb108.21158
ivb108.21164
ivb108.21155
ivb108.21167
ivb108.21170
ivb108.21173
ivb108.21161
ivb108.21175
ivb109.34768
ivb109.34767
ivb109.34769
ivb109.34781
ivb109.34772
ivb109.34787
ivb109.34775
ivb109.34778
ivb109.34790
ivb109.34784
ivb109.34793
ivb109.34795
)

Pstream initialized with:
    floatTransfer     : 0
    nProcsSimpleSum   : 0
    commsType         : blocking
SigFpe   : Enabling floating point exception trapping (FOAM_SIGFPE).

// * * * * * * * * * * * * * * * * * * * * * * * * * * * * * * * * * * * * * //
Create time

Create mesh for time = 0


Reading g
Reading field pd

Reading field alpha1

Reading field U

Reading/calculating face flux field phi

Reading transportProperties

Selecting incompressible transport model Newtonian
Selecting incompressible transport model Newtonian
Calculating field g.h

Selecting turbulence model type laminar
time step continuity errors : sum local = 0, global = 0, cumulative = 0
Created persistent data with name pcorr
SGPUBICGS:  Solving for pcorr, Initial residual = 0, Final residual = 0, No Iterations 0
time step continuity errors : sum local = 0, global = 0, cumulative = 0
Courant Number mean: 0 max: 0 velocity magnitude: 0

Starting time loop

Courant Number mean: 0 max: 0 velocity magnitude: 0
Time = 0.001

MULES: Solving for alpha1
Liquid phase volume fraction = 0.00275421  Min(alpha1) = 0  Max(alpha1) = 1
MULES: Solving for alpha1
Liquid phase volume fraction = 0.00275421  Min(alpha1) = 0  Max(alpha1) = 1
Created persistent data with name pd
Computing AINV with droptol 0.02
GPU: 2 iters: 0.0879015 s: 5.34948 GB/s
Total exec time 0.0879015
 Total comm time 0.00956941Pre time 0 Post time 0.00956941
SGPUBICGS:  Solving for pd, Initial residual = 1, Final residual = 0.0491214, No Iterations 2
Computing AINV with droptol 0.02
GPU: 27 iters: 0.873652 s: 7.26613 GB/s
Total exec time 0.961554
 Total comm time 0.232866Pre time 0 Post time 0.232866
SGPUBICGS:  Solving for pd, Initial residual = 0.033386, Final residual = 0.00155091, No Iterations 27
GPU: 637 iters: 20.0562 s: 7.4674 GB/s
Total exec time 21.0177
 Total comm time 4.57656Pre time 0 Post time 4.57656
SGPUBICGS:  Solving for pd, Initial residual = 0.0129311, Final residual = 6.17017e-08, No Iterations 637
time step continuity errors : sum local = 6.87366e-12, global = -4.62656e-24, cumulative = -4.62656e-24
ExecutionTime = 50.42 s  ClockTime = 78 s

Courant Number mean: 4.83769e-06 max: 0.00215177 velocity magnitude: 0.0336214
Time = 0.002

MULES: Solving for alpha1
Liquid phase volume fraction = 0.00275421  Min(alpha1) = 0  Max(alpha1) = 1
MULES: Solving for alpha1
Liquid phase volume fraction = 0.00275421  Min(alpha1) = 0  Max(alpha1) = 1
GPU: 519 iters: 16.347 s: 7.46461 GB/s
Total exec time 37.3648
 Total comm time 8.01778Pre time 0 Post time 8.01778
SGPUBICGS:  Solving for pd, Initial residual = 0.00502834, Final residual = 0.000163068, No Iterations 519
GPU: 506 iters: 15.9358 s: 7.46544 GB/s
Total exec time 53.3005
 Total comm time 11.3189Pre time 0 Post time 11.3189
SGPUBICGS:  Solving for pd, Initial residual = 0.00385187, Final residual = 0.00019161, No Iterations 506
GPU: 733 iters: 23.0808 s: 7.46674 GB/s
Total exec time 76.3813
 Total comm time 16.2505Pre time 0 Post time 16.2505
SGPUBICGS:  Solving for pd, Initial residual = 0.00344746, Final residual = 9.69122e-08, No Iterations 733
time step continuity errors : sum local = 4.11165e-08, global = -4.11124e-08, cumulative = -4.11124e-08
ExecutionTime = 110.58 s  ClockTime = 141 s

Courant Number mean: 1.35224e-05 max: 0.219961 velocity magnitude: 1.71845
Time = 0.003

MULES: Solving for alpha1
Liquid phase volume fraction = 0.00275424  Min(alpha1) = -2.63835e-30  Max(alpha1) = 1
MULES: Solving for alpha1
Liquid phase volume fraction = 0.00275426  Min(alpha1) = -3.00239e-30  Max(alpha1) = 1
GPU: 632 iters: 19.9005 s: 7.46673 GB/s
Total exec time 96.2819
 Total comm time 20.5546Pre time 0 Post time 20.5546
SGPUBICGS:  Solving for pd, Initial residual = 0.00739529, Final residual = 5.6435e-05, No Iterations 632
GPU: 500 iters: 15.7505 s: 7.4637 GB/s
Total exec time 112.032
 Total comm time 23.8482Pre time 0 Post time 23.8482
SGPUBICGS:  Solving for pd, Initial residual = 0.00487155, Final residual = 0.000242555, No Iterations 500
GPU: 663 iters: 20.8928 s: 7.46096 GB/s
Total exec time 132.925
 Total comm time 28.3395Pre time 0 Post time 28.3395
SGPUBICGS:  Solving for pd, Initial residual = 0.00510158, Final residual = 9.87553e-08, No Iterations 663
time step continuity errors : sum local = 2.22604e-08, global = -2.22604e-08, cumulative = -6.33728e-08
ExecutionTime = 171.87 s  ClockTime = 206 s

Courant Number mean: 1.63397e-05 max: 0.131868 velocity magnitude: 1.03022
Time = 0.004

MULES: Solving for alpha1
Liquid phase volume fraction = 0.00275427  Min(alpha1) = -1.22203e-29  Max(alpha1) = 1
MULES: Solving for alpha1
Liquid phase volume fraction = 0.00275428  Min(alpha1) = -1.39474e-29  Max(alpha1) = 1
Computing AINV with droptol 0.02
GPU: 508 iters: 15.9978 s: 7.46588 GB/s
Total exec time 148.923
 Total comm time 31.6321Pre time 0 Post time 31.6321
SGPUBICGS:  Solving for pd, Initial residual = 0.00840922, Final residual = 0.000412905, No Iterations 508
GPU: 131 iters: 4.14019 s: 7.43925 GB/s
Total exec time 153.063
 Total comm time 32.4809Pre time 0 Post time 32.4809
SGPUBICGS:  Solving for pd, Initial residual = 0.0072021, Final residual = 0.000355533, No Iterations 131
GPU: 664 iters: 20.906 s: 7.46751 GB/s
Total exec time 173.969
 Total comm time 36.9191Pre time 0 Post time 36.9191
SGPUBICGS:  Solving for pd, Initial residual = 0.00674345, Final residual = 9.88518e-08, No Iterations 664
time step continuity errors : sum local = 1.05154e-08, global = -1.05124e-08, cumulative = -7.38852e-08
ExecutionTime = 218.41 s  ClockTime = 255 s

Courant Number mean: 2.03196e-05 max: 0.074068 velocity magnitude: 0.578656
Time = 0.005

MULES: Solving for alpha1
Liquid phase volume fraction = 0.00275429  Min(alpha1) = -1.64567e-29  Max(alpha1) = 1
MULES: Solving for alpha1
Liquid phase volume fraction = 0.00275429  Min(alpha1) = -1.35507e-29  Max(alpha1) = 1
GPU: 560 iters: 17.6601 s: 7.45542 GB/s
Total exec time 191.629
 Total comm time 40.6746Pre time 0 Post time 40.6746
SGPUBICGS:  Solving for pd, Initial residual = 0.00675023, Final residual = 0.000255781, No Iterations 560
GPU: 471 iters: 14.8254 s: 7.46952 GB/s
Total exec time 206.455
 Total comm time 43.7569Pre time 0 Post time 43.7569
SGPUBICGS:  Solving for pd, Initial residual = 0.00577621, Final residual = 0.000222785, No Iterations 471
GPU: 846 iters: 26.6063 s: 7.4759 GB/s
Total exec time 233.061
 Total comm time 49.2873Pre time 0 Post time 49.2873
SGPUBICGS:  Solving for pd, Initial residual = 0.00554769, Final residual = 9.39731e-08, No Iterations 846
time step continuity errors : sum local = 2.4813e-09, global = -2.47682e-09, cumulative = -7.6362e-08
ExecutionTime = 282.07 s  ClockTime = 322 s

Courant Number mean: 2.44436e-05 max: 0.0278933 velocity magnitude: 0.308378
Time = 0.006

MULES: Solving for alpha1
Liquid phase volume fraction = 0.00275429  Min(alpha1) = -3.40123e-29  Max(alpha1) = 1
MULES: Solving for alpha1
Liquid phase volume fraction = 0.00275429  Min(alpha1) = -3.98678e-29  Max(alpha1) = 1
GPU: 543 iters: 17.0972 s: 7.46713 GB/s
Total exec time 250.158
 Total comm time 52.9959Pre time 0 Post time 52.9959
SGPUBICGS:  Solving for pd, Initial residual = 0.00737675, Final residual = 0.000269228, No Iterations 543
Computing AINV with droptol 0.02
GPU: 648 iters: 20.4119 s: 7.46396 GB/s
Total exec time 270.57
 Total comm time 57.3674Pre time 0 Post time 57.3674
SGPUBICGS:  Solving for pd, Initial residual = 0.00550493, Final residual = 3.70845e-05, No Iterations 648
GPU: 669 iters: 21.0579 s: 7.46946 GB/s
Total exec time 291.628
 Total comm time 61.8474Pre time 0 Post time 61.8474
SGPUBICGS:  Solving for pd, Initial residual = 0.00530848, Final residual = 4.19115e-08, No Iterations 669
time step continuity errors : sum local = 9.48321e-12, global = 8.90388e-12, cumulative = -7.63531e-08
ExecutionTime = 345.31 s  ClockTime = 389 s

Courant Number mean: 2.93802e-05 max: 0.0320886 velocity magnitude: 0.250692
Time = 0.007

MULES: Solving for alpha1
Liquid phase volume fraction = 0.00275429  Min(alpha1) = -4.10041e-29  Max(alpha1) = 1
MULES: Solving for alpha1
Liquid phase volume fraction = 0.00275429  Min(alpha1) = -5.06728e-29  Max(alpha1) = 1
GPU: 492 iters: 15.4937 s: 7.46601 GB/s
Total exec time 307.122
 Total comm time 65.1669Pre time 0 Post time 65.1669
SGPUBICGS:  Solving for pd, Initial residual = 0.00705199, Final residual = 0.000224871, No Iterations 492
GPU: 54 iters: 1.71895 s: 7.38597 GB/s
Total exec time 308.841
 Total comm time 65.5035Pre time 0 Post time 65.5035
SGPUBICGS:  Solving for pd, Initial residual = 0.00446136, Final residual = 0.000216827, No Iterations 54
GPU: 577 iters: 18.1623 s: 7.46936 GB/s
Total exec time 327.003
 Total comm time 69.3933Pre time 0 Post time 69.3933
SGPUBICGS:  Solving for pd, Initial residual = 0.00414352, Final residual = 8.26228e-08, No Iterations 577
time step continuity errors : sum local = 1.42194e-10, global = 1.40961e-10, cumulative = -7.62121e-08
ExecutionTime = 386.72 s  ClockTime = 433 s

Courant Number mean: 3.44828e-05 max: 0.00867825 velocity magnitude: 0.130268
Time = 0.008

MULES: Solving for alpha1
Liquid phase volume fraction = 0.00275429  Min(alpha1) = -2.83037e-29  Max(alpha1) = 1
MULES: Solving for alpha1
Liquid phase volume fraction = 0.00275429  Min(alpha1) = -3.87598e-29  Max(alpha1) = 1
GPU: 535 iters: 16.8509 s: 7.46464 GB/s
Total exec time 343.854
 Total comm time 72.8116Pre time 0 Post time 72.8116
SGPUBICGS:  Solving for pd, Initial residual = 0.00754275, Final residual = 0.000249889, No Iterations 535
GPU: 423 iters: 13.3179 s: 7.46764 GB/s
Total exec time 357.172
 Total comm time 75.5151Pre time 0 Post time 75.5151
SGPUBICGS:  Solving for pd, Initial residual = 0.0044179, Final residual = 0.000149708, No Iterations 423
GPU: 614 iters: 19.3232 s: 7.47079 GB/s
Total exec time 376.495
 Total comm time 79.6333Pre time 0 Post time 79.6333
SGPUBICGS:  Solving for pd, Initial residual = 0.00413678, Final residual = 8.51784e-08, No Iterations 614
time step continuity errors : sum local = 1.61947e-10, global = 1.56334e-10, cumulative = -7.60558e-08
ExecutionTime = 441.4 s  ClockTime = 490 s

Courant Number mean: 3.96057e-05 max: 0.00902665 velocity magnitude: 0.140185
Time = 0.009

MULES: Solving for alpha1
Liquid phase volume fraction = 0.00275429  Min(alpha1) = -4.40905e-29  Max(alpha1) = 1
MULES: Solving for alpha1
Liquid phase volume fraction = 0.00275429  Min(alpha1) = -7.78367e-29  Max(alpha1) = 1
Computing AINV with droptol 0.02
GPU: 517 iters: 16.2927 s: 7.46062 GB/s
Total exec time 392.788
 Total comm time 83.0709Pre time 0 Post time 83.0709
SGPUBICGS:  Solving for pd, Initial residual = 0.00743192, Final residual = 0.000367905, No Iterations 517
GPU: 450 iters: 14.1686 s: 7.46728 GB/s
Total exec time 406.956
 Total comm time 86.0781Pre time 0 Post time 86.0781
SGPUBICGS:  Solving for pd, Initial residual = 0.00474727, Final residual = 8.28331e-05, No Iterations 450
GPU: 635 iters: 19.9821 s: 7.47156 GB/s
Total exec time 426.938
 Total comm time 90.2661Pre time 0 Post time 90.2661
SGPUBICGS:  Solving for pd, Initial residual = 0.00411667, Final residual = 9.14067e-08, No Iterations 635
time step continuity errors : sum local = 5.68648e-12, global = 2.66486e-12, cumulative = -7.60531e-08
ExecutionTime = 496.9 s  ClockTime = 549 s

Courant Number mean: 4.47375e-05 max: 0.00970745 velocity magnitude: 0.149194
Time = 0.01

MULES: Solving for alpha1
Liquid phase volume fraction = 0.00275429  Min(alpha1) = -3.64732e-29  Max(alpha1) = 1
MULES: Solving for alpha1
Liquid phase volume fraction = 0.00275429  Min(alpha1) = -4.54826e-29  Max(alpha1) = 1
GPU: 505 iters: 15.8983 s: 7.46824 GB/s
Total exec time 442.837
 Total comm time 93.5809Pre time 0 Post time 93.5809
SGPUBICGS:  Solving for pd, Initial residual = 0.00795993, Final residual = 0.000386964, No Iterations 505
GPU: 361 iters: 11.3682 s: 7.46612 GB/s
Total exec time 454.205
 Total comm time 96.0076Pre time 0 Post time 96.0076
SGPUBICGS:  Solving for pd, Initial residual = 0.00471401, Final residual = 0.000235645, No Iterations 361
GPU: 691 iters: 21.7456 s: 7.47111 GB/s
Total exec time 475.95
 Total comm time 100.562Pre time 0 Post time 100.562
SGPUBICGS:  Solving for pd, Initial residual = 0.00440444, Final residual = 3.17491e-08, No Iterations 691
time step continuity errors : sum local = 4.31837e-11, global = -4.21628e-11, cumulative = -7.60953e-08
ExecutionTime = 551.18 s  ClockTime = 606 s

End

/home-2/vplatonov/bin/nvmps: line 33: 34768 Segmentation fault      "$@"
/home-2/vplatonov/bin/nvmps: line 33: 21133 Segmentation fault      "$@"
slurmstepd: *** JOB 6251 ON ivb108 CANCELLED AT 2016-05-17T22:51:52 DUE TO TIME LIMIT ***
mpirun: Forwarding signal 18 to job
--------------------------------------------------------------------------
ORTE has lost communication with its daemon located on node:

  hostname:  ivb109

This is usually due to either a failure of the TCP network
connection to the node, or possibly an internal failure of
the daemon itself. We cannot recover from this failure, and
therefore will terminate the job.

--------------------------------------------------------------------------
mpirun: abort is already in progress...hit ctrl-c again to forcibly terminate

