 Data for JOB [32341,1] offset 0

 ========================   JOB MAP   ========================

 Data for node: ivb108	Num slots: 8	Max slots: 0	Num procs: 8
 	Process OMPI jobid: [32341,1] App: 0 Process rank: 0
 	Process OMPI jobid: [32341,1] App: 0 Process rank: 1
 	Process OMPI jobid: [32341,1] App: 0 Process rank: 2
 	Process OMPI jobid: [32341,1] App: 0 Process rank: 3
 	Process OMPI jobid: [32341,1] App: 0 Process rank: 4
 	Process OMPI jobid: [32341,1] App: 0 Process rank: 5
 	Process OMPI jobid: [32341,1] App: 0 Process rank: 6
 	Process OMPI jobid: [32341,1] App: 0 Process rank: 7

 Data for node: ivb109	Num slots: 8	Max slots: 0	Num procs: 8
 	Process OMPI jobid: [32341,1] App: 0 Process rank: 8
 	Process OMPI jobid: [32341,1] App: 0 Process rank: 9
 	Process OMPI jobid: [32341,1] App: 0 Process rank: 10
 	Process OMPI jobid: [32341,1] App: 0 Process rank: 11
 	Process OMPI jobid: [32341,1] App: 0 Process rank: 12
 	Process OMPI jobid: [32341,1] App: 0 Process rank: 13
 	Process OMPI jobid: [32341,1] App: 0 Process rank: 14
 	Process OMPI jobid: [32341,1] App: 0 Process rank: 15

 Data for node: ivb110	Num slots: 8	Max slots: 0	Num procs: 8
 	Process OMPI jobid: [32341,1] App: 0 Process rank: 16
 	Process OMPI jobid: [32341,1] App: 0 Process rank: 17
 	Process OMPI jobid: [32341,1] App: 0 Process rank: 18
 	Process OMPI jobid: [32341,1] App: 0 Process rank: 19
 	Process OMPI jobid: [32341,1] App: 0 Process rank: 20
 	Process OMPI jobid: [32341,1] App: 0 Process rank: 21
 	Process OMPI jobid: [32341,1] App: 0 Process rank: 22
 	Process OMPI jobid: [32341,1] App: 0 Process rank: 23

 =============================================================
[ivb108:19536] MCW rank 1 bound to socket 0[core 1[hwt 0]]: [./B/./././././././.][./././././././././.]
[ivb108:19536] MCW rank 2 bound to socket 0[core 2[hwt 0]]: [././B/././././././.][./././././././././.]
[ivb108:19536] MCW rank 3 bound to socket 0[core 3[hwt 0]]: [./././B/./././././.][./././././././././.]
[ivb108:19536] MCW rank 4 bound to socket 0[core 4[hwt 0]]: [././././B/././././.][./././././././././.]
[ivb108:19536] MCW rank 5 bound to socket 0[core 5[hwt 0]]: [./././././B/./././.][./././././././././.]
[ivb108:19536] MCW rank 6 bound to socket 0[core 6[hwt 0]]: [././././././B/././.][./././././././././.]
[ivb108:19536] MCW rank 7 bound to socket 0[core 7[hwt 0]]: [./././././././B/./.][./././././././././.]
[ivb108:19536] MCW rank 0 bound to socket 0[core 0[hwt 0]]: [B/././././././././.][./././././././././.]
[ivb110:13764] MCW rank 18 bound to socket 0[core 2[hwt 0]]: [././B/././././././.][./././././././././.]
[ivb109:33123] MCW rank 10 bound to socket 0[core 2[hwt 0]]: [././B/././././././.][./././././././././.]
[ivb110:13764] MCW rank 19 bound to socket 0[core 3[hwt 0]]: [./././B/./././././.][./././././././././.]
[ivb109:33123] MCW rank 11 bound to socket 0[core 3[hwt 0]]: [./././B/./././././.][./././././././././.]
[ivb110:13764] MCW rank 20 bound to socket 0[core 4[hwt 0]]: [././././B/././././.][./././././././././.]
[ivb109:33123] MCW rank 12 bound to socket 0[core 4[hwt 0]]: [././././B/././././.][./././././././././.]
[ivb110:13764] MCW rank 21 bound to socket 0[core 5[hwt 0]]: [./././././B/./././.][./././././././././.]
[ivb109:33123] MCW rank 13 bound to socket 0[core 5[hwt 0]]: [./././././B/./././.][./././././././././.]
[ivb110:13764] MCW rank 22 bound to socket 0[core 6[hwt 0]]: [././././././B/././.][./././././././././.]
[ivb109:33123] MCW rank 14 bound to socket 0[core 6[hwt 0]]: [././././././B/././.][./././././././././.]
[ivb110:13764] MCW rank 23 bound to socket 0[core 7[hwt 0]]: [./././././././B/./.][./././././././././.]
[ivb109:33123] MCW rank 15 bound to socket 0[core 7[hwt 0]]: [./././././././B/./.][./././././././././.]
[ivb110:13764] MCW rank 16 bound to socket 0[core 0[hwt 0]]: [B/././././././././.][./././././././././.]
[ivb109:33123] MCW rank 8 bound to socket 0[core 0[hwt 0]]: [B/././././././././.][./././././././././.]
[ivb110:13764] MCW rank 17 bound to socket 0[core 1[hwt 0]]: [./B/./././././././.][./././././././././.]
[ivb109:33123] MCW rank 9 bound to socket 0[core 1[hwt 0]]: [./B/./././././././.][./././././././././.]
/*---------------------------------------------------------------------------*\
| =========                 |                                                 |
| \\      /  F ield         | foam-extend: Open Source CFD                    |
|  \\    /   O peration     | Version:     3.1                                |
|   \\  /    A nd           | Web:         http://www.extend-project.de       |
|    \\/     M anipulation  |                                                 |
\*---------------------------------------------------------------------------*/
Build    : 3.1-e2da948002a2
Exec     : interFoam -parallel
Date     : May 17 2016
Time     : 20:51:16
Host     : ivb108
PID      : 19597
CtrlDict : /home-2/vplatonov/foam/foam-extend-3.1/etc/controlDict
Case     : /home/vplatonov/tests/rt12mln
nProcs   : 24
Slaves : 
23
(
ivb108.19600
ivb108.19598
ivb108.19603
ivb108.19609
ivb108.19612
ivb108.19606
ivb108.19614
ivb109.33184
ivb109.33186
ivb109.33189
ivb109.33182
ivb109.33183
ivb109.33181
ivb109.33194
ivb109.33192
ivb110.13828
ivb110.13822
ivb110.13818
ivb110.13820
ivb110.13825
ivb110.13819
ivb110.13831
ivb110.13833
)

Pstream initialized with:
    floatTransfer     : 0
    nProcsSimpleSum   : 0
    commsType         : blocking
SigFpe   : Enabling floating point exception trapping (FOAM_SIGFPE).

// * * * * * * * * * * * * * * * * * * * * * * * * * * * * * * * * * * * * * //
Create time

Create mesh for time = 0


Reading g
Reading field pd

Reading field alpha1

Reading field U

Reading/calculating face flux field phi

Reading transportProperties

Selecting incompressible transport model Newtonian
Selecting incompressible transport model Newtonian
Calculating field g.h

Selecting turbulence model type laminar
time step continuity errors : sum local = 0, global = 0, cumulative = 0
Created persistent data with name pcorr
SGPUBICGS:  Solving for pcorr, Initial residual = 0, Final residual = 0, No Iterations 0
time step continuity errors : sum local = 0, global = 0, cumulative = 0
Courant Number mean: 0 max: 0 velocity magnitude: 0

Starting time loop

Courant Number mean: 0 max: 0 velocity magnitude: 0
Time = 0.001

MULES: Solving for alpha1
Liquid phase volume fraction = 0.00275421  Min(alpha1) = 0  Max(alpha1) = 1
MULES: Solving for alpha1
Liquid phase volume fraction = 0.00275421  Min(alpha1) = 0  Max(alpha1) = 1
Created persistent data with name pd
Computing AINV with droptol 0.02
GPU: 2 iters: 0.0594195 s: 7.49408 GB/s
Total exec time 0.0594195
 Total comm time 0.00810176Pre time 0 Post time 0.00810176
SGPUBICGS:  Solving for pd, Initial residual = 1, Final residual = 0.0491214, No Iterations 2
Computing AINV with droptol 0.02
GPU: 27 iters: 0.581333 s: 10.3408 GB/s
Total exec time 0.640752
 Total comm time 0.118041Pre time 0 Post time 0.118041
SGPUBICGS:  Solving for pd, Initial residual = 0.033386, Final residual = 0.00155091, No Iterations 27
GPU: 644 iters: 13.5265 s: 10.6003 GB/s
Total exec time 14.1673
 Total comm time 2.76581Pre time 0 Post time 2.76581
SGPUBICGS:  Solving for pd, Initial residual = 0.0129311, Final residual = 2.30445e-08, No Iterations 644
time step continuity errors : sum local = 2.53218e-12, global = -4.60061e-24, cumulative = -4.60061e-24
ExecutionTime = 42.64 s  ClockTime = 73 s

Courant Number mean: 4.83751e-06 max: 0.00215177 velocity magnitude: 0.0336214
Time = 0.002

MULES: Solving for alpha1
Liquid phase volume fraction = 0.00275421  Min(alpha1) = 0  Max(alpha1) = 1
MULES: Solving for alpha1
Liquid phase volume fraction = 0.00275421  Min(alpha1) = 0  Max(alpha1) = 1
GPU: 486 iters: 10.2145 s: 10.5934 GB/s
Total exec time 24.3817
 Total comm time 4.73705Pre time 0 Post time 4.73705
SGPUBICGS:  Solving for pd, Initial residual = 0.00502824, Final residual = 0.000229552, No Iterations 486
GPU: 502 iters: 10.5568 s: 10.5874 GB/s
Total exec time 34.9385
 Total comm time 6.81457Pre time 0 Post time 6.81457
SGPUBICGS:  Solving for pd, Initial residual = 0.00392967, Final residual = 0.000194049, No Iterations 502
GPU: 657 iters: 13.8071 s: 10.5945 GB/s
Total exec time 48.7456
 Total comm time 9.50649Pre time 0 Post time 9.50649
SGPUBICGS:  Solving for pd, Initial residual = 0.0034531, Final residual = 6.88033e-08, No Iterations 657
time step continuity errors : sum local = 4.11127e-08, global = -4.11123e-08, cumulative = -4.11123e-08
ExecutionTime = 82.43 s  ClockTime = 115 s

Courant Number mean: 1.3522e-05 max: 0.21985 velocity magnitude: 1.71758
Time = 0.003

MULES: Solving for alpha1
Liquid phase volume fraction = 0.00275424  Min(alpha1) = -2.80361e-30  Max(alpha1) = 1
MULES: Solving for alpha1
Liquid phase volume fraction = 0.00275426  Min(alpha1) = -5.64778e-30  Max(alpha1) = 1
GPU: 491 iters: 10.3218 s: 10.5911 GB/s
Total exec time 59.0674
 Total comm time 11.5516Pre time 0 Post time 11.5516
SGPUBICGS:  Solving for pd, Initial residual = 0.00740543, Final residual = 0.000352985, No Iterations 491
GPU: 517 iters: 10.8675 s: 10.592 GB/s
Total exec time 69.9349
 Total comm time 13.7311Pre time 0 Post time 13.7311
SGPUBICGS:  Solving for pd, Initial residual = 0.00515808, Final residual = 0.000125439, No Iterations 517
GPU: 633 iters: 13.2976 s: 10.5986 GB/s
Total exec time 83.2325
 Total comm time 16.2828Pre time 0 Post time 16.2828
SGPUBICGS:  Solving for pd, Initial residual = 0.00493733, Final residual = 5.22541e-08, No Iterations 633
time step continuity errors : sum local = 2.22648e-08, global = -2.22604e-08, cumulative = -6.33727e-08
ExecutionTime = 122.43 s  ClockTime = 157 s

Courant Number mean: 1.63404e-05 max: 0.132455 velocity magnitude: 1.03481
Time = 0.004

MULES: Solving for alpha1
Liquid phase volume fraction = 0.00275427  Min(alpha1) = -4.74874e-30  Max(alpha1) = 1
MULES: Solving for alpha1
Liquid phase volume fraction = 0.00275428  Min(alpha1) = -1.03554e-29  Max(alpha1) = 1
GPU: 548 iters: 11.5086 s: 10.6017 GB/s
Total exec time 94.7411
 Total comm time 18.5208Pre time 0 Post time 18.5208
SGPUBICGS:  Solving for pd, Initial residual = 0.00844362, Final residual = 0.000380832, No Iterations 548
GPU: 493 iters: 10.3578 s: 10.5973 GB/s
Total exec time 105.099
 Total comm time 20.542Pre time 0 Post time 20.542
SGPUBICGS:  Solving for pd, Initial residual = 0.00706923, Final residual = 0.000258544, No Iterations 493
GPU: 657 iters: 13.7941 s: 10.6045 GB/s
Total exec time 118.893
 Total comm time 23.3549Pre time 0 Post time 23.3549
SGPUBICGS:  Solving for pd, Initial residual = 0.00651597, Final residual = 4.33792e-08, No Iterations 657
time step continuity errors : sum local = 1.05123e-08, global = -1.05123e-08, cumulative = -7.3885e-08
ExecutionTime = 163.45 s  ClockTime = 200 s

Courant Number mean: 2.03185e-05 max: 0.0754356 velocity magnitude: 0.589341
Time = 0.005

MULES: Solving for alpha1
Liquid phase volume fraction = 0.00275429  Min(alpha1) = -1.55876e-29  Max(alpha1) = 1
MULES: Solving for alpha1
Liquid phase volume fraction = 0.00275429  Min(alpha1) = -2.11193e-29  Max(alpha1) = 1
Computing AINV with droptol 0.02
GPU: 579 iters: 12.1564 s: 10.6045 GB/s
Total exec time 131.049
 Total comm time 25.6839Pre time 0 Post time 25.6839
SGPUBICGS:  Solving for pd, Initial residual = 0.00666935, Final residual = 0.000146961, No Iterations 579
GPU: 52 iters: 1.11298 s: 10.4024 GB/s
Total exec time 132.162
 Total comm time 25.8996Pre time 0 Post time 25.8996
SGPUBICGS:  Solving for pd, Initial residual = 0.00566194, Final residual = 0.000282238, No Iterations 52
GPU: 684 iters: 14.3596 s: 10.6055 GB/s
Total exec time 146.522
 Total comm time 28.6403Pre time 0 Post time 28.6403
SGPUBICGS:  Solving for pd, Initial residual = 0.00563961, Final residual = 9.70193e-08, No Iterations 684
time step continuity errors : sum local = 2.48251e-09, global = -2.47667e-09, cumulative = -7.63617e-08
ExecutionTime = 196.79 s  ClockTime = 235 s

Courant Number mean: 2.44412e-05 max: 0.0282367 velocity magnitude: 0.28258
Time = 0.006

MULES: Solving for alpha1
Liquid phase volume fraction = 0.00275429  Min(alpha1) = -2.47938e-29  Max(alpha1) = 1
MULES: Solving for alpha1
Liquid phase volume fraction = 0.00275429  Min(alpha1) = -2.03802e-29  Max(alpha1) = 1
GPU: 520 iters: 10.9259 s: 10.5965 GB/s
Total exec time 157.448
 Total comm time 30.8321Pre time 0 Post time 30.8321
SGPUBICGS:  Solving for pd, Initial residual = 0.00746118, Final residual = 0.00013823, No Iterations 520
GPU: 436 iters: 9.15756 s: 10.6004 GB/s
Total exec time 166.606
 Total comm time 32.5945Pre time 0 Post time 32.5945
SGPUBICGS:  Solving for pd, Initial residual = 0.00526854, Final residual = 0.000235424, No Iterations 436
GPU: 635 iters: 13.3352 s: 10.6021 GB/s
Total exec time 179.941
 Total comm time 35.2639Pre time 0 Post time 35.2639
SGPUBICGS:  Solving for pd, Initial residual = 0.00540336, Final residual = 5.7509e-08, No Iterations 635
time step continuity errors : sum local = 1.11287e-11, global = 9.07668e-12, cumulative = -7.63526e-08
ExecutionTime = 235.44 s  ClockTime = 276 s

Courant Number mean: 2.93729e-05 max: 0.0286608 velocity magnitude: 0.223912
Time = 0.007

MULES: Solving for alpha1
Liquid phase volume fraction = 0.00275429  Min(alpha1) = -3.84124e-29  Max(alpha1) = 1
MULES: Solving for alpha1
Liquid phase volume fraction = 0.00275429  Min(alpha1) = -4.54391e-29  Max(alpha1) = 1
GPU: 521 iters: 10.94 s: 10.6033 GB/s
Total exec time 190.881
 Total comm time 37.3722Pre time 0 Post time 37.3722
SGPUBICGS:  Solving for pd, Initial residual = 0.00711803, Final residual = 0.00033051, No Iterations 521
GPU: 457 iters: 9.59847 s: 10.6006 GB/s
Total exec time 200.479
 Total comm time 39.2238Pre time 0 Post time 39.2238
SGPUBICGS:  Solving for pd, Initial residual = 0.00468241, Final residual = 0.000118045, No Iterations 457
GPU: 599 iters: 12.5758 s: 10.605 GB/s
Total exec time 213.055
 Total comm time 41.7254Pre time 0 Post time 41.7254
SGPUBICGS:  Solving for pd, Initial residual = 0.00413626, Final residual = 2.87857e-08, No Iterations 599
time step continuity errors : sum local = 1.40967e-10, global = 1.40967e-10, cumulative = -7.62116e-08
ExecutionTime = 274.02 s  ClockTime = 317 s

Courant Number mean: 3.44767e-05 max: 0.01221 velocity magnitude: 0.130263
Time = 0.008

MULES: Solving for alpha1
Liquid phase volume fraction = 0.00275429  Min(alpha1) = -3.32013e-29  Max(alpha1) = 1
MULES: Solving for alpha1
Liquid phase volume fraction = 0.00275429  Min(alpha1) = -2.44707e-29  Max(alpha1) = 1
GPU: 627 iters: 13.1859 s: 10.587 GB/s
Total exec time 226.241
 Total comm time 44.2399Pre time 0 Post time 44.2399
SGPUBICGS:  Solving for pd, Initial residual = 0.00759003, Final residual = 0.000225024, No Iterations 627
GPU: 502 iters: 10.5626 s: 10.5815 GB/s
Total exec time 236.804
 Total comm time 46.287Pre time 0 Post time 46.287
SGPUBICGS:  Solving for pd, Initial residual = 0.00424589, Final residual = 7.78868e-05, No Iterations 502
Computing AINV with droptol 0.02
GPU: 585 iters: 12.3026 s: 10.5871 GB/s
Total exec time 249.106
 Total comm time 48.6181Pre time 0 Post time 48.6181
SGPUBICGS:  Solving for pd, Initial residual = 0.00400055, Final residual = 9.49592e-08, No Iterations 585
time step continuity errors : sum local = 1.59834e-10, global = 1.56281e-10, cumulative = -7.60553e-08
ExecutionTime = 315.37 s  ClockTime = 360 s

Courant Number mean: 3.95996e-05 max: 0.00902677 velocity magnitude: 0.14018
Time = 0.009

MULES: Solving for alpha1
Liquid phase volume fraction = 0.00275429  Min(alpha1) = -3.9579e-29  Max(alpha1) = 1
MULES: Solving for alpha1
Liquid phase volume fraction = 0.00275429  Min(alpha1) = -6.2526e-29  Max(alpha1) = 1
GPU: 520 iters: 10.9536 s: 10.5697 GB/s
Total exec time 260.06
 Total comm time 50.715Pre time 0 Post time 50.715
SGPUBICGS:  Solving for pd, Initial residual = 0.00745997, Final residual = 0.00035072, No Iterations 520
GPU: 529 iters: 11.1288 s: 10.5834 GB/s
Total exec time 271.189
 Total comm time 52.9319Pre time 0 Post time 52.9319
SGPUBICGS:  Solving for pd, Initial residual = 0.0048026, Final residual = 8.26394e-05, No Iterations 529
GPU: 583 iters: 12.2696 s: 10.5792 GB/s
Total exec time 283.458
 Total comm time 55.2832Pre time 0 Post time 55.2832
SGPUBICGS:  Solving for pd, Initial residual = 0.00418069, Final residual = 7.82505e-08, No Iterations 583
time step continuity errors : sum local = 7.68208e-12, global = 2.67069e-12, cumulative = -7.60527e-08
ExecutionTime = 355.08 s  ClockTime = 402 s

Courant Number mean: 4.47335e-05 max: 0.00970756 velocity magnitude: 0.149191
Time = 0.01

MULES: Solving for alpha1
Liquid phase volume fraction = 0.00275429  Min(alpha1) = -3.35624e-29  Max(alpha1) = 1
MULES: Solving for alpha1
Liquid phase volume fraction = 0.00275429  Min(alpha1) = -1.58359e-29  Max(alpha1) = 1
GPU: 513 iters: 10.7867 s: 10.5888 GB/s
Total exec time 294.245
 Total comm time 57.3098Pre time 0 Post time 57.3098
SGPUBICGS:  Solving for pd, Initial residual = 0.00802583, Final residual = 0.0003718, No Iterations 513
GPU: 511 iters: 10.7461 s: 10.5873 GB/s
Total exec time 304.991
 Total comm time 59.3453Pre time 0 Post time 59.3453
SGPUBICGS:  Solving for pd, Initial residual = 0.00472702, Final residual = 0.000230043, No Iterations 511
GPU: 622 iters: 13.0844 s: 10.5841 GB/s
Total exec time 318.075
 Total comm time 61.9826Pre time 0 Post time 61.9826
SGPUBICGS:  Solving for pd, Initial residual = 0.0043081, Final residual = 9.46529e-08, No Iterations 622
time step continuity errors : sum local = 5.07539e-11, global = -4.21539e-11, cumulative = -7.60948e-08
ExecutionTime = 394.99 s  ClockTime = 444 s

End

Finalising parallel run
/home-2/vplatonov/bin/nvmps: line 33: 33184 Segmentation fault      "$@"
-------------------------------------------------------
Primary job  terminated normally, but 1 process returned
a non-zero exit code.. Per user-direction, the job has been aborted.
-------------------------------------------------------
/home-2/vplatonov/bin/nvmps: line 33: 19612 Segmentation fault      "$@"
/home-2/vplatonov/bin/nvmps: line 33: 19606 Segmentation fault      "$@"
/home-2/vplatonov/bin/nvmps: line 33: 19614 Segmentation fault      "$@"
/home-2/vplatonov/bin/nvmps: line 33: 19600 Segmentation fault      "$@"
/home-2/vplatonov/bin/nvmps: line 33: 19598 Segmentation fault      "$@"
/home-2/vplatonov/bin/nvmps: line 33: 19603 Segmentation fault      "$@"
/home-2/vplatonov/bin/nvmps: line 33: 13828 Segmentation fault      "$@"
/home-2/vplatonov/bin/nvmps: line 33: 33189 Segmentation fault      "$@"
/home-2/vplatonov/bin/nvmps: line 33: 13818 Segmentation fault      "$@"
/home-2/vplatonov/bin/nvmps: line 33: 33181 Segmentation fault      "$@"
/home-2/vplatonov/bin/nvmps: line 33: 13825 Segmentation fault      "$@"
/home-2/vplatonov/bin/nvmps: line 33: 33192 Segmentation fault      "$@"
/home-2/vplatonov/bin/nvmps: line 33: 13822 Segmentation fault      "$@"
/home-2/vplatonov/bin/nvmps: line 33: 33186 Segmentation fault      "$@"
slurmstepd: *** JOB 6244 ON ivb108 CANCELLED AT 2016-05-17T21:51:21 DUE TO TIME LIMIT ***
--------------------------------------------------------------------------
mpirun detected that one or more processes exited with non-zero status, thus causing
the job to be terminated. The first process to do so was:

  Process name: [[32341,1],8]
  Exit code:    139
--------------------------------------------------------------------------
