 Data for JOB [26515,1] offset 0

 ========================   JOB MAP   ========================

 Data for node: ivb112	Num slots: 4	Max slots: 0	Num procs: 4
 	Process OMPI jobid: [26515,1] App: 0 Process rank: 0
 	Process OMPI jobid: [26515,1] App: 0 Process rank: 1
 	Process OMPI jobid: [26515,1] App: 0 Process rank: 2
 	Process OMPI jobid: [26515,1] App: 0 Process rank: 3

 Data for node: ivb113	Num slots: 4	Max slots: 0	Num procs: 4
 	Process OMPI jobid: [26515,1] App: 0 Process rank: 4
 	Process OMPI jobid: [26515,1] App: 0 Process rank: 5
 	Process OMPI jobid: [26515,1] App: 0 Process rank: 6
 	Process OMPI jobid: [26515,1] App: 0 Process rank: 7

 Data for node: ivb114	Num slots: 4	Max slots: 0	Num procs: 4
 	Process OMPI jobid: [26515,1] App: 0 Process rank: 8
 	Process OMPI jobid: [26515,1] App: 0 Process rank: 9
 	Process OMPI jobid: [26515,1] App: 0 Process rank: 10
 	Process OMPI jobid: [26515,1] App: 0 Process rank: 11

 =============================================================
[ivb112:14437] MCW rank 0 bound to socket 0[core 0[hwt 0]]: [B/././././././././.][./././././././././.]
[ivb112:14437] MCW rank 1 bound to socket 0[core 1[hwt 0]]: [./B/./././././././.][./././././././././.]
[ivb112:14437] MCW rank 2 bound to socket 0[core 2[hwt 0]]: [././B/././././././.][./././././././././.]
[ivb112:14437] MCW rank 3 bound to socket 0[core 3[hwt 0]]: [./././B/./././././.][./././././././././.]
[ivb114:33822] MCW rank 10 bound to socket 0[core 2[hwt 0]]: [././B/././././././.][./././././././././.]
[ivb114:33822] MCW rank 11 bound to socket 0[core 3[hwt 0]]: [./././B/./././././.][./././././././././.]
[ivb114:33822] MCW rank 8 bound to socket 0[core 0[hwt 0]]: [B/././././././././.][./././././././././.]
[ivb114:33822] MCW rank 9 bound to socket 0[core 1[hwt 0]]: [./B/./././././././.][./././././././././.]
[ivb113:31512] MCW rank 6 bound to socket 0[core 2[hwt 0]]: [././B/././././././.][./././././././././.]
[ivb113:31512] MCW rank 7 bound to socket 0[core 3[hwt 0]]: [./././B/./././././.][./././././././././.]
[ivb113:31512] MCW rank 4 bound to socket 0[core 0[hwt 0]]: [B/././././././././.][./././././././././.]
[ivb113:31512] MCW rank 5 bound to socket 0[core 1[hwt 0]]: [./B/./././././././.][./././././././././.]
0
1
2
3
1
2
0
3
1
0
2
3
/*---------------------------------------------------------------------------*\
| =========                 |                                                 |
| \\      /  F ield         | foam-extend: Open Source CFD                    |
|  \\    /   O peration     | Version:     3.1                                |
|   \\  /    A nd           | Web:         http://www.extend-project.de       |
|    \\/     M anipulation  |                                                 |
\*---------------------------------------------------------------------------*/
Build    : 3.1-e2da948002a2
Exec     : pimpleDyMFoam -parallel
Date     : May 24 2016
Time     : 13:15:44
Host     : ivb112
PID      : 14477
CtrlDict : /home-2/vplatonov/foam/foam-extend-3.1/etc/controlDict
Case     : /home/vplatonov/tests/3D-mesh1-of3.1
nProcs   : 12
Slaves : 
11
(
ivb112.14490
ivb112.14479
ivb112.14485
ivb113.31548
ivb113.31547
ivb113.31552
ivb113.31557
ivb114.33862
ivb114.33859
ivb114.33867
ivb114.33860
)

Pstream initialized with:
    floatTransfer     : 0
    nProcsSimpleSum   : 0
    commsType         : blocking
SigFpe   : Enabling floating point exception trapping (FOAM_SIGFPE).

// * * * * * * * * * * * * * * * * * * * * * * * * * * * * * * * * * * * * * //
Create time

Create dynamic mesh for time = 0

Selecting dynamicFvMesh dynamicMotionSolverFvMesh
Selecting motion solver: displacementLaplacian
Selecting motion diffusion: quadratic
Selecting motion diffusion: inverseDistance
Reading field p

Reading field U

Reading/calculating face flux field phi

Selecting incompressible transport model Newtonian
Selecting turbulence model type LESModel
Selecting LES turbulence model oneEqEddy
oneEqEddyCoeffs
{
    ce              1.048;
    ck              0.094;
}

Reading field rAU if present


Starting time loop

Courant Number mean: 0 max: 0.0007592825 velocity magnitude: 0.4779
Reading old state
Before setting displacements
GAMGPCG:  Solving for cellDisplacementx, Initial residual = 0, Final residual = 0, No Iterations 0
GAMGPCG:  Solving for cellDisplacementy, Initial residual = 0, Final residual = 0, No Iterations 0
GAMGPCG:  Solving for cellDisplacementz, Initial residual = 0, Final residual = 0, No Iterations 0
Time = 5e-06

GAMGPCG:  Solving for cellDisplacementx, Initial residual = 0, Final residual = 0, No Iterations 0
GAMGPCG:  Solving for cellDisplacementy, Initial residual = 0, Final residual = 0, No Iterations 0
GAMGPCG:  Solving for cellDisplacementz, Initial residual = 0, Final residual = 0, No Iterations 0
volume continuity errors : volume = 4.535015, max error = 0, sum local = 0, global = 0
smoothSolver:  Solving for Ux, Initial residual = 1, Final residual = 2.908938e-08, No Iterations 1
smoothSolver:  Solving for Uy, Initial residual = 1, Final residual = 3.336054e-08, No Iterations 1
smoothSolver:  Solving for Uz, Initial residual = 0.9999962, Final residual = 2.828127e-08, No Iterations 1
Created persistent data with name p
Computing AINV with droptol 0.02
GPU: 775 iters: 6.068838 s: 66.09512 GB/s
OGPUPCG:  Solving for p, Initial residual = 1, Final residual = 0.009957912, No Iterations 775
Computing AINV with droptol 0.02
GPU: 155 iters: 1.338482 s: 59.93664 GB/s
OGPUPCG:  Solving for p, Initial residual = 0.0004704859, Final residual = 9.894012e-06, No Iterations 155
time step continuity errors : sum local = 2.227551e-09, global = 1.442864e-12, cumulative = 1.442864e-12
Moving mesh time step continuity errors : sum local = 2.227551e-09, global = 1.442864e-12, cumulative = 2.885728e-12
GPU: 144 iters: 1.239766 s: 60.11682 GB/s
OGPUPCG:  Solving for p, Initial residual = 0.0001094528, Final residual = 9.816372e-06, No Iterations 144
GPU: 723 iters: 6.191968 s: 60.43421 GB/s
OGPUPCG:  Solving for p, Initial residual = 4.639239e-05, Final residual = 9.943848e-08, No Iterations 723
time step continuity errors : sum local = 2.239896e-11, global = -2.2739e-13, cumulative = 2.658338e-12
Moving mesh time step continuity errors : sum local = 2.239896e-11, global = -2.2739e-13, cumulative = 2.430948e-12
smoothSolver:  Solving for k, Initial residual = 1, Final residual = 1.528734e-11, No Iterations 2
ExecutionTime = 76.48 s  ClockTime = 79 s

Courant Number mean: 7.67495e-05 max: 0.002865074 velocity magnitude: 0.9550937
yForce = -0.6636457
Y= -1.024593e-12
Vy= -4.098369e-07
Time = 1e-05

GAMGPCG:  Solving for cellDisplacementx, Initial residual = 0, Final residual = 0, No Iterations 0
GAMGPCG:  Solving for cellDisplacementy, Initial residual = 1, Final residual = 6.44923e-09, No Iterations 1
GAMGPCG:  Solving for cellDisplacementz, Initial residual = 0, Final residual = 0, No Iterations 0
volume continuity errors : volume = 4.535015, max error = 9.856995e-09, sum local = 6.015042e-15, global = 1.563963e-18
smoothSolver:  Solving for Ux, Initial residual = 0.9975502, Final residual = 9.189874e-07, No Iterations 1
smoothSolver:  Solving for Uy, Initial residual = 0.3333307, Final residual = 2.407112e-06, No Iterations 1
smoothSolver:  Solving for Uz, Initial residual = 0.3201073, Final residual = 1.342166e-06, No Iterations 1
GPU: 779 iters: 6.711801 s: 60.07194 GB/s
OGPUPCG:  Solving for p, Initial residual = 0.003643919, Final residual = 3.502762e-05, No Iterations 779
GPU: 226 iters: 1.955786 s: 59.80816 GB/s
OGPUPCG:  Solving for p, Initial residual = 0.001401963, Final residual = 1.390803e-05, No Iterations 226
time step continuity errors : sum local = 1.045418e-09, global = 6.65243e-13, cumulative = 3.096191e-12
Moving mesh time step continuity errors : sum local = 1.045418e-09, global = 6.65243e-13, cumulative = 3.761434e-12
GPU: 310 iters: 2.679866 s: 59.87173 GB/s
OGPUPCG:  Solving for p, Initial residual = 0.0003132841, Final residual = 9.941773e-06, No Iterations 310
GPU: 670 iters: 5.800782 s: 59.78077 GB/s
OGPUPCG:  Solving for p, Initial residual = 0.0001184466, Final residual = 9.687009e-08, No Iterations 670
time step continuity errors : sum local = 7.273783e-12, global = -5.420329e-14, cumulative = 3.707231e-12
Moving mesh time step continuity errors : sum local = 7.273783e-12, global = -5.420329e-14, cumulative = 3.653027e-12
smoothSolver:  Solving for k, Initial residual = 0.008780208, Final residual = 4.934523e-09, No Iterations 1
ExecutionTime = 110.16 s  ClockTime = 113 s

Courant Number mean: 7.675191e-05 max: 0.002856927 velocity magnitude: 0.952378
yForce = 1.133466
Y= -1.323834e-12
Vy= 2.9014e-07
Time = 1.5e-05

GAMGPCG:  Solving for cellDisplacementx, Initial residual = 0, Final residual = 0, No Iterations 0
GAMGPCG:  Solving for cellDisplacementy, Initial residual = 0.2481145, Final residual = 3.075491e-09, No Iterations 1
GAMGPCG:  Solving for cellDisplacementz, Initial residual = 0, Final residual = 0, No Iterations 0
volume continuity errors : volume = 4.535015, max error = 1.032653e-08, sum local = 6.630176e-15, global = -6.767311e-18
smoothSolver:  Solving for Ux, Initial residual = 0.9921625, Final residual = 9.148906e-07, No Iterations 1
smoothSolver:  Solving for Uy, Initial residual = 0.1847121, Final residual = 1.487266e-06, No Iterations 1
smoothSolver:  Solving for Uz, Initial residual = 0.6546685, Final residual = 2.37106e-06, No Iterations 1
GPU: 775 iters: 6.681202 s: 60.03719 GB/s
OGPUPCG:  Solving for p, Initial residual = 0.002800857, Final residual = 2.789921e-05, No Iterations 775
GPU: 225 iters: 1.943859 s: 59.90887 GB/s
OGPUPCG:  Solving for p, Initial residual = 0.09899124, Final residual = 0.0009854395, No Iterations 225
time step continuity errors : sum local = 3.444857e-10, global = -2.479401e-13, cumulative = 3.405087e-12
Moving mesh time step continuity errors : sum local = 3.444857e-10, global = -2.479401e-13, cumulative = 3.157147e-12
GPU: 422 iters: 3.651255 s: 59.81961 GB/s
OGPUPCG:  Solving for p, Initial residual = 0.02237978, Final residual = 0.0002210395, No Iterations 422
GPU: 878 iters: 7.579828 s: 59.95265 GB/s
OGPUPCG:  Solving for p, Initial residual = 0.007520085, Final residual = 9.855133e-08, No Iterations 878
time step continuity errors : sum local = 3.131728e-14, global = -2.213018e-17, cumulative = 3.157125e-12
Moving mesh time step continuity errors : sum local = 3.131728e-14, global = -2.213018e-17, cumulative = 3.157103e-12
smoothSolver:  Solving for k, Initial residual = 0.003835061, Final residual = 1.956258e-09, No Iterations 1
ExecutionTime = 146.62 s  ClockTime = 150 s

Courant Number mean: 7.675235e-05 max: 0.002858856 velocity magnitude: 0.9530208
yForce = -0.08337449
Y= -1.855639e-15
Vy= 2.386514e-07
Time = 2e-05

GAMGPCG:  Solving for cellDisplacementx, Initial residual = 0, Final residual = 0, No Iterations 0
GAMGPCG:  Solving for cellDisplacementy, Initial residual = 1, Final residual = 6.022369e-09, No Iterations 1
GAMGPCG:  Solving for cellDisplacementz, Initial residual = 0, Final residual = 0, No Iterations 0
volume continuity errors : volume = 4.535015, max error = 1.193766e-08, sum local = 6.601257e-15, global = -2.108711e-18
smoothSolver:  Solving for Ux, Initial residual = 0.05066675, Final residual = 8.68446e-08, No Iterations 1
smoothSolver:  Solving for Uy, Initial residual = 0.01316621, Final residual = 1.711832e-07, No Iterations 1
smoothSolver:  Solving for Uz, Initial residual = 0.9157676, Final residual = 3.622845e-06, No Iterations 1
GPU: 104 iters: 0.9040443 s: 59.54111 GB/s
OGPUPCG:  Solving for p, Initial residual = 0.2265679, Final residual = 0.00220704, No Iterations 104
GPU: 355 iters: 3.06501 s: 59.94732 GB/s
OGPUPCG:  Solving for p, Initial residual = 0.01246871, Final residual = 0.0001237836, No Iterations 355
time step continuity errors : sum local = 3.339275e-11, global = -3.262286e-12, cumulative = -1.051826e-13
Moving mesh time step continuity errors : sum local = 3.339275e-11, global = -3.262286e-12, cumulative = -3.367468e-12
GPU: 555 iters: 4.775272 s: 60.15449 GB/s
OGPUPCG:  Solving for p, Initial residual = 0.004235161, Final residual = 4.136235e-05, No Iterations 555
GPU: 815 iters: 7.001878 s: 60.24435 GB/s
OGPUPCG:  Solving for p, Initial residual = 0.001799578, Final residual = 9.967917e-08, No Iterations 815
time step continuity errors : sum local = 2.673052e-14, global = -1.401321e-16, cumulative = -3.367608e-12
Moving mesh time step continuity errors : sum local = 2.673052e-14, global = -1.401321e-16, cumulative = -3.367748e-12
smoothSolver:  Solving for k, Initial residual = 0.002273125, Final residual = 1.107198e-09, No Iterations 1
ExecutionTime = 179.17 s  ClockTime = 183 s

Courant Number mean: 7.675292e-05 max: 0.002856743 velocity magnitude: 0.9523164
yForce = -0.2194545
Y= 8.525875e-13
Vy= 1.03126e-07
Time = 2.5e-05

GAMGPCG:  Solving for cellDisplacementx, Initial residual = 0, Final residual = 0, No Iterations 0
GAMGPCG:  Solving for cellDisplacementy, Initial residual = 0.745638, Final residual = 6.62225e-09, No Iterations 1
GAMGPCG:  Solving for cellDisplacementz, Initial residual = 0, Final residual = 0, No Iterations 0
volume continuity errors : volume = 4.535015, max error = 9.763319e-09, sum local = 6.667514e-15, global = 6.727632e-18
smoothSolver:  Solving for Ux, Initial residual = 0.02706911, Final residual = 3.538478e-08, No Iterations 1
smoothSolver:  Solving for Uy, Initial residual = 0.004544305, Final residual = 6.310049e-08, No Iterations 1
smoothSolver:  Solving for Uz, Initial residual = 0.7409737, Final residual = 4.087201e-06, No Iterations 1
GPU: 29 iters: 0.2492975 s: 60.20789 GB/s
OGPUPCG:  Solving for p, Initial residual = 0.1533783, Final residual = 0.001445637, No Iterations 29
GPU: 391 iters: 3.363924 s: 60.15945 GB/s
OGPUPCG:  Solving for p, Initial residual = 0.003828816, Final residual = 3.797962e-05, No Iterations 391
time step continuity errors : sum local = 9.029537e-12, global = 6.41134e-13, cumulative = -2.726615e-12
Moving mesh time step continuity errors : sum local = 9.029537e-12, global = 6.41134e-13, cumulative = -2.085481e-12
GPU: 565 iters: 4.867882 s: 60.07333 GB/s
OGPUPCG:  Solving for p, Initial residual = 0.001013777, Final residual = 1.010267e-05, No Iterations 565
GPU: 777 iters: 6.699955 s: 60.02365 GB/s
OGPUPCG:  Solving for p, Initial residual = 0.0003979202, Final residual = 9.766518e-08, No Iterations 777
time step continuity errors : sum local = 2.314552e-14, global = -3.69419e-17, cumulative = -2.085517e-12
Moving mesh time step continuity errors : sum local = 2.314552e-14, global = -3.69419e-17, cumulative = -2.085554e-12
smoothSolver:  Solving for k, Initial residual = 0.001554793, Final residual = 7.438578e-10, No Iterations 1
ExecutionTime = 210.95 s  ClockTime = 215 s

Courant Number mean: 7.675305e-05 max: 0.002854609 velocity magnitude: 0.9516051
yForce = 0.1692801
Y= 1.629566e-12
Vy= 2.076654e-07
Time = 3e-05

GAMGPCG:  Solving for cellDisplacementx, Initial residual = 0, Final residual = 0, No Iterations 0
GAMGPCG:  Solving for cellDisplacementy, Initial residual = 0.4878149, Final residual = 3.963344e-09, No Iterations 1
GAMGPCG:  Solving for cellDisplacementz, Initial residual = 0, Final residual = 0, No Iterations 0
volume continuity errors : volume = 4.535015, max error = 1.128738e-08, sum local = 6.728751e-15, global = 2.985409e-19
smoothSolver:  Solving for Ux, Initial residual = 0.0176146, Final residual = 1.834174e-08, No Iterations 1
smoothSolver:  Solving for Uy, Initial residual = 0.001237445, Final residual = 3.228891e-08, No Iterations 1
smoothSolver:  Solving for Uz, Initial residual = 0.3553605, Final residual = 3.842972e-06, No Iterations 1
GPU: 4 iters: 0.04157123 s: 49.80126 GB/s
OGPUPCG:  Solving for p, Initial residual = 0.1088626, Final residual = 0.0009411116, No Iterations 4
GPU: 145 iters: 1.253983 s: 59.84799 GB/s
OGPUPCG:  Solving for p, Initial residual = 0.001654567, Final residual = 1.638681e-05, No Iterations 145
time step continuity errors : sum local = 3.515693e-12, global = -9.215094e-17, cumulative = -2.085647e-12
Moving mesh time step continuity errors : sum local = 3.515693e-12, global = -9.215094e-17, cumulative = -2.085739e-12
GPU: 29 iters: 0.2546308 s: 58.94682 GB/s
OGPUPCG:  Solving for p, Initial residual = 0.0002975773, Final residual = 9.987357e-06, No Iterations 29
GPU: 645 iters: 5.563238 s: 60.00747 GB/s
OGPUPCG:  Solving for p, Initial residual = 0.0001159062, Final residual = 9.945406e-08, No Iterations 645
time step continuity errors : sum local = 2.132707e-14, global = -1.132344e-17, cumulative = -2.08575e-12
Moving mesh time step continuity errors : sum local = 2.132707e-14, global = -1.132344e-17, cumulative = -2.085761e-12
smoothSolver:  Solving for k, Initial residual = 0.001156912, Final residual = 5.46516e-10, No Iterations 1
ExecutionTime = 234.94 s  ClockTime = 239 s

Courant Number mean: 7.675315e-05 max: 0.002852247 velocity magnitude: 0.9508177
yForce = -0.04216594
Y= 2.602793e-12
Vy= 1.816254e-07
Time = 3.5e-05

GAMGPCG:  Solving for cellDisplacementx, Initial residual = 0, Final residual = 0, No Iterations 0
GAMGPCG:  Solving for cellDisplacementy, Initial residual = 0.4368355, Final residual = 3.238195e-09, No Iterations 1
GAMGPCG:  Solving for cellDisplacementz, Initial residual = 0, Final residual = 0, No Iterations 0
volume continuity errors : volume = 4.535015, max error = 1.122602e-08, sum local = 6.782773e-15, global = 2.440046e-18
smoothSolver:  Solving for Ux, Initial residual = 0.01352739, Final residual = 1.449047e-08, No Iterations 1
smoothSolver:  Solving for Uy, Initial residual = 0.0009592678, Final residual = 2.428223e-08, No Iterations 1
smoothSolver:  Solving for Uz, Initial residual = 0.2210791, Final residual = 2.678476e-06, No Iterations 1
GPU: 2 iters: 0.02398256 s: 43.16261 GB/s
OGPUPCG:  Solving for p, Initial residual = 0.09114987, Final residual = 0.0008371064, No Iterations 2
GPU: 124 iters: 1.080713 s: 59.38607 GB/s
OGPUPCG:  Solving for p, Initial residual = 0.001014418, Final residual = 9.987431e-06, No Iterations 124
time step continuity errors : sum local = 1.967652e-12, global = -1.726726e-17, cumulative = -2.085779e-12
Moving mesh time step continuity errors : sum local = 1.967652e-12, global = -1.726726e-17, cumulative = -2.085796e-12
GPU: 26 iters: 0.2300593 s: 58.49339 GB/s
OGPUPCG:  Solving for p, Initial residual = 9.402033e-05, Final residual = 9.689402e-06, No Iterations 26
GPU: 640 iters: 5.543243 s: 59.75707 GB/s
OGPUPCG:  Solving for p, Initial residual = 3.307646e-05, Final residual = 9.928324e-08, No Iterations 640
time step continuity errors : sum local = 1.955472e-14, global = -2.02423e-17, cumulative = -2.085816e-12
Moving mesh time step continuity errors : sum local = 1.955472e-14, global = -2.02423e-17, cumulative = -2.085836e-12
smoothSolver:  Solving for k, Initial residual = 0.0009097414, Final residual = 4.377492e-10, No Iterations 1
ExecutionTime = 258.53 s  ClockTime = 263 s

Courant Number mean: 7.67532e-05 max: 0.002849501 velocity magnitude: 0.9499023
yForce = -0.02208662
Y= 3.47682e-12
Vy= 1.679854e-07
Time = 4e-05

GAMGPCG:  Solving for cellDisplacementx, Initial residual = 0, Final residual = 0, No Iterations 0
GAMGPCG:  Solving for cellDisplacementy, Initial residual = 0.3131698, Final residual = 2.495613e-09, No Iterations 1
GAMGPCG:  Solving for cellDisplacementz, Initial residual = 0, Final residual = 0, No Iterations 0
volume continuity errors : volume = 4.535015, max error = 1.123709e-08, sum local = 6.80327e-15, global = 4.472644e-18
smoothSolver:  Solving for Ux, Initial residual = 0.010952, Final residual = 1.187614e-08, No Iterations 1
smoothSolver:  Solving for Uy, Initial residual = 0.0008076142, Final residual = 1.943188e-08, No Iterations 1
smoothSolver:  Solving for Uz, Initial residual = 0.1778701, Final residual = 2.392267e-06, No Iterations 1
GPU: 2 iters: 0.02386653 s: 43.37246 GB/s
OGPUPCG:  Solving for p, Initial residual = 0.07497276, Final residual = 0.0004530274, No Iterations 2
GPU: 39 iters: 0.3377268 s: 59.7685 GB/s
OGPUPCG:  Solving for p, Initial residual = 0.0005910174, Final residual = 9.955441e-06, No Iterations 39
time step continuity errors : sum local = 1.822022e-12, global = -4.10273e-17, cumulative = -2.085877e-12
Moving mesh time step continuity errors : sum local = 1.822022e-12, global = -4.10273e-17, cumulative = -2.085918e-12
GPU: 3 iters: 0.0318111 s: 48.81078 GB/s
OGPUPCG:  Solving for p, Initial residual = 3.987993e-05, Final residual = 9.510291e-06, No Iterations 3
GPU: 649 iters: 5.60026 s: 59.98045 GB/s
OGPUPCG:  Solving for p, Initial residual = 1.468838e-05, Final residual = 9.667802e-08, No Iterations 649
time step continuity errors : sum local = 1.76916e-14, global = -1.259001e-17, cumulative = -2.085931e-12
Moving mesh time step continuity errors : sum local = 1.76916e-14, global = -1.259001e-17, cumulative = -2.085944e-12
smoothSolver:  Solving for k, Initial residual = 0.0007436919, Final residual = 3.630136e-10, No Iterations 1
ExecutionTime = 281.63 s  ClockTime = 286 s

Courant Number mean: 7.675322e-05 max: 0.002846381 velocity magnitude: 0.9488623
yForce = 0.02284926
Y= 4.352023e-12
Vy= 1.820958e-07
Time = 4.5e-05

GAMGPCG:  Solving for cellDisplacementx, Initial residual = 0, Final residual = 0, No Iterations 0
GAMGPCG:  Solving for cellDisplacementy, Initial residual = 0.2623653, Final residual = 1.223201e-09, No Iterations 1
GAMGPCG:  Solving for cellDisplacementz, Initial residual = 0, Final residual = 0, No Iterations 0
volume continuity errors : volume = 4.535015, max error = 1.111394e-08, sum local = 6.780663e-15, global = 3.423683e-19
smoothSolver:  Solving for Ux, Initial residual = 0.009356406, Final residual = 1.007137e-08, No Iterations 1
smoothSolver:  Solving for Uy, Initial residual = 0.0006791143, Final residual = 1.601623e-08, No Iterations 1
smoothSolver:  Solving for Uz, Initial residual = 0.1699425, Final residual = 2.020946e-06, No Iterations 1
GPU: 2 iters: 0.02558307 s: 40.4623 GB/s
OGPUPCG:  Solving for p, Initial residual = 0.06276964, Final residual = 0.0003621507, No Iterations 2
GPU: 18 iters: 0.1598627 s: 58.2772 GB/s
OGPUPCG:  Solving for p, Initial residual = 0.0004632952, Final residual = 9.814619e-06, No Iterations 18
time step continuity errors : sum local = 1.683246e-12, global = 4.787736e-17, cumulative = -2.085896e-12
Moving mesh time step continuity errors : sum local = 1.683246e-12, global = 4.787736e-17, cumulative = -2.085848e-12
GPU: 1 iters: 0.0159776 s: 32.39379 GB/s
OGPUPCG:  Solving for p, Initial residual = 2.607332e-05, Final residual = 8.343405e-06, No Iterations 1
GPU: 417 iters: 3.58826 s: 60.14858 GB/s
OGPUPCG:  Solving for p, Initial residual = 9.139804e-06, Final residual = 9.938487e-08, No Iterations 417
time step continuity errors : sum local = 1.704374e-14, global = 1.459525e-15, cumulative = -2.084388e-12
Moving mesh time step continuity errors : sum local = 1.704374e-14, global = 1.459525e-15, cumulative = -2.082929e-12
smoothSolver:  Solving for k, Initial residual = 0.0006255963, Final residual = 3.112297e-10, No Iterations 1
ExecutionTime = 302.44 s  ClockTime = 307 s

Courant Number mean: 7.675321e-05 max: 0.00284288 velocity magnitude: 0.9482451
yForce = -0.008419895
Y= 5.249502e-12
Vy= 1.768958e-07
Time = 5e-05

GAMGPCG:  Solving for cellDisplacementx, Initial residual = 0, Final residual = 0, No Iterations 0
GAMGPCG:  Solving for cellDisplacementy, Initial residual = 0.2344609, Final residual = 1.617957e-09, No Iterations 1
GAMGPCG:  Solving for cellDisplacementz, Initial residual = 0, Final residual = 0, No Iterations 0
volume continuity errors : volume = 4.535015, max error = 1.054026e-08, sum local = 6.780846e-15, global = -8.159576e-19
smoothSolver:  Solving for Ux, Initial residual = 0.008276676, Final residual = 8.761854e-09, No Iterations 1
smoothSolver:  Solving for Uy, Initial residual = 0.0005943341, Final residual = 1.356167e-08, No Iterations 1
smoothSolver:  Solving for Uz, Initial residual = 0.1401996, Final residual = 1.581568e-06, No Iterations 1
GPU: 2 iters: 0.02501053 s: 41.38857 GB/s
OGPUPCG:  Solving for p, Initial residual = 0.05636378, Final residual = 0.0003029564, No Iterations 2
GPU: 15 iters: 0.1353745 s: 57.34925 GB/s
OGPUPCG:  Solving for p, Initial residual = 0.0003822523, Final residual = 9.266109e-06, No Iterations 15
time step continuity errors : sum local = 1.49946e-12, global = 3.396426e-15, cumulative = -2.079532e-12
Moving mesh time step continuity errors : sum local = 1.49946e-12, global = 3.396426e-15, cumulative = -2.076136e-12
GPU: 0 iters: 0.007906528 s: 0 GB/s
OGPUPCG:  Solving for p, Initial residual = 2.023675e-05, Final residual = 8.92782e-06, No Iterations 0
GPU: 644 iters: 5.528949 s: 60.28601 GB/s
OGPUPCG:  Solving for p, Initial residual = 9.56278e-06, Final residual = 9.681127e-08, No Iterations 644
time step continuity errors : sum local = 1.566564e-14, global = 1.076039e-17, cumulative = -2.076125e-12
Moving mesh time step continuity errors : sum local = 1.566564e-14, global = 1.076039e-17, cumulative = -2.076114e-12
smoothSolver:  Solving for k, Initial residual = 0.0005378836, Final residual = 2.738332e-10, No Iterations 1
ExecutionTime = 325.05 s  ClockTime = 330 s

yForce = -0.001010178
Y= 6.132421e-12
Vy= 1.762717e-07
End

Finalising parallel run
