 Data for JOB [25019,1] offset 0

 ========================   JOB MAP   ========================

 Data for node: ivb112	Num slots: 12	Max slots: 0	Num procs: 12
 	Process OMPI jobid: [25019,1] App: 0 Process rank: 0
 	Process OMPI jobid: [25019,1] App: 0 Process rank: 1
 	Process OMPI jobid: [25019,1] App: 0 Process rank: 2
 	Process OMPI jobid: [25019,1] App: 0 Process rank: 3
 	Process OMPI jobid: [25019,1] App: 0 Process rank: 4
 	Process OMPI jobid: [25019,1] App: 0 Process rank: 5
 	Process OMPI jobid: [25019,1] App: 0 Process rank: 6
 	Process OMPI jobid: [25019,1] App: 0 Process rank: 7
 	Process OMPI jobid: [25019,1] App: 0 Process rank: 8
 	Process OMPI jobid: [25019,1] App: 0 Process rank: 9
 	Process OMPI jobid: [25019,1] App: 0 Process rank: 10
 	Process OMPI jobid: [25019,1] App: 0 Process rank: 11

 Data for node: ivb113	Num slots: 12	Max slots: 0	Num procs: 12
 	Process OMPI jobid: [25019,1] App: 0 Process rank: 12
 	Process OMPI jobid: [25019,1] App: 0 Process rank: 13
 	Process OMPI jobid: [25019,1] App: 0 Process rank: 14
 	Process OMPI jobid: [25019,1] App: 0 Process rank: 15
 	Process OMPI jobid: [25019,1] App: 0 Process rank: 16
 	Process OMPI jobid: [25019,1] App: 0 Process rank: 17
 	Process OMPI jobid: [25019,1] App: 0 Process rank: 18
 	Process OMPI jobid: [25019,1] App: 0 Process rank: 19
 	Process OMPI jobid: [25019,1] App: 0 Process rank: 20
 	Process OMPI jobid: [25019,1] App: 0 Process rank: 21
 	Process OMPI jobid: [25019,1] App: 0 Process rank: 22
 	Process OMPI jobid: [25019,1] App: 0 Process rank: 23

 =============================================================
[ivb112:15949] MCW rank 4 bound to socket 0[core 4[hwt 0]]: [././././B/././././.][./././././././././.]
[ivb112:15949] MCW rank 5 bound to socket 0[core 5[hwt 0]]: [./././././B/./././.][./././././././././.]
[ivb112:15949] MCW rank 6 bound to socket 0[core 6[hwt 0]]: [././././././B/././.][./././././././././.]
[ivb112:15949] MCW rank 7 bound to socket 0[core 7[hwt 0]]: [./././././././B/./.][./././././././././.]
[ivb112:15949] MCW rank 8 bound to socket 0[core 8[hwt 0]]: [././././././././B/.][./././././././././.]
[ivb112:15949] MCW rank 9 bound to socket 0[core 9[hwt 0]]: [./././././././././B][./././././././././.]
[ivb112:15949] MCW rank 10 bound to socket 1[core 10[hwt 0]]: [./././././././././.][B/././././././././.]
[ivb112:15949] MCW rank 11 bound to socket 1[core 11[hwt 0]]: [./././././././././.][./B/./././././././.]
[ivb112:15949] MCW rank 0 bound to socket 0[core 0[hwt 0]]: [B/././././././././.][./././././././././.]
[ivb112:15949] MCW rank 1 bound to socket 0[core 1[hwt 0]]: [./B/./././././././.][./././././././././.]
[ivb112:15949] MCW rank 2 bound to socket 0[core 2[hwt 0]]: [././B/././././././.][./././././././././.]
[ivb112:15949] MCW rank 3 bound to socket 0[core 3[hwt 0]]: [./././B/./././././.][./././././././././.]
[ivb113:33047] MCW rank 17 bound to socket 0[core 5[hwt 0]]: [./././././B/./././.][./././././././././.]
[ivb113:33047] MCW rank 18 bound to socket 0[core 6[hwt 0]]: [././././././B/././.][./././././././././.]
[ivb113:33047] MCW rank 19 bound to socket 0[core 7[hwt 0]]: [./././././././B/./.][./././././././././.]
[ivb113:33047] MCW rank 20 bound to socket 0[core 8[hwt 0]]: [././././././././B/.][./././././././././.]
[ivb113:33047] MCW rank 21 bound to socket 0[core 9[hwt 0]]: [./././././././././B][./././././././././.]
[ivb113:33047] MCW rank 22 bound to socket 1[core 10[hwt 0]]: [./././././././././.][B/././././././././.]
[ivb113:33047] MCW rank 23 bound to socket 1[core 11[hwt 0]]: [./././././././././.][./B/./././././././.]
[ivb113:33047] MCW rank 12 bound to socket 0[core 0[hwt 0]]: [B/././././././././.][./././././././././.]
[ivb113:33047] MCW rank 13 bound to socket 0[core 1[hwt 0]]: [./B/./././././././.][./././././././././.]
[ivb113:33047] MCW rank 14 bound to socket 0[core 2[hwt 0]]: [././B/././././././.][./././././././././.]
[ivb113:33047] MCW rank 15 bound to socket 0[core 3[hwt 0]]: [./././B/./././././.][./././././././././.]
[ivb113:33047] MCW rank 16 bound to socket 0[core 4[hwt 0]]: [././././B/././././.][./././././././././.]
/*---------------------------------------------------------------------------*\
| =========                 |                                                 |
| \\      /  F ield         | foam-extend: Open Source CFD                    |
|  \\    /   O peration     | Version:     3.1                                |
|   \\  /    A nd           | Web:         http://www.extend-project.de       |
|    \\/     M anipulation  |                                                 |
\*---------------------------------------------------------------------------*/
Build    : 3.1-e2da948002a2
Exec     : pimpleDyMFoam -parallel
Date     : May 24 2016
Time     : 13:44:27
Host     : ivb112
PID      : 16018
CtrlDict : /home-2/vplatonov/foam/foam-extend-3.1/etc/controlDict
Case     : /home/vplatonov/tests/3D-mesh1-of3.1
nProcs   : 24
Slaves : 
23
(
ivb112.16017
ivb112.16023
ivb112.16030
ivb112.16039
ivb112.16057
ivb112.16042
ivb112.16054
ivb112.16045
ivb112.16059
ivb112.16048
ivb112.16051
ivb113.33133
ivb113.33122
ivb113.33126
ivb113.33136
ivb113.33142
ivb113.33130
ivb113.33145
ivb113.33123
ivb113.33124
ivb113.33139
ivb113.33148
ivb113.33150
)

Pstream initialized with:
    floatTransfer     : 0
    nProcsSimpleSum   : 0
    commsType         : blocking
SigFpe   : Enabling floating point exception trapping (FOAM_SIGFPE).

// * * * * * * * * * * * * * * * * * * * * * * * * * * * * * * * * * * * * * //
Create time

Create dynamic mesh for time = 0

Selecting dynamicFvMesh dynamicMotionSolverFvMesh
Selecting motion solver: displacementLaplacian
Selecting motion diffusion: quadratic
Selecting motion diffusion: inverseDistance
Reading field p

Reading field U

Reading/calculating face flux field phi

Selecting incompressible transport model Newtonian
Selecting turbulence model type LESModel
Selecting LES turbulence model oneEqEddy
oneEqEddyCoeffs
{
    ce              1.048;
    ck              0.094;
}

Reading field rAU if present


Starting time loop

Courant Number mean: 0 max: 0.0007592825 velocity magnitude: 0.4779
Reading old state
Before setting displacements
GAMGPCG:  Solving for cellDisplacementx, Initial residual = 0, Final residual = 0, No Iterations 0
GAMGPCG:  Solving for cellDisplacementy, Initial residual = 0, Final residual = 0, No Iterations 0
GAMGPCG:  Solving for cellDisplacementz, Initial residual = 0, Final residual = 0, No Iterations 0
Time = 5e-06

GAMGPCG:  Solving for cellDisplacementx, Initial residual = 0, Final residual = 0, No Iterations 0
GAMGPCG:  Solving for cellDisplacementy, Initial residual = 0, Final residual = 0, No Iterations 0
GAMGPCG:  Solving for cellDisplacementz, Initial residual = 0, Final residual = 0, No Iterations 0
volume continuity errors : volume = 4.535015, max error = 0, sum local = 0, global = 0
smoothSolver:  Solving for Ux, Initial residual = 1, Final residual = 3.764172e-08, No Iterations 1
smoothSolver:  Solving for Uy, Initial residual = 1, Final residual = 4.611591e-08, No Iterations 1
smoothSolver:  Solving for Uz, Initial residual = 0.9999962, Final residual = 4.046585e-08, No Iterations 1
Created persistent data with name p
Computing AINV with droptol 0.02
GPU: 802 iters: 15.27092 s: 12.60709 GB/s
OGPUPCG:  Solving for p, Initial residual = 1, Final residual = 0.009905066, No Iterations 802
Computing AINV with droptol 0.02
GPU: 161 iters: 3.212202 s: 12.03175 GB/s
OGPUPCG:  Solving for p, Initial residual = 0.0004703644, Final residual = 9.914151e-06, No Iterations 161
time step continuity errors : sum local = 2.232084e-09, global = -1.807117e-12, cumulative = -1.807117e-12
Moving mesh time step continuity errors : sum local = 2.232084e-09, global = -1.807117e-12, cumulative = -3.614235e-12
GPU: 146 iters: 2.906787 s: 12.05717 GB/s
OGPUPCG:  Solving for p, Initial residual = 0.0001093709, Final residual = 9.80351e-06, No Iterations 146
GPU: 747 iters: 14.85223 s: 12.07354 GB/s
OGPUPCG:  Solving for p, Initial residual = 4.628961e-05, Final residual = 9.976326e-08, No Iterations 747
time step continuity errors : sum local = 2.247214e-11, global = -2.727745e-13, cumulative = -3.887009e-12
Moving mesh time step continuity errors : sum local = 2.247214e-11, global = -2.727745e-13, cumulative = -4.159784e-12
smoothSolver:  Solving for k, Initial residual = 1, Final residual = 2.557382e-11, No Iterations 2
ExecutionTime = 71.72 s  ClockTime = 86 s

Courant Number mean: 7.680251e-05 max: 0.002865069 velocity magnitude: 0.955092
yForce = 1.639748
Y= 2.531584e-12
Vy= 1.012633e-06
Time = 1e-05

GAMGPCG:  Solving for cellDisplacementx, Initial residual = 0, Final residual = 0, No Iterations 0
GAMGPCG:  Solving for cellDisplacementy, Initial residual = 1, Final residual = 1.160984e-08, No Iterations 1
GAMGPCG:  Solving for cellDisplacementz, Initial residual = 0, Final residual = 0, No Iterations 0
volume continuity errors : volume = 4.535015, max error = 1.212244e-08, sum local = 6.141474e-15, global = -4.387625e-18
smoothSolver:  Solving for Ux, Initial residual = 0.9975504, Final residual = 1.333586e-06, No Iterations 1
smoothSolver:  Solving for Uy, Initial residual = 0.3333217, Final residual = 2.479736e-06, No Iterations 1
smoothSolver:  Solving for Uz, Initial residual = 0.3207941, Final residual = 1.747541e-06, No Iterations 1
GPU: 802 iters: 15.97621 s: 12.05053 GB/s
OGPUPCG:  Solving for p, Initial residual = 0.003643891, Final residual = 3.576056e-05, No Iterations 802
GPU: 257 iters: 5.136091 s: 12.01174 GB/s
OGPUPCG:  Solving for p, Initial residual = 0.001403494, Final residual = 1.385849e-05, No Iterations 257
time step continuity errors : sum local = 1.041695e-09, global = -1.045445e-12, cumulative = -5.205229e-12
Moving mesh time step continuity errors : sum local = 1.041695e-09, global = -1.045445e-12, cumulative = -6.250674e-12
GPU: 305 iters: 6.098119 s: 12.00631 GB/s
OGPUPCG:  Solving for p, Initial residual = 0.0003130977, Final residual = 9.935272e-06, No Iterations 305
GPU: 709 iters: 14.11267 s: 12.05988 GB/s
OGPUPCG:  Solving for p, Initial residual = 0.0001183857, Final residual = 9.969728e-08, No Iterations 709
time step continuity errors : sum local = 7.486109e-12, global = -9.073182e-14, cumulative = -6.341406e-12
Moving mesh time step continuity errors : sum local = 7.486109e-12, global = -9.073182e-14, cumulative = -6.432137e-12
smoothSolver:  Solving for k, Initial residual = 0.00878022, Final residual = 8.027158e-09, No Iterations 1
ExecutionTime = 122.98 s  ClockTime = 139 s

Courant Number mean: 7.680481e-05 max: 0.002856927 velocity magnitude: 0.9523777
yForce = -3.224295
Y= 2.616801e-12
Vy= -9.785444e-07
Time = 1.5e-05

GAMGPCG:  Solving for cellDisplacementx, Initial residual = 0, Final residual = 0, No Iterations 0
GAMGPCG:  Solving for cellDisplacementy, Initial residual = 0.03296901, Final residual = 4.945017e-09, No Iterations 1
GAMGPCG:  Solving for cellDisplacementz, Initial residual = 0, Final residual = 0, No Iterations 0
volume continuity errors : volume = 4.535015, max error = 1.112151e-08, sum local = 6.859016e-15, global = 2.352961e-18
smoothSolver:  Solving for Ux, Initial residual = 0.9921624, Final residual = 1.32797e-06, No Iterations 1
smoothSolver:  Solving for Uy, Initial residual = 0.1846665, Final residual = 1.46839e-06, No Iterations 1
smoothSolver:  Solving for Uz, Initial residual = 0.7629383, Final residual = 3.902567e-06, No Iterations 1
GPU: 732 iters: 14.62376 s: 12.01594 GB/s
OGPUPCG:  Solving for p, Initial residual = 0.002800856, Final residual = 2.757524e-05, No Iterations 732
GPU: 284 iters: 5.671446 s: 12.02071 GB/s
OGPUPCG:  Solving for p, Initial residual = 0.09893483, Final residual = 0.0009770472, No Iterations 284
time step continuity errors : sum local = 3.416241e-10, global = -5.621431e-13, cumulative = -6.99428e-12
Moving mesh time step continuity errors : sum local = 3.416241e-10, global = -5.621431e-13, cumulative = -7.556424e-12
GPU: 436 iters: 8.695283 s: 12.03673 GB/s
OGPUPCG:  Solving for p, Initial residual = 0.0224101, Final residual = 0.0002215085, No Iterations 436
GPU: 923 iters: 18.35113 s: 12.07382 GB/s
OGPUPCG:  Solving for p, Initial residual = 0.007529696, Final residual = 9.810615e-08, No Iterations 923
time step continuity errors : sum local = 3.115634e-14, global = -1.681921e-17, cumulative = -7.55644e-12
Moving mesh time step continuity errors : sum local = 3.115634e-14, global = -1.681921e-17, cumulative = -7.556457e-12
smoothSolver:  Solving for k, Initial residual = 0.003835068, Final residual = 3.565031e-09, No Iterations 1
ExecutionTime = 180.08 s  ClockTime = 198 s

Courant Number mean: 7.68053e-05 max: 0.002858857 velocity magnitude: 0.9530213
yForce = 1.160457
Y= -4.843052e-13
Vy= -2.618985e-07
Time = 2e-05

GAMGPCG:  Solving for cellDisplacementx, Initial residual = 0, Final residual = 0, No Iterations 0
GAMGPCG:  Solving for cellDisplacementy, Initial residual = 1, Final residual = 1.09965e-08, No Iterations 1
GAMGPCG:  Solving for cellDisplacementz, Initial residual = 0, Final residual = 0, No Iterations 0
volume continuity errors : volume = 4.535015, max error = 1.206327e-08, sum local = 6.846299e-15, global = 3.976378e-19
smoothSolver:  Solving for Ux, Initial residual = 0.05067146, Final residual = 8.736816e-08, No Iterations 1
smoothSolver:  Solving for Uy, Initial residual = 0.01317854, Final residual = 1.546795e-07, No Iterations 1
smoothSolver:  Solving for Uz, Initial residual = 0.8887599, Final residual = 4.598341e-06, No Iterations 1
GPU: 106 iters: 2.116324 s: 12.02346 GB/s
OGPUPCG:  Solving for p, Initial residual = 0.2265754, Final residual = 0.002224333, No Iterations 106
GPU: 365 iters: 7.25341 s: 12.07971 GB/s
OGPUPCG:  Solving for p, Initial residual = 0.01250604, Final residual = 0.0001247619, No Iterations 365
time step continuity errors : sum local = 3.365731e-11, global = -3.008799e-12, cumulative = -1.056526e-11
Moving mesh time step continuity errors : sum local = 3.365731e-11, global = -3.008799e-12, cumulative = -1.357405e-11
GPU: 568 iters: 11.3014 s: 12.06485 GB/s
OGPUPCG:  Solving for p, Initial residual = 0.004238806, Final residual = 4.191504e-05, No Iterations 568
GPU: 871 iters: 17.28842 s: 12.09396 GB/s
OGPUPCG:  Solving for p, Initial residual = 0.001801075, Final residual = 9.682601e-08, No Iterations 871
time step continuity errors : sum local = 2.596535e-14, global = -1.064454e-16, cumulative = -1.357416e-11
Moving mesh time step continuity errors : sum local = 2.596535e-14, global = -1.064454e-16, cumulative = -1.357427e-11
smoothSolver:  Solving for k, Initial residual = 0.002273127, Final residual = 2.172631e-09, No Iterations 1
ExecutionTime = 228.26 s  ClockTime = 248 s

Courant Number mean: 7.680586e-05 max: 0.002856743 velocity magnitude: 0.9523164
yForce = -0.1753962
Y= -2.064588e-12
Vy= -3.702147e-07
Time = 2.5e-05

GAMGPCG:  Solving for cellDisplacementx, Initial residual = 0, Final residual = 0, No Iterations 0
GAMGPCG:  Solving for cellDisplacementy, Initial residual = 0.5579856, Final residual = 1.020528e-08, No Iterations 1
GAMGPCG:  Solving for cellDisplacementz, Initial residual = 0, Final residual = 0, No Iterations 0
volume continuity errors : volume = 4.535015, max error = 1.123214e-08, sum local = 6.885539e-15, global = -1.957871e-19
smoothSolver:  Solving for Ux, Initial residual = 0.02707056, Final residual = 3.157861e-08, No Iterations 1
smoothSolver:  Solving for Uy, Initial residual = 0.004545739, Final residual = 5.436376e-08, No Iterations 1
smoothSolver:  Solving for Uz, Initial residual = 0.7478347, Final residual = 4.367526e-06, No Iterations 1
Computing AINV with droptol 0.02
GPU: 28 iters: 0.5834052 s: 11.52109 GB/s
OGPUPCG:  Solving for p, Initial residual = 0.1533817, Final residual = 0.001522191, No Iterations 28
GPU: 406 iters: 8.095196 s: 12.03939 GB/s
OGPUPCG:  Solving for p, Initial residual = 0.003911789, Final residual = 3.9052e-05, No Iterations 406
time step continuity errors : sum local = 9.284496e-12, global = 6.090204e-13, cumulative = -1.296525e-11
Moving mesh time step continuity errors : sum local = 9.284496e-12, global = 6.090204e-13, cumulative = -1.235623e-11
GPU: 578 iters: 11.52652 s: 12.03748 GB/s
OGPUPCG:  Solving for p, Initial residual = 0.001011152, Final residual = 9.933774e-06, No Iterations 578
GPU: 811 iters: 16.12926 s: 12.07014 GB/s
OGPUPCG:  Solving for p, Initial residual = 0.0003958715, Final residual = 9.94779e-08, No Iterations 811
time step continuity errors : sum local = 2.357507e-14, global = -5.102169e-17, cumulative = -1.235628e-11
Moving mesh time step continuity errors : sum local = 2.357507e-14, global = -5.102169e-17, cumulative = -1.235633e-11
smoothSolver:  Solving for k, Initial residual = 0.001554794, Final residual = 1.530241e-09, No Iterations 1
ExecutionTime = 275.06 s  ClockTime = 297 s

Courant Number mean: 7.680599e-05 max: 0.002854609 velocity magnitude: 0.9516052
yForce = -0.2898948
Y= -4.363225e-12
Vy= -5.492398e-07
Time = 3e-05

GAMGPCG:  Solving for cellDisplacementx, Initial residual = 0, Final residual = 0, No Iterations 0
GAMGPCG:  Solving for cellDisplacementy, Initial residual = 0.5137012, Final residual = 7.696785e-09, No Iterations 1
GAMGPCG:  Solving for cellDisplacementz, Initial residual = 0, Final residual = 0, No Iterations 0
volume continuity errors : volume = 4.535015, max error = 1.167943e-08, sum local = 6.946269e-15, global = 7.094261e-18
smoothSolver:  Solving for Ux, Initial residual = 0.01761469, Final residual = 1.431801e-08, No Iterations 1
smoothSolver:  Solving for Uy, Initial residual = 0.001237575, Final residual = 2.457429e-08, No Iterations 1
smoothSolver:  Solving for Uz, Initial residual = 0.3838388, Final residual = 4.149413e-06, No Iterations 1
GPU: 4 iters: 0.1012391 s: 9.484562 GB/s
OGPUPCG:  Solving for p, Initial residual = 0.1088626, Final residual = 0.0009564471, No Iterations 4
GPU: 146 iters: 2.917026 s: 12.01485 GB/s
OGPUPCG:  Solving for p, Initial residual = 0.001672988, Final residual = 1.650548e-05, No Iterations 146
time step continuity errors : sum local = 3.541193e-12, global = -1.325165e-16, cumulative = -1.235646e-11
Moving mesh time step continuity errors : sum local = 3.541193e-12, global = -1.325165e-16, cumulative = -1.235659e-11
GPU: 30 iters: 0.6141559 s: 11.72596 GB/s
OGPUPCG:  Solving for p, Initial residual = 0.0002967909, Final residual = 9.346557e-06, No Iterations 30
GPU: 672 iters: 13.37865 s: 12.05765 GB/s
OGPUPCG:  Solving for p, Initial residual = 0.0001154001, Final residual = 9.955518e-08, No Iterations 672
time step continuity errors : sum local = 2.13487e-14, global = 1.247935e-16, cumulative = -1.235647e-11
Moving mesh time step continuity errors : sum local = 2.13487e-14, global = 1.247935e-16, cumulative = -1.235634e-11
smoothSolver:  Solving for k, Initial residual = 0.001156912, Final residual = 1.164869e-09, No Iterations 1
ExecutionTime = 303.04 s  ClockTime = 326 s

Courant Number mean: 7.680609e-05 max: 0.002852247 velocity magnitude: 0.9508177
yForce = 0.2516086
Y= -6.720967e-12
Vy= -3.938571e-07
Time = 3.5e-05

GAMGPCG:  Solving for cellDisplacementx, Initial residual = 0, Final residual = 0, No Iterations 0
GAMGPCG:  Solving for cellDisplacementy, Initial residual = 0.3812102, Final residual = 5.801999e-09, No Iterations 1
GAMGPCG:  Solving for cellDisplacementz, Initial residual = 0, Final residual = 0, No Iterations 0
volume continuity errors : volume = 4.535015, max error = 1.250607e-08, sum local = 6.989819e-15, global = -2.419521e-18
smoothSolver:  Solving for Ux, Initial residual = 0.01352736, Final residual = 1.135044e-08, No Iterations 1
smoothSolver:  Solving for Uy, Initial residual = 0.0009593765, Final residual = 1.861542e-08, No Iterations 1
smoothSolver:  Solving for Uz, Initial residual = 0.2521123, Final residual = 2.993134e-06, No Iterations 1
GPU: 2 iters: 0.06001594 s: 7.999615 GB/s
OGPUPCG:  Solving for p, Initial residual = 0.09114961, Final residual = 0.0008270812, No Iterations 2
GPU: 126 iters: 2.522677 s: 11.98987 GB/s
OGPUPCG:  Solving for p, Initial residual = 0.001010151, Final residual = 9.945216e-06, No Iterations 126
time step continuity errors : sum local = 1.959316e-12, global = 5.945568e-17, cumulative = -1.235628e-11
Moving mesh time step continuity errors : sum local = 1.959316e-12, global = 5.945568e-17, cumulative = -1.235622e-11
GPU: 29 iters: 0.592142 s: 11.75649 GB/s
OGPUPCG:  Solving for p, Initial residual = 9.260283e-05, Final residual = 9.673384e-06, No Iterations 29
GPU: 801 iters: 15.91721 s: 12.08012 GB/s
OGPUPCG:  Solving for p, Initial residual = 3.286263e-05, Final residual = 9.929979e-08, No Iterations 801
time step continuity errors : sum local = 1.955797e-14, global = -1.43171e-16, cumulative = -1.235637e-11
Moving mesh time step continuity errors : sum local = 1.955797e-14, global = -1.43171e-16, cumulative = -1.235651e-11
smoothSolver:  Solving for k, Initial residual = 0.0009097416, Final residual = 9.452013e-10, No Iterations 1
ExecutionTime = 333.03 s  ClockTime = 357 s

Courant Number mean: 7.680614e-05 max: 0.002849501 velocity magnitude: 0.9499024
yForce = -0.07467214
Y= -8.805536e-12
Vy= -4.399705e-07
Time = 4e-05

GAMGPCG:  Solving for cellDisplacementx, Initial residual = 0, Final residual = 0, No Iterations 0
GAMGPCG:  Solving for cellDisplacementy, Initial residual = 0.2776646, Final residual = 4.522229e-09, No Iterations 1
GAMGPCG:  Solving for cellDisplacementz, Initial residual = 0, Final residual = 0, No Iterations 0
volume continuity errors : volume = 4.535015, max error = 1.200154e-08, sum local = 6.99827e-15, global = -7.877792e-19
smoothSolver:  Solving for Ux, Initial residual = 0.01095199, Final residual = 9.422867e-09, No Iterations 1
smoothSolver:  Solving for Uy, Initial residual = 0.0008074803, Final residual = 1.499034e-08, No Iterations 1
smoothSolver:  Solving for Uz, Initial residual = 0.2179658, Final residual = 2.858883e-06, No Iterations 1
GPU: 3 iters: 0.08136986 s: 8.85041 GB/s
OGPUPCG:  Solving for p, Initial residual = 0.07497275, Final residual = 0.000381283, No Iterations 3
GPU: 45 iters: 0.9226096 s: 11.70847 GB/s
OGPUPCG:  Solving for p, Initial residual = 0.0005296844, Final residual = 9.652838e-06, No Iterations 45
time step continuity errors : sum local = 1.766584e-12, global = -3.658646e-16, cumulative = -1.235688e-11
Moving mesh time step continuity errors : sum local = 1.766584e-12, global = -3.658646e-16, cumulative = -1.235724e-11
GPU: 2 iters: 0.05965485 s: 8.048037 GB/s
OGPUPCG:  Solving for p, Initial residual = 3.756255e-05, Final residual = 9.973803e-06, No Iterations 2
GPU: 792 iters: 15.71868 s: 12.09525 GB/s
OGPUPCG:  Solving for p, Initial residual = 1.499649e-05, Final residual = 9.943383e-08, No Iterations 792
time step continuity errors : sum local = 1.819589e-14, global = 1.087987e-18, cumulative = -1.235724e-11
Moving mesh time step continuity errors : sum local = 1.819589e-14, global = 1.087987e-18, cumulative = -1.235724e-11
smoothSolver:  Solving for k, Initial residual = 0.000743692, Final residual = 7.921261e-10, No Iterations 1
ExecutionTime = 360.86 s  ClockTime = 385 s

Courant Number mean: 7.680616e-05 max: 0.002846381 velocity magnitude: 0.9488623
yForce = -0.01993981
Y= -1.103617e-11
Vy= -4.522838e-07
Time = 4.5e-05

GAMGPCG:  Solving for cellDisplacementx, Initial residual = 0, Final residual = 0, No Iterations 0
GAMGPCG:  Solving for cellDisplacementy, Initial residual = 0.2507458, Final residual = 3.863495e-09, No Iterations 1
GAMGPCG:  Solving for cellDisplacementz, Initial residual = 0, Final residual = 0, No Iterations 0
volume continuity errors : volume = 4.535015, max error = 1.206425e-08, sum local = 6.993307e-15, global = 3.457944e-19
smoothSolver:  Solving for Ux, Initial residual = 0.00935642, Final residual = 8.058686e-09, No Iterations 1
smoothSolver:  Solving for Uy, Initial residual = 0.0006791763, Final residual = 1.242001e-08, No Iterations 1
smoothSolver:  Solving for Uz, Initial residual = 0.1828652, Final residual = 2.417368e-06, No Iterations 1
GPU: 3 iters: 0.07906755 s: 9.108119 GB/s
OGPUPCG:  Solving for p, Initial residual = 0.06276933, Final residual = 0.0003210677, No Iterations 3
GPU: 21 iters: 0.4320982 s: 11.66655 GB/s
OGPUPCG:  Solving for p, Initial residual = 0.000427153, Final residual = 9.297267e-06, No Iterations 21
time step continuity errors : sum local = 1.594489e-12, global = 2.946308e-16, cumulative = -1.235695e-11
Moving mesh time step continuity errors : sum local = 1.594489e-12, global = 2.946308e-16, cumulative = -1.235665e-11
GPU: 0 iters: 0.01922 s: 0 GB/s
OGPUPCG:  Solving for p, Initial residual = 2.407232e-05, Final residual = 9.960464e-06, No Iterations 0
GPU: 503 iters: 10.02014 s: 12.05036 GB/s
OGPUPCG:  Solving for p, Initial residual = 1.072227e-05, Final residual = 9.93476e-08, No Iterations 503
time step continuity errors : sum local = 1.703735e-14, global = 1.553355e-15, cumulative = -1.23551e-11
Moving mesh time step continuity errors : sum local = 1.703735e-14, global = 1.553355e-15, cumulative = -1.235354e-11
smoothSolver:  Solving for k, Initial residual = 0.0006255963, Final residual = 6.820395e-10, No Iterations 1
ExecutionTime = 382.71 s  ClockTime = 408 s

Courant Number mean: 7.680615e-05 max: 0.002842881 velocity magnitude: 0.9482452
yForce = 0.0361401
Y= -1.324179e-11
Vy= -4.299646e-07
Time = 5e-05

GAMGPCG:  Solving for cellDisplacementx, Initial residual = 0, Final residual = 0, No Iterations 0
GAMGPCG:  Solving for cellDisplacementy, Initial residual = 0.2137005, Final residual = 3.333815e-09, No Iterations 1
GAMGPCG:  Solving for cellDisplacementz, Initial residual = 0, Final residual = 0, No Iterations 0
volume continuity errors : volume = 4.535015, max error = 1.218809e-08, sum local = 7.001213e-15, global = -1.041917e-18
smoothSolver:  Solving for Ux, Initial residual = 0.008276669, Final residual = 7.079226e-09, No Iterations 1
smoothSolver:  Solving for Uy, Initial residual = 0.0005942946, Final residual = 1.058854e-08, No Iterations 1
smoothSolver:  Solving for Uz, Initial residual = 0.1490333, Final residual = 1.705532e-06, No Iterations 1
GPU: 3 iters: 0.07793949 s: 9.239945 GB/s
OGPUPCG:  Solving for p, Initial residual = 0.05636374, Final residual = 0.0002398833, No Iterations 3
GPU: 16 iters: 0.3308017 s: 11.61069 GB/s
OGPUPCG:  Solving for p, Initial residual = 0.0003221387, Final residual = 9.682803e-06, No Iterations 16
time step continuity errors : sum local = 1.566882e-12, global = 3.550229e-15, cumulative = -1.234999e-11
Moving mesh time step continuity errors : sum local = 1.566882e-12, global = 3.550229e-15, cumulative = -1.234644e-11
GPU: 0 iters: 0.01787786 s: 0 GB/s
OGPUPCG:  Solving for p, Initial residual = 1.97816e-05, Final residual = 8.702828e-06, No Iterations 0
GPU: 708 iters: 14.041 s: 12.10434 GB/s
OGPUPCG:  Solving for p, Initial residual = 9.044952e-06, Final residual = 9.812803e-08, No Iterations 708
time step continuity errors : sum local = 1.58787e-14, global = 1.586313e-16, cumulative = -1.234629e-11
Moving mesh time step continuity errors : sum local = 1.58787e-14, global = 1.586313e-16, cumulative = -1.234613e-11
smoothSolver:  Solving for k, Initial residual = 0.0005378836, Final residual = 5.997176e-10, No Iterations 1
ExecutionTime = 408.19 s  ClockTime = 434 s

yForce = -0.01668779
Y= -1.541738e-11
Vy= -4.402696e-07
End

Finalising parallel run
/home-2/vplatonov/bin/nvmps: line 33: 16017 Segmentation fault      "$@"
-------------------------------------------------------
Primary job  terminated normally, but 1 process returned
a non-zero exit code.. Per user-direction, the job has been aborted.
-------------------------------------------------------
slurmstepd: *** JOB 7521 ON ivb112 CANCELLED AT 2016-05-24T14:01:24 DUE TO TIME LIMIT ***
--------------------------------------------------------------------------
mpirun detected that one or more processes exited with non-zero status, thus causing
the job to be terminated. The first process to do so was:

  Process name: [[25019,1],1]
  Exit code:    139
--------------------------------------------------------------------------
