 Data for JOB [56578,1] offset 0

 ========================   JOB MAP   ========================

 Data for node: ivb112	Num slots: 6	Max slots: 0	Num procs: 6
 	Process OMPI jobid: [56578,1] App: 0 Process rank: 0
 	Process OMPI jobid: [56578,1] App: 0 Process rank: 1
 	Process OMPI jobid: [56578,1] App: 0 Process rank: 2
 	Process OMPI jobid: [56578,1] App: 0 Process rank: 3
 	Process OMPI jobid: [56578,1] App: 0 Process rank: 4
 	Process OMPI jobid: [56578,1] App: 0 Process rank: 5

 Data for node: ivb113	Num slots: 6	Max slots: 0	Num procs: 6
 	Process OMPI jobid: [56578,1] App: 0 Process rank: 6
 	Process OMPI jobid: [56578,1] App: 0 Process rank: 7
 	Process OMPI jobid: [56578,1] App: 0 Process rank: 8
 	Process OMPI jobid: [56578,1] App: 0 Process rank: 9
 	Process OMPI jobid: [56578,1] App: 0 Process rank: 10
 	Process OMPI jobid: [56578,1] App: 0 Process rank: 11

 Data for node: ivb114	Num slots: 6	Max slots: 0	Num procs: 6
 	Process OMPI jobid: [56578,1] App: 0 Process rank: 12
 	Process OMPI jobid: [56578,1] App: 0 Process rank: 13
 	Process OMPI jobid: [56578,1] App: 0 Process rank: 14
 	Process OMPI jobid: [56578,1] App: 0 Process rank: 15
 	Process OMPI jobid: [56578,1] App: 0 Process rank: 16
 	Process OMPI jobid: [56578,1] App: 0 Process rank: 17

 Data for node: ivb124	Num slots: 6	Max slots: 0	Num procs: 6
 	Process OMPI jobid: [56578,1] App: 0 Process rank: 18
 	Process OMPI jobid: [56578,1] App: 0 Process rank: 19
 	Process OMPI jobid: [56578,1] App: 0 Process rank: 20
 	Process OMPI jobid: [56578,1] App: 0 Process rank: 21
 	Process OMPI jobid: [56578,1] App: 0 Process rank: 22
 	Process OMPI jobid: [56578,1] App: 0 Process rank: 23

 =============================================================
[ivb112:33524] MCW rank 0 bound to socket 0[core 0[hwt 0]]: [B/././././././././.][./././././././././.]
[ivb112:33524] MCW rank 1 bound to socket 0[core 1[hwt 0]]: [./B/./././././././.][./././././././././.]
[ivb112:33524] MCW rank 2 bound to socket 0[core 2[hwt 0]]: [././B/././././././.][./././././././././.]
[ivb112:33524] MCW rank 3 bound to socket 0[core 3[hwt 0]]: [./././B/./././././.][./././././././././.]
[ivb112:33524] MCW rank 4 bound to socket 0[core 4[hwt 0]]: [././././B/././././.][./././././././././.]
[ivb112:33524] MCW rank 5 bound to socket 0[core 5[hwt 0]]: [./././././B/./././.][./././././././././.]
[ivb114:17138] MCW rank 15 bound to socket 0[core 3[hwt 0]]: [./././B/./././././.][./././././././././.]
[ivb114:17138] MCW rank 16 bound to socket 0[core 4[hwt 0]]: [././././B/././././.][./././././././././.]
[ivb114:17138] MCW rank 17 bound to socket 0[core 5[hwt 0]]: [./././././B/./././.][./././././././././.]
[ivb114:17138] MCW rank 12 bound to socket 0[core 0[hwt 0]]: [B/././././././././.][./././././././././.]
[ivb114:17138] MCW rank 13 bound to socket 0[core 1[hwt 0]]: [./B/./././././././.][./././././././././.]
[ivb114:17138] MCW rank 14 bound to socket 0[core 2[hwt 0]]: [././B/././././././.][./././././././././.]
[ivb124:23665] MCW rank 18 bound to socket 0[core 0[hwt 0]]: [B/././././././././.][./././././././././.]
[ivb124:23665] MCW rank 19 bound to socket 0[core 1[hwt 0]]: [./B/./././././././.][./././././././././.]
[ivb124:23665] MCW rank 20 bound to socket 0[core 2[hwt 0]]: [././B/././././././.][./././././././././.]
[ivb124:23665] MCW rank 21 bound to socket 0[core 3[hwt 0]]: [./././B/./././././.][./././././././././.]
[ivb124:23665] MCW rank 22 bound to socket 0[core 4[hwt 0]]: [././././B/././././.][./././././././././.]
[ivb124:23665] MCW rank 23 bound to socket 0[core 5[hwt 0]]: [./././././B/./././.][./././././././././.]
[ivb113:14992] MCW rank 7 bound to socket 0[core 1[hwt 0]]: [./B/./././././././.][./././././././././.]
[ivb113:14992] MCW rank 8 bound to socket 0[core 2[hwt 0]]: [././B/././././././.][./././././././././.]
[ivb113:14992] MCW rank 9 bound to socket 0[core 3[hwt 0]]: [./././B/./././././.][./././././././././.]
[ivb113:14992] MCW rank 10 bound to socket 0[core 4[hwt 0]]: [././././B/././././.][./././././././././.]
[ivb113:14992] MCW rank 11 bound to socket 0[core 5[hwt 0]]: [./././././B/./././.][./././././././././.]
[ivb113:14992] MCW rank 6 bound to socket 0[core 0[hwt 0]]: [B/././././././././.][./././././././././.]
2
0
1
3
4
5
1
0
2
3
4
5
1
0
2
3
4
5
1
2
0
3
4
5
/*---------------------------------------------------------------------------*\
| =========                 |                                                 |
| \\      /  F ield         | foam-extend: Open Source CFD                    |
|  \\    /   O peration     | Version:     3.1                                |
|   \\  /    A nd           | Web:         http://www.extend-project.de       |
|    \\/     M anipulation  |                                                 |
\*---------------------------------------------------------------------------*/
Build    : 3.1-e2da948002a2
Exec     : pimpleDyMFoam -parallel
Date     : May 24 2016
Time     : 03:41:03
Host     : ivb112
PID      : 33596
CtrlDict : /home-2/vplatonov/foam/foam-extend-3.1/etc/controlDict
Case     : /home/vplatonov/tests/3D-mesh1-of3.1
nProcs   : 24
Slaves : 
23
(
ivb112.33583
ivb112.33582
ivb112.33601
ivb112.33584
ivb112.33590
ivb113.15048
ivb113.15046
ivb113.15047
ivb113.15054
ivb113.15045
ivb113.15059
ivb114.17185
ivb114.17206
ivb114.17184
ivb114.17195
ivb114.17189
ivb114.17201
ivb124.23715
ivb124.23721
ivb124.23727
ivb124.23712
ivb124.23713
ivb124.23732
)

Pstream initialized with:
    floatTransfer     : 0
    nProcsSimpleSum   : 0
    commsType         : blocking
SigFpe   : Enabling floating point exception trapping (FOAM_SIGFPE).

// * * * * * * * * * * * * * * * * * * * * * * * * * * * * * * * * * * * * * //
Create time

Create dynamic mesh for time = 0

Selecting dynamicFvMesh dynamicMotionSolverFvMesh
Selecting motion solver: displacementLaplacian
Selecting motion diffusion: quadratic
Selecting motion diffusion: inverseDistance
Reading field p

Reading field U

Reading/calculating face flux field phi

Selecting incompressible transport model Newtonian
Selecting turbulence model type LESModel
Selecting LES turbulence model oneEqEddy
oneEqEddyCoeffs
{
    ce              1.048;
    ck              0.094;
}

Reading field rAU if present


Starting time loop

Courant Number mean: 0 max: 0.0007592825 velocity magnitude: 0.4779
Reading old state
Before setting displacements
GAMGPCG:  Solving for cellDisplacementx, Initial residual = 0, Final residual = 0, No Iterations 0
GAMGPCG:  Solving for cellDisplacementy, Initial residual = 0, Final residual = 0, No Iterations 0
GAMGPCG:  Solving for cellDisplacementz, Initial residual = 0, Final residual = 0, No Iterations 0
Time = 5e-06

GAMGPCG:  Solving for cellDisplacementx, Initial residual = 0, Final residual = 0, No Iterations 0
GAMGPCG:  Solving for cellDisplacementy, Initial residual = 0, Final residual = 0, No Iterations 0
GAMGPCG:  Solving for cellDisplacementz, Initial residual = 0, Final residual = 0, No Iterations 0
volume continuity errors : volume = 4.535015, max error = 0, sum local = 0, global = 0
smoothSolver:  Solving for Ux, Initial residual = 1, Final residual = 3.764172e-08, No Iterations 1
smoothSolver:  Solving for Uy, Initial residual = 1, Final residual = 4.611591e-08, No Iterations 1
smoothSolver:  Solving for Uz, Initial residual = 0.9999962, Final residual = 4.046585e-08, No Iterations 1
Created persistent data with name p
Computing AINV with droptol 0.02
GPU: 804 iters: 3.362046 s: 57.02977 GB/s
SGPUPCG:  Solving for p, Initial residual = 1, Final residual = 0.009904908, No Iterations 804
Computing AINV with droptol 0.02
GPU: 162 iters: 0.8086597 s: 47.77476 GB/s
SGPUPCG:  Solving for p, Initial residual = 0.0004703592, Final residual = 9.980354e-06, No Iterations 162
time step continuity errors : sum local = 2.246989e-09, global = -1.792843e-12, cumulative = -1.792843e-12
Moving mesh time step continuity errors : sum local = 2.246989e-09, global = -1.792843e-12, cumulative = -3.585687e-12
GPU: 147 iters: 0.7197265 s: 48.70787 GB/s
SGPUPCG:  Solving for p, Initial residual = 0.0001094188, Final residual = 9.730891e-06, No Iterations 147
GPU: 747 iters: 3.614163 s: 49.29038 GB/s
SGPUPCG:  Solving for p, Initial residual = 4.622666e-05, Final residual = 9.979809e-08, No Iterations 747
time step continuity errors : sum local = 2.247998e-11, global = -2.77483e-13, cumulative = -3.86317e-12
Moving mesh time step continuity errors : sum local = 2.247998e-11, global = -2.77483e-13, cumulative = -4.140653e-12
smoothSolver:  Solving for k, Initial residual = 1, Final residual = 2.557271e-11, No Iterations 2
ExecutionTime = 44.56 s  ClockTime = 48 s

Courant Number mean: 7.680251e-05 max: 0.002865069 velocity magnitude: 0.9550922
yForce = 1.61052
Y= 2.486459e-12
Vy= 9.94583e-07
Time = 1e-05

GAMGPCG:  Solving for cellDisplacementx, Initial residual = 0, Final residual = 0, No Iterations 0
GAMGPCG:  Solving for cellDisplacementy, Initial residual = 1, Final residual = 1.160987e-08, No Iterations 1
GAMGPCG:  Solving for cellDisplacementz, Initial residual = 0, Final residual = 0, No Iterations 0
volume continuity errors : volume = 4.535015, max error = 1.120464e-08, sum local = 6.139082e-15, global = -4.24454e-18
smoothSolver:  Solving for Ux, Initial residual = 0.9975504, Final residual = 1.333589e-06, No Iterations 1
smoothSolver:  Solving for Uy, Initial residual = 0.3333219, Final residual = 2.479745e-06, No Iterations 1
smoothSolver:  Solving for Uz, Initial residual = 0.3188076, Final residual = 1.720372e-06, No Iterations 1
GPU: 802 iters: 3.911127 s: 48.90145 GB/s
SGPUPCG:  Solving for p, Initial residual = 0.003643892, Final residual = 3.633924e-05, No Iterations 802
GPU: 259 iters: 1.27161 s: 48.57303 GB/s
SGPUPCG:  Solving for p, Initial residual = 0.001404612, Final residual = 1.390777e-05, No Iterations 259
time step continuity errors : sum local = 1.045401e-09, global = -1.03558e-12, cumulative = -5.176233e-12
Moving mesh time step continuity errors : sum local = 1.045401e-09, global = -1.03558e-12, cumulative = -6.211812e-12
GPU: 305 iters: 1.49412 s: 48.68148 GB/s
SGPUPCG:  Solving for p, Initial residual = 0.0003131191, Final residual = 9.980223e-06, No Iterations 305
GPU: 707 iters: 3.48111 s: 48.43407 GB/s
SGPUPCG:  Solving for p, Initial residual = 0.0001184358, Final residual = 9.988569e-08, No Iterations 707
time step continuity errors : sum local = 7.500254e-12, global = -9.226918e-14, cumulative = -6.304081e-12
Moving mesh time step continuity errors : sum local = 7.500254e-12, global = -9.226918e-14, cumulative = -6.39635e-12
smoothSolver:  Solving for k, Initial residual = 0.008780219, Final residual = 8.024829e-09, No Iterations 1
ExecutionTime = 64.5 s  ClockTime = 68 s

Courant Number mean: 7.680481e-05 max: 0.002856925 velocity magnitude: 0.9523771
yForce = -3.179759
Y= 2.550186e-12
Vy= -9.69091e-07
Time = 1.5e-05

GAMGPCG:  Solving for cellDisplacementx, Initial residual = 0, Final residual = 0, No Iterations 0
GAMGPCG:  Solving for cellDisplacementy, Initial residual = 0.02530111, Final residual = 5.091987e-09, No Iterations 1
GAMGPCG:  Solving for cellDisplacementz, Initial residual = 0, Final residual = 0, No Iterations 0
volume continuity errors : volume = 4.535015, max error = 1.304305e-08, sum local = 6.851231e-15, global = 2.340431e-18
smoothSolver:  Solving for Ux, Initial residual = 0.9921624, Final residual = 1.327939e-06, No Iterations 1
smoothSolver:  Solving for Uy, Initial residual = 0.1846666, Final residual = 1.468386e-06, No Iterations 1
smoothSolver:  Solving for Uz, Initial residual = 0.7625223, Final residual = 3.843792e-06, No Iterations 1
GPU: 733 iters: 3.606567 s: 48.46847 GB/s
SGPUPCG:  Solving for p, Initial residual = 0.002800861, Final residual = 2.793559e-05, No Iterations 733
GPU: 285 iters: 1.405118 s: 48.3706 GB/s
SGPUPCG:  Solving for p, Initial residual = 0.09900119, Final residual = 0.0009825102, No Iterations 285
time step continuity errors : sum local = 3.435539e-10, global = -5.615026e-13, cumulative = -6.957853e-12
Moving mesh time step continuity errors : sum local = 3.435539e-10, global = -5.615026e-13, cumulative = -7.519356e-12
GPU: 436 iters: 2.141853 s: 48.54519 GB/s
SGPUPCG:  Solving for p, Initial residual = 0.02241195, Final residual = 0.0002232982, No Iterations 436
GPU: 925 iters: 4.567099 s: 48.30039 GB/s
SGPUPCG:  Solving for p, Initial residual = 0.007531426, Final residual = 9.777289e-08, No Iterations 925
time step continuity errors : sum local = 3.105044e-14, global = -2.063917e-17, cumulative = -7.519376e-12
Moving mesh time step continuity errors : sum local = 3.105044e-14, global = -2.063917e-17, cumulative = -7.519397e-12
smoothSolver:  Solving for k, Initial residual = 0.003835068, Final residual = 3.565775e-09, No Iterations 1
ExecutionTime = 86.01 s  ClockTime = 90 s

Courant Number mean: 7.68053e-05 max: 0.002858858 velocity magnitude: 0.9530214
yForce = 1.164977
Y= -4.966744e-13
Vy= -2.496536e-07
Time = 2e-05

GAMGPCG:  Solving for cellDisplacementx, Initial residual = 0, Final residual = 0, No Iterations 0
GAMGPCG:  Solving for cellDisplacementy, Initial residual = 1, Final residual = 1.126451e-08, No Iterations 1
GAMGPCG:  Solving for cellDisplacementz, Initial residual = 0, Final residual = 0, No Iterations 0
volume continuity errors : volume = 4.535015, max error = 1.119909e-08, sum local = 6.833082e-15, global = 4.957817e-18
smoothSolver:  Solving for Ux, Initial residual = 0.05067221, Final residual = 8.737484e-08, No Iterations 1
smoothSolver:  Solving for Uy, Initial residual = 0.01317872, Final residual = 1.546836e-07, No Iterations 1
smoothSolver:  Solving for Uz, Initial residual = 0.8931946, Final residual = 4.566276e-06, No Iterations 1
GPU: 107 iters: 0.5357588 s: 47.62816 GB/s
SGPUPCG:  Solving for p, Initial residual = 0.2265761, Final residual = 0.002225837, No Iterations 107
GPU: 366 iters: 1.798923 s: 48.51967 GB/s
SGPUPCG:  Solving for p, Initial residual = 0.01250795, Final residual = 0.0001242213, No Iterations 366
time step continuity errors : sum local = 3.351152e-11, global = -3.010408e-12, cumulative = -1.052981e-11
Moving mesh time step continuity errors : sum local = 3.351152e-11, global = -3.010408e-12, cumulative = -1.354021e-11
GPU: 569 iters: 2.790162 s: 48.63313 GB/s
SGPUPCG:  Solving for p, Initial residual = 0.004238579, Final residual = 4.192952e-05, No Iterations 569
GPU: 872 iters: 4.272608 s: 48.67128 GB/s
SGPUPCG:  Solving for p, Initial residual = 0.001801138, Final residual = 9.876293e-08, No Iterations 872
time step continuity errors : sum local = 2.648476e-14, global = -1.190479e-16, cumulative = -1.354033e-11
Moving mesh time step continuity errors : sum local = 2.648476e-14, global = -1.190479e-16, cumulative = -1.354045e-11
smoothSolver:  Solving for k, Initial residual = 0.002273127, Final residual = 2.172728e-09, No Iterations 1
ExecutionTime = 105.07 s  ClockTime = 109 s

Courant Number mean: 7.680586e-05 max: 0.002856743 velocity magnitude: 0.9523164
yForce = -0.1870893
Y= -2.033786e-12
Vy= -3.65191e-07
Time = 2.5e-05

GAMGPCG:  Solving for cellDisplacementx, Initial residual = 0, Final residual = 0, No Iterations 0
GAMGPCG:  Solving for cellDisplacementy, Initial residual = 0.5436929, Final residual = 1.036e-08, No Iterations 1
GAMGPCG:  Solving for cellDisplacementz, Initial residual = 0, Final residual = 0, No Iterations 0
volume continuity errors : volume = 4.535015, max error = 1.156858e-08, sum local = 6.884081e-15, global = -3.922668e-18
smoothSolver:  Solving for Ux, Initial residual = 0.02707058, Final residual = 3.157938e-08, No Iterations 1
smoothSolver:  Solving for Uy, Initial residual = 0.004545513, Final residual = 5.436345e-08, No Iterations 1
smoothSolver:  Solving for Uz, Initial residual = 0.7543858, Final residual = 4.363006e-06, No Iterations 1
GPU: 29 iters: 0.1494862 s: 46.26433 GB/s
SGPUPCG:  Solving for p, Initial residual = 0.1533817, Final residual = 0.001532584, No Iterations 29
GPU: 407 iters: 2.015556 s: 48.15584 GB/s
SGPUPCG:  Solving for p, Initial residual = 0.003921326, Final residual = 3.898276e-05, No Iterations 407
time step continuity errors : sum local = 9.268074e-12, global = 6.090657e-13, cumulative = -1.293139e-11
Moving mesh time step continuity errors : sum local = 9.268074e-12, global = 6.090657e-13, cumulative = -1.232232e-11
GPU: 579 iters: 2.834333 s: 48.7166 GB/s
SGPUPCG:  Solving for p, Initial residual = 0.001010859, Final residual = 9.964986e-06, No Iterations 579
GPU: 812 iters: 3.976885 s: 48.69252 GB/s
SGPUPCG:  Solving for p, Initial residual = 0.0003957978, Final residual = 9.968942e-08, No Iterations 812
time step continuity errors : sum local = 2.36252e-14, global = -5.543735e-17, cumulative = -1.232238e-11
Moving mesh time step continuity errors : sum local = 2.36252e-14, global = -5.543735e-17, cumulative = -1.232243e-11
smoothSolver:  Solving for k, Initial residual = 0.001554794, Final residual = 1.530236e-09, No Iterations 1
ExecutionTime = 123.65 s  ClockTime = 128 s

Courant Number mean: 7.6806e-05 max: 0.002854609 velocity magnitude: 0.9516052
yForce = -0.2839707
Y= -4.298158e-12
Vy= -5.405576e-07
Time = 3e-05

GAMGPCG:  Solving for cellDisplacementx, Initial residual = 0, Final residual = 0, No Iterations 0
GAMGPCG:  Solving for cellDisplacementy, Initial residual = 0.511171, Final residual = 7.586152e-09, No Iterations 1
GAMGPCG:  Solving for cellDisplacementz, Initial residual = 0, Final residual = 0, No Iterations 0
volume continuity errors : volume = 4.535015, max error = 1.290266e-08, sum local = 6.952319e-15, global = 5.712936e-18
smoothSolver:  Solving for Ux, Initial residual = 0.01761468, Final residual = 1.431789e-08, No Iterations 1
smoothSolver:  Solving for Uy, Initial residual = 0.001237566, Final residual = 2.457438e-08, No Iterations 1
smoothSolver:  Solving for Uz, Initial residual = 0.3840402, Final residual = 4.19776e-06, No Iterations 1
GPU: 5 iters: 0.03788637 s: 31.47287 GB/s
SGPUPCG:  Solving for p, Initial residual = 0.1088626, Final residual = 0.0009564357, No Iterations 5
GPU: 147 iters: 0.7238443 s: 48.43078 GB/s
SGPUPCG:  Solving for p, Initial residual = 0.001672976, Final residual = 1.653458e-05, No Iterations 147
time step continuity errors : sum local = 3.547437e-12, global = -1.232549e-16, cumulative = -1.232255e-11
Moving mesh time step continuity errors : sum local = 3.547437e-12, global = -1.232549e-16, cumulative = -1.232268e-11
GPU: 31 iters: 0.1638672 s: 45.11479 GB/s
SGPUPCG:  Solving for p, Initial residual = 0.0002968128, Final residual = 9.285346e-06, No Iterations 31
GPU: 673 iters: 3.331307 s: 48.17811 GB/s
SGPUPCG:  Solving for p, Initial residual = 0.000115353, Final residual = 9.870414e-08, No Iterations 673
time step continuity errors : sum local = 2.11662e-14, global = 1.307457e-16, cumulative = -1.232255e-11
Moving mesh time step continuity errors : sum local = 2.11662e-14, global = 1.307457e-16, cumulative = -1.232242e-11
smoothSolver:  Solving for k, Initial residual = 0.001156912, Final residual = 1.164873e-09, No Iterations 1
ExecutionTime = 137.8 s  ClockTime = 142 s

Courant Number mean: 7.680609e-05 max: 0.002852247 velocity magnitude: 0.9508177
yForce = 0.2510265
Y= -6.613388e-12
Vy= -3.855344e-07
Time = 3.5e-05

GAMGPCG:  Solving for cellDisplacementx, Initial residual = 0, Final residual = 0, No Iterations 0
GAMGPCG:  Solving for cellDisplacementy, Initial residual = 0.3808231, Final residual = 5.879103e-09, No Iterations 1
GAMGPCG:  Solving for cellDisplacementz, Initial residual = 0, Final residual = 0, No Iterations 0
volume continuity errors : volume = 4.535015, max error = 1.304836e-08, sum local = 6.996704e-15, global = -1.57498e-18
smoothSolver:  Solving for Ux, Initial residual = 0.01352736, Final residual = 1.13504e-08, No Iterations 1
smoothSolver:  Solving for Uy, Initial residual = 0.0009593768, Final residual = 1.861539e-08, No Iterations 1
smoothSolver:  Solving for Uz, Initial residual = 0.2538106, Final residual = 3.049702e-06, No Iterations 1
GPU: 3 iters: 0.02717626 s: 26.32576 GB/s
SGPUPCG:  Solving for p, Initial residual = 0.0911496, Final residual = 0.0008270502, No Iterations 3
GPU: 127 iters: 0.6299612 s: 48.07721 GB/s
SGPUPCG:  Solving for p, Initial residual = 0.001010117, Final residual = 9.93006e-06, No Iterations 127
time step continuity errors : sum local = 1.956331e-12, global = 6.350999e-17, cumulative = -1.232235e-11
Moving mesh time step continuity errors : sum local = 1.956331e-12, global = 6.350999e-17, cumulative = -1.232229e-11
GPU: 26 iters: 0.138288 s: 44.83718 GB/s
SGPUPCG:  Solving for p, Initial residual = 9.257881e-05, Final residual = 9.29118e-06, No Iterations 26
GPU: 690 iters: 3.371763 s: 48.80242 GB/s
SGPUPCG:  Solving for p, Initial residual = 3.232281e-05, Final residual = 9.799e-08, No Iterations 690
time step continuity errors : sum local = 1.929998e-14, global = -5.06792e-17, cumulative = -1.232234e-11
Moving mesh time step continuity errors : sum local = 1.929998e-14, global = -5.06792e-17, cumulative = -1.232239e-11
smoothSolver:  Solving for k, Initial residual = 0.0009097416, Final residual = 9.452114e-10, No Iterations 1
ExecutionTime = 151.76 s  ClockTime = 156 s

Courant Number mean: 7.680614e-05 max: 0.002849501 velocity magnitude: 0.9499024
yForce = -0.0761486
Y= -8.658623e-12
Vy= -4.325597e-07
Time = 4e-05

GAMGPCG:  Solving for cellDisplacementx, Initial residual = 0, Final residual = 0, No Iterations 0
GAMGPCG:  Solving for cellDisplacementy, Initial residual = 0.2777522, Final residual = 4.520618e-09, No Iterations 1
GAMGPCG:  Solving for cellDisplacementz, Initial residual = 0, Final residual = 0, No Iterations 0
volume continuity errors : volume = 4.535015, max error = 1.24961e-08, sum local = 7.003668e-15, global = -1.128332e-18
smoothSolver:  Solving for Ux, Initial residual = 0.01095196, Final residual = 9.422718e-09, No Iterations 1
smoothSolver:  Solving for Uy, Initial residual = 0.000807463, Final residual = 1.499027e-08, No Iterations 1
smoothSolver:  Solving for Uz, Initial residual = 0.2165397, Final residual = 2.863358e-06, No Iterations 1
GPU: 3 iters: 0.02676301 s: 26.73226 GB/s
SGPUPCG:  Solving for p, Initial residual = 0.07497276, Final residual = 0.0004488362, No Iterations 3
GPU: 41 iters: 0.2115263 s: 46.22414 GB/s
SGPUPCG:  Solving for p, Initial residual = 0.0005932151, Final residual = 9.916432e-06, No Iterations 41
time step continuity errors : sum local = 1.814868e-12, global = -1.949206e-16, cumulative = -1.232259e-11
Moving mesh time step continuity errors : sum local = 1.814868e-12, global = -1.949206e-16, cumulative = -1.232278e-11
GPU: 3 iters: 0.02484019 s: 28.80153 GB/s
SGPUPCG:  Solving for p, Initial residual = 3.930944e-05, Final residual = 9.211133e-06, No Iterations 3
GPU: 684 iters: 3.344842 s: 48.76742 GB/s
SGPUPCG:  Solving for p, Initial residual = 1.460944e-05, Final residual = 9.991669e-08, No Iterations 684
time step continuity errors : sum local = 1.828423e-14, global = 1.445272e-16, cumulative = -1.232264e-11
Moving mesh time step continuity errors : sum local = 1.828423e-14, global = 1.445272e-16, cumulative = -1.232249e-11
smoothSolver:  Solving for k, Initial residual = 0.000743692, Final residual = 7.921334e-10, No Iterations 1
ExecutionTime = 165.28 s  ClockTime = 170 s

Courant Number mean: 7.680616e-05 max: 0.002846381 velocity magnitude: 0.9488623
yForce = -0.01842674
Y= -1.084987e-11
Vy= -4.439385e-07
Time = 4.5e-05

GAMGPCG:  Solving for cellDisplacementx, Initial residual = 0, Final residual = 0, No Iterations 0
GAMGPCG:  Solving for cellDisplacementy, Initial residual = 0.2502995, Final residual = 3.937694e-09, No Iterations 1
GAMGPCG:  Solving for cellDisplacementz, Initial residual = 0, Final residual = 0, No Iterations 0
volume continuity errors : volume = 4.535015, max error = 1.392715e-08, sum local = 6.997687e-15, global = 1.376084e-18
smoothSolver:  Solving for Ux, Initial residual = 0.009356497, Final residual = 8.059056e-09, No Iterations 1
smoothSolver:  Solving for Uy, Initial residual = 0.0006792608, Final residual = 1.242021e-08, No Iterations 1
smoothSolver:  Solving for Uz, Initial residual = 0.1712118, Final residual = 2.273239e-06, No Iterations 1
GPU: 3 iters: 0.02601142 s: 27.50467 GB/s
SGPUPCG:  Solving for p, Initial residual = 0.06276943, Final residual = 0.0003577872, No Iterations 3
GPU: 19 iters: 0.1061584 s: 42.68238 GB/s
SGPUPCG:  Solving for p, Initial residual = 0.0004632955, Final residual = 9.872392e-06, No Iterations 19
time step continuity errors : sum local = 1.693143e-12, global = 5.177466e-16, cumulative = -1.232197e-11
Moving mesh time step continuity errors : sum local = 1.693143e-12, global = 5.177466e-16, cumulative = -1.232146e-11
GPU: 1 iters: 0.0172161 s: 13.85207 GB/s
SGPUPCG:  Solving for p, Initial residual = 2.550138e-05, Final residual = 9.28864e-06, No Iterations 1
GPU: 440 iters: 2.156375 s: 48.66064 GB/s
SGPUPCG:  Solving for p, Initial residual = 1.059707e-05, Final residual = 9.860093e-08, No Iterations 440
time step continuity errors : sum local = 1.69093e-14, global = 1.676273e-15, cumulative = -1.231978e-11
Moving mesh time step continuity errors : sum local = 1.69093e-14, global = 1.676273e-15, cumulative = -1.23181e-11
smoothSolver:  Solving for k, Initial residual = 0.0006255963, Final residual = 6.820459e-10, No Iterations 1
ExecutionTime = 177.64 s  ClockTime = 182 s

Courant Number mean: 7.680615e-05 max: 0.002842881 velocity magnitude: 0.9482452
yForce = 0.03502949
Y= -1.301548e-11
Vy= -4.223053e-07
Time = 5e-05

GAMGPCG:  Solving for cellDisplacementx, Initial residual = 0, Final residual = 0, No Iterations 0
GAMGPCG:  Solving for cellDisplacementy, Initial residual = 0.2131392, Final residual = 3.409096e-09, No Iterations 1
GAMGPCG:  Solving for cellDisplacementz, Initial residual = 0, Final residual = 0, No Iterations 0
volume continuity errors : volume = 4.535015, max error = 1.200148e-08, sum local = 6.996789e-15, global = -1.385524e-18
smoothSolver:  Solving for Ux, Initial residual = 0.008276685, Final residual = 7.079038e-09, No Iterations 1
smoothSolver:  Solving for Uy, Initial residual = 0.0005942896, Final residual = 1.058886e-08, No Iterations 1
smoothSolver:  Solving for Uz, Initial residual = 0.141668, Final residual = 1.734158e-06, No Iterations 1
GPU: 3 iters: 0.02441939 s: 29.29785 GB/s
SGPUPCG:  Solving for p, Initial residual = 0.05636372, Final residual = 0.0002989996, No Iterations 3
GPU: 16 iters: 0.09495933 s: 40.18201 GB/s
SGPUPCG:  Solving for p, Initial residual = 0.0003813909, Final residual = 9.877952e-06, No Iterations 16
time step continuity errors : sum local = 1.598462e-12, global = 3.614667e-15, cumulative = -1.231449e-11
Moving mesh time step continuity errors : sum local = 1.598462e-12, global = 3.614667e-15, cumulative = -1.231087e-11
GPU: 1 iters: 0.0159889 s: 14.91526 GB/s
SGPUPCG:  Solving for p, Initial residual = 2.062816e-05, Final residual = 8.33338e-06, No Iterations 1
GPU: 664 iters: 3.232282 s: 48.99007 GB/s
SGPUPCG:  Solving for p, Initial residual = 9.085857e-06, Final residual = 9.75277e-08, No Iterations 664
time step continuity errors : sum local = 1.578156e-14, global = -2.056209e-17, cumulative = -1.231089e-11
Moving mesh time step continuity errors : sum local = 1.578156e-14, global = -2.056209e-17, cumulative = -1.231091e-11
smoothSolver:  Solving for k, Initial residual = 0.0005378836, Final residual = 5.997242e-10, No Iterations 1
ExecutionTime = 190.96 s  ClockTime = 196 s

yForce = -0.01624448
Y= -1.515208e-11
Vy= -4.323365e-07
End

Finalising parallel run
