 Data for JOB [33526,1] offset 0

 ========================   JOB MAP   ========================

 Data for node: ivb106	Num slots: 8	Max slots: 0	Num procs: 8
 	Process OMPI jobid: [33526,1] App: 0 Process rank: 0
 	Process OMPI jobid: [33526,1] App: 0 Process rank: 1
 	Process OMPI jobid: [33526,1] App: 0 Process rank: 2
 	Process OMPI jobid: [33526,1] App: 0 Process rank: 3
 	Process OMPI jobid: [33526,1] App: 0 Process rank: 4
 	Process OMPI jobid: [33526,1] App: 0 Process rank: 5
 	Process OMPI jobid: [33526,1] App: 0 Process rank: 6
 	Process OMPI jobid: [33526,1] App: 0 Process rank: 7

 Data for node: ivb108	Num slots: 8	Max slots: 0	Num procs: 8
 	Process OMPI jobid: [33526,1] App: 0 Process rank: 8
 	Process OMPI jobid: [33526,1] App: 0 Process rank: 9
 	Process OMPI jobid: [33526,1] App: 0 Process rank: 10
 	Process OMPI jobid: [33526,1] App: 0 Process rank: 11
 	Process OMPI jobid: [33526,1] App: 0 Process rank: 12
 	Process OMPI jobid: [33526,1] App: 0 Process rank: 13
 	Process OMPI jobid: [33526,1] App: 0 Process rank: 14
 	Process OMPI jobid: [33526,1] App: 0 Process rank: 15

 Data for node: ivb109	Num slots: 8	Max slots: 0	Num procs: 8
 	Process OMPI jobid: [33526,1] App: 0 Process rank: 16
 	Process OMPI jobid: [33526,1] App: 0 Process rank: 17
 	Process OMPI jobid: [33526,1] App: 0 Process rank: 18
 	Process OMPI jobid: [33526,1] App: 0 Process rank: 19
 	Process OMPI jobid: [33526,1] App: 0 Process rank: 20
 	Process OMPI jobid: [33526,1] App: 0 Process rank: 21
 	Process OMPI jobid: [33526,1] App: 0 Process rank: 22
 	Process OMPI jobid: [33526,1] App: 0 Process rank: 23

 =============================================================
[ivb106:02404] MCW rank 1 bound to socket 0[core 1[hwt 0]]: [./B/./././././././.][./././././././././.]
[ivb106:02404] MCW rank 2 bound to socket 0[core 2[hwt 0]]: [././B/././././././.][./././././././././.]
[ivb106:02404] MCW rank 3 bound to socket 0[core 3[hwt 0]]: [./././B/./././././.][./././././././././.]
[ivb106:02404] MCW rank 4 bound to socket 0[core 4[hwt 0]]: [././././B/././././.][./././././././././.]
[ivb106:02404] MCW rank 5 bound to socket 0[core 5[hwt 0]]: [./././././B/./././.][./././././././././.]
[ivb106:02404] MCW rank 6 bound to socket 0[core 6[hwt 0]]: [././././././B/././.][./././././././././.]
[ivb106:02404] MCW rank 7 bound to socket 0[core 7[hwt 0]]: [./././././././B/./.][./././././././././.]
[ivb106:02404] MCW rank 0 bound to socket 0[core 0[hwt 0]]: [B/././././././././.][./././././././././.]
[ivb109:39697] MCW rank 18 bound to socket 0[core 2[hwt 0]]: [././B/././././././.][./././././././././.]
[ivb109:39697] MCW rank 19 bound to socket 0[core 3[hwt 0]]: [./././B/./././././.][./././././././././.]
[ivb109:39697] MCW rank 20 bound to socket 0[core 4[hwt 0]]: [././././B/././././.][./././././././././.]
[ivb109:39697] MCW rank 21 bound to socket 0[core 5[hwt 0]]: [./././././B/./././.][./././././././././.]
[ivb109:39697] MCW rank 22 bound to socket 0[core 6[hwt 0]]: [././././././B/././.][./././././././././.]
[ivb109:39697] MCW rank 23 bound to socket 0[core 7[hwt 0]]: [./././././././B/./.][./././././././././.]
[ivb109:39697] MCW rank 16 bound to socket 0[core 0[hwt 0]]: [B/././././././././.][./././././././././.]
[ivb108:31231] MCW rank 10 bound to socket 0[core 2[hwt 0]]: [././B/././././././.][./././././././././.]
[ivb109:39697] MCW rank 17 bound to socket 0[core 1[hwt 0]]: [./B/./././././././.][./././././././././.]
[ivb108:31231] MCW rank 11 bound to socket 0[core 3[hwt 0]]: [./././B/./././././.][./././././././././.]
[ivb108:31231] MCW rank 12 bound to socket 0[core 4[hwt 0]]: [././././B/././././.][./././././././././.]
[ivb108:31231] MCW rank 13 bound to socket 0[core 5[hwt 0]]: [./././././B/./././.][./././././././././.]
[ivb108:31231] MCW rank 14 bound to socket 0[core 6[hwt 0]]: [././././././B/././.][./././././././././.]
[ivb108:31231] MCW rank 15 bound to socket 0[core 7[hwt 0]]: [./././././././B/./.][./././././././././.]
[ivb108:31231] MCW rank 8 bound to socket 0[core 0[hwt 0]]: [B/././././././././.][./././././././././.]
[ivb108:31231] MCW rank 9 bound to socket 0[core 1[hwt 0]]: [./B/./././././././.][./././././././././.]
/*---------------------------------------------------------------------------*\
| =========                 |                                                 |
| \\      /  F ield         | foam-extend: Open Source CFD                    |
|  \\    /   O peration     | Version:     3.1                                |
|   \\  /    A nd           | Web:         http://www.extend-project.de       |
|    \\/     M anipulation  |                                                 |
\*---------------------------------------------------------------------------*/
Build    : 3.1-e2da948002a2
Exec     : interFoam -parallel
Date     : May 19 2016
Time     : 21:36:07
Host     : ivb106
PID      : 2460
CtrlDict : /home-2/vplatonov/foam/foam-extend-3.1/etc/controlDict
Case     : /home/vplatonov/tests/rt12mln
nProcs   : 24
Slaves : 
23
(
ivb106.2461
ivb106.2463
ivb106.2471
ivb106.2477
ivb106.2480
ivb106.2482
ivb106.2474
ivb108.31284
ivb108.31289
ivb108.31292
ivb108.31295
ivb108.31285
ivb108.31286
ivb108.31298
ivb108.31300
ivb109.39749
ivb109.39758
ivb109.39764
ivb109.39755
ivb109.39750
ivb109.39761
ivb109.39752
ivb109.39766
)

Pstream initialized with:
    floatTransfer     : 0
    nProcsSimpleSum   : 0
    commsType         : blocking
SigFpe   : Enabling floating point exception trapping (FOAM_SIGFPE).

// * * * * * * * * * * * * * * * * * * * * * * * * * * * * * * * * * * * * * //
Create time

Create mesh for time = 0


Reading g
Reading field pd

Reading field alpha1

Reading field U

Reading/calculating face flux field phi

Reading transportProperties

Selecting incompressible transport model Newtonian
Selecting incompressible transport model Newtonian
Calculating field g.h

Selecting turbulence model type laminar
time step continuity errors : sum local = 0, global = 0, cumulative = 0
Created persistent data with name pcorr
OGPUPCG:  Solving for pcorr, Initial residual = 0, Final residual = 0, No Iterations 0
time step continuity errors : sum local = 0, global = 0, cumulative = 0
Courant Number mean: 0 max: 0 velocity magnitude: 0

Starting time loop

Courant Number mean: 0 max: 0 velocity magnitude: 0
Time = 0.001

MULES: Solving for alpha1
Liquid phase volume fraction = 0.00275421  Min(alpha1) = 0  Max(alpha1) = 1
MULES: Solving for alpha1
Liquid phase volume fraction = 0.00275421  Min(alpha1) = 0  Max(alpha1) = 1
Created persistent data with name pd
Computing AINV with droptol 0.02
GPU: 6 iters: 0.0790306 s: 17.6891 GB/s
OGPUPCG:  Solving for pd, Initial residual = 1, Final residual = 0.0430394, No Iterations 6
Computing AINV with droptol 0.02
GPU: 177 iters: 2.07066 s: 19.9165 GB/s
OGPUPCG:  Solving for pd, Initial residual = 0.0260729, Final residual = 0.00129204, No Iterations 177
GPU: 915 iters: 10.6558 s: 20.0071 GB/s
OGPUPCG:  Solving for pd, Initial residual = 0.00735298, Final residual = 9.65484e-08, No Iterations 915
time step continuity errors : sum local = 7.18391e-12, global = -2.9939e-24, cumulative = -2.9939e-24
ExecutionTime = 45.06 s  ClockTime = 71 s

Courant Number mean: 4.83083e-06 max: 0.00215842 velocity magnitude: 0.0337253
Time = 0.002

MULES: Solving for alpha1
Liquid phase volume fraction = 0.00275421  Min(alpha1) = 0  Max(alpha1) = 1
MULES: Solving for alpha1
Liquid phase volume fraction = 0.00275421  Min(alpha1) = 0  Max(alpha1) = 1
GPU: 684 iters: 7.91929 s: 20.1242 GB/s
OGPUPCG:  Solving for pd, Initial residual = 0.0047998, Final residual = 0.000235045, No Iterations 684
GPU: 698 iters: 8.07395 s: 20.1427 GB/s
OGPUPCG:  Solving for pd, Initial residual = 0.00394883, Final residual = 0.000194073, No Iterations 698
GPU: 961 iters: 11.1756 s: 20.0356 GB/s
OGPUPCG:  Solving for pd, Initial residual = 0.00349842, Final residual = 9.9123e-08, No Iterations 961
time step continuity errors : sum local = 4.14631e-08, global = -4.14584e-08, cumulative = -4.14584e-08
ExecutionTime = 79.43 s  ClockTime = 105 s

Courant Number mean: 1.35694e-05 max: 0.22109 velocity magnitude: 1.72727
Time = 0.003

MULES: Solving for alpha1
Liquid phase volume fraction = 0.00275424  Min(alpha1) = -6.79209e-31  Max(alpha1) = 1
MULES: Solving for alpha1
Liquid phase volume fraction = 0.00275426  Min(alpha1) = -3.60904e-30  Max(alpha1) = 1
GPU: 700 iters: 8.13872 s: 20.0397 GB/s
OGPUPCG:  Solving for pd, Initial residual = 0.00748075, Final residual = 0.000364441, No Iterations 700
GPU: 662 iters: 7.69892 s: 20.0344 GB/s
OGPUPCG:  Solving for pd, Initial residual = 0.00520204, Final residual = 0.000250914, No Iterations 662
GPU: 927 iters: 10.7881 s: 20.021 GB/s
OGPUPCG:  Solving for pd, Initial residual = 0.00512958, Final residual = 9.63671e-08, No Iterations 927
time step continuity errors : sum local = 2.25578e-08, global = -2.25533e-08, cumulative = -6.40117e-08
ExecutionTime = 113.54 s  ClockTime = 139 s

Courant Number mean: 1.63745e-05 max: 0.133484 velocity magnitude: 1.04285
Time = 0.004

MULES: Solving for alpha1
Liquid phase volume fraction = 0.00275427  Min(alpha1) = -9.38705e-30  Max(alpha1) = 1
MULES: Solving for alpha1
Liquid phase volume fraction = 0.00275428  Min(alpha1) = -1.06232e-29  Max(alpha1) = 1
GPU: 698 iters: 8.09159 s: 20.0988 GB/s
OGPUPCG:  Solving for pd, Initial residual = 0.00849336, Final residual = 0.000422066, No Iterations 698
GPU: 686 iters: 7.97227 s: 20.0489 GB/s
OGPUPCG:  Solving for pd, Initial residual = 0.00720714, Final residual = 0.000346356, No Iterations 686
GPU: 961 iters: 11.1579 s: 20.0673 GB/s
OGPUPCG:  Solving for pd, Initial residual = 0.00670037, Final residual = 9.8219e-08, No Iterations 961
time step continuity errors : sum local = 1.06526e-08, global = -1.06479e-08, cumulative = -7.46596e-08
ExecutionTime = 148.11 s  ClockTime = 174 s

Courant Number mean: 2.0328e-05 max: 0.07592 velocity magnitude: 0.593125
Time = 0.005

MULES: Solving for alpha1
Liquid phase volume fraction = 0.00275429  Min(alpha1) = -1.46172e-29  Max(alpha1) = 1
MULES: Solving for alpha1
Liquid phase volume fraction = 0.00275429  Min(alpha1) = -8.89595e-30  Max(alpha1) = 1
GPU: 698 iters: 8.12086 s: 20.0264 GB/s
OGPUPCG:  Solving for pd, Initial residual = 0.00674868, Final residual = 0.000332887, No Iterations 698
Computing AINV with droptol 0.02
GPU: 661 iters: 7.63973 s: 20.1591 GB/s
OGPUPCG:  Solving for pd, Initial residual = 0.00591454, Final residual = 0.000294003, No Iterations 661
GPU: 934 iters: 10.8348 s: 20.0851 GB/s
OGPUPCG:  Solving for pd, Initial residual = 0.00571278, Final residual = 9.94386e-08, No Iterations 934
time step continuity errors : sum local = 2.48333e-09, global = -2.47865e-09, cumulative = -7.71383e-08
ExecutionTime = 182.11 s  ClockTime = 208 s

Courant Number mean: 2.44338e-05 max: 0.0288142 velocity magnitude: 0.302742
Time = 0.006

MULES: Solving for alpha1
Liquid phase volume fraction = 0.00275429  Min(alpha1) = -1.70622e-29  Max(alpha1) = 1
MULES: Solving for alpha1
Liquid phase volume fraction = 0.00275429  Min(alpha1) = -2.831e-29  Max(alpha1) = 1
GPU: 701 iters: 8.12039 s: 20.1136 GB/s
OGPUPCG:  Solving for pd, Initial residual = 0.00747106, Final residual = 0.000371185, No Iterations 701
GPU: 679 iters: 7.8752 s: 20.0889 GB/s
OGPUPCG:  Solving for pd, Initial residual = 0.0056797, Final residual = 0.000277159, No Iterations 679
GPU: 943 iters: 10.9387 s: 20.0861 GB/s
OGPUPCG:  Solving for pd, Initial residual = 0.00559787, Final residual = 9.96511e-08, No Iterations 943
time step continuity errors : sum local = 3.32163e-11, global = 2.85579e-11, cumulative = -7.71097e-08
ExecutionTime = 216.3 s  ClockTime = 242 s

Courant Number mean: 2.93695e-05 max: 0.0329322 velocity magnitude: 0.257283
Time = 0.007

MULES: Solving for alpha1
Liquid phase volume fraction = 0.00275429  Min(alpha1) = -3.12608e-29  Max(alpha1) = 1
MULES: Solving for alpha1
Liquid phase volume fraction = 0.00275429  Min(alpha1) = -2.9582e-29  Max(alpha1) = 1
GPU: 706 iters: 8.16932 s: 20.1357 GB/s
OGPUPCG:  Solving for pd, Initial residual = 0.00718002, Final residual = 0.000348324, No Iterations 706
GPU: 651 iters: 7.54656 s: 20.0993 GB/s
OGPUPCG:  Solving for pd, Initial residual = 0.00460961, Final residual = 0.000223667, No Iterations 651
GPU: 872 iters: 10.1343 s: 20.048 GB/s
OGPUPCG:  Solving for pd, Initial residual = 0.00418388, Final residual = 9.80131e-08, No Iterations 872
time step continuity errors : sum local = 1.46934e-10, global = 1.42354e-10, cumulative = -7.69674e-08
ExecutionTime = 249.34 s  ClockTime = 276 s

Courant Number mean: 3.4471e-05 max: 0.00920634 velocity magnitude: 0.130401
Time = 0.008

MULES: Solving for alpha1
Liquid phase volume fraction = 0.00275429  Min(alpha1) = -4.55077e-29  Max(alpha1) = 1
MULES: Solving for alpha1
Liquid phase volume fraction = 0.00275429  Min(alpha1) = -5.28107e-29  Max(alpha1) = 1
GPU: 708 iters: 8.22728 s: 20.0505 GB/s
OGPUPCG:  Solving for pd, Initial residual = 0.00759876, Final residual = 0.000378564, No Iterations 708
GPU: 305 iters: 3.55043 s: 20.0156 GB/s
OGPUPCG:  Solving for pd, Initial residual = 0.00449077, Final residual = 0.000221549, No Iterations 305
GPU: 836 iters: 9.72502 s: 20.0292 GB/s
OGPUPCG:  Solving for pd, Initial residual = 0.00419646, Final residual = 9.81589e-08, No Iterations 836
time step continuity errors : sum local = 1.57759e-10, global = 1.53198e-10, cumulative = -7.68142e-08
ExecutionTime = 278.09 s  ClockTime = 304 s

Courant Number mean: 3.95935e-05 max: 0.00904212 velocity magnitude: 0.140312
Time = 0.009

MULES: Solving for alpha1
Liquid phase volume fraction = 0.00275429  Min(alpha1) = -4.90873e-29  Max(alpha1) = 1
MULES: Solving for alpha1
Liquid phase volume fraction = 0.00275429  Min(alpha1) = -3.29778e-29  Max(alpha1) = 1
GPU: 711 iters: 8.29047 s: 19.982 GB/s
OGPUPCG:  Solving for pd, Initial residual = 0.00747562, Final residual = 0.000365294, No Iterations 711
GPU: 355 iters: 4.12852 s: 20.0347 GB/s
OGPUPCG:  Solving for pd, Initial residual = 0.00468573, Final residual = 0.000232255, No Iterations 355
Computing AINV with droptol 0.02
GPU: 969 iters: 11.2385 s: 20.0892 GB/s
OGPUPCG:  Solving for pd, Initial residual = 0.00415788, Final residual = 9.95455e-08, No Iterations 969
time step continuity errors : sum local = 6.6189e-12, global = 2.00659e-12, cumulative = -7.68122e-08
ExecutionTime = 309.16 s  ClockTime = 335 s

Courant Number mean: 4.47252e-05 max: 0.00972278 velocity magnitude: 0.149316
Time = 0.01

MULES: Solving for alpha1
Liquid phase volume fraction = 0.00275429  Min(alpha1) = -4.93465e-29  Max(alpha1) = 1
MULES: Solving for alpha1
Liquid phase volume fraction = 0.00275429  Min(alpha1) = -3.42568e-29  Max(alpha1) = 1
GPU: 768 iters: 8.90514 s: 20.0941 GB/s
OGPUPCG:  Solving for pd, Initial residual = 0.00808923, Final residual = 0.000391539, No Iterations 768
GPU: 305 iters: 3.55313 s: 20.0003 GB/s
OGPUPCG:  Solving for pd, Initial residual = 0.00465768, Final residual = 0.000230464, No Iterations 305
GPU: 852 iters: 9.89625 s: 20.0594 GB/s
OGPUPCG:  Solving for pd, Initial residual = 0.00431956, Final residual = 9.9183e-08, No Iterations 852
time step continuity errors : sum local = 4.63244e-11, global = -4.1754e-11, cumulative = -7.68539e-08
ExecutionTime = 338.86 s  ClockTime = 365 s

End

Finalising parallel run
