 Data for JOB [34349,1] offset 0

 ========================   JOB MAP   ========================

 Data for node: ivb106	Num slots: 6	Max slots: 0	Num procs: 6
 	Process OMPI jobid: [34349,1] App: 0 Process rank: 0
 	Process OMPI jobid: [34349,1] App: 0 Process rank: 1
 	Process OMPI jobid: [34349,1] App: 0 Process rank: 2
 	Process OMPI jobid: [34349,1] App: 0 Process rank: 3
 	Process OMPI jobid: [34349,1] App: 0 Process rank: 4
 	Process OMPI jobid: [34349,1] App: 0 Process rank: 5

 Data for node: ivb108	Num slots: 6	Max slots: 0	Num procs: 6
 	Process OMPI jobid: [34349,1] App: 0 Process rank: 6
 	Process OMPI jobid: [34349,1] App: 0 Process rank: 7
 	Process OMPI jobid: [34349,1] App: 0 Process rank: 8
 	Process OMPI jobid: [34349,1] App: 0 Process rank: 9
 	Process OMPI jobid: [34349,1] App: 0 Process rank: 10
 	Process OMPI jobid: [34349,1] App: 0 Process rank: 11

 Data for node: ivb109	Num slots: 6	Max slots: 0	Num procs: 6
 	Process OMPI jobid: [34349,1] App: 0 Process rank: 12
 	Process OMPI jobid: [34349,1] App: 0 Process rank: 13
 	Process OMPI jobid: [34349,1] App: 0 Process rank: 14
 	Process OMPI jobid: [34349,1] App: 0 Process rank: 15
 	Process OMPI jobid: [34349,1] App: 0 Process rank: 16
 	Process OMPI jobid: [34349,1] App: 0 Process rank: 17

 Data for node: ivb110	Num slots: 6	Max slots: 0	Num procs: 6
 	Process OMPI jobid: [34349,1] App: 0 Process rank: 18
 	Process OMPI jobid: [34349,1] App: 0 Process rank: 19
 	Process OMPI jobid: [34349,1] App: 0 Process rank: 20
 	Process OMPI jobid: [34349,1] App: 0 Process rank: 21
 	Process OMPI jobid: [34349,1] App: 0 Process rank: 22
 	Process OMPI jobid: [34349,1] App: 0 Process rank: 23

 =============================================================
[ivb106:03519] MCW rank 3 bound to socket 0[core 3[hwt 0]]: [./././B/./././././.][./././././././././.]
[ivb106:03519] MCW rank 4 bound to socket 0[core 4[hwt 0]]: [././././B/././././.][./././././././././.]
[ivb106:03519] MCW rank 5 bound to socket 0[core 5[hwt 0]]: [./././././B/./././.][./././././././././.]
[ivb106:03519] MCW rank 0 bound to socket 0[core 0[hwt 0]]: [B/././././././././.][./././././././././.]
[ivb106:03519] MCW rank 1 bound to socket 0[core 1[hwt 0]]: [./B/./././././././.][./././././././././.]
[ivb106:03519] MCW rank 2 bound to socket 0[core 2[hwt 0]]: [././B/././././././.][./././././././././.]
[ivb108:32285] MCW rank 6 bound to socket 0[core 0[hwt 0]]: [B/././././././././.][./././././././././.]
[ivb108:32285] MCW rank 7 bound to socket 0[core 1[hwt 0]]: [./B/./././././././.][./././././././././.]
[ivb108:32285] MCW rank 8 bound to socket 0[core 2[hwt 0]]: [././B/././././././.][./././././././././.]
[ivb108:32285] MCW rank 9 bound to socket 0[core 3[hwt 0]]: [./././B/./././././.][./././././././././.]
[ivb108:32285] MCW rank 10 bound to socket 0[core 4[hwt 0]]: [././././B/././././.][./././././././././.]
[ivb108:32285] MCW rank 11 bound to socket 0[core 5[hwt 0]]: [./././././B/./././.][./././././././././.]
[ivb109:40437] MCW rank 17 bound to socket 0[core 5[hwt 0]]: [./././././B/./././.][./././././././././.]
[ivb109:40437] MCW rank 12 bound to socket 0[core 0[hwt 0]]: [B/././././././././.][./././././././././.]
[ivb109:40437] MCW rank 13 bound to socket 0[core 1[hwt 0]]: [./B/./././././././.][./././././././././.]
[ivb109:40437] MCW rank 14 bound to socket 0[core 2[hwt 0]]: [././B/././././././.][./././././././././.]
[ivb109:40437] MCW rank 15 bound to socket 0[core 3[hwt 0]]: [./././B/./././././.][./././././././././.]
[ivb109:40437] MCW rank 16 bound to socket 0[core 4[hwt 0]]: [././././B/././././.][./././././././././.]
[ivb110:10222] MCW rank 18 bound to socket 0[core 0[hwt 0]]: [B/././././././././.][./././././././././.]
[ivb110:10222] MCW rank 19 bound to socket 0[core 1[hwt 0]]: [./B/./././././././.][./././././././././.]
[ivb110:10222] MCW rank 20 bound to socket 0[core 2[hwt 0]]: [././B/././././././.][./././././././././.]
[ivb110:10222] MCW rank 21 bound to socket 0[core 3[hwt 0]]: [./././B/./././././.][./././././././././.]
[ivb110:10222] MCW rank 22 bound to socket 0[core 4[hwt 0]]: [././././B/././././.][./././././././././.]
[ivb110:10222] MCW rank 23 bound to socket 0[core 5[hwt 0]]: [./././././B/./././.][./././././././././.]
/home-2/vplatonov/bin/nvmps: line 18: CUDEV%CUDEV_N: division by 0 (error token is "CUDEV_N")
/home-2/vplatonov/bin/nvmps: line 18: CUDEV%CUDEV_N: division by 0 (error token is "CUDEV_N")
/home-2/vplatonov/bin/nvmps: line 18: CUDEV%CUDEV_N: division by 0 (error token is "CUDEV_N")
/home-2/vplatonov/bin/nvmps: line 18: CUDEV%CUDEV_N: division by 0 (error token is "CUDEV_N")
/home-2/vplatonov/bin/nvmps: line 18: CUDEV%CUDEV_N: division by 0 (error token is "CUDEV_N")
/home-2/vplatonov/bin/nvmps: line 18: CUDEV%CUDEV_N: division by 0 (error token is "CUDEV_N")
/bin/bash: line 1: 1: command not found
/home-2/vplatonov/bin/nvmps: line 18: CUDEV%CUDEV_N: division by 0 (error token is "CUDEV_N")
/home-2/vplatonov/bin/nvmps: line 18: CUDEV%CUDEV_N: division by 0 (error token is "CUDEV_N")
/home-2/vplatonov/bin/nvmps: line 18: CUDEV%CUDEV_N: division by 0 (error token is "CUDEV_N")
/bin/bash: line 2: 2: command not found
/home-2/vplatonov/bin/nvmps: line 18: CUDEV%CUDEV_N: division by 0 (error token is "CUDEV_N")
/home-2/vplatonov/bin/nvmps: line 18: CUDEV%CUDEV_N: division by 0 (error token is "CUDEV_N")
/home-2/vplatonov/bin/nvmps: line 18: CUDEV%CUDEV_N: division by 0 (error token is "CUDEV_N")
/bin/bash: line 3: 3: command not found
/home-2/vplatonov/bin/nvmps: line 18: CUDEV%CUDEV_N: division by 0 (error token is "CUDEV_N")
/home-2/vplatonov/bin/nvmps: line 18: CUDEV%CUDEV_N: division by 0 (error token is "CUDEV_N")
/bin/bash: line 1: 1: command not found
/home-2/vplatonov/bin/nvmps: line 18: CUDEV%CUDEV_N: division by 0 (error token is "CUDEV_N")
/home-2/vplatonov/bin/nvmps: line 18: CUDEV%CUDEV_N: division by 0 (error token is "CUDEV_N")
/home-2/vplatonov/bin/nvmps: line 18: CUDEV%CUDEV_N: division by 0 (error token is "CUDEV_N")
/home-2/vplatonov/bin/nvmps: line 18: CUDEV%CUDEV_N: division by 0 (error token is "CUDEV_N")
/bin/bash: line 4: 4: command not found
/home-2/vplatonov/bin/nvmps: line 18: CUDEV%CUDEV_N: division by 0 (error token is "CUDEV_N")
/home-2/vplatonov/bin/nvmps: line 18: CUDEV%CUDEV_N: division by 0 (error token is "CUDEV_N")
/home-2/vplatonov/bin/nvmps: line 18: CUDEV%CUDEV_N: division by 0 (error token is "CUDEV_N")
/bin/bash: line 2: 2: command not found
/bin/bash: line 3: 3: command not found
/home-2/vplatonov/bin/nvmps: line 18: CUDEV%CUDEV_N: division by 0 (error token is "CUDEV_N")
/home-2/vplatonov/bin/nvmps: line 18: CUDEV%CUDEV_N: division by 0 (error token is "CUDEV_N")
/home-2/vplatonov/bin/nvmps: line 18: CUDEV%CUDEV_N: division by 0 (error token is "CUDEV_N")
/bin/bash: line 4: 4: command not found
mkdir: cannot create directory ‘/tmp/nvidia-mps-vplatonov-0’: File exists
/bin/bash: line 1: 1: command not found
/bin/bash: line 2: 2: command not found
/bin/bash: line 3: 3: command not found
/bin/bash: line 4: 4: command not found
/bin/bash: line 1: 1: command not found
/bin/bash: line 1: 1: command not found
mkdir: cannot create directory ‘/tmp/nvidia-mps-vplatonov-0’: File exists
/bin/bash: line 1: 1: command not found
mkdir: cannot create directory ‘/tmp/nvidia-mps-vplatonov-0’: File exists
/bin/bash: line 2: 2: command not found
/bin/bash: line 1: 1: command not found
/bin/bash: line 3: 3: command not found
/bin/bash: line 4: 4: command not found
/bin/bash: line 2: 2: command not found
/bin/bash: line 3: 3: command not found
/bin/bash: line 4: 4: command not found
/bin/bash: line 2: 2: command not found
/bin/bash: line 2: 2: command not found
mkdir: cannot create directory ‘/tmp/nvidia-mps-vplatonov-0’: File exists
/bin/bash: line 1: 1: command not found
/bin/bash: line 2: 2: command not found
/bin/bash: line 3: 3: command not found
mkdir: cannot create directory ‘/tmp/nvidia-mps-vplatonov-0’: File exists
/bin/bash: line 4: 4: command not found
/bin/bash: line 1: 1: command not found
/bin/bash: line 2: 2: command not found
/bin/bash: line 3: 3: command not found
/bin/bash: line 3: 3: command not found
/bin/bash: line 4: 4: command not found
/bin/bash: line 3: 3: command not found
mkdir: cannot create directory ‘/tmp/nvidia-mps-vplatonov-0’: File exists
/bin/bash: line 1: 1: command not found
/bin/bash: line 2: 2: command not found
/bin/bash: line 3: 3: command not found
/bin/bash: line 4: 4: command not found
mkdir: cannot create directory ‘/tmp/nvidia-mps-vplatonov-0’: File exists
/bin/bash: line 1: 1: command not found
/bin/bash: line 4: 4: command not found
/bin/bash: line 2: 2: command not found
/bin/bash: line 3: 3: command not found
/bin/bash: line 4: 4: command not found
/bin/bash: line 4: 4: command not found
mkdir: cannot create directory ‘/tmp/nvidia-mps-vplatonov-0’: File exists
/bin/bash: line 1: 1: command not found
/bin/bash: line 2: 2: command not found
/bin/bash: line 3: 3: command not found
/bin/bash: line 4: 4: command not found
mkdir: cannot create directory ‘/tmp/nvidia-mps-vplatonov-0’: File exists
mkdir: cannot create directory ‘/tmp/nvidia-mps-vplatonov-0’: File exists
/bin/bash: line 1: 1: command not found
/bin/bash: line 1: 1: command not found
/bin/bash: line 2: 2: command not found
/bin/bash: line 2: 2: command not found
/bin/bash: line 3: 3: command not found
/bin/bash: line 3: 3: command not found
/bin/bash: line 4: 4: command not found
/bin/bash: line 4: 4: command not found
mkdir: cannot create directory ‘/tmp/nvidia-mps-vplatonov-0’: File exists
/bin/bash: line 1: 1: command not found
mkdir: cannot create directory ‘/tmp/nvidia-mps-vplatonov-0’: File exists
/bin/bash: line 2: 2: command not found
/bin/bash: line 3: 3: command not found
/bin/bash: line 4: 4: command not found
/bin/bash: line 1: 1: command not found
/bin/bash: line 2: 2: command not found
/bin/bash: line 3: 3: command not found
/bin/bash: line 4: 4: command not found
mkdir: cannot create directory ‘/tmp/nvidia-mps-vplatonov-0’: File exists
/bin/bash: line 1: 1: command not found
/bin/bash: line 2: 2: command not found
/bin/bash: line 3: 3: command not found
/bin/bash: line 4: 4: command not found
mkdir: cannot create directory ‘/tmp/nvidia-mps-vplatonov-0’: File exists
/bin/bash: line 1: 1: command not found
/bin/bash: line 2: 2: command not found
/bin/bash: line 3: 3: command not found
/bin/bash: line 4: 4: command not found
mkdir: cannot create directory ‘/tmp/nvidia-mps-vplatonov-0’: File exists
/bin/bash: line 1: 1: command not found
/bin/bash: line 2: 2: command not found
/bin/bash: line 3: 3: command not found
mkdir: cannot create directory ‘/tmp/nvidia-mps-vplatonov-0’: File exists
/bin/bash: line 4: 4: command not found
/bin/bash: line 1: 1: command not found
/bin/bash: line 2: 2: command not found
/bin/bash: line 3: 3: command not found
/bin/bash: line 4: 4: command not found
mkdir: cannot create directory ‘/tmp/nvidia-mps-vplatonov-0’: File exists
/bin/bash: line 1: 1: command not found
/bin/bash: line 2: 2: command not found
/bin/bash: line 3: 3: command not found
mkdir: cannot create directory ‘/tmp/nvidia-mps-vplatonov-0’: File exists
/bin/bash: line 4: 4: command not found
/bin/bash: line 1: 1: command not found
/bin/bash: line 2: 2: command not found
/bin/bash: line 3: 3: command not found
/bin/bash: line 4: 4: command not found
mkdir: cannot create directory ‘/tmp/nvidia-mps-vplatonov-0’: File exists
/bin/bash: line 1: 1: command not found
/bin/bash: line 2: 2: command not found
/bin/bash: line 3: 3: command not found
/bin/bash: line 4: 4: command not found
mkdir: cannot create directory ‘/tmp/nvidia-mps-vplatonov-0’: File exists
/bin/bash: line 1: 1: command not found
/bin/bash: line 2: 2: command not found
/bin/bash: line 3: 3: command not found
/bin/bash: line 4: 4: command not found
/*---------------------------------------------------------------------------*\
| =========                 |                                                 |
| \\      /  F ield         | foam-extend: Open Source CFD                    |
|  \\    /   O peration     | Version:     3.1                                |
|   \\  /    A nd           | Web:         http://www.extend-project.de       |
|    \\/     M anipulation  |                                                 |
\*---------------------------------------------------------------------------*/
Build    : 3.1-e2da948002a2
Exec     : interFoam -parallel
Date     : May 19 2016
Time     : 21:59:56
Host     : ivb106
PID      : 3578
CtrlDict : /home-2/vplatonov/foam/foam-extend-3.1/etc/controlDict
Case     : /home/vplatonov/tests/rt12mln
nProcs   : 24
Slaves : 
23
(
ivb106.3588
ivb106.3613
ivb106.3605
ivb106.3597
ivb106.3620
ivb108.32359
ivb108.32328
ivb108.32335
ivb108.32351
ivb108.32366
ivb108.32343
ivb109.40481
ivb109.40502
ivb109.40510
ivb109.40517
ivb109.40486
ivb109.40494
ivb110.10279
ivb110.10287
ivb110.10267
ivb110.10295
ivb110.10302
ivb110.10271
)

Pstream initialized with:
    floatTransfer     : 0
    nProcsSimpleSum   : 0
    commsType         : blocking
SigFpe   : Enabling floating point exception trapping (FOAM_SIGFPE).

// * * * * * * * * * * * * * * * * * * * * * * * * * * * * * * * * * * * * * //
Create time

Create mesh for time = 0


Reading g
Reading field pd

Reading field alpha1

Reading field U

Reading/calculating face flux field phi

Reading transportProperties

Selecting incompressible transport model Newtonian
Selecting incompressible transport model Newtonian
Calculating field g.h

Selecting turbulence model type laminar
time step continuity errors : sum local = 0, global = 0, cumulative = 0
Created persistent data with name pcorr
OGPUPCG:  Solving for pcorr, Initial residual = 0, Final residual = 0, No Iterations 0
time step continuity errors : sum local = 0, global = 0, cumulative = 0
Courant Number mean: 0 max: 0 velocity magnitude: 0

Starting time loop

Courant Number mean: 0 max: 0 velocity magnitude: 0
Time = 0.001

MULES: Solving for alpha1
Liquid phase volume fraction = 0.00275421  Min(alpha1) = 0  Max(alpha1) = 1
MULES: Solving for alpha1
Liquid phase volume fraction = 0.00275421  Min(alpha1) = 0  Max(alpha1) = 1
Created persistent data with name pd
Computing AINV with droptol 0.02
GPU: 6 iters: 0.0705175 s: 18.9282 GB/s
OGPUPCG:  Solving for pd, Initial residual = 1, Final residual = 0.0430394, No Iterations 6
Computing AINV with droptol 0.02
GPU: 179 iters: 1.83015 s: 21.7582 GB/s
OGPUPCG:  Solving for pd, Initial residual = 0.0260729, Final residual = 0.00129851, No Iterations 179
GPU: 914 iters: 9.31334 s: 21.8321 GB/s
OGPUPCG:  Solving for pd, Initial residual = 0.0073539, Final residual = 9.87181e-08, No Iterations 914
time step continuity errors : sum local = 7.34531e-12, global = -4.37659e-24, cumulative = -4.37659e-24
ExecutionTime = 40.81 s  ClockTime = 59 s

Courant Number mean: 4.83081e-06 max: 0.00215842 velocity magnitude: 0.0337252
Time = 0.002

MULES: Solving for alpha1
Liquid phase volume fraction = 0.00275421  Min(alpha1) = 0  Max(alpha1) = 1
MULES: Solving for alpha1
Liquid phase volume fraction = 0.00275421  Min(alpha1) = 0  Max(alpha1) = 1
GPU: 684 iters: 6.98071 s: 21.7978 GB/s
OGPUPCG:  Solving for pd, Initial residual = 0.00479287, Final residual = 0.000228751, No Iterations 684
GPU: 698 iters: 7.12786 s: 21.7847 GB/s
OGPUPCG:  Solving for pd, Initial residual = 0.0039426, Final residual = 0.000193644, No Iterations 698
GPU: 961 iters: 9.802 s: 21.8104 GB/s
OGPUPCG:  Solving for pd, Initial residual = 0.00349747, Final residual = 9.90135e-08, No Iterations 961
time step continuity errors : sum local = 4.1463e-08, global = -4.14583e-08, cumulative = -4.14583e-08
ExecutionTime = 71.08 s  ClockTime = 89 s

Courant Number mean: 1.35694e-05 max: 0.22109 velocity magnitude: 1.72726
Time = 0.003

MULES: Solving for alpha1
Liquid phase volume fraction = 0.00275424  Min(alpha1) = -6.85915e-31  Max(alpha1) = 1
MULES: Solving for alpha1
Liquid phase volume fraction = 0.00275426  Min(alpha1) = -2.64278e-30  Max(alpha1) = 1
GPU: 700 iters: 7.14948 s: 21.7811 GB/s
OGPUPCG:  Solving for pd, Initial residual = 0.00748044, Final residual = 0.000362657, No Iterations 700
GPU: 662 iters: 6.76194 s: 21.7792 GB/s
OGPUPCG:  Solving for pd, Initial residual = 0.00520052, Final residual = 0.000255234, No Iterations 662
GPU: 927 iters: 9.4574 s: 21.8054 GB/s
OGPUPCG:  Solving for pd, Initial residual = 0.00513371, Final residual = 9.95335e-08, No Iterations 927
time step continuity errors : sum local = 2.25582e-08, global = -2.25535e-08, cumulative = -6.40119e-08
ExecutionTime = 100.74 s  ClockTime = 119 s

Courant Number mean: 1.63745e-05 max: 0.133486 velocity magnitude: 1.04286
Time = 0.004

MULES: Solving for alpha1
Liquid phase volume fraction = 0.00275427  Min(alpha1) = -3.06618e-30  Max(alpha1) = 1
MULES: Solving for alpha1
Liquid phase volume fraction = 0.00275428  Min(alpha1) = -1.2482e-29  Max(alpha1) = 1
GPU: 699 iters: 7.14099 s: 21.7758 GB/s
OGPUPCG:  Solving for pd, Initial residual = 0.00849408, Final residual = 0.000420801, No Iterations 699
GPU: 686 iters: 7.00808 s: 21.7761 GB/s
OGPUPCG:  Solving for pd, Initial residual = 0.00720316, Final residual = 0.000350199, No Iterations 686
GPU: 961 iters: 9.82908 s: 21.7503 GB/s
OGPUPCG:  Solving for pd, Initial residual = 0.00670277, Final residual = 9.71212e-08, No Iterations 961
time step continuity errors : sum local = 1.06523e-08, global = -1.06477e-08, cumulative = -7.46596e-08
ExecutionTime = 131.32 s  ClockTime = 150 s

Courant Number mean: 2.03279e-05 max: 0.0759194 velocity magnitude: 0.59312
Time = 0.005

MULES: Solving for alpha1
Liquid phase volume fraction = 0.00275429  Min(alpha1) = -2.67349e-29  Max(alpha1) = 1
MULES: Solving for alpha1
Liquid phase volume fraction = 0.00275429  Min(alpha1) = -1.75821e-29  Max(alpha1) = 1
GPU: 698 iters: 7.12548 s: 21.792 GB/s
OGPUPCG:  Solving for pd, Initial residual = 0.00674827, Final residual = 0.000333165, No Iterations 698
GPU: 661 iters: 6.77131 s: 21.7162 GB/s
OGPUPCG:  Solving for pd, Initial residual = 0.0059149, Final residual = 0.000290521, No Iterations 661
GPU: 936 iters: 9.49463 s: 21.9308 GB/s
OGPUPCG:  Solving for pd, Initial residual = 0.00571048, Final residual = 9.89279e-08, No Iterations 936
time step continuity errors : sum local = 2.48296e-09, global = -2.47831e-09, cumulative = -7.71379e-08
ExecutionTime = 161.3 s  ClockTime = 180 s

Courant Number mean: 2.44337e-05 max: 0.0288149 velocity magnitude: 0.302731
Time = 0.006

MULES: Solving for alpha1
Liquid phase volume fraction = 0.00275429  Min(alpha1) = -1.72855e-29  Max(alpha1) = 1
MULES: Solving for alpha1
Liquid phase volume fraction = 0.00275429  Min(alpha1) = -2.68573e-29  Max(alpha1) = 1
Computing AINV with droptol 0.02
GPU: 702 iters: 7.16839 s: 21.7857 GB/s
OGPUPCG:  Solving for pd, Initial residual = 0.00747053, Final residual = 0.000368335, No Iterations 702
GPU: 679 iters: 6.92166 s: 21.823 GB/s
OGPUPCG:  Solving for pd, Initial residual = 0.00567647, Final residual = 0.00027877, No Iterations 679
GPU: 943 iters: 9.62191 s: 21.8025 GB/s
OGPUPCG:  Solving for pd, Initial residual = 0.00559909, Final residual = 9.94986e-08, No Iterations 943
time step continuity errors : sum local = 3.33073e-11, global = 2.8656e-11, cumulative = -7.71092e-08
ExecutionTime = 191.62 s  ClockTime = 210 s

Courant Number mean: 2.93695e-05 max: 0.0329322 velocity magnitude: 0.257283
Time = 0.007

MULES: Solving for alpha1
Liquid phase volume fraction = 0.00275429  Min(alpha1) = -3.30268e-29  Max(alpha1) = 1
MULES: Solving for alpha1
Liquid phase volume fraction = 0.00275429  Min(alpha1) = -3.21532e-29  Max(alpha1) = 1
GPU: 706 iters: 7.19433 s: 21.8308 GB/s
OGPUPCG:  Solving for pd, Initial residual = 0.00718007, Final residual = 0.000348831, No Iterations 706
GPU: 650 iters: 6.61791 s: 21.8498 GB/s
OGPUPCG:  Solving for pd, Initial residual = 0.00460985, Final residual = 0.000227256, No Iterations 650
GPU: 872 iters: 8.90785 s: 21.7771 GB/s
OGPUPCG:  Solving for pd, Initial residual = 0.00418862, Final residual = 9.85514e-08, No Iterations 872
time step continuity errors : sum local = 1.46953e-10, global = 1.42347e-10, cumulative = -7.69669e-08
ExecutionTime = 220.75 s  ClockTime = 239 s

Courant Number mean: 3.4471e-05 max: 0.00920698 velocity magnitude: 0.1304
Time = 0.008

MULES: Solving for alpha1
Liquid phase volume fraction = 0.00275429  Min(alpha1) = -6.52918e-29  Max(alpha1) = 1
MULES: Solving for alpha1
Liquid phase volume fraction = 0.00275429  Min(alpha1) = -4.78467e-29  Max(alpha1) = 1
GPU: 708 iters: 7.22551 s: 21.7982 GB/s
OGPUPCG:  Solving for pd, Initial residual = 0.00759991, Final residual = 0.000377297, No Iterations 708
GPU: 305 iters: 3.11141 s: 21.8071 GB/s
OGPUPCG:  Solving for pd, Initial residual = 0.00449107, Final residual = 0.000224198, No Iterations 305
GPU: 837 iters: 8.54709 s: 21.7853 GB/s
OGPUPCG:  Solving for pd, Initial residual = 0.00419954, Final residual = 9.4606e-08, No Iterations 837
time step continuity errors : sum local = 1.57577e-10, global = 1.53182e-10, cumulative = -7.68137e-08
ExecutionTime = 246.15 s  ClockTime = 265 s

Courant Number mean: 3.95934e-05 max: 0.00904209 velocity magnitude: 0.140312
Time = 0.009

MULES: Solving for alpha1
Liquid phase volume fraction = 0.00275429  Min(alpha1) = -4.12501e-29  Max(alpha1) = 1
MULES: Solving for alpha1
Liquid phase volume fraction = 0.00275429  Min(alpha1) = -3.17918e-29  Max(alpha1) = 1
GPU: 711 iters: 7.23858 s: 21.851 GB/s
OGPUPCG:  Solving for pd, Initial residual = 0.00747595, Final residual = 0.000371867, No Iterations 711
GPU: 312 iters: 3.18665 s: 21.7809 GB/s
OGPUPCG:  Solving for pd, Initial residual = 0.00469316, Final residual = 0.000234218, No Iterations 312
GPU: 840 iters: 8.57767 s: 21.7854 GB/s
OGPUPCG:  Solving for pd, Initial residual = 0.00415932, Final residual = 9.83285e-08, No Iterations 840
time step continuity errors : sum local = 6.56128e-12, global = 2.00496e-12, cumulative = -7.68117e-08
ExecutionTime = 271.58 s  ClockTime = 291 s

Courant Number mean: 4.47251e-05 max: 0.00972275 velocity magnitude: 0.149316
Time = 0.01

MULES: Solving for alpha1
Liquid phase volume fraction = 0.00275429  Min(alpha1) = -2.81306e-29  Max(alpha1) = 1
MULES: Solving for alpha1
Liquid phase volume fraction = 0.00275429  Min(alpha1) = -3.19813e-29  Max(alpha1) = 1
GPU: 711 iters: 7.25079 s: 21.8142 GB/s
OGPUPCG:  Solving for pd, Initial residual = 0.00808924, Final residual = 0.000396149, No Iterations 711
GPU: 302 iters: 3.09251 s: 21.7245 GB/s
OGPUPCG:  Solving for pd, Initial residual = 0.00466479, Final residual = 0.00022912, No Iterations 302
GPU: 822 iters: 8.38417 s: 21.8106 GB/s
OGPUPCG:  Solving for pd, Initial residual = 0.004318, Final residual = 9.87458e-08, No Iterations 822
time step continuity errors : sum local = 4.63023e-11, global = -4.17516e-11, cumulative = -7.68535e-08
ExecutionTime = 296.76 s  ClockTime = 316 s

End

/home-2/vplatonov/bin/nvmps: line 33: 40481 Segmentation fault      "$@"
-------------------------------------------------------
Primary job  terminated normally, but 1 process returned
a non-zero exit code.. Per user-direction, the job has been aborted.
-------------------------------------------------------
/home-2/vplatonov/bin/nvmps: line 33:  3613 Segmentation fault      "$@"
/home-2/vplatonov/bin/nvmps: line 33:  3597 Segmentation fault      "$@"
/home-2/vplatonov/bin/nvmps: line 33:  3578 Segmentation fault      "$@"
/home-2/vplatonov/bin/nvmps: line 33: 40510 Segmentation fault      "$@"
/home-2/vplatonov/bin/nvmps: line 33: 32335 Segmentation fault      "$@"
/home-2/vplatonov/bin/nvmps: line 33: 10271 Segmentation fault      "$@"
/home-2/vplatonov/bin/nvmps: line 33: 32328 Segmentation fault      "$@"
/home-2/vplatonov/bin/nvmps: line 33: 10267 Segmentation fault      "$@"
/home-2/vplatonov/bin/nvmps: line 33: 40486 Segmentation fault      "$@"
/home-2/vplatonov/bin/nvmps: line 33: 10302 Segmentation fault      "$@"
/home-2/vplatonov/bin/nvmps: line 33: 40502 Segmentation fault      "$@"
/home-2/vplatonov/bin/nvmps: line 33: 32366 Segmentation fault      "$@"
/home-2/vplatonov/bin/nvmps: line 33: 32359 Segmentation fault      "$@"
/home-2/vplatonov/bin/nvmps: line 33: 10279 Segmentation fault      "$@"
/home-2/vplatonov/bin/nvmps: line 33: 40494 Segmentation fault      "$@"
/home-2/vplatonov/bin/nvmps: line 33: 40517 Segmentation fault      "$@"
/home-2/vplatonov/bin/nvmps: line 33: 32351 Segmentation fault      "$@"
/home-2/vplatonov/bin/nvmps: line 33: 10295 Segmentation fault      "$@"
slurmstepd: *** JOB 6697 ON ivb106 CANCELLED AT 2016-05-19T22:17:12 DUE TO TIME LIMIT ***
--------------------------------------------------------------------------
mpirun detected that one or more processes exited with non-zero status, thus causing
the job to be terminated. The first process to do so was:

  Process name: [[34349,1],12]
  Exit code:    139
--------------------------------------------------------------------------
