 Data for JOB [14956,1] offset 0

 ========================   JOB MAP   ========================

 Data for node: ivb112	Num slots: 12	Max slots: 0	Num procs: 12
 	Process OMPI jobid: [14956,1] App: 0 Process rank: 0
 	Process OMPI jobid: [14956,1] App: 0 Process rank: 1
 	Process OMPI jobid: [14956,1] App: 0 Process rank: 2
 	Process OMPI jobid: [14956,1] App: 0 Process rank: 3
 	Process OMPI jobid: [14956,1] App: 0 Process rank: 4
 	Process OMPI jobid: [14956,1] App: 0 Process rank: 5
 	Process OMPI jobid: [14956,1] App: 0 Process rank: 6
 	Process OMPI jobid: [14956,1] App: 0 Process rank: 7
 	Process OMPI jobid: [14956,1] App: 0 Process rank: 8
 	Process OMPI jobid: [14956,1] App: 0 Process rank: 9
 	Process OMPI jobid: [14956,1] App: 0 Process rank: 10
 	Process OMPI jobid: [14956,1] App: 0 Process rank: 11

 Data for node: ivb113	Num slots: 12	Max slots: 0	Num procs: 12
 	Process OMPI jobid: [14956,1] App: 0 Process rank: 12
 	Process OMPI jobid: [14956,1] App: 0 Process rank: 13
 	Process OMPI jobid: [14956,1] App: 0 Process rank: 14
 	Process OMPI jobid: [14956,1] App: 0 Process rank: 15
 	Process OMPI jobid: [14956,1] App: 0 Process rank: 16
 	Process OMPI jobid: [14956,1] App: 0 Process rank: 17
 	Process OMPI jobid: [14956,1] App: 0 Process rank: 18
 	Process OMPI jobid: [14956,1] App: 0 Process rank: 19
 	Process OMPI jobid: [14956,1] App: 0 Process rank: 20
 	Process OMPI jobid: [14956,1] App: 0 Process rank: 21
 	Process OMPI jobid: [14956,1] App: 0 Process rank: 22
 	Process OMPI jobid: [14956,1] App: 0 Process rank: 23

 =============================================================
[ivb112:26010] MCW rank 5 bound to socket 0[core 5[hwt 0]]: [./././././B/./././.][./././././././././.]
[ivb112:26010] MCW rank 6 bound to socket 0[core 6[hwt 0]]: [././././././B/././.][./././././././././.]
[ivb112:26010] MCW rank 7 bound to socket 0[core 7[hwt 0]]: [./././././././B/./.][./././././././././.]
[ivb112:26010] MCW rank 8 bound to socket 0[core 8[hwt 0]]: [././././././././B/.][./././././././././.]
[ivb112:26010] MCW rank 9 bound to socket 0[core 9[hwt 0]]: [./././././././././B][./././././././././.]
[ivb112:26010] MCW rank 10 bound to socket 1[core 10[hwt 0]]: [./././././././././.][B/././././././././.]
[ivb112:26010] MCW rank 11 bound to socket 1[core 11[hwt 0]]: [./././././././././.][./B/./././././././.]
[ivb112:26010] MCW rank 0 bound to socket 0[core 0[hwt 0]]: [B/././././././././.][./././././././././.]
[ivb112:26010] MCW rank 1 bound to socket 0[core 1[hwt 0]]: [./B/./././././././.][./././././././././.]
[ivb112:26010] MCW rank 2 bound to socket 0[core 2[hwt 0]]: [././B/././././././.][./././././././././.]
[ivb112:26010] MCW rank 3 bound to socket 0[core 3[hwt 0]]: [./././B/./././././.][./././././././././.]
[ivb112:26010] MCW rank 4 bound to socket 0[core 4[hwt 0]]: [././././B/././././.][./././././././././.]
[ivb113:08122] MCW rank 17 bound to socket 0[core 5[hwt 0]]: [./././././B/./././.][./././././././././.]
[ivb113:08122] MCW rank 18 bound to socket 0[core 6[hwt 0]]: [././././././B/././.][./././././././././.]
[ivb113:08122] MCW rank 19 bound to socket 0[core 7[hwt 0]]: [./././././././B/./.][./././././././././.]
[ivb113:08122] MCW rank 20 bound to socket 0[core 8[hwt 0]]: [././././././././B/.][./././././././././.]
[ivb113:08122] MCW rank 21 bound to socket 0[core 9[hwt 0]]: [./././././././././B][./././././././././.]
[ivb113:08122] MCW rank 22 bound to socket 1[core 10[hwt 0]]: [./././././././././.][B/././././././././.]
[ivb113:08122] MCW rank 23 bound to socket 1[core 11[hwt 0]]: [./././././././././.][./B/./././././././.]
[ivb113:08122] MCW rank 12 bound to socket 0[core 0[hwt 0]]: [B/././././././././.][./././././././././.]
[ivb113:08122] MCW rank 13 bound to socket 0[core 1[hwt 0]]: [./B/./././././././.][./././././././././.]
[ivb113:08122] MCW rank 14 bound to socket 0[core 2[hwt 0]]: [././B/././././././.][./././././././././.]
[ivb113:08122] MCW rank 15 bound to socket 0[core 3[hwt 0]]: [./././B/./././././.][./././././././././.]
[ivb113:08122] MCW rank 16 bound to socket 0[core 4[hwt 0]]: [././././B/././././.][./././././././././.]
/*---------------------------------------------------------------------------*\
| =========                 |                                                 |
| \\      /  F ield         | foam-extend: Open Source CFD                    |
|  \\    /   O peration     | Version:     3.1                                |
|   \\  /    A nd           | Web:         http://www.extend-project.de       |
|    \\/     M anipulation  |                                                 |
\*---------------------------------------------------------------------------*/
Build    : 3.1-e2da948002a2
Exec     : pimpleDyMFoam -parallel
Date     : May 27 2016
Time     : 13:58:17
Host     : ivb112
PID      : 26077
CtrlDict : /home-2/vplatonov/foam/foam-extend-3.1/etc/controlDict
Case     : /home/vplatonov/tests/3D-mesh1-of3.1
nProcs   : 24
Slaves : 
23
(
ivb112.26076
ivb112.26081
ivb112.26085
ivb112.26089
ivb112.26094
ivb112.26099
ivb112.26106
ivb112.26115
ivb112.26117
ivb112.26109
ivb112.26112
ivb113.8188
ivb113.8187
ivb113.8189
ivb113.8192
ivb113.8203
ivb113.8206
ivb113.8215
ivb113.8212
ivb113.8218
ivb113.8221
ivb113.8209
ivb113.8223
)

Pstream initialized with:
    floatTransfer     : 0
    nProcsSimpleSum   : 0
    commsType         : blocking
SigFpe   : Enabling floating point exception trapping (FOAM_SIGFPE).

// * * * * * * * * * * * * * * * * * * * * * * * * * * * * * * * * * * * * * //
Create time

Create dynamic mesh for time = 0

Selecting dynamicFvMesh dynamicMotionSolverFvMesh
Selecting motion solver: displacementLaplacian
Selecting motion diffusion: quadratic
Selecting motion diffusion: inverseDistance
Reading field p

Reading field U

Reading/calculating face flux field phi

Selecting incompressible transport model Newtonian
Selecting turbulence model type LESModel
Selecting LES turbulence model oneEqEddy
oneEqEddyCoeffs
{
    ce              1.048;
    ck              0.094;
}

Reading field rAU if present


Starting time loop

Courant Number mean: 0 max: 0.0007592825 velocity magnitude: 0.4779
Reading old state
Before setting displacements
GAMGPCG:  Solving for cellDisplacementx, Initial residual = 0, Final residual = 0, No Iterations 0
GAMGPCG:  Solving for cellDisplacementy, Initial residual = 0, Final residual = 0, No Iterations 0
GAMGPCG:  Solving for cellDisplacementz, Initial residual = 0, Final residual = 0, No Iterations 0
Time = 5e-06

GAMGPCG:  Solving for cellDisplacementx, Initial residual = 0, Final residual = 0, No Iterations 0
GAMGPCG:  Solving for cellDisplacementy, Initial residual = 0, Final residual = 0, No Iterations 0
GAMGPCG:  Solving for cellDisplacementz, Initial residual = 0, Final residual = 0, No Iterations 0
volume continuity errors : volume = 4.535015, max error = 0, sum local = 0, global = 0
smoothSolver:  Solving for Ux, Initial residual = 1, Final residual = 3.764172e-08, No Iterations 1
smoothSolver:  Solving for Uy, Initial residual = 1, Final residual = 4.611591e-08, No Iterations 1
smoothSolver:  Solving for Uz, Initial residual = 0.9999962, Final residual = 4.046585e-08, No Iterations 1
Created persistent data with name p
Computing AINV with droptol 0.02
GPU: 581 iters: 35.98007 s: 3.843272 GB/s
Total exec time 35.98007 Total comm time 1.051579
OGPUBICGS:  Solving for p, Initial residual = 1, Final residual = 0.004436555, No Iterations 581
Computing AINV with droptol 0.02
GPU: 68 iters: 4.327849 s: 3.739589 GB/s
Total exec time 40.30792 Total comm time 1.246128
OGPUBICGS:  Solving for p, Initial residual = 0.0004579127, Final residual = 9.997713e-06, No Iterations 68
time step continuity errors : sum local = 2.251018e-09, global = -6.450386e-11, cumulative = -6.450386e-11
Moving mesh time step continuity errors : sum local = 2.251018e-09, global = -6.450386e-11, cumulative = -1.290077e-10
GPU: 106 iters: 6.71345 s: 3.757916 GB/s
Total exec time 47.02137 Total comm time 1.545388
OGPUBICGS:  Solving for p, Initial residual = 0.0001104589, Final residual = 6.34255e-06, No Iterations 106
GPU: 585 iters: 36.79759 s: 3.78376 GB/s
Total exec time 83.81896 Total comm time 3.162214
OGPUBICGS:  Solving for p, Initial residual = 4.452763e-05, Final residual = 1.640912e-08, No Iterations 585
time step continuity errors : sum local = 3.696527e-12, global = 3.822589e-13, cumulative = -1.286255e-10
Moving mesh time step continuity errors : sum local = 3.696527e-12, global = 3.822589e-13, cumulative = -1.282432e-10
smoothSolver:  Solving for k, Initial residual = 1, Final residual = 2.55849e-11, No Iterations 2
ExecutionTime = 115.93 s  ClockTime = 118 s

Courant Number mean: 7.680215e-05 max: 0.002865047 velocity magnitude: 0.9550848
yForce = 3.773661
Y= 5.826101e-12
Vy= 2.330439e-06
Time = 1e-05

GAMGPCG:  Solving for cellDisplacementx, Initial residual = 0, Final residual = 0, No Iterations 0
Total solver time is 0
Total solver time is 0
Total solver time is 0
GAMGPCG:  Solving for cellDisplacementy, Initial residual = 1, Final residual = 1.160981e-08, No Iterations 1
GAMGPCG:  Solving for cellDisplacementz, Initial residual = 0, Final residual = 0, No Iterations 0
volume continuity errors : volume = 4.535015, max error = 1.017436e-08, sum local = 6.228125e-15, global = 3.852033e-18
smoothSolver:  Solving for Ux, Initial residual = 0.9975446, Final residual = 1.33381e-06, No Iterations 1
smoothSolver:  Solving for Uy, Initial residual = 0.3333326, Final residual = 2.480257e-06, No Iterations 1
smoothSolver:  Solving for Uz, Initial residual = 0.2060412, Final residual = 9.298726e-07, No Iterations 1
GPU: 488 iters: 30.69748 s: 3.78359 GB/s
Total exec time 114.5164 Total comm time 4.502817
OGPUBICGS:  Solving for p, Initial residual = 0.003644337, Final residual = 3.574381e-05, No Iterations 488
GPU: 455 iters: 28.60833 s: 3.785349 GB/s
Total exec time 143.1248 Total comm time 5.74226
OGPUBICGS:  Solving for p, Initial residual = 0.00142477, Final residual = 8.982476e-06, No Iterations 455
time step continuity errors : sum local = 6.664722e-10, global = 1.171559e-10, cumulative = -1.108734e-11
Moving mesh time step continuity errors : sum local = 6.664722e-10, global = 1.171559e-10, cumulative = 1.060685e-10
GPU: 95 iters: 6.034907 s: 3.746624 GB/s
Total exec time 149.1597 Total comm time 6.013292
OGPUBICGS:  Solving for p, Initial residual = 0.0003084994, Final residual = 9.185439e-06, No Iterations 95
GPU: 587 iters: 36.76237 s: 3.800333 GB/s
Total exec time 185.922 Total comm time 7.527093
OGPUBICGS:  Solving for p, Initial residual = 0.0001173161, Final residual = 2.31292e-08, No Iterations 587
time step continuity errors : sum local = 1.73625e-12, global = -4.317566e-13, cumulative = 1.056368e-10
Moving mesh time step continuity errors : sum local = 1.73625e-12, global = -4.317566e-13, cumulative = 1.05205e-10
smoothSolver:  Solving for k, Initial residual = 0.008780626, Final residual = 8.024511e-09, No Iterations 1
ExecutionTime = 229.58 s  ClockTime = 232 s

Courant Number mean: 7.680547e-05 max: 0.002857223 velocity magnitude: 0.9524764
yForce = -17.82673
Y= -1.004415e-11
Vy= -8.678529e-06
Time = 1.5e-05

GAMGPCG:  Solving for cellDisplacementx, Initial residual = 0, Final residual = 0, No Iterations 0
Total solver time is 0
Total solver time is 0
Total solver time is 0
GAMGPCG:  Solving for cellDisplacementy, Initial residual = 1, Final residual = 1.061261e-08, No Iterations 1
GAMGPCG:  Solving for cellDisplacementz, Initial residual = 0, Final residual = 0, No Iterations 0
volume continuity errors : volume = 4.535015, max error = 1.39208e-08, sum local = 7.08702e-15, global = 1.701965e-19
smoothSolver:  Solving for Ux, Initial residual = 0.9921396, Final residual = 1.328012e-06, No Iterations 1
smoothSolver:  Solving for Uy, Initial residual = 0.1838146, Final residual = 1.463374e-06, No Iterations 1
smoothSolver:  Solving for Uz, Initial residual = 0.5998821, Final residual = 2.695941e-06, No Iterations 1
Computing AINV with droptol 0.02
GPU: 488 iters: 30.68704 s: 3.784878 GB/s
Total exec time 216.6091 Total comm time 8.873322
OGPUBICGS:  Solving for p, Initial residual = 0.002802585, Final residual = 2.790902e-05, No Iterations 488
GPU: 429 iters: 26.9691 s: 3.785976 GB/s
Total exec time 243.5782 Total comm time 10.04038
OGPUBICGS:  Solving for p, Initial residual = 0.0506397, Final residual = 0.0004876272, No Iterations 429
time step continuity errors : sum local = 3.336815e-10, global = -7.007934e-11, cumulative = 3.512569e-11
Moving mesh time step continuity errors : sum local = 3.336815e-10, global = -7.007934e-11, cumulative = -3.495365e-11
GPU: 193 iters: 12.14806 s: 3.781266 GB/s
Total exec time 255.7262 Total comm time 10.52612
OGPUBICGS:  Solving for p, Initial residual = 0.02179848, Final residual = 0.0002170535, No Iterations 193
GPU: 783 iters: 49.19729 s: 3.787979 GB/s
Total exec time 304.9235 Total comm time 12.62324
OGPUBICGS:  Solving for p, Initial residual = 0.007375693, Final residual = 9.601481e-08, No Iterations 783
time step continuity errors : sum local = 3.124368e-14, global = 4.116152e-15, cumulative = -3.494953e-11
Moving mesh time step continuity errors : sum local = 3.124368e-14, global = 4.116152e-15, cumulative = -3.494542e-11
smoothSolver:  Solving for k, Initial residual = 0.003834849, Final residual = 3.565708e-09, No Iterations 1
ExecutionTime = 360.32 s  ClockTime = 363 s

Courant Number mean: 7.680534e-05 max: 0.002858845 velocity magnitude: 0.9530171
yForce = 18.21025
Y= -2.532222e-11
Vy= 2.567292e-06
Time = 2e-05

GAMGPCG:  Solving for cellDisplacementx, Initial residual = 0, Final residual = 0, No Iterations 0
Total solver time is 0
Total solver time is 0
Total solver time is 0
GAMGPCG:  Solving for cellDisplacementy, Initial residual = 0.5782935, Final residual = 8.568921e-09, No Iterations 1
GAMGPCG:  Solving for cellDisplacementz, Initial residual = 0, Final residual = 0, No Iterations 0
volume continuity errors : volume = 4.535015, max error = 1.305622e-08, sum local = 7.138012e-15, global = -2.936035e-18
smoothSolver:  Solving for Ux, Initial residual = 0.05102117, Final residual = 8.868797e-08, No Iterations 1
smoothSolver:  Solving for Uy, Initial residual = 0.0134864, Final residual = 1.558415e-07, No Iterations 1
smoothSolver:  Solving for Uz, Initial residual = 0.9235186, Final residual = 4.216408e-06, No Iterations 1
GPU: 48 iters: 3.079206 s: 3.710133 GB/s
Total exec time 308.0027 Total comm time 12.76197
OGPUBICGS:  Solving for p, Initial residual = 0.2264675, Final residual = 0.002248806, No Iterations 48
GPU: 164 iters: 10.34429 s: 3.773377 GB/s
Total exec time 318.347 Total comm time 13.20405
OGPUBICGS:  Solving for p, Initial residual = 0.01252007, Final residual = 0.0001250924, No Iterations 164
time step continuity errors : sum local = 3.37791e-11, global = 4.718571e-13, cumulative = -3.447356e-11
Moving mesh time step continuity errors : sum local = 3.37791e-11, global = 4.718571e-13, cumulative = -3.40017e-11
GPU: 222 iters: 13.96169 s: 3.784442 GB/s
Total exec time 332.3087 Total comm time 13.80895
OGPUBICGS:  Solving for p, Initial residual = 0.004245069, Final residual = 4.0427e-05, No Iterations 222
GPU: 589 iters: 36.92029 s: 3.79697 GB/s
Total exec time 369.229 Total comm time 15.33309
OGPUBICGS:  Solving for p, Initial residual = 0.001807838, Final residual = 9.79136e-08, No Iterations 589
time step continuity errors : sum local = 2.630692e-14, global = 1.640977e-14, cumulative = -3.398529e-11
Moving mesh time step continuity errors : sum local = 2.630692e-14, global = 1.640977e-14, cumulative = -3.396888e-11
smoothSolver:  Solving for k, Initial residual = 0.002273019, Final residual = 2.17274e-09, No Iterations 1
ExecutionTime = 436.47 s  ClockTime = 439 s

Courant Number mean: 7.68059e-05 max: 0.002856741 velocity magnitude: 0.9523158
yForce = -5.706626
Y= -2.129614e-11
Vy= -9.568608e-07
Time = 2.5e-05

GAMGPCG:  Solving for cellDisplacementx, Initial residual = 0, Final residual = 0, No Iterations 0
Total solver time is 0
Total solver time is 0
Total solver time is 0
GAMGPCG:  Solving for cellDisplacementy, Initial residual = 0.209565, Final residual = 2.140726e-09, No Iterations 1
GAMGPCG:  Solving for cellDisplacementz, Initial residual = 0, Final residual = 0, No Iterations 0
volume continuity errors : volume = 4.535015, max error = 1.221018e-08, sum local = 7.124599e-15, global = -1.752158e-18
smoothSolver:  Solving for Ux, Initial residual = 0.02711446, Final residual = 3.17117e-08, No Iterations 1
smoothSolver:  Solving for Uy, Initial residual = 0.004587373, Final residual = 5.449747e-08, No Iterations 1
smoothSolver:  Solving for Uz, Initial residual = 0.4559182, Final residual = 2.630494e-06, No Iterations 1
Computing AINV with droptol 0.02
GPU: 8 iters: 0.5658531 s: 3.364898 GB/s
Total exec time 369.7949 Total comm time 15.36337
OGPUBICGS:  Solving for p, Initial residual = 0.153349, Final residual = 0.001471346, No Iterations 8
GPU: 153 iters: 9.661525 s: 3.769045 GB/s
Total exec time 379.4564 Total comm time 15.77731
OGPUBICGS:  Solving for p, Initial residual = 0.003668757, Final residual = 3.631228e-05, No Iterations 153
time step continuity errors : sum local = 8.632755e-12, global = -5.395189e-14, cumulative = -3.402283e-11
Moving mesh time step continuity errors : sum local = 8.632755e-12, global = -5.395189e-14, cumulative = -3.407679e-11
GPU: 249 iters: 15.6607 s: 3.784197 GB/s
Total exec time 395.1171 Total comm time 16.44679
OGPUBICGS:  Solving for p, Initial residual = 0.0009203905, Final residual = 9.999484e-06, No Iterations 249
GPU: 573 iters: 35.98627 s: 3.789688 GB/s
Total exec time 431.1034 Total comm time 18.00201
OGPUBICGS:  Solving for p, Initial residual = 0.0003227791, Final residual = 9.171658e-08, No Iterations 573
time step continuity errors : sum local = 2.176025e-14, global = 7.224372e-15, cumulative = -3.406956e-11
Moving mesh time step continuity errors : sum local = 2.176025e-14, global = 7.224372e-15, cumulative = -3.406234e-11
smoothSolver:  Solving for k, Initial residual = 0.001554738, Final residual = 1.53025e-09, No Iterations 1
ExecutionTime = 510.28 s  ClockTime = 513 s

Courant Number mean: 7.680602e-05 max: 0.002854612 velocity magnitude: 0.9516063
yForce = -1.767486
Y= -2.880924e-11
Vy= -2.048377e-06
Time = 3e-05

GAMGPCG:  Solving for cellDisplacementx, Initial residual = 0, Final residual = 0, No Iterations 0
Total solver time is 0
Total solver time is 0
Total solver time is 0
GAMGPCG:  Solving for cellDisplacementy, Initial residual = 0.3151361, Final residual = 4.399542e-09, No Iterations 1
GAMGPCG:  Solving for cellDisplacementz, Initial residual = 0, Final residual = 0, No Iterations 0
volume continuity errors : volume = 4.535015, max error = 1.308507e-08, sum local = 7.108333e-15, global = 3.387906e-18
smoothSolver:  Solving for Ux, Initial residual = 0.01762269, Final residual = 1.432555e-08, No Iterations 1
smoothSolver:  Solving for Uy, Initial residual = 0.001238199, Final residual = 2.456312e-08, No Iterations 1
smoothSolver:  Solving for Uz, Initial residual = 0.7623655, Final residual = 7.61733e-06, No Iterations 1
GPU: 2 iters: 0.1903296 s: 2.500974 GB/s
Total exec time 431.2937 Total comm time 18.01216
OGPUBICGS:  Solving for p, Initial residual = 0.1088449, Final residual = 0.0007191239, No Iterations 2
GPU: 90 iters: 5.715522 s: 3.747764 GB/s
Total exec time 437.0092 Total comm time 18.26846
OGPUBICGS:  Solving for p, Initial residual = 0.001340572, Final residual = 1.297179e-05, No Iterations 90
time step continuity errors : sum local = 2.782769e-12, global = -1.140602e-14, cumulative = -3.407374e-11
Moving mesh time step continuity errors : sum local = 2.782769e-12, global = -1.140602e-14, cumulative = -3.408515e-11
GPU: 31 iters: 2.014716 s: 3.662128 GB/s
Total exec time 439.0239 Total comm time 18.35873
OGPUBICGS:  Solving for p, Initial residual = 0.0002627665, Final residual = 9.726513e-06, No Iterations 31
GPU: 483 iters: 30.3501 s: 3.787675 GB/s
Total exec time 469.374 Total comm time 19.66459
OGPUBICGS:  Solving for p, Initial residual = 0.0001022632, Final residual = 6.910841e-08, No Iterations 483
time step continuity errors : sum local = 1.481973e-14, global = 3.286674e-15, cumulative = -3.408186e-11
Moving mesh time step continuity errors : sum local = 1.481973e-14, global = 3.286674e-15, cumulative = -3.407858e-11
smoothSolver:  Solving for k, Initial residual = 0.001156876, Final residual = 1.164868e-09, No Iterations 1
ExecutionTime = 560.02 s  ClockTime = 563 s

Courant Number mean: 7.680613e-05 max: 0.002852244 velocity magnitude: 0.9508166
yForce = 2.750644
Y= -3.480444e-11
Vy= -3.497037e-07
Time = 3.5e-05

GAMGPCG:  Solving for cellDisplacementx, Initial residual = 0, Final residual = 0, No Iterations 0
Total solver time is 0
Total solver time is 0
Total solver time is 0
GAMGPCG:  Solving for cellDisplacementy, Initial residual = 0.2167108, Final residual = 3.532873e-09, No Iterations 1
GAMGPCG:  Solving for cellDisplacementz, Initial residual = 0, Final residual = 0, No Iterations 0
volume continuity errors : volume = 4.535015, max error = 1.208296e-08, sum local = 7.115256e-15, global = -2.238631e-18
smoothSolver:  Solving for Ux, Initial residual = 0.01352757, Final residual = 1.134476e-08, No Iterations 1
smoothSolver:  Solving for Uy, Initial residual = 0.0009612217, Final residual = 1.8581e-08, No Iterations 1
smoothSolver:  Solving for Uz, Initial residual = 0.5755498, Final residual = 6.42363e-06, No Iterations 1
GPU: 1 iters: 0.1256382 s: 1.894367 GB/s
Total exec time 469.4997 Total comm time 19.67155
OGPUBICGS:  Solving for p, Initial residual = 0.09113836, Final residual = 0.0004106949, No Iterations 1
GPU: 24 iters: 1.566388 s: 3.646679 GB/s
Total exec time 471.0661 Total comm time 19.7366
OGPUBICGS:  Solving for p, Initial residual = 0.0005926859, Final residual = 9.611651e-06, No Iterations 24
time step continuity errors : sum local = 1.893349e-12, global = 1.398782e-15, cumulative = -3.407718e-11
Moving mesh time step continuity errors : sum local = 1.893349e-12, global = 1.398782e-15, cumulative = -3.407578e-11
GPU: 8 iters: 0.562915 s: 3.382461 GB/s
Total exec time 471.629 Total comm time 19.75843
OGPUBICGS:  Solving for p, Initial residual = 8.225093e-05, Final residual = 9.176741e-06, No Iterations 8
GPU: 322 iters: 20.24082 s: 3.786285 GB/s
Total exec time 491.8698 Total comm time 20.61817
OGPUBICGS:  Solving for p, Initial residual = 2.907231e-05, Final residual = 9.963655e-08, No Iterations 322
time step continuity errors : sum local = 1.962415e-14, global = 1.282055e-15, cumulative = -3.40745e-11
Moving mesh time step continuity errors : sum local = 1.962415e-14, global = 1.282055e-15, cumulative = -3.407321e-11
smoothSolver:  Solving for k, Initial residual = 0.0009097183, Final residual = 9.45205e-10, No Iterations 1
ExecutionTime = 594.27 s  ClockTime = 597 s

Courant Number mean: 7.680614e-05 max: 0.002849499 velocity magnitude: 0.9499018
yForce = -1.215618
Y= -3.842973e-11
Vy= -1.100413e-06
Time = 4e-05

GAMGPCG:  Solving for cellDisplacementx, Initial residual = 0, Final residual = 0, No Iterations 0
Total solver time is 0
Total solver time is 0
Total solver time is 0
GAMGPCG:  Solving for cellDisplacementy, Initial residual = 0.1248319, Final residual = 2.358482e-09, No Iterations 1
GAMGPCG:  Solving for cellDisplacementz, Initial residual = 0, Final residual = 0, No Iterations 0
volume continuity errors : volume = 4.535015, max error = 1.211688e-08, sum local = 7.108293e-15, global = 8.339937e-19
smoothSolver:  Solving for Ux, Initial residual = 0.01095265, Final residual = 9.415015e-09, No Iterations 1
smoothSolver:  Solving for Uy, Initial residual = 0.000805421, Final residual = 1.497212e-08, No Iterations 1
smoothSolver:  Solving for Uz, Initial residual = 0.4504873, Final residual = 5.948806e-06, No Iterations 1
GPU: 1 iters: 0.1256395 s: 1.894347 GB/s
Total exec time 491.9954 Total comm time 20.62608
OGPUBICGS:  Solving for p, Initial residual = 0.07497026, Final residual = 0.0001672446, No Iterations 1
GPU: 9 iters: 0.6281469 s: 3.410099 GB/s
Total exec time 492.6236 Total comm time 20.65353
OGPUBICGS:  Solving for p, Initial residual = 0.0003136334, Final residual = 9.276035e-06, No Iterations 9
time step continuity errors : sum local = 1.697507e-12, global = -2.077795e-16, cumulative = -3.407342e-11
Moving mesh time step continuity errors : sum local = 1.697507e-12, global = -2.077795e-16, cumulative = -3.407363e-11
GPU: 1 iters: 0.1258182 s: 1.891656 GB/s
Total exec time 492.7494 Total comm time 20.65832
OGPUBICGS:  Solving for p, Initial residual = 3.566564e-05, Final residual = 9.737725e-06, No Iterations 1
GPU: 165 iters: 10.40942 s: 3.772618 GB/s
Total exec time 503.1588 Total comm time 21.09925
OGPUBICGS:  Solving for p, Initial residual = 1.537443e-05, Final residual = 9.550466e-08, No Iterations 165
time step continuity errors : sum local = 1.747635e-14, global = -1.056674e-14, cumulative = -3.40842e-11
Moving mesh time step continuity errors : sum local = 1.747635e-14, global = -1.056674e-14, cumulative = -3.409476e-11
smoothSolver:  Solving for k, Initial residual = 0.0007436758, Final residual = 7.921311e-10, No Iterations 1
ExecutionTime = 617.33 s  ClockTime = 620 s

Courant Number mean: 7.680616e-05 max: 0.002846379 velocity magnitude: 0.9488616
yForce = -0.07091955
Y= -4.404128e-11
Vy= -1.144208e-06
Time = 4.5e-05

GAMGPCG:  Solving for cellDisplacementx, Initial residual = 0, Final residual = 0, No Iterations 0
Total solver time is 0
Total solver time is 0
Total solver time is 0
GAMGPCG:  Solving for cellDisplacementy, Initial residual = 0.1741547, Final residual = 2.56821e-09, No Iterations 1
GAMGPCG:  Solving for cellDisplacementz, Initial residual = 0, Final residual = 0, No Iterations 0
volume continuity errors : volume = 4.535015, max error = 1.349358e-08, sum local = 7.09029e-15, global = 4.029764e-19
smoothSolver:  Solving for Ux, Initial residual = 0.009358464, Final residual = 8.06289e-09, No Iterations 1
smoothSolver:  Solving for Uy, Initial residual = 0.0006807657, Final residual = 1.242628e-08, No Iterations 1
smoothSolver:  Solving for Uz, Initial residual = 0.5670919, Final residual = 5.683756e-06, No Iterations 1
GPU: 1 iters: 0.1250072 s: 1.903929 GB/s
Total exec time 503.2838 Total comm time 21.10371
OGPUBICGS:  Solving for p, Initial residual = 0.06276951, Final residual = 0.0001257132, No Iterations 1
GPU: 7 iters: 0.502103 s: 3.31811 GB/s
Total exec time 503.7859 Total comm time 21.12725
OGPUBICGS:  Solving for p, Initial residual = 0.0002328504, Final residual = 9.426308e-06, No Iterations 7
time step continuity errors : sum local = 1.616562e-12, global = -2.565193e-14, cumulative = -3.412041e-11
Moving mesh time step continuity errors : sum local = 1.616562e-12, global = -2.565193e-14, cumulative = -3.414607e-11
GPU: 1 iters: 0.1251706 s: 1.901443 GB/s
Total exec time 503.9111 Total comm time 21.13274
OGPUBICGS:  Solving for p, Initial residual = 2.36088e-05, Final residual = 9.535935e-06, No Iterations 1
GPU: 262 iters: 16.45924 s: 3.788585 GB/s
Total exec time 520.3704 Total comm time 21.81558
OGPUBICGS:  Solving for p, Initial residual = 1.157135e-05, Final residual = 9.584544e-08, No Iterations 262
time step continuity errors : sum local = 1.643642e-14, global = -1.562828e-14, cumulative = -3.41617e-11
Moving mesh time step continuity errors : sum local = 1.643642e-14, global = -1.562828e-14, cumulative = -3.417732e-11
smoothSolver:  Solving for k, Initial residual = 0.0006255844, Final residual = 6.820442e-10, No Iterations 1
ExecutionTime = 646.16 s  ClockTime = 649 s

Courant Number mean: 7.680616e-05 max: 0.002842878 velocity magnitude: 0.9482439
yForce = 0.3879667
Y= -4.916334e-11
Vy= -9.046157e-07
Time = 5e-05

GAMGPCG:  Solving for cellDisplacementx, Initial residual = 0, Final residual = 0, No Iterations 0
Total solver time is 0
Total solver time is 0
Total solver time is 0
GAMGPCG:  Solving for cellDisplacementy, Initial residual = 0.1427861, Final residual = 2.253953e-09, No Iterations 1
GAMGPCG:  Solving for cellDisplacementz, Initial residual = 0, Final residual = 0, No Iterations 0
volume continuity errors : volume = 4.535015, max error = 1.211175e-08, sum local = 7.08869e-15, global = 1.406765e-18
smoothSolver:  Solving for Ux, Initial residual = 0.008276109, Final residual = 7.076869e-09, No Iterations 1
smoothSolver:  Solving for Uy, Initial residual = 0.0005940237, Final residual = 1.058514e-08, No Iterations 1
smoothSolver:  Solving for Uz, Initial residual = 0.332166, Final residual = 2.151569e-06, No Iterations 1
Computing AINV with droptol 0.02
GPU: 1 iters: 0.124601 s: 1.910135 GB/s
Total exec time 520.495 Total comm time 21.81961
OGPUBICGS:  Solving for p, Initial residual = 0.05636382, Final residual = 9.870631e-05, No Iterations 1
GPU: 5 iters: 0.3788005 s: 3.141558 GB/s
Total exec time 520.8738 Total comm time 21.83777
OGPUBICGS:  Solving for p, Initial residual = 0.0001826643, Final residual = 9.426917e-06, No Iterations 5
time step continuity errors : sum local = 1.525443e-12, global = -1.841179e-14, cumulative = -3.419574e-11
Moving mesh time step continuity errors : sum local = 1.525443e-12, global = -1.841179e-14, cumulative = -3.421415e-11
GPU: 0 iters: 0.06231789 s: 0 GB/s
Total exec time 520.9361 Total comm time 21.8402
OGPUBICGS:  Solving for p, Initial residual = 1.927053e-05, Final residual = 9.94575e-06, No Iterations 0
GPU: 440 iters: 27.64785 s: 3.787713 GB/s
Total exec time 548.5839 Total comm time 23.02232
OGPUBICGS:  Solving for p, Initial residual = 1.09613e-05, Final residual = 8.150871e-08, No Iterations 440
time step continuity errors : sum local = 1.318922e-14, global = 1.862701e-15, cumulative = -3.421228e-11
Moving mesh time step continuity errors : sum local = 1.318922e-14, global = 1.862701e-15, cumulative = -3.421042e-11
smoothSolver:  Solving for k, Initial residual = 0.0005378747, Final residual = 5.997151e-10, No Iterations 1
ExecutionTime = 686.21 s  ClockTime = 689 s

yForce = -0.202901
Y= -5.399967e-11
Vy= -1.029917e-06
End

Finalising parallel run
/home-2/vplatonov/bin/nvmps: line 33:  8189 Segmentation fault      "$@"
-------------------------------------------------------
Primary job  terminated normally, but 1 process returned
a non-zero exit code.. Per user-direction, the job has been aborted.
-------------------------------------------------------
/home-2/vplatonov/bin/nvmps: line 33: 26094 Segmentation fault      "$@"
/home-2/vplatonov/bin/nvmps: line 33:  8221 Segmentation fault      "$@"
slurmstepd: *** JOB 8410 ON ivb112 CANCELLED AT 2016-05-27T14:15:33 DUE TO TIME LIMIT ***
--------------------------------------------------------------------------
mpirun detected that one or more processes exited with non-zero status, thus causing
the job to be terminated. The first process to do so was:

  Process name: [[14956,1],14]
  Exit code:    139
--------------------------------------------------------------------------
