 Data for JOB [63865,1] offset 0

 ========================   JOB MAP   ========================

 Data for node: ivb106	Num slots: 6	Max slots: 0	Num procs: 6
 	Process OMPI jobid: [63865,1] App: 0 Process rank: 0
 	Process OMPI jobid: [63865,1] App: 0 Process rank: 1
 	Process OMPI jobid: [63865,1] App: 0 Process rank: 2
 	Process OMPI jobid: [63865,1] App: 0 Process rank: 3
 	Process OMPI jobid: [63865,1] App: 0 Process rank: 4
 	Process OMPI jobid: [63865,1] App: 0 Process rank: 5

 Data for node: ivb108	Num slots: 6	Max slots: 0	Num procs: 6
 	Process OMPI jobid: [63865,1] App: 0 Process rank: 6
 	Process OMPI jobid: [63865,1] App: 0 Process rank: 7
 	Process OMPI jobid: [63865,1] App: 0 Process rank: 8
 	Process OMPI jobid: [63865,1] App: 0 Process rank: 9
 	Process OMPI jobid: [63865,1] App: 0 Process rank: 10
 	Process OMPI jobid: [63865,1] App: 0 Process rank: 11

 Data for node: ivb109	Num slots: 6	Max slots: 0	Num procs: 6
 	Process OMPI jobid: [63865,1] App: 0 Process rank: 12
 	Process OMPI jobid: [63865,1] App: 0 Process rank: 13
 	Process OMPI jobid: [63865,1] App: 0 Process rank: 14
 	Process OMPI jobid: [63865,1] App: 0 Process rank: 15
 	Process OMPI jobid: [63865,1] App: 0 Process rank: 16
 	Process OMPI jobid: [63865,1] App: 0 Process rank: 17

 Data for node: ivb110	Num slots: 6	Max slots: 0	Num procs: 6
 	Process OMPI jobid: [63865,1] App: 0 Process rank: 18
 	Process OMPI jobid: [63865,1] App: 0 Process rank: 19
 	Process OMPI jobid: [63865,1] App: 0 Process rank: 20
 	Process OMPI jobid: [63865,1] App: 0 Process rank: 21
 	Process OMPI jobid: [63865,1] App: 0 Process rank: 22
 	Process OMPI jobid: [63865,1] App: 0 Process rank: 23

 =============================================================
[ivb106:29419] MCW rank 3 bound to socket 0[core 3[hwt 0]]: [./././B/./././././.][./././././././././.]
[ivb106:29419] MCW rank 4 bound to socket 0[core 4[hwt 0]]: [././././B/././././.][./././././././././.]
[ivb106:29419] MCW rank 5 bound to socket 0[core 5[hwt 0]]: [./././././B/./././.][./././././././././.]
[ivb106:29419] MCW rank 0 bound to socket 0[core 0[hwt 0]]: [B/././././././././.][./././././././././.]
[ivb106:29419] MCW rank 1 bound to socket 0[core 1[hwt 0]]: [./B/./././././././.][./././././././././.]
[ivb106:29419] MCW rank 2 bound to socket 0[core 2[hwt 0]]: [././B/././././././.][./././././././././.]
[ivb110:01236] MCW rank 19 bound to socket 0[core 1[hwt 0]]: [./B/./././././././.][./././././././././.]
[ivb110:01236] MCW rank 20 bound to socket 0[core 2[hwt 0]]: [././B/././././././.][./././././././././.]
[ivb110:01236] MCW rank 21 bound to socket 0[core 3[hwt 0]]: [./././B/./././././.][./././././././././.]
[ivb110:01236] MCW rank 22 bound to socket 0[core 4[hwt 0]]: [././././B/././././.][./././././././././.]
[ivb110:01236] MCW rank 23 bound to socket 0[core 5[hwt 0]]: [./././././B/./././.][./././././././././.]
[ivb110:01236] MCW rank 18 bound to socket 0[core 0[hwt 0]]: [B/././././././././.][./././././././././.]
[ivb108:39899] MCW rank 6 bound to socket 0[core 0[hwt 0]]: [B/././././././././.][./././././././././.]
[ivb108:39899] MCW rank 7 bound to socket 0[core 1[hwt 0]]: [./B/./././././././.][./././././././././.]
[ivb108:39899] MCW rank 8 bound to socket 0[core 2[hwt 0]]: [././B/././././././.][./././././././././.]
[ivb108:39899] MCW rank 9 bound to socket 0[core 3[hwt 0]]: [./././B/./././././.][./././././././././.]
[ivb108:39899] MCW rank 10 bound to socket 0[core 4[hwt 0]]: [././././B/././././.][./././././././././.]
[ivb108:39899] MCW rank 11 bound to socket 0[core 5[hwt 0]]: [./././././B/./././.][./././././././././.]
[ivb109:24591] MCW rank 17 bound to socket 0[core 5[hwt 0]]: [./././././B/./././.][./././././././././.]
[ivb109:24591] MCW rank 12 bound to socket 0[core 0[hwt 0]]: [B/././././././././.][./././././././././.]
[ivb109:24591] MCW rank 13 bound to socket 0[core 1[hwt 0]]: [./B/./././././././.][./././././././././.]
[ivb109:24591] MCW rank 14 bound to socket 0[core 2[hwt 0]]: [././B/././././././.][./././././././././.]
[ivb109:24591] MCW rank 15 bound to socket 0[core 3[hwt 0]]: [./././B/./././././.][./././././././././.]
[ivb109:24591] MCW rank 16 bound to socket 0[core 4[hwt 0]]: [././././B/././././.][./././././././././.]
0
1
2
1
0
3
4
5
2
3
4
5
0
1
2
3
4
5
2
3
0
1
4
5
/*---------------------------------------------------------------------------*\
| =========                 |                                                 |
| \\      /  F ield         | foam-extend: Open Source CFD                    |
|  \\    /   O peration     | Version:     3.1                                |
|   \\  /    A nd           | Web:         http://www.extend-project.de       |
|    \\/     M anipulation  |                                                 |
\*---------------------------------------------------------------------------*/
Build    : 3.1-e2da948002a2
Exec     : pimpleDyMFoam -parallel
Date     : May 27 2016
Time     : 13:36:18
Host     : ivb106
PID      : 29481
CtrlDict : /home-2/vplatonov/foam/foam-extend-3.1/etc/controlDict
Case     : /home/vplatonov/tests/3D-mesh1-of3.1
nProcs   : 24
Slaves : 
23
(
ivb106.29473
ivb106.29493
ivb106.29487
ivb106.29498
ivb106.29475
ivb108.39963
ivb108.39951
ivb108.39949
ivb108.39969
ivb108.39957
ivb108.39974
ivb109.24644
ivb109.24656
ivb109.24646
ivb109.24645
ivb109.24650
ivb109.24661
ivb110.1300
ivb110.1292
ivb110.1291
ivb110.1290
ivb110.1306
ivb110.1294
)

Pstream initialized with:
    floatTransfer     : 0
    nProcsSimpleSum   : 0
    commsType         : blocking
SigFpe   : Enabling floating point exception trapping (FOAM_SIGFPE).

// * * * * * * * * * * * * * * * * * * * * * * * * * * * * * * * * * * * * * //
Create time

Create dynamic mesh for time = 0

Selecting dynamicFvMesh dynamicMotionSolverFvMesh
Selecting motion solver: displacementLaplacian
Selecting motion diffusion: quadratic
Selecting motion diffusion: inverseDistance
Reading field p

Reading field U

Reading/calculating face flux field phi

Selecting incompressible transport model Newtonian
Selecting turbulence model type LESModel
Selecting LES turbulence model oneEqEddy
oneEqEddyCoeffs
{
    ce              1.048;
    ck              0.094;
}

Reading field rAU if present


Starting time loop

Courant Number mean: 0 max: 0.0007592825 velocity magnitude: 0.4779
Reading old state
Before setting displacements
GAMGPCG:  Solving for cellDisplacementx, Initial residual = 0, Final residual = 0, No Iterations 0
GAMGPCG:  Solving for cellDisplacementy, Initial residual = 0, Final residual = 0, No Iterations 0
GAMGPCG:  Solving for cellDisplacementz, Initial residual = 0, Final residual = 0, No Iterations 0
Time = 5e-06

GAMGPCG:  Solving for cellDisplacementx, Initial residual = 0, Final residual = 0, No Iterations 0
GAMGPCG:  Solving for cellDisplacementy, Initial residual = 0, Final residual = 0, No Iterations 0
GAMGPCG:  Solving for cellDisplacementz, Initial residual = 0, Final residual = 0, No Iterations 0
volume continuity errors : volume = 4.535015, max error = 0, sum local = 0, global = 0
smoothSolver:  Solving for Ux, Initial residual = 1, Final residual = 3.764172e-08, No Iterations 1
smoothSolver:  Solving for Uy, Initial residual = 1, Final residual = 4.611591e-08, No Iterations 1
smoothSolver:  Solving for Uz, Initial residual = 0.9999962, Final residual = 4.046585e-08, No Iterations 1
Created persistent data with name p
Computing AINV with droptol 0.02
GPU: 542 iters: 6.160006 s: 20.86176 GB/s
Total exec time 6.160006 Total comm time 0.923822
OGPUBICGS:  Solving for p, Initial residual = 1, Final residual = 0.004361582, No Iterations 542
Computing AINV with droptol 0.02
GPU: 69 iters: 0.9476069 s: 17.26448 GB/s
Total exec time 7.107613 Total comm time 1.128902
OGPUBICGS:  Solving for p, Initial residual = 0.0004592534, Final residual = 9.897328e-06, No Iterations 69
time step continuity errors : sum local = 2.226037e-09, global = -1.025798e-09, cumulative = -1.025798e-09
Moving mesh time step continuity errors : sum local = 2.226037e-09, global = -1.025798e-09, cumulative = -2.051596e-09
GPU: 98 iters: 1.311938 s: 17.71109 GB/s
Total exec time 8.419551 Total comm time 1.41689
OGPUBICGS:  Solving for p, Initial residual = 0.0001107407, Final residual = 8.921266e-06, No Iterations 98
GPU: 590 iters: 7.877606 s: 17.75785 GB/s
Total exec time 16.29716 Total comm time 3.168512
OGPUBICGS:  Solving for p, Initial residual = 4.669027e-05, Final residual = 9.903221e-08, No Iterations 590
time step continuity errors : sum local = 2.228558e-11, global = 1.480055e-13, cumulative = -2.051448e-09
Moving mesh time step continuity errors : sum local = 2.228558e-11, global = 1.480055e-13, cumulative = -2.0513e-09
smoothSolver:  Solving for k, Initial residual = 1, Final residual = 2.56161e-11, No Iterations 2
ExecutionTime = 45.81 s  ClockTime = 50 s

Courant Number mean: 7.680201e-05 max: 0.002864841 velocity magnitude: 0.955016
yForce = 11.50518
Y= 1.776268e-11
Vy= 7.105066e-06
Time = 1e-05

GAMGPCG:  Solving for cellDisplacementx, Initial residual = 0, Final residual = 0, No Iterations 0
Total solver time is 0
Total solver time is 0
Total solver time is 0
GAMGPCG:  Solving for cellDisplacementy, Initial residual = 1, Final residual = 1.160982e-08, No Iterations 1
GAMGPCG:  Solving for cellDisplacementz, Initial residual = 0, Final residual = 0, No Iterations 0
volume continuity errors : volume = 4.535015, max error = 1.070034e-08, sum local = 6.280066e-15, global = 2.724861e-18
smoothSolver:  Solving for Ux, Initial residual = 0.9975426, Final residual = 1.33358e-06, No Iterations 1
smoothSolver:  Solving for Uy, Initial residual = 0.3321238, Final residual = 2.46897e-06, No Iterations 1
smoothSolver:  Solving for Uz, Initial residual = 0.2845968, Final residual = 1.585504e-06, No Iterations 1
GPU: 552 iters: 7.402164 s: 17.68125 GB/s
Total exec time 23.69932 Total comm time 4.842608
OGPUBICGS:  Solving for p, Initial residual = 0.003644692, Final residual = 3.298282e-05, No Iterations 552
GPU: 149 iters: 2.004827 s: 17.62147 GB/s
Total exec time 25.70415 Total comm time 5.289361
OGPUBICGS:  Solving for p, Initial residual = 0.001398112, Final residual = 1.384349e-05, No Iterations 149
time step continuity errors : sum local = 1.038509e-09, global = 5.149147e-10, cumulative = -1.536385e-09
Moving mesh time step continuity errors : sum local = 1.038509e-09, global = 5.149147e-10, cumulative = -1.021471e-09
GPU: 94 iters: 1.267512 s: 17.58362 GB/s
Total exec time 26.97166 Total comm time 5.570409
OGPUBICGS:  Solving for p, Initial residual = 0.0003124068, Final residual = 9.934191e-06, No Iterations 94
GPU: 623 iters: 8.350115 s: 17.69002 GB/s
Total exec time 35.32178 Total comm time 7.464086
OGPUBICGS:  Solving for p, Initial residual = 0.0001168476, Final residual = 8.798064e-08, No Iterations 623
time step continuity errors : sum local = 6.594937e-12, global = -6.317578e-13, cumulative = -1.022103e-09
Moving mesh time step continuity errors : sum local = 6.594937e-12, global = -6.317578e-13, cumulative = -1.022734e-09
smoothSolver:  Solving for k, Initial residual = 0.00878149, Final residual = 8.025165e-09, No Iterations 1
ExecutionTime = 74.53 s  ClockTime = 79 s

Courant Number mean: 7.680527e-05 max: 0.002857209 velocity magnitude: 0.9524719
yForce = -30.9416
Y= 5.51769e-12
Vy= -1.200305e-05
Time = 1.5e-05

GAMGPCG:  Solving for cellDisplacementx, Initial residual = 0, Final residual = 0, No Iterations 0
Total solver time is 0
Total solver time is 0
Total solver time is 0
GAMGPCG:  Solving for cellDisplacementy, Initial residual = 1, Final residual = 7.904311e-09, No Iterations 1
GAMGPCG:  Solving for cellDisplacementz, Initial residual = 0, Final residual = 0, No Iterations 0
volume continuity errors : volume = 4.535015, max error = 1.214438e-08, sum local = 7.086873e-15, global = 2.624431e-19
smoothSolver:  Solving for Ux, Initial residual = 0.9921562, Final residual = 1.328027e-06, No Iterations 1
smoothSolver:  Solving for Uy, Initial residual = 0.184468, Final residual = 1.458947e-06, No Iterations 1
smoothSolver:  Solving for Uz, Initial residual = 0.8178699, Final residual = 4.158255e-06, No Iterations 1
GPU: 514 iters: 6.865175 s: 17.75187 GB/s
Total exec time 42.18695 Total comm time 8.997867
OGPUBICGS:  Solving for p, Initial residual = 0.002802028, Final residual = 2.242319e-05, No Iterations 514
GPU: 141 iters: 1.886653 s: 17.71984 GB/s
Total exec time 44.0736 Total comm time 9.419109
OGPUBICGS:  Solving for p, Initial residual = 0.09281982, Final residual = 0.0008639993, No Iterations 141
time step continuity errors : sum local = 3.183064e-10, global = -8.700329e-11, cumulative = -1.109738e-09
Moving mesh time step continuity errors : sum local = 3.183064e-10, global = -8.700329e-11, cumulative = -1.196741e-09
GPU: 323 iters: 4.352092 s: 17.59694 GB/s
Total exec time 48.4257 Total comm time 10.42184
OGPUBICGS:  Solving for p, Initial residual = 0.02142342, Final residual = 0.0002102641, No Iterations 323
GPU: 617 iters: 8.247969 s: 17.73662 GB/s
Total exec time 56.67366 Total comm time 12.27753
OGPUBICGS:  Solving for p, Initial residual = 0.007306716, Final residual = 9.049332e-08, No Iterations 617
time step continuity errors : sum local = 2.931469e-14, global = -8.548655e-15, cumulative = -1.196749e-09
Moving mesh time step continuity errors : sum local = 2.931469e-14, global = -8.548655e-15, cumulative = -1.196758e-09
smoothSolver:  Solving for k, Initial residual = 0.003835123, Final residual = 3.566117e-09, No Iterations 1
ExecutionTime = 105.42 s  ClockTime = 110 s

Courant Number mean: 7.680535e-05 max: 0.00285884 velocity magnitude: 0.9530154
yForce = 17.3739
Y= -2.767418e-11
Vy= -1.273709e-06
Time = 2e-05

GAMGPCG:  Solving for cellDisplacementx, Initial residual = 0, Final residual = 0, No Iterations 0
Total solver time is 0
Total solver time is 0
Total solver time is 0
GAMGPCG:  Solving for cellDisplacementy, Initial residual = 1, Final residual = 1.252814e-08, No Iterations 1
GAMGPCG:  Solving for cellDisplacementz, Initial residual = 0, Final residual = 0, No Iterations 0
volume continuity errors : volume = 4.535015, max error = 1.304124e-08, sum local = 7.115348e-15, global = -5.158498e-19
smoothSolver:  Solving for Ux, Initial residual = 0.0509095, Final residual = 8.65657e-08, No Iterations 1
smoothSolver:  Solving for Uy, Initial residual = 0.01340467, Final residual = 1.547433e-07, No Iterations 1
smoothSolver:  Solving for Uz, Initial residual = 0.9715996, Final residual = 3.658946e-06, No Iterations 1
GPU: 42 iters: 0.5648043 s: 17.63129 GB/s
Total exec time 57.23847 Total comm time 12.39894
OGPUBICGS:  Solving for p, Initial residual = 0.2262626, Final residual = 0.00193467, No Iterations 42
GPU: 138 iters: 1.854434 s: 17.64413 GB/s
Total exec time 59.0929 Total comm time 12.8289
OGPUBICGS:  Solving for p, Initial residual = 0.01200444, Final residual = 0.0001176141, No Iterations 138
time step continuity errors : sum local = 3.173732e-11, global = -2.812842e-15, cumulative = -1.196761e-09
Moving mesh time step continuity errors : sum local = 3.173732e-11, global = -2.812842e-15, cumulative = -1.196764e-09
GPU: 158 iters: 2.123975 s: 17.63763 GB/s
Total exec time 61.21688 Total comm time 13.31228
OGPUBICGS:  Solving for p, Initial residual = 0.004142002, Final residual = 4.103789e-05, No Iterations 158
GPU: 741 iters: 9.905104 s: 17.73748 GB/s
Total exec time 71.12198 Total comm time 15.53656
OGPUBICGS:  Solving for p, Initial residual = 0.001759559, Final residual = 3.493279e-08, No Iterations 741
time step continuity errors : sum local = 9.391787e-15, global = -1.873917e-16, cumulative = -1.196764e-09
Moving mesh time step continuity errors : sum local = 9.391787e-15, global = -1.873917e-16, cumulative = -1.196764e-09
smoothSolver:  Solving for k, Initial residual = 0.002273135, Final residual = 2.172893e-09, No Iterations 1
ExecutionTime = 129.68 s  ClockTime = 135 s

Courant Number mean: 7.680601e-05 max: 0.002856736 velocity magnitude: 0.9523141
yForce = -0.6826561
Y= -3.509666e-11
Vy= -1.695284e-06
Time = 2.5e-05

GAMGPCG:  Solving for cellDisplacementx, Initial residual = 0, Final residual = 0, No Iterations 0
Total solver time is 0
Total solver time is 0
Total solver time is 0
GAMGPCG:  Solving for cellDisplacementy, Initial residual = 0.1985762, Final residual = 6.05573e-09, No Iterations 1
GAMGPCG:  Solving for cellDisplacementz, Initial residual = 0, Final residual = 0, No Iterations 0
volume continuity errors : volume = 4.535015, max error = 1.301007e-08, sum local = 7.174236e-15, global = -2.189547e-19
smoothSolver:  Solving for Ux, Initial residual = 0.02707582, Final residual = 3.116106e-08, No Iterations 1
smoothSolver:  Solving for Uy, Initial residual = 0.004495035, Final residual = 5.391182e-08, No Iterations 1
smoothSolver:  Solving for Uz, Initial residual = 0.7871135, Final residual = 2.214763e-06, No Iterations 1
GPU: 8 iters: 0.1129766 s: 16.78936 GB/s
Total exec time 71.23496 Total comm time 15.55651
OGPUBICGS:  Solving for p, Initial residual = 0.1533451, Final residual = 0.001456333, No Iterations 8
GPU: 144 iters: 1.946008 s: 17.54488 GB/s
Total exec time 73.18097 Total comm time 16.00167
OGPUBICGS:  Solving for p, Initial residual = 0.003633258, Final residual = 3.58631e-05, No Iterations 144
time step continuity errors : sum local = 8.525488e-12, global = -1.612944e-14, cumulative = -1.19678e-09
Moving mesh time step continuity errors : sum local = 8.525488e-12, global = -1.612944e-14, cumulative = -1.196796e-09
GPU: 201 iters: 2.724499 s: 17.49211 GB/s
Total exec time 75.90547 Total comm time 16.62589
OGPUBICGS:  Solving for p, Initial residual = 0.0009113284, Final residual = 6.166315e-06, No Iterations 201
GPU: 497 iters: 6.660827 s: 17.69135 GB/s
Total exec time 82.56629 Total comm time 18.12829
OGPUBICGS:  Solving for p, Initial residual = 0.0003163106, Final residual = 8.69319e-08, No Iterations 497
time step continuity errors : sum local = 2.062589e-14, global = 8.892544e-15, cumulative = -1.196787e-09
Moving mesh time step continuity errors : sum local = 2.062589e-14, global = 8.892544e-15, cumulative = -1.196778e-09
smoothSolver:  Solving for k, Initial residual = 0.001554802, Final residual = 1.530342e-09, No Iterations 1
ExecutionTime = 150.9 s  ClockTime = 157 s

Courant Number mean: 7.6806e-05 max: 0.002854615 velocity magnitude: 0.951607
yForce = -4.516332
Y= -5.054578e-11
Vy= -4.48436e-06
Time = 3e-05

GAMGPCG:  Solving for cellDisplacementx, Initial residual = 0, Final residual = 0, No Iterations 0
Total solver time is 0
Total solver time is 0
Total solver time is 0
GAMGPCG:  Solving for cellDisplacementy, Initial residual = 0.3469981, Final residual = 5.25814e-09, No Iterations 1
GAMGPCG:  Solving for cellDisplacementz, Initial residual = 0, Final residual = 0, No Iterations 0
volume continuity errors : volume = 4.535015, max error = 1.213844e-08, sum local = 7.167899e-15, global = -7.292058e-19
smoothSolver:  Solving for Ux, Initial residual = 0.01761759, Final residual = 1.43141e-08, No Iterations 1
smoothSolver:  Solving for Uy, Initial residual = 0.001236274, Final residual = 2.454351e-08, No Iterations 1
smoothSolver:  Solving for Uz, Initial residual = 0.4869871, Final residual = 5.185396e-06, No Iterations 1
GPU: 2 iters: 0.03744112 s: 12.66525 GB/s
Total exec time 82.60373 Total comm time 18.13553
OGPUBICGS:  Solving for p, Initial residual = 0.1088424, Final residual = 0.0007158648, No Iterations 2
GPU: 46 iters: 0.6146041 s: 17.74578 GB/s
Total exec time 83.21834 Total comm time 18.25819
OGPUBICGS:  Solving for p, Initial residual = 0.001328581, Final residual = 1.240979e-05, No Iterations 46
time step continuity errors : sum local = 2.662116e-12, global = 1.728291e-14, cumulative = -1.196761e-09
Moving mesh time step continuity errors : sum local = 2.662116e-12, global = 1.728291e-14, cumulative = -1.196744e-09
GPU: 32 iters: 0.4352898 s: 17.43027 GB/s
Total exec time 83.65363 Total comm time 18.35162
OGPUBICGS:  Solving for p, Initial residual = 0.0002580293, Final residual = 9.951741e-06, No Iterations 32
GPU: 393 iters: 5.322905 s: 17.50558 GB/s
Total exec time 88.97653 Total comm time 19.55292
OGPUBICGS:  Solving for p, Initial residual = 0.0001009224, Final residual = 9.982509e-08, No Iterations 393
time step continuity errors : sum local = 2.1406e-14, global = -2.131139e-14, cumulative = -1.196765e-09
Moving mesh time step continuity errors : sum local = 2.1406e-14, global = -2.131139e-14, cumulative = -1.196786e-09
smoothSolver:  Solving for k, Initial residual = 0.001156915, Final residual = 1.164927e-09, No Iterations 1
ExecutionTime = 167.26 s  ClockTime = 173 s

Courant Number mean: 7.680615e-05 max: 0.002852245 velocity magnitude: 0.9508172
yForce = 3.097895
Y= -6.818477e-11
Vy= -2.571236e-06
Time = 3.5e-05

GAMGPCG:  Solving for cellDisplacementx, Initial residual = 0, Final residual = 0, No Iterations 0
Total solver time is 0
Total solver time is 0
Total solver time is 0
GAMGPCG:  Solving for cellDisplacementy, Initial residual = 0.3091838, Final residual = 4.629087e-09, No Iterations 1
GAMGPCG:  Solving for cellDisplacementz, Initial residual = 0, Final residual = 0, No Iterations 0
volume continuity errors : volume = 4.535015, max error = 1.119501e-08, sum local = 7.177775e-15, global = -6.734331e-19
smoothSolver:  Solving for Ux, Initial residual = 0.01353618, Final residual = 1.13466e-08, No Iterations 1
smoothSolver:  Solving for Uy, Initial residual = 0.0009622305, Final residual = 1.858425e-08, No Iterations 1
smoothSolver:  Solving for Uz, Initial residual = 0.4290542, Final residual = 5.073082e-06, No Iterations 1
GPU: 1 iters: 0.02543494 s: 9.321845 GB/s
Total exec time 89.00197 Total comm time 19.5582
OGPUBICGS:  Solving for p, Initial residual = 0.09113617, Final residual = 0.0004062048, No Iterations 1
GPU: 23 iters: 0.3224972 s: 16.90965 GB/s
Total exec time 89.32446 Total comm time 19.63302
OGPUBICGS:  Solving for p, Initial residual = 0.0005897377, Final residual = 9.945393e-06, No Iterations 23
time step continuity errors : sum local = 1.959187e-12, global = -6.438833e-14, cumulative = -1.196851e-09
Moving mesh time step continuity errors : sum local = 1.959187e-12, global = -6.438833e-14, cumulative = -1.196915e-09
GPU: 8 iters: 0.1161551 s: 16.32993 GB/s
Total exec time 89.44062 Total comm time 19.65633
OGPUBICGS:  Solving for p, Initial residual = 8.157276e-05, Final residual = 9.051747e-06, No Iterations 8
GPU: 481 iters: 6.481473 s: 17.5956 GB/s
Total exec time 95.92209 Total comm time 21.13239
OGPUBICGS:  Solving for p, Initial residual = 2.863318e-05, Final residual = 9.731875e-08, No Iterations 481
time step continuity errors : sum local = 1.916858e-14, global = -1.144928e-14, cumulative = -1.196927e-09
Moving mesh time step continuity errors : sum local = 1.916858e-14, global = -1.144928e-14, cumulative = -1.196938e-09
smoothSolver:  Solving for k, Initial residual = 0.0009097432, Final residual = 9.452462e-10, No Iterations 1
ExecutionTime = 184.17 s  ClockTime = 190 s

Courant Number mean: 7.680619e-05 max: 0.002849501 velocity magnitude: 0.9499024
yForce = -0.6191656
Y= -8.199686e-11
Vy= -2.9536e-06
Time = 4e-05

GAMGPCG:  Solving for cellDisplacementx, Initial residual = 0, Final residual = 0, No Iterations 0
Total solver time is 0
Total solver time is 0
Total solver time is 0
GAMGPCG:  Solving for cellDisplacementy, Initial residual = 0.2106401, Final residual = 3.575683e-09, No Iterations 1
GAMGPCG:  Solving for cellDisplacementz, Initial residual = 0, Final residual = 0, No Iterations 0
volume continuity errors : volume = 4.535015, max error = 1.267729e-08, sum local = 7.172738e-15, global = 6.895016e-19
smoothSolver:  Solving for Ux, Initial residual = 0.01096062, Final residual = 9.42458e-09, No Iterations 1
smoothSolver:  Solving for Uy, Initial residual = 0.0008052827, Final residual = 1.497632e-08, No Iterations 1
smoothSolver:  Solving for Uz, Initial residual = 0.3155412, Final residual = 4.635898e-06, No Iterations 1
GPU: 1 iters: 0.02463158 s: 9.625878 GB/s
Total exec time 95.94672 Total comm time 21.13628
OGPUBICGS:  Solving for p, Initial residual = 0.07496659, Final residual = 0.0001661974, No Iterations 1
GPU: 8 iters: 0.1127192 s: 16.8277 GB/s
Total exec time 96.05944 Total comm time 21.15606
OGPUBICGS:  Solving for p, Initial residual = 0.0003125178, Final residual = 9.942521e-06, No Iterations 8
time step continuity errors : sum local = 1.819625e-12, global = 1.180439e-14, cumulative = -1.196926e-09
Moving mesh time step continuity errors : sum local = 1.819625e-12, global = 1.180439e-14, cumulative = -1.196915e-09
GPU: 2 iters: 0.03514381 s: 13.49317 GB/s
Total exec time 96.09459 Total comm time 21.16126
OGPUBICGS:  Solving for p, Initial residual = 3.5997e-05, Final residual = 9.32073e-06, No Iterations 2
GPU: 483 iters: 6.480767 s: 17.67069 GB/s
Total exec time 102.5754 Total comm time 22.6223
OGPUBICGS:  Solving for p, Initial residual = 1.523984e-05, Final residual = 9.933994e-08, No Iterations 483
time step continuity errors : sum local = 1.817969e-14, global = 1.815962e-14, cumulative = -1.196896e-09
Moving mesh time step continuity errors : sum local = 1.817969e-14, global = 1.815962e-14, cumulative = -1.196878e-09
smoothSolver:  Solving for k, Initial residual = 0.0007436932, Final residual = 7.921642e-10, No Iterations 1
ExecutionTime = 200.6 s  ClockTime = 207 s

Courant Number mean: 7.680618e-05 max: 0.002846381 velocity magnitude: 0.9488623
yForce = -0.5431788
Y= -9.760346e-11
Vy= -3.289038e-06
Time = 4.5e-05

GAMGPCG:  Solving for cellDisplacementx, Initial residual = 0, Final residual = 0, No Iterations 0
Total solver time is 0
Total solver time is 0
Total solver time is 0
GAMGPCG:  Solving for cellDisplacementy, Initial residual = 0.208029, Final residual = 3.120718e-09, No Iterations 1
GAMGPCG:  Solving for cellDisplacementz, Initial residual = 0, Final residual = 0, No Iterations 0
volume continuity errors : volume = 4.535015, max error = 1.294281e-08, sum local = 7.166434e-15, global = -5.264248e-19
smoothSolver:  Solving for Ux, Initial residual = 0.009363552, Final residual = 8.06494e-09, No Iterations 1
smoothSolver:  Solving for Uy, Initial residual = 0.0006805458, Final residual = 1.242784e-08, No Iterations 1
smoothSolver:  Solving for Uz, Initial residual = 0.4450447, Final residual = 3.563441e-06, No Iterations 1
GPU: 1 iters: 0.03118144 s: 7.603902 GB/s
Total exec time 102.6065 Total comm time 22.63199
OGPUBICGS:  Solving for p, Initial residual = 0.06276806, Final residual = 0.0001263109, No Iterations 1
GPU: 7 iters: 0.1041937 s: 15.92903 GB/s
Total exec time 102.7107 Total comm time 22.65253
OGPUBICGS:  Solving for p, Initial residual = 0.0002335612, Final residual = 9.835874e-06, No Iterations 7
time step continuity errors : sum local = 1.686891e-12, global = 5.427902e-14, cumulative = -1.196824e-09
Moving mesh time step continuity errors : sum local = 1.686891e-12, global = 5.427902e-14, cumulative = -1.19677e-09
GPU: 1 iters: 0.02655181 s: 8.929735 GB/s
Total exec time 102.7373 Total comm time 22.65833
OGPUBICGS:  Solving for p, Initial residual = 2.400765e-05, Final residual = 9.931154e-06, No Iterations 1
GPU: 434 iters: 5.849076 s: 17.59281 GB/s
Total exec time 108.5864 Total comm time 23.95964
OGPUBICGS:  Solving for p, Initial residual = 1.197087e-05, Final residual = 9.870783e-08, No Iterations 434
time step continuity errors : sum local = 1.692819e-14, global = 5.378961e-15, cumulative = -1.196764e-09
Moving mesh time step continuity errors : sum local = 1.692819e-14, global = 5.378961e-15, cumulative = -1.196759e-09
smoothSolver:  Solving for k, Initial residual = 0.0006255971, Final residual = 6.820726e-10, No Iterations 1
ExecutionTime = 216.68 s  ClockTime = 223 s

Courant Number mean: 7.680619e-05 max: 0.00284288 velocity magnitude: 0.9482446
yForce = 0.5012115
Y= -1.132748e-10
Vy= -2.979508e-06
Time = 5e-05

GAMGPCG:  Solving for cellDisplacementx, Initial residual = 0, Final residual = 0, No Iterations 0
Total solver time is 0
Total solver time is 0
Total solver time is 0
GAMGPCG:  Solving for cellDisplacementy, Initial residual = 0.1837501, Final residual = 2.940579e-09, No Iterations 1
GAMGPCG:  Solving for cellDisplacementz, Initial residual = 0, Final residual = 0, No Iterations 0
volume continuity errors : volume = 4.535015, max error = 1.260322e-08, sum local = 7.171998e-15, global = 4.232507e-19
smoothSolver:  Solving for Ux, Initial residual = 0.008280601, Final residual = 7.080729e-09, No Iterations 1
smoothSolver:  Solving for Uy, Initial residual = 0.0005948711, Final residual = 1.058901e-08, No Iterations 1
smoothSolver:  Solving for Uz, Initial residual = 0.2663382, Final residual = 1.316338e-06, No Iterations 1
GPU: 1 iters: 0.02535101 s: 9.35271 GB/s
Total exec time 108.6117 Total comm time 23.96376
OGPUBICGS:  Solving for p, Initial residual = 0.05636537, Final residual = 9.883913e-05, No Iterations 1
GPU: 5 iters: 0.07819434 s: 15.16098 GB/s
Total exec time 108.6899 Total comm time 23.97962
OGPUBICGS:  Solving for p, Initial residual = 0.0001828136, Final residual = 9.543155e-06, No Iterations 5
time step continuity errors : sum local = 1.544242e-12, global = -2.151129e-14, cumulative = -1.19678e-09
Moving mesh time step continuity errors : sum local = 1.544242e-12, global = -2.151129e-14, cumulative = -1.196802e-09
GPU: 1 iters: 0.0247584 s: 9.576573 GB/s
Total exec time 108.7147 Total comm time 23.98365
OGPUBICGS:  Solving for p, Initial residual = 1.940063e-05, Final residual = 8.923198e-06, No Iterations 1
GPU: 214 iters: 2.857388 s: 17.75731 GB/s
Total exec time 111.572 Total comm time 24.60131
OGPUBICGS:  Solving for p, Initial residual = 1.029041e-05, Final residual = 9.861669e-08, No Iterations 214
time step continuity errors : sum local = 1.595742e-14, global = -1.199625e-14, cumulative = -1.196814e-09
Moving mesh time step continuity errors : sum local = 1.595742e-14, global = -1.199625e-14, cumulative = -1.196826e-09
smoothSolver:  Solving for k, Initial residual = 0.0005378842, Final residual = 5.997397e-10, No Iterations 1
ExecutionTime = 229.77 s  ClockTime = 236 s

yForce = -0.1498713
Y= -1.284037e-10
Vy= -3.072057e-06
End

Finalising parallel run
/home-2/vplatonov/bin/nvsingle: line 29: 24661 Segmentation fault      "$@"
/home-2/vplatonov/bin/nvsingle: line 29: 24650 Segmentation fault      "$@"
-------------------------------------------------------
Primary job  terminated normally, but 1 process returned
a non-zero exit code.. Per user-direction, the job has been aborted.
-------------------------------------------------------
--------------------------------------------------------------------------
mpirun detected that one or more processes exited with non-zero status, thus causing
the job to be terminated. The first process to do so was:

  Process name: [[63865,1],16]
  Exit code:    139
--------------------------------------------------------------------------
