 Data for JOB [3375,1] offset 0

 ========================   JOB MAP   ========================

 Data for node: ivb112	Num slots: 6	Max slots: 0	Num procs: 6
 	Process OMPI jobid: [3375,1] App: 0 Process rank: 0
 	Process OMPI jobid: [3375,1] App: 0 Process rank: 1
 	Process OMPI jobid: [3375,1] App: 0 Process rank: 2
 	Process OMPI jobid: [3375,1] App: 0 Process rank: 3
 	Process OMPI jobid: [3375,1] App: 0 Process rank: 4
 	Process OMPI jobid: [3375,1] App: 0 Process rank: 5

 Data for node: ivb113	Num slots: 6	Max slots: 0	Num procs: 6
 	Process OMPI jobid: [3375,1] App: 0 Process rank: 6
 	Process OMPI jobid: [3375,1] App: 0 Process rank: 7
 	Process OMPI jobid: [3375,1] App: 0 Process rank: 8
 	Process OMPI jobid: [3375,1] App: 0 Process rank: 9
 	Process OMPI jobid: [3375,1] App: 0 Process rank: 10
 	Process OMPI jobid: [3375,1] App: 0 Process rank: 11

 =============================================================
[ivb112:21209] MCW rank 0 bound to socket 0[core 0[hwt 0]]: [B/././././././././.][./././././././././.]
[ivb112:21209] MCW rank 1 bound to socket 0[core 1[hwt 0]]: [./B/./././././././.][./././././././././.]
[ivb112:21209] MCW rank 2 bound to socket 0[core 2[hwt 0]]: [././B/././././././.][./././././././././.]
[ivb112:21209] MCW rank 3 bound to socket 0[core 3[hwt 0]]: [./././B/./././././.][./././././././././.]
[ivb112:21209] MCW rank 4 bound to socket 0[core 4[hwt 0]]: [././././B/././././.][./././././././././.]
[ivb112:21209] MCW rank 5 bound to socket 0[core 5[hwt 0]]: [./././././B/./././.][./././././././././.]
[ivb113:39624] MCW rank 11 bound to socket 0[core 5[hwt 0]]: [./././././B/./././.][./././././././././.]
[ivb113:39624] MCW rank 6 bound to socket 0[core 0[hwt 0]]: [B/././././././././.][./././././././././.]
[ivb113:39624] MCW rank 7 bound to socket 0[core 1[hwt 0]]: [./B/./././././././.][./././././././././.]
[ivb113:39624] MCW rank 8 bound to socket 0[core 2[hwt 0]]: [././B/././././././.][./././././././././.]
[ivb113:39624] MCW rank 9 bound to socket 0[core 3[hwt 0]]: [./././B/./././././.][./././././././././.]
[ivb113:39624] MCW rank 10 bound to socket 0[core 4[hwt 0]]: [././././B/././././.][./././././././././.]
0
3
4
5
1
2
0
1
2
3
4
5
/*---------------------------------------------------------------------------*\
| =========                 |                                                 |
| \\      /  F ield         | foam-extend: Open Source CFD                    |
|  \\    /   O peration     | Version:     3.1                                |
|   \\  /    A nd           | Web:         http://www.extend-project.de       |
|    \\/     M anipulation  |                                                 |
\*---------------------------------------------------------------------------*/
Build    : 3.1-e2da948002a2
Exec     : pimpleDyMFoam -parallel
Date     : May 26 2016
Time     : 16:52:16
Host     : ivb112
PID      : 21259
CtrlDict : /home-2/vplatonov/foam/foam-extend-3.1/etc/controlDict
Case     : /home/vplatonov/tests/3D-mesh1-of3.1
nProcs   : 12
Slaves : 
11
(
ivb112.21258
ivb112.21277
ivb112.21265
ivb112.21271
ivb112.21282
ivb113.39680
ivb113.39673
ivb113.39686
ivb113.39672
ivb113.39676
ivb113.39691
)

Pstream initialized with:
    floatTransfer     : 0
    nProcsSimpleSum   : 0
    commsType         : blocking
SigFpe   : Enabling floating point exception trapping (FOAM_SIGFPE).

// * * * * * * * * * * * * * * * * * * * * * * * * * * * * * * * * * * * * * //
Create time

Create dynamic mesh for time = 0

Selecting dynamicFvMesh dynamicMotionSolverFvMesh
Selecting motion solver: displacementLaplacian
Selecting motion diffusion: quadratic
Selecting motion diffusion: inverseDistance
Reading field p

Reading field U

Reading/calculating face flux field phi

Selecting incompressible transport model Newtonian
Selecting turbulence model type LESModel
Selecting LES turbulence model oneEqEddy
oneEqEddyCoeffs
{
    ce              1.048;
    ck              0.094;
}

Reading field rAU if present


Starting time loop

Courant Number mean: 0 max: 0.0007592825 velocity magnitude: 0.4779
Reading old state
Before setting displacements
GAMGPCG:  Solving for cellDisplacementx, Initial residual = 0, Final residual = 0, No Iterations 0
GAMGPCG:  Solving for cellDisplacementy, Initial residual = 0, Final residual = 0, No Iterations 0
GAMGPCG:  Solving for cellDisplacementz, Initial residual = 0, Final residual = 0, No Iterations 0
Time = 5e-06

GAMGPCG:  Solving for cellDisplacementx, Initial residual = 0, Final residual = 0, No Iterations 0
GAMGPCG:  Solving for cellDisplacementy, Initial residual = 0, Final residual = 0, No Iterations 0
GAMGPCG:  Solving for cellDisplacementz, Initial residual = 0, Final residual = 0, No Iterations 0
volume continuity errors : volume = 4.535015, max error = 0, sum local = 0, global = 0
smoothSolver:  Solving for Ux, Initial residual = 1, Final residual = 2.908938e-08, No Iterations 1
smoothSolver:  Solving for Uy, Initial residual = 1, Final residual = 3.336054e-08, No Iterations 1
smoothSolver:  Solving for Uz, Initial residual = 0.9999962, Final residual = 2.828127e-08, No Iterations 1
Created persistent data with name p
Computing AINV with droptol 0.02
GPU: 503 iters: 10.14231 s: 25.46423 GB/s
Total exec time 10.14231
 Total comm time 0.003116896Pre time 0 Post time 0.003116896
SGPUBICGS:  Solving for p, Initial residual = 1, Final residual = 0.009606655, No Iterations 503
Computing AINV with droptol 0.02
GPU: 102 iters: 2.171715 s: 24.11553 GB/s
Total exec time 12.31403
 Total comm time 0.004396672Pre time 0 Post time 0.004396672
SGPUBICGS:  Solving for p, Initial residual = 0.000469882, Final residual = 9.670987e-06, No Iterations 102
time step continuity errors : sum local = 2.173545e-09, global = -1.553696e-09, cumulative = -1.553696e-09
Moving mesh time step continuity errors : sum local = 2.173545e-09, global = -1.553696e-09, cumulative = -3.107393e-09
GPU: 92 iters: 1.946587 s: 24.26685 GB/s
Total exec time 14.26061
 Total comm time 0.00536432Pre time 0 Post time 0.00536432
SGPUBICGS:  Solving for p, Initial residual = 0.0001099759, Final residual = 9.904065e-06, No Iterations 92
GPU: 531 iters: 11.19825 s: 24.3469 GB/s
Total exec time 25.45887
 Total comm time 0.01178029Pre time 0 Post time 0.01178029
SGPUBICGS:  Solving for p, Initial residual = 4.622403e-05, Final residual = 9.88602e-08, No Iterations 531
time step continuity errors : sum local = 2.223301e-11, global = 8.474852e-14, cumulative = -3.107308e-09
Moving mesh time step continuity errors : sum local = 2.223301e-11, global = 8.474852e-14, cumulative = -3.107223e-09
smoothSolver:  Solving for k, Initial residual = 1, Final residual = 1.536238e-11, No Iterations 2
ExecutionTime = 76.79 s  ClockTime = 79 s

Courant Number mean: 7.674853e-05 max: 0.002864566 velocity magnitude: 0.9549244
yForce = -12.67699
Y= -1.957183e-11
Vy= -7.828727e-06
Time = 1e-05

GAMGPCG:  Solving for cellDisplacementx, Initial residual = 0, Final residual = 0, No Iterations 0
Total solver time is 0
Total solver time is 0
Total solver time is 0
GAMGPCG:  Solving for cellDisplacementy, Initial residual = 1, Final residual = 6.449207e-09, No Iterations 1
GAMGPCG:  Solving for cellDisplacementz, Initial residual = 0, Final residual = 0, No Iterations 0
volume continuity errors : volume = 4.535015, max error = 1.032689e-08, sum local = 6.271925e-15, global = 1.907147e-18
smoothSolver:  Solving for Ux, Initial residual = 0.997541, Final residual = 9.190427e-07, No Iterations 1
smoothSolver:  Solving for Uy, Initial residual = 0.3321, Final residual = 2.397219e-06, No Iterations 1
smoothSolver:  Solving for Uz, Initial residual = 0.3213901, Final residual = 8.525126e-07, No Iterations 1
GPU: 533 iters: 11.29347 s: 24.23256 GB/s
Total exec time 36.75234
 Total comm time 0.02047811Pre time 0 Post time 0.02047811
SGPUBICGS:  Solving for p, Initial residual = 0.003644576, Final residual = 1.539952e-05, No Iterations 533
GPU: 126 iters: 2.669484 s: 24.23498 GB/s
Total exec time 39.42182
 Total comm time 0.02195907Pre time 0 Post time 0.02195907
SGPUBICGS:  Solving for p, Initial residual = 0.00136283, Final residual = 1.332588e-05, No Iterations 126
time step continuity errors : sum local = 1.001591e-09, global = 7.301608e-11, cumulative = -3.034207e-09
Moving mesh time step continuity errors : sum local = 1.001591e-09, global = 7.301608e-11, cumulative = -2.961191e-09
GPU: 97 iters: 2.070229 s: 24.05762 GB/s
Total exec time 41.49205
 Total comm time 0.02327184Pre time 0 Post time 0.02327184
SGPUBICGS:  Solving for p, Initial residual = 0.0003123177, Final residual = 8.571798e-06, No Iterations 97
GPU: 538 iters: 11.40751 s: 24.21535 GB/s
Total exec time 52.89956
 Total comm time 0.02893923Pre time 0 Post time 0.02893923
SGPUBICGS:  Solving for p, Initial residual = 0.0001166825, Final residual = 6.274241e-08, No Iterations 538
time step continuity errors : sum local = 4.711226e-12, global = 1.183745e-12, cumulative = -2.960008e-09
Moving mesh time step continuity errors : sum local = 4.711226e-12, global = 1.183745e-12, cumulative = -2.958824e-09
smoothSolver:  Solving for k, Initial residual = 0.008782321, Final residual = 4.940857e-09, No Iterations 1
ExecutionTime = 122.31 s  ClockTime = 125 s

Courant Number mean: 7.675229e-05 max: 0.002857132 velocity magnitude: 0.9524463
yForce = 35.85979
Y= -3.352021e-12
Vy= 1.431663e-05
Time = 1.5e-05

GAMGPCG:  Solving for cellDisplacementx, Initial residual = 0, Final residual = 0, No Iterations 0
Total solver time is 0
Total solver time is 0
Total solver time is 0
GAMGPCG:  Solving for cellDisplacementy, Initial residual = 1, Final residual = 4.873687e-09, No Iterations 1
GAMGPCG:  Solving for cellDisplacementz, Initial residual = 0, Final residual = 0, No Iterations 0
volume continuity errors : volume = 4.535015, max error = 1.117572e-08, sum local = 7.094908e-15, global = 1.242799e-18
smoothSolver:  Solving for Ux, Initial residual = 0.9921561, Final residual = 9.148541e-07, No Iterations 1
smoothSolver:  Solving for Uy, Initial residual = 0.1843656, Final residual = 1.48324e-06, No Iterations 1
smoothSolver:  Solving for Uz, Initial residual = 0.8050499, Final residual = 2.134615e-06, No Iterations 1
GPU: 518 iters: 10.97329 s: 24.23775 GB/s
Total exec time 63.87285
 Total comm time 0.03516656Pre time 0 Post time 0.03516656
SGPUBICGS:  Solving for p, Initial residual = 0.002801473, Final residual = 2.706445e-05, No Iterations 518
GPU: 165 iters: 3.513326 s: 24.11376 GB/s
Total exec time 67.38618
 Total comm time 0.03756115Pre time 0 Post time 0.03756115
SGPUBICGS:  Solving for p, Initial residual = 0.0825915, Final residual = 0.0008082724, No Iterations 165
time step continuity errors : sum local = 3.377534e-10, global = -2.174417e-10, cumulative = -3.176266e-09
Moving mesh time step continuity errors : sum local = 3.377534e-10, global = -2.174417e-10, cumulative = -3.393707e-09
GPU: 507 iters: 10.76103 s: 24.19099 GB/s
Total exec time 78.14721
 Total comm time 0.04249306Pre time 0 Post time 0.04249306
SGPUBICGS:  Solving for p, Initial residual = 0.01893575, Final residual = 0.0001823951, No Iterations 507
GPU: 706 iters: 14.96001 s: 24.23106 GB/s
Total exec time 93.10721
 Total comm time 0.04999238Pre time 0 Post time 0.04999238
SGPUBICGS:  Solving for p, Initial residual = 0.007529077, Final residual = 1.212486e-08, No Iterations 706
time step continuity errors : sum local = 3.827751e-15, global = 1.351614e-15, cumulative = -3.393706e-09
Moving mesh time step continuity errors : sum local = 3.827751e-15, global = 1.351614e-15, cumulative = -3.393705e-09
smoothSolver:  Solving for k, Initial residual = 0.003835444, Final residual = 1.956937e-09, No Iterations 1
ExecutionTime = 180.46 s  ClockTime = 184 s

Courant Number mean: 7.675245e-05 max: 0.002858846 velocity magnitude: 0.9530175
yForce = -24.46759
Y= 3.045594e-11
Vy= -7.934406e-07
Time = 2e-05

GAMGPCG:  Solving for cellDisplacementx, Initial residual = 0, Final residual = 0, No Iterations 0
Total solver time is 0
Total solver time is 0
Total solver time is 0
GAMGPCG:  Solving for cellDisplacementy, Initial residual = 0.9793028, Final residual = 6.894058e-09, No Iterations 1
GAMGPCG:  Solving for cellDisplacementz, Initial residual = 0, Final residual = 0, No Iterations 0
volume continuity errors : volume = 4.535015, max error = 1.119367e-08, sum local = 7.110234e-15, global = -1.162367e-18
smoothSolver:  Solving for Ux, Initial residual = 0.05094963, Final residual = 8.649232e-08, No Iterations 1
smoothSolver:  Solving for Uy, Initial residual = 0.01337502, Final residual = 1.706176e-07, No Iterations 1
smoothSolver:  Solving for Uz, Initial residual = 0.9696166, Final residual = 2.109299e-06, No Iterations 1
GPU: 42 iters: 0.9044049 s: 23.84437 GB/s
Total exec time 94.01162
 Total comm time 0.05053402Pre time 0 Post time 0.05053402
SGPUBICGS:  Solving for p, Initial residual = 0.2263246, Final residual = 0.001965253, No Iterations 42
GPU: 121 iters: 2.582564 s: 24.05657 GB/s
Total exec time 96.59418
 Total comm time 0.05279555Pre time 0 Post time 0.05279555
SGPUBICGS:  Solving for p, Initial residual = 0.01212433, Final residual = 0.0001197167, No Iterations 121
time step continuity errors : sum local = 3.230929e-11, global = -1.364158e-12, cumulative = -3.395069e-09
Moving mesh time step continuity errors : sum local = 3.230929e-11, global = -1.364158e-12, cumulative = -3.396433e-09
GPU: 152 iters: 3.233492 s: 24.13633 GB/s
Total exec time 99.82768
 Total comm time 0.05456678Pre time 0 Post time 0.05456678
SGPUBICGS:  Solving for p, Initial residual = 0.004201534, Final residual = 3.999371e-05, No Iterations 152
GPU: 606 iters: 12.82693 s: 24.25768 GB/s
Total exec time 112.6546
 Total comm time 0.05976486Pre time 0 Post time 0.05976486
SGPUBICGS:  Solving for p, Initial residual = 0.001790424, Final residual = 5.26869e-08, No Iterations 606
time step continuity errors : sum local = 1.416809e-14, global = 1.03212e-14, cumulative = -3.396423e-09
Moving mesh time step continuity errors : sum local = 1.416809e-14, global = 1.03212e-14, cumulative = -3.396412e-09
smoothSolver:  Solving for k, Initial residual = 0.002273278, Final residual = 1.107295e-09, No Iterations 1
ExecutionTime = 218.01 s  ClockTime = 222 s

Courant Number mean: 7.675312e-05 max: 0.002856741 velocity magnitude: 0.952316
yForce = 5.623954
Y= 3.517148e-11
Vy= 2.679655e-06
Time = 2.5e-05

GAMGPCG:  Solving for cellDisplacementx, Initial residual = 0, Final residual = 0, No Iterations 0
Total solver time is 0
Total solver time is 0
Total solver time is 0
GAMGPCG:  Solving for cellDisplacementy, Initial residual = 0.1423004, Final residual = 2.80891e-09, No Iterations 1
GAMGPCG:  Solving for cellDisplacementz, Initial residual = 0, Final residual = 0, No Iterations 0
volume continuity errors : volume = 4.535015, max error = 1.397401e-08, sum local = 7.164706e-15, global = 9.737873e-19
smoothSolver:  Solving for Ux, Initial residual = 0.02709357, Final residual = 3.519685e-08, No Iterations 1
smoothSolver:  Solving for Uy, Initial residual = 0.004518493, Final residual = 6.297464e-08, No Iterations 1
smoothSolver:  Solving for Uz, Initial residual = 0.8098522, Final residual = 1.629526e-06, No Iterations 1
GPU: 9 iters: 0.1999659 s: 23.10925 GB/s
Total exec time 112.8546
 Total comm time 0.05982509Pre time 0 Post time 0.05982509
SGPUBICGS:  Solving for p, Initial residual = 0.1533631, Final residual = 0.001473363, No Iterations 9
GPU: 133 iters: 2.825124 s: 24.17205 GB/s
Total exec time 115.6797
 Total comm time 0.06128234Pre time 0 Post time 0.06128234
SGPUBICGS:  Solving for p, Initial residual = 0.003653692, Final residual = 3.635727e-05, No Iterations 133
time step continuity errors : sum local = 8.642967e-12, global = 2.776326e-13, cumulative = -3.396135e-09
Moving mesh time step continuity errors : sum local = 8.642967e-12, global = 2.776326e-13, cumulative = -3.395857e-09
GPU: 136 iters: 2.886186 s: 24.19435 GB/s
Total exec time 118.5659
 Total comm time 0.06213146Pre time 0 Post time 0.06213146
SGPUBICGS:  Solving for p, Initial residual = 0.0009179331, Final residual = 9.255065e-06, No Iterations 136
GPU: 503 iters: 10.65586 s: 24.23701 GB/s
Total exec time 129.2217
 Total comm time 0.06905366Pre time 0 Post time 0.06905366
SGPUBICGS:  Solving for p, Initial residual = 0.000320057, Final residual = 9.253162e-08, No Iterations 503
time step continuity errors : sum local = 2.195666e-14, global = -1.067027e-14, cumulative = -3.395868e-09
Moving mesh time step continuity errors : sum local = 2.195666e-14, global = -1.067027e-14, cumulative = -3.395878e-09
smoothSolver:  Solving for k, Initial residual = 0.001554876, Final residual = 7.438783e-10, No Iterations 1
ExecutionTime = 252.53 s  ClockTime = 257 s

Courant Number mean: 7.67531e-05 max: 0.002854617 velocity magnitude: 0.9516077
yForce = 3.868687
Y= 5.454256e-11
Vy= 5.068774e-06
Time = 3e-05

GAMGPCG:  Solving for cellDisplacementx, Initial residual = 0, Final residual = 0, No Iterations 0
Total solver time is 0
Total solver time is 0
Total solver time is 0
GAMGPCG:  Solving for cellDisplacementy, Initial residual = 0.4296567, Final residual = 3.060245e-09, No Iterations 1
GAMGPCG:  Solving for cellDisplacementz, Initial residual = 0, Final residual = 0, No Iterations 0
volume continuity errors : volume = 4.535015, max error = 1.212393e-08, sum local = 7.158058e-15, global = 5.314623e-19
smoothSolver:  Solving for Ux, Initial residual = 0.01762474, Final residual = 1.836517e-08, No Iterations 1
smoothSolver:  Solving for Uy, Initial residual = 0.001238285, Final residual = 3.226931e-08, No Iterations 1
smoothSolver:  Solving for Uz, Initial residual = 0.3267511, Final residual = 3.31756e-06, No Iterations 1
GPU: 3 iters: 0.07462272 s: 20.6419 GB/s
Total exec time 129.2964
 Total comm time 0.06907539Pre time 0 Post time 0.06907539
SGPUBICGS:  Solving for p, Initial residual = 0.1088447, Final residual = 0.000726186, No Iterations 3
GPU: 50 iters: 1.068755 s: 24.02102 GB/s
Total exec time 130.3651
 Total comm time 0.06980301Pre time 0 Post time 0.06980301
SGPUBICGS:  Solving for p, Initial residual = 0.001332375, Final residual = 1.071559e-05, No Iterations 50
time step continuity errors : sum local = 2.298853e-12, global = -4.137615e-14, cumulative = -3.39592e-09
Moving mesh time step continuity errors : sum local = 2.298853e-12, global = -4.137615e-14, cumulative = -3.395961e-09
GPU: 33 iters: 0.7116431 s: 23.80955 GB/s
Total exec time 131.0768
 Total comm time 0.07845318Pre time 0 Post time 0.07845318
SGPUBICGS:  Solving for p, Initial residual = 0.0002577499, Final residual = 9.836772e-06, No Iterations 33
GPU: 648 iters: 13.6935 s: 24.29742 GB/s
Total exec time 144.7703
 Total comm time 0.0967496Pre time 0 Post time 0.0967496
SGPUBICGS:  Solving for p, Initial residual = 0.0001005834, Final residual = 9.494658e-08, No Iterations 648
time step continuity errors : sum local = 2.03613e-14, global = -1.426323e-14, cumulative = -3.395975e-09
Moving mesh time step continuity errors : sum local = 2.03613e-14, global = -1.426323e-14, cumulative = -3.39599e-09
smoothSolver:  Solving for k, Initial residual = 0.001156959, Final residual = 5.465248e-10, No Iterations 1
ExecutionTime = 286.35 s  ClockTime = 291 s

Courant Number mean: 7.675326e-05 max: 0.002852248 velocity magnitude: 0.950818
yForce = -4.111628
Y= 7.353852e-11
Vy= 2.529614e-06
Time = 3.5e-05

GAMGPCG:  Solving for cellDisplacementx, Initial residual = 0, Final residual = 0, No Iterations 0
Total solver time is 0
Total solver time is 0
Total solver time is 0
GAMGPCG:  Solving for cellDisplacementy, Initial residual = 0.3242306, Final residual = 2.569477e-09, No Iterations 1
GAMGPCG:  Solving for cellDisplacementz, Initial residual = 0, Final residual = 0, No Iterations 0
volume continuity errors : volume = 4.535015, max error = 1.112362e-08, sum local = 7.15913e-15, global = -9.319912e-19
smoothSolver:  Solving for Ux, Initial residual = 0.01352874, Final residual = 1.448228e-08, No Iterations 1
smoothSolver:  Solving for Uy, Initial residual = 0.0009636302, Final residual = 2.426478e-08, No Iterations 1
smoothSolver:  Solving for Uz, Initial residual = 0.4123082, Final residual = 5.248473e-06, No Iterations 1
GPU: 2 iters: 0.05176208 s: 19.8389 GB/s
Total exec time 144.822
 Total comm time 0.0967657Pre time 0 Post time 0.0967657
SGPUBICGS:  Solving for p, Initial residual = 0.09114192, Final residual = 0.0003994748, No Iterations 2
GPU: 25 iters: 0.5416521 s: 23.6984 GB/s
Total exec time 145.3637
 Total comm time 0.0969239Pre time 0 Post time 0.0969239
SGPUBICGS:  Solving for p, Initial residual = 0.0005780288, Final residual = 9.67492e-06, No Iterations 25
time step continuity errors : sum local = 1.905892e-12, global = -1.196296e-14, cumulative = -3.396002e-09
Moving mesh time step continuity errors : sum local = 1.905892e-12, global = -1.196296e-14, cumulative = -3.396014e-09
GPU: 9 iters: 0.2008206 s: 23.0109 GB/s
Total exec time 145.5645
 Total comm time 0.0969833Pre time 0 Post time 0.0969833
SGPUBICGS:  Solving for p, Initial residual = 8.258609e-05, Final residual = 9.383567e-06, No Iterations 9
GPU: 285 iters: 6.055551 s: 24.16521 GB/s
Total exec time 151.62
 Total comm time 0.09961133Pre time 0 Post time 0.09961133
SGPUBICGS:  Solving for p, Initial residual = 2.939574e-05, Final residual = 8.676793e-08, No Iterations 285
time step continuity errors : sum local = 1.709014e-14, global = -1.229443e-14, cumulative = -3.396026e-09
Moving mesh time step continuity errors : sum local = 1.709014e-14, global = -1.229443e-14, cumulative = -3.396038e-09
smoothSolver:  Solving for k, Initial residual = 0.0009097722, Final residual = 4.377548e-10, No Iterations 1
ExecutionTime = 311.48 s  ClockTime = 316 s

Courant Number mean: 7.675323e-05 max: 0.002849503 velocity magnitude: 0.949903
yForce = 1.415288
Y= 8.837162e-11
Vy= 3.403627e-06
Time = 4e-05

GAMGPCG:  Solving for cellDisplacementx, Initial residual = 0, Final residual = 0, No Iterations 0
Total solver time is 0
Total solver time is 0
Total solver time is 0
GAMGPCG:  Solving for cellDisplacementy, Initial residual = 0.2204545, Final residual = 1.847787e-09, No Iterations 1
GAMGPCG:  Solving for cellDisplacementz, Initial residual = 0, Final residual = 0, No Iterations 0
volume continuity errors : volume = 4.535015, max error = 1.177764e-08, sum local = 7.167459e-15, global = -1.771699e-19
smoothSolver:  Solving for Ux, Initial residual = 0.01095177, Final residual = 1.187312e-08, No Iterations 1
smoothSolver:  Solving for Uy, Initial residual = 0.0008055604, Final residual = 1.942672e-08, No Iterations 1
smoothSolver:  Solving for Uz, Initial residual = 0.3493078, Final residual = 4.772136e-06, No Iterations 1
GPU: 2 iters: 0.05470237 s: 18.77255 GB/s
Total exec time 151.6747
 Total comm time 0.09962691Pre time 0 Post time 0.09962691
SGPUBICGS:  Solving for p, Initial residual = 0.07497274, Final residual = 0.000163374, No Iterations 2
GPU: 9 iters: 0.2040579 s: 22.64585 GB/s
Total exec time 151.8788
 Total comm time 0.09968582Pre time 0 Post time 0.09968582
SGPUBICGS:  Solving for p, Initial residual = 0.000306731, Final residual = 9.499987e-06, No Iterations 9
time step continuity errors : sum local = 1.738558e-12, global = -8.503353e-15, cumulative = -3.396047e-09
Moving mesh time step continuity errors : sum local = 1.738558e-12, global = -8.503353e-15, cumulative = -3.396055e-09
GPU: 2 iters: 0.05309597 s: 19.34051 GB/s
Total exec time 151.9319
 Total comm time 0.09970122Pre time 0 Post time 0.09970122
SGPUBICGS:  Solving for p, Initial residual = 3.622808e-05, Final residual = 9.925989e-06, No Iterations 2
GPU: 171 iters: 3.64117 s: 24.11319 GB/s
Total exec time 155.5731
 Total comm time 0.1007732Pre time 0 Post time 0.1007732
SGPUBICGS:  Solving for p, Initial residual = 1.550518e-05, Final residual = 9.884381e-08, No Iterations 171
time step continuity errors : sum local = 1.808797e-14, global = -1.288793e-14, cumulative = -3.396068e-09
Moving mesh time step continuity errors : sum local = 1.808797e-14, global = -1.288793e-14, cumulative = -3.396081e-09
smoothSolver:  Solving for k, Initial residual = 0.0007437133, Final residual = 3.630124e-10, No Iterations 1
ExecutionTime = 333.38 s  ClockTime = 338 s

Courant Number mean: 7.675326e-05 max: 0.002846383 velocity magnitude: 0.948863
yForce = 0.3522472
Y= 1.059336e-10
Vy= 3.621153e-06
Time = 4.5e-05

GAMGPCG:  Solving for cellDisplacementx, Initial residual = 0, Final residual = 0, No Iterations 0
Total solver time is 0
Total solver time is 0
Total solver time is 0
GAMGPCG:  Solving for cellDisplacementy, Initial residual = 0.2252721, Final residual = 1.697238e-09, No Iterations 1
GAMGPCG:  Solving for cellDisplacementz, Initial residual = 0, Final residual = 0, No Iterations 0
volume continuity errors : volume = 4.535015, max error = 1.121622e-08, sum local = 7.166987e-15, global = 6.027643e-19
smoothSolver:  Solving for Ux, Initial residual = 0.009357162, Final residual = 1.007662e-08, No Iterations 1
smoothSolver:  Solving for Uy, Initial residual = 0.0006805383, Final residual = 1.602589e-08, No Iterations 1
smoothSolver:  Solving for Uz, Initial residual = 0.2127267, Final residual = 2.321064e-06, No Iterations 1
GPU: 2 iters: 0.0534649 s: 19.20705 GB/s
Total exec time 155.6265
 Total comm time 0.1007888Pre time 0 Post time 0.1007888
SGPUBICGS:  Solving for p, Initial residual = 0.06277094, Final residual = 0.0001239282, No Iterations 2
GPU: 8 iters: 0.1808214 s: 22.71641 GB/s
Total exec time 155.8074
 Total comm time 0.1008424Pre time 0 Post time 0.1008424
SGPUBICGS:  Solving for p, Initial residual = 0.0002278913, Final residual = 9.368367e-06, No Iterations 8
time step continuity errors : sum local = 1.606683e-12, global = -1.433745e-14, cumulative = -3.396095e-09
Moving mesh time step continuity errors : sum local = 1.606683e-12, global = -1.433745e-14, cumulative = -3.39611e-09
GPU: 2 iters: 0.05159725 s: 19.90228 GB/s
Total exec time 155.859
 Total comm time 0.1008581Pre time 0 Post time 0.1008581
SGPUBICGS:  Solving for p, Initial residual = 2.411713e-05, Final residual = 9.56751e-06, No Iterations 2
GPU: 210 iters: 4.460389 s: 24.17386 GB/s
Total exec time 160.3193
 Total comm time 0.110754Pre time 0 Post time 0.110754
SGPUBICGS:  Solving for p, Initial residual = 1.172526e-05, Final residual = 9.879746e-08, No Iterations 210
time step continuity errors : sum local = 1.694318e-14, global = -1.26254e-14, cumulative = -3.396122e-09
Moving mesh time step continuity errors : sum local = 1.694318e-14, global = -1.26254e-14, cumulative = -3.396135e-09
smoothSolver:  Solving for k, Initial residual = 0.0006256119, Final residual = 3.112328e-10, No Iterations 1
ExecutionTime = 356.58 s  ClockTime = 361 s

Courant Number mean: 7.675325e-05 max: 0.002842882 velocity magnitude: 0.9482458
yForce = -0.617219
Y= 1.230864e-10
Vy= 3.239982e-06
Time = 5e-05

GAMGPCG:  Solving for cellDisplacementx, Initial residual = 0, Final residual = 0, No Iterations 0
Total solver time is 0
Total solver time is 0
Total solver time is 0
GAMGPCG:  Solving for cellDisplacementy, Initial residual = 0.1918419, Final residual = 1.487942e-09, No Iterations 1
GAMGPCG:  Solving for cellDisplacementz, Initial residual = 0, Final residual = 0, No Iterations 0
volume continuity errors : volume = 4.535015, max error = 1.213885e-08, sum local = 7.160967e-15, global = -7.40155e-19
smoothSolver:  Solving for Ux, Initial residual = 0.008277603, Final residual = 8.762866e-09, No Iterations 1
smoothSolver:  Solving for Uy, Initial residual = 0.0005944221, Final residual = 1.35637e-08, No Iterations 1
smoothSolver:  Solving for Uz, Initial residual = 0.3043758, Final residual = 1.484349e-06, No Iterations 1
GPU: 2 iters: 0.05365795 s: 19.13795 GB/s
Total exec time 160.373
 Total comm time 0.11077Pre time 0 Post time 0.11077
SGPUBICGS:  Solving for p, Initial residual = 0.05636487, Final residual = 9.681079e-05, No Iterations 2
GPU: 6 iters: 0.1374544 s: 22.4126 GB/s
Total exec time 160.5105
 Total comm time 0.1108104Pre time 0 Post time 0.1108104
SGPUBICGS:  Solving for p, Initial residual = 0.0001782911, Final residual = 9.887281e-06, No Iterations 6
time step continuity errors : sum local = 1.599988e-12, global = -1.206007e-14, cumulative = -3.396147e-09
Moving mesh time step continuity errors : sum local = 1.599988e-12, global = -1.206007e-14, cumulative = -3.396159e-09
GPU: 2 iters: 0.05265018 s: 19.50426 GB/s
Total exec time 160.5631
 Total comm time 0.1108258Pre time 0 Post time 0.1108258
SGPUBICGS:  Solving for p, Initial residual = 2.007215e-05, Final residual = 9.116743e-06, No Iterations 2
GPU: 164 iters: 3.472405 s: 24.25006 GB/s
Total exec time 164.0355
 Total comm time 0.1118579Pre time 0 Post time 0.1118579
SGPUBICGS:  Solving for p, Initial residual = 1.058421e-05, Final residual = 9.327679e-08, No Iterations 164
time step continuity errors : sum local = 1.509386e-14, global = -5.227515e-15, cumulative = -3.396164e-09
Moving mesh time step continuity errors : sum local = 1.509386e-14, global = -5.227515e-15, cumulative = -3.396169e-09
smoothSolver:  Solving for k, Initial residual = 0.0005378955, Final residual = 2.738427e-10, No Iterations 1
ExecutionTime = 378.93 s  ClockTime = 384 s

yForce = 0.2645693
Y= 1.396948e-10
Vy= 3.403363e-06
End

Finalising parallel run
