 Data for JOB [58512,1] offset 0

 ========================   JOB MAP   ========================

 Data for node: ivb106	Num slots: 3	Max slots: 0	Num procs: 3
 	Process OMPI jobid: [58512,1] App: 0 Process rank: 0
 	Process OMPI jobid: [58512,1] App: 0 Process rank: 1
 	Process OMPI jobid: [58512,1] App: 0 Process rank: 2

 Data for node: ivb108	Num slots: 3	Max slots: 0	Num procs: 3
 	Process OMPI jobid: [58512,1] App: 0 Process rank: 3
 	Process OMPI jobid: [58512,1] App: 0 Process rank: 4
 	Process OMPI jobid: [58512,1] App: 0 Process rank: 5

 Data for node: ivb109	Num slots: 3	Max slots: 0	Num procs: 3
 	Process OMPI jobid: [58512,1] App: 0 Process rank: 6
 	Process OMPI jobid: [58512,1] App: 0 Process rank: 7
 	Process OMPI jobid: [58512,1] App: 0 Process rank: 8

 Data for node: ivb110	Num slots: 3	Max slots: 0	Num procs: 3
 	Process OMPI jobid: [58512,1] App: 0 Process rank: 9
 	Process OMPI jobid: [58512,1] App: 0 Process rank: 10
 	Process OMPI jobid: [58512,1] App: 0 Process rank: 11

 =============================================================
[ivb106:28418] MCW rank 0 bound to socket 0[core 0[hwt 0]]: [B/././././././././.][./././././././././.]
[ivb106:28418] MCW rank 1 bound to socket 0[core 1[hwt 0]]: [./B/./././././././.][./././././././././.]
[ivb106:28418] MCW rank 2 bound to socket 0[core 2[hwt 0]]: [././B/././././././.][./././././././././.]
[ivb109:29522] MCW rank 6 bound to socket 0[core 0[hwt 0]]: [B/././././././././.][./././././././././.]
[ivb109:29522] MCW rank 7 bound to socket 0[core 1[hwt 0]]: [./B/./././././././.][./././././././././.]
[ivb109:29522] MCW rank 8 bound to socket 0[core 2[hwt 0]]: [././B/././././././.][./././././././././.]
[ivb108:05387] MCW rank 3 bound to socket 0[core 0[hwt 0]]: [B/././././././././.][./././././././././.]
[ivb108:05387] MCW rank 4 bound to socket 0[core 1[hwt 0]]: [./B/./././././././.][./././././././././.]
[ivb108:05387] MCW rank 5 bound to socket 0[core 2[hwt 0]]: [././B/././././././.][./././././././././.]
[ivb110:09311] MCW rank 9 bound to socket 0[core 0[hwt 0]]: [B/././././././././.][./././././././././.]
[ivb110:09311] MCW rank 10 bound to socket 0[core 1[hwt 0]]: [./B/./././././././.][./././././././././.]
[ivb110:09311] MCW rank 11 bound to socket 0[core 2[hwt 0]]: [././B/././././././.][./././././././././.]
0
0
1
2
2
1
2
0
1
1
2
0
/*---------------------------------------------------------------------------*\
| =========                 |                                                 |
| \\      /  F ield         | foam-extend: Open Source CFD                    |
|  \\    /   O peration     | Version:     3.1                                |
|   \\  /    A nd           | Web:         http://www.extend-project.de       |
|    \\/     M anipulation  |                                                 |
\*---------------------------------------------------------------------------*/
Build    : 3.1-e2da948002a2
Exec     : pimpleDyMFoam -parallel
Date     : May 26 2016
Time     : 17:05:20
Host     : ivb106
PID      : 28462
CtrlDict : /home-2/vplatonov/foam/foam-extend-3.1/etc/controlDict
Case     : /home/vplatonov/tests/3D-mesh1-of3.1
nProcs   : 12
Slaves : 
11
(
ivb106.28459
ivb106.28458
ivb108.5418
ivb108.5417
ivb108.5421
ivb109.29551
ivb109.29556
ivb109.29549
ivb110.9346
ivb110.9344
ivb110.9345
)

Pstream initialized with:
    floatTransfer     : 0
    nProcsSimpleSum   : 0
    commsType         : blocking
SigFpe   : Enabling floating point exception trapping (FOAM_SIGFPE).

// * * * * * * * * * * * * * * * * * * * * * * * * * * * * * * * * * * * * * //
Create time

Create dynamic mesh for time = 0

Selecting dynamicFvMesh dynamicMotionSolverFvMesh
Selecting motion solver: displacementLaplacian
Selecting motion diffusion: quadratic
Selecting motion diffusion: inverseDistance
Reading field p

Reading field U

Reading/calculating face flux field phi

Selecting incompressible transport model Newtonian
Selecting turbulence model type LESModel
Selecting LES turbulence model oneEqEddy
oneEqEddyCoeffs
{
    ce              1.048;
    ck              0.094;
}

Reading field rAU if present


Starting time loop

Courant Number mean: 0 max: 0.0007592825 velocity magnitude: 0.4779
Reading old state
Before setting displacements
GAMGPCG:  Solving for cellDisplacementx, Initial residual = 0, Final residual = 0, No Iterations 0
GAMGPCG:  Solving for cellDisplacementy, Initial residual = 0, Final residual = 0, No Iterations 0
GAMGPCG:  Solving for cellDisplacementz, Initial residual = 0, Final residual = 0, No Iterations 0
Time = 5e-06

GAMGPCG:  Solving for cellDisplacementx, Initial residual = 0, Final residual = 0, No Iterations 0
GAMGPCG:  Solving for cellDisplacementy, Initial residual = 0, Final residual = 0, No Iterations 0
GAMGPCG:  Solving for cellDisplacementz, Initial residual = 0, Final residual = 0, No Iterations 0
volume continuity errors : volume = 4.535015, max error = 0, sum local = 0, global = 0
smoothSolver:  Solving for Ux, Initial residual = 1, Final residual = 2.908938e-08, No Iterations 1
smoothSolver:  Solving for Uy, Initial residual = 1, Final residual = 3.336054e-08, No Iterations 1
smoothSolver:  Solving for Uz, Initial residual = 0.9999962, Final residual = 2.828127e-08, No Iterations 1
Created persistent data with name p
Computing AINV with droptol 0.02
GPU: 503 iters: 8.1858 s: 31.5505 GB/s
Total exec time 8.1858
 Total comm time 0.003114784Pre time 0 Post time 0.003114784
SGPUBICGS:  Solving for p, Initial residual = 1, Final residual = 0.009606655, No Iterations 503
Computing AINV with droptol 0.02
GPU: 102 iters: 1.811564 s: 28.90986 GB/s
Total exec time 9.997364
 Total comm time 0.003934336Pre time 0 Post time 0.003934336
SGPUBICGS:  Solving for p, Initial residual = 0.000469882, Final residual = 9.670987e-06, No Iterations 102
time step continuity errors : sum local = 2.173545e-09, global = -1.553696e-09, cumulative = -1.553696e-09
Moving mesh time step continuity errors : sum local = 2.173545e-09, global = -1.553696e-09, cumulative = -3.107393e-09
GPU: 92 iters: 1.667117 s: 28.33486 GB/s
Total exec time 11.66448
 Total comm time 0.01479712Pre time 0 Post time 0.01479712
SGPUBICGS:  Solving for p, Initial residual = 0.0001099759, Final residual = 9.904065e-06, No Iterations 92
GPU: 531 iters: 9.273145 s: 29.40133 GB/s
Total exec time 20.93763
 Total comm time 0.01808115Pre time 0 Post time 0.01808115
SGPUBICGS:  Solving for p, Initial residual = 4.622403e-05, Final residual = 9.88602e-08, No Iterations 531
time step continuity errors : sum local = 2.223301e-11, global = 8.474852e-14, cumulative = -3.107308e-09
Moving mesh time step continuity errors : sum local = 2.223301e-11, global = 8.474852e-14, cumulative = -3.107223e-09
smoothSolver:  Solving for k, Initial residual = 1, Final residual = 1.536238e-11, No Iterations 2
ExecutionTime = 68.6 s  ClockTime = 72 s

Courant Number mean: 7.674853e-05 max: 0.002864566 velocity magnitude: 0.9549244
yForce = -12.67699
Y= -1.957183e-11
Vy= -7.828727e-06
Time = 1e-05

GAMGPCG:  Solving for cellDisplacementx, Initial residual = 0, Final residual = 0, No Iterations 0
Total solver time is 0
Total solver time is 0
Total solver time is 0
GAMGPCG:  Solving for cellDisplacementy, Initial residual = 1, Final residual = 6.449207e-09, No Iterations 1
GAMGPCG:  Solving for cellDisplacementz, Initial residual = 0, Final residual = 0, No Iterations 0
volume continuity errors : volume = 4.535015, max error = 1.032689e-08, sum local = 6.271925e-15, global = 1.907147e-18
smoothSolver:  Solving for Ux, Initial residual = 0.997541, Final residual = 9.190427e-07, No Iterations 1
smoothSolver:  Solving for Uy, Initial residual = 0.3321, Final residual = 2.397219e-06, No Iterations 1
smoothSolver:  Solving for Uz, Initial residual = 0.3213901, Final residual = 8.525126e-07, No Iterations 1
GPU: 533 iters: 9.244388 s: 29.60387 GB/s
Total exec time 30.18201
 Total comm time 0.02137923Pre time 0 Post time 0.02137923
SGPUBICGS:  Solving for p, Initial residual = 0.003644576, Final residual = 1.539952e-05, No Iterations 533
GPU: 126 iters: 2.204454 s: 29.34736 GB/s
Total exec time 32.38647
 Total comm time 0.02216189Pre time 0 Post time 0.02216189
SGPUBICGS:  Solving for p, Initial residual = 0.00136283, Final residual = 1.332588e-05, No Iterations 126
time step continuity errors : sum local = 1.001591e-09, global = 7.301608e-11, cumulative = -3.034207e-09
Moving mesh time step continuity errors : sum local = 1.001591e-09, global = 7.301608e-11, cumulative = -2.961191e-09
GPU: 97 iters: 1.706712 s: 29.18173 GB/s
Total exec time 34.09318
 Total comm time 0.02277584Pre time 0 Post time 0.02277584
SGPUBICGS:  Solving for p, Initial residual = 0.0003123177, Final residual = 8.571798e-06, No Iterations 97
GPU: 538 iters: 9.384378 s: 29.43582 GB/s
Total exec time 43.47756
 Total comm time 0.0262489Pre time 0 Post time 0.0262489
SGPUBICGS:  Solving for p, Initial residual = 0.0001166825, Final residual = 6.274241e-08, No Iterations 538
time step continuity errors : sum local = 4.711226e-12, global = 1.183745e-12, cumulative = -2.960008e-09
Moving mesh time step continuity errors : sum local = 4.711226e-12, global = 1.183745e-12, cumulative = -2.958824e-09
smoothSolver:  Solving for k, Initial residual = 0.008782321, Final residual = 4.940857e-09, No Iterations 1
ExecutionTime = 107.23 s  ClockTime = 111 s

Courant Number mean: 7.675229e-05 max: 0.002857132 velocity magnitude: 0.9524463
yForce = 35.85979
Y= -3.352021e-12
Vy= 1.431663e-05
Time = 1.5e-05

GAMGPCG:  Solving for cellDisplacementx, Initial residual = 0, Final residual = 0, No Iterations 0
Total solver time is 0
Total solver time is 0
Total solver time is 0
GAMGPCG:  Solving for cellDisplacementy, Initial residual = 1, Final residual = 4.873687e-09, No Iterations 1
GAMGPCG:  Solving for cellDisplacementz, Initial residual = 0, Final residual = 0, No Iterations 0
volume continuity errors : volume = 4.535015, max error = 1.117572e-08, sum local = 7.094908e-15, global = 1.242799e-18
smoothSolver:  Solving for Ux, Initial residual = 0.9921561, Final residual = 9.148541e-07, No Iterations 1
smoothSolver:  Solving for Uy, Initial residual = 0.1843656, Final residual = 1.48324e-06, No Iterations 1
smoothSolver:  Solving for Uz, Initial residual = 0.8050499, Final residual = 2.134615e-06, No Iterations 1
GPU: 518 iters: 9.043891 s: 29.40857 GB/s
Total exec time 52.52145
 Total comm time 0.02945658Pre time 0 Post time 0.02945658
SGPUBICGS:  Solving for p, Initial residual = 0.002801473, Final residual = 2.706445e-05, No Iterations 518
GPU: 165 iters: 2.892432 s: 29.29006 GB/s
Total exec time 55.41388
 Total comm time 0.03106822Pre time 0 Post time 0.03106822
SGPUBICGS:  Solving for p, Initial residual = 0.0825915, Final residual = 0.0008082724, No Iterations 165
time step continuity errors : sum local = 3.377534e-10, global = -2.174417e-10, cumulative = -3.176266e-09
Moving mesh time step continuity errors : sum local = 3.377534e-10, global = -2.174417e-10, cumulative = -3.393707e-09
GPU: 507 iters: 8.934857 s: 29.13532 GB/s
Total exec time 64.34874
 Total comm time 0.03431722Pre time 0 Post time 0.03431722
SGPUBICGS:  Solving for p, Initial residual = 0.01893575, Final residual = 0.0001823951, No Iterations 507
GPU: 706 iters: 12.37326 s: 29.29678 GB/s
Total exec time 76.722
 Total comm time 0.04133712Pre time 0 Post time 0.04133712
SGPUBICGS:  Solving for p, Initial residual = 0.007529077, Final residual = 1.212486e-08, No Iterations 706
time step continuity errors : sum local = 3.827751e-15, global = 1.351614e-15, cumulative = -3.393706e-09
Moving mesh time step continuity errors : sum local = 3.827751e-15, global = 1.351614e-15, cumulative = -3.393705e-09
smoothSolver:  Solving for k, Initial residual = 0.003835444, Final residual = 1.956937e-09, No Iterations 1
ExecutionTime = 156.72 s  ClockTime = 161 s

Courant Number mean: 7.675245e-05 max: 0.002858846 velocity magnitude: 0.9530175
yForce = -24.46759
Y= 3.045594e-11
Vy= -7.934406e-07
Time = 2e-05

GAMGPCG:  Solving for cellDisplacementx, Initial residual = 0, Final residual = 0, No Iterations 0
Total solver time is 0
Total solver time is 0
Total solver time is 0
GAMGPCG:  Solving for cellDisplacementy, Initial residual = 0.9793028, Final residual = 6.894058e-09, No Iterations 1
GAMGPCG:  Solving for cellDisplacementz, Initial residual = 0, Final residual = 0, No Iterations 0
volume continuity errors : volume = 4.535015, max error = 1.119367e-08, sum local = 7.110234e-15, global = -1.162367e-18
smoothSolver:  Solving for Ux, Initial residual = 0.05094963, Final residual = 8.649232e-08, No Iterations 1
smoothSolver:  Solving for Uy, Initial residual = 0.01337502, Final residual = 1.706176e-07, No Iterations 1
smoothSolver:  Solving for Uz, Initial residual = 0.9696166, Final residual = 2.109299e-06, No Iterations 1
GPU: 42 iters: 0.749929 s: 28.75601 GB/s
Total exec time 77.47193
 Total comm time 0.04159939Pre time 0 Post time 0.04159939
SGPUBICGS:  Solving for p, Initial residual = 0.2263246, Final residual = 0.001965253, No Iterations 42
GPU: 121 iters: 2.133536 s: 29.11957 GB/s
Total exec time 79.60546
 Total comm time 0.04238122Pre time 0 Post time 0.04238122
SGPUBICGS:  Solving for p, Initial residual = 0.01212433, Final residual = 0.0001197167, No Iterations 121
time step continuity errors : sum local = 3.230929e-11, global = -1.364158e-12, cumulative = -3.395069e-09
Moving mesh time step continuity errors : sum local = 3.230929e-11, global = -1.364158e-12, cumulative = -3.396433e-09
GPU: 152 iters: 2.670992 s: 29.21934 GB/s
Total exec time 82.27646
 Total comm time 0.04333382Pre time 0 Post time 0.04333382
SGPUBICGS:  Solving for p, Initial residual = 0.004201534, Final residual = 3.999371e-05, No Iterations 152
GPU: 606 iters: 10.5626 s: 29.45786 GB/s
Total exec time 92.83906
 Total comm time 0.04710096Pre time 0 Post time 0.04710096
SGPUBICGS:  Solving for p, Initial residual = 0.001790424, Final residual = 5.26869e-08, No Iterations 606
time step continuity errors : sum local = 1.416809e-14, global = 1.03212e-14, cumulative = -3.396423e-09
Moving mesh time step continuity errors : sum local = 1.416809e-14, global = 1.03212e-14, cumulative = -3.396412e-09
smoothSolver:  Solving for k, Initial residual = 0.002273278, Final residual = 1.107295e-09, No Iterations 1
ExecutionTime = 189.38 s  ClockTime = 194 s

Courant Number mean: 7.675312e-05 max: 0.002856741 velocity magnitude: 0.952316
yForce = 5.623954
Y= 3.517148e-11
Vy= 2.679655e-06
Time = 2.5e-05

GAMGPCG:  Solving for cellDisplacementx, Initial residual = 0, Final residual = 0, No Iterations 0
Total solver time is 0
Total solver time is 0
Total solver time is 0
GAMGPCG:  Solving for cellDisplacementy, Initial residual = 0.1423004, Final residual = 2.80891e-09, No Iterations 1
GAMGPCG:  Solving for cellDisplacementz, Initial residual = 0, Final residual = 0, No Iterations 0
volume continuity errors : volume = 4.535015, max error = 1.397401e-08, sum local = 7.164706e-15, global = 9.737873e-19
smoothSolver:  Solving for Ux, Initial residual = 0.02709357, Final residual = 3.519685e-08, No Iterations 1
smoothSolver:  Solving for Uy, Initial residual = 0.004518493, Final residual = 6.297464e-08, No Iterations 1
smoothSolver:  Solving for Uz, Initial residual = 0.8098522, Final residual = 1.629526e-06, No Iterations 1
GPU: 9 iters: 0.1676266 s: 27.56761 GB/s
Total exec time 93.00668
 Total comm time 0.0471607Pre time 0 Post time 0.0471607
SGPUBICGS:  Solving for p, Initial residual = 0.1533631, Final residual = 0.001473363, No Iterations 9
GPU: 133 iters: 2.353599 s: 29.01474 GB/s
Total exec time 95.36028
 Total comm time 0.04798512Pre time 0 Post time 0.04798512
SGPUBICGS:  Solving for p, Initial residual = 0.003653692, Final residual = 3.635727e-05, No Iterations 133
time step continuity errors : sum local = 8.642967e-12, global = 2.776326e-13, cumulative = -3.396135e-09
Moving mesh time step continuity errors : sum local = 8.642967e-12, global = 2.776326e-13, cumulative = -3.395857e-09
GPU: 136 iters: 2.409789 s: 28.9774 GB/s
Total exec time 97.77007
 Total comm time 0.06031027Pre time 0 Post time 0.06031027
SGPUBICGS:  Solving for p, Initial residual = 0.0009179331, Final residual = 9.255065e-06, No Iterations 136
GPU: 503 iters: 8.806285 s: 29.32747 GB/s
Total exec time 106.5764
 Total comm time 0.06365302Pre time 0 Post time 0.06365302
SGPUBICGS:  Solving for p, Initial residual = 0.000320057, Final residual = 9.253162e-08, No Iterations 503
time step continuity errors : sum local = 2.195666e-14, global = -1.067027e-14, cumulative = -3.395868e-09
Moving mesh time step continuity errors : sum local = 2.195666e-14, global = -1.067027e-14, cumulative = -3.395878e-09
smoothSolver:  Solving for k, Initial residual = 0.001554876, Final residual = 7.438783e-10, No Iterations 1
ExecutionTime = 219.29 s  ClockTime = 224 s

Courant Number mean: 7.67531e-05 max: 0.002854617 velocity magnitude: 0.9516077
yForce = 3.868687
Y= 5.454256e-11
Vy= 5.068774e-06
Time = 3e-05

GAMGPCG:  Solving for cellDisplacementx, Initial residual = 0, Final residual = 0, No Iterations 0
Total solver time is 0
Total solver time is 0
Total solver time is 0
GAMGPCG:  Solving for cellDisplacementy, Initial residual = 0.4296567, Final residual = 3.060245e-09, No Iterations 1
GAMGPCG:  Solving for cellDisplacementz, Initial residual = 0, Final residual = 0, No Iterations 0
volume continuity errors : volume = 4.535015, max error = 1.212393e-08, sum local = 7.158058e-15, global = 5.314623e-19
smoothSolver:  Solving for Ux, Initial residual = 0.01762474, Final residual = 1.836517e-08, No Iterations 1
smoothSolver:  Solving for Uy, Initial residual = 0.001238285, Final residual = 3.226931e-08, No Iterations 1
smoothSolver:  Solving for Uz, Initial residual = 0.3267511, Final residual = 3.31756e-06, No Iterations 1
GPU: 3 iters: 0.06145914 s: 25.06307 GB/s
Total exec time 106.6378
 Total comm time 0.06367466Pre time 0 Post time 0.06367466
SGPUBICGS:  Solving for p, Initial residual = 0.1088447, Final residual = 0.000726186, No Iterations 3
GPU: 50 iters: 0.8819233 s: 29.10976 GB/s
Total exec time 107.5197
 Total comm time 0.06442694Pre time 0 Post time 0.06442694
SGPUBICGS:  Solving for p, Initial residual = 0.001332375, Final residual = 1.071559e-05, No Iterations 50
time step continuity errors : sum local = 2.298853e-12, global = -4.137615e-14, cumulative = -3.39592e-09
Moving mesh time step continuity errors : sum local = 2.298853e-12, global = -4.137615e-14, cumulative = -3.395961e-09
GPU: 33 iters: 0.5921299 s: 28.61517 GB/s
Total exec time 108.1119
 Total comm time 0.06463405Pre time 0 Post time 0.06463405
SGPUBICGS:  Solving for p, Initial residual = 0.0002577499, Final residual = 9.836772e-06, No Iterations 33
GPU: 648 iters: 11.36485 s: 29.27592 GB/s
Total exec time 119.4767
 Total comm time 0.07367658Pre time 0 Post time 0.07367658
SGPUBICGS:  Solving for p, Initial residual = 0.0001005834, Final residual = 9.494658e-08, No Iterations 648
time step continuity errors : sum local = 2.03613e-14, global = -1.426323e-14, cumulative = -3.395975e-09
Moving mesh time step continuity errors : sum local = 2.03613e-14, global = -1.426323e-14, cumulative = -3.39599e-09
smoothSolver:  Solving for k, Initial residual = 0.001156959, Final residual = 5.465248e-10, No Iterations 1
ExecutionTime = 248.93 s  ClockTime = 254 s

Courant Number mean: 7.675326e-05 max: 0.002852248 velocity magnitude: 0.950818
yForce = -4.111628
Y= 7.353852e-11
Vy= 2.529614e-06
Time = 3.5e-05

GAMGPCG:  Solving for cellDisplacementx, Initial residual = 0, Final residual = 0, No Iterations 0
Total solver time is 0
Total solver time is 0
Total solver time is 0
GAMGPCG:  Solving for cellDisplacementy, Initial residual = 0.3242306, Final residual = 2.569477e-09, No Iterations 1
GAMGPCG:  Solving for cellDisplacementz, Initial residual = 0, Final residual = 0, No Iterations 0
volume continuity errors : volume = 4.535015, max error = 1.112362e-08, sum local = 7.15913e-15, global = -9.319912e-19
smoothSolver:  Solving for Ux, Initial residual = 0.01352874, Final residual = 1.448228e-08, No Iterations 1
smoothSolver:  Solving for Uy, Initial residual = 0.0009636302, Final residual = 2.426478e-08, No Iterations 1
smoothSolver:  Solving for Uz, Initial residual = 0.4123082, Final residual = 5.248473e-06, No Iterations 1
GPU: 2 iters: 0.04679968 s: 21.94252 GB/s
Total exec time 119.5235
 Total comm time 0.07369213Pre time 0 Post time 0.07369213
SGPUBICGS:  Solving for p, Initial residual = 0.09114192, Final residual = 0.0003994748, No Iterations 2
GPU: 25 iters: 0.4480292 s: 28.65056 GB/s
Total exec time 119.9716
 Total comm time 0.07385021Pre time 0 Post time 0.07385021
SGPUBICGS:  Solving for p, Initial residual = 0.0005780288, Final residual = 9.67492e-06, No Iterations 25
time step continuity errors : sum local = 1.905892e-12, global = -1.196296e-14, cumulative = -3.396002e-09
Moving mesh time step continuity errors : sum local = 1.905892e-12, global = -1.196296e-14, cumulative = -3.396014e-09
GPU: 9 iters: 0.1690382 s: 27.33739 GB/s
Total exec time 120.1406
 Total comm time 0.07390934Pre time 0 Post time 0.07390934
SGPUBICGS:  Solving for p, Initial residual = 8.258609e-05, Final residual = 9.383567e-06, No Iterations 9
GPU: 285 iters: 4.961491 s: 29.49389 GB/s
Total exec time 125.1021
 Total comm time 0.0757639Pre time 0 Post time 0.0757639
SGPUBICGS:  Solving for p, Initial residual = 2.939574e-05, Final residual = 8.676793e-08, No Iterations 285
time step continuity errors : sum local = 1.709014e-14, global = -1.229443e-14, cumulative = -3.396026e-09
Moving mesh time step continuity errors : sum local = 1.709014e-14, global = -1.229443e-14, cumulative = -3.396038e-09
smoothSolver:  Solving for k, Initial residual = 0.0009097722, Final residual = 4.377548e-10, No Iterations 1
ExecutionTime = 271.19 s  ClockTime = 276 s

Courant Number mean: 7.675323e-05 max: 0.002849503 velocity magnitude: 0.949903
yForce = 1.415288
Y= 8.837162e-11
Vy= 3.403627e-06
Time = 4e-05

GAMGPCG:  Solving for cellDisplacementx, Initial residual = 0, Final residual = 0, No Iterations 0
Total solver time is 0
Total solver time is 0
Total solver time is 0
GAMGPCG:  Solving for cellDisplacementy, Initial residual = 0.2204545, Final residual = 1.847787e-09, No Iterations 1
GAMGPCG:  Solving for cellDisplacementz, Initial residual = 0, Final residual = 0, No Iterations 0
volume continuity errors : volume = 4.535015, max error = 1.177764e-08, sum local = 7.167459e-15, global = -1.771699e-19
smoothSolver:  Solving for Ux, Initial residual = 0.01095177, Final residual = 1.187312e-08, No Iterations 1
smoothSolver:  Solving for Uy, Initial residual = 0.0008055604, Final residual = 1.942672e-08, No Iterations 1
smoothSolver:  Solving for Uz, Initial residual = 0.3493078, Final residual = 4.772136e-06, No Iterations 1
GPU: 2 iters: 0.0456977 s: 22.47166 GB/s
Total exec time 125.1478
 Total comm time 0.0757793Pre time 0 Post time 0.0757793
SGPUBICGS:  Solving for p, Initial residual = 0.07497274, Final residual = 0.000163374, No Iterations 2
GPU: 9 iters: 0.1684428 s: 27.43402 GB/s
Total exec time 125.3162
 Total comm time 0.07589168Pre time 0 Post time 0.07589168
SGPUBICGS:  Solving for p, Initial residual = 0.000306731, Final residual = 9.499987e-06, No Iterations 9
time step continuity errors : sum local = 1.738558e-12, global = -8.503353e-15, cumulative = -3.396047e-09
Moving mesh time step continuity errors : sum local = 1.738558e-12, global = -8.503353e-15, cumulative = -3.396055e-09
GPU: 2 iters: 0.04601088 s: 22.3187 GB/s
Total exec time 125.3622
 Total comm time 0.07590707Pre time 0 Post time 0.07590707
SGPUBICGS:  Solving for p, Initial residual = 3.622808e-05, Final residual = 9.925989e-06, No Iterations 2
GPU: 171 iters: 3.002565 s: 29.24173 GB/s
Total exec time 128.3648
 Total comm time 0.07696576Pre time 0 Post time 0.07696576
SGPUBICGS:  Solving for p, Initial residual = 1.550518e-05, Final residual = 9.884381e-08, No Iterations 171
time step continuity errors : sum local = 1.808797e-14, global = -1.288793e-14, cumulative = -3.396068e-09
Moving mesh time step continuity errors : sum local = 1.808797e-14, global = -1.288793e-14, cumulative = -3.396081e-09
smoothSolver:  Solving for k, Initial residual = 0.0007437133, Final residual = 3.630124e-10, No Iterations 1
ExecutionTime = 291.09 s  ClockTime = 296 s

Courant Number mean: 7.675326e-05 max: 0.002846383 velocity magnitude: 0.948863
yForce = 0.3522472
Y= 1.059336e-10
Vy= 3.621153e-06
Time = 4.5e-05

GAMGPCG:  Solving for cellDisplacementx, Initial residual = 0, Final residual = 0, No Iterations 0
Total solver time is 0
Total solver time is 0
Total solver time is 0
GAMGPCG:  Solving for cellDisplacementy, Initial residual = 0.2252721, Final residual = 1.697238e-09, No Iterations 1
GAMGPCG:  Solving for cellDisplacementz, Initial residual = 0, Final residual = 0, No Iterations 0
volume continuity errors : volume = 4.535015, max error = 1.121622e-08, sum local = 7.166987e-15, global = 6.027643e-19
smoothSolver:  Solving for Ux, Initial residual = 0.009357162, Final residual = 1.007662e-08, No Iterations 1
smoothSolver:  Solving for Uy, Initial residual = 0.0006805383, Final residual = 1.602589e-08, No Iterations 1
smoothSolver:  Solving for Uz, Initial residual = 0.2127267, Final residual = 2.321064e-06, No Iterations 1
GPU: 2 iters: 0.04571949 s: 22.46095 GB/s
Total exec time 128.4105
 Total comm time 0.07698141Pre time 0 Post time 0.07698141
SGPUBICGS:  Solving for p, Initial residual = 0.06277094, Final residual = 0.0001239282, No Iterations 2
GPU: 8 iters: 0.1505595 s: 27.28232 GB/s
Total exec time 128.5611
 Total comm time 0.07703443Pre time 0 Post time 0.07703443
SGPUBICGS:  Solving for p, Initial residual = 0.0002278913, Final residual = 9.368367e-06, No Iterations 8
time step continuity errors : sum local = 1.606683e-12, global = -1.433745e-14, cumulative = -3.396095e-09
Moving mesh time step continuity errors : sum local = 1.606683e-12, global = -1.433745e-14, cumulative = -3.39611e-09
GPU: 2 iters: 0.04596672 s: 22.34014 GB/s
Total exec time 128.607
 Total comm time 0.07704992Pre time 0 Post time 0.07704992
SGPUBICGS:  Solving for p, Initial residual = 2.411713e-05, Final residual = 9.56751e-06, No Iterations 2
GPU: 210 iters: 3.681496 s: 29.28832 GB/s
Total exec time 132.2885
 Total comm time 0.07905382Pre time 0 Post time 0.07905382
SGPUBICGS:  Solving for p, Initial residual = 1.172526e-05, Final residual = 9.879746e-08, No Iterations 210
time step continuity errors : sum local = 1.694318e-14, global = -1.26254e-14, cumulative = -3.396122e-09
Moving mesh time step continuity errors : sum local = 1.694318e-14, global = -1.26254e-14, cumulative = -3.396135e-09
smoothSolver:  Solving for k, Initial residual = 0.0006256119, Final residual = 3.112328e-10, No Iterations 1
ExecutionTime = 311.53 s  ClockTime = 317 s

Courant Number mean: 7.675325e-05 max: 0.002842882 velocity magnitude: 0.9482458
yForce = -0.617219
Y= 1.230864e-10
Vy= 3.239982e-06
Time = 5e-05

GAMGPCG:  Solving for cellDisplacementx, Initial residual = 0, Final residual = 0, No Iterations 0
Total solver time is 0
Total solver time is 0
Total solver time is 0
GAMGPCG:  Solving for cellDisplacementy, Initial residual = 0.1918419, Final residual = 1.487942e-09, No Iterations 1
GAMGPCG:  Solving for cellDisplacementz, Initial residual = 0, Final residual = 0, No Iterations 0
volume continuity errors : volume = 4.535015, max error = 1.213885e-08, sum local = 7.160967e-15, global = -7.40155e-19
smoothSolver:  Solving for Ux, Initial residual = 0.008277603, Final residual = 8.762866e-09, No Iterations 1
smoothSolver:  Solving for Uy, Initial residual = 0.0005944221, Final residual = 1.35637e-08, No Iterations 1
smoothSolver:  Solving for Uz, Initial residual = 0.3043758, Final residual = 1.484349e-06, No Iterations 1
GPU: 2 iters: 0.04563171 s: 22.50415 GB/s
Total exec time 132.3342
 Total comm time 0.07906963Pre time 0 Post time 0.07906963
SGPUBICGS:  Solving for p, Initial residual = 0.05636487, Final residual = 9.681079e-05, No Iterations 2
GPU: 6 iters: 0.1178155 s: 26.14858 GB/s
Total exec time 132.452
 Total comm time 0.07910998Pre time 0 Post time 0.07910998
SGPUBICGS:  Solving for p, Initial residual = 0.0001782911, Final residual = 9.887281e-06, No Iterations 6
time step continuity errors : sum local = 1.599988e-12, global = -1.206007e-14, cumulative = -3.396147e-09
Moving mesh time step continuity errors : sum local = 1.599988e-12, global = -1.206007e-14, cumulative = -3.396159e-09
GPU: 2 iters: 0.04690314 s: 21.89412 GB/s
Total exec time 132.4989
 Total comm time 0.07912595Pre time 0 Post time 0.07912595
SGPUBICGS:  Solving for p, Initial residual = 2.007215e-05, Final residual = 9.116743e-06, No Iterations 2
GPU: 164 iters: 2.909554 s: 28.94122 GB/s
Total exec time 135.4084
 Total comm time 0.08412515Pre time 0 Post time 0.08412515
SGPUBICGS:  Solving for p, Initial residual = 1.058421e-05, Final residual = 9.327679e-08, No Iterations 164
time step continuity errors : sum local = 1.509386e-14, global = -5.227515e-15, cumulative = -3.396164e-09
Moving mesh time step continuity errors : sum local = 1.509386e-14, global = -5.227515e-15, cumulative = -3.396169e-09
smoothSolver:  Solving for k, Initial residual = 0.0005378955, Final residual = 2.738427e-10, No Iterations 1
ExecutionTime = 331.55 s  ClockTime = 337 s

yForce = 0.2645693
Y= 1.396948e-10
Vy= 3.403363e-06
End

Finalising parallel run
