 Data for JOB [65208,1] offset 0

 ========================   JOB MAP   ========================

 Data for node: ivb106	Num slots: 6	Max slots: 0	Num procs: 6
 	Process OMPI jobid: [65208,1] App: 0 Process rank: 0
 	Process OMPI jobid: [65208,1] App: 0 Process rank: 1
 	Process OMPI jobid: [65208,1] App: 0 Process rank: 2
 	Process OMPI jobid: [65208,1] App: 0 Process rank: 3
 	Process OMPI jobid: [65208,1] App: 0 Process rank: 4
 	Process OMPI jobid: [65208,1] App: 0 Process rank: 5

 Data for node: ivb108	Num slots: 6	Max slots: 0	Num procs: 6
 	Process OMPI jobid: [65208,1] App: 0 Process rank: 6
 	Process OMPI jobid: [65208,1] App: 0 Process rank: 7
 	Process OMPI jobid: [65208,1] App: 0 Process rank: 8
 	Process OMPI jobid: [65208,1] App: 0 Process rank: 9
 	Process OMPI jobid: [65208,1] App: 0 Process rank: 10
 	Process OMPI jobid: [65208,1] App: 0 Process rank: 11

 Data for node: ivb109	Num slots: 6	Max slots: 0	Num procs: 6
 	Process OMPI jobid: [65208,1] App: 0 Process rank: 12
 	Process OMPI jobid: [65208,1] App: 0 Process rank: 13
 	Process OMPI jobid: [65208,1] App: 0 Process rank: 14
 	Process OMPI jobid: [65208,1] App: 0 Process rank: 15
 	Process OMPI jobid: [65208,1] App: 0 Process rank: 16
 	Process OMPI jobid: [65208,1] App: 0 Process rank: 17

 Data for node: ivb110	Num slots: 6	Max slots: 0	Num procs: 6
 	Process OMPI jobid: [65208,1] App: 0 Process rank: 18
 	Process OMPI jobid: [65208,1] App: 0 Process rank: 19
 	Process OMPI jobid: [65208,1] App: 0 Process rank: 20
 	Process OMPI jobid: [65208,1] App: 0 Process rank: 21
 	Process OMPI jobid: [65208,1] App: 0 Process rank: 22
 	Process OMPI jobid: [65208,1] App: 0 Process rank: 23

 =============================================================
[ivb106:29994] MCW rank 0 bound to socket 0[core 0[hwt 0]]: [B/././././././././.][./././././././././.]
[ivb106:29994] MCW rank 1 bound to socket 0[core 1[hwt 0]]: [./B/./././././././.][./././././././././.]
[ivb106:29994] MCW rank 2 bound to socket 0[core 2[hwt 0]]: [././B/././././././.][./././././././././.]
[ivb106:29994] MCW rank 3 bound to socket 0[core 3[hwt 0]]: [./././B/./././././.][./././././././././.]
[ivb106:29994] MCW rank 4 bound to socket 0[core 4[hwt 0]]: [././././B/././././.][./././././././././.]
[ivb106:29994] MCW rank 5 bound to socket 0[core 5[hwt 0]]: [./././././B/./././.][./././././././././.]
[ivb109:31141] MCW rank 17 bound to socket 0[core 5[hwt 0]]: [./././././B/./././.][./././././././././.]
[ivb109:31141] MCW rank 12 bound to socket 0[core 0[hwt 0]]: [B/././././././././.][./././././././././.]
[ivb108:07013] MCW rank 6 bound to socket 0[core 0[hwt 0]]: [B/././././././././.][./././././././././.]
[ivb109:31141] MCW rank 13 bound to socket 0[core 1[hwt 0]]: [./B/./././././././.][./././././././././.]
[ivb108:07013] MCW rank 7 bound to socket 0[core 1[hwt 0]]: [./B/./././././././.][./././././././././.]
[ivb109:31141] MCW rank 14 bound to socket 0[core 2[hwt 0]]: [././B/././././././.][./././././././././.]
[ivb108:07013] MCW rank 8 bound to socket 0[core 2[hwt 0]]: [././B/././././././.][./././././././././.]
[ivb109:31141] MCW rank 15 bound to socket 0[core 3[hwt 0]]: [./././B/./././././.][./././././././././.]
[ivb108:07013] MCW rank 9 bound to socket 0[core 3[hwt 0]]: [./././B/./././././.][./././././././././.]
[ivb109:31141] MCW rank 16 bound to socket 0[core 4[hwt 0]]: [././././B/././././.][./././././././././.]
[ivb108:07013] MCW rank 10 bound to socket 0[core 4[hwt 0]]: [././././B/././././.][./././././././././.]
[ivb108:07013] MCW rank 11 bound to socket 0[core 5[hwt 0]]: [./././././B/./././.][./././././././././.]
[ivb110:10869] MCW rank 19 bound to socket 0[core 1[hwt 0]]: [./B/./././././././.][./././././././././.]
[ivb110:10869] MCW rank 20 bound to socket 0[core 2[hwt 0]]: [././B/././././././.][./././././././././.]
[ivb110:10869] MCW rank 21 bound to socket 0[core 3[hwt 0]]: [./././B/./././././.][./././././././././.]
[ivb110:10869] MCW rank 22 bound to socket 0[core 4[hwt 0]]: [././././B/././././.][./././././././././.]
[ivb110:10869] MCW rank 23 bound to socket 0[core 5[hwt 0]]: [./././././B/./././.][./././././././././.]
[ivb110:10869] MCW rank 18 bound to socket 0[core 0[hwt 0]]: [B/././././././././.][./././././././././.]
/home-2/vplatonov/bin/nvmps: line 18: CUDEV%CUDEV_N: division by 0 (error token is "CUDEV_N")
/home-2/vplatonov/bin/nvmps: line 18: CUDEV%CUDEV_N: division by 0 (error token is "CUDEV_N")
/home-2/vplatonov/bin/nvmps: line 18: CUDEV%CUDEV_N: division by 0 (error token is "CUDEV_N")
/home-2/vplatonov/bin/nvmps: line 18: CUDEV%CUDEV_N: division by 0 (error token is "CUDEV_N")
/home-2/vplatonov/bin/nvmps: line 18: CUDEV%CUDEV_N: division by 0 (error token is "CUDEV_N")
/home-2/vplatonov/bin/nvmps: line 18: CUDEV%CUDEV_N: division by 0 (error token is "CUDEV_N")
/home-2/vplatonov/bin/nvmps: line 18: CUDEV%CUDEV_N: division by 0 (error token is "CUDEV_N")
/home-2/vplatonov/bin/nvmps: line 18: CUDEV%CUDEV_N: division by 0 (error token is "CUDEV_N")
/home-2/vplatonov/bin/nvmps: line 18: CUDEV%CUDEV_N: division by 0 (error token is "CUDEV_N")
/home-2/vplatonov/bin/nvmps: line 18: CUDEV%CUDEV_N: division by 0 (error token is "CUDEV_N")
/home-2/vplatonov/bin/nvmps: line 18: CUDEV%CUDEV_N: division by 0 (error token is "CUDEV_N")
/home-2/vplatonov/bin/nvmps: line 18: CUDEV%CUDEV_N: division by 0 (error token is "CUDEV_N")
/bin/bash: line 1: 1: command not found
/home-2/vplatonov/bin/nvmps: line 18: CUDEV%CUDEV_N: division by 0 (error token is "CUDEV_N")
/home-2/vplatonov/bin/nvmps: line 18: CUDEV%CUDEV_N: division by 0 (error token is "CUDEV_N")
/home-2/vplatonov/bin/nvmps: line 18: CUDEV%CUDEV_N: division by 0 (error token is "CUDEV_N")
/home-2/vplatonov/bin/nvmps: line 18: CUDEV%CUDEV_N: division by 0 (error token is "CUDEV_N")
/home-2/vplatonov/bin/nvmps: line 18: CUDEV%CUDEV_N: division by 0 (error token is "CUDEV_N")
/home-2/vplatonov/bin/nvmps: line 18: CUDEV%CUDEV_N: division by 0 (error token is "CUDEV_N")
/bin/bash: line 2: 2: command not found
/bin/bash: line 1: 1: command not found
/home-2/vplatonov/bin/nvmps: line 18: CUDEV%CUDEV_N: division by 0 (error token is "CUDEV_N")
/home-2/vplatonov/bin/nvmps: line 18: CUDEV%CUDEV_N: division by 0 (error token is "CUDEV_N")
/bin/bash: line 3: 3: command not found
/home-2/vplatonov/bin/nvmps: line 18: CUDEV%CUDEV_N: division by 0 (error token is "CUDEV_N")
/home-2/vplatonov/bin/nvmps: line 18: CUDEV%CUDEV_N: division by 0 (error token is "CUDEV_N")
/home-2/vplatonov/bin/nvmps: line 18: CUDEV%CUDEV_N: division by 0 (error token is "CUDEV_N")
/home-2/vplatonov/bin/nvmps: line 18: CUDEV%CUDEV_N: division by 0 (error token is "CUDEV_N")
/bin/bash: line 2: 2: command not found
/bin/bash: line 4: 4: command not found
/bin/bash: line 1: 1: command not found
/bin/bash: line 3: 3: command not found
/bin/bash: line 2: 2: command not found
/bin/bash: line 4: 4: command not found
mkdir: cannot create directory ‘/tmp/nvidia-mps-vplatonov-0’: File exists
/bin/bash: line 3: 3: command not found
/bin/bash: line 1: 1: command not found
/bin/bash: line 2: 2: command not found
/bin/bash: line 3: 3: command not found
/bin/bash: line 4: 4: command not found
/bin/bash: line 1: 1: command not found
/bin/bash: line 4: 4: command not found
mkdir: cannot create directory ‘/tmp/nvidia-mps-vplatonov-0’: File exists
/bin/bash: line 1: 1: command not found
/bin/bash: line 2: 2: command not found
/bin/bash: line 3: 3: command not found
/bin/bash: line 4: 4: command not found
mkdir: cannot create directory ‘/tmp/nvidia-mps-vplatonov-0’: File exists
/bin/bash: line 1: 1: command not found
/bin/bash: line 2: 2: command not found
/bin/bash: line 3: 3: command not found
mkdir: cannot create directory ‘/tmp/nvidia-mps-vplatonov-0’: File exists
/bin/bash: line 1: 1: command not found
/bin/bash: line 4: 4: command not found
/bin/bash: line 2: 2: command not found
/bin/bash: line 2: 2: command not found
/bin/bash: line 3: 3: command not found
/bin/bash: line 4: 4: command not found
mkdir: cannot create directory ‘/tmp/nvidia-mps-vplatonov-0’: File exists
/bin/bash: line 1: 1: command not found
/bin/bash: line 2: 2: command not found
/bin/bash: line 3: 3: command not found
/bin/bash: line 4: 4: command not found
mkdir: cannot create directory ‘/tmp/nvidia-mps-vplatonov-0’: File exists
mkdir: cannot create directory ‘/tmp/nvidia-mps-vplatonov-0’: File exists
/bin/bash: line 1: 1: command not found
/bin/bash: line 1: 1: command not found
/bin/bash: line 2: 2: command not found
/bin/bash: line 3: 3: command not found
/bin/bash: line 2: 2: command not found
/bin/bash: line 3: 3: command not found
/bin/bash: line 4: 4: command not found
/bin/bash: line 3: 3: command not found
/bin/bash: line 4: 4: command not found
mkdir: cannot create directory ‘/tmp/nvidia-mps-vplatonov-0’: File exists
/bin/bash: line 1: 1: command not found
/bin/bash: line 2: 2: command not found
/bin/bash: line 3: 3: command not found
/bin/bash: line 4: 4: command not found
mkdir: cannot create directory ‘/tmp/nvidia-mps-vplatonov-0’: File exists
mkdir: cannot create directory ‘/tmp/nvidia-mps-vplatonov-0’: File exists
/bin/bash: line 4: 4: command not found
/bin/bash: line 1: 1: command not found
/bin/bash: line 1: 1: command not found
/bin/bash: line 2: 2: command not found
/bin/bash: line 2: 2: command not found
/bin/bash: line 3: 3: command not found
/bin/bash: line 4: 4: command not found
/bin/bash: line 3: 3: command not found
/bin/bash: line 4: 4: command not found
mkdir: cannot create directory ‘/tmp/nvidia-mps-vplatonov-0’: File exists
/bin/bash: line 1: 1: command not found
/bin/bash: line 2: 2: command not found
mkdir: cannot create directory ‘/tmp/nvidia-mps-vplatonov-0’: File exists
/bin/bash: line 1: 1: command not found
/bin/bash: line 3: 3: command not found
/bin/bash: line 2: 2: command not found
/bin/bash: line 4: 4: command not found
/bin/bash: line 3: 3: command not found
/bin/bash: line 4: 4: command not found
mkdir: cannot create directory ‘/tmp/nvidia-mps-vplatonov-0’: File exists
/bin/bash: line 1: 1: command not found
/bin/bash: line 2: 2: command not found
/bin/bash: line 3: 3: command not found
mkdir: cannot create directory ‘/tmp/nvidia-mps-vplatonov-0’: File exists
/bin/bash: line 4: 4: command not found
/bin/bash: line 1: 1: command not found
/bin/bash: line 2: 2: command not found
/bin/bash: line 3: 3: command not found
mkdir: cannot create directory ‘/tmp/nvidia-mps-vplatonov-0’: File exists
/bin/bash: line 4: 4: command not found
/bin/bash: line 1: 1: command not found
/bin/bash: line 2: 2: command not found
mkdir: cannot create directory ‘/tmp/nvidia-mps-vplatonov-0’: File exists
/bin/bash: line 3: 3: command not found
/bin/bash: line 1: 1: command not found
/bin/bash: line 2: 2: command not found
/bin/bash: line 4: 4: command not found
/bin/bash: line 3: 3: command not found
/bin/bash: line 4: 4: command not found
mkdir: cannot create directory ‘/tmp/nvidia-mps-vplatonov-0’: File exists
mkdir: cannot create directory ‘/tmp/nvidia-mps-vplatonov-0’: File exists
/bin/bash: line 1: 1: command not found
/bin/bash: line 1: 1: command not found
/bin/bash: line 2: 2: command not found
/bin/bash: line 3: 3: command not found
/bin/bash: line 2: 2: command not found
/bin/bash: line 4: 4: command not found
/bin/bash: line 3: 3: command not found
/bin/bash: line 4: 4: command not found
mkdir: cannot create directory ‘/tmp/nvidia-mps-vplatonov-0’: File exists
/bin/bash: line 1: 1: command not found
/bin/bash: line 2: 2: command not found
/bin/bash: line 3: 3: command not found
/bin/bash: line 4: 4: command not found
mkdir: cannot create directory ‘/tmp/nvidia-mps-vplatonov-0’: File exists
/bin/bash: line 1: 1: command not found
/bin/bash: line 2: 2: command not found
/bin/bash: line 3: 3: command not found
/bin/bash: line 4: 4: command not found
/*---------------------------------------------------------------------------*\
| =========                 |                                                 |
| \\      /  F ield         | foam-extend: Open Source CFD                    |
|  \\    /   O peration     | Version:     3.1                                |
|   \\  /    A nd           | Web:         http://www.extend-project.de       |
|    \\/     M anipulation  |                                                 |
\*---------------------------------------------------------------------------*/
Build    : 3.1-e2da948002a2
Exec     : pimpleDyMFoam -parallel
Date     : May 26 2016
Time     : 17:57:57
Host     : ivb106
PID      : 30084
CtrlDict : /home-2/vplatonov/foam/foam-extend-3.1/etc/controlDict
Case     : /home/vplatonov/tests/3D-mesh1-of3.1
nProcs   : 24
Slaves : 
23
(
ivb106.30053
ivb106.30076
ivb106.30091
ivb106.30060
ivb106.30068
ivb108.7078
ivb108.7086
ivb108.7055
ivb108.7093
ivb108.7070
ivb108.7062
ivb109.31206
ivb109.31183
ivb109.31221
ivb109.31198
ivb109.31214
ivb109.31190
ivb110.10927
ivb110.10919
ivb110.10912
ivb110.10935
ivb110.10943
ivb110.10950
)

Pstream initialized with:
    floatTransfer     : 0
    nProcsSimpleSum   : 0
    commsType         : blocking
SigFpe   : Enabling floating point exception trapping (FOAM_SIGFPE).

// * * * * * * * * * * * * * * * * * * * * * * * * * * * * * * * * * * * * * //
Create time

Create dynamic mesh for time = 0

Selecting dynamicFvMesh dynamicMotionSolverFvMesh
Selecting motion solver: displacementLaplacian
Selecting motion diffusion: quadratic
Selecting motion diffusion: inverseDistance
Reading field p

Reading field U

Reading/calculating face flux field phi

Selecting incompressible transport model Newtonian
Selecting turbulence model type LESModel
Selecting LES turbulence model oneEqEddy
oneEqEddyCoeffs
{
    ce              1.048;
    ck              0.094;
}

Reading field rAU if present


Starting time loop

Courant Number mean: 0 max: 0.0007592825 velocity magnitude: 0.4779
Reading old state
Before setting displacements
GAMGPCG:  Solving for cellDisplacementx, Initial residual = 0, Final residual = 0, No Iterations 0
GAMGPCG:  Solving for cellDisplacementy, Initial residual = 0, Final residual = 0, No Iterations 0
GAMGPCG:  Solving for cellDisplacementz, Initial residual = 0, Final residual = 0, No Iterations 0
Time = 5e-06

GAMGPCG:  Solving for cellDisplacementx, Initial residual = 0, Final residual = 0, No Iterations 0
GAMGPCG:  Solving for cellDisplacementy, Initial residual = 0, Final residual = 0, No Iterations 0
GAMGPCG:  Solving for cellDisplacementz, Initial residual = 0, Final residual = 0, No Iterations 0
volume continuity errors : volume = 4.535015, max error = 0, sum local = 0, global = 0
smoothSolver:  Solving for Ux, Initial residual = 1, Final residual = 3.764172e-08, No Iterations 1
smoothSolver:  Solving for Uy, Initial residual = 1, Final residual = 4.611591e-08, No Iterations 1
smoothSolver:  Solving for Uz, Initial residual = 0.9999962, Final residual = 4.046585e-08, No Iterations 1
Created persistent data with name p
Computing AINV with droptol 0.02
GPU: 511 iters: 17.98943 s: 6.734979 GB/s
Total exec time 17.98943
 Total comm time 0.08663946Pre time 0 Post time 0.08663946
SGPUBICGS:  Solving for p, Initial residual = 1, Final residual = 0.004034979, No Iterations 511
Computing AINV with droptol 0.02
GPU: 160 iters: 5.693167 s: 6.663444 GB/s
Total exec time 23.68259
 Total comm time 0.1209788Pre time 0 Post time 0.1209788
SGPUBICGS:  Solving for p, Initial residual = 0.0004590949, Final residual = 9.921791e-06, No Iterations 160
time step continuity errors : sum local = 2.228598e-09, global = -1.494362e-09, cumulative = -1.494362e-09
Moving mesh time step continuity errors : sum local = 2.228598e-09, global = -1.494362e-09, cumulative = -2.988724e-09
GPU: 43 iters: 1.546465 s: 6.592666 GB/s
Total exec time 25.22906
 Total comm time 0.1292075Pre time 0 Post time 0.1292075
SGPUBICGS:  Solving for p, Initial residual = 0.0001105374, Final residual = 9.900758e-06, No Iterations 43
GPU: 505 iters: 17.86994 s: 6.700402 GB/s
Total exec time 43.099
 Total comm time 0.2496825Pre time 0 Post time 0.2496825
SGPUBICGS:  Solving for p, Initial residual = 4.602209e-05, Final residual = 9.673825e-08, No Iterations 505
time step continuity errors : sum local = 2.174393e-11, global = -3.293399e-12, cumulative = -2.992017e-09
Moving mesh time step continuity errors : sum local = 2.174393e-11, global = -3.293399e-12, cumulative = -2.995311e-09
smoothSolver:  Solving for k, Initial residual = 1, Final residual = 2.567148e-11, No Iterations 2
ExecutionTime = 72.96 s  ClockTime = 76 s

Courant Number mean: 7.680077e-05 max: 0.002864385 velocity magnitude: 0.954864
yForce = -2.843401
Y= -4.389886e-12
Vy= -1.755953e-06
Time = 1e-05

GAMGPCG:  Solving for cellDisplacementx, Initial residual = 0, Final residual = 0, No Iterations 0
Total solver time is 0
Total solver time is 0
Total solver time is 0
GAMGPCG:  Solving for cellDisplacementy, Initial residual = 1, Final residual = 1.160981e-08, No Iterations 1
GAMGPCG:  Solving for cellDisplacementz, Initial residual = 0, Final residual = 0, No Iterations 0
volume continuity errors : volume = 4.535015, max error = 1.396025e-08, sum local = 6.211924e-15, global = 7.553345e-19
smoothSolver:  Solving for Ux, Initial residual = 0.9975262, Final residual = 1.332871e-06, No Iterations 1
smoothSolver:  Solving for Uy, Initial residual = 0.3331596, Final residual = 2.477029e-06, No Iterations 1
smoothSolver:  Solving for Uz, Initial residual = 0.333612, Final residual = 9.31081e-07, No Iterations 1
GPU: 499 iters: 17.66753 s: 6.696646 GB/s
Total exec time 60.76653
 Total comm time 0.3773224Pre time 0 Post time 0.3773224
SGPUBICGS:  Solving for p, Initial residual = 0.003644876, Final residual = 3.282214e-05, No Iterations 499
GPU: 191 iters: 6.777572 s: 6.681776 GB/s
Total exec time 67.54411
 Total comm time 0.4201842Pre time 0 Post time 0.4201842
SGPUBICGS:  Solving for p, Initial residual = 0.001402168, Final residual = 1.376725e-05, No Iterations 191
time step continuity errors : sum local = 1.030585e-09, global = 8.216692e-10, cumulative = -2.173641e-09
Moving mesh time step continuity errors : sum local = 1.030585e-09, global = 8.216692e-10, cumulative = -1.351972e-09
GPU: 355 iters: 12.56027 s: 6.701344 GB/s
Total exec time 80.10438
 Total comm time 0.4924346Pre time 0 Post time 0.4924346
SGPUBICGS:  Solving for p, Initial residual = 0.0003143298, Final residual = 8.981118e-06, No Iterations 355
GPU: 462 iters: 16.3548 s: 6.697759 GB/s
Total exec time 96.45918
 Total comm time 0.6018399Pre time 0 Post time 0.6018399
SGPUBICGS:  Solving for p, Initial residual = 0.000117242, Final residual = 8.199822e-08, No Iterations 462
time step continuity errors : sum local = 6.150492e-12, global = 4.117492e-12, cumulative = -1.347855e-09
Moving mesh time step continuity errors : sum local = 6.150492e-12, global = 4.117492e-12, cumulative = -1.343737e-09
smoothSolver:  Solving for k, Initial residual = 0.008783074, Final residual = 8.029114e-09, No Iterations 1
ExecutionTime = 136.34 s  ClockTime = 140 s

Courant Number mean: 7.680541e-05 max: 0.002857118 velocity magnitude: 0.9524417
yForce = 8.470602
Y= -9.200129e-14
Vy= 3.475103e-06
Time = 1.5e-05

GAMGPCG:  Solving for cellDisplacementx, Initial residual = 0, Final residual = 0, No Iterations 0
Total solver time is 0
Total solver time is 0
Total solver time is 0
GAMGPCG:  Solving for cellDisplacementy, Initial residual = 1, Final residual = 8.87308e-09, No Iterations 1
GAMGPCG:  Solving for cellDisplacementz, Initial residual = 0, Final residual = 0, No Iterations 0
volume continuity errors : volume = 4.535015, max error = 1.393234e-08, sum local = 6.918363e-15, global = -3.177471e-18
smoothSolver:  Solving for Ux, Initial residual = 0.9921651, Final residual = 1.328078e-06, No Iterations 1
smoothSolver:  Solving for Uy, Initial residual = 0.1836678, Final residual = 1.459934e-06, No Iterations 1
smoothSolver:  Solving for Uz, Initial residual = 0.8573636, Final residual = 2.532307e-06, No Iterations 1
GPU: 490 iters: 17.37651 s: 6.685998 GB/s
Total exec time 113.8357
 Total comm time 0.7471007Pre time 0 Post time 0.7471007
SGPUBICGS:  Solving for p, Initial residual = 0.002801437, Final residual = 2.767003e-05, No Iterations 490
GPU: 405 iters: 14.36895 s: 6.682867 GB/s
Total exec time 128.2046
 Total comm time 0.8616893Pre time 0 Post time 0.8616893
SGPUBICGS:  Solving for p, Initial residual = 0.05519005, Final residual = 0.000482789, No Iterations 405
time step continuity errors : sum local = 3.030032e-10, global = -2.754578e-10, cumulative = -1.619195e-09
Moving mesh time step continuity errors : sum local = 3.030032e-10, global = -2.754578e-10, cumulative = -1.894653e-09
GPU: 416 iters: 14.73547 s: 6.693633 GB/s
Total exec time 142.9401
 Total comm time 0.9671589Pre time 0 Post time 0.9671589
SGPUBICGS:  Solving for p, Initial residual = 0.01641715, Final residual = 0.0001457516, No Iterations 416
GPU: 801 iters: 28.43403 s: 6.679235 GB/s
Total exec time 171.3741
 Total comm time 1.133881Pre time 0 Post time 1.133881
SGPUBICGS:  Solving for p, Initial residual = 0.007374862, Final residual = 3.512695e-08, No Iterations 801
time step continuity errors : sum local = 1.151908e-14, global = 7.390417e-16, cumulative = -1.894652e-09
Moving mesh time step continuity errors : sum local = 1.151908e-14, global = 7.390417e-16, cumulative = -1.894651e-09
smoothSolver:  Solving for k, Initial residual = 0.003835665, Final residual = 3.56726e-09, No Iterations 1
ExecutionTime = 221.39 s  ClockTime = 225 s

Courant Number mean: 7.68053e-05 max: 0.002858865 velocity magnitude: 0.9530238
yForce = -5.234389
Y= 9.202201e-12
Vy= 2.425807e-07
Time = 2e-05

GAMGPCG:  Solving for cellDisplacementx, Initial residual = 0, Final residual = 0, No Iterations 0
Total solver time is 0
Total solver time is 0
Total solver time is 0
GAMGPCG:  Solving for cellDisplacementy, Initial residual = 0.9110192, Final residual = 1.151551e-08, No Iterations 1
GAMGPCG:  Solving for cellDisplacementz, Initial residual = 0, Final residual = 0, No Iterations 0
volume continuity errors : volume = 4.535015, max error = 1.119583e-08, sum local = 6.965993e-15, global = 5.944451e-18
smoothSolver:  Solving for Ux, Initial residual = 0.05300833, Final residual = 8.925608e-08, No Iterations 1
smoothSolver:  Solving for Uy, Initial residual = 0.0134495, Final residual = 1.543086e-07, No Iterations 1
smoothSolver:  Solving for Uz, Initial residual = 0.9798964, Final residual = 3.301921e-06, No Iterations 1
Computing AINV with droptol 0.02
GPU: 44 iters: 1.579143 s: 6.606383 GB/s
Total exec time 172.9533
 Total comm time 1.138868Pre time 0 Post time 1.138868
SGPUBICGS:  Solving for p, Initial residual = 0.2246087, Final residual = 0.002197928, No Iterations 44
GPU: 128 iters: 4.55437 s: 6.663683 GB/s
Total exec time 177.5077
 Total comm time 1.163633Pre time 0 Post time 1.163633
SGPUBICGS:  Solving for p, Initial residual = 0.01233207, Final residual = 0.0001215232, No Iterations 128
time step continuity errors : sum local = 3.308682e-11, global = -7.223101e-12, cumulative = -1.901874e-09
Moving mesh time step continuity errors : sum local = 3.308682e-11, global = -7.223101e-12, cumulative = -1.909097e-09
GPU: 245 iters: 8.714049 s: 6.666207 GB/s
Total exec time 186.2217
 Total comm time 1.234921Pre time 0 Post time 1.234921
SGPUBICGS:  Solving for p, Initial residual = 0.004186654, Final residual = 3.986183e-05, No Iterations 245
GPU: 621 iters: 21.98881 s: 6.696108 GB/s
Total exec time 208.2105
 Total comm time 1.394712Pre time 0 Post time 1.394712
SGPUBICGS:  Solving for p, Initial residual = 0.001784625, Final residual = 4.625051e-08, No Iterations 621
time step continuity errors : sum local = 1.251495e-14, global = -6.607944e-16, cumulative = -1.909098e-09
Moving mesh time step continuity errors : sum local = 1.251495e-14, global = -6.607944e-16, cumulative = -1.909099e-09
smoothSolver:  Solving for k, Initial residual = 0.002273361, Final residual = 2.173179e-09, No Iterations 1
ExecutionTime = 268.49 s  ClockTime = 272 s

Courant Number mean: 7.680588e-05 max: 0.002856741 velocity magnitude: 0.9523159
yForce = 0.2003319
Y= 1.072439e-11
Vy= 3.662961e-07
Time = 2.5e-05

GAMGPCG:  Solving for cellDisplacementx, Initial residual = 0, Final residual = 0, No Iterations 0
Total solver time is 0
Total solver time is 0
Total solver time is 0
GAMGPCG:  Solving for cellDisplacementy, Initial residual = 0.1392718, Final residual = 5.295352e-09, No Iterations 1
GAMGPCG:  Solving for cellDisplacementz, Initial residual = 0, Final residual = 0, No Iterations 0
volume continuity errors : volume = 4.535015, max error = 1.208138e-08, sum local = 7.088497e-15, global = -1.426924e-18
smoothSolver:  Solving for Ux, Initial residual = 0.02755051, Final residual = 3.202038e-08, No Iterations 1
smoothSolver:  Solving for Uy, Initial residual = 0.004577944, Final residual = 5.445322e-08, No Iterations 1
smoothSolver:  Solving for Uz, Initial residual = 0.7286883, Final residual = 2.908145e-06, No Iterations 1
GPU: 9 iters: 0.3438236 s: 6.206396 GB/s
Total exec time 208.5543
 Total comm time 1.39843Pre time 0 Post time 1.39843
SGPUBICGS:  Solving for p, Initial residual = 0.1530534, Final residual = 0.001481074, No Iterations 9
GPU: 163 iters: 5.786074 s: 6.679383 GB/s
Total exec time 214.3404
 Total comm time 1.439979Pre time 0 Post time 1.439979
SGPUBICGS:  Solving for p, Initial residual = 0.003709553, Final residual = 3.69611e-05, No Iterations 163
time step continuity errors : sum local = 8.808951e-12, global = 1.385707e-12, cumulative = -1.907713e-09
Moving mesh time step continuity errors : sum local = 8.808951e-12, global = 1.385707e-12, cumulative = -1.906327e-09
GPU: 205 iters: 7.280064 s: 6.676538 GB/s
Total exec time 221.6205
 Total comm time 1.479469Pre time 0 Post time 1.479469
SGPUBICGS:  Solving for p, Initial residual = 0.0009369735, Final residual = 9.671081e-06, No Iterations 205
GPU: 471 iters: 16.70792 s: 6.683919 GB/s
Total exec time 238.3284
 Total comm time 1.58218Pre time 0 Post time 1.58218
SGPUBICGS:  Solving for p, Initial residual = 0.0003286276, Final residual = 9.618793e-08, No Iterations 471
time step continuity errors : sum local = 2.286866e-14, global = 5.84915e-15, cumulative = -1.906322e-09
Moving mesh time step continuity errors : sum local = 2.286866e-14, global = 5.84915e-15, cumulative = -1.906316e-09
smoothSolver:  Solving for k, Initial residual = 0.001554918, Final residual = 1.530435e-09, No Iterations 1
ExecutionTime = 308.65 s  ClockTime = 312 s

Courant Number mean: 7.6806e-05 max: 0.002854617 velocity magnitude: 0.9516077
yForce = 1.288227
Y= 1.454475e-11
Vy= 1.161845e-06
Time = 3e-05

GAMGPCG:  Solving for cellDisplacementx, Initial residual = 0, Final residual = 0, No Iterations 0
Total solver time is 0
Total solver time is 0
Total solver time is 0
GAMGPCG:  Solving for cellDisplacementy, Initial residual = 0.3088634, Final residual = 4.54769e-09, No Iterations 1
GAMGPCG:  Solving for cellDisplacementz, Initial residual = 0, Final residual = 0, No Iterations 0
volume continuity errors : volume = 4.535015, max error = 1.213826e-08, sum local = 7.067848e-15, global = -1.045638e-18
smoothSolver:  Solving for Ux, Initial residual = 0.01762273, Final residual = 1.435492e-08, No Iterations 1
smoothSolver:  Solving for Uy, Initial residual = 0.001241026, Final residual = 2.461394e-08, No Iterations 1
smoothSolver:  Solving for Uz, Initial residual = 0.4033278, Final residual = 3.771591e-06, No Iterations 1
GPU: 3 iters: 0.1288373 s: 5.520929 GB/s
Total exec time 238.4572
 Total comm time 1.582194Pre time 0 Post time 1.582194
SGPUBICGS:  Solving for p, Initial residual = 0.1088514, Final residual = 0.000864155, No Iterations 3
GPU: 46 iters: 1.653558 s: 6.595853 GB/s
Total exec time 240.1108
 Total comm time 1.591707Pre time 0 Post time 1.591707
SGPUBICGS:  Solving for p, Initial residual = 0.001479262, Final residual = 1.458776e-05, No Iterations 46
time step continuity errors : sum local = 3.129628e-12, global = 1.559312e-14, cumulative = -1.9063e-09
Moving mesh time step continuity errors : sum local = 3.129628e-12, global = 1.559312e-14, cumulative = -1.906285e-09
GPU: 46 iters: 1.653684 s: 6.595352 GB/s
Total exec time 241.7645
 Total comm time 1.606108Pre time 0 Post time 1.606108
SGPUBICGS:  Solving for p, Initial residual = 0.0002623404, Final residual = 8.928574e-06, No Iterations 46
GPU: 530 iters: 18.77512 s: 6.693075 GB/s
Total exec time 260.5396
 Total comm time 1.712724Pre time 0 Post time 1.712724
SGPUBICGS:  Solving for p, Initial residual = 0.0001008864, Final residual = 8.219609e-08, No Iterations 530
time step continuity errors : sum local = 1.762626e-14, global = -6.998582e-15, cumulative = -1.906292e-09
Moving mesh time step continuity errors : sum local = 1.762626e-14, global = -6.998582e-15, cumulative = -1.906299e-09
smoothSolver:  Solving for k, Initial residual = 0.001156984, Final residual = 1.164963e-09, No Iterations 1
ExecutionTime = 341.06 s  ClockTime = 345 s

Courant Number mean: 7.68061e-05 max: 0.002852248 velocity magnitude: 0.950818
yForce = -0.8838917
Y= 1.898934e-11
Vy= 6.159927e-07
Time = 3.5e-05

GAMGPCG:  Solving for cellDisplacementx, Initial residual = 0, Final residual = 0, No Iterations 0
Total solver time is 0
Total solver time is 0
Total solver time is 0
GAMGPCG:  Solving for cellDisplacementy, Initial residual = 0.2871886, Final residual = 4.274561e-09, No Iterations 1
GAMGPCG:  Solving for cellDisplacementz, Initial residual = 0, Final residual = 0, No Iterations 0
volume continuity errors : volume = 4.535015, max error = 1.306683e-08, sum local = 7.072127e-15, global = -6.493086e-19
smoothSolver:  Solving for Ux, Initial residual = 0.01353353, Final residual = 1.13502e-08, No Iterations 1
smoothSolver:  Solving for Uy, Initial residual = 0.00096113, Final residual = 1.858053e-08, No Iterations 1
smoothSolver:  Solving for Uz, Initial residual = 0.3865834, Final residual = 4.092329e-06, No Iterations 1
GPU: 2 iters: 0.09665843 s: 4.905948 GB/s
Total exec time 260.6363
 Total comm time 1.712734Pre time 0 Post time 1.712734
SGPUBICGS:  Solving for p, Initial residual = 0.09114267, Final residual = 0.0006432935, No Iterations 2
GPU: 26 iters: 0.9471511 s: 6.508588 GB/s
Total exec time 261.5834
 Total comm time 1.722789Pre time 0 Post time 1.722789
SGPUBICGS:  Solving for p, Initial residual = 0.0008379096, Final residual = 9.679819e-06, No Iterations 26
time step continuity errors : sum local = 1.907094e-12, global = -2.656471e-14, cumulative = -1.906325e-09
Moving mesh time step continuity errors : sum local = 1.907094e-12, global = -2.656471e-14, cumulative = -1.906352e-09
GPU: 9 iters: 0.3425844 s: 6.228845 GB/s
Total exec time 261.926
 Total comm time 1.724925Pre time 0 Post time 1.724925
SGPUBICGS:  Solving for p, Initial residual = 8.426082e-05, Final residual = 9.918172e-06, No Iterations 9
GPU: 559 iters: 19.83374 s: 6.682515 GB/s
Total exec time 281.7597
 Total comm time 1.873321Pre time 0 Post time 1.873321
SGPUBICGS:  Solving for p, Initial residual = 3.015457e-05, Final residual = 6.035099e-08, No Iterations 559
time step continuity errors : sum local = 1.188734e-14, global = -7.682625e-15, cumulative = -1.906359e-09
Moving mesh time step continuity errors : sum local = 1.188734e-14, global = -7.682625e-15, cumulative = -1.906367e-09
smoothSolver:  Solving for k, Initial residual = 0.0009097883, Final residual = 9.452553e-10, No Iterations 1
ExecutionTime = 372.5 s  ClockTime = 376 s

Courant Number mean: 7.680614e-05 max: 0.002849503 velocity magnitude: 0.949903
yForce = 0.1730619
Y= 2.233649e-11
Vy= 7.228668e-07
Time = 4e-05

GAMGPCG:  Solving for cellDisplacementx, Initial residual = 0, Final residual = 0, No Iterations 0
Total solver time is 0
Total solver time is 0
Total solver time is 0
GAMGPCG:  Solving for cellDisplacementy, Initial residual = 0.1900515, Final residual = 3.226336e-09, No Iterations 1
GAMGPCG:  Solving for cellDisplacementz, Initial residual = 0, Final residual = 0, No Iterations 0
volume continuity errors : volume = 4.535015, max error = 1.343772e-08, sum local = 7.081498e-15, global = 2.023743e-18
smoothSolver:  Solving for Ux, Initial residual = 0.01095631, Final residual = 9.425778e-09, No Iterations 1
smoothSolver:  Solving for Uy, Initial residual = 0.0008060722, Final residual = 1.498788e-08, No Iterations 1
smoothSolver:  Solving for Uz, Initial residual = 0.3778994, Final residual = 4.477699e-06, No Iterations 1
GPU: 2 iters: 0.09711789 s: 4.882738 GB/s
Total exec time 281.8569
 Total comm time 1.873777Pre time 0 Post time 1.873777
SGPUBICGS:  Solving for p, Initial residual = 0.07497189, Final residual = 0.0002758737, No Iterations 2
GPU: 10 iters: 0.3751952 s: 6.319394 GB/s
Total exec time 282.232
 Total comm time 1.875164Pre time 0 Post time 1.875164
SGPUBICGS:  Solving for p, Initial residual = 0.0004223766, Final residual = 9.483057e-06, No Iterations 10
time step continuity errors : sum local = 1.73561e-12, global = -4.246324e-15, cumulative = -1.906371e-09
Moving mesh time step continuity errors : sum local = 1.73561e-12, global = -4.246324e-15, cumulative = -1.906375e-09
GPU: 3 iters: 0.1298 s: 5.479982 GB/s
Total exec time 282.3618
 Total comm time 1.876619Pre time 0 Post time 1.876619
SGPUBICGS:  Solving for p, Initial residual = 3.621337e-05, Final residual = 9.120641e-06, No Iterations 3
GPU: 287 iters: 10.14673 s: 6.706388 GB/s
Total exec time 292.5086
 Total comm time 1.923689Pre time 0 Post time 1.923689
SGPUBICGS:  Solving for p, Initial residual = 1.513867e-05, Final residual = 9.738947e-08, No Iterations 287
time step continuity errors : sum local = 1.782266e-14, global = 1.467053e-14, cumulative = -1.906361e-09
Moving mesh time step continuity errors : sum local = 1.782266e-14, global = 1.467053e-14, cumulative = -1.906346e-09
smoothSolver:  Solving for k, Initial residual = 0.0007437245, Final residual = 7.921664e-10, No Iterations 1
ExecutionTime = 393.24 s  ClockTime = 397 s

Courant Number mean: 7.680616e-05 max: 0.002846383 velocity magnitude: 0.948863
yForce = 0.1619465
Y= 2.620085e-11
Vy= 8.228764e-07
Time = 4.5e-05

GAMGPCG:  Solving for cellDisplacementx, Initial residual = 0, Final residual = 0, No Iterations 0
Total solver time is 0
Total solver time is 0
Total solver time is 0
GAMGPCG:  Solving for cellDisplacementy, Initial residual = 0.1942695, Final residual = 3.025576e-09, No Iterations 1
GAMGPCG:  Solving for cellDisplacementz, Initial residual = 0, Final residual = 0, No Iterations 0
volume continuity errors : volume = 4.535015, max error = 1.250362e-08, sum local = 7.072939e-15, global = 5.327494e-20
smoothSolver:  Solving for Ux, Initial residual = 0.009362803, Final residual = 8.066293e-09, No Iterations 1
smoothSolver:  Solving for Uy, Initial residual = 0.0006805031, Final residual = 1.24337e-08, No Iterations 1
smoothSolver:  Solving for Uz, Initial residual = 0.4232126, Final residual = 3.880077e-06, No Iterations 1
GPU: 2 iters: 0.09712909 s: 4.882175 GB/s
Total exec time 292.6057
 Total comm time 1.923699Pre time 0 Post time 1.923699
SGPUBICGS:  Solving for p, Initial residual = 0.06276996, Final residual = 0.0001970582, No Iterations 2
GPU: 8 iters: 0.3045248 s: 6.228736 GB/s
Total exec time 292.9102
 Total comm time 1.924434Pre time 0 Post time 1.924434
SGPUBICGS:  Solving for p, Initial residual = 0.0003028401, Final residual = 9.665859e-06, No Iterations 8
time step continuity errors : sum local = 1.657802e-12, global = 4.466706e-14, cumulative = -1.906301e-09
Moving mesh time step continuity errors : sum local = 1.657802e-12, global = 4.466706e-14, cumulative = -1.906257e-09
GPU: 2 iters: 0.09408842 s: 5.039953 GB/s
Total exec time 293.0043
 Total comm time 1.924841Pre time 0 Post time 1.924841
SGPUBICGS:  Solving for p, Initial residual = 2.410451e-05, Final residual = 9.775271e-06, No Iterations 2
GPU: 397 iters: 14.10707 s: 6.672465 GB/s
Total exec time 307.1114
 Total comm time 2.02829Pre time 0 Post time 2.02829
SGPUBICGS:  Solving for p, Initial residual = 1.17978e-05, Final residual = 9.936151e-08, No Iterations 397
time step continuity errors : sum local = 1.704056e-14, global = 1.634636e-15, cumulative = -1.906255e-09
Moving mesh time step continuity errors : sum local = 1.704056e-14, global = 1.634636e-15, cumulative = -1.906254e-09
smoothSolver:  Solving for k, Initial residual = 0.00062562, Final residual = 6.820776e-10, No Iterations 1
ExecutionTime = 417.94 s  ClockTime = 422 s

Courant Number mean: 7.680616e-05 max: 0.002842882 velocity magnitude: 0.9482457
yForce = -0.1505564
Y= 3.008279e-11
Vy= 7.298985e-07
Time = 5e-05

GAMGPCG:  Solving for cellDisplacementx, Initial residual = 0, Final residual = 0, No Iterations 0
Total solver time is 0
Total solver time is 0
Total solver time is 0
GAMGPCG:  Solving for cellDisplacementy, Initial residual = 0.1724916, Final residual = 2.696536e-09, No Iterations 1
GAMGPCG:  Solving for cellDisplacementz, Initial residual = 0, Final residual = 0, No Iterations 0
volume continuity errors : volume = 4.535015, max error = 1.258812e-08, sum local = 7.069429e-15, global = -8.353513e-19
smoothSolver:  Solving for Ux, Initial residual = 0.008279999, Final residual = 7.082691e-09, No Iterations 1
smoothSolver:  Solving for Uy, Initial residual = 0.0005952685, Final residual = 1.05933e-08, No Iterations 1
smoothSolver:  Solving for Uz, Initial residual = 0.3726954, Final residual = 1.899712e-06, No Iterations 1
GPU: 2 iters: 0.09345728 s: 5.073989 GB/s
Total exec time 307.2048
 Total comm time 2.028914Pre time 0 Post time 2.028914
SGPUBICGS:  Solving for p, Initial residual = 0.05636732, Final residual = 0.0001687175, No Iterations 2
GPU: 6 iters: 0.2379581 s: 5.978379 GB/s
Total exec time 307.4428
 Total comm time 2.030765Pre time 0 Post time 2.030765
SGPUBICGS:  Solving for p, Initial residual = 0.0002511423, Final residual = 9.066998e-06, No Iterations 6
time step continuity errors : sum local = 1.467211e-12, global = -2.316299e-14, cumulative = -1.906277e-09
Moving mesh time step continuity errors : sum local = 1.467211e-12, global = -2.316299e-14, cumulative = -1.9063e-09
GPU: 1 iters: 0.05882262 s: 4.030772 GB/s
Total exec time 307.5016
 Total comm time 2.03113Pre time 0 Post time 2.03113
SGPUBICGS:  Solving for p, Initial residual = 1.899854e-05, Final residual = 9.629042e-06, No Iterations 1
GPU: 249 iters: 8.836438 s: 6.681205 GB/s
Total exec time 316.3381
 Total comm time 2.082172Pre time 0 Post time 2.082172
SGPUBICGS:  Solving for p, Initial residual = 1.069304e-05, Final residual = 9.626867e-08, No Iterations 249
time step continuity errors : sum local = 1.55776e-14, global = -8.551859e-15, cumulative = -1.906308e-09
Moving mesh time step continuity errors : sum local = 1.55776e-14, global = -8.551859e-15, cumulative = -1.906317e-09
smoothSolver:  Solving for k, Initial residual = 0.0005379016, Final residual = 5.997492e-10, No Iterations 1
ExecutionTime = 437.33 s  ClockTime = 441 s

yForce = 0.05142902
Y= 3.381168e-11
Vy= 7.616575e-07
End

Finalising parallel run
/home-2/vplatonov/bin/nvmps: line 33: 10950 Segmentation fault      "$@"
-------------------------------------------------------
Primary job  terminated normally, but 1 process returned
a non-zero exit code.. Per user-direction, the job has been aborted.
-------------------------------------------------------
slurmstepd: *** JOB 8153 ON ivb106 CANCELLED AT 2016-05-26T18:15:02 DUE TO TIME LIMIT ***
--------------------------------------------------------------------------
mpirun detected that one or more processes exited with non-zero status, thus causing
the job to be terminated. The first process to do so was:

  Process name: [[65208,1],23]
  Exit code:    139
--------------------------------------------------------------------------
