 Data for JOB [49081,1] offset 0

 ========================   JOB MAP   ========================

 Data for node: ivb110	Num slots: 12	Max slots: 0	Num procs: 12
 	Process OMPI jobid: [49081,1] App: 0 Process rank: 0
 	Process OMPI jobid: [49081,1] App: 0 Process rank: 1
 	Process OMPI jobid: [49081,1] App: 0 Process rank: 2
 	Process OMPI jobid: [49081,1] App: 0 Process rank: 3
 	Process OMPI jobid: [49081,1] App: 0 Process rank: 4
 	Process OMPI jobid: [49081,1] App: 0 Process rank: 5
 	Process OMPI jobid: [49081,1] App: 0 Process rank: 6
 	Process OMPI jobid: [49081,1] App: 0 Process rank: 7
 	Process OMPI jobid: [49081,1] App: 0 Process rank: 8
 	Process OMPI jobid: [49081,1] App: 0 Process rank: 9
 	Process OMPI jobid: [49081,1] App: 0 Process rank: 10
 	Process OMPI jobid: [49081,1] App: 0 Process rank: 11

 Data for node: ivb111	Num slots: 12	Max slots: 0	Num procs: 12
 	Process OMPI jobid: [49081,1] App: 0 Process rank: 12
 	Process OMPI jobid: [49081,1] App: 0 Process rank: 13
 	Process OMPI jobid: [49081,1] App: 0 Process rank: 14
 	Process OMPI jobid: [49081,1] App: 0 Process rank: 15
 	Process OMPI jobid: [49081,1] App: 0 Process rank: 16
 	Process OMPI jobid: [49081,1] App: 0 Process rank: 17
 	Process OMPI jobid: [49081,1] App: 0 Process rank: 18
 	Process OMPI jobid: [49081,1] App: 0 Process rank: 19
 	Process OMPI jobid: [49081,1] App: 0 Process rank: 20
 	Process OMPI jobid: [49081,1] App: 0 Process rank: 21
 	Process OMPI jobid: [49081,1] App: 0 Process rank: 22
 	Process OMPI jobid: [49081,1] App: 0 Process rank: 23

 =============================================================
[ivb110:08641] MCW rank 1 bound to socket 0[core 1[hwt 0]]: [./B/./././././././.][./././././././././.]
[ivb110:08641] MCW rank 2 bound to socket 0[core 2[hwt 0]]: [././B/././././././.][./././././././././.]
[ivb110:08641] MCW rank 3 bound to socket 0[core 3[hwt 0]]: [./././B/./././././.][./././././././././.]
[ivb110:08641] MCW rank 4 bound to socket 0[core 4[hwt 0]]: [././././B/././././.][./././././././././.]
[ivb110:08641] MCW rank 5 bound to socket 0[core 5[hwt 0]]: [./././././B/./././.][./././././././././.]
[ivb110:08641] MCW rank 6 bound to socket 0[core 6[hwt 0]]: [././././././B/././.][./././././././././.]
[ivb110:08641] MCW rank 7 bound to socket 0[core 7[hwt 0]]: [./././././././B/./.][./././././././././.]
[ivb110:08641] MCW rank 8 bound to socket 0[core 8[hwt 0]]: [././././././././B/.][./././././././././.]
[ivb110:08641] MCW rank 9 bound to socket 0[core 9[hwt 0]]: [./././././././././B][./././././././././.]
[ivb110:08641] MCW rank 10 bound to socket 1[core 10[hwt 0]]: [./././././././././.][B/././././././././.]
[ivb110:08641] MCW rank 11 bound to socket 1[core 11[hwt 0]]: [./././././././././.][./B/./././././././.]
[ivb110:08641] MCW rank 0 bound to socket 0[core 0[hwt 0]]: [B/././././././././.][./././././././././.]
[ivb111:06784] MCW rank 17 bound to socket 0[core 5[hwt 0]]: [./././././B/./././.][./././././././././.]
[ivb111:06784] MCW rank 18 bound to socket 0[core 6[hwt 0]]: [././././././B/././.][./././././././././.]
[ivb111:06784] MCW rank 19 bound to socket 0[core 7[hwt 0]]: [./././././././B/./.][./././././././././.]
[ivb111:06784] MCW rank 20 bound to socket 0[core 8[hwt 0]]: [././././././././B/.][./././././././././.]
[ivb111:06784] MCW rank 21 bound to socket 0[core 9[hwt 0]]: [./././././././././B][./././././././././.]
[ivb111:06784] MCW rank 22 bound to socket 1[core 10[hwt 0]]: [./././././././././.][B/././././././././.]
[ivb111:06784] MCW rank 23 bound to socket 1[core 11[hwt 0]]: [./././././././././.][./B/./././././././.]
[ivb111:06784] MCW rank 12 bound to socket 0[core 0[hwt 0]]: [B/././././././././.][./././././././././.]
[ivb111:06784] MCW rank 13 bound to socket 0[core 1[hwt 0]]: [./B/./././././././.][./././././././././.]
[ivb111:06784] MCW rank 14 bound to socket 0[core 2[hwt 0]]: [././B/././././././.][./././././././././.]
[ivb111:06784] MCW rank 15 bound to socket 0[core 3[hwt 0]]: [./././B/./././././.][./././././././././.]
[ivb111:06784] MCW rank 16 bound to socket 0[core 4[hwt 0]]: [././././B/././././.][./././././././././.]
/*---------------------------------------------------------------------------*\
| =========                 |                                                 |
| \\      /  F ield         | foam-extend: Open Source CFD                    |
|  \\    /   O peration     | Version:     3.1                                |
|   \\  /    A nd           | Web:         http://www.extend-project.de       |
|    \\/     M anipulation  |                                                 |
\*---------------------------------------------------------------------------*/
Build    : 3.1-e2da948002a2
Exec     : interFoam -parallel
Date     : May 20 2016
Time     : 17:50:06
Host     : ivb110
PID      : 8715
CtrlDict : /home-2/vplatonov/foam/foam-extend-3.1/etc/controlDict
Case     : /home/vplatonov/tests/rt12mln
nProcs   : 24
Slaves : 
23
(
ivb110.8705
ivb110.8709
ivb110.8717
ivb110.8725
ivb110.8732
ivb110.8744
ivb110.8747
ivb110.8749
ivb110.8735
ivb110.8741
ivb110.8738
ivb111.6857
ivb111.6855
ivb111.6860
ivb111.6863
ivb111.6872
ivb111.6875
ivb111.6878
ivb111.6881
ivb111.6884
ivb111.6886
ivb111.6866
ivb111.6869
)

Pstream initialized with:
    floatTransfer     : 0
    nProcsSimpleSum   : 0
    commsType         : blocking
SigFpe   : Enabling floating point exception trapping (FOAM_SIGFPE).

// * * * * * * * * * * * * * * * * * * * * * * * * * * * * * * * * * * * * * //
Create time

Create mesh for time = 0


Reading g
Reading field pd

Reading field alpha1

Reading field U

Reading/calculating face flux field phi

Reading transportProperties

Selecting incompressible transport model Newtonian
Selecting incompressible transport model Newtonian
Calculating field g.h

Selecting turbulence model type laminar
time step continuity errors : sum local = 0, global = 0, cumulative = 0
Created persistent data with name pcorr
SGPUPCG:  Solving for pcorr, Initial residual = 0, Final residual = 0, No Iterations 0
time step continuity errors : sum local = 0, global = 0, cumulative = 0
Courant Number mean: 0 max: 0 velocity magnitude: 0

Starting time loop

Courant Number mean: 0 max: 0 velocity magnitude: 0
Time = 0.001

MULES: Solving for alpha1
Liquid phase volume fraction = 0.00275421  Min(alpha1) = 0  Max(alpha1) = 1
MULES: Solving for alpha1
Liquid phase volume fraction = 0.00275421  Min(alpha1) = 0  Max(alpha1) = 1
Created persistent data with name pd
Computing AINV with droptol 0.02
GPU: 7 iters: 0.171827 s: 9.59899 GB/s
SGPUPCG:  Solving for pd, Initial residual = 1, Final residual = 0.0430394, No Iterations 7
Computing AINV with droptol 0.02
GPU: 180 iters: 3.20065 s: 13.2511 GB/s
SGPUPCG:  Solving for pd, Initial residual = 0.0260729, Final residual = 0.00129822, No Iterations 180
GPU: 915 iters: 16.1261 s: 13.3694 GB/s
SGPUPCG:  Solving for pd, Initial residual = 0.00735365, Final residual = 9.74867e-08, No Iterations 915
time step continuity errors : sum local = 7.26738e-12, global = -3.58973e-24, cumulative = -3.58973e-24
ExecutionTime = 57.82 s  ClockTime = 78 s

Courant Number mean: 4.83081e-06 max: 0.00215842 velocity magnitude: 0.0337252
Time = 0.002

MULES: Solving for alpha1
Liquid phase volume fraction = 0.00275421  Min(alpha1) = 0  Max(alpha1) = 1
MULES: Solving for alpha1
Liquid phase volume fraction = 0.00275421  Min(alpha1) = 0  Max(alpha1) = 1
GPU: 685 iters: 12.0871 s: 13.3533 GB/s
SGPUPCG:  Solving for pd, Initial residual = 0.00479284, Final residual = 0.000235603, No Iterations 685
GPU: 699 iters: 12.3411 s: 13.3457 GB/s
SGPUPCG:  Solving for pd, Initial residual = 0.00394936, Final residual = 0.000194823, No Iterations 699
GPU: 962 iters: 16.9581 s: 13.3665 GB/s
SGPUPCG:  Solving for pd, Initial residual = 0.00349884, Final residual = 9.80236e-08, No Iterations 962
time step continuity errors : sum local = 4.14645e-08, global = -4.14583e-08, cumulative = -4.14583e-08
ExecutionTime = 107.33 s  ClockTime = 128 s

Courant Number mean: 1.35694e-05 max: 0.22109 velocity magnitude: 1.72726
Time = 0.003

MULES: Solving for alpha1
Liquid phase volume fraction = 0.00275424  Min(alpha1) = -9.25728e-31  Max(alpha1) = 1
MULES: Solving for alpha1
Liquid phase volume fraction = 0.00275426  Min(alpha1) = -4.73946e-30  Max(alpha1) = 1
GPU: 701 iters: 12.3679 s: 13.3549 GB/s
SGPUPCG:  Solving for pd, Initial residual = 0.00748062, Final residual = 0.000372205, No Iterations 701
GPU: 663 iters: 11.6917 s: 13.3615 GB/s
SGPUPCG:  Solving for pd, Initial residual = 0.00520929, Final residual = 0.000257248, No Iterations 663
GPU: 928 iters: 16.3748 s: 13.3534 GB/s
SGPUPCG:  Solving for pd, Initial residual = 0.0051356, Final residual = 9.94111e-08, No Iterations 928
time step continuity errors : sum local = 2.25589e-08, global = -2.25535e-08, cumulative = -6.40119e-08
ExecutionTime = 155.85 s  ClockTime = 177 s

Courant Number mean: 1.63745e-05 max: 0.133485 velocity magnitude: 1.04286
Time = 0.004

MULES: Solving for alpha1
Liquid phase volume fraction = 0.00275427  Min(alpha1) = -3.21651e-30  Max(alpha1) = 1
MULES: Solving for alpha1
Liquid phase volume fraction = 0.00275428  Min(alpha1) = -1.16499e-29  Max(alpha1) = 1
GPU: 700 iters: 12.3259 s: 13.3813 GB/s
SGPUPCG:  Solving for pd, Initial residual = 0.00849416, Final residual = 0.000421349, No Iterations 700
Computing AINV with droptol 0.02
GPU: 687 iters: 12.1253 s: 13.3501 GB/s
SGPUPCG:  Solving for pd, Initial residual = 0.00720333, Final residual = 0.000350536, No Iterations 687
GPU: 962 iters: 16.9575 s: 13.3669 GB/s
SGPUPCG:  Solving for pd, Initial residual = 0.00670324, Final residual = 9.80307e-08, No Iterations 962
time step continuity errors : sum local = 1.06527e-08, global = -1.06477e-08, cumulative = -7.46596e-08
ExecutionTime = 205.5 s  ClockTime = 226 s

Courant Number mean: 2.03279e-05 max: 0.0759194 velocity magnitude: 0.59312
Time = 0.005

MULES: Solving for alpha1
Liquid phase volume fraction = 0.00275429  Min(alpha1) = -2.82617e-29  Max(alpha1) = 1
MULES: Solving for alpha1
Liquid phase volume fraction = 0.00275429  Min(alpha1) = -7.73546e-30  Max(alpha1) = 1
GPU: 699 iters: 12.3372 s: 13.3499 GB/s
SGPUPCG:  Solving for pd, Initial residual = 0.00674837, Final residual = 0.000332251, No Iterations 699
GPU: 662 iters: 11.6801 s: 13.3546 GB/s
SGPUPCG:  Solving for pd, Initial residual = 0.00591356, Final residual = 0.000294183, No Iterations 662
GPU: 937 iters: 16.5245 s: 13.3607 GB/s
SGPUPCG:  Solving for pd, Initial residual = 0.00571351, Final residual = 9.88857e-08, No Iterations 937
time step continuity errors : sum local = 2.48303e-09, global = -2.47831e-09, cumulative = -7.71379e-08
ExecutionTime = 254.08 s  ClockTime = 275 s

Courant Number mean: 2.44337e-05 max: 0.0288149 velocity magnitude: 0.302731
Time = 0.006

MULES: Solving for alpha1
Liquid phase volume fraction = 0.00275429  Min(alpha1) = -1.61716e-29  Max(alpha1) = 1
MULES: Solving for alpha1
Liquid phase volume fraction = 0.00275429  Min(alpha1) = -1.99712e-29  Max(alpha1) = 1
GPU: 703 iters: 12.4006 s: 13.3577 GB/s
SGPUPCG:  Solving for pd, Initial residual = 0.00747077, Final residual = 0.000364775, No Iterations 703
GPU: 680 iters: 12.0261 s: 13.3231 GB/s
SGPUPCG:  Solving for pd, Initial residual = 0.00567215, Final residual = 0.000278806, No Iterations 680
GPU: 1000 iters: 17.6516 s: 13.3486 GB/s
SGPUPCG:  Solving for pd, Initial residual = 0.00559786, Final residual = 1.85597e-06, No Iterations 1000
time step continuity errors : sum local = 1.15432e-10, global = 2.86562e-11, cumulative = -7.71092e-08
ExecutionTime = 304.19 s  ClockTime = 325 s

Courant Number mean: 2.93694e-05 max: 0.0329322 velocity magnitude: 0.257283
Time = 0.007

MULES: Solving for alpha1
Liquid phase volume fraction = 0.00275429  Min(alpha1) = -3.32923e-29  Max(alpha1) = 1
MULES: Solving for alpha1
Liquid phase volume fraction = 0.00275429  Min(alpha1) = -3.85191e-29  Max(alpha1) = 1
Computing AINV with droptol 0.02
GPU: 758 iters: 13.3841 s: 13.3444 GB/s
SGPUPCG:  Solving for pd, Initial residual = 0.00717995, Final residual = 0.00035245, No Iterations 758
GPU: 655 iters: 11.5719 s: 13.337 GB/s
SGPUPCG:  Solving for pd, Initial residual = 0.00461321, Final residual = 0.00022321, No Iterations 655
GPU: 865 iters: 15.2398 s: 13.3738 GB/s
SGPUPCG:  Solving for pd, Initial residual = 0.00418396, Final residual = 9.7074e-08, No Iterations 865
time step continuity errors : sum local = 1.46889e-10, global = 1.42348e-10, cumulative = -7.69669e-08
ExecutionTime = 352.55 s  ClockTime = 374 s

Courant Number mean: 3.4471e-05 max: 0.00920698 velocity magnitude: 0.1304
Time = 0.008

MULES: Solving for alpha1
Liquid phase volume fraction = 0.00275429  Min(alpha1) = -5.6267e-29  Max(alpha1) = 1
MULES: Solving for alpha1
Liquid phase volume fraction = 0.00275429  Min(alpha1) = -6.75947e-29  Max(alpha1) = 1
GPU: 709 iters: 12.5088 s: 13.3552 GB/s
SGPUPCG:  Solving for pd, Initial residual = 0.00759835, Final residual = 0.000372424, No Iterations 709
GPU: 306 iters: 5.41057 s: 13.3259 GB/s
SGPUPCG:  Solving for pd, Initial residual = 0.00448567, Final residual = 0.000218831, No Iterations 306
GPU: 838 iters: 14.7751 s: 13.3639 GB/s
SGPUPCG:  Solving for pd, Initial residual = 0.00419383, Final residual = 9.73339e-08, No Iterations 838
time step continuity errors : sum local = 1.57705e-10, global = 1.53182e-10, cumulative = -7.68137e-08
ExecutionTime = 393.33 s  ClockTime = 415 s

Courant Number mean: 3.95935e-05 max: 0.00904209 velocity magnitude: 0.140312
Time = 0.009

MULES: Solving for alpha1
Liquid phase volume fraction = 0.00275429  Min(alpha1) = -5.96148e-29  Max(alpha1) = 1
MULES: Solving for alpha1
Liquid phase volume fraction = 0.00275429  Min(alpha1) = -2.34903e-29  Max(alpha1) = 1
GPU: 713 iters: 12.5878 s: 13.3462 GB/s
SGPUPCG:  Solving for pd, Initial residual = 0.00747612, Final residual = 0.000358903, No Iterations 713
GPU: 314 iters: 5.55368 s: 13.322 GB/s
SGPUPCG:  Solving for pd, Initial residual = 0.00467793, Final residual = 0.000229397, No Iterations 314
GPU: 842 iters: 14.8969 s: 13.3179 GB/s
SGPUPCG:  Solving for pd, Initial residual = 0.00415343, Final residual = 9.8487e-08, No Iterations 842
time step continuity errors : sum local = 6.56909e-12, global = 2.00497e-12, cumulative = -7.68117e-08
ExecutionTime = 434.57 s  ClockTime = 456 s

Courant Number mean: 4.47252e-05 max: 0.00972275 velocity magnitude: 0.149316
Time = 0.01

MULES: Solving for alpha1
Liquid phase volume fraction = 0.00275429  Min(alpha1) = -5.35614e-29  Max(alpha1) = 1
MULES: Solving for alpha1
Liquid phase volume fraction = 0.00275429  Min(alpha1) = -2.97288e-29  Max(alpha1) = 1
Computing AINV with droptol 0.02
GPU: 713 iters: 12.601 s: 13.3323 GB/s
SGPUPCG:  Solving for pd, Initial residual = 0.00808954, Final residual = 0.000390999, No Iterations 713
GPU: 304 iters: 5.37555 s: 13.3251 GB/s
SGPUPCG:  Solving for pd, Initial residual = 0.00465924, Final residual = 0.000231446, No Iterations 304
GPU: 825 iters: 14.5339 s: 13.3749 GB/s
SGPUPCG:  Solving for pd, Initial residual = 0.00431885, Final residual = 9.82368e-08, No Iterations 825
time step continuity errors : sum local = 4.62792e-11, global = -4.17516e-11, cumulative = -7.68535e-08
ExecutionTime = 475.18 s  ClockTime = 497 s

End

Finalising parallel run
