 Data for JOB [41303,1] offset 0

 ========================   JOB MAP   ========================

 Data for node: ivb106	Num slots: 6	Max slots: 0	Num procs: 6
 	Process OMPI jobid: [41303,1] App: 0 Process rank: 0
 	Process OMPI jobid: [41303,1] App: 0 Process rank: 1
 	Process OMPI jobid: [41303,1] App: 0 Process rank: 2
 	Process OMPI jobid: [41303,1] App: 0 Process rank: 3
 	Process OMPI jobid: [41303,1] App: 0 Process rank: 4
 	Process OMPI jobid: [41303,1] App: 0 Process rank: 5

 Data for node: ivb108	Num slots: 6	Max slots: 0	Num procs: 6
 	Process OMPI jobid: [41303,1] App: 0 Process rank: 6
 	Process OMPI jobid: [41303,1] App: 0 Process rank: 7
 	Process OMPI jobid: [41303,1] App: 0 Process rank: 8
 	Process OMPI jobid: [41303,1] App: 0 Process rank: 9
 	Process OMPI jobid: [41303,1] App: 0 Process rank: 10
 	Process OMPI jobid: [41303,1] App: 0 Process rank: 11

 =============================================================
[ivb106:10949] MCW rank 0 bound to socket 0[core 0[hwt 0]]: [B/././././././././.][./././././././././.]
[ivb106:10949] MCW rank 1 bound to socket 0[core 1[hwt 0]]: [./B/./././././././.][./././././././././.]
[ivb106:10949] MCW rank 2 bound to socket 0[core 2[hwt 0]]: [././B/././././././.][./././././././././.]
[ivb106:10949] MCW rank 3 bound to socket 0[core 3[hwt 0]]: [./././B/./././././.][./././././././././.]
[ivb106:10949] MCW rank 4 bound to socket 0[core 4[hwt 0]]: [././././B/././././.][./././././././././.]
[ivb106:10949] MCW rank 5 bound to socket 0[core 5[hwt 0]]: [./././././B/./././.][./././././././././.]
[ivb108:06183] MCW rank 11 bound to socket 0[core 5[hwt 0]]: [./././././B/./././.][./././././././././.]
[ivb108:06183] MCW rank 6 bound to socket 0[core 0[hwt 0]]: [B/././././././././.][./././././././././.]
[ivb108:06183] MCW rank 7 bound to socket 0[core 1[hwt 0]]: [./B/./././././././.][./././././././././.]
[ivb108:06183] MCW rank 8 bound to socket 0[core 2[hwt 0]]: [././B/././././././.][./././././././././.]
[ivb108:06183] MCW rank 9 bound to socket 0[core 3[hwt 0]]: [./././B/./././././.][./././././././././.]
[ivb108:06183] MCW rank 10 bound to socket 0[core 4[hwt 0]]: [././././B/././././.][./././././././././.]
0
1
0
2
3
1
4
5
2
3
4
5
/*---------------------------------------------------------------------------*\
| =========                 |                                                 |
| \\      /  F ield         | foam-extend: Open Source CFD                    |
|  \\    /   O peration     | Version:     3.1                                |
|   \\  /    A nd           | Web:         http://www.extend-project.de       |
|    \\/     M anipulation  |                                                 |
\*---------------------------------------------------------------------------*/
Build    : 3.1-e2da948002a2
Exec     : interFoam -parallel
Date     : May 18 2016
Time     : 10:58:30
Host     : ivb106
PID      : 10999
CtrlDict : /home-2/vplatonov/foam/foam-extend-3.1/etc/controlDict
Case     : /home/vplatonov/tests/rt12mln
nProcs   : 12
Slaves : 
11
(
ivb106.10998
ivb106.11017
ivb106.11005
ivb106.11022
ivb106.11011
ivb108.6233
ivb108.6239
ivb108.6231
ivb108.6230
ivb108.6245
ivb108.6250
)

Pstream initialized with:
    floatTransfer     : 0
    nProcsSimpleSum   : 0
    commsType         : blocking
SigFpe   : Enabling floating point exception trapping (FOAM_SIGFPE).

// * * * * * * * * * * * * * * * * * * * * * * * * * * * * * * * * * * * * * //
Create time

Create mesh for time = 0


Reading g
Reading field pd

Reading field alpha1

Reading field U

Reading/calculating face flux field phi

Reading transportProperties

Selecting incompressible transport model Newtonian
Selecting incompressible transport model Newtonian
Calculating field g.h

Selecting turbulence model type laminar
time step continuity errors : sum local = 0, global = 0, cumulative = 0
Created persistent data with name pcorr
GPUBICGS:  Solving for pcorr, Initial residual = 0, Final residual = 0, No Iterations 0
time step continuity errors : sum local = 0, global = 0, cumulative = 0
Courant Number mean: 0 max: 0 velocity magnitude: 0

Starting time loop

Courant Number mean: 0 max: 0 velocity magnitude: 0
Time = 0.001

MULES: Solving for alpha1
Liquid phase volume fraction = 0.00275421  Min(alpha1) = 0  Max(alpha1) = 1
MULES: Solving for alpha1
Liquid phase volume fraction = 0.00275421  Min(alpha1) = 0  Max(alpha1) = 1
Created persistent data with name pd
Computing AINV with droptol 0.02
GPU: 2 iters: 0.0515264 s: 17.2703 GB/s
Total exec time 0.0515264
 Total comm time 0.00377875Pre time 0.000178496 Post time 0.00360026
GPUBICGS:  Solving for pd, Initial residual = 1, Final residual = 0.0491214, No Iterations 2
Computing AINV with droptol 0.02
GPU: 27 iters: 0.273972 s: 43.8487 GB/s
Total exec time 0.325498
 Total comm time 0.0275176Pre time 0.00119114 Post time 0.0263265
GPUBICGS:  Solving for pd, Initial residual = 0.033386, Final residual = 0.00155018, No Iterations 27
GPU: 630 iters: 5.8664 s: 47.7823 GB/s
Total exec time 6.1919
 Total comm time 0.702387Pre time 0.024063 Post time 0.678324
GPUBICGS:  Solving for pd, Initial residual = 0.01293, Final residual = 2.53882e-08, No Iterations 630
time step continuity errors : sum local = 2.74942e-12, global = -3.77632e-24, cumulative = -3.77632e-24
ExecutionTime = 53.77 s  ClockTime = 70 s

Courant Number mean: 4.83105e-06 max: 0.00215177 velocity magnitude: 0.0336214
Time = 0.002

MULES: Solving for alpha1
Liquid phase volume fraction = 0.00275421  Min(alpha1) = 0  Max(alpha1) = 1
MULES: Solving for alpha1
Liquid phase volume fraction = 0.00275421  Min(alpha1) = 0  Max(alpha1) = 1
GPU: 477 iters: 4.43633 s: 47.8402 GB/s
Total exec time 10.6282
 Total comm time 1.22338Pre time 0.0420317 Post time 1.18135
GPUBICGS:  Solving for pd, Initial residual = 0.00502787, Final residual = 0.000112653, No Iterations 477
GPU: 498 iters: 4.63553 s: 47.8001 GB/s
Total exec time 15.2638
 Total comm time 1.78382Pre time 0.0606532 Post time 1.72316
GPUBICGS:  Solving for pd, Initial residual = 0.00379254, Final residual = 0.000177756, No Iterations 498
GPU: 687 iters: 6.35611 s: 48.091 GB/s
Total exec time 21.6199
 Total comm time 2.48952Pre time 0.085835 Post time 2.40368
GPUBICGS:  Solving for pd, Initial residual = 0.00345824, Final residual = 5.00758e-08, No Iterations 687
time step continuity errors : sum local = 4.11131e-08, global = -4.11124e-08, cumulative = -4.11124e-08
ExecutionTime = 81.24 s  ClockTime = 98 s

Courant Number mean: 1.35189e-05 max: 0.219325 velocity magnitude: 1.71347
Time = 0.003

MULES: Solving for alpha1
Liquid phase volume fraction = 0.00275424  Min(alpha1) = -3.55382e-31  Max(alpha1) = 1
MULES: Solving for alpha1
Liquid phase volume fraction = 0.00275426  Min(alpha1) = -1.38859e-30  Max(alpha1) = 1
GPU: 616 iters: 5.73237 s: 47.8129 GB/s
Total exec time 27.3522
 Total comm time 3.13673Pre time 0.108746 Post time 3.02798
GPUBICGS:  Solving for pd, Initial residual = 0.00744244, Final residual = 0.000295561, No Iterations 616
GPU: 561 iters: 5.2044 s: 47.9613 GB/s
Total exec time 32.5566
 Total comm time 3.71949Pre time 0.129546 Post time 3.58995
GPUBICGS:  Solving for pd, Initial residual = 0.00517398, Final residual = 0.000135584, No Iterations 561
GPU: 655 iters: 6.09001 s: 47.8544 GB/s
Total exec time 38.6466
 Total comm time 4.41771Pre time 0.15377 Post time 4.26394
GPUBICGS:  Solving for pd, Initial residual = 0.00503691, Final residual = 1.22408e-08, No Iterations 655
time step continuity errors : sum local = 2.22615e-08, global = -2.22605e-08, cumulative = -6.33729e-08
ExecutionTime = 110.06 s  ClockTime = 127 s

Courant Number mean: 1.63248e-05 max: 0.132123 velocity magnitude: 1.03221
Time = 0.004

MULES: Solving for alpha1
Liquid phase volume fraction = 0.00275427  Min(alpha1) = -3.51556e-30  Max(alpha1) = 1
MULES: Solving for alpha1
Liquid phase volume fraction = 0.00275428  Min(alpha1) = -1.00882e-29  Max(alpha1) = 1
GPU: 506 iters: 4.6836 s: 48.0695 GB/s
Total exec time 43.3302
 Total comm time 4.92372Pre time 0.172567 Post time 4.75115
GPUBICGS:  Solving for pd, Initial residual = 0.00844507, Final residual = 0.000348985, No Iterations 506
GPU: 538 iters: 4.99531 s: 47.9201 GB/s
Total exec time 48.3256
 Total comm time 5.49651Pre time 0.192832 Post time 5.30368
GPUBICGS:  Solving for pd, Initial residual = 0.00725235, Final residual = 8.89666e-06, No Iterations 538
GPU: 648 iters: 6.00957 s: 47.9767 GB/s
Total exec time 54.3351
 Total comm time 6.16316Pre time 0.216887 Post time 5.94627
GPUBICGS:  Solving for pd, Initial residual = 0.00646887, Final residual = 9.82505e-08, No Iterations 648
time step continuity errors : sum local = 1.05198e-08, global = -1.05124e-08, cumulative = -7.38853e-08
ExecutionTime = 137.79 s  ClockTime = 155 s

Courant Number mean: 2.02944e-05 max: 0.0746189 velocity magnitude: 0.58296
Time = 0.005

MULES: Solving for alpha1
Liquid phase volume fraction = 0.00275429  Min(alpha1) = -2.87179e-29  Max(alpha1) = 1
MULES: Solving for alpha1
Liquid phase volume fraction = 0.00275429  Min(alpha1) = -1.55498e-29  Max(alpha1) = 1
GPU: 554 iters: 5.13799 s: 47.975 GB/s
Total exec time 59.4731
 Total comm time 6.74459Pre time 0.237312 Post time 6.50727
GPUBICGS:  Solving for pd, Initial residual = 0.00667881, Final residual = 0.000316582, No Iterations 554
GPU: 485 iters: 4.50314 s: 47.9209 GB/s
Total exec time 63.9763
 Total comm time 7.25485Pre time 0.255319 Post time 6.99953
GPUBICGS:  Solving for pd, Initial residual = 0.00585587, Final residual = 0.000145011, No Iterations 485
GPU: 686 iters: 6.38275 s: 47.8206 GB/s
Total exec time 70.359
 Total comm time 7.96664Pre time 0.280845 Post time 7.6858
GPUBICGS:  Solving for pd, Initial residual = 0.00557941, Final residual = 4.85708e-08, No Iterations 686
time step continuity errors : sum local = 2.48101e-09, global = -2.47679e-09, cumulative = -7.63621e-08
ExecutionTime = 165.58 s  ClockTime = 183 s

Courant Number mean: 2.44099e-05 max: 0.0281077 velocity magnitude: 0.29544
Time = 0.006

MULES: Solving for alpha1
Liquid phase volume fraction = 0.00275429  Min(alpha1) = -2.36989e-29  Max(alpha1) = 1
MULES: Solving for alpha1
Liquid phase volume fraction = 0.00275429  Min(alpha1) = -2.98699e-29  Max(alpha1) = 1
GPU: 554 iters: 5.14177 s: 47.9398 GB/s
Total exec time 75.5008
 Total comm time 8.53748Pre time 0.301579 Post time 8.2359
GPUBICGS:  Solving for pd, Initial residual = 0.00744711, Final residual = 4.5754e-05, No Iterations 554
GPU: 75 iters: 0.699344 s: 47.7165 GB/s
Total exec time 76.2001
 Total comm time 8.60898Pre time 0.304436 Post time 8.30455
GPUBICGS:  Solving for pd, Initial residual = 0.00528251, Final residual = 0.000262682, No Iterations 75
GPU: 634 iters: 5.89798 s: 47.8282 GB/s
Total exec time 82.0981
 Total comm time 9.31426Pre time 0.328946 Post time 8.98532
GPUBICGS:  Solving for pd, Initial residual = 0.00558636, Final residual = 9.15515e-08, No Iterations 634
time step continuity errors : sum local = 1.35613e-11, global = 8.91441e-12, cumulative = -7.63532e-08
ExecutionTime = 189.18 s  ClockTime = 207 s

Courant Number mean: 2.93372e-05 max: 0.031428 velocity magnitude: 0.245531
Time = 0.007

MULES: Solving for alpha1
Liquid phase volume fraction = 0.00275429  Min(alpha1) = -5.15245e-29  Max(alpha1) = 1
MULES: Solving for alpha1
Liquid phase volume fraction = 0.00275429  Min(alpha1) = -4.3891e-29  Max(alpha1) = 1
GPU: 467 iters: 4.33718 s: 47.908 GB/s
Total exec time 86.4353
 Total comm time 9.79332Pre time 0.346358 Post time 9.44696
GPUBICGS:  Solving for pd, Initial residual = 0.00715591, Final residual = 0.000118877, No Iterations 467
GPU: 58 iters: 0.544872 s: 47.3622 GB/s
Total exec time 86.9801
 Total comm time 9.84877Pre time 0.348565 Post time 9.5002
GPUBICGS:  Solving for pd, Initial residual = 0.00435237, Final residual = 0.000207708, No Iterations 58
GPU: 603 iters: 5.59185 s: 47.98 GB/s
Total exec time 92.572
 Total comm time 10.4857Pre time 0.371318 Post time 10.1144
GPUBICGS:  Solving for pd, Initial residual = 0.00415734, Final residual = 9.62469e-08, No Iterations 603
time step continuity errors : sum local = 1.48394e-10, global = 1.40954e-10, cumulative = -7.62122e-08
ExecutionTime = 211.36 s  ClockTime = 230 s

Courant Number mean: 3.4434e-05 max: 0.00906895 velocity magnitude: 0.130267
Time = 0.008

MULES: Solving for alpha1
Liquid phase volume fraction = 0.00275429  Min(alpha1) = -2.85434e-29  Max(alpha1) = 1
MULES: Solving for alpha1
Liquid phase volume fraction = 0.00275429  Min(alpha1) = -3.51057e-29  Max(alpha1) = 1
GPU: 510 iters: 4.74616 s: 47.8108 GB/s
Total exec time 97.3182
 Total comm time 11.0479Pre time 0.390165 Post time 10.6578
GPUBICGS:  Solving for pd, Initial residual = 0.00761728, Final residual = 0.00036134, No Iterations 510
GPU: 419 iters: 3.90725 s: 47.7135 GB/s
Total exec time 101.225
 Total comm time 11.5049Pre time 0.405727 Post time 11.0992
GPUBICGS:  Solving for pd, Initial residual = 0.00458515, Final residual = 0.000214024, No Iterations 419
GPU: 581 iters: 5.40581 s: 47.8205 GB/s
Total exec time 106.631
 Total comm time 12.12Pre time 0.427896 Post time 11.6921
GPUBICGS:  Solving for pd, Initial residual = 0.00421654, Final residual = 6.20861e-08, No Iterations 581
time step continuity errors : sum local = 1.61935e-10, global = 1.5632e-10, cumulative = -7.60559e-08
ExecutionTime = 237.05 s  ClockTime = 256 s

Courant Number mean: 3.95495e-05 max: 0.00902669 velocity magnitude: 0.140184
Time = 0.009

MULES: Solving for alpha1
Liquid phase volume fraction = 0.00275429  Min(alpha1) = -4.79542e-29  Max(alpha1) = 1
MULES: Solving for alpha1
Liquid phase volume fraction = 0.00275429  Min(alpha1) = -6.3878e-29  Max(alpha1) = 1
GPU: 535 iters: 4.98242 s: 47.7763 GB/s
Total exec time 111.614
 Total comm time 12.6895Pre time 0.447478 Post time 12.242
GPUBICGS:  Solving for pd, Initial residual = 0.00748602, Final residual = 0.000141022, No Iterations 535
GPU: 54 iters: 0.508588 s: 47.2418 GB/s
Total exec time 112.122
 Total comm time 12.7458Pre time 0.449443 Post time 12.2964
GPUBICGS:  Solving for pd, Initial residual = 0.00451066, Final residual = 0.000224527, No Iterations 54
GPU: 684 iters: 6.35122 s: 47.9179 GB/s
Total exec time 118.473
 Total comm time 13.4511Pre time 0.474883 Post time 12.9763
GPUBICGS:  Solving for pd, Initial residual = 0.00421779, Final residual = 2.82949e-08, No Iterations 684
time step continuity errors : sum local = 4.09567e-12, global = 2.66894e-12, cumulative = -7.60532e-08
ExecutionTime = 260.94 s  ClockTime = 280 s

Courant Number mean: 4.46735e-05 max: 0.00970749 velocity magnitude: 0.149192
Time = 0.01

MULES: Solving for alpha1
Liquid phase volume fraction = 0.00275429  Min(alpha1) = -4.85277e-29  Max(alpha1) = 1
MULES: Solving for alpha1
Liquid phase volume fraction = 0.00275429  Min(alpha1) = -1.00258e-29  Max(alpha1) = 1
GPU: 517 iters: 4.78808 s: 48.0427 GB/s
Total exec time 123.262
 Total comm time 13.9819Pre time 0.494497 Post time 13.4874
GPUBICGS:  Solving for pd, Initial residual = 0.00810934, Final residual = 0.000322442, No Iterations 517
GPU: 475 iters: 4.42706 s: 47.7394 GB/s
Total exec time 127.689
 Total comm time 14.5037Pre time 0.512501 Post time 13.9912
GPUBICGS:  Solving for pd, Initial residual = 0.00459893, Final residual = 0.000226533, No Iterations 475
GPU: 589 iters: 5.46828 s: 47.9251 GB/s
Total exec time 133.157
 Total comm time 15.1541Pre time 0.53471 Post time 14.6194
GPUBICGS:  Solving for pd, Initial residual = 0.00423732, Final residual = 7.36202e-08, No Iterations 589
time step continuity errors : sum local = 4.88192e-11, global = -4.21597e-11, cumulative = -7.60954e-08
ExecutionTime = 287.49 s  ClockTime = 307 s

End

Finalising parallel run
