 Data for JOB [47394,1] offset 0

 ========================   JOB MAP   ========================

 Data for node: ivb106	Num slots: 12	Max slots: 0	Num procs: 12
 	Process OMPI jobid: [47394,1] App: 0 Process rank: 0
 	Process OMPI jobid: [47394,1] App: 0 Process rank: 1
 	Process OMPI jobid: [47394,1] App: 0 Process rank: 2
 	Process OMPI jobid: [47394,1] App: 0 Process rank: 3
 	Process OMPI jobid: [47394,1] App: 0 Process rank: 4
 	Process OMPI jobid: [47394,1] App: 0 Process rank: 5
 	Process OMPI jobid: [47394,1] App: 0 Process rank: 6
 	Process OMPI jobid: [47394,1] App: 0 Process rank: 7
 	Process OMPI jobid: [47394,1] App: 0 Process rank: 8
 	Process OMPI jobid: [47394,1] App: 0 Process rank: 9
 	Process OMPI jobid: [47394,1] App: 0 Process rank: 10
 	Process OMPI jobid: [47394,1] App: 0 Process rank: 11

 Data for node: ivb108	Num slots: 12	Max slots: 0	Num procs: 12
 	Process OMPI jobid: [47394,1] App: 0 Process rank: 12
 	Process OMPI jobid: [47394,1] App: 0 Process rank: 13
 	Process OMPI jobid: [47394,1] App: 0 Process rank: 14
 	Process OMPI jobid: [47394,1] App: 0 Process rank: 15
 	Process OMPI jobid: [47394,1] App: 0 Process rank: 16
 	Process OMPI jobid: [47394,1] App: 0 Process rank: 17
 	Process OMPI jobid: [47394,1] App: 0 Process rank: 18
 	Process OMPI jobid: [47394,1] App: 0 Process rank: 19
 	Process OMPI jobid: [47394,1] App: 0 Process rank: 20
 	Process OMPI jobid: [47394,1] App: 0 Process rank: 21
 	Process OMPI jobid: [47394,1] App: 0 Process rank: 22
 	Process OMPI jobid: [47394,1] App: 0 Process rank: 23

 =============================================================
[ivb106:12976] MCW rank 5 bound to socket 0[core 5[hwt 0]]: [./././././B/./././.][./././././././././.]
[ivb106:12976] MCW rank 6 bound to socket 0[core 6[hwt 0]]: [././././././B/././.][./././././././././.]
[ivb106:12976] MCW rank 7 bound to socket 0[core 7[hwt 0]]: [./././././././B/./.][./././././././././.]
[ivb106:12976] MCW rank 8 bound to socket 0[core 8[hwt 0]]: [././././././././B/.][./././././././././.]
[ivb106:12976] MCW rank 9 bound to socket 0[core 9[hwt 0]]: [./././././././././B][./././././././././.]
[ivb106:12976] MCW rank 10 bound to socket 1[core 10[hwt 0]]: [./././././././././.][B/././././././././.]
[ivb106:12976] MCW rank 11 bound to socket 1[core 11[hwt 0]]: [./././././././././.][./B/./././././././.]
[ivb106:12976] MCW rank 0 bound to socket 0[core 0[hwt 0]]: [B/././././././././.][./././././././././.]
[ivb106:12976] MCW rank 1 bound to socket 0[core 1[hwt 0]]: [./B/./././././././.][./././././././././.]
[ivb106:12976] MCW rank 2 bound to socket 0[core 2[hwt 0]]: [././B/././././././.][./././././././././.]
[ivb106:12976] MCW rank 3 bound to socket 0[core 3[hwt 0]]: [./././B/./././././.][./././././././././.]
[ivb106:12976] MCW rank 4 bound to socket 0[core 4[hwt 0]]: [././././B/././././.][./././././././././.]
[ivb108:08184] MCW rank 17 bound to socket 0[core 5[hwt 0]]: [./././././B/./././.][./././././././././.]
[ivb108:08184] MCW rank 18 bound to socket 0[core 6[hwt 0]]: [././././././B/././.][./././././././././.]
[ivb108:08184] MCW rank 19 bound to socket 0[core 7[hwt 0]]: [./././././././B/./.][./././././././././.]
[ivb108:08184] MCW rank 20 bound to socket 0[core 8[hwt 0]]: [././././././././B/.][./././././././././.]
[ivb108:08184] MCW rank 21 bound to socket 0[core 9[hwt 0]]: [./././././././././B][./././././././././.]
[ivb108:08184] MCW rank 22 bound to socket 1[core 10[hwt 0]]: [./././././././././.][B/././././././././.]
[ivb108:08184] MCW rank 23 bound to socket 1[core 11[hwt 0]]: [./././././././././.][./B/./././././././.]
[ivb108:08184] MCW rank 12 bound to socket 0[core 0[hwt 0]]: [B/././././././././.][./././././././././.]
[ivb108:08184] MCW rank 13 bound to socket 0[core 1[hwt 0]]: [./B/./././././././.][./././././././././.]
[ivb108:08184] MCW rank 14 bound to socket 0[core 2[hwt 0]]: [././B/././././././.][./././././././././.]
[ivb108:08184] MCW rank 15 bound to socket 0[core 3[hwt 0]]: [./././B/./././././.][./././././././././.]
[ivb108:08184] MCW rank 16 bound to socket 0[core 4[hwt 0]]: [././././B/././././.][./././././././././.]
/*---------------------------------------------------------------------------*\
| =========                 |                                                 |
| \\      /  F ield         | foam-extend: Open Source CFD                    |
|  \\    /   O peration     | Version:     3.1                                |
|   \\  /    A nd           | Web:         http://www.extend-project.de       |
|    \\/     M anipulation  |                                                 |
\*---------------------------------------------------------------------------*/
Build    : 3.1-e2da948002a2
Exec     : interFoam -parallel
Date     : May 18 2016
Time     : 11:38:58
Host     : ivb106
PID      : 13043
CtrlDict : /home-2/vplatonov/foam/foam-extend-3.1/etc/controlDict
Case     : /home/vplatonov/tests/rt12mln
nProcs   : 24
Slaves : 
23
(
ivb106.13042
ivb106.13047
ivb106.13051
ivb106.13063
ivb106.13067
ivb106.13076
ivb106.13079
ivb106.13084
ivb106.13082
ivb106.13073
ivb106.13070
ivb108.8257
ivb108.8256
ivb108.8259
ivb108.8274
ivb108.8262
ivb108.8271
ivb108.8265
ivb108.8268
ivb108.8277
ivb108.8280
ivb108.8283
ivb108.8285
)

Pstream initialized with:
    floatTransfer     : 0
    nProcsSimpleSum   : 0
    commsType         : blocking
SigFpe   : Enabling floating point exception trapping (FOAM_SIGFPE).

// * * * * * * * * * * * * * * * * * * * * * * * * * * * * * * * * * * * * * //
Create time

Create mesh for time = 0


Reading g
Reading field pd

Reading field alpha1

Reading field U

Reading/calculating face flux field phi

Reading transportProperties

Selecting incompressible transport model Newtonian
Selecting incompressible transport model Newtonian
Calculating field g.h

Selecting turbulence model type laminar
time step continuity errors : sum local = 0, global = 0, cumulative = 0
Created persistent data with name pcorr
GPUBICGS:  Solving for pcorr, Initial residual = 0, Final residual = 0, No Iterations 0
time step continuity errors : sum local = 0, global = 0, cumulative = 0
Courant Number mean: 0 max: 0 velocity magnitude: 0

Starting time loop

Courant Number mean: 0 max: 0 velocity magnitude: 0
Time = 0.001

MULES: Solving for alpha1
Liquid phase volume fraction = 0.00275421  Min(alpha1) = 0  Max(alpha1) = 1
MULES: Solving for alpha1
Liquid phase volume fraction = 0.00275421  Min(alpha1) = 0  Max(alpha1) = 1
Created persistent data with name pd
Computing AINV with droptol 0.02
GPU: 2 iters: 0.108804 s: 4.42208 GB/s
Total exec time 0.108804
 Total comm time 0.0168172Pre time 0.000298528 Post time 0.0165186
GPUBICGS:  Solving for pd, Initial residual = 1, Final residual = 0.0491214, No Iterations 2
Computing AINV with droptol 0.02
GPU: 27 iters: 0.861638 s: 7.53843 GB/s
Total exec time 0.970443
 Total comm time 0.16716Pre time 0.00607462 Post time 0.161085
GPUBICGS:  Solving for pd, Initial residual = 0.033386, Final residual = 0.00155091, No Iterations 27
GPU: 639 iters: 19.9157 s: 7.71877 GB/s
Total exec time 20.8861
 Total comm time 3.66298Pre time 0.132384 Post time 3.5306
GPUBICGS:  Solving for pd, Initial residual = 0.0129311, Final residual = 8.45846e-08, No Iterations 639
time step continuity errors : sum local = 8.51296e-12, global = -1.82676e-24, cumulative = -1.82676e-24
ExecutionTime = 59.69 s  ClockTime = 77 s

Courant Number mean: 4.8375e-06 max: 0.00215177 velocity magnitude: 0.0336214
Time = 0.002

MULES: Solving for alpha1
Liquid phase volume fraction = 0.00275421  Min(alpha1) = 0  Max(alpha1) = 1
MULES: Solving for alpha1
Liquid phase volume fraction = 0.00275421  Min(alpha1) = 0  Max(alpha1) = 1
GPU: 483 iters: 15.0576 s: 7.71674 GB/s
Total exec time 35.9437
 Total comm time 6.30242Pre time 0.228863 Post time 6.07356
GPUBICGS:  Solving for pd, Initial residual = 0.00502838, Final residual = 0.000229663, No Iterations 483
GPU: 506 iters: 15.7767 s: 7.7157 GB/s
Total exec time 51.7205
 Total comm time 9.14038Pre time 0.32993 Post time 8.81045
GPUBICGS:  Solving for pd, Initial residual = 0.00393781, Final residual = 0.000187275, No Iterations 506
GPU: 698 iters: 21.7458 s: 7.72188 GB/s
Total exec time 73.4662
 Total comm time 12.8896Pre time 0.467662 Post time 12.4219
GPUBICGS:  Solving for pd, Initial residual = 0.00346599, Final residual = 7.78894e-08, No Iterations 698
time step continuity errors : sum local = 4.11154e-08, global = -4.11124e-08, cumulative = -4.11124e-08
ExecutionTime = 120.28 s  ClockTime = 138 s

Courant Number mean: 1.35228e-05 max: 0.219789 velocity magnitude: 1.7171
Time = 0.003

MULES: Solving for alpha1
Liquid phase volume fraction = 0.00275424  Min(alpha1) = -4.9146e-31  Max(alpha1) = 1
MULES: Solving for alpha1
Liquid phase volume fraction = 0.00275426  Min(alpha1) = -3.85694e-30  Max(alpha1) = 1
GPU: 506 iters: 15.7682 s: 7.71988 GB/s
Total exec time 89.2344
 Total comm time 15.6502Pre time 0.568705 Post time 15.0815
GPUBICGS:  Solving for pd, Initial residual = 0.00741091, Final residual = 0.000148421, No Iterations 506
GPU: 601 iters: 18.7393 s: 7.7155 GB/s
Total exec time 107.974
 Total comm time 18.8928Pre time 0.685226 Post time 18.2076
GPUBICGS:  Solving for pd, Initial residual = 0.004961, Final residual = 0.000213432, No Iterations 601
Computing AINV with droptol 0.02
GPU: 619 iters: 19.2927 s: 7.71861 GB/s
Total exec time 127.266
 Total comm time 22.2344Pre time 0.809585 Post time 21.4248
GPUBICGS:  Solving for pd, Initial residual = 0.00509097, Final residual = 6.67445e-08, No Iterations 619
time step continuity errors : sum local = 2.22664e-08, global = -2.22606e-08, cumulative = -6.33729e-08
ExecutionTime = 182.17 s  ClockTime = 200 s

Courant Number mean: 1.63416e-05 max: 0.132684 velocity magnitude: 1.03659
Time = 0.004

MULES: Solving for alpha1
Liquid phase volume fraction = 0.00275427  Min(alpha1) = -3.43053e-30  Max(alpha1) = 1
MULES: Solving for alpha1
Liquid phase volume fraction = 0.00275428  Min(alpha1) = -8.00082e-30  Max(alpha1) = 1
GPU: 521 iters: 16.2452 s: 7.71535 GB/s
Total exec time 143.512
 Total comm time 25.0601Pre time 0.912743 Post time 24.1473
GPUBICGS:  Solving for pd, Initial residual = 0.00847456, Final residual = 0.00038887, No Iterations 521
GPU: 521 iters: 16.2405 s: 7.71758 GB/s
Total exec time 159.752
 Total comm time 27.9097Pre time 1.01437 Post time 26.8954
GPUBICGS:  Solving for pd, Initial residual = 0.00722527, Final residual = 0.000314374, No Iterations 521
GPU: 671 iters: 20.9101 s: 7.71984 GB/s
Total exec time 180.662
 Total comm time 31.661Pre time 1.15186 Post time 30.5091
GPUBICGS:  Solving for pd, Initial residual = 0.00669728, Final residual = 9.71813e-08, No Iterations 671
time step continuity errors : sum local = 1.0513e-08, global = -1.05124e-08, cumulative = -7.38854e-08
ExecutionTime = 243.59 s  ClockTime = 262 s

Courant Number mean: 2.032e-05 max: 0.0740042 velocity magnitude: 0.578158
Time = 0.005

MULES: Solving for alpha1
Liquid phase volume fraction = 0.00275429  Min(alpha1) = -2.71843e-29  Max(alpha1) = 1
MULES: Solving for alpha1
Liquid phase volume fraction = 0.00275429  Min(alpha1) = -1.44993e-29  Max(alpha1) = 1
GPU: 461 iters: 14.3724 s: 7.71637 GB/s
Total exec time 195.035
 Total comm time 34.2568Pre time 1.24591 Post time 33.0109
GPUBICGS:  Solving for pd, Initial residual = 0.0067568, Final residual = 0.000160284, No Iterations 461
GPU: 50 iters: 1.57792 s: 7.623 GB/s
Total exec time 196.613
 Total comm time 34.5167Pre time 1.25564 Post time 33.2611
GPUBICGS:  Solving for pd, Initial residual = 0.00570342, Final residual = 0.000276994, No Iterations 50
GPU: 628 iters: 19.5809 s: 7.7156 GB/s
Total exec time 216.193
 Total comm time 37.8431Pre time 1.37767 Post time 36.4654
GPUBICGS:  Solving for pd, Initial residual = 0.00566136, Final residual = 8.69176e-08, No Iterations 628
time step continuity errors : sum local = 2.48242e-09, global = -2.47685e-09, cumulative = -7.63622e-08
ExecutionTime = 287.2 s  ClockTime = 305 s

Courant Number mean: 2.4443e-05 max: 0.0264223 velocity magnitude: 0.292719
Time = 0.006

MULES: Solving for alpha1
Liquid phase volume fraction = 0.00275429  Min(alpha1) = -2.84063e-29  Max(alpha1) = 1
MULES: Solving for alpha1
Liquid phase volume fraction = 0.00275429  Min(alpha1) = -3.03684e-29  Max(alpha1) = 1
Computing AINV with droptol 0.02
GPU: 670 iters: 20.8913 s: 7.71529 GB/s
Total exec time 237.085
 Total comm time 41.5088Pre time 1.50812 Post time 40.0007
GPUBICGS:  Solving for pd, Initial residual = 0.00742992, Final residual = 0.000123732, No Iterations 670
GPU: 75 iters: 2.35633 s: 7.65715 GB/s
Total exec time 239.441
 Total comm time 41.9538Pre time 1.52248 Post time 40.4313
GPUBICGS:  Solving for pd, Initial residual = 0.00539444, Final residual = 0.000265754, No Iterations 75
GPU: 642 iters: 20.0179 s: 7.71542 GB/s
Total exec time 259.459
 Total comm time 45.5821Pre time 1.6475 Post time 43.9346
GPUBICGS:  Solving for pd, Initial residual = 0.00558778, Final residual = 8.80071e-08, No Iterations 642
time step continuity errors : sum local = 1.37983e-11, global = 8.80514e-12, cumulative = -7.63534e-08
ExecutionTime = 338.67 s  ClockTime = 357 s

Courant Number mean: 2.93786e-05 max: 0.0326934 velocity magnitude: 0.255418
Time = 0.007

MULES: Solving for alpha1
Liquid phase volume fraction = 0.00275429  Min(alpha1) = -5.38482e-29  Max(alpha1) = 1
MULES: Solving for alpha1
Liquid phase volume fraction = 0.00275429  Min(alpha1) = -6.03333e-29  Max(alpha1) = 1
GPU: 670 iters: 20.8893 s: 7.71603 GB/s
Total exec time 280.348
 Total comm time 49.3735Pre time 1.78042 Post time 47.593
GPUBICGS:  Solving for pd, Initial residual = 0.00714649, Final residual = 0.000312108, No Iterations 670
GPU: 76 iters: 2.38598 s: 7.66283 GB/s
Total exec time 282.734
 Total comm time 49.7776Pre time 1.79582 Post time 47.9818
GPUBICGS:  Solving for pd, Initial residual = 0.00461215, Final residual = 0.000217227, No Iterations 76
GPU: 605 iters: 18.8601 s: 7.71711 GB/s
Total exec time 301.594
 Total comm time 53.1797Pre time 1.92059 Post time 51.2591
GPUBICGS:  Solving for pd, Initial residual = 0.00415425, Final residual = 9.48167e-08, No Iterations 605
time step continuity errors : sum local = 1.48059e-10, global = 1.40948e-10, cumulative = -7.62125e-08
ExecutionTime = 388.77 s  ClockTime = 407 s

Courant Number mean: 3.44821e-05 max: 0.00899746 velocity magnitude: 0.130269
Time = 0.008

MULES: Solving for alpha1
Liquid phase volume fraction = 0.00275429  Min(alpha1) = -3.02153e-29  Max(alpha1) = 1
MULES: Solving for alpha1
Liquid phase volume fraction = 0.00275429  Min(alpha1) = -2.95594e-29  Max(alpha1) = 1
GPU: 514 iters: 16.0318 s: 7.71303 GB/s
Total exec time 317.626
 Total comm time 56.1884Pre time 2.02225 Post time 54.1661
GPUBICGS:  Solving for pd, Initial residual = 0.00759583, Final residual = 0.000263078, No Iterations 514
GPU: 429 iters: 13.3751 s: 7.71622 GB/s
Total exec time 331.001
 Total comm time 58.6144Pre time 2.10366 Post time 56.5107
GPUBICGS:  Solving for pd, Initial residual = 0.00445364, Final residual = 0.000122292, No Iterations 429
Computing AINV with droptol 0.02
GPU: 728 iters: 22.6879 s: 7.71933 GB/s
Total exec time 353.689
 Total comm time 62.6014Pre time 2.25036 Post time 60.351
GPUBICGS:  Solving for pd, Initial residual = 0.00417953, Final residual = 9.70731e-08, No Iterations 728
time step continuity errors : sum local = 1.6155e-10, global = 1.56342e-10, cumulative = -7.60561e-08
ExecutionTime = 448.99 s  ClockTime = 467 s

Courant Number mean: 3.96048e-05 max: 0.00902667 velocity magnitude: 0.140187
Time = 0.009

MULES: Solving for alpha1
Liquid phase volume fraction = 0.00275429  Min(alpha1) = -4.82003e-29  Max(alpha1) = 1
MULES: Solving for alpha1
Liquid phase volume fraction = 0.00275429  Min(alpha1) = -5.06969e-29  Max(alpha1) = 1
GPU: 516 iters: 16.0861 s: 7.71685 GB/s
Total exec time 369.775
 Total comm time 65.5242Pre time 2.35646 Post time 63.1678
GPUBICGS:  Solving for pd, Initial residual = 0.00742296, Final residual = 0.000329351, No Iterations 516
GPU: 503 iters: 15.6886 s: 7.71304 GB/s
Total exec time 385.464
 Total comm time 68.3501Pre time 2.45799 Post time 65.8921
GPUBICGS:  Solving for pd, Initial residual = 0.00470559, Final residual = 0.000153175, No Iterations 503
GPU: 587 iters: 18.2989 s: 7.71712 GB/s
Total exec time 403.763
 Total comm time 71.5192Pre time 2.57721 Post time 68.942
GPUBICGS:  Solving for pd, Initial residual = 0.00418888, Final residual = 6.77799e-08, No Iterations 587
time step continuity errors : sum local = 7.08154e-12, global = 2.66735e-12, cumulative = -7.60535e-08
ExecutionTime = 507 s  ClockTime = 526 s

Courant Number mean: 4.4737e-05 max: 0.00970748 velocity magnitude: 0.149196
Time = 0.01

MULES: Solving for alpha1
Liquid phase volume fraction = 0.00275429  Min(alpha1) = -5.89758e-29  Max(alpha1) = 1
MULES: Solving for alpha1
Liquid phase volume fraction = 0.00275429  Min(alpha1) = -3.18175e-29  Max(alpha1) = 1
GPU: 500 iters: 15.5865 s: 7.71727 GB/s
Total exec time 419.349
 Total comm time 74.2789Pre time 2.67719 Post time 71.6017
GPUBICGS:  Solving for pd, Initial residual = 0.00801657, Final residual = 0.000387245, No Iterations 500
GPU: 468 iters: 14.6006 s: 7.71114 GB/s
Total exec time 433.95
 Total comm time 76.8982Pre time 2.76413 Post time 74.1341
GPUBICGS:  Solving for pd, Initial residual = 0.00473222, Final residual = 0.000221698, No Iterations 468
GPU: 626 iters: 19.5112 s: 7.71849 GB/s
Total exec time 453.461
 Total comm time 80.2483Pre time 2.88025 Post time 77.368
GPUBICGS:  Solving for pd, Initial residual = 0.00427618, Final residual = 2.98057e-08, No Iterations 626
time step continuity errors : sum local = 4.47053e-11, global = -4.21628e-11, cumulative = -7.60956e-08
ExecutionTime = 564.79 s  ClockTime = 583 s

End

Finalising parallel run
/home-2/vplatonov/bin/nvmps: line 33:  8271 Segmentation fault      "$@"
-------------------------------------------------------
Primary job  terminated normally, but 1 process returned
a non-zero exit code.. Per user-direction, the job has been aborted.
-------------------------------------------------------
mpirun: Forwarding signal 18 to job
mpirun: Forwarding signal 18 to job
mpirun: Forwarding signal 18 to job
mpirun: Forwarding signal 18 to job
mpirun: Forwarding signal 18 to job
mpirun: Forwarding signal 18 to job
mpirun: Forwarding signal 18 to job
mpirun: Forwarding signal 18 to job
mpirun: Forwarding signal 18 to job
mpirun: Forwarding signal 18 to job
mpirun: Forwarding signal 18 to job
mpirun: Forwarding signal 18 to job
mpirun: Forwarding signal 18 to job
mpirun: Forwarding signal 18 to job
slurmstepd: *** JOB 6371 ON ivb106 CANCELLED AT 2016-05-18T11:51:17 ***
mpirun: Forwarding signal 18 to job
mpirun: Forwarding signal 18 to job
mpirun: Forwarding signal 18 to job
mpirun: Forwarding signal 18 to job
mpirun: Forwarding signal 18 to job
mpirun: Forwarding signal 18 to job
mpirun: Forwarding signal 18 to job
mpirun: Forwarding signal 18 to job
mpirun: Forwarding signal 18 to job
mpirun: Forwarding signal 18 to job
mpirun: Forwarding signal 18 to job
mpirun: Forwarding signal 18 to job
mpirun: Forwarding signal 18 to job
mpirun: Forwarding signal 18 to job
mpirun: Forwarding signal 18 to job
mpirun: Forwarding signal 18 to job
mpirun: Forwarding signal 18 to job
mpirun: Forwarding signal 18 to job
mpirun: Forwarding signal 18 to job
mpirun: Forwarding signal 18 to job
mpirun: Forwarding signal 18 to job
mpirun: Forwarding signal 18 to job
mpirun: Forwarding signal 18 to job
mpirun: Forwarding signal 18 to job
mpirun: Forwarding signal 18 to job
mpirun: Forwarding signal 18 to job
mpirun: Forwarding signal 18 to job
mpirun: Forwarding signal 18 to job
mpirun: Forwarding signal 18 to job
mpirun: Forwarding signal 18 to job
mpirun: Forwarding signal 18 to job
mpirun: Forwarding signal 18 to job
mpirun: Forwarding signal 18 to job
mpirun: Forwarding signal 18 to job
mpirun: Forwarding signal 18 to job
mpirun: Forwarding signal 18 to job
mpirun: Forwarding signal 18 to job
mpirun: Forwarding signal 18 to job
mpirun: Forwarding signal 18 to job
mpirun: Forwarding signal 18 to job
mpirun: Forwarding signal 18 to job
mpirun: Forwarding signal 18 to job
mpirun: Forwarding signal 18 to job
mpirun: Forwarding signal 18 to job
mpirun: Forwarding signal 18 to job
mpirun: Forwarding signal 18 to job
mpirun: Forwarding signal 18 to job
mpirun: Forwarding signal 18 to job
mpirun: Forwarding signal 18 to job
mpirun: Forwarding signal 18 to job
mpirun: Forwarding signal 18 to job
mpirun: Forwarding signal 18 to job
mpirun: Forwarding signal 18 to job
mpirun: Forwarding signal 18 to job
mpirun: Forwarding signal 18 to job
mpirun: Forwarding signal 18 to job
mpirun: Forwarding signal 18 to job
mpirun: Forwarding signal 18 to job
mpirun: Forwarding signal 18 to job
mpirun: Forwarding signal 18 to job
mpirun: Forwarding signal 18 to job
mpirun: Forwarding signal 18 to job
mpirun: Forwarding signal 18 to job
mpirun: Forwarding signal 18 to job
mpirun: Forwarding signal 18 to job
mpirun: Forwarding signal 18 to job
mpirun: Forwarding signal 18 to job
mpirun: Forwarding signal 18 to job
mpirun: Forwarding signal 18 to job
mpirun: Forwarding signal 18 to job
mpirun: Forwarding signal 18 to job
mpirun: Forwarding signal 18 to job
mpirun: Forwarding signal 18 to job
mpirun: Forwarding signal 18 to job
mpirun: Forwarding signal 18 to job
mpirun: Forwarding signal 18 to job
mpirun: Forwarding signal 18 to job
mpirun: Forwarding signal 18 to job
mpirun: Forwarding signal 18 to job
mpirun: Forwarding signal 18 to job
mpirun: Forwarding signal 18 to job
mpirun: Forwarding signal 18 to job
mpirun: Forwarding signal 18 to job
mpirun: Forwarding signal 18 to job
mpirun: Forwarding signal 18 to job
mpirun: Forwarding signal 18 to job
mpirun: Forwarding signal 18 to job
mpirun: Forwarding signal 18 to job
mpirun: Forwarding signal 18 to job
mpirun: Forwarding signal 18 to job
mpirun: Forwarding signal 18 to job
mpirun: Forwarding signal 18 to job
mpirun: Forwarding signal 18 to job
mpirun: Forwarding signal 18 to job
mpirun: Forwarding signal 18 to job
mpirun: Forwarding signal 18 to job
mpirun: Forwarding signal 18 to job
mpirun: Forwarding signal 18 to job
mpirun: Forwarding signal 18 to job
mpirun: Forwarding signal 18 to job
mpirun: Forwarding signal 18 to job
mpirun: Forwarding signal 18 to job
mpirun: Forwarding signal 18 to job
mpirun: Forwarding signal 18 to job
mpirun: Forwarding signal 18 to job
mpirun: Forwarding signal 18 to job
mpirun: Forwarding signal 18 to job
mpirun: Forwarding signal 18 to job
mpirun: Forwarding signal 18 to job
mpirun: Forwarding signal 18 to job
mpirun: Forwarding signal 18 to job
mpirun: Forwarding signal 18 to job
mpirun: Forwarding signal 18 to job
mpirun: Forwarding signal 18 to job
mpirun: Forwarding signal 18 to job
mpirun: Forwarding signal 18 to job
mpirun: Forwarding signal 18 to job
mpirun: Forwarding signal 18 to job
mpirun: Forwarding signal 18 to job
mpirun: Forwarding signal 18 to job
mpirun: Forwarding signal 18 to job
mpirun: Forwarding signal 18 to job
mpirun: Forwarding signal 18 to job
mpirun: Forwarding signal 18 to job
mpirun: Forwarding signal 18 to job
mpirun: Forwarding signal 18 to job
mpirun: Forwarding signal 18 to job
mpirun: Forwarding signal 18 to job
mpirun: Forwarding signal 18 to job
mpirun: Forwarding signal 18 to job
mpirun: Forwarding signal 18 to job
mpirun: Forwarding signal 18 to job
mpirun: Forwarding signal 18 to job
mpirun: Forwarding signal 18 to job
mpirun: Forwarding signal 18 to job
mpirun: Forwarding signal 18 to job
mpirun: Forwarding signal 18 to job
mpirun: Forwarding signal 18 to job
mpirun: Forwarding signal 18 to job
mpirun: Forwarding signal 18 to job
mpirun: Forwarding signal 18 to job
mpirun: Forwarding signal 18 to job
mpirun: Forwarding signal 18 to job
mpirun: abort is already in progress...hit ctrl-c again to forcibly terminate

mpirun: Forwarding signal 18 to job
mpirun: Forwarding signal 18 to job
mpirun: Forwarding signal 18 to job
mpirun: Forwarding signal 18 to job
mpirun: Forwarding signal 18 to job
mpirun: Forwarding signal 18 to job
mpirun: Forwarding signal 18 to job
mpirun: Forwarding signal 18 to job
mpirun: Forwarding signal 18 to job
mpirun: Forwarding signal 18 to job
mpirun: Forwarding signal 18 to job
mpirun: Forwarding signal 18 to job
mpirun: Forwarding signal 18 to job
mpirun: Forwarding signal 18 to job
mpirun: Forwarding signal 18 to job
mpirun: Forwarding signal 18 to job
mpirun: Forwarding signal 18 to job
mpirun: Forwarding signal 18 to job
mpirun: Forwarding signal 18 to job
mpirun: Forwarding signal 18 to job
mpirun: Forwarding signal 18 to job
mpirun: Forwarding signal 18 to job
mpirun: Forwarding signal 18 to job
mpirun: Forwarding signal 18 to job
mpirun: Forwarding signal 18 to job
mpirun: Forwarding signal 18 to job
mpirun: Forwarding signal 18 to job
mpirun: Forwarding signal 18 to job
mpirun: Forwarding signal 18 to job
mpirun: Forwarding signal 18 to job
mpirun: Forwarding signal 18 to job
mpirun: Forwarding signal 18 to job
mpirun: Forwarding signal 18 to job
mpirun: Forwarding signal 18 to job
mpirun: Forwarding signal 18 to job
mpirun: Forwarding signal 18 to job
mpirun: Forwarding signal 18 to job
mpirun: Forwarding signal 18 to job
mpirun: Forwarding signal 18 to job
mpirun: Forwarding signal 18 to job
mpirun: Forwarding signal 18 to job
mpirun: Forwarding signal 18 to job
mpirun: Forwarding signal 18 to job
mpirun: Forwarding signal 18 to job
mpirun: Forwarding signal 18 to job
mpirun: Forwarding signal 18 to job
mpirun: Forwarding signal 18 to job
mpirun: Forwarding signal 18 to job
mpirun: Forwarding signal 18 to job
mpirun: Forwarding signal 18 to job
mpirun: Forwarding signal 18 to job
mpirun: Forwarding signal 18 to job
mpirun: Forwarding signal 18 to job
mpirun: Forwarding signal 18 to job
mpirun: Forwarding signal 18 to job
mpirun: Forwarding signal 18 to job
mpirun: Forwarding signal 18 to job
mpirun: Forwarding signal 18 to job
mpirun: Forwarding signal 18 to job
mpirun: Forwarding signal 18 to job
mpirun: Forwarding signal 18 to job
mpirun: Forwarding signal 18 to job
mpirun: Forwarding signal 18 to job
mpirun: Forwarding signal 18 to job
mpirun: Forwarding signal 18 to job
mpirun: Forwarding signal 18 to job
mpirun: Forwarding signal 18 to job
mpirun: Forwarding signal 18 to job
mpirun: Forwarding signal 18 to job
mpirun: Forwarding signal 18 to job
mpirun: Forwarding signal 18 to job
mpirun: Forwarding signal 18 to job
mpirun: Forwarding signal 18 to job
mpirun: Forwarding signal 18 to job
mpirun: Forwarding signal 18 to job
mpirun: Forwarding signal 18 to job
mpirun: Forwarding signal 18 to job
mpirun: Forwarding signal 18 to job
mpirun: Forwarding signal 18 to job
mpirun: Forwarding signal 18 to job
mpirun: Forwarding signal 18 to job
mpirun: Forwarding signal 18 to job
mpirun: Forwarding signal 18 to job
mpirun: Forwarding signal 18 to job
mpirun: Forwarding signal 18 to job
mpirun: Forwarding signal 18 to job
mpirun: Forwarding signal 18 to job
mpirun: Forwarding signal 18 to job
mpirun: Forwarding signal 18 to job
mpirun: Forwarding signal 18 to job
mpirun: Forwarding signal 18 to job
mpirun: Forwarding signal 18 to job
mpirun: Forwarding signal 18 to job
mpirun: Forwarding signal 18 to job
mpirun: Forwarding signal 18 to job
mpirun: Forwarding signal 18 to job
mpirun: Forwarding signal 18 to job
mpirun: Forwarding signal 18 to job
mpirun: Forwarding signal 18 to job
mpirun: Forwarding signal 18 to job
mpirun: Forwarding signal 18 to job
mpirun: Forwarding signal 18 to job
mpirun: Forwarding signal 18 to job
mpirun: Forwarding signal 18 to job
mpirun: Forwarding signal 18 to job
mpirun: Forwarding signal 18 to job
mpirun: Forwarding signal 18 to job
mpirun: Forwarding signal 18 to job
mpirun: Forwarding signal 18 to job
mpirun: Forwarding signal 18 to job
mpirun: Forwarding signal 18 to job
mpirun: Forwarding signal 18 to job
mpirun: Forwarding signal 18 to job
mpirun: Forwarding signal 18 to job
mpirun: Forwarding signal 18 to job
mpirun: Forwarding signal 18 to job
mpirun: Forwarding signal 18 to job
mpirun: Forwarding signal 18 to job
mpirun: Forwarding signal 18 to job
mpirun: Forwarding signal 18 to job
mpirun: Forwarding signal 18 to job
mpirun: Forwarding signal 18 to job
mpirun: Forwarding signal 18 to job
mpirun: Forwarding signal 18 to job
mpirun: Forwarding signal 18 to job
mpirun: Forwarding signal 18 to job
mpirun: Forwarding signal 18 to job
mpirun: Forwarding signal 18 to job
mpirun: Forwarding signal 18 to job
mpirun: Forwarding signal 18 to job
mpirun: Forwarding signal 18 to job
mpirun: Forwarding signal 18 to job
mpirun: Forwarding signal 18 to job
mpirun: Forwarding signal 18 to job
mpirun: Forwarding signal 18 to job
mpirun: Forwarding signal 18 to job
mpirun: Forwarding signal 18 to job
mpirun: Forwarding signal 18 to job
mpirun: Forwarding signal 18 to job
mpirun: Forwarding signal 18 to job
mpirun: Forwarding signal 18 to job
mpirun: Forwarding signal 18 to job
mpirun: Forwarding signal 18 to job
mpirun: Forwarding signal 18 to job
mpirun: Forwarding signal 18 to job
mpirun: Forwarding signal 18 to job
mpirun: Forwarding signal 18 to job
mpirun: Forwarding signal 18 to job
mpirun: Forwarding signal 18 to job
mpirun: Forwarding signal 18 to job
mpirun: Forwarding signal 18 to job
mpirun: Forwarding signal 18 to job
mpirun: Forwarding signal 18 to job
mpirun: Forwarding signal 18 to job
mpirun: Forwarding signal 18 to job
mpirun: Forwarding signal 18 to job
mpirun: Forwarding signal 18 to job
mpirun: Forwarding signal 18 to job
mpirun: Forwarding signal 18 to job
mpirun: Forwarding signal 18 to job
mpirun: Forwarding signal 18 to job
mpirun: Forwarding signal 18 to job
mpirun: Forwarding signal 18 to job
mpirun: Forwarding signal 18 to job
mpirun: Forwarding signal 18 to job
mpirun: Forwarding signal 18 to job
mpirun: Forwarding signal 18 to job
mpirun: Forwarding signal 18 to job
mpirun: Forwarding signal 18 to job
mpirun: Forwarding signal 18 to job
mpirun: Forwarding signal 18 to job
mpirun: Forwarding signal 18 to job
mpirun: Forwarding signal 18 to job
mpirun: Forwarding signal 18 to job
mpirun: Forwarding signal 18 to job
mpirun: Forwarding signal 18 to job
mpirun: Forwarding signal 18 to job
mpirun: Forwarding signal 18 to job
mpirun: Forwarding signal 18 to job
mpirun: Forwarding signal 18 to job
mpirun: Forwarding signal 18 to job
mpirun: Forwarding signal 18 to job
mpirun: Forwarding signal 18 to job
mpirun: Forwarding signal 18 to job
mpirun: Forwarding signal 18 to job
mpirun: Forwarding signal 18 to job
mpirun: Forwarding signal 18 to job
mpirun: Forwarding signal 18 to job
mpirun: Forwarding signal 18 to job
mpirun: Forwarding signal 18 to job
mpirun: Forwarding signal 18 to job
mpirun: Forwarding signal 18 to job
mpirun: Forwarding signal 18 to job
mpirun: Forwarding signal 18 to job
mpirun: Forwarding signal 18 to job
mpirun: Forwarding signal 18 to job
mpirun: Forwarding signal 18 to job
mpirun: Forwarding signal 18 to job
mpirun: Forwarding signal 18 to job
mpirun: Forwarding signal 18 to job
mpirun: Forwarding signal 18 to job
mpirun: Forwarding signal 18 to job
mpirun: Forwarding signal 18 to job
mpirun: Forwarding signal 18 to job
mpirun: Forwarding signal 18 to job
mpirun: Forwarding signal 18 to job
mpirun: Forwarding signal 18 to job
mpirun: Forwarding signal 18 to job
mpirun: Forwarding signal 18 to job
mpirun: Forwarding signal 18 to job
mpirun: Forwarding signal 18 to job
mpirun: Forwarding signal 18 to job
mpirun: Forwarding signal 18 to job
mpirun: Forwarding signal 18 to job
mpirun: Forwarding signal 18 to job
mpirun: Forwarding signal 18 to job
mpirun: Forwarding signal 18 to job
mpirun: Forwarding signal 18 to job
mpirun: Forwarding signal 18 to job
mpirun: Forwarding signal 18 to job
mpirun: Forwarding signal 18 to job
mpirun: Forwarding signal 18 to job
mpirun: Forwarding signal 18 to job
mpirun: Forwarding signal 18 to job
mpirun: Forwarding signal 18 to job
mpirun: Forwarding signal 18 to job
mpirun: Forwarding signal 18 to job
mpirun: Forwarding signal 18 to job
mpirun: Forwarding signal 18 to job
mpirun: Forwarding signal 18 to job
mpirun: Forwarding signal 18 to job
mpirun: Forwarding signal 18 to job
mpirun: Forwarding signal 18 to job
mpirun: Forwarding signal 18 to job
mpirun: Forwarding signal 18 to job
mpirun: Forwarding signal 18 to job
mpirun: Forwarding signal 18 to job
mpirun: Forwarding signal 18 to job
mpirun: Forwarding signal 18 to job
mpirun: Forwarding signal 18 to job
mpirun: Forwarding signal 18 to job
mpirun: Forwarding signal 18 to job
mpirun: Forwarding signal 18 to job
mpirun: Forwarding signal 18 to job
mpirun: Forwarding signal 18 to job
mpirun: Forwarding signal 18 to job
mpirun: Forwarding signal 18 to job
mpirun: Forwarding signal 18 to job
mpirun: Forwarding signal 18 to job
mpirun: Forwarding signal 18 to job
mpirun: Forwarding signal 18 to job
mpirun: Forwarding signal 18 to job
mpirun: Forwarding signal 18 to job
mpirun: Forwarding signal 18 to job
mpirun: Forwarding signal 18 to job
mpirun: Forwarding signal 18 to job
mpirun: Forwarding signal 18 to job
mpirun: Forwarding signal 18 to job
mpirun: Forwarding signal 18 to job
mpirun: Forwarding signal 18 to job
mpirun: Forwarding signal 18 to job
mpirun: Forwarding signal 18 to job
mpirun: Forwarding signal 18 to job
mpirun: Forwarding signal 18 to job
mpirun: Forwarding signal 18 to job
mpirun: Forwarding signal 18 to job
mpirun: Forwarding signal 18 to job
mpirun: Forwarding signal 18 to job
mpirun: Forwarding signal 18 to job
mpirun: Forwarding signal 18 to job
mpirun: Forwarding signal 18 to job
mpirun: Forwarding signal 18 to job
mpirun: Forwarding signal 18 to job
mpirun: Forwarding signal 18 to job
mpirun: Forwarding signal 18 to job
mpirun: Forwarding signal 18 to job
mpirun: Forwarding signal 18 to job
mpirun: Forwarding signal 18 to job
