 Data for JOB [54903,1] offset 0

 ========================   JOB MAP   ========================

 Data for node: ivb112	Num slots: 6	Max slots: 0	Num procs: 6
 	Process OMPI jobid: [54903,1] App: 0 Process rank: 0
 	Process OMPI jobid: [54903,1] App: 0 Process rank: 1
 	Process OMPI jobid: [54903,1] App: 0 Process rank: 2
 	Process OMPI jobid: [54903,1] App: 0 Process rank: 3
 	Process OMPI jobid: [54903,1] App: 0 Process rank: 4
 	Process OMPI jobid: [54903,1] App: 0 Process rank: 5

 Data for node: ivb113	Num slots: 6	Max slots: 0	Num procs: 6
 	Process OMPI jobid: [54903,1] App: 0 Process rank: 6
 	Process OMPI jobid: [54903,1] App: 0 Process rank: 7
 	Process OMPI jobid: [54903,1] App: 0 Process rank: 8
 	Process OMPI jobid: [54903,1] App: 0 Process rank: 9
 	Process OMPI jobid: [54903,1] App: 0 Process rank: 10
 	Process OMPI jobid: [54903,1] App: 0 Process rank: 11

 =============================================================
[ivb112:35201] MCW rank 0 bound to socket 0[core 0[hwt 0]]: [B/././././././././.][./././././././././.]
[ivb112:35201] MCW rank 1 bound to socket 0[core 1[hwt 0]]: [./B/./././././././.][./././././././././.]
[ivb112:35201] MCW rank 2 bound to socket 0[core 2[hwt 0]]: [././B/././././././.][./././././././././.]
[ivb112:35201] MCW rank 3 bound to socket 0[core 3[hwt 0]]: [./././B/./././././.][./././././././././.]
[ivb112:35201] MCW rank 4 bound to socket 0[core 4[hwt 0]]: [././././B/././././.][./././././././././.]
[ivb112:35201] MCW rank 5 bound to socket 0[core 5[hwt 0]]: [./././././B/./././.][./././././././././.]
[ivb113:21907] MCW rank 11 bound to socket 0[core 5[hwt 0]]: [./././././B/./././.][./././././././././.]
[ivb113:21907] MCW rank 6 bound to socket 0[core 0[hwt 0]]: [B/././././././././.][./././././././././.]
[ivb113:21907] MCW rank 7 bound to socket 0[core 1[hwt 0]]: [./B/./././././././.][./././././././././.]
[ivb113:21907] MCW rank 8 bound to socket 0[core 2[hwt 0]]: [././B/././././././.][./././././././././.]
[ivb113:21907] MCW rank 9 bound to socket 0[core 3[hwt 0]]: [./././B/./././././.][./././././././././.]
[ivb113:21907] MCW rank 10 bound to socket 0[core 4[hwt 0]]: [././././B/././././.][./././././././././.]
/*---------------------------------------------------------------------------*\
| =========                 |                                                 |
| \\      /  F ield         | foam-extend: Open Source CFD                    |
|  \\    /   O peration     | Version:     3.1                                |
|   \\  /    A nd           | Web:         http://www.extend-project.de       |
|    \\/     M anipulation  |                                                 |
\*---------------------------------------------------------------------------*/
Build    : 3.1-e2da948002a2
Exec     : pimpleDyMFoam -parallel
Date     : May 23 2016
Time     : 09:36:38
Host     : ivb112
PID      : 35249
CtrlDict : /home-2/vplatonov/foam/foam-extend-3.1/etc/controlDict
Case     : /home/vplatonov/tests/3D-mesh1-of3.1
nProcs   : 12
Slaves : 
11
(
ivb112.35252
ivb112.35260
ivb112.35255
ivb112.35248
ivb112.35258
ivb113.21952
ivb113.21955
ivb113.21958
ivb113.21949
ivb113.21950
ivb113.21960
)

Pstream initialized with:
    floatTransfer     : 0
    nProcsSimpleSum   : 0
    commsType         : blocking
SigFpe   : Enabling floating point exception trapping (FOAM_SIGFPE).

// * * * * * * * * * * * * * * * * * * * * * * * * * * * * * * * * * * * * * //
Create time

Create dynamic mesh for time = 0

Selecting dynamicFvMesh dynamicMotionSolverFvMesh
Selecting motion solver: displacementLaplacian
Selecting motion diffusion: quadratic
Selecting motion diffusion: inverseDistance
Reading field p

Reading field U

Reading/calculating face flux field phi

Selecting incompressible transport model Newtonian
Selecting turbulence model type LESModel
Selecting LES turbulence model oneEqEddy
oneEqEddyCoeffs
{
    ce              1.048;
    ck              0.094;
}

Reading field rAU if present


Starting time loop

Courant Number mean: 0 max: 0.0007592825 velocity magnitude: 0.4779
Reading old state
Before setting displacements
GAMGPCG:  Solving for cellDisplacementx, Initial residual = 0, Final residual = 0, No Iterations 0
GAMGPCG:  Solving for cellDisplacementy, Initial residual = 0, Final residual = 0, No Iterations 0
GAMGPCG:  Solving for cellDisplacementz, Initial residual = 0, Final residual = 0, No Iterations 0
Time = 5e-06

GAMGPCG:  Solving for cellDisplacementx, Initial residual = 0, Final residual = 0, No Iterations 0
GAMGPCG:  Solving for cellDisplacementy, Initial residual = 0, Final residual = 0, No Iterations 0
GAMGPCG:  Solving for cellDisplacementz, Initial residual = 0, Final residual = 0, No Iterations 0
volume continuity errors : volume = 4.535015, max error = 0, sum local = 0, global = 0
smoothSolver:  Solving for Ux, Initial residual = 1, Final residual = 2.908938e-08, No Iterations 1
smoothSolver:  Solving for Uy, Initial residual = 1, Final residual = 3.336054e-08, No Iterations 1
smoothSolver:  Solving for Uz, Initial residual = 0.9999962, Final residual = 2.828127e-08, No Iterations 1
Created persistent data with name p
Computing AINV with droptol 0.02
GPU: 776 iters: 20.21681 s: 19.50757 GB/s
GPUPCG:  Solving for p, Initial residual = 1, Final residual = 0.009918405, No Iterations 776
Computing AINV with droptol 0.02
GPU: 156 iters: 4.072076 s: 19.46986 GB/s
GPUPCG:  Solving for p, Initial residual = 0.0004703998, Final residual = 9.961469e-06, No Iterations 156
time step continuity errors : sum local = 2.242738e-09, global = 1.445452e-12, cumulative = 1.445452e-12
Moving mesh time step continuity errors : sum local = 2.242738e-09, global = 1.445452e-12, cumulative = 2.890905e-12
GPU: 145 iters: 3.851452 s: 19.13364 GB/s
GPUPCG:  Solving for p, Initial residual = 0.0001095118, Final residual = 9.774163e-06, No Iterations 145
GPU: 725 iters: 18.90431 s: 19.49087 GB/s
GPUPCG:  Solving for p, Initial residual = 4.637518e-05, Final residual = 9.796458e-08, No Iterations 725
time step continuity errors : sum local = 2.206696e-11, global = -2.188275e-13, cumulative = 2.672077e-12
Moving mesh time step continuity errors : sum local = 2.206696e-11, global = -2.188275e-13, cumulative = 2.45325e-12
smoothSolver:  Solving for k, Initial residual = 1, Final residual = 1.528718e-11, No Iterations 2
ExecutionTime = 109.97 s  ClockTime = 116 s

Courant Number mean: 7.67495e-05 max: 0.002865074 velocity magnitude: 0.9550937
yForce = -0.6539063
Y= -1.009557e-12
Vy= -4.038223e-07
Time = 1e-05

GAMGPCG:  Solving for cellDisplacementx, Initial residual = 0, Final residual = 0, No Iterations 0
GAMGPCG:  Solving for cellDisplacementy, Initial residual = 1, Final residual = 6.449211e-09, No Iterations 1
GAMGPCG:  Solving for cellDisplacementz, Initial residual = 0, Final residual = 0, No Iterations 0
volume continuity errors : volume = 4.535015, max error = 9.788676e-09, sum local = 6.010493e-15, global = 1.664234e-18
smoothSolver:  Solving for Ux, Initial residual = 0.9975502, Final residual = 9.189996e-07, No Iterations 1
smoothSolver:  Solving for Uy, Initial residual = 0.3333308, Final residual = 2.407113e-06, No Iterations 1
smoothSolver:  Solving for Uz, Initial residual = 0.318486, Final residual = 1.329014e-06, No Iterations 1
GPU: 780 iters: 20.3706 s: 19.46009 GB/s
GPUPCG:  Solving for p, Initial residual = 0.003643916, Final residual = 3.574679e-05, No Iterations 780
GPU: 227 iters: 5.995354 s: 19.24266 GB/s
GPUPCG:  Solving for p, Initial residual = 0.001403287, Final residual = 1.40319e-05, No Iterations 227
time step continuity errors : sum local = 1.054729e-09, global = 6.6993e-13, cumulative = 3.12318e-12
Moving mesh time step continuity errors : sum local = 1.054729e-09, global = 6.6993e-13, cumulative = 3.79311e-12
GPU: 311 iters: 8.204334 s: 19.26509 GB/s
GPUPCG:  Solving for p, Initial residual = 0.0003133761, Final residual = 9.998826e-06, No Iterations 311
GPU: 671 iters: 17.51944 s: 19.46509 GB/s
GPUPCG:  Solving for p, Initial residual = 0.000118492, Final residual = 9.748792e-08, No Iterations 671
time step continuity errors : sum local = 7.320174e-12, global = -5.490632e-14, cumulative = 3.738203e-12
Moving mesh time step continuity errors : sum local = 7.320174e-12, global = -5.490632e-14, cumulative = 3.683297e-12
smoothSolver:  Solving for k, Initial residual = 0.008780208, Final residual = 4.935634e-09, No Iterations 1
ExecutionTime = 179.93 s  ClockTime = 187 s

Courant Number mean: 7.675191e-05 max: 0.002856928 velocity magnitude: 0.9523781
yForce = 1.111963
Y= -1.311923e-12
Vy= 2.82875e-07
Time = 1.5e-05

GAMGPCG:  Solving for cellDisplacementx, Initial residual = 0, Final residual = 0, No Iterations 0
GAMGPCG:  Solving for cellDisplacementy, Initial residual = 0.252841, Final residual = 3.079002e-09, No Iterations 1
GAMGPCG:  Solving for cellDisplacementz, Initial residual = 0, Final residual = 0, No Iterations 0
volume continuity errors : volume = 4.535015, max error = 1.117928e-08, sum local = 6.626826e-15, global = -7.440821e-18
smoothSolver:  Solving for Ux, Initial residual = 0.9921625, Final residual = 9.149008e-07, No Iterations 1
smoothSolver:  Solving for Uy, Initial residual = 0.1847129, Final residual = 1.487269e-06, No Iterations 1
smoothSolver:  Solving for Uz, Initial residual = 0.6467391, Final residual = 2.338818e-06, No Iterations 1
GPU: 777 iters: 20.24387 s: 19.5066 GB/s
GPUPCG:  Solving for p, Initial residual = 0.002800853, Final residual = 2.696781e-05, No Iterations 777
GPU: 226 iters: 5.992588 s: 19.16673 GB/s
GPUPCG:  Solving for p, Initial residual = 0.09880765, Final residual = 0.0009871213, No Iterations 226
time step continuity errors : sum local = 3.450065e-10, global = -2.433319e-13, cumulative = 3.439965e-12
Moving mesh time step continuity errors : sum local = 3.450065e-10, global = -2.433319e-13, cumulative = 3.196633e-12
GPU: 422 iters: 11.09955 s: 19.3224 GB/s
GPUPCG:  Solving for p, Initial residual = 0.02238029, Final residual = 0.0002226694, No Iterations 422
GPU: 879 iters: 22.97753 s: 19.44194 GB/s
GPUPCG:  Solving for p, Initial residual = 0.007521853, Final residual = 9.975839e-08, No Iterations 879
time step continuity errors : sum local = 3.170104e-14, global = -2.644387e-17, cumulative = 3.196607e-12
Moving mesh time step continuity errors : sum local = 3.170104e-14, global = -2.644387e-17, cumulative = 3.19658e-12
smoothSolver:  Solving for k, Initial residual = 0.003835061, Final residual = 1.956134e-09, No Iterations 1
ExecutionTime = 258.36 s  ClockTime = 267 s

Courant Number mean: 7.675235e-05 max: 0.002858855 velocity magnitude: 0.9530207
yForce = -0.0704279
Y= -6.281911e-15
Vy= 2.393816e-07
Time = 2e-05

GAMGPCG:  Solving for cellDisplacementx, Initial residual = 0, Final residual = 0, No Iterations 0
GAMGPCG:  Solving for cellDisplacementy, Initial residual = 1, Final residual = 5.943916e-09, No Iterations 1
GAMGPCG:  Solving for cellDisplacementz, Initial residual = 0, Final residual = 0, No Iterations 0
volume continuity errors : volume = 4.535015, max error = 1.027344e-08, sum local = 6.599765e-15, global = 1.288267e-18
smoothSolver:  Solving for Ux, Initial residual = 0.05066662, Final residual = 8.684428e-08, No Iterations 1
smoothSolver:  Solving for Uy, Initial residual = 0.01316603, Final residual = 1.711844e-07, No Iterations 1
smoothSolver:  Solving for Uz, Initial residual = 0.9192134, Final residual = 3.612131e-06, No Iterations 1
GPU: 105 iters: 2.783672 s: 19.17014 GB/s
GPUPCG:  Solving for p, Initial residual = 0.2265683, Final residual = 0.00221107, No Iterations 105
GPU: 356 iters: 9.262465 s: 19.53338 GB/s
GPUPCG:  Solving for p, Initial residual = 0.01247442, Final residual = 0.0001237736, No Iterations 356
time step continuity errors : sum local = 3.339031e-11, global = -3.262606e-12, cumulative = -6.602613e-14
Moving mesh time step continuity errors : sum local = 3.339031e-11, global = -3.262606e-12, cumulative = -3.328633e-12
GPU: 556 iters: 14.47528 s: 19.52099 GB/s
GPUPCG:  Solving for p, Initial residual = 0.004235294, Final residual = 4.13268e-05, No Iterations 556
GPU: 817 iters: 21.4268 s: 19.37844 GB/s
GPUPCG:  Solving for p, Initial residual = 0.00179963, Final residual = 9.771956e-08, No Iterations 817
time step continuity errors : sum local = 2.620502e-14, global = -1.381047e-16, cumulative = -3.328771e-12
Moving mesh time step continuity errors : sum local = 2.620502e-14, global = -1.381047e-16, cumulative = -3.328909e-12
smoothSolver:  Solving for k, Initial residual = 0.002273125, Final residual = 1.107178e-09, No Iterations 1
ExecutionTime = 324.16 s  ClockTime = 333 s

Courant Number mean: 7.675292e-05 max: 0.002856742 velocity magnitude: 0.9523163
yForce = -0.2255093
Y= 8.424646e-13
Vy= 1.001171e-07
Time = 2.5e-05

GAMGPCG:  Solving for cellDisplacementx, Initial residual = 0, Final residual = 0, No Iterations 0
GAMGPCG:  Solving for cellDisplacementy, Initial residual = 0.7437898, Final residual = 6.502097e-09, No Iterations 1
GAMGPCG:  Solving for cellDisplacementz, Initial residual = 0, Final residual = 0, No Iterations 0
volume continuity errors : volume = 4.535015, max error = 1.207089e-08, sum local = 6.658498e-15, global = 3.413968e-18
smoothSolver:  Solving for Ux, Initial residual = 0.02706918, Final residual = 3.538595e-08, No Iterations 1
smoothSolver:  Solving for Uy, Initial residual = 0.004544396, Final residual = 6.310257e-08, No Iterations 1
smoothSolver:  Solving for Uz, Initial residual = 0.7461563, Final residual = 4.015032e-06, No Iterations 1
GPU: 29 iters: 0.8119324 s: 18.15232 GB/s
GPUPCG:  Solving for p, Initial residual = 0.1533785, Final residual = 0.001529596, No Iterations 29
GPU: 391 iters: 10.21832 s: 19.44695 GB/s
GPUPCG:  Solving for p, Initial residual = 0.003899611, Final residual = 3.847794e-05, No Iterations 391
time step continuity errors : sum local = 9.147979e-12, global = 6.417026e-13, cumulative = -2.687206e-12
Moving mesh time step continuity errors : sum local = 9.147979e-12, global = 6.417026e-13, cumulative = -2.045504e-12
GPU: 566 iters: 14.83642 s: 19.38837 GB/s
GPUPCG:  Solving for p, Initial residual = 0.001010421, Final residual = 1.005833e-05, No Iterations 566
GPU: 778 iters: 20.30642 s: 19.47154 GB/s
GPUPCG:  Solving for p, Initial residual = 0.0003960635, Final residual = 9.845592e-08, No Iterations 778
time step continuity errors : sum local = 2.333291e-14, global = -3.783657e-17, cumulative = -2.045541e-12
Moving mesh time step continuity errors : sum local = 2.333291e-14, global = -3.783657e-17, cumulative = -2.045579e-12
smoothSolver:  Solving for k, Initial residual = 0.001554793, Final residual = 7.438499e-10, No Iterations 1
ExecutionTime = 388.69 s  ClockTime = 399 s

Courant Number mean: 7.675305e-05 max: 0.002854609 velocity magnitude: 0.9516052
yForce = 0.1679062
Y= 1.602278e-12
Vy= 2.038081e-07
Time = 3e-05

GAMGPCG:  Solving for cellDisplacementx, Initial residual = 0, Final residual = 0, No Iterations 0
GAMGPCG:  Solving for cellDisplacementy, Initial residual = 0.4873346, Final residual = 4.066185e-09, No Iterations 1
GAMGPCG:  Solving for cellDisplacementz, Initial residual = 0, Final residual = 0, No Iterations 0
volume continuity errors : volume = 4.535015, max error = 1.294701e-08, sum local = 6.719066e-15, global = -8.740175e-19
smoothSolver:  Solving for Ux, Initial residual = 0.01761468, Final residual = 1.834199e-08, No Iterations 1
smoothSolver:  Solving for Uy, Initial residual = 0.001237529, Final residual = 3.22893e-08, No Iterations 1
smoothSolver:  Solving for Uz, Initial residual = 0.3647453, Final residual = 3.895359e-06, No Iterations 1
GPU: 5 iters: 0.1425979 s: 17.82013 GB/s
GPUPCG:  Solving for p, Initial residual = 0.1088623, Final residual = 0.0009408758, No Iterations 5
GPU: 146 iters: 3.8884 s: 19.08253 GB/s
GPUPCG:  Solving for p, Initial residual = 0.001653807, Final residual = 1.643609e-05, No Iterations 146
time step continuity errors : sum local = 3.526266e-12, global = -9.118355e-17, cumulative = -2.04567e-12
Moving mesh time step continuity errors : sum local = 3.526266e-12, global = -9.118355e-17, cumulative = -2.045762e-12
GPU: 31 iters: 0.8340434 s: 18.88979 GB/s
GPUPCG:  Solving for p, Initial residual = 0.0002974231, Final residual = 9.503839e-06, No Iterations 31
GPU: 647 iters: 16.81984 s: 19.54954 GB/s
GPUPCG:  Solving for p, Initial residual = 0.0001154485, Final residual = 9.649182e-08, No Iterations 647
time step continuity errors : sum local = 2.069183e-14, global = -2.657936e-17, cumulative = -2.045788e-12
Moving mesh time step continuity errors : sum local = 2.069183e-14, global = -2.657936e-17, cumulative = -2.045815e-12
smoothSolver:  Solving for k, Initial residual = 0.001156912, Final residual = 5.465132e-10, No Iterations 1
ExecutionTime = 429.17 s  ClockTime = 440 s

Courant Number mean: 7.675315e-05 max: 0.002852247 velocity magnitude: 0.9508177
yForce = -0.03880296
Y= 2.56141e-12
Vy= 1.798448e-07
Time = 3.5e-05

GAMGPCG:  Solving for cellDisplacementx, Initial residual = 0, Final residual = 0, No Iterations 0
GAMGPCG:  Solving for cellDisplacementy, Initial residual = 0.4366293, Final residual = 1.876783e-09, No Iterations 1
GAMGPCG:  Solving for cellDisplacementz, Initial residual = 0, Final residual = 0, No Iterations 0
volume continuity errors : volume = 4.535015, max error = 1.064054e-08, sum local = 6.757635e-15, global = 4.912019e-18
smoothSolver:  Solving for Ux, Initial residual = 0.01352739, Final residual = 1.449029e-08, No Iterations 1
smoothSolver:  Solving for Uy, Initial residual = 0.0009593078, Final residual = 2.428181e-08, No Iterations 1
smoothSolver:  Solving for Uz, Initial residual = 0.2217562, Final residual = 2.682478e-06, No Iterations 1
GPU: 3 iters: 0.1114621 s: 13.6788 GB/s
GPUPCG:  Solving for p, Initial residual = 0.09114973, Final residual = 0.0008363732, No Iterations 3
GPU: 125 iters: 3.275206 s: 19.39659 GB/s
GPUPCG:  Solving for p, Initial residual = 0.001013791, Final residual = 9.955181e-06, No Iterations 125
time step continuity errors : sum local = 1.961298e-12, global = -1.529801e-17, cumulative = -2.04583e-12
Moving mesh time step continuity errors : sum local = 1.961298e-12, global = -1.529801e-17, cumulative = -2.045845e-12
GPU: 27 iters: 0.7162947 s: 19.15694 GB/s
GPUPCG:  Solving for p, Initial residual = 9.382313e-05, Final residual = 9.557434e-06, No Iterations 27
GPU: 641 iters: 16.93399 s: 19.23768 GB/s
GPUPCG:  Solving for p, Initial residual = 3.288998e-05, Final residual = 9.974526e-08, No Iterations 641
time step continuity errors : sum local = 1.964572e-14, global = -2.886547e-17, cumulative = -2.045874e-12
Moving mesh time step continuity errors : sum local = 1.964572e-14, global = -2.886547e-17, cumulative = -2.045903e-12
smoothSolver:  Solving for k, Initial residual = 0.0009097414, Final residual = 4.377438e-10, No Iterations 1
ExecutionTime = 468.57 s  ClockTime = 480 s

Courant Number mean: 7.67532e-05 max: 0.002849501 velocity magnitude: 0.9499023
yForce = -0.02374456
Y= 3.423975e-12
Vy= 1.65181e-07
Time = 4e-05

GAMGPCG:  Solving for cellDisplacementx, Initial residual = 0, Final residual = 0, No Iterations 0
GAMGPCG:  Solving for cellDisplacementy, Initial residual = 0.3248293, Final residual = 2.321542e-09, No Iterations 1
GAMGPCG:  Solving for cellDisplacementz, Initial residual = 0, Final residual = 0, No Iterations 0
volume continuity errors : volume = 4.535015, max error = 1.046015e-08, sum local = 6.774399e-15, global = 3.771996e-18
smoothSolver:  Solving for Ux, Initial residual = 0.01095199, Final residual = 1.187602e-08, No Iterations 1
smoothSolver:  Solving for Uy, Initial residual = 0.0008075611, Final residual = 1.943173e-08, No Iterations 1
smoothSolver:  Solving for Uz, Initial residual = 0.1793228, Final residual = 2.371998e-06, No Iterations 1
GPU: 3 iters: 0.1087145 s: 14.02451 GB/s
GPUPCG:  Solving for p, Initial residual = 0.07497273, Final residual = 0.0004529601, No Iterations 3
GPU: 41 iters: 1.089828 s: 19.11965 GB/s
GPUPCG:  Solving for p, Initial residual = 0.0005909774, Final residual = 9.342211e-06, No Iterations 41
time step continuity errors : sum local = 1.70979e-12, global = -4.510027e-17, cumulative = -2.045948e-12
Moving mesh time step continuity errors : sum local = 1.70979e-12, global = -4.510027e-17, cumulative = -2.045993e-12
GPU: 3 iters: 0.1107393 s: 13.76809 GB/s
GPUPCG:  Solving for p, Initial residual = 3.947806e-05, Final residual = 9.848568e-06, No Iterations 3
GPU: 651 iters: 17.07949 s: 19.37136 GB/s
GPUPCG:  Solving for p, Initial residual = 1.491663e-05, Final residual = 9.582328e-08, No Iterations 651
time step continuity errors : sum local = 1.753517e-14, global = -2.165532e-17, cumulative = -2.046015e-12
Moving mesh time step continuity errors : sum local = 1.753517e-14, global = -2.165532e-17, cumulative = -2.046037e-12
smoothSolver:  Solving for k, Initial residual = 0.0007436919, Final residual = 3.630109e-10, No Iterations 1
ExecutionTime = 504.65 s  ClockTime = 516 s

Courant Number mean: 7.675322e-05 max: 0.002846381 velocity magnitude: 0.9488623
yForce = 0.02245001
Y= 4.28454e-12
Vy= 1.790449e-07
Time = 4.5e-05

GAMGPCG:  Solving for cellDisplacementx, Initial residual = 0, Final residual = 0, No Iterations 0
GAMGPCG:  Solving for cellDisplacementy, Initial residual = 0.2615081, Final residual = 2.040228e-09, No Iterations 1
GAMGPCG:  Solving for cellDisplacementz, Initial residual = 0, Final residual = 0, No Iterations 0
volume continuity errors : volume = 4.535015, max error = 1.058798e-08, sum local = 6.787977e-15, global = 8.630538e-19
smoothSolver:  Solving for Ux, Initial residual = 0.009356412, Final residual = 1.007143e-08, No Iterations 1
smoothSolver:  Solving for Uy, Initial residual = 0.0006791563, Final residual = 1.601662e-08, No Iterations 1
smoothSolver:  Solving for Uz, Initial residual = 0.1710307, Final residual = 1.965404e-06, No Iterations 1
GPU: 3 iters: 0.1113983 s: 13.68664 GB/s
GPUPCG:  Solving for p, Initial residual = 0.06276955, Final residual = 0.0003620758, No Iterations 3
GPU: 19 iters: 0.5164767 s: 18.69635 GB/s
GPUPCG:  Solving for p, Initial residual = 0.0004633151, Final residual = 9.883261e-06, No Iterations 19
time step continuity errors : sum local = 1.695018e-12, global = 4.491364e-17, cumulative = -2.045992e-12
Moving mesh time step continuity errors : sum local = 1.695018e-12, global = 4.491364e-17, cumulative = -2.045947e-12
GPU: 2 iters: 0.08776486 s: 11.58146 GB/s
GPUPCG:  Solving for p, Initial residual = 2.614609e-05, Final residual = 8.401304e-06, No Iterations 2
GPU: 418 iters: 10.85629 s: 19.56811 GB/s
GPUPCG:  Solving for p, Initial residual = 9.193948e-06, Final residual = 9.953289e-08, No Iterations 418
time step continuity errors : sum local = 1.706912e-14, global = 1.488217e-15, cumulative = -2.044459e-12
Moving mesh time step continuity errors : sum local = 1.706912e-14, global = 1.488217e-15, cumulative = -2.04297e-12
smoothSolver:  Solving for k, Initial residual = 0.0006255963, Final residual = 3.112265e-10, No Iterations 1
ExecutionTime = 534.17 s  ClockTime = 546 s

Courant Number mean: 7.675321e-05 max: 0.00284288 velocity magnitude: 0.9482452
yForce = -0.007321489
Y= 5.16846e-12
Vy= 1.745232e-07
Time = 5e-05

GAMGPCG:  Solving for cellDisplacementx, Initial residual = 0, Final residual = 0, No Iterations 0
GAMGPCG:  Solving for cellDisplacementy, Initial residual = 0.2284301, Final residual = 1.031141e-09, No Iterations 1
GAMGPCG:  Solving for cellDisplacementz, Initial residual = 0, Final residual = 0, No Iterations 0
volume continuity errors : volume = 4.535015, max error = 1.113813e-08, sum local = 6.782818e-15, global = -8.329637e-19
smoothSolver:  Solving for Ux, Initial residual = 0.008276678, Final residual = 8.761696e-09, No Iterations 1
smoothSolver:  Solving for Uy, Initial residual = 0.0005942916, Final residual = 1.356127e-08, No Iterations 1
smoothSolver:  Solving for Uz, Initial residual = 0.1404406, Final residual = 1.57565e-06, No Iterations 1
Computing AINV with droptol 0.02
GPU: 3 iters: 0.1118544 s: 13.63083 GB/s
GPUPCG:  Solving for p, Initial residual = 0.05636383, Final residual = 0.0003029679, No Iterations 3
GPU: 16 iters: 0.4636648 s: 17.53759 GB/s
GPUPCG:  Solving for p, Initial residual = 0.0003822284, Final residual = 9.197652e-06, No Iterations 16
time step continuity errors : sum local = 1.488382e-12, global = 3.472239e-15, cumulative = -2.039498e-12
Moving mesh time step continuity errors : sum local = 1.488382e-12, global = 3.472239e-15, cumulative = -2.036026e-12
GPU: 1 iters: 0.06284131 s: 8.087398 GB/s
GPUPCG:  Solving for p, Initial residual = 2.020194e-05, Final residual = 8.915836e-06, No Iterations 1
GPU: 645 iters: 16.86421 s: 19.43784 GB/s
GPUPCG:  Solving for p, Initial residual = 9.554525e-06, Final residual = 9.608191e-08, No Iterations 645
time step continuity errors : sum local = 1.554762e-14, global = 1.34451e-17, cumulative = -2.036012e-12
Moving mesh time step continuity errors : sum local = 1.554762e-14, global = 1.34451e-17, cumulative = -2.035999e-12
smoothSolver:  Solving for k, Initial residual = 0.0005378836, Final residual = 2.738294e-10, No Iterations 1
ExecutionTime = 570.01 s  ClockTime = 582 s

yForce = -0.001429472
Y= 6.038868e-12
Vy= 1.736401e-07
End

Finalising parallel run
/home-2/vplatonov/bin/nvmps: line 33: 21950 Segmentation fault      "$@"
-------------------------------------------------------
Primary job  terminated normally, but 1 process returned
a non-zero exit code.. Per user-direction, the job has been aborted.
-------------------------------------------------------
slurmstepd: *** JOB 7240 ON ivb112 CANCELLED AT 2016-05-23T09:53:50 DUE TO TIME LIMIT ***
--------------------------------------------------------------------------
mpirun detected that one or more processes exited with non-zero status, thus causing
the job to be terminated. The first process to do so was:

  Process name: [[54903,1],10]
  Exit code:    139
--------------------------------------------------------------------------
