 Data for JOB [51683,1] offset 0

 ========================   JOB MAP   ========================

 Data for node: ivb112	Num slots: 8	Max slots: 0	Num procs: 8
 	Process OMPI jobid: [51683,1] App: 0 Process rank: 0
 	Process OMPI jobid: [51683,1] App: 0 Process rank: 1
 	Process OMPI jobid: [51683,1] App: 0 Process rank: 2
 	Process OMPI jobid: [51683,1] App: 0 Process rank: 3
 	Process OMPI jobid: [51683,1] App: 0 Process rank: 4
 	Process OMPI jobid: [51683,1] App: 0 Process rank: 5
 	Process OMPI jobid: [51683,1] App: 0 Process rank: 6
 	Process OMPI jobid: [51683,1] App: 0 Process rank: 7

 Data for node: ivb113	Num slots: 8	Max slots: 0	Num procs: 8
 	Process OMPI jobid: [51683,1] App: 0 Process rank: 8
 	Process OMPI jobid: [51683,1] App: 0 Process rank: 9
 	Process OMPI jobid: [51683,1] App: 0 Process rank: 10
 	Process OMPI jobid: [51683,1] App: 0 Process rank: 11
 	Process OMPI jobid: [51683,1] App: 0 Process rank: 12
 	Process OMPI jobid: [51683,1] App: 0 Process rank: 13
 	Process OMPI jobid: [51683,1] App: 0 Process rank: 14
 	Process OMPI jobid: [51683,1] App: 0 Process rank: 15

 Data for node: ivb114	Num slots: 8	Max slots: 0	Num procs: 8
 	Process OMPI jobid: [51683,1] App: 0 Process rank: 16
 	Process OMPI jobid: [51683,1] App: 0 Process rank: 17
 	Process OMPI jobid: [51683,1] App: 0 Process rank: 18
 	Process OMPI jobid: [51683,1] App: 0 Process rank: 19
 	Process OMPI jobid: [51683,1] App: 0 Process rank: 20
 	Process OMPI jobid: [51683,1] App: 0 Process rank: 21
 	Process OMPI jobid: [51683,1] App: 0 Process rank: 22
 	Process OMPI jobid: [51683,1] App: 0 Process rank: 23

 =============================================================
[ivb112:38421] MCW rank 0 bound to socket 0[core 0[hwt 0]]: [B/././././././././.][./././././././././.]
[ivb112:38421] MCW rank 1 bound to socket 0[core 1[hwt 0]]: [./B/./././././././.][./././././././././.]
[ivb112:38421] MCW rank 2 bound to socket 0[core 2[hwt 0]]: [././B/././././././.][./././././././././.]
[ivb112:38421] MCW rank 3 bound to socket 0[core 3[hwt 0]]: [./././B/./././././.][./././././././././.]
[ivb112:38421] MCW rank 4 bound to socket 0[core 4[hwt 0]]: [././././B/././././.][./././././././././.]
[ivb112:38421] MCW rank 5 bound to socket 0[core 5[hwt 0]]: [./././././B/./././.][./././././././././.]
[ivb112:38421] MCW rank 6 bound to socket 0[core 6[hwt 0]]: [././././././B/././.][./././././././././.]
[ivb112:38421] MCW rank 7 bound to socket 0[core 7[hwt 0]]: [./././././././B/./.][./././././././././.]
[ivb114:30347] MCW rank 18 bound to socket 0[core 2[hwt 0]]: [././B/././././././.][./././././././././.]
[ivb114:30347] MCW rank 19 bound to socket 0[core 3[hwt 0]]: [./././B/./././././.][./././././././././.]
[ivb114:30347] MCW rank 20 bound to socket 0[core 4[hwt 0]]: [././././B/././././.][./././././././././.]
[ivb114:30347] MCW rank 21 bound to socket 0[core 5[hwt 0]]: [./././././B/./././.][./././././././././.]
[ivb114:30347] MCW rank 22 bound to socket 0[core 6[hwt 0]]: [././././././B/././.][./././././././././.]
[ivb114:30347] MCW rank 23 bound to socket 0[core 7[hwt 0]]: [./././././././B/./.][./././././././././.]
[ivb114:30347] MCW rank 16 bound to socket 0[core 0[hwt 0]]: [B/././././././././.][./././././././././.]
[ivb114:30347] MCW rank 17 bound to socket 0[core 1[hwt 0]]: [./B/./././././././.][./././././././././.]
[ivb113:25122] MCW rank 10 bound to socket 0[core 2[hwt 0]]: [././B/././././././.][./././././././././.]
[ivb113:25122] MCW rank 11 bound to socket 0[core 3[hwt 0]]: [./././B/./././././.][./././././././././.]
[ivb113:25122] MCW rank 12 bound to socket 0[core 4[hwt 0]]: [././././B/././././.][./././././././././.]
[ivb113:25122] MCW rank 13 bound to socket 0[core 5[hwt 0]]: [./././././B/./././.][./././././././././.]
[ivb113:25122] MCW rank 14 bound to socket 0[core 6[hwt 0]]: [././././././B/././.][./././././././././.]
[ivb113:25122] MCW rank 15 bound to socket 0[core 7[hwt 0]]: [./././././././B/./.][./././././././././.]
[ivb113:25122] MCW rank 8 bound to socket 0[core 0[hwt 0]]: [B/././././././././.][./././././././././.]
[ivb113:25122] MCW rank 9 bound to socket 0[core 1[hwt 0]]: [./B/./././././././.][./././././././././.]
/*---------------------------------------------------------------------------*\
| =========                 |                                                 |
| \\      /  F ield         | foam-extend: Open Source CFD                    |
|  \\    /   O peration     | Version:     3.1                                |
|   \\  /    A nd           | Web:         http://www.extend-project.de       |
|    \\/     M anipulation  |                                                 |
\*---------------------------------------------------------------------------*/
Build    : 3.1-e2da948002a2
Exec     : pimpleDyMFoam -parallel
Date     : May 23 2016
Time     : 11:11:49
Host     : ivb112
PID      : 38476
CtrlDict : /home-2/vplatonov/foam/foam-extend-3.1/etc/controlDict
Case     : /home/vplatonov/tests/3D-mesh1-of3.1
nProcs   : 24
Slaves : 
23
(
ivb112.38475
ivb112.38478
ivb112.38487
ivb112.38496
ivb112.38498
ivb112.38490
ivb112.38493
ivb113.25188
ivb113.25184
ivb113.25187
ivb113.25189
ivb113.25191
ivb113.25183
ivb113.25185
ivb113.25186
ivb114.30411
ivb114.30400
ivb114.30414
ivb114.30399
ivb114.30416
ivb114.30402
ivb114.30405
ivb114.30408
)

Pstream initialized with:
    floatTransfer     : 0
    nProcsSimpleSum   : 0
    commsType         : blocking
SigFpe   : Enabling floating point exception trapping (FOAM_SIGFPE).

// * * * * * * * * * * * * * * * * * * * * * * * * * * * * * * * * * * * * * //
Create time

Create dynamic mesh for time = 0

Selecting dynamicFvMesh dynamicMotionSolverFvMesh
Selecting motion solver: displacementLaplacian
Selecting motion diffusion: quadratic
Selecting motion diffusion: inverseDistance
Reading field p

Reading field U

Reading/calculating face flux field phi

Selecting incompressible transport model Newtonian
Selecting turbulence model type LESModel
Selecting LES turbulence model oneEqEddy
oneEqEddyCoeffs
{
    ce              1.048;
    ck              0.094;
}

Reading field rAU if present


Starting time loop

Courant Number mean: 0 max: 0.0007592825 velocity magnitude: 0.4779
Reading old state
Before setting displacements
GAMGPCG:  Solving for cellDisplacementx, Initial residual = 0, Final residual = 0, No Iterations 0
GAMGPCG:  Solving for cellDisplacementy, Initial residual = 0, Final residual = 0, No Iterations 0
GAMGPCG:  Solving for cellDisplacementz, Initial residual = 0, Final residual = 0, No Iterations 0
Time = 5e-06

GAMGPCG:  Solving for cellDisplacementx, Initial residual = 0, Final residual = 0, No Iterations 0
GAMGPCG:  Solving for cellDisplacementy, Initial residual = 0, Final residual = 0, No Iterations 0
GAMGPCG:  Solving for cellDisplacementz, Initial residual = 0, Final residual = 0, No Iterations 0
volume continuity errors : volume = 4.535015, max error = 0, sum local = 0, global = 0
smoothSolver:  Solving for Ux, Initial residual = 1, Final residual = 3.764172e-08, No Iterations 1
smoothSolver:  Solving for Uy, Initial residual = 1, Final residual = 4.611591e-08, No Iterations 1
smoothSolver:  Solving for Uz, Initial residual = 0.9999962, Final residual = 4.046585e-08, No Iterations 1
Created persistent data with name p
Computing AINV with droptol 0.02
GPU: 804 iters: 13.30713 s: 14.39408 GB/s
GPUPCG:  Solving for p, Initial residual = 1, Final residual = 0.00988215, No Iterations 804
Computing AINV with droptol 0.02
GPU: 163 iters: 2.870259 s: 13.5294 GB/s
GPUPCG:  Solving for p, Initial residual = 0.0004703109, Final residual = 9.774377e-06, No Iterations 163
time step continuity errors : sum local = 2.200615e-09, global = -1.793656e-12, cumulative = -1.793656e-12
Moving mesh time step continuity errors : sum local = 2.200615e-09, global = -1.793656e-12, cumulative = -3.587313e-12
GPU: 147 iters: 2.588653 s: 13.52868 GB/s
GPUPCG:  Solving for p, Initial residual = 0.0001092324, Final residual = 9.756445e-06, No Iterations 147
GPU: 748 iters: 12.78396 s: 13.93954 GB/s
GPUPCG:  Solving for p, Initial residual = 4.625119e-05, Final residual = 9.9003e-08, No Iterations 748
time step continuity errors : sum local = 2.230089e-11, global = -2.738166e-13, cumulative = -3.861129e-12
Moving mesh time step continuity errors : sum local = 2.230089e-11, global = -2.738166e-13, cumulative = -4.134946e-12
smoothSolver:  Solving for k, Initial residual = 1, Final residual = 2.557381e-11, No Iterations 2
ExecutionTime = 67.08 s  ClockTime = 75 s

Courant Number mean: 7.680251e-05 max: 0.002865069 velocity magnitude: 0.955092
yForce = 1.595427
Y= 2.463158e-12
Vy= 9.852623e-07
Time = 1e-05

GAMGPCG:  Solving for cellDisplacementx, Initial residual = 0, Final residual = 0, No Iterations 0
GAMGPCG:  Solving for cellDisplacementy, Initial residual = 1, Final residual = 1.160988e-08, No Iterations 1
GAMGPCG:  Solving for cellDisplacementz, Initial residual = 0, Final residual = 0, No Iterations 0
volume continuity errors : volume = 4.535015, max error = 1.050672e-08, sum local = 6.135087e-15, global = -4.538593e-18
smoothSolver:  Solving for Ux, Initial residual = 0.9975504, Final residual = 1.333581e-06, No Iterations 1
smoothSolver:  Solving for Uy, Initial residual = 0.333322, Final residual = 2.479741e-06, No Iterations 1
smoothSolver:  Solving for Uz, Initial residual = 0.3212697, Final residual = 1.744966e-06, No Iterations 1
GPU: 803 iters: 13.52262 s: 14.14708 GB/s
GPUPCG:  Solving for p, Initial residual = 0.00364389, Final residual = 3.630023e-05, No Iterations 803
GPU: 258 iters: 4.405838 s: 13.95093 GB/s
GPUPCG:  Solving for p, Initial residual = 0.001404546, Final residual = 1.382149e-05, No Iterations 258
time step continuity errors : sum local = 1.038915e-09, global = -1.041745e-12, cumulative = -5.176691e-12
Moving mesh time step continuity errors : sum local = 1.038915e-09, global = -1.041745e-12, cumulative = -6.218436e-12
GPU: 307 iters: 5.209877 s: 14.03857 GB/s
GPUPCG:  Solving for p, Initial residual = 0.0003130832, Final residual = 9.957804e-06, No Iterations 307
GPU: 765 iters: 13.04812 s: 13.96773 GB/s
GPUPCG:  Solving for p, Initial residual = 0.0001183968, Final residual = 9.88505e-08, No Iterations 765
time step continuity errors : sum local = 7.422525e-12, global = -9.58839e-15, cumulative = -6.228025e-12
Moving mesh time step continuity errors : sum local = 7.422525e-12, global = -9.58839e-15, cumulative = -6.237613e-12
smoothSolver:  Solving for k, Initial residual = 0.008780219, Final residual = 8.026827e-09, No Iterations 1
ExecutionTime = 112.9 s  ClockTime = 122 s

Courant Number mean: 7.680482e-05 max: 0.002856923 velocity magnitude: 0.9523764
yForce = -3.468059
Y= 2.035178e-12
Vy= -1.156452e-06
Time = 1.5e-05

GAMGPCG:  Solving for cellDisplacementx, Initial residual = 0, Final residual = 0, No Iterations 0
GAMGPCG:  Solving for cellDisplacementy, Initial residual = 0.213562, Final residual = 2.632183e-09, No Iterations 1
GAMGPCG:  Solving for cellDisplacementz, Initial residual = 0, Final residual = 0, No Iterations 0
volume continuity errors : volume = 4.535015, max error = 1.20252e-08, sum local = 6.777998e-15, global = 1.517341e-18
smoothSolver:  Solving for Ux, Initial residual = 0.9921625, Final residual = 1.327995e-06, No Iterations 1
smoothSolver:  Solving for Uy, Initial residual = 0.1846311, Final residual = 1.468271e-06, No Iterations 1
smoothSolver:  Solving for Uz, Initial residual = 0.6390682, Final residual = 3.319226e-06, No Iterations 1
GPU: 733 iters: 12.69968 s: 13.75065 GB/s
GPUPCG:  Solving for p, Initial residual = 0.002800863, Final residual = 2.77853e-05, No Iterations 733
GPU: 285 iters: 4.835684 s: 14.04103 GB/s
GPUPCG:  Solving for p, Initial residual = 0.09897377, Final residual = 0.0009805886, No Iterations 285
time step continuity errors : sum local = 3.428707e-10, global = -5.602008e-13, cumulative = -6.797814e-12
Moving mesh time step continuity errors : sum local = 3.428707e-10, global = -5.602008e-13, cumulative = -7.358015e-12
GPU: 436 iters: 7.609986 s: 13.64944 GB/s
GPUPCG:  Solving for p, Initial residual = 0.02241343, Final residual = 0.0002230415, No Iterations 436
GPU: 925 iters: 15.77179 s: 13.97246 GB/s
GPUPCG:  Solving for p, Initial residual = 0.007531361, Final residual = 9.764473e-08, No Iterations 925
time step continuity errors : sum local = 3.100944e-14, global = -1.990828e-17, cumulative = -7.358034e-12
Moving mesh time step continuity errors : sum local = 3.100944e-14, global = -1.990828e-17, cumulative = -7.358054e-12
smoothSolver:  Solving for k, Initial residual = 0.003835069, Final residual = 3.565496e-09, No Iterations 1
ExecutionTime = 163.33 s  ClockTime = 174 s

Courant Number mean: 7.68053e-05 max: 0.002858857 velocity magnitude: 0.9530214
yForce = 1.637399
Y= -1.219123e-12
Vy= -1.452688e-07
Time = 2e-05

GAMGPCG:  Solving for cellDisplacementx, Initial residual = 0, Final residual = 0, No Iterations 0
GAMGPCG:  Solving for cellDisplacementy, Initial residual = 1, Final residual = 1.135232e-08, No Iterations 1
GAMGPCG:  Solving for cellDisplacementz, Initial residual = 0, Final residual = 0, No Iterations 0
volume continuity errors : volume = 4.535015, max error = 1.111021e-08, sum local = 6.794823e-15, global = 1.929111e-18
smoothSolver:  Solving for Ux, Initial residual = 0.0506761, Final residual = 8.736383e-08, No Iterations 1
smoothSolver:  Solving for Uy, Initial residual = 0.0132278, Final residual = 1.547608e-07, No Iterations 1
smoothSolver:  Solving for Uz, Initial residual = 0.8946148, Final residual = 4.523997e-06, No Iterations 1
GPU: 107 iters: 1.885613 s: 13.51896 GB/s
GPUPCG:  Solving for p, Initial residual = 0.2265777, Final residual = 0.002226569, No Iterations 107
GPU: 367 iters: 6.4304 s: 13.59691 GB/s
GPUPCG:  Solving for p, Initial residual = 0.01250864, Final residual = 0.0001230504, No Iterations 367
time step continuity errors : sum local = 3.31955e-11, global = -3.031337e-12, cumulative = -1.038939e-11
Moving mesh time step continuity errors : sum local = 3.31955e-11, global = -3.031337e-12, cumulative = -1.342073e-11
GPU: 569 iters: 10.01533 s: 13.53503 GB/s
GPUPCG:  Solving for p, Initial residual = 0.004237263, Final residual = 4.221072e-05, No Iterations 569
GPU: 777 iters: 13.43678 s: 13.77647 GB/s
GPUPCG:  Solving for p, Initial residual = 0.001801362, Final residual = 9.905642e-08, No Iterations 777
time step continuity errors : sum local = 2.656345e-14, global = 9.653825e-17, cumulative = -1.342063e-11
Moving mesh time step continuity errors : sum local = 2.656345e-14, global = 9.653825e-17, cumulative = -1.342053e-11
smoothSolver:  Solving for k, Initial residual = 0.002273128, Final residual = 2.172707e-09, No Iterations 1
ExecutionTime = 205.02 s  ClockTime = 217 s

Courant Number mean: 7.680586e-05 max: 0.002856743 velocity magnitude: 0.9523164
yForce = -0.3639151
Y= -2.50731e-12
Vy= -3.700057e-07
Time = 2.5e-05

GAMGPCG:  Solving for cellDisplacementx, Initial residual = 0, Final residual = 0, No Iterations 0
GAMGPCG:  Solving for cellDisplacementy, Initial residual = 0.4130074, Final residual = 8.593812e-09, No Iterations 1
GAMGPCG:  Solving for cellDisplacementz, Initial residual = 0, Final residual = 0, No Iterations 0
volume continuity errors : volume = 4.535015, max error = 1.117333e-08, sum local = 6.907471e-15, global = -1.694971e-19
smoothSolver:  Solving for Ux, Initial residual = 0.02707038, Final residual = 3.157834e-08, No Iterations 1
smoothSolver:  Solving for Uy, Initial residual = 0.004554284, Final residual = 5.437813e-08, No Iterations 1
smoothSolver:  Solving for Uz, Initial residual = 0.7821948, Final residual = 4.252144e-06, No Iterations 1
GPU: 29 iters: 0.5184009 s: 13.32736 GB/s
GPUPCG:  Solving for p, Initial residual = 0.153382, Final residual = 0.001526813, No Iterations 29
GPU: 407 iters: 6.983118 s: 13.88536 GB/s
GPUPCG:  Solving for p, Initial residual = 0.003916599, Final residual = 3.898739e-05, No Iterations 407
time step continuity errors : sum local = 9.269158e-12, global = 6.080018e-13, cumulative = -1.281253e-11
Moving mesh time step continuity errors : sum local = 9.269158e-12, global = 6.080018e-13, cumulative = -1.220453e-11
GPU: 578 iters: 10.04836 s: 13.70391 GB/s
GPUPCG:  Solving for p, Initial residual = 0.00101111, Final residual = 1.005313e-05, No Iterations 578
GPU: 727 iters: 12.34883 s: 14.02558 GB/s
GPUPCG:  Solving for p, Initial residual = 0.0003959944, Final residual = 9.915474e-08, No Iterations 727
time step continuity errors : sum local = 2.349848e-14, global = 6.774346e-17, cumulative = -1.220446e-11
Moving mesh time step continuity errors : sum local = 2.349848e-14, global = 6.774346e-17, cumulative = -1.22044e-11
smoothSolver:  Solving for k, Initial residual = 0.001554794, Final residual = 1.530237e-09, No Iterations 1
ExecutionTime = 245.06 s  ClockTime = 258 s

Courant Number mean: 7.680599e-05 max: 0.002854609 velocity magnitude: 0.9516052
yForce = -0.3058724
Y= -4.82957e-12
Vy= -5.588979e-07
Time = 3e-05

GAMGPCG:  Solving for cellDisplacementx, Initial residual = 0, Final residual = 0, No Iterations 0
GAMGPCG:  Solving for cellDisplacementy, Initial residual = 0.4947566, Final residual = 7.151255e-09, No Iterations 1
GAMGPCG:  Solving for cellDisplacementz, Initial residual = 0, Final residual = 0, No Iterations 0
volume continuity errors : volume = 4.535015, max error = 1.276143e-08, sum local = 6.953331e-15, global = 7.43925e-18
smoothSolver:  Solving for Ux, Initial residual = 0.01761466, Final residual = 1.431822e-08, No Iterations 1
smoothSolver:  Solving for Uy, Initial residual = 0.001237678, Final residual = 2.457402e-08, No Iterations 1
smoothSolver:  Solving for Uz, Initial residual = 0.3871148, Final residual = 4.373098e-06, No Iterations 1
Computing AINV with droptol 0.02
GPU: 5 iters: 0.1340719 s: 8.884734 GB/s
GPUPCG:  Solving for p, Initial residual = 0.1088626, Final residual = 0.0009564564, No Iterations 5
GPU: 147 iters: 2.614635 s: 13.39425 GB/s
GPUPCG:  Solving for p, Initial residual = 0.001673019, Final residual = 1.648984e-05, No Iterations 147
time step continuity errors : sum local = 3.537836e-12, global = -1.949806e-16, cumulative = -1.220459e-11
Moving mesh time step continuity errors : sum local = 3.537836e-12, global = -1.949806e-16, cumulative = -1.220479e-11
GPU: 31 iters: 0.5527789 s: 13.36049 GB/s
GPUPCG:  Solving for p, Initial residual = 0.000296793, Final residual = 9.337833e-06, No Iterations 31
GPU: 692 iters: 11.67159 s: 14.12499 GB/s
GPUPCG:  Solving for p, Initial residual = 0.0001153948, Final residual = 9.840538e-08, No Iterations 692
time step continuity errors : sum local = 2.110213e-14, global = -2.175207e-16, cumulative = -1.2205e-11
Moving mesh time step continuity errors : sum local = 2.110213e-14, global = -2.175207e-16, cumulative = -1.220522e-11
smoothSolver:  Solving for k, Initial residual = 0.001156912, Final residual = 1.164861e-09, No Iterations 1
ExecutionTime = 270.65 s  ClockTime = 284 s

Courant Number mean: 7.680609e-05 max: 0.002852247 velocity magnitude: 0.9508177
yForce = 0.3156175
Y= -7.13678e-12
Vy= -3.639863e-07
Time = 3.5e-05

GAMGPCG:  Solving for cellDisplacementx, Initial residual = 0, Final residual = 0, No Iterations 0
GAMGPCG:  Solving for cellDisplacementy, Initial residual = 0.3601891, Final residual = 5.58995e-09, No Iterations 1
GAMGPCG:  Solving for cellDisplacementz, Initial residual = 0, Final residual = 0, No Iterations 0
volume continuity errors : volume = 4.535015, max error = 1.305885e-08, sum local = 6.990176e-15, global = -3.887767e-18
smoothSolver:  Solving for Ux, Initial residual = 0.01352738, Final residual = 1.135064e-08, No Iterations 1
smoothSolver:  Solving for Uy, Initial residual = 0.0009594731, Final residual = 1.86155e-08, No Iterations 1
smoothSolver:  Solving for Uz, Initial residual = 0.2586423, Final residual = 3.170451e-06, No Iterations 1
GPU: 3 iters: 0.09804115 s: 7.289956 GB/s
GPUPCG:  Solving for p, Initial residual = 0.0911496, Final residual = 0.0008271535, No Iterations 3
GPU: 127 iters: 2.292941 s: 13.19541 GB/s
GPUPCG:  Solving for p, Initial residual = 0.001010231, Final residual = 9.952894e-06, No Iterations 127
time step continuity errors : sum local = 1.960829e-12, global = 2.035119e-17, cumulative = -1.22052e-11
Moving mesh time step continuity errors : sum local = 1.960829e-12, global = 2.035119e-17, cumulative = -1.220518e-11
GPU: 26 iters: 0.4673177 s: 13.2548 GB/s
GPUPCG:  Solving for p, Initial residual = 9.261363e-05, Final residual = 9.310778e-06, No Iterations 26
GPU: 700 iters: 12.02063 s: 13.8734 GB/s
GPUPCG:  Solving for p, Initial residual = 3.234804e-05, Final residual = 9.967513e-08, No Iterations 700
time step continuity errors : sum local = 1.963188e-14, global = -3.554997e-17, cumulative = -1.220522e-11
Moving mesh time step continuity errors : sum local = 1.963188e-14, global = -3.554997e-17, cumulative = -1.220525e-11
smoothSolver:  Solving for k, Initial residual = 0.0009097417, Final residual = 9.452026e-10, No Iterations 1
ExecutionTime = 296 s  ClockTime = 310 s

Courant Number mean: 7.680614e-05 max: 0.002849501 velocity magnitude: 0.9499024
yForce = -0.111793
Y= -9.129305e-12
Vy= -4.330239e-07
Time = 4e-05

GAMGPCG:  Solving for cellDisplacementx, Initial residual = 0, Final residual = 0, No Iterations 0
GAMGPCG:  Solving for cellDisplacementy, Initial residual = 0.2604288, Final residual = 4.224949e-09, No Iterations 1
GAMGPCG:  Solving for cellDisplacementz, Initial residual = 0, Final residual = 0, No Iterations 0
volume continuity errors : volume = 4.535015, max error = 1.392237e-08, sum local = 6.99203e-15, global = -7.399542e-20
smoothSolver:  Solving for Ux, Initial residual = 0.01095193, Final residual = 9.422613e-09, No Iterations 1
smoothSolver:  Solving for Uy, Initial residual = 0.0008074346, Final residual = 1.499006e-08, No Iterations 1
smoothSolver:  Solving for Uz, Initial residual = 0.2131453, Final residual = 2.9493e-06, No Iterations 1
GPU: 3 iters: 0.07775043 s: 9.192434 GB/s
GPUPCG:  Solving for p, Initial residual = 0.07497276, Final residual = 0.0004488432, No Iterations 3
GPU: 41 iters: 0.7076226 s: 13.80366 GB/s
GPUPCG:  Solving for p, Initial residual = 0.0005932256, Final residual = 9.913881e-06, No Iterations 41
time step continuity errors : sum local = 1.8144e-12, global = 2.523586e-16, cumulative = -1.2205e-11
Moving mesh time step continuity errors : sum local = 1.8144e-12, global = 2.523586e-16, cumulative = -1.220475e-11
GPU: 3 iters: 0.07843248 s: 9.112497 GB/s
GPUPCG:  Solving for p, Initial residual = 3.930824e-05, Final residual = 9.218114e-06, No Iterations 3
GPU: 682 iters: 11.60583 s: 13.99975 GB/s
GPUPCG:  Solving for p, Initial residual = 1.461416e-05, Final residual = 9.843536e-08, No Iterations 682
time step continuity errors : sum local = 1.801315e-14, global = 1.231999e-16, cumulative = -1.220462e-11
Moving mesh time step continuity errors : sum local = 1.801315e-14, global = 1.231999e-16, cumulative = -1.22045e-11
smoothSolver:  Solving for k, Initial residual = 0.0007436921, Final residual = 7.92129e-10, No Iterations 1
ExecutionTime = 318.86 s  ClockTime = 333 s

Courant Number mean: 7.680616e-05 max: 0.002846381 velocity magnitude: 0.9488623
yForce = -0.01529807
Y= -1.131804e-11
Vy= -4.424706e-07
Time = 4.5e-05

GAMGPCG:  Solving for cellDisplacementx, Initial residual = 0, Final residual = 0, No Iterations 0
GAMGPCG:  Solving for cellDisplacementy, Initial residual = 0.2427066, Final residual = 3.709731e-09, No Iterations 1
GAMGPCG:  Solving for cellDisplacementz, Initial residual = 0, Final residual = 0, No Iterations 0
volume continuity errors : volume = 4.535015, max error = 1.25746e-08, sum local = 6.989895e-15, global = 1.532611e-18
smoothSolver:  Solving for Ux, Initial residual = 0.009356514, Final residual = 8.059137e-09, No Iterations 1
smoothSolver:  Solving for Uy, Initial residual = 0.0006793021, Final residual = 1.242025e-08, No Iterations 1
smoothSolver:  Solving for Uz, Initial residual = 0.1791142, Final residual = 2.358359e-06, No Iterations 1
GPU: 4 iters: 0.09360403 s: 10.1807 GB/s
GPUPCG:  Solving for p, Initial residual = 0.06276942, Final residual = 0.0002939263, No Iterations 4
GPU: 22 iters: 0.3957276 s: 13.24459 GB/s
GPUPCG:  Solving for p, Initial residual = 0.0003995996, Final residual = 9.629855e-06, No Iterations 22
time step continuity errors : sum local = 1.651538e-12, global = 3.747478e-16, cumulative = -1.220413e-11
Moving mesh time step continuity errors : sum local = 1.651538e-12, global = 3.747478e-16, cumulative = -1.220375e-11
GPU: 2 iters: 0.05774522 s: 8.25137 GB/s
GPUPCG:  Solving for p, Initial residual = 2.415995e-05, Final residual = 7.197026e-06, No Iterations 2
GPU: 501 iters: 8.67865 s: 13.75301 GB/s
GPUPCG:  Solving for p, Initial residual = 8.149424e-06, Final residual = 9.958774e-08, No Iterations 501
time step continuity errors : sum local = 1.707851e-14, global = 1.772004e-15, cumulative = -1.220198e-11
Moving mesh time step continuity errors : sum local = 1.707851e-14, global = 1.772004e-15, cumulative = -1.220021e-11
smoothSolver:  Solving for k, Initial residual = 0.0006255964, Final residual = 6.82043e-10, No Iterations 1
ExecutionTime = 338.73 s  ClockTime = 354 s

Courant Number mean: 7.680615e-05 max: 0.002842881 velocity magnitude: 0.9482452
yForce = 0.0437636
Y= -1.346283e-11
Vy= -4.154436e-07
Time = 5e-05

GAMGPCG:  Solving for cellDisplacementx, Initial residual = 0, Final residual = 0, No Iterations 0
GAMGPCG:  Solving for cellDisplacementy, Initial residual = 0.2065861, Final residual = 3.218932e-09, No Iterations 1
GAMGPCG:  Solving for cellDisplacementz, Initial residual = 0, Final residual = 0, No Iterations 0
volume continuity errors : volume = 4.535015, max error = 1.207748e-08, sum local = 6.995425e-15, global = -1.737382e-18
smoothSolver:  Solving for Ux, Initial residual = 0.008276674, Final residual = 7.078976e-09, No Iterations 1
smoothSolver:  Solving for Uy, Initial residual = 0.0005942346, Final residual = 1.058825e-08, No Iterations 1
smoothSolver:  Solving for Uz, Initial residual = 0.160618, Final residual = 1.924816e-06, No Iterations 1
GPU: 4 iters: 0.08619565 s: 11.05571 GB/s
GPUPCG:  Solving for p, Initial residual = 0.0563637, Final residual = 0.0002475945, No Iterations 4
GPU: 19 iters: 0.3418961 s: 13.2395 GB/s
GPUPCG:  Solving for p, Initial residual = 0.0003295957, Final residual = 9.483267e-06, No Iterations 19
time step continuity errors : sum local = 1.534592e-12, global = 3.884235e-15, cumulative = -1.219632e-11
Moving mesh time step continuity errors : sum local = 1.534592e-12, global = 3.884235e-15, cumulative = -1.219244e-11
GPU: 1 iters: 0.04233491 s: 5.627473 GB/s
GPUPCG:  Solving for p, Initial residual = 1.903922e-05, Final residual = 9.28657e-06, No Iterations 1
GPU: 696 iters: 11.89226 s: 13.94302 GB/s
GPUPCG:  Solving for p, Initial residual = 9.65984e-06, Final residual = 9.944698e-08, No Iterations 696
time step continuity errors : sum local = 1.609214e-14, global = 1.478872e-16, cumulative = -1.219229e-11
Moving mesh time step continuity errors : sum local = 1.609214e-14, global = 1.478872e-16, cumulative = -1.219214e-11
smoothSolver:  Solving for k, Initial residual = 0.0005378837, Final residual = 5.997206e-10, No Iterations 1
ExecutionTime = 361.63 s  ClockTime = 377 s

yForce = -0.02248925
Y= -1.557476e-11
Vy= -4.293313e-07
End

Finalising parallel run
