 Data for JOB [36747,1] offset 0

 ========================   JOB MAP   ========================

 Data for node: ivb124	Num slots: 20	Max slots: 0	Num procs: 20
 	Process OMPI jobid: [36747,1] App: 0 Process rank: 0
 	Process OMPI jobid: [36747,1] App: 0 Process rank: 1
 	Process OMPI jobid: [36747,1] App: 0 Process rank: 2
 	Process OMPI jobid: [36747,1] App: 0 Process rank: 3
 	Process OMPI jobid: [36747,1] App: 0 Process rank: 4
 	Process OMPI jobid: [36747,1] App: 0 Process rank: 5
 	Process OMPI jobid: [36747,1] App: 0 Process rank: 6
 	Process OMPI jobid: [36747,1] App: 0 Process rank: 7
 	Process OMPI jobid: [36747,1] App: 0 Process rank: 8
 	Process OMPI jobid: [36747,1] App: 0 Process rank: 9
 	Process OMPI jobid: [36747,1] App: 0 Process rank: 10
 	Process OMPI jobid: [36747,1] App: 0 Process rank: 11
 	Process OMPI jobid: [36747,1] App: 0 Process rank: 12
 	Process OMPI jobid: [36747,1] App: 0 Process rank: 13
 	Process OMPI jobid: [36747,1] App: 0 Process rank: 14
 	Process OMPI jobid: [36747,1] App: 0 Process rank: 15
 	Process OMPI jobid: [36747,1] App: 0 Process rank: 16
 	Process OMPI jobid: [36747,1] App: 0 Process rank: 17
 	Process OMPI jobid: [36747,1] App: 0 Process rank: 18
 	Process OMPI jobid: [36747,1] App: 0 Process rank: 19

 =============================================================
[ivb124:25769] MCW rank 3 bound to socket 0[core 3[hwt 0]]: [./././B/./././././.][./././././././././.]
[ivb124:25769] MCW rank 4 bound to socket 0[core 4[hwt 0]]: [././././B/././././.][./././././././././.]
[ivb124:25769] MCW rank 5 bound to socket 0[core 5[hwt 0]]: [./././././B/./././.][./././././././././.]
[ivb124:25769] MCW rank 6 bound to socket 0[core 6[hwt 0]]: [././././././B/././.][./././././././././.]
[ivb124:25769] MCW rank 7 bound to socket 0[core 7[hwt 0]]: [./././././././B/./.][./././././././././.]
[ivb124:25769] MCW rank 8 bound to socket 0[core 8[hwt 0]]: [././././././././B/.][./././././././././.]
[ivb124:25769] MCW rank 9 bound to socket 0[core 9[hwt 0]]: [./././././././././B][./././././././././.]
[ivb124:25769] MCW rank 10 bound to socket 1[core 10[hwt 0]]: [./././././././././.][B/././././././././.]
[ivb124:25769] MCW rank 11 bound to socket 1[core 11[hwt 0]]: [./././././././././.][./B/./././././././.]
[ivb124:25769] MCW rank 12 bound to socket 1[core 12[hwt 0]]: [./././././././././.][././B/././././././.]
[ivb124:25769] MCW rank 13 bound to socket 1[core 13[hwt 0]]: [./././././././././.][./././B/./././././.]
[ivb124:25769] MCW rank 14 bound to socket 1[core 14[hwt 0]]: [./././././././././.][././././B/././././.]
[ivb124:25769] MCW rank 15 bound to socket 1[core 15[hwt 0]]: [./././././././././.][./././././B/./././.]
[ivb124:25769] MCW rank 16 bound to socket 1[core 16[hwt 0]]: [./././././././././.][././././././B/././.]
[ivb124:25769] MCW rank 17 bound to socket 1[core 17[hwt 0]]: [./././././././././.][./././././././B/./.]
[ivb124:25769] MCW rank 18 bound to socket 1[core 18[hwt 0]]: [./././././././././.][././././././././B/.]
[ivb124:25769] MCW rank 19 bound to socket 1[core 19[hwt 0]]: [./././././././././.][./././././././././B]
[ivb124:25769] MCW rank 0 bound to socket 0[core 0[hwt 0]]: [B/././././././././.][./././././././././.]
[ivb124:25769] MCW rank 1 bound to socket 0[core 1[hwt 0]]: [./B/./././././././.][./././././././././.]
[ivb124:25769] MCW rank 2 bound to socket 0[core 2[hwt 0]]: [././B/././././././.][./././././././././.]
/*---------------------------------------------------------------------------*\
| =========                 |                                                 |
| \\      /  F ield         | foam-extend: Open Source CFD                    |
|  \\    /   O peration     | Version:     3.1                                |
|   \\  /    A nd           | Web:         http://www.extend-project.de       |
|    \\/     M anipulation  |                                                 |
\*---------------------------------------------------------------------------*/
Build    : 3.1-e2da948002a2
Exec     : pimpleDyMFoam -parallel
Date     : May 25 2016
Time     : 19:46:59
Host     : ivb124
PID      : 25771
CtrlDict : /home-2/vplatonov/foam/foam-extend-3.1/etc/controlDict
Case     : /home/vplatonov/tests/3D-mesh1-of3.1
nProcs   : 20
Slaves : 
19
(
ivb124.25772
ivb124.25773
ivb124.25774
ivb124.25775
ivb124.25776
ivb124.25777
ivb124.25778
ivb124.25779
ivb124.25780
ivb124.25781
ivb124.25782
ivb124.25783
ivb124.25784
ivb124.25785
ivb124.25786
ivb124.25787
ivb124.25788
ivb124.25789
ivb124.25790
)

Pstream initialized with:
    floatTransfer     : 0
    nProcsSimpleSum   : 0
    commsType         : blocking
SigFpe   : Enabling floating point exception trapping (FOAM_SIGFPE).

// * * * * * * * * * * * * * * * * * * * * * * * * * * * * * * * * * * * * * //
Create time

Create dynamic mesh for time = 0

Selecting dynamicFvMesh dynamicMotionSolverFvMesh
Selecting motion solver: displacementLaplacian
Selecting motion diffusion: quadratic
Selecting motion diffusion: inverseDistance
Reading field p

Reading field U

Reading/calculating face flux field phi

Selecting incompressible transport model Newtonian
Selecting turbulence model type LESModel
Selecting LES turbulence model oneEqEddy
oneEqEddyCoeffs
{
    ce              1.048;
    ck              0.094;
}

Reading field rAU if present


Starting time loop

Courant Number mean: 0 max: 0.0007592825 velocity magnitude: 0.4779
Reading old state
Before setting displacements
GAMGPCG:  Solving for cellDisplacementx, Initial residual = 0, Final residual = 0, No Iterations 0
GAMGPCG:  Solving for cellDisplacementy, Initial residual = 0, Final residual = 0, No Iterations 0
GAMGPCG:  Solving for cellDisplacementz, Initial residual = 0, Final residual = 0, No Iterations 0
Time = 5e-06

GAMGPCG:  Solving for cellDisplacementx, Initial residual = 0, Final residual = 0, No Iterations 0
GAMGPCG:  Solving for cellDisplacementy, Initial residual = 0, Final residual = 0, No Iterations 0
GAMGPCG:  Solving for cellDisplacementz, Initial residual = 0, Final residual = 0, No Iterations 0
volume continuity errors : volume = 4.535015, max error = 0, sum local = 0, global = 0
smoothSolver:  Solving for Ux, Initial residual = 1, Final residual = 3.401989e-08, No Iterations 1
smoothSolver:  Solving for Uy, Initial residual = 1, Final residual = 5.478902e-08, No Iterations 1
smoothSolver:  Solving for Uz, Initial residual = 0.9999962, Final residual = 3.81628e-08, No Iterations 1
Total solver time is 52
DICPCG:  Solving for p, Initial residual = 1, Final residual = 0.009900268, No Iterations 892
Total solver time is 13
DICPCG:  Solving for p, Initial residual = 0.0004705957, Final residual = 9.915244e-06, No Iterations 223
time step continuity errors : sum local = 2.23233e-09, global = 1.580865e-12, cumulative = 1.580865e-12
Moving mesh time step continuity errors : sum local = 2.23233e-09, global = 1.580865e-12, cumulative = 3.161731e-12
Total solver time is 8
DICPCG:  Solving for p, Initial residual = 0.0001093852, Final residual = 9.878064e-06, No Iterations 144
Total solver time is 53
DICPCG:  Solving for p, Initial residual = 4.617026e-05, Final residual = 9.675393e-08, No Iterations 916
time step continuity errors : sum local = 2.179438e-11, global = -8.524705e-14, cumulative = 3.076484e-12
Moving mesh time step continuity errors : sum local = 2.179438e-11, global = -8.524705e-14, cumulative = 2.991236e-12
smoothSolver:  Solving for k, Initial residual = 1, Final residual = 2.585475e-11, No Iterations 2
ExecutionTime = 151.53 s  ClockTime = 154 s

Courant Number mean: 7.688182e-05 max: 0.002865051 velocity magnitude: 0.9550859
yForce = 3.192327
Y= 4.928588e-12
Vy= 1.971434e-06
Time = 1e-05

GAMGPCG:  Solving for cellDisplacementx, Initial residual = 0, Final residual = 0, No Iterations 0
Total solver time is 0
Total solver time is 0
Total solver time is 0
GAMGPCG:  Solving for cellDisplacementy, Initial residual = 1, Final residual = 6.26025e-09, No Iterations 1
GAMGPCG:  Solving for cellDisplacementz, Initial residual = 0, Final residual = 0, No Iterations 0
volume continuity errors : volume = 4.535015, max error = 9.522734e-09, sum local = 6.201268e-15, global = 4.502076e-18
smoothSolver:  Solving for Ux, Initial residual = 0.9975506, Final residual = 1.252003e-06, No Iterations 1
smoothSolver:  Solving for Uy, Initial residual = 0.3333161, Final residual = 2.834747e-06, No Iterations 1
smoothSolver:  Solving for Uz, Initial residual = 0.3284238, Final residual = 1.745329e-06, No Iterations 1
Total solver time is 52
DICPCG:  Solving for p, Initial residual = 0.003643883, Final residual = 3.584288e-05, No Iterations 897
Total solver time is 17
DICPCG:  Solving for p, Initial residual = 0.00140435, Final residual = 1.403073e-05, No Iterations 307
time step continuity errors : sum local = 1.054639e-09, global = 1.148122e-12, cumulative = 4.139359e-12
Moving mesh time step continuity errors : sum local = 1.054639e-09, global = 1.148122e-12, cumulative = 5.287481e-12
Total solver time is 19
DICPCG:  Solving for p, Initial residual = 0.0003132499, Final residual = 9.953462e-06, No Iterations 330
Total solver time is 45
DICPCG:  Solving for p, Initial residual = 0.0001183779, Final residual = 9.990091e-08, No Iterations 781
time step continuity errors : sum local = 7.50154e-12, global = -2.698091e-14, cumulative = 5.2605e-12
Moving mesh time step continuity errors : sum local = 7.50154e-12, global = -2.698091e-14, cumulative = 5.233519e-12
smoothSolver:  Solving for k, Initial residual = 0.008780298, Final residual = 6.526683e-09, No Iterations 1
ExecutionTime = 300.46 s  ClockTime = 304 s

Courant Number mean: 7.688416e-05 max: 0.002856917 velocity magnitude: 0.9523747
yForce = -7.363579
Y= 3.417225e-12
Vy= -2.575976e-06
Time = 1.5e-05

GAMGPCG:  Solving for cellDisplacementx, Initial residual = 0, Final residual = 0, No Iterations 0
Total solver time is 0
Total solver time is 0
Total solver time is 0
GAMGPCG:  Solving for cellDisplacementy, Initial residual = 0.5037904, Final residual = 2.273421e-09, No Iterations 1
GAMGPCG:  Solving for cellDisplacementz, Initial residual = 0, Final residual = 0, No Iterations 0
volume continuity errors : volume = 4.535015, max error = 1.113517e-08, sum local = 6.91047e-15, global = 2.723893e-18
smoothSolver:  Solving for Ux, Initial residual = 0.9921633, Final residual = 1.246613e-06, No Iterations 1
smoothSolver:  Solving for Uy, Initial residual = 0.1850143, Final residual = 1.708346e-06, No Iterations 1
smoothSolver:  Solving for Uz, Initial residual = 0.7522934, Final residual = 3.618723e-06, No Iterations 1
Total solver time is 52
DICPCG:  Solving for p, Initial residual = 0.002800741, Final residual = 2.78264e-05, No Iterations 892
Total solver time is 18
DICPCG:  Solving for p, Initial residual = 0.09900329, Final residual = 0.0009852891, No Iterations 307
time step continuity errors : sum local = 3.445003e-10, global = -3.621418e-13, cumulative = 4.871378e-12
Moving mesh time step continuity errors : sum local = 3.445003e-10, global = -3.621418e-13, cumulative = 4.509236e-12
Total solver time is 28
DICPCG:  Solving for p, Initial residual = 0.02243709, Final residual = 0.0002229857, No Iterations 494
Total solver time is 58
DICPCG:  Solving for p, Initial residual = 0.007538925, Final residual = 4.043731e-07, No Iterations 1000
time step continuity errors : sum local = 1.28219e-13, global = -2.050718e-16, cumulative = 4.509031e-12
Moving mesh time step continuity errors : sum local = 1.28219e-13, global = -2.050718e-16, cumulative = 4.508826e-12
smoothSolver:  Solving for k, Initial residual = 0.003835094, Final residual = 2.576951e-09, No Iterations 1
ExecutionTime = 472.1 s  ClockTime = 476 s

Courant Number mean: 7.688463e-05 max: 0.002858856 velocity magnitude: 0.953021
yForce = 3.431513
Y= -4.164779e-12
Vy= -4.56828e-07
Time = 2e-05

GAMGPCG:  Solving for cellDisplacementx, Initial residual = 0, Final residual = 0, No Iterations 0
Total solver time is 0
Total solver time is 0
Total solver time is 0
GAMGPCG:  Solving for cellDisplacementy, Initial residual = 1, Final residual = 6.225827e-09, No Iterations 1
GAMGPCG:  Solving for cellDisplacementz, Initial residual = 0, Final residual = 0, No Iterations 0
volume continuity errors : volume = 4.535015, max error = 8.802899e-09, sum local = 6.929969e-15, global = -8.589142e-18
smoothSolver:  Solving for Ux, Initial residual = 0.05066036, Final residual = 9.84187e-08, No Iterations 1
smoothSolver:  Solving for Uy, Initial residual = 0.01310972, Final residual = 1.831667e-07, No Iterations 1
smoothSolver:  Solving for Uz, Initial residual = 0.8803838, Final residual = 4.027418e-06, No Iterations 1
Total solver time is 6
DICPCG:  Solving for p, Initial residual = 0.2265642, Final residual = 0.002205036, No Iterations 114
Total solver time is 24
DICPCG:  Solving for p, Initial residual = 0.01248054, Final residual = 0.0001236941, No Iterations 418
time step continuity errors : sum local = 3.336972e-11, global = -2.133017e-12, cumulative = 2.375808e-12
Moving mesh time step continuity errors : sum local = 3.336972e-11, global = -2.133017e-12, cumulative = 2.427907e-13
Total solver time is 39
DICPCG:  Solving for p, Initial residual = 0.004230034, Final residual = 4.133359e-05, No Iterations 686
Total solver time is 52
DICPCG:  Solving for p, Initial residual = 0.001796156, Final residual = 9.868948e-08, No Iterations 904
time step continuity errors : sum local = 2.646571e-14, global = -2.175532e-17, cumulative = 2.42769e-13
Moving mesh time step continuity errors : sum local = 2.646571e-14, global = -2.175532e-17, cumulative = 2.427472e-13
smoothSolver:  Solving for k, Initial residual = 0.002273139, Final residual = 1.430671e-09, No Iterations 1
ExecutionTime = 609.6 s  ClockTime = 614 s

Courant Number mean: 7.688521e-05 max: 0.002856742 velocity magnitude: 0.9523162
yForce = -0.206672
Y= -6.767995e-12
Vy= -5.844583e-07
Time = 2.5e-05

GAMGPCG:  Solving for cellDisplacementx, Initial residual = 0, Final residual = 0, No Iterations 0
Total solver time is 0
Total solver time is 0
Total solver time is 0
GAMGPCG:  Solving for cellDisplacementy, Initial residual = 0.3588282, Final residual = 4.171595e-09, No Iterations 1
GAMGPCG:  Solving for cellDisplacementz, Initial residual = 0, Final residual = 0, No Iterations 0
volume continuity errors : volume = 4.535015, max error = 1.13289e-08, sum local = 7.026857e-15, global = 4.97719e-18
smoothSolver:  Solving for Ux, Initial residual = 0.02706987, Final residual = 3.823721e-08, No Iterations 1
smoothSolver:  Solving for Uy, Initial residual = 0.004538327, Final residual = 6.57174e-08, No Iterations 1
smoothSolver:  Solving for Uz, Initial residual = 0.7150868, Final residual = 4.290446e-06, No Iterations 1
Total solver time is 1
DICPCG:  Solving for p, Initial residual = 0.1533824, Final residual = 0.001513042, No Iterations 32
Total solver time is 27
DICPCG:  Solving for p, Initial residual = 0.003921703, Final residual = 3.881224e-05, No Iterations 473
time step continuity errors : sum local = 9.228388e-12, global = 4.709487e-13, cumulative = 7.136959e-13
Moving mesh time step continuity errors : sum local = 9.228388e-12, global = 4.709487e-13, cumulative = 1.184645e-12
Total solver time is 40
DICPCG:  Solving for p, Initial residual = 0.001017549, Final residual = 9.959743e-06, No Iterations 691
Total solver time is 55
DICPCG:  Solving for p, Initial residual = 0.0003994782, Final residual = 9.873868e-08, No Iterations 948
time step continuity errors : sum local = 2.340006e-14, global = -1.408421e-16, cumulative = 1.184504e-12
Moving mesh time step continuity errors : sum local = 2.340006e-14, global = -1.408421e-16, cumulative = 1.184363e-12
smoothSolver:  Solving for k, Initial residual = 0.0015548, Final residual = 9.395474e-10, No Iterations 1
ExecutionTime = 748.6 s  ClockTime = 753 s

Courant Number mean: 7.688532e-05 max: 0.002854609 velocity magnitude: 0.9516051
yForce = -0.9163284
Y= -1.110499e-11
Vy= -1.15034e-06
Time = 3e-05

GAMGPCG:  Solving for cellDisplacementx, Initial residual = 0, Final residual = 0, No Iterations 0
Total solver time is 0
Total solver time is 0
Total solver time is 0
GAMGPCG:  Solving for cellDisplacementy, Initial residual = 0.437237, Final residual = 3.424666e-09, No Iterations 1
GAMGPCG:  Solving for cellDisplacementz, Initial residual = 0, Final residual = 0, No Iterations 0
volume continuity errors : volume = 4.535015, max error = 9.186474e-09, sum local = 7.049254e-15, global = -9.15296e-19
smoothSolver:  Solving for Ux, Initial residual = 0.01761487, Final residual = 1.873791e-08, No Iterations 1
smoothSolver:  Solving for Uy, Initial residual = 0.001238173, Final residual = 3.161083e-08, No Iterations 1
smoothSolver:  Solving for Uz, Initial residual = 0.4015618, Final residual = 4.384739e-06, No Iterations 1
Total solver time is 0
DICPCG:  Solving for p, Initial residual = 0.1088628, Final residual = 0.0008975159, No Iterations 6
Total solver time is 10
DICPCG:  Solving for p, Initial residual = 0.001619384, Final residual = 1.612917e-05, No Iterations 177
time step continuity errors : sum local = 3.45989e-12, global = -2.171004e-16, cumulative = 1.184146e-12
Moving mesh time step continuity errors : sum local = 3.45989e-12, global = -2.171004e-16, cumulative = 1.183929e-12
Total solver time is 1
DICPCG:  Solving for p, Initial residual = 0.0002978896, Final residual = 9.957374e-06, No Iterations 31
Total solver time is 52
DICPCG:  Solving for p, Initial residual = 0.0001171718, Final residual = 9.824537e-08, No Iterations 902
time step continuity errors : sum local = 2.106772e-14, global = -4.701499e-17, cumulative = 1.183882e-12
Moving mesh time step continuity errors : sum local = 2.106772e-14, global = -4.701499e-17, cumulative = 1.183835e-12
smoothSolver:  Solving for k, Initial residual = 0.001156916, Final residual = 6.768418e-10, No Iterations 1
ExecutionTime = 827.94 s  ClockTime = 833 s

Courant Number mean: 7.688543e-05 max: 0.002852247 velocity magnitude: 0.9508177
yForce = 0.6525497
Y= -1.584922e-11
Vy= -7.473533e-07
Time = 3.5e-05

GAMGPCG:  Solving for cellDisplacementx, Initial residual = 0, Final residual = 0, No Iterations 0
Total solver time is 0
Total solver time is 0
Total solver time is 0
GAMGPCG:  Solving for cellDisplacementy, Initial residual = 0.3567402, Final residual = 2.71891e-09, No Iterations 1
GAMGPCG:  Solving for cellDisplacementz, Initial residual = 0, Final residual = 0, No Iterations 0
volume continuity errors : volume = 4.535015, max error = 9.271935e-09, sum local = 7.062799e-15, global = 1.052963e-19
smoothSolver:  Solving for Ux, Initial residual = 0.01352746, Final residual = 1.4634e-08, No Iterations 1
smoothSolver:  Solving for Uy, Initial residual = 0.0009596343, Final residual = 2.402539e-08, No Iterations 1
smoothSolver:  Solving for Uz, Initial residual = 0.2413088, Final residual = 3.068499e-06, No Iterations 1
Total solver time is 0
DICPCG:  Solving for p, Initial residual = 0.09114974, Final residual = 0.0005884317, No Iterations 4
Total solver time is 7
DICPCG:  Solving for p, Initial residual = 0.0007778421, Final residual = 9.849144e-06, No Iterations 127
time step continuity errors : sum local = 1.940186e-12, global = 4.359182e-17, cumulative = 1.183878e-12
Moving mesh time step continuity errors : sum local = 1.940186e-12, global = 4.359182e-17, cumulative = 1.183922e-12
Total solver time is 1
DICPCG:  Solving for p, Initial residual = 8.81386e-05, Final residual = 9.650714e-06, No Iterations 25
Total solver time is 50
DICPCG:  Solving for p, Initial residual = 2.987459e-05, Final residual = 9.953139e-08, No Iterations 862
time step continuity errors : sum local = 1.960358e-14, global = 1.643574e-16, cumulative = 1.184086e-12
Moving mesh time step continuity errors : sum local = 1.960358e-14, global = 1.643574e-16, cumulative = 1.184251e-12
smoothSolver:  Solving for k, Initial residual = 0.0009097445, Final residual = 5.306444e-10, No Iterations 1
ExecutionTime = 900.91 s  ClockTime = 906 s

Courant Number mean: 7.688547e-05 max: 0.002849501 velocity magnitude: 0.9499025
yForce = -0.1416908
Y= -1.980474e-11
Vy= -8.348539e-07
Time = 4e-05

GAMGPCG:  Solving for cellDisplacementx, Initial residual = 0, Final residual = 0, No Iterations 0
Total solver time is 0
Total solver time is 0
Total solver time is 0
GAMGPCG:  Solving for cellDisplacementy, Initial residual = 0.2511584, Final residual = 2.111354e-09, No Iterations 1
GAMGPCG:  Solving for cellDisplacementz, Initial residual = 0, Final residual = 0, No Iterations 0
volume continuity errors : volume = 4.535015, max error = 1.049229e-08, sum local = 7.05064e-15, global = -1.625819e-18
smoothSolver:  Solving for Ux, Initial residual = 0.01095189, Final residual = 1.178118e-08, No Iterations 1
smoothSolver:  Solving for Uy, Initial residual = 0.0008071192, Final residual = 1.925119e-08, No Iterations 1
smoothSolver:  Solving for Uz, Initial residual = 0.2075786, Final residual = 2.977856e-06, No Iterations 1
Total solver time is 0
DICPCG:  Solving for p, Initial residual = 0.07497323, Final residual = 0.0005837678, No Iterations 3
Total solver time is 2
DICPCG:  Solving for p, Initial residual = 0.0007216149, Final residual = 9.880727e-06, No Iterations 46
time step continuity errors : sum local = 1.80813e-12, global = 3.271646e-16, cumulative = 1.184578e-12
Moving mesh time step continuity errors : sum local = 1.80813e-12, global = 3.271646e-16, cumulative = 1.184905e-12
Total solver time is 0
DICPCG:  Solving for p, Initial residual = 3.923245e-05, Final residual = 9.692578e-06, No Iterations 3
Total solver time is 46
DICPCG:  Solving for p, Initial residual = 1.494856e-05, Final residual = 9.930679e-08, No Iterations 799
time step continuity errors : sum local = 1.817263e-14, global = 1.359538e-17, cumulative = 1.184919e-12
Moving mesh time step continuity errors : sum local = 1.817263e-14, global = 1.359538e-17, cumulative = 1.184932e-12
smoothSolver:  Solving for k, Initial residual = 0.000743694, Final residual = 4.329484e-10, No Iterations 1
ExecutionTime = 964.66 s  ClockTime = 970 s

Courant Number mean: 7.688549e-05 max: 0.002846381 velocity magnitude: 0.9488624
yForce = -0.09974711
Y= -2.4133e-11
Vy= -8.964518e-07
Time = 4.5e-05

GAMGPCG:  Solving for cellDisplacementx, Initial residual = 0, Final residual = 0, No Iterations 0
Total solver time is 0
Total solver time is 0
Total solver time is 0
GAMGPCG:  Solving for cellDisplacementy, Initial residual = 0.2337632, Final residual = 1.828782e-09, No Iterations 1
GAMGPCG:  Solving for cellDisplacementz, Initial residual = 0, Final residual = 0, No Iterations 0
volume continuity errors : volume = 4.535015, max error = 9.955303e-09, sum local = 7.043981e-15, global = 1.279465e-18
smoothSolver:  Solving for Ux, Initial residual = 0.009356505, Final residual = 9.844156e-09, No Iterations 1
smoothSolver:  Solving for Uy, Initial residual = 0.0006794788, Final residual = 1.590019e-08, No Iterations 1
smoothSolver:  Solving for Uz, Initial residual = 0.1845598, Final residual = 2.558993e-06, No Iterations 1
Total solver time is 0
DICPCG:  Solving for p, Initial residual = 0.06276914, Final residual = 0.0004508777, No Iterations 3
Total solver time is 1
DICPCG:  Solving for p, Initial residual = 0.0005501359, Final residual = 9.419632e-06, No Iterations 25
time step continuity errors : sum local = 1.615361e-12, global = -9.756593e-17, cumulative = 1.184835e-12
Moving mesh time step continuity errors : sum local = 1.615361e-12, global = -9.756593e-17, cumulative = 1.184737e-12
Total solver time is 0
DICPCG:  Solving for p, Initial residual = 2.509034e-05, Final residual = 7.756226e-06, No Iterations 2
Total solver time is 29
DICPCG:  Solving for p, Initial residual = 8.634892e-06, Final residual = 9.982137e-08, No Iterations 511
time step continuity errors : sum local = 1.711859e-14, global = 1.307927e-15, cumulative = 1.186045e-12
Moving mesh time step continuity errors : sum local = 1.711859e-14, global = 1.307927e-15, cumulative = 1.187353e-12
smoothSolver:  Solving for k, Initial residual = 0.0006255978, Final residual = 3.659917e-10, No Iterations 1
ExecutionTime = 1010.2 s  ClockTime = 1015 s

Courant Number mean: 7.688548e-05 max: 0.002842881 velocity magnitude: 0.9482453
yForce = 0.1037319
Y= -2.845511e-11
Vy= -8.323904e-07
Time = 5e-05

GAMGPCG:  Solving for cellDisplacementx, Initial residual = 0, Final residual = 0, No Iterations 0
Total solver time is 0
Total solver time is 0
Total solver time is 0
GAMGPCG:  Solving for cellDisplacementy, Initial residual = 0.2023712, Final residual = 1.59199e-09, No Iterations 1
GAMGPCG:  Solving for cellDisplacementz, Initial residual = 0, Final residual = 0, No Iterations 0
volume continuity errors : volume = 4.535015, max error = 8.613554e-09, sum local = 7.042588e-15, global = -8.576652e-19
smoothSolver:  Solving for Ux, Initial residual = 0.008276561, Final residual = 8.464912e-09, No Iterations 1
smoothSolver:  Solving for Uy, Initial residual = 0.0005943192, Final residual = 1.349241e-08, No Iterations 1
smoothSolver:  Solving for Uz, Initial residual = 0.1496276, Final residual = 1.937748e-06, No Iterations 1
Total solver time is 0
DICPCG:  Solving for p, Initial residual = 0.05636381, Final residual = 0.0003728022, No Iterations 3
Total solver time is 1
DICPCG:  Solving for p, Initial residual = 0.0004501413, Final residual = 9.701546e-06, No Iterations 20
time step continuity errors : sum local = 1.569829e-12, global = 2.913494e-15, cumulative = 1.190266e-12
Moving mesh time step continuity errors : sum local = 1.569829e-12, global = 2.913494e-15, cumulative = 1.19318e-12
Total solver time is 0
DICPCG:  Solving for p, Initial residual = 2.070064e-05, Final residual = 9.122823e-06, No Iterations 1
Total solver time is 46
DICPCG:  Solving for p, Initial residual = 9.639287e-06, Final residual = 9.680812e-08, No Iterations 801
time step continuity errors : sum local = 1.566512e-14, global = -1.959118e-17, cumulative = 1.19316e-12
Moving mesh time step continuity errors : sum local = 1.566512e-14, global = -1.959118e-17, cumulative = 1.193141e-12
smoothSolver:  Solving for k, Initial residual = 0.0005378848, Final residual = 3.181776e-10, No Iterations 1
ExecutionTime = 1072.62 s  ClockTime = 1078 s

yForce = -0.03253669
Y= -3.266729e-11
Vy= -8.524823e-07
End

Finalising parallel run
