 Data for JOB [45997,1] offset 0

 ========================   JOB MAP   ========================

 Data for node: ivb106	Num slots: 6	Max slots: 0	Num procs: 6
 	Process OMPI jobid: [45997,1] App: 0 Process rank: 0
 	Process OMPI jobid: [45997,1] App: 0 Process rank: 1
 	Process OMPI jobid: [45997,1] App: 0 Process rank: 2
 	Process OMPI jobid: [45997,1] App: 0 Process rank: 3
 	Process OMPI jobid: [45997,1] App: 0 Process rank: 4
 	Process OMPI jobid: [45997,1] App: 0 Process rank: 5

 Data for node: ivb108	Num slots: 6	Max slots: 0	Num procs: 6
 	Process OMPI jobid: [45997,1] App: 0 Process rank: 6
 	Process OMPI jobid: [45997,1] App: 0 Process rank: 7
 	Process OMPI jobid: [45997,1] App: 0 Process rank: 8
 	Process OMPI jobid: [45997,1] App: 0 Process rank: 9
 	Process OMPI jobid: [45997,1] App: 0 Process rank: 10
 	Process OMPI jobid: [45997,1] App: 0 Process rank: 11

 Data for node: ivb109	Num slots: 6	Max slots: 0	Num procs: 6
 	Process OMPI jobid: [45997,1] App: 0 Process rank: 12
 	Process OMPI jobid: [45997,1] App: 0 Process rank: 13
 	Process OMPI jobid: [45997,1] App: 0 Process rank: 14
 	Process OMPI jobid: [45997,1] App: 0 Process rank: 15
 	Process OMPI jobid: [45997,1] App: 0 Process rank: 16
 	Process OMPI jobid: [45997,1] App: 0 Process rank: 17

 Data for node: ivb110	Num slots: 6	Max slots: 0	Num procs: 6
 	Process OMPI jobid: [45997,1] App: 0 Process rank: 18
 	Process OMPI jobid: [45997,1] App: 0 Process rank: 19
 	Process OMPI jobid: [45997,1] App: 0 Process rank: 20
 	Process OMPI jobid: [45997,1] App: 0 Process rank: 21
 	Process OMPI jobid: [45997,1] App: 0 Process rank: 22
 	Process OMPI jobid: [45997,1] App: 0 Process rank: 23

 =============================================================
[ivb106:14399] MCW rank 0 bound to socket 0[core 0[hwt 0]]: [B/././././././././.][./././././././././.]
[ivb106:14399] MCW rank 1 bound to socket 0[core 1[hwt 0]]: [./B/./././././././.][./././././././././.]
[ivb106:14399] MCW rank 2 bound to socket 0[core 2[hwt 0]]: [././B/././././././.][./././././././././.]
[ivb106:14399] MCW rank 3 bound to socket 0[core 3[hwt 0]]: [./././B/./././././.][./././././././././.]
[ivb106:14399] MCW rank 4 bound to socket 0[core 4[hwt 0]]: [././././B/././././.][./././././././././.]
[ivb106:14399] MCW rank 5 bound to socket 0[core 5[hwt 0]]: [./././././B/./././.][./././././././././.]
[ivb109:12388] MCW rank 15 bound to socket 0[core 3[hwt 0]]: [./././B/./././././.][./././././././././.]
[ivb109:12388] MCW rank 16 bound to socket 0[core 4[hwt 0]]: [././././B/././././.][./././././././././.]
[ivb109:12388] MCW rank 17 bound to socket 0[core 5[hwt 0]]: [./././././B/./././.][./././././././././.]
[ivb109:12388] MCW rank 12 bound to socket 0[core 0[hwt 0]]: [B/././././././././.][./././././././././.]
[ivb109:12388] MCW rank 13 bound to socket 0[core 1[hwt 0]]: [./B/./././././././.][./././././././././.]
[ivb109:12388] MCW rank 14 bound to socket 0[core 2[hwt 0]]: [././B/././././././.][./././././././././.]
[ivb110:30925] MCW rank 18 bound to socket 0[core 0[hwt 0]]: [B/././././././././.][./././././././././.]
[ivb110:30925] MCW rank 19 bound to socket 0[core 1[hwt 0]]: [./B/./././././././.][./././././././././.]
[ivb110:30925] MCW rank 20 bound to socket 0[core 2[hwt 0]]: [././B/././././././.][./././././././././.]
[ivb110:30925] MCW rank 21 bound to socket 0[core 3[hwt 0]]: [./././B/./././././.][./././././././././.]
[ivb110:30925] MCW rank 22 bound to socket 0[core 4[hwt 0]]: [././././B/././././.][./././././././././.]
[ivb110:30925] MCW rank 23 bound to socket 0[core 5[hwt 0]]: [./././././B/./././.][./././././././././.]
[ivb108:28019] MCW rank 6 bound to socket 0[core 0[hwt 0]]: [B/././././././././.][./././././././././.]
[ivb108:28019] MCW rank 7 bound to socket 0[core 1[hwt 0]]: [./B/./././././././.][./././././././././.]
[ivb108:28019] MCW rank 8 bound to socket 0[core 2[hwt 0]]: [././B/././././././.][./././././././././.]
[ivb108:28019] MCW rank 9 bound to socket 0[core 3[hwt 0]]: [./././B/./././././.][./././././././././.]
[ivb108:28019] MCW rank 10 bound to socket 0[core 4[hwt 0]]: [././././B/././././.][./././././././././.]
[ivb108:28019] MCW rank 11 bound to socket 0[core 5[hwt 0]]: [./././././B/./././.][./././././././././.]
0
1
2
3
4
5
0
2
1
3
4
5
1
2
2
0
1
3
3
4
0
5
4
5
/*---------------------------------------------------------------------------*\
| =========                 |                                                 |
| \\      /  F ield         | foam-extend: Open Source CFD                    |
|  \\    /   O peration     | Version:     3.1                                |
|   \\  /    A nd           | Web:         http://www.extend-project.de       |
|    \\/     M anipulation  |                                                 |
\*---------------------------------------------------------------------------*/
Build    : 3.1-e2da948002a2
Exec     : pimpleDyMFoam -parallel
Date     : May 27 2016
Time     : 06:47:18
Host     : ivb106
PID      : 14465
CtrlDict : /home-2/vplatonov/foam/foam-extend-3.1/etc/controlDict
Case     : /home/vplatonov/tests/3D-mesh1-of3.1
nProcs   : 24
Slaves : 
23
(
ivb106.14452
ivb106.14471
ivb106.14453
ivb106.14459
ivb106.14476
ivb108.28069
ivb108.28075
ivb108.28081
ivb108.28068
ivb108.28067
ivb108.28086
ivb109.12439
ivb109.12444
ivb109.12442
ivb109.12450
ivb109.12440
ivb109.12455
ivb110.30975
ivb110.30981
ivb110.30970
ivb110.30987
ivb110.30971
ivb110.30992
)

Pstream initialized with:
    floatTransfer     : 0
    nProcsSimpleSum   : 0
    commsType         : blocking
SigFpe   : Enabling floating point exception trapping (FOAM_SIGFPE).

// * * * * * * * * * * * * * * * * * * * * * * * * * * * * * * * * * * * * * //
Create time

Create dynamic mesh for time = 0

Selecting dynamicFvMesh dynamicMotionSolverFvMesh
Selecting motion solver: displacementLaplacian
Selecting motion diffusion: quadratic
Selecting motion diffusion: inverseDistance
Reading field p

Reading field U

Reading/calculating face flux field phi

Selecting incompressible transport model Newtonian
Selecting turbulence model type LESModel
Selecting LES turbulence model oneEqEddy
oneEqEddyCoeffs
{
    ce              1.048;
    ck              0.094;
}

Reading field rAU if present


Starting time loop

Courant Number mean: 0 max: 0.0007592825 velocity magnitude: 0.4779
Reading old state
Before setting displacements
GAMGPCG:  Solving for cellDisplacementx, Initial residual = 0, Final residual = 0, No Iterations 0
GAMGPCG:  Solving for cellDisplacementy, Initial residual = 0, Final residual = 0, No Iterations 0
GAMGPCG:  Solving for cellDisplacementz, Initial residual = 0, Final residual = 0, No Iterations 0
Time = 5e-06

GAMGPCG:  Solving for cellDisplacementx, Initial residual = 0, Final residual = 0, No Iterations 0
GAMGPCG:  Solving for cellDisplacementy, Initial residual = 0, Final residual = 0, No Iterations 0
GAMGPCG:  Solving for cellDisplacementz, Initial residual = 0, Final residual = 0, No Iterations 0
volume continuity errors : volume = 4.535015, max error = 0, sum local = 0, global = 0
smoothSolver:  Solving for Ux, Initial residual = 1, Final residual = 3.764172e-08, No Iterations 1
smoothSolver:  Solving for Uy, Initial residual = 1, Final residual = 4.611591e-08, No Iterations 1
smoothSolver:  Solving for Uz, Initial residual = 0.9999962, Final residual = 4.046585e-08, No Iterations 1
Created persistent data with name p
Computing AINV with droptol 0.02
GPU: 473 iters: 5.814211 s: 19.2887 GB/s
Total exec time 5.814211
 Total comm time 0.02523933Pre time 0.01998323 Post time 0.005256096
GPUBICGS:  Solving for p, Initial residual = 1, Final residual = 0.00876233, No Iterations 473
Computing AINV with droptol 0.02
GPU: 171 iters: 2.24297 s: 18.07613 GB/s
Total exec time 8.057181
 Total comm time 0.1056685Pre time 0.02779677 Post time 0.07787171
GPUBICGS:  Solving for p, Initial residual = 0.0004686568, Final residual = 9.745008e-06, No Iterations 171
time step continuity errors : sum local = 2.190542e-09, global = -7.559596e-10, cumulative = -7.559596e-10
Moving mesh time step continuity errors : sum local = 2.190542e-09, global = -7.559596e-10, cumulative = -1.511919e-09
GPU: 44 iters: 0.5745684 s: 18.15698 GB/s
Total exec time 8.631749
 Total comm time 0.1302126Pre time 0.02984845 Post time 0.1003641
GPUBICGS:  Solving for p, Initial residual = 0.0001102041, Final residual = 9.721472e-06, No Iterations 44
GPU: 508 iters: 6.583604 s: 18.29501 GB/s
Total exec time 15.21535
 Total comm time 0.3822784Pre time 0.0532055 Post time 0.3290729
GPUBICGS:  Solving for p, Initial residual = 4.580358e-05, Final residual = 8.926149e-08, No Iterations 508
time step continuity errors : sum local = 2.007743e-11, global = -4.530693e-13, cumulative = -1.512372e-09
Moving mesh time step continuity errors : sum local = 2.007743e-11, global = -4.530693e-13, cumulative = -1.512825e-09
smoothSolver:  Solving for k, Initial residual = 1, Final residual = 2.567012e-11, No Iterations 2
ExecutionTime = 44.78 s  ClockTime = 47 s

Courant Number mean: 7.680114e-05 max: 0.002864464 velocity magnitude: 0.9548903
yForce = -8.285444
Y= -1.279178e-11
Vy= -5.116708e-06
Time = 1e-05

GAMGPCG:  Solving for cellDisplacementx, Initial residual = 0, Final residual = 0, No Iterations 0
Total solver time is 0
Total solver time is 0
Total solver time is 0
GAMGPCG:  Solving for cellDisplacementy, Initial residual = 1, Final residual = 1.160983e-08, No Iterations 1
GAMGPCG:  Solving for cellDisplacementz, Initial residual = 0, Final residual = 0, No Iterations 0
volume continuity errors : volume = 4.535015, max error = 1.158682e-08, sum local = 6.263474e-15, global = 2.193593e-18
smoothSolver:  Solving for Ux, Initial residual = 0.9975364, Final residual = 1.333269e-06, No Iterations 1
smoothSolver:  Solving for Uy, Initial residual = 0.3324847, Final residual = 2.47277e-06, No Iterations 1
smoothSolver:  Solving for Uz, Initial residual = 0.3309885, Final residual = 1.673321e-06, No Iterations 1
GPU: 517 iters: 6.7376 s: 18.19357 GB/s
Total exec time 21.95295
 Total comm time 0.6705533Pre time 0.0763503 Post time 0.594203
GPUBICGS:  Solving for p, Initial residual = 0.003644904, Final residual = 2.978623e-05, No Iterations 517
GPU: 193 iters: 2.528284 s: 18.0994 GB/s
Total exec time 24.48124
 Total comm time 0.7762899Pre time 0.08522691 Post time 0.691063
GPUBICGS:  Solving for p, Initial residual = 0.001395885, Final residual = 1.394076e-05, No Iterations 193
time step continuity errors : sum local = 1.044005e-09, global = 7.42652e-10, cumulative = -7.701733e-10
Moving mesh time step continuity errors : sum local = 1.044005e-09, global = 7.42652e-10, cumulative = -2.752131e-11
GPU: 442 iters: 5.783928 s: 18.11891 GB/s
Total exec time 30.26517
 Total comm time 1.046647Pre time 0.1047458 Post time 0.9419008
GPUBICGS:  Solving for p, Initial residual = 0.0003143626, Final residual = 6.848728e-06, No Iterations 442
GPU: 586 iters: 7.635445 s: 18.19684 GB/s
Total exec time 37.90061
 Total comm time 1.345641Pre time 0.1312747 Post time 1.214367
GPUBICGS:  Solving for p, Initial residual = 0.0001157547, Final residual = 8.465643e-08, No Iterations 586
time step continuity errors : sum local = 6.356124e-12, global = 7.628312e-13, cumulative = -2.675847e-11
Moving mesh time step continuity errors : sum local = 6.356124e-12, global = 7.628312e-13, cumulative = -2.599564e-11
smoothSolver:  Solving for k, Initial residual = 0.008782438, Final residual = 8.032077e-09, No Iterations 1
ExecutionTime = 77.04 s  ClockTime = 80 s

Courant Number mean: 7.680484e-05 max: 0.002856927 velocity magnitude: 0.9523777
yForce = 18.63968
Y= -9.597764e-12
Vy= 6.394306e-06
Time = 1.5e-05

GAMGPCG:  Solving for cellDisplacementx, Initial residual = 0, Final residual = 0, No Iterations 0
Total solver time is 0
Total solver time is 0
Total solver time is 0
GAMGPCG:  Solving for cellDisplacementy, Initial residual = 0.3384968, Final residual = 2.891031e-09, No Iterations 1
GAMGPCG:  Solving for cellDisplacementz, Initial residual = 0, Final residual = 0, No Iterations 0
volume continuity errors : volume = 4.535015, max error = 1.20935e-08, sum local = 7.06688e-15, global = 4.098899e-19
smoothSolver:  Solving for Ux, Initial residual = 0.9921586, Final residual = 1.327518e-06, No Iterations 1
smoothSolver:  Solving for Uy, Initial residual = 0.1843055, Final residual = 1.465283e-06, No Iterations 1
smoothSolver:  Solving for Uz, Initial residual = 0.7961585, Final residual = 4.189916e-06, No Iterations 1
GPU: 544 iters: 7.074579 s: 18.23186 GB/s
Total exec time 44.97519
 Total comm time 1.622207Pre time 0.1570853 Post time 1.465122
GPUBICGS:  Solving for p, Initial residual = 0.002800846, Final residual = 2.737475e-05, No Iterations 544
GPU: 183 iters: 2.390014 s: 18.15446 GB/s
Total exec time 47.3652
 Total comm time 1.713351Pre time 0.1659115 Post time 1.547439
GPUBICGS:  Solving for p, Initial residual = 0.08223124, Final residual = 0.0008196412, No Iterations 183
time step continuity errors : sum local = 3.442354e-10, global = -2.149137e-10, cumulative = -2.409094e-10
Moving mesh time step continuity errors : sum local = 3.442354e-10, global = -2.149137e-10, cumulative = -4.558231e-10
GPU: 408 iters: 5.335779 s: 18.12988 GB/s
Total exec time 52.70098
 Total comm time 1.943905Pre time 0.1848136 Post time 1.759092
GPUBICGS:  Solving for p, Initial residual = 0.01887049, Final residual = 0.0001734174, No Iterations 408
GPU: 704 iters: 9.143259 s: 18.25595 GB/s
Total exec time 61.84424
 Total comm time 2.283385Pre time 0.2181712 Post time 2.065214
GPUBICGS:  Solving for p, Initial residual = 0.007347931, Final residual = 9.304849e-08, No Iterations 704
time step continuity errors : sum local = 3.000042e-14, global = -1.337684e-15, cumulative = -4.558245e-10
Moving mesh time step continuity errors : sum local = 3.000042e-14, global = -1.337684e-15, cumulative = -4.558258e-10
smoothSolver:  Solving for k, Initial residual = 0.00383569, Final residual = 3.566612e-09, No Iterations 1
ExecutionTime = 110.46 s  ClockTime = 114 s

Courant Number mean: 7.680528e-05 max: 0.002858829 velocity magnitude: 0.953012
yForce = -7.143081
Y= 1.134564e-11
Vy= 1.983059e-06
Time = 2e-05

GAMGPCG:  Solving for cellDisplacementx, Initial residual = 0, Final residual = 0, No Iterations 0
Total solver time is 0
Total solver time is 0
Total solver time is 0
GAMGPCG:  Solving for cellDisplacementy, Initial residual = 1, Final residual = 1.165749e-08, No Iterations 1
GAMGPCG:  Solving for cellDisplacementz, Initial residual = 0, Final residual = 0, No Iterations 0
volume continuity errors : volume = 4.535015, max error = 1.256318e-08, sum local = 7.076977e-15, global = -1.121078e-18
smoothSolver:  Solving for Ux, Initial residual = 0.0508805, Final residual = 8.741221e-08, No Iterations 1
smoothSolver:  Solving for Uy, Initial residual = 0.01334502, Final residual = 1.541583e-07, No Iterations 1
smoothSolver:  Solving for Uz, Initial residual = 0.9713779, Final residual = 2.921645e-06, No Iterations 1
GPU: 43 iters: 0.5673223 s: 17.97096 GB/s
Total exec time 62.41156
 Total comm time 2.307644Pre time 0.2202079 Post time 2.087436
GPUBICGS:  Solving for p, Initial residual = 0.2263545, Final residual = 0.002148196, No Iterations 43
GPU: 112 iters: 1.478091 s: 17.96592 GB/s
Total exec time 63.88965
 Total comm time 2.378123Pre time 0.2253823 Post time 2.152741
GPUBICGS:  Solving for p, Initial residual = 0.01235263, Final residual = 0.0001065755, No Iterations 112
time step continuity errors : sum local = 2.87652e-11, global = -3.330454e-13, cumulative = -4.561588e-10
Moving mesh time step continuity errors : sum local = 2.87652e-11, global = -3.330454e-13, cumulative = -4.564919e-10
GPU: 166 iters: 2.168021 s: 18.15421 GB/s
Total exec time 66.05767
 Total comm time 2.464638Pre time 0.2333872 Post time 2.23125
GPUBICGS:  Solving for p, Initial residual = 0.004201321, Final residual = 3.369631e-05, No Iterations 166
GPU: 624 iters: 8.119417 s: 18.22185 GB/s
Total exec time 74.17709
 Total comm time 2.770905Pre time 0.2631769 Post time 2.507728
GPUBICGS:  Solving for p, Initial residual = 0.001783606, Final residual = 8.675679e-08, No Iterations 624
time step continuity errors : sum local = 2.331697e-14, global = 5.343865e-15, cumulative = -4.564865e-10
Moving mesh time step continuity errors : sum local = 2.331697e-14, global = 5.343865e-15, cumulative = -4.564812e-10
smoothSolver:  Solving for k, Initial residual = 0.002273409, Final residual = 2.172951e-09, No Iterations 1
ExecutionTime = 132.66 s  ClockTime = 136 s

Courant Number mean: 7.680593e-05 max: 0.002856742 velocity magnitude: 0.9523162
yForce = -1.229207
Y= 1.936317e-11
Vy= 1.223955e-06
Time = 2.5e-05

GAMGPCG:  Solving for cellDisplacementx, Initial residual = 0, Final residual = 0, No Iterations 0
Total solver time is 0
Total solver time is 0
Total solver time is 0
GAMGPCG:  Solving for cellDisplacementy, Initial residual = 0.3596437, Final residual = 5.825571e-09, No Iterations 1
GAMGPCG:  Solving for cellDisplacementz, Initial residual = 0, Final residual = 0, No Iterations 0
volume continuity errors : volume = 4.535015, max error = 1.261942e-08, sum local = 7.149209e-15, global = -6.096726e-19
smoothSolver:  Solving for Ux, Initial residual = 0.02710372, Final residual = 3.139817e-08, No Iterations 1
smoothSolver:  Solving for Uy, Initial residual = 0.004538307, Final residual = 5.414342e-08, No Iterations 1
smoothSolver:  Solving for Uz, Initial residual = 0.8406529, Final residual = 2.305797e-06, No Iterations 1
GPU: 9 iters: 0.1209915 s: 17.63682 GB/s
Total exec time 74.29808
 Total comm time 2.775006Pre time 0.2636274 Post time 2.511379
GPUBICGS:  Solving for p, Initial residual = 0.1534092, Final residual = 0.001474794, No Iterations 9
GPU: 153 iters: 2.027635 s: 17.89098 GB/s
Total exec time 76.32572
 Total comm time 2.88594Pre time 0.2708777 Post time 2.615062
GPUBICGS:  Solving for p, Initial residual = 0.003674629, Final residual = 3.632249e-05, No Iterations 153
time step continuity errors : sum local = 8.632654e-12, global = 4.520528e-14, cumulative = -4.56436e-10
Moving mesh time step continuity errors : sum local = 8.632654e-12, global = 4.520528e-14, cumulative = -4.563908e-10
GPU: 165 iters: 2.15663 s: 18.14015 GB/s
Total exec time 78.48235
 Total comm time 2.972195Pre time 0.2785844 Post time 2.69361
GPUBICGS:  Solving for p, Initial residual = 0.0009226923, Final residual = 9.111253e-06, No Iterations 165
GPU: 470 iters: 6.143904 s: 18.13786 GB/s
Total exec time 84.62625
 Total comm time 3.235852Pre time 0.3004469 Post time 2.935405
GPUBICGS:  Solving for p, Initial residual = 0.0003220877, Final residual = 9.765432e-08, No Iterations 470
time step continuity errors : sum local = 2.316559e-14, global = -2.070813e-14, cumulative = -4.564115e-10
Moving mesh time step continuity errors : sum local = 2.316559e-14, global = -2.070813e-14, cumulative = -4.564322e-10
smoothSolver:  Solving for k, Initial residual = 0.001554947, Final residual = 1.530338e-09, No Iterations 1
ExecutionTime = 152.95 s  ClockTime = 157 s

Courant Number mean: 7.680601e-05 max: 0.002854617 velocity magnitude: 0.9516077
yForce = 2.785544
Y= 2.97835e-11
Vy= 2.944176e-06
Time = 3e-05

GAMGPCG:  Solving for cellDisplacementx, Initial residual = 0, Final residual = 0, No Iterations 0
Total solver time is 0
Total solver time is 0
Total solver time is 0
GAMGPCG:  Solving for cellDisplacementy, Initial residual = 0.3842244, Final residual = 5.510052e-09, No Iterations 1
GAMGPCG:  Solving for cellDisplacementz, Initial residual = 0, Final residual = 0, No Iterations 0
volume continuity errors : volume = 4.535015, max error = 1.257932e-08, sum local = 7.149273e-15, global = 1.117231e-18
smoothSolver:  Solving for Ux, Initial residual = 0.01762956, Final residual = 1.435381e-08, No Iterations 1
smoothSolver:  Solving for Uy, Initial residual = 0.001240658, Final residual = 2.459495e-08, No Iterations 1
smoothSolver:  Solving for Uz, Initial residual = 0.4635504, Final residual = 4.604532e-06, No Iterations 1
GPU: 3 iters: 0.04352899 s: 16.34088 GB/s
Total exec time 84.66978
 Total comm time 3.236034Pre time 0.3006065 Post time 2.935427
GPUBICGS:  Solving for p, Initial residual = 0.1088412, Final residual = 0.0007160562, No Iterations 3
GPU: 51 iters: 0.6712794 s: 18.01356 GB/s
Total exec time 85.34106
 Total comm time 3.266976Pre time 0.3029967 Post time 2.963979
GPUBICGS:  Solving for p, Initial residual = 0.001337029, Final residual = 1.312618e-05, No Iterations 51
time step continuity errors : sum local = 2.816115e-12, global = -5.712935e-14, cumulative = -4.564893e-10
Moving mesh time step continuity errors : sum local = 2.816115e-12, global = -5.712935e-14, cumulative = -4.565465e-10
GPU: 27 iters: 0.3596892 s: 17.79791 GB/s
Total exec time 85.70075
 Total comm time 3.281864Pre time 0.3042828 Post time 2.977582
GPUBICGS:  Solving for p, Initial residual = 0.0002629855, Final residual = 9.810604e-06, No Iterations 27
GPU: 583 iters: 7.638805 s: 18.09572 GB/s
Total exec time 93.33956
 Total comm time 3.643062Pre time 0.3321991 Post time 3.310863
GPUBICGS:  Solving for p, Initial residual = 0.0001023471, Final residual = 9.215517e-08, No Iterations 583
time step continuity errors : sum local = 1.97636e-14, global = 8.190152e-15, cumulative = -4.565383e-10
Moving mesh time step continuity errors : sum local = 1.97636e-14, global = 8.190152e-15, cumulative = -4.565301e-10
smoothSolver:  Solving for k, Initial residual = 0.001157002, Final residual = 1.164908e-09, No Iterations 1
ExecutionTime = 171.49 s  ClockTime = 176 s

Courant Number mean: 7.680611e-05 max: 0.002852248 velocity magnitude: 0.9508179
yForce = -1.453639
Y= 4.226012e-11
Vy= 2.046471e-06
Time = 3.5e-05

GAMGPCG:  Solving for cellDisplacementx, Initial residual = 0, Final residual = 0, No Iterations 0
Total solver time is 0
Total solver time is 0
Total solver time is 0
GAMGPCG:  Solving for cellDisplacementy, Initial residual = 0.3435702, Final residual = 4.946055e-09, No Iterations 1
GAMGPCG:  Solving for cellDisplacementz, Initial residual = 0, Final residual = 0, No Iterations 0
volume continuity errors : volume = 4.535015, max error = 1.303874e-08, sum local = 7.154401e-15, global = -7.703516e-19
smoothSolver:  Solving for Ux, Initial residual = 0.01354407, Final residual = 1.136805e-08, No Iterations 1
smoothSolver:  Solving for Uy, Initial residual = 0.0009623015, Final residual = 1.859493e-08, No Iterations 1
smoothSolver:  Solving for Uz, Initial residual = 0.342617, Final residual = 4.365143e-06, No Iterations 1
GPU: 2 iters: 0.03103642 s: 15.27887 GB/s
Total exec time 93.37059
 Total comm time 3.643195Pre time 0.3323163 Post time 3.310879
GPUBICGS:  Solving for p, Initial residual = 0.09113662, Final residual = 0.0004062899, No Iterations 2
GPU: 23 iters: 0.3059507 s: 17.82416 GB/s
Total exec time 93.67654
 Total comm time 3.653217Pre time 0.333407 Post time 3.31981
GPUBICGS:  Solving for p, Initial residual = 0.0005896003, Final residual = 9.840303e-06, No Iterations 23
time step continuity errors : sum local = 1.93864e-12, global = 5.537974e-14, cumulative = -4.564747e-10
Moving mesh time step continuity errors : sum local = 1.93864e-12, global = 5.537974e-14, cumulative = -4.564193e-10
GPU: 8 iters: 0.1076187 s: 17.62524 GB/s
Total exec time 93.78416
 Total comm time 3.654383Pre time 0.3337925 Post time 3.32059
GPUBICGS:  Solving for p, Initial residual = 8.232988e-05, Final residual = 9.674213e-06, No Iterations 8
GPU: 487 iters: 6.405729 s: 18.02574 GB/s
Total exec time 100.1899
 Total comm time 3.970787Pre time 0.3558308 Post time 3.614956
GPUBICGS:  Solving for p, Initial residual = 2.918928e-05, Final residual = 9.141825e-08, No Iterations 487
time step continuity errors : sum local = 1.800782e-14, global = -1.708987e-14, cumulative = -4.564364e-10
Moving mesh time step continuity errors : sum local = 1.800782e-14, global = -1.708987e-14, cumulative = -4.564535e-10
smoothSolver:  Solving for k, Initial residual = 0.0009098, Final residual = 9.452174e-10, No Iterations 1
ExecutionTime = 188.14 s  ClockTime = 192 s

Courant Number mean: 7.680617e-05 max: 0.002849503 velocity magnitude: 0.949903
yForce = 0.07873935
Y= 5.261403e-11
Vy= 2.095094e-06
Time = 4e-05

GAMGPCG:  Solving for cellDisplacementx, Initial residual = 0, Final residual = 0, No Iterations 0
Total solver time is 0
Total solver time is 0
Total solver time is 0
GAMGPCG:  Solving for cellDisplacementy, Initial residual = 0.2402088, Final residual = 3.889734e-09, No Iterations 1
GAMGPCG:  Solving for cellDisplacementz, Initial residual = 0, Final residual = 0, No Iterations 0
volume continuity errors : volume = 4.535015, max error = 1.289619e-08, sum local = 7.159831e-15, global = 4.806445e-19
smoothSolver:  Solving for Ux, Initial residual = 0.01096017, Final residual = 9.422869e-09, No Iterations 1
smoothSolver:  Solving for Uy, Initial residual = 0.0008060552, Final residual = 1.499184e-08, No Iterations 1
smoothSolver:  Solving for Uz, Initial residual = 0.3829969, Final residual = 4.769761e-06, No Iterations 1
GPU: 2 iters: 0.03305296 s: 14.34671 GB/s
Total exec time 100.2229
 Total comm time 3.971635Pre time 0.3559478 Post time 3.615687
GPUBICGS:  Solving for p, Initial residual = 0.07497631, Final residual = 0.0001662889, No Iterations 2
GPU: 9 iters: 0.1285477 s: 16.60011 GB/s
Total exec time 100.3515
 Total comm time 3.983622Pre time 0.3563924 Post time 3.627229
GPUBICGS:  Solving for p, Initial residual = 0.0003130323, Final residual = 9.891343e-06, No Iterations 9
time step continuity errors : sum local = 1.810197e-12, global = -6.040214e-14, cumulative = -4.565139e-10
Moving mesh time step continuity errors : sum local = 1.810197e-12, global = -6.040214e-14, cumulative = -4.565743e-10
GPU: 3 iters: 0.04511395 s: 15.76678 GB/s
Total exec time 100.3966
 Total comm time 3.983861Pre time 0.3565607 Post time 3.627301
GPUBICGS:  Solving for p, Initial residual = 3.608415e-05, Final residual = 9.272027e-06, No Iterations 3
GPU: 507 iters: 6.613382 s: 18.17678 GB/s
Total exec time 107.01
 Total comm time 4.252577Pre time 0.3811261 Post time 3.871451
GPUBICGS:  Solving for p, Initial residual = 1.524892e-05, Final residual = 9.041625e-08, No Iterations 507
time step continuity errors : sum local = 1.654605e-14, global = -7.207607e-16, cumulative = -4.56575e-10
Moving mesh time step continuity errors : sum local = 1.654605e-14, global = -7.207607e-16, cumulative = -4.565757e-10
smoothSolver:  Solving for k, Initial residual = 0.0007437326, Final residual = 7.921354e-10, No Iterations 1
ExecutionTime = 204.75 s  ClockTime = 209 s

Courant Number mean: 7.680618e-05 max: 0.002846383 velocity magnitude: 0.9488629
yForce = 0.3771137
Y= 6.367172e-11
Vy= 2.327979e-06
Time = 4.5e-05

GAMGPCG:  Solving for cellDisplacementx, Initial residual = 0, Final residual = 0, No Iterations 0
Total solver time is 0
Total solver time is 0
Total solver time is 0
GAMGPCG:  Solving for cellDisplacementy, Initial residual = 0.2215435, Final residual = 3.496999e-09, No Iterations 1
GAMGPCG:  Solving for cellDisplacementz, Initial residual = 0, Final residual = 0, No Iterations 0
volume continuity errors : volume = 4.535015, max error = 1.247553e-08, sum local = 7.15344e-15, global = 1.133868e-18
smoothSolver:  Solving for Ux, Initial residual = 0.009362133, Final residual = 8.067097e-09, No Iterations 1
smoothSolver:  Solving for Uy, Initial residual = 0.0006808715, Final residual = 1.243821e-08, No Iterations 1
smoothSolver:  Solving for Uz, Initial residual = 0.4242717, Final residual = 3.42906e-06, No Iterations 1
GPU: 2 iters: 0.04429235 s: 10.70617 GB/s
Total exec time 107.0543
 Total comm time 4.252718Pre time 0.3812508 Post time 3.871467
GPUBICGS:  Solving for p, Initial residual = 0.0627706, Final residual = 0.0001258265, No Iterations 2
GPU: 8 iters: 0.1123994 s: 16.87558 GB/s
Total exec time 107.1667
 Total comm time 4.256941Pre time 0.3816596 Post time 3.875282
GPUBICGS:  Solving for p, Initial residual = 0.0002333016, Final residual = 9.610655e-06, No Iterations 8
time step continuity errors : sum local = 1.648304e-12, global = 2.949484e-14, cumulative = -4.565463e-10
Moving mesh time step continuity errors : sum local = 1.648304e-12, global = 2.949484e-14, cumulative = -4.565168e-10
GPU: 2 iters: 0.03382806 s: 14.01798 GB/s
Total exec time 107.2005
 Total comm time 4.258163Pre time 0.3817806 Post time 3.876382
GPUBICGS:  Solving for p, Initial residual = 2.380578e-05, Final residual = 9.71843e-06, No Iterations 2
GPU: 200 iters: 2.612741 s: 18.14957 GB/s
Total exec time 109.8132
 Total comm time 4.362956Pre time 0.3914042 Post time 3.971552
GPUBICGS:  Solving for p, Initial residual = 1.176373e-05, Final residual = 9.959151e-08, No Iterations 200
time step continuity errors : sum local = 1.708015e-14, global = 1.62163e-14, cumulative = -4.565005e-10
Moving mesh time step continuity errors : sum local = 1.708015e-14, global = 1.62163e-14, cumulative = -4.564843e-10
smoothSolver:  Solving for k, Initial residual = 0.0006256259, Final residual = 6.820527e-10, No Iterations 1
ExecutionTime = 217.78 s  ClockTime = 222 s

Courant Number mean: 7.680617e-05 max: 0.002842882 velocity magnitude: 0.9482456
yForce = -0.2439447
Y= 7.493498e-11
Vy= 2.177327e-06
Time = 5e-05

GAMGPCG:  Solving for cellDisplacementx, Initial residual = 0, Final residual = 0, No Iterations 0
Total solver time is 0
Total solver time is 0
Total solver time is 0
GAMGPCG:  Solving for cellDisplacementy, Initial residual = 0.1955416, Final residual = 3.051198e-09, No Iterations 1
GAMGPCG:  Solving for cellDisplacementz, Initial residual = 0, Final residual = 0, No Iterations 0
volume continuity errors : volume = 4.535015, max error = 1.213343e-08, sum local = 7.156403e-15, global = -1.104051e-18
smoothSolver:  Solving for Ux, Initial residual = 0.008282391, Final residual = 7.084412e-09, No Iterations 1
smoothSolver:  Solving for Uy, Initial residual = 0.0005943008, Final residual = 1.059069e-08, No Iterations 1
smoothSolver:  Solving for Uz, Initial residual = 0.2357139, Final residual = 1.410638e-06, No Iterations 1
GPU: 2 iters: 0.03404106 s: 13.93027 GB/s
Total exec time 109.8473
 Total comm time 4.36317Pre time 0.3915257 Post time 3.971645
GPUBICGS:  Solving for p, Initial residual = 0.05636445, Final residual = 9.850344e-05, No Iterations 2
GPU: 6 iters: 0.08300806 s: 17.13814 GB/s
Total exec time 109.9303
 Total comm time 4.363523Pre time 0.3918363 Post time 3.971687
GPUBICGS:  Solving for p, Initial residual = 0.0001825489, Final residual = 9.390775e-06, No Iterations 6
time step continuity errors : sum local = 1.519699e-12, global = 3.334755e-14, cumulative = -4.56451e-10
Moving mesh time step continuity errors : sum local = 1.519699e-12, global = 3.334755e-14, cumulative = -4.564176e-10
GPU: 1 iters: 0.02051846 s: 11.55548 GB/s
Total exec time 109.9508
 Total comm time 4.363605Pre time 0.3919091 Post time 3.971696
GPUBICGS:  Solving for p, Initial residual = 1.925237e-05, Final residual = 9.910461e-06, No Iterations 1
GPU: 449 iters: 5.932904 s: 17.94369 GB/s
Total exec time 115.8837
 Total comm time 4.646683Pre time 0.4122716 Post time 4.234411
GPUBICGS:  Solving for p, Initial residual = 1.092512e-05, Final residual = 9.801482e-08, No Iterations 449
time step continuity errors : sum local = 1.586121e-14, global = 5.955645e-15, cumulative = -4.564117e-10
Moving mesh time step continuity errors : sum local = 1.586121e-14, global = 5.955645e-15, cumulative = -4.564057e-10
smoothSolver:  Solving for k, Initial residual = 0.0005379061, Final residual = 5.997288e-10, No Iterations 1
ExecutionTime = 234.06 s  ClockTime = 239 s

yForce = 0.04738767
Y= 8.589476e-11
Vy= 2.206588e-06
End

Finalising parallel run
/home-2/vplatonov/bin/nvsingle: line 29: 12450 Segmentation fault      "$@"
/home-2/vplatonov/bin/nvsingle: line 29: 14476 Segmentation fault      "$@"
/home-2/vplatonov/bin/nvsingle: line 29: 28075 Segmentation fault      "$@"
-------------------------------------------------------
Primary job  terminated normally, but 1 process returned
a non-zero exit code.. Per user-direction, the job has been aborted.
-------------------------------------------------------
slurmstepd: *** JOB 8319 ON ivb106 CANCELLED AT 2016-05-27T07:04:32 DUE TO TIME LIMIT ***
--------------------------------------------------------------------------
mpirun detected that one or more processes exited with non-zero status, thus causing
the job to be terminated. The first process to do so was:

  Process name: [[45997,1],5]
  Exit code:    139
--------------------------------------------------------------------------
