 Data for JOB [37808,1] offset 0

 ========================   JOB MAP   ========================

 Data for node: ivb106	Num slots: 8	Max slots: 0	Num procs: 8
 	Process OMPI jobid: [37808,1] App: 0 Process rank: 0
 	Process OMPI jobid: [37808,1] App: 0 Process rank: 1
 	Process OMPI jobid: [37808,1] App: 0 Process rank: 2
 	Process OMPI jobid: [37808,1] App: 0 Process rank: 3
 	Process OMPI jobid: [37808,1] App: 0 Process rank: 4
 	Process OMPI jobid: [37808,1] App: 0 Process rank: 5
 	Process OMPI jobid: [37808,1] App: 0 Process rank: 6
 	Process OMPI jobid: [37808,1] App: 0 Process rank: 7

 Data for node: ivb108	Num slots: 8	Max slots: 0	Num procs: 8
 	Process OMPI jobid: [37808,1] App: 0 Process rank: 8
 	Process OMPI jobid: [37808,1] App: 0 Process rank: 9
 	Process OMPI jobid: [37808,1] App: 0 Process rank: 10
 	Process OMPI jobid: [37808,1] App: 0 Process rank: 11
 	Process OMPI jobid: [37808,1] App: 0 Process rank: 12
 	Process OMPI jobid: [37808,1] App: 0 Process rank: 13
 	Process OMPI jobid: [37808,1] App: 0 Process rank: 14
 	Process OMPI jobid: [37808,1] App: 0 Process rank: 15

 Data for node: ivb109	Num slots: 8	Max slots: 0	Num procs: 8
 	Process OMPI jobid: [37808,1] App: 0 Process rank: 16
 	Process OMPI jobid: [37808,1] App: 0 Process rank: 17
 	Process OMPI jobid: [37808,1] App: 0 Process rank: 18
 	Process OMPI jobid: [37808,1] App: 0 Process rank: 19
 	Process OMPI jobid: [37808,1] App: 0 Process rank: 20
 	Process OMPI jobid: [37808,1] App: 0 Process rank: 21
 	Process OMPI jobid: [37808,1] App: 0 Process rank: 22
 	Process OMPI jobid: [37808,1] App: 0 Process rank: 23

 =============================================================
[ivb106:06178] MCW rank 1 bound to socket 0[core 1[hwt 0]]: [./B/./././././././.][./././././././././.]
[ivb106:06178] MCW rank 2 bound to socket 0[core 2[hwt 0]]: [././B/././././././.][./././././././././.]
[ivb106:06178] MCW rank 3 bound to socket 0[core 3[hwt 0]]: [./././B/./././././.][./././././././././.]
[ivb106:06178] MCW rank 4 bound to socket 0[core 4[hwt 0]]: [././././B/././././.][./././././././././.]
[ivb106:06178] MCW rank 5 bound to socket 0[core 5[hwt 0]]: [./././././B/./././.][./././././././././.]
[ivb106:06178] MCW rank 6 bound to socket 0[core 6[hwt 0]]: [././././././B/././.][./././././././././.]
[ivb106:06178] MCW rank 7 bound to socket 0[core 7[hwt 0]]: [./././././././B/./.][./././././././././.]
[ivb106:06178] MCW rank 0 bound to socket 0[core 0[hwt 0]]: [B/././././././././.][./././././././././.]
[ivb108:34552] MCW rank 13 bound to socket 0[core 5[hwt 0]]: [./././././B/./././.][./././././././././.]
[ivb108:34552] MCW rank 14 bound to socket 0[core 6[hwt 0]]: [././././././B/././.][./././././././././.]
[ivb108:34552] MCW rank 15 bound to socket 0[core 7[hwt 0]]: [./././././././B/./.][./././././././././.]
[ivb108:34552] MCW rank 8 bound to socket 0[core 0[hwt 0]]: [B/././././././././.][./././././././././.]
[ivb108:34552] MCW rank 9 bound to socket 0[core 1[hwt 0]]: [./B/./././././././.][./././././././././.]
[ivb108:34552] MCW rank 10 bound to socket 0[core 2[hwt 0]]: [././B/././././././.][./././././././././.]
[ivb108:34552] MCW rank 11 bound to socket 0[core 3[hwt 0]]: [./././B/./././././.][./././././././././.]
[ivb108:34552] MCW rank 12 bound to socket 0[core 4[hwt 0]]: [././././B/././././.][./././././././././.]
[ivb109:33647] MCW rank 18 bound to socket 0[core 2[hwt 0]]: [././B/././././././.][./././././././././.]
[ivb109:33647] MCW rank 19 bound to socket 0[core 3[hwt 0]]: [./././B/./././././.][./././././././././.]
[ivb109:33647] MCW rank 20 bound to socket 0[core 4[hwt 0]]: [././././B/././././.][./././././././././.]
[ivb109:33647] MCW rank 21 bound to socket 0[core 5[hwt 0]]: [./././././B/./././.][./././././././././.]
[ivb109:33647] MCW rank 22 bound to socket 0[core 6[hwt 0]]: [././././././B/././.][./././././././././.]
[ivb109:33647] MCW rank 23 bound to socket 0[core 7[hwt 0]]: [./././././././B/./.][./././././././././.]
[ivb109:33647] MCW rank 16 bound to socket 0[core 0[hwt 0]]: [B/././././././././.][./././././././././.]
[ivb109:33647] MCW rank 17 bound to socket 0[core 1[hwt 0]]: [./B/./././././././.][./././././././././.]
/*---------------------------------------------------------------------------*\
| =========                 |                                                 |
| \\      /  F ield         | foam-extend: Open Source CFD                    |
|  \\    /   O peration     | Version:     3.1                                |
|   \\  /    A nd           | Web:         http://www.extend-project.de       |
|    \\/     M anipulation  |                                                 |
\*---------------------------------------------------------------------------*/
Build    : 3.1-e2da948002a2
Exec     : interFoam -parallel
Date     : May 20 2016
Time     : 20:15:08
Host     : ivb106
PID      : 6233
CtrlDict : /home-2/vplatonov/foam/foam-extend-3.1/etc/controlDict
Case     : /home/vplatonov/tests/rt12mln
nProcs   : 24
Slaves : 
23
(
ivb106.6234
ivb106.6236
ivb106.6245
ivb106.6251
ivb106.6254
ivb106.6256
ivb106.6248
ivb108.34607
ivb108.34616
ivb108.34610
ivb108.34604
ivb108.34605
ivb108.34613
ivb108.34619
ivb108.34621
ivb109.33702
ivb109.33699
ivb109.33700
ivb109.33704
ivb109.33708
ivb109.33711
ivb109.33714
ivb109.33716
)

Pstream initialized with:
    floatTransfer     : 0
    nProcsSimpleSum   : 0
    commsType         : blocking
SigFpe   : Enabling floating point exception trapping (FOAM_SIGFPE).

// * * * * * * * * * * * * * * * * * * * * * * * * * * * * * * * * * * * * * //
Create time

Create mesh for time = 0


Reading g
Reading field pd

Reading field alpha1

Reading field U

Reading/calculating face flux field phi

Reading transportProperties

Selecting incompressible transport model Newtonian
Selecting incompressible transport model Newtonian
Calculating field g.h

Selecting turbulence model type laminar
time step continuity errors : sum local = 0, global = 0, cumulative = 0
Created persistent data with name pcorr
SGPUPCG:  Solving for pcorr, Initial residual = 0, Final residual = 0, No Iterations 0
time step continuity errors : sum local = 0, global = 0, cumulative = 0
Courant Number mean: 0 max: 0 velocity magnitude: 0

Starting time loop

Courant Number mean: 0 max: 0 velocity magnitude: 0
Time = 0.001

MULES: Solving for alpha1
Liquid phase volume fraction = 0.00275421  Min(alpha1) = 0  Max(alpha1) = 1
MULES: Solving for alpha1
Liquid phase volume fraction = 0.00275421  Min(alpha1) = 0  Max(alpha1) = 1
Created persistent data with name pd
Computing AINV with droptol 0.02
GPU: 7 iters: 0.12233 s: 13.1284 GB/s
SGPUPCG:  Solving for pd, Initial residual = 1, Final residual = 0.0430394, No Iterations 7
Computing AINV with droptol 0.02
GPU: 200 iters: 2.41627 s: 18.9902 GB/s
SGPUPCG:  Solving for pd, Initial residual = 0.0260729, Final residual = 0.0013034, No Iterations 200
GPU: 1000 iters: 11.9027 s: 19.2753 GB/s
SGPUPCG:  Solving for pd, Initial residual = 0.00735852, Final residual = 5.95142e-05, No Iterations 1000
time step continuity errors : sum local = 4.82111e-09, global = 2.0117e-24, cumulative = 2.0117e-24
ExecutionTime = 49.76 s  ClockTime = 67 s

Courant Number mean: 4.8433e-06 max: 0.00215841 velocity magnitude: 0.0337251
Time = 0.002

MULES: Solving for alpha1
Liquid phase volume fraction = 0.00275421  Min(alpha1) = 0  Max(alpha1) = 1
MULES: Solving for alpha1
Liquid phase volume fraction = 0.00275421  Min(alpha1) = 0  Max(alpha1) = 1
GPU: 1000 iters: 11.8973 s: 19.284 GB/s
SGPUPCG:  Solving for pd, Initial residual = 0.00484202, Final residual = 0.0312451, No Iterations 1000
GPU: 1000 iters: 11.8928 s: 19.2913 GB/s
SGPUPCG:  Solving for pd, Initial residual = 0.0378502, Final residual = 0.065841, No Iterations 1000
GPU: 1000 iters: 11.876 s: 19.3187 GB/s
SGPUPCG:  Solving for pd, Initial residual = 0.0755384, Final residual = 0.172814, No Iterations 1000
time step continuity errors : sum local = 8.78187e-06, global = -4.14567e-08, cumulative = -4.14567e-08
ExecutionTime = 92.72 s  ClockTime = 110 s

Courant Number mean: 3.33008e-05 max: 0.0825962 velocity magnitude: 0.645283
Time = 0.003

MULES: Solving for alpha1
Liquid phase volume fraction = 0.00275424  Min(alpha1) = -9.78188e-31  Max(alpha1) = 1.00014
MULES: Solving for alpha1
Liquid phase volume fraction = 0.00275426  Min(alpha1) = -1.29772e-29  Max(alpha1) = 1.00027
GPU: 1000 iters: 11.8813 s: 19.31 GB/s
SGPUPCG:  Solving for pd, Initial residual = 0.3066, Final residual = 0.480257, No Iterations 1000
GPU: 1000 iters: 11.8931 s: 19.2909 GB/s
SGPUPCG:  Solving for pd, Initial residual = 0.395913, Final residual = 0.706322, No Iterations 1000
GPU: 1000 iters: 11.8801 s: 19.312 GB/s
SGPUPCG:  Solving for pd, Initial residual = 0.563982, Final residual = 0.00483913, No Iterations 1000
time step continuity errors : sum local = 1.19157e-06, global = -2.23178e-08, cumulative = -6.37745e-08
ExecutionTime = 135.75 s  ClockTime = 153 s

Courant Number mean: 4.62914e-05 max: 1.65935 velocity magnitude: 12.9637
Time = 0.004

MULES: Solving for alpha1
Liquid phase volume fraction = 0.00275427  Min(alpha1) = -8.86717e-30  Max(alpha1) = 1.00027
MULES: Solving for alpha1
Liquid phase volume fraction = 0.00275428  Min(alpha1) = -7.76858e-30  Max(alpha1) = 1.00027
GPU: 1000 iters: 11.9324 s: 19.2273 GB/s
SGPUPCG:  Solving for pd, Initial residual = 0.340514, Final residual = 0.0344287, No Iterations 1000
GPU: 1000 iters: 11.9207 s: 19.2461 GB/s
SGPUPCG:  Solving for pd, Initial residual = 0.182276, Final residual = 12.7711, No Iterations 1000
Computing AINV with droptol 0.02
GPU: 1000 iters: 11.9226 s: 19.2432 GB/s
SGPUPCG:  Solving for pd, Initial residual = 0.915965, Final residual = 4.97856, No Iterations 1000
time step continuity errors : sum local = 0.0052655, global = -1.03466e-08, cumulative = -7.41211e-08
ExecutionTime = 178.99 s  ClockTime = 197 s

Courant Number mean: 0.0167151 max: 105.149 velocity magnitude: 821.478
Time = 0.005

MULES: Solving for alpha1
Liquid phase volume fraction = 0.00275429  Min(alpha1) = -7.35055e-29  Max(alpha1) = 1.00761
MULES: Solving for alpha1
Liquid phase volume fraction = 0.00275429  Min(alpha1) = -7.3965e-29  Max(alpha1) = 1.01488
GPU: 1000 iters: 11.8942 s: 19.2891 GB/s
SGPUPCG:  Solving for pd, Initial residual = 0.989983, Final residual = 0.543704, No Iterations 1000
GPU: 1000 iters: 11.8667 s: 19.3337 GB/s
SGPUPCG:  Solving for pd, Initial residual = 0.541647, Final residual = 2.33286, No Iterations 1000
GPU: 1000 iters: 11.8762 s: 19.3182 GB/s
SGPUPCG:  Solving for pd, Initial residual = 0.787912, Final residual = 10.0309, No Iterations 1000
time step continuity errors : sum local = 1.44436, global = -4.61614e-09, cumulative = -7.87372e-08
ExecutionTime = 221.83 s  ClockTime = 240 s

Courant Number mean: 3.90096 max: 1.6185e+06 velocity magnitude: 2.52891e+07
Time = 0.006

MULES: Solving for alpha1
Liquid phase volume fraction = 0.00275429  Min(alpha1) = -0.138196  Max(alpha1) = 1.45692
MULES: Solving for alpha1
Liquid phase volume fraction = 0.00275429  Min(alpha1) = -1.35896  Max(alpha1) = 2.08729
GPU: 1000 iters: 11.8919 s: 19.2927 GB/s
SGPUPCG:  Solving for pd, Initial residual = 0.999767, Final residual = 116.384, No Iterations 1000
GPU: 1000 iters: 11.89 s: 19.2959 GB/s
SGPUPCG:  Solving for pd, Initial residual = 0.991386, Final residual = 12.1184, No Iterations 1000
GPU: 1000 iters: 11.9003 s: 19.2792 GB/s
SGPUPCG:  Solving for pd, Initial residual = 0.999215, Final residual = 0.215926, No Iterations 1000
time step continuity errors : sum local = 1.6057e+11, global = 7.15337e-05, cumulative = 7.1455e-05
ExecutionTime = 264.7 s  ClockTime = 283 s

Courant Number mean: 4.81374e+10 max: 3.36004e+16 velocity magnitude: 5.25006e+17
Time = 0.007

MULES: Solving for alpha1
Liquid phase volume fraction = 0.00275429  Min(alpha1) = -75414.8  Max(alpha1) = 72936.2
MULES: Solving for alpha1
Liquid phase volume fraction = 0.00275429  Min(alpha1) = -4.5439e+09  Max(alpha1) = 5.33591e+09
GPU: 1000 iters: 11.8935 s: 19.2902 GB/s
SGPUPCG:  Solving for pd, Initial residual = 1, Final residual = 7.88685, No Iterations 1000
GPU: 1000 iters: 11.9646 s: 19.1756 GB/s
SGPUPCG:  Solving for pd, Initial residual = 0.997128, Final residual = 7.42946, No Iterations 1000
Computing AINV with droptol 0.02
GPU: 1000 iters: 11.8689 s: 19.3301 GB/s
SGPUPCG:  Solving for pd, Initial residual = 0.999925, Final residual = 0.0579603, No Iterations 1000
time step continuity errors : sum local = 6.87073e+30, global = 1.04385e+15, cumulative = 1.04385e+15
ExecutionTime = 307.78 s  ClockTime = 326 s

Courant Number mean: 2.10976e+30 max: 6.25854e+36 velocity magnitude: 8.48403e+37
Time = 0.008

MULES: Solving for alpha1
Liquid phase volume fraction = 6.04013e+08  Min(alpha1) = -6.14809e+30  Max(alpha1) = 1.34397e+31
MULES: Solving for alpha1
Liquid phase volume fraction = -5.11362e+54  Min(alpha1) = -1.44617e+77  Max(alpha1) = 1.5877e+77
GPU: 2 iters: 0.0411708 s: 11.1452 GB/s
SGPUPCG:  Solving for pd, Initial residual = 1, Final residual = 0.0299139, No Iterations 2
GPU: 1000 iters: 11.8818 s: 19.3092 GB/s
SGPUPCG:  Solving for pd, Initial residual = nan, Final residual = -nan, No Iterations 1000
GPU: 1000 iters: 11.8821 s: 19.3086 GB/s
SGPUPCG:  Solving for pd, Initial residual = nan, Final residual = -nan, No Iterations 1000
time step continuity errors : sum local = nan, global = -nan, cumulative = -nan
ExecutionTime = 339.17 s  ClockTime = 357 s

Courant Number mean: nan max: nan velocity magnitude: nan
Time = 0.009

MULES: Solving for alpha1
Liquid phase volume fraction = -nan  Min(alpha1) = -nan  Max(alpha1) = -nan
MULES: Solving for alpha1
Liquid phase volume fraction = -nan  Min(alpha1) = -nan  Max(alpha1) = -nan
GPU: 1000 iters: 11.8891 s: 19.2972 GB/s
SGPUPCG:  Solving for pd, Initial residual = nan, Final residual = -nan, No Iterations 1000
GPU: 1000 iters: 11.9128 s: 19.259 GB/s
SGPUPCG:  Solving for pd, Initial residual = nan, Final residual = -nan, No Iterations 1000
GPU: 1000 iters: 11.8923 s: 19.2922 GB/s
SGPUPCG:  Solving for pd, Initial residual = nan, Final residual = -nan, No Iterations 1000
time step continuity errors : sum local = nan, global = -nan, cumulative = -nan
ExecutionTime = 382.17 s  ClockTime = 400 s

Courant Number mean: nan max: nan velocity magnitude: nan
Time = 0.01

MULES: Solving for alpha1
Liquid phase volume fraction = -nan  Min(alpha1) = -nan  Max(alpha1) = -nan
MULES: Solving for alpha1
Liquid phase volume fraction = -nan  Min(alpha1) = -nan  Max(alpha1) = -nan
GPU: 1000 iters: 11.8818 s: 19.3092 GB/s
SGPUPCG:  Solving for pd, Initial residual = nan, Final residual = -nan, No Iterations 1000
GPU: 1000 iters: 11.8807 s: 19.311 GB/s
SGPUPCG:  Solving for pd, Initial residual = nan, Final residual = -nan, No Iterations 1000
GPU: 1000 iters: 11.8953 s: 19.2873 GB/s
SGPUPCG:  Solving for pd, Initial residual = nan, Final residual = -nan, No Iterations 1000
time step continuity errors : sum local = nan, global = -nan, cumulative = -nan
ExecutionTime = 425.06 s  ClockTime = 443 s

End

Finalising parallel run
