 Data for JOB [6069,1] offset 0

 ========================   JOB MAP   ========================

 Data for node: ivb106	Num slots: 6	Max slots: 0	Num procs: 6
 	Process OMPI jobid: [6069,1] App: 0 Process rank: 0
 	Process OMPI jobid: [6069,1] App: 0 Process rank: 1
 	Process OMPI jobid: [6069,1] App: 0 Process rank: 2
 	Process OMPI jobid: [6069,1] App: 0 Process rank: 3
 	Process OMPI jobid: [6069,1] App: 0 Process rank: 4
 	Process OMPI jobid: [6069,1] App: 0 Process rank: 5

 Data for node: ivb108	Num slots: 6	Max slots: 0	Num procs: 6
 	Process OMPI jobid: [6069,1] App: 0 Process rank: 6
 	Process OMPI jobid: [6069,1] App: 0 Process rank: 7
 	Process OMPI jobid: [6069,1] App: 0 Process rank: 8
 	Process OMPI jobid: [6069,1] App: 0 Process rank: 9
 	Process OMPI jobid: [6069,1] App: 0 Process rank: 10
 	Process OMPI jobid: [6069,1] App: 0 Process rank: 11

 Data for node: ivb109	Num slots: 6	Max slots: 0	Num procs: 6
 	Process OMPI jobid: [6069,1] App: 0 Process rank: 12
 	Process OMPI jobid: [6069,1] App: 0 Process rank: 13
 	Process OMPI jobid: [6069,1] App: 0 Process rank: 14
 	Process OMPI jobid: [6069,1] App: 0 Process rank: 15
 	Process OMPI jobid: [6069,1] App: 0 Process rank: 16
 	Process OMPI jobid: [6069,1] App: 0 Process rank: 17

 Data for node: ivb110	Num slots: 6	Max slots: 0	Num procs: 6
 	Process OMPI jobid: [6069,1] App: 0 Process rank: 18
 	Process OMPI jobid: [6069,1] App: 0 Process rank: 19
 	Process OMPI jobid: [6069,1] App: 0 Process rank: 20
 	Process OMPI jobid: [6069,1] App: 0 Process rank: 21
 	Process OMPI jobid: [6069,1] App: 0 Process rank: 22
 	Process OMPI jobid: [6069,1] App: 0 Process rank: 23

 =============================================================
[ivb106:39975] MCW rank 0 bound to socket 0[core 0[hwt 0]]: [B/././././././././.][./././././././././.]
[ivb106:39975] MCW rank 1 bound to socket 0[core 1[hwt 0]]: [./B/./././././././.][./././././././././.]
[ivb106:39975] MCW rank 2 bound to socket 0[core 2[hwt 0]]: [././B/././././././.][./././././././././.]
[ivb106:39975] MCW rank 3 bound to socket 0[core 3[hwt 0]]: [./././B/./././././.][./././././././././.]
[ivb106:39975] MCW rank 4 bound to socket 0[core 4[hwt 0]]: [././././B/././././.][./././././././././.]
[ivb106:39975] MCW rank 5 bound to socket 0[core 5[hwt 0]]: [./././././B/./././.][./././././././././.]
[ivb108:13271] MCW rank 6 bound to socket 0[core 0[hwt 0]]: [B/././././././././.][./././././././././.]
[ivb108:13271] MCW rank 7 bound to socket 0[core 1[hwt 0]]: [./B/./././././././.][./././././././././.]
[ivb110:17075] MCW rank 18 bound to socket 0[core 0[hwt 0]]: [B/././././././././.][./././././././././.]
[ivb108:13271] MCW rank 8 bound to socket 0[core 2[hwt 0]]: [././B/././././././.][./././././././././.]
[ivb110:17075] MCW rank 19 bound to socket 0[core 1[hwt 0]]: [./B/./././././././.][./././././././././.]
[ivb108:13271] MCW rank 9 bound to socket 0[core 3[hwt 0]]: [./././B/./././././.][./././././././././.]
[ivb110:17075] MCW rank 20 bound to socket 0[core 2[hwt 0]]: [././B/././././././.][./././././././././.]
[ivb110:17075] MCW rank 21 bound to socket 0[core 3[hwt 0]]: [./././B/./././././.][./././././././././.]
[ivb110:17075] MCW rank 22 bound to socket 0[core 4[hwt 0]]: [././././B/././././.][./././././././././.]
[ivb108:13271] MCW rank 10 bound to socket 0[core 4[hwt 0]]: [././././B/././././.][./././././././././.]
[ivb110:17075] MCW rank 23 bound to socket 0[core 5[hwt 0]]: [./././././B/./././.][./././././././././.]
[ivb108:13271] MCW rank 11 bound to socket 0[core 5[hwt 0]]: [./././././B/./././.][./././././././././.]
[ivb109:37651] MCW rank 17 bound to socket 0[core 5[hwt 0]]: [./././././B/./././.][./././././././././.]
[ivb109:37651] MCW rank 12 bound to socket 0[core 0[hwt 0]]: [B/././././././././.][./././././././././.]
[ivb109:37651] MCW rank 13 bound to socket 0[core 1[hwt 0]]: [./B/./././././././.][./././././././././.]
[ivb109:37651] MCW rank 14 bound to socket 0[core 2[hwt 0]]: [././B/././././././.][./././././././././.]
[ivb109:37651] MCW rank 15 bound to socket 0[core 3[hwt 0]]: [./././B/./././././.][./././././././././.]
[ivb109:37651] MCW rank 16 bound to socket 0[core 4[hwt 0]]: [././././B/././././.][./././././././././.]
/home-2/vplatonov/bin/nvmps: line 18: CUDEV%CUDEV_N: division by 0 (error token is "CUDEV_N")
/home-2/vplatonov/bin/nvmps: line 18: CUDEV%CUDEV_N: division by 0 (error token is "CUDEV_N")
/home-2/vplatonov/bin/nvmps: line 18: CUDEV%CUDEV_N: division by 0 (error token is "CUDEV_N")
/home-2/vplatonov/bin/nvmps: line 18: CUDEV%CUDEV_N: division by 0 (error token is "CUDEV_N")
/home-2/vplatonov/bin/nvmps: line 18: CUDEV%CUDEV_N: division by 0 (error token is "CUDEV_N")
/home-2/vplatonov/bin/nvmps: line 18: CUDEV%CUDEV_N: division by 0 (error token is "CUDEV_N")
/home-2/vplatonov/bin/nvmps: line 18: CUDEV%CUDEV_N: division by 0 (error token is "CUDEV_N")
/home-2/vplatonov/bin/nvmps: line 18: CUDEV%CUDEV_N: division by 0 (error token is "CUDEV_N")
/home-2/vplatonov/bin/nvmps: line 18: CUDEV%CUDEV_N: division by 0 (error token is "CUDEV_N")
/home-2/vplatonov/bin/nvmps: line 18: CUDEV%CUDEV_N: division by 0 (error token is "CUDEV_N")
/home-2/vplatonov/bin/nvmps: line 18: CUDEV%CUDEV_N: division by 0 (error token is "CUDEV_N")
/home-2/vplatonov/bin/nvmps: line 18: CUDEV%CUDEV_N: division by 0 (error token is "CUDEV_N")
/bin/bash: line 1: 1: command not found
/home-2/vplatonov/bin/nvmps: line 18: CUDEV%CUDEV_N: division by 0 (error token is "CUDEV_N")
/home-2/vplatonov/bin/nvmps: line 18: CUDEV%CUDEV_N: division by 0 (error token is "CUDEV_N")
/home-2/vplatonov/bin/nvmps: line 18: CUDEV%CUDEV_N: division by 0 (error token is "CUDEV_N")
/home-2/vplatonov/bin/nvmps: line 18: CUDEV%CUDEV_N: division by 0 (error token is "CUDEV_N")
/home-2/vplatonov/bin/nvmps: line 18: CUDEV%CUDEV_N: division by 0 (error token is "CUDEV_N")
/home-2/vplatonov/bin/nvmps: line 18: CUDEV%CUDEV_N: division by 0 (error token is "CUDEV_N")
/bin/bash: line 1: 1: command not found
/home-2/vplatonov/bin/nvmps: line 18: CUDEV%CUDEV_N: division by 0 (error token is "CUDEV_N")
/home-2/vplatonov/bin/nvmps: line 18: CUDEV%CUDEV_N: division by 0 (error token is "CUDEV_N")
/bin/bash: line 2: 2: command not found
/home-2/vplatonov/bin/nvmps: line 18: CUDEV%CUDEV_N: division by 0 (error token is "CUDEV_N")
/home-2/vplatonov/bin/nvmps: line 18: CUDEV%CUDEV_N: division by 0 (error token is "CUDEV_N")
/home-2/vplatonov/bin/nvmps: line 18: CUDEV%CUDEV_N: division by 0 (error token is "CUDEV_N")
/home-2/vplatonov/bin/nvmps: line 18: CUDEV%CUDEV_N: division by 0 (error token is "CUDEV_N")
/bin/bash: line 2: 2: command not found
/bin/bash: line 3: 3: command not found
/bin/bash: line 3: 3: command not found
/bin/bash: line 1: 1: command not found
/bin/bash: line 4: 4: command not found
/bin/bash: line 4: 4: command not found
/bin/bash: line 1: 1: command not found
/bin/bash: line 2: 2: command not found
/bin/bash: line 2: 2: command not found
/bin/bash: line 3: 3: command not found
/bin/bash: line 3: 3: command not found
/bin/bash: line 4: 4: command not found
mkdir: cannot create directory ‘/tmp/nvidia-mps-vplatonov-0’: File exists
mkdir: cannot create directory ‘/tmp/nvidia-mps-vplatonov-0’: File exists
/bin/bash: line 4: 4: command not found
/bin/bash: line 1: 1: command not found
/bin/bash: line 1: 1: command not found
/bin/bash: line 2: 2: command not found
/bin/bash: line 3: 3: command not found
/bin/bash: line 2: 2: command not found
/bin/bash: line 4: 4: command not found
/bin/bash: line 3: 3: command not found
/bin/bash: line 4: 4: command not found
mkdir: cannot create directory ‘/tmp/nvidia-mps-vplatonov-0’: File exists
mkdir: cannot create directory ‘/tmp/nvidia-mps-vplatonov-0’: File exists
/bin/bash: line 1: 1: command not found
/bin/bash: line 2: 2: command not found
/bin/bash: line 1: 1: command not found
/bin/bash: line 3: 3: command not found
/bin/bash: line 4: 4: command not found
/bin/bash: line 2: 2: command not found
/bin/bash: line 3: 3: command not found
mkdir: cannot create directory ‘/tmp/nvidia-mps-vplatonov-0’: File exists
/bin/bash: line 4: 4: command not found
/bin/bash: line 1: 1: command not found
/bin/bash: line 2: 2: command not found
mkdir: cannot create directory ‘/tmp/nvidia-mps-vplatonov-0’: File exists
/bin/bash: line 3: 3: command not found
/bin/bash: line 1: 1: command not found
/bin/bash: line 4: 4: command not found
/bin/bash: line 2: 2: command not found
/bin/bash: line 3: 3: command not found
/bin/bash: line 4: 4: command not found
mkdir: cannot create directory ‘/tmp/nvidia-mps-vplatonov-0’: File exists
/bin/bash: line 1: 1: command not found
/bin/bash: line 2: 2: command not found
/bin/bash: line 3: 3: command not found
mkdir: cannot create directory ‘/tmp/nvidia-mps-vplatonov-0’: File exists
mkdir: cannot create directory ‘/tmp/nvidia-mps-vplatonov-0’: File exists
mkdir: cannot create directory ‘/tmp/nvidia-mps-vplatonov-0’: File exists
/bin/bash: line 4: 4: command not found
/bin/bash: line 1: 1: command not found
/bin/bash: line 1: 1: command not found
/bin/bash: line 1: 1: command not found
/bin/bash: line 2: 2: command not found
/bin/bash: line 2: 2: command not found
/bin/bash: line 2: 2: command not found
/bin/bash: line 3: 3: command not found
/bin/bash: line 3: 3: command not found
/bin/bash: line 4: 4: command not found
/bin/bash: line 3: 3: command not found
/bin/bash: line 4: 4: command not found
/bin/bash: line 4: 4: command not found
mkdir: cannot create directory ‘/tmp/nvidia-mps-vplatonov-0’: File exists
/bin/bash: line 1: 1: command not found
/bin/bash: line 2: 2: command not found
/bin/bash: line 3: 3: command not found
mkdir: cannot create directory ‘/tmp/nvidia-mps-vplatonov-0’: File exists
/bin/bash: line 4: 4: command not found
/bin/bash: line 1: 1: command not found
mkdir: cannot create directory ‘/tmp/nvidia-mps-vplatonov-0’: File exists
mkdir: cannot create directory ‘/tmp/nvidia-mps-vplatonov-0’: File exists
/bin/bash: line 2: 2: command not found
/bin/bash: line 1: 1: command not found
/bin/bash: line 1: 1: command not found
/bin/bash: line 3: 3: command not found
/bin/bash: line 2: 2: command not found
/bin/bash: line 4: 4: command not found
/bin/bash: line 2: 2: command not found
/bin/bash: line 3: 3: command not found
/bin/bash: line 3: 3: command not found
/bin/bash: line 4: 4: command not found
/bin/bash: line 4: 4: command not found
mkdir: cannot create directory ‘/tmp/nvidia-mps-vplatonov-0’: File exists
/bin/bash: line 1: 1: command not found
/bin/bash: line 2: 2: command not found
mkdir: cannot create directory ‘/tmp/nvidia-mps-vplatonov-0’: File exists
/bin/bash: line 3: 3: command not found
/bin/bash: line 1: 1: command not found
/bin/bash: line 4: 4: command not found
/bin/bash: line 2: 2: command not found
mkdir: cannot create directory ‘/tmp/nvidia-mps-vplatonov-0’: File exists
/bin/bash: line 3: 3: command not found
mkdir: cannot create directory ‘/tmp/nvidia-mps-vplatonov-0’: File exists
/bin/bash: line 1: 1: command not found
/bin/bash: line 4: 4: command not found
/bin/bash: line 1: 1: command not found
/bin/bash: line 2: 2: command not found
/bin/bash: line 2: 2: command not found
/bin/bash: line 3: 3: command not found
/bin/bash: line 3: 3: command not found
/bin/bash: line 4: 4: command not found
/bin/bash: line 4: 4: command not found
mkdir: cannot create directory ‘/tmp/nvidia-mps-vplatonov-0’: File exists
/bin/bash: line 1: 1: command not found
/bin/bash: line 2: 2: command not found
/bin/bash: line 3: 3: command not found
/bin/bash: line 4: 4: command not found
mkdir: cannot create directory ‘/tmp/nvidia-mps-vplatonov-0’: File exists
/bin/bash: line 1: 1: command not found
/bin/bash: line 2: 2: command not found
/bin/bash: line 3: 3: command not found
/bin/bash: line 4: 4: command not found
/*---------------------------------------------------------------------------*\
| =========                 |                                                 |
| \\      /  F ield         | foam-extend: Open Source CFD                    |
|  \\    /   O peration     | Version:     3.1                                |
|   \\  /    A nd           | Web:         http://www.extend-project.de       |
|    \\/     M anipulation  |                                                 |
\*---------------------------------------------------------------------------*/
Build    : 3.1-e2da948002a2
Exec     : pimpleDyMFoam -parallel
Date     : May 26 2016
Time     : 21:41:42
Host     : ivb106
PID      : 40035
CtrlDict : /home-2/vplatonov/foam/foam-extend-3.1/etc/controlDict
Case     : /home/vplatonov/tests/3D-mesh1-of3.1
nProcs   : 24
Slaves : 
23
(
ivb106.40043
ivb106.40051
ivb106.40027
ivb106.40059
ivb106.40066
ivb108.13337
ivb108.13329
ivb108.13314
ivb108.13352
ivb108.13345
ivb108.13321
ivb109.37698
ivb109.37716
ivb109.37731
ivb109.37708
ivb109.37724
ivb109.37700
ivb110.17132
ivb110.17140
ivb110.17148
ivb110.17124
ivb110.17155
ivb110.17116
)

Pstream initialized with:
    floatTransfer     : 0
    nProcsSimpleSum   : 0
    commsType         : blocking
SigFpe   : Enabling floating point exception trapping (FOAM_SIGFPE).

// * * * * * * * * * * * * * * * * * * * * * * * * * * * * * * * * * * * * * //
Create time

Create dynamic mesh for time = 0

Selecting dynamicFvMesh dynamicMotionSolverFvMesh
Selecting motion solver: displacementLaplacian
Selecting motion diffusion: quadratic
Selecting motion diffusion: inverseDistance
Reading field p

Reading field U

Reading/calculating face flux field phi

Selecting incompressible transport model Newtonian
Selecting turbulence model type LESModel
Selecting LES turbulence model oneEqEddy
oneEqEddyCoeffs
{
    ce              1.048;
    ck              0.094;
}

Reading field rAU if present


Starting time loop

Courant Number mean: 0 max: 0.0007592825 velocity magnitude: 0.4779
Reading old state
Before setting displacements
GAMGPCG:  Solving for cellDisplacementx, Initial residual = 0, Final residual = 0, No Iterations 0
GAMGPCG:  Solving for cellDisplacementy, Initial residual = 0, Final residual = 0, No Iterations 0
GAMGPCG:  Solving for cellDisplacementz, Initial residual = 0, Final residual = 0, No Iterations 0
Time = 5e-06

GAMGPCG:  Solving for cellDisplacementx, Initial residual = 0, Final residual = 0, No Iterations 0
GAMGPCG:  Solving for cellDisplacementy, Initial residual = 0, Final residual = 0, No Iterations 0
GAMGPCG:  Solving for cellDisplacementz, Initial residual = 0, Final residual = 0, No Iterations 0
volume continuity errors : volume = 4.535015, max error = 0, sum local = 0, global = 0
smoothSolver:  Solving for Ux, Initial residual = 1, Final residual = 3.764172e-08, No Iterations 1
smoothSolver:  Solving for Uy, Initial residual = 1, Final residual = 4.611591e-08, No Iterations 1
smoothSolver:  Solving for Uz, Initial residual = 0.9999962, Final residual = 4.046585e-08, No Iterations 1
Created persistent data with name p
Computing AINV with droptol 0.02
GPU: 515 iters: 18.86048 s: 6.474216 GB/s
Total exec time 18.86048 Total comm time 1.449455
OGPUBICGS:  Solving for p, Initial residual = 1, Final residual = 0.00978588, No Iterations 515
Computing AINV with droptol 0.02
GPU: 166 iters: 6.306978 s: 6.240501 GB/s
Total exec time 25.16746 Total comm time 2.076441
OGPUBICGS:  Solving for p, Initial residual = 0.0004712944, Final residual = 9.980847e-06, No Iterations 166
time step continuity errors : sum local = 2.242318e-09, global = -1.171928e-09, cumulative = -1.171928e-09
Moving mesh time step continuity errors : sum local = 2.242318e-09, global = -1.171928e-09, cumulative = -2.343857e-09
GPU: 146 iters: 5.515261 s: 6.276528 GB/s
Total exec time 30.68272 Total comm time 2.604396
OGPUBICGS:  Solving for p, Initial residual = 0.0001106932, Final residual = 8.591753e-06, No Iterations 146
GPU: 494 iters: 18.5738 s: 6.30607 GB/s
Total exec time 49.25652 Total comm time 4.361398
OGPUBICGS:  Solving for p, Initial residual = 4.567554e-05, Final residual = 9.938025e-08, No Iterations 494
time step continuity errors : sum local = 2.234641e-11, global = -4.296847e-12, cumulative = -2.348154e-09
Moving mesh time step continuity errors : sum local = 2.234641e-11, global = -4.296847e-12, cumulative = -2.35245e-09
smoothSolver:  Solving for k, Initial residual = 1, Final residual = 2.556763e-11, No Iterations 2
ExecutionTime = 78.62 s  ClockTime = 81 s

Courant Number mean: 7.680241e-05 max: 0.002865078 velocity magnitude: 0.9550952
yForce = 3.608833
Y= 5.571626e-12
Vy= 2.228649e-06
Time = 1e-05

GAMGPCG:  Solving for cellDisplacementx, Initial residual = 0, Final residual = 0, No Iterations 0
Total solver time is 0
Total solver time is 0
Total solver time is 0
GAMGPCG:  Solving for cellDisplacementy, Initial residual = 1, Final residual = 1.160984e-08, No Iterations 1
GAMGPCG:  Solving for cellDisplacementz, Initial residual = 0, Final residual = 0, No Iterations 0
volume continuity errors : volume = 4.535015, max error = 1.112828e-08, sum local = 6.224518e-15, global = 3.929354e-18
smoothSolver:  Solving for Ux, Initial residual = 0.9975538, Final residual = 1.333862e-06, No Iterations 1
smoothSolver:  Solving for Uy, Initial residual = 0.3330517, Final residual = 2.476296e-06, No Iterations 1
smoothSolver:  Solving for Uz, Initial residual = 0.3316968, Final residual = 1.15626e-06, No Iterations 1
GPU: 616 iters: 23.21628 s: 6.291016 GB/s
Total exec time 72.4728 Total comm time 6.572949
OGPUBICGS:  Solving for p, Initial residual = 0.003643702, Final residual = 2.210315e-05, No Iterations 616
GPU: 109 iters: 4.148613 s: 6.229544 GB/s
Total exec time 76.62141 Total comm time 6.979242
OGPUBICGS:  Solving for p, Initial residual = 0.00137827, Final residual = 1.245465e-05, No Iterations 109
time step continuity errors : sum local = 9.361143e-10, global = -2.833027e-12, cumulative = -2.355284e-09
Moving mesh time step continuity errors : sum local = 9.361143e-10, global = -2.833027e-12, cumulative = -2.358117e-09
GPU: 97 iters: 3.677517 s: 6.253883 GB/s
Total exec time 80.29893 Total comm time 7.309776
OGPUBICGS:  Solving for p, Initial residual = 0.0003122494, Final residual = 7.283805e-06, No Iterations 97
GPU: 501 iters: 18.90428 s: 6.283627 GB/s
Total exec time 99.2032 Total comm time 9.160243
OGPUBICGS:  Solving for p, Initial residual = 0.0001157171, Final residual = 8.707781e-08, No Iterations 501
time step continuity errors : sum local = 6.537688e-12, global = 2.934959e-12, cumulative = -2.355182e-09
Moving mesh time step continuity errors : sum local = 6.537688e-12, global = 2.934959e-12, cumulative = -2.352247e-09
smoothSolver:  Solving for k, Initial residual = 0.008780427, Final residual = 8.021723e-09, No Iterations 1
ExecutionTime = 138.37 s  ClockTime = 141 s

Courant Number mean: 7.68055e-05 max: 0.002857134 velocity magnitude: 0.9524468
yForce = -10.39792
Y= 6.616543e-13
Vy= -4.192632e-06
Time = 1.5e-05

GAMGPCG:  Solving for cellDisplacementx, Initial residual = 0, Final residual = 0, No Iterations 0
Total solver time is 0
Total solver time is 0
Total solver time is 0
GAMGPCG:  Solving for cellDisplacementy, Initial residual = 1, Final residual = 8.576782e-09, No Iterations 1
GAMGPCG:  Solving for cellDisplacementz, Initial residual = 0, Final residual = 0, No Iterations 0
volume continuity errors : volume = 4.535015, max error = 1.123033e-08, sum local = 6.958672e-15, global = -4.045995e-18
smoothSolver:  Solving for Ux, Initial residual = 0.9921606, Final residual = 1.328108e-06, No Iterations 1
smoothSolver:  Solving for Uy, Initial residual = 0.1849701, Final residual = 1.465985e-06, No Iterations 1
smoothSolver:  Solving for Uz, Initial residual = 0.7428859, Final residual = 2.366099e-06, No Iterations 1
GPU: 475 iters: 17.88876 s: 6.295731 GB/s
Total exec time 117.092 Total comm time 10.94483
OGPUBICGS:  Solving for p, Initial residual = 0.002801402, Final residual = 2.278759e-05, No Iterations 475
GPU: 426 iters: 16.06133 s: 6.288697 GB/s
Total exec time 133.1533 Total comm time 12.44995
OGPUBICGS:  Solving for p, Initial residual = 0.05645449, Final residual = 0.0005343468, No Iterations 426
time step continuity errors : sum local = 3.253621e-10, global = -9.062664e-11, cumulative = -2.442873e-09
Moving mesh time step continuity errors : sum local = 3.253621e-10, global = -9.062664e-11, cumulative = -2.5335e-09
GPU: 266 iters: 10.03305 s: 6.2861 GB/s
Total exec time 143.1863 Total comm time 13.39619
OGPUBICGS:  Solving for p, Initial residual = 0.02093076, Final residual = 0.0002081947, No Iterations 266
GPU: 739 iters: 27.82036 s: 6.298171 GB/s
Total exec time 171.0067 Total comm time 15.994
OGPUBICGS:  Solving for p, Initial residual = 0.007157265, Final residual = 7.906661e-08, No Iterations 739
time step continuity errors : sum local = 2.67786e-14, global = -2.338107e-15, cumulative = -2.533502e-09
Moving mesh time step continuity errors : sum local = 2.67786e-14, global = -2.338107e-15, cumulative = -2.533505e-09
smoothSolver:  Solving for k, Initial residual = 0.003834895, Final residual = 3.566012e-09, No Iterations 1
ExecutionTime = 220.26 s  ClockTime = 223 s

Courant Number mean: 7.680532e-05 max: 0.00285887 velocity magnitude: 0.9530256
yForce = 6.24459
Y= -1.066056e-11
Vy= -3.362553e-07
Time = 2e-05

GAMGPCG:  Solving for cellDisplacementx, Initial residual = 0, Final residual = 0, No Iterations 0
Total solver time is 0
Total solver time is 0
Total solver time is 0
GAMGPCG:  Solving for cellDisplacementy, Initial residual = 0.9503363, Final residual = 1.232358e-08, No Iterations 1
GAMGPCG:  Solving for cellDisplacementz, Initial residual = 0, Final residual = 0, No Iterations 0
volume continuity errors : volume = 4.535015, max error = 1.205341e-08, sum local = 6.99713e-15, global = 3.690945e-18
smoothSolver:  Solving for Ux, Initial residual = 0.05330006, Final residual = 8.903004e-08, No Iterations 1
smoothSolver:  Solving for Uy, Initial residual = 0.01325808, Final residual = 1.551457e-07, No Iterations 1
smoothSolver:  Solving for Uz, Initial residual = 0.986609, Final residual = 2.278894e-06, No Iterations 1
Computing AINV with droptol 0.02
GPU: 43 iters: 1.653271 s: 6.166759 GB/s
Total exec time 172.66 Total comm time 16.1477
OGPUBICGS:  Solving for p, Initial residual = 0.2243775, Final residual = 0.00199845, No Iterations 43
GPU: 264 iters: 9.947083 s: 6.292756 GB/s
Total exec time 182.6071 Total comm time 17.09923
OGPUBICGS:  Solving for p, Initial residual = 0.01216142, Final residual = 0.0001154759, No Iterations 264
time step continuity errors : sum local = 3.148139e-11, global = -1.527753e-11, cumulative = -2.548782e-09
Moving mesh time step continuity errors : sum local = 3.148139e-11, global = -1.527753e-11, cumulative = -2.56406e-09
GPU: 362 iters: 13.62725 s: 6.298442 GB/s
Total exec time 196.2343 Total comm time 18.44443
OGPUBICGS:  Solving for p, Initial residual = 0.004236116, Final residual = 4.074757e-05, No Iterations 362
GPU: 680 iters: 25.56405 s: 6.306841 GB/s
Total exec time 221.7984 Total comm time 20.85992
OGPUBICGS:  Solving for p, Initial residual = 0.001811185, Final residual = 8.859438e-08, No Iterations 680
time step continuity errors : sum local = 2.379756e-14, global = 9.302618e-15, cumulative = -2.56405e-09
Moving mesh time step continuity errors : sum local = 2.379756e-14, global = 9.302618e-15, cumulative = -2.564041e-09
smoothSolver:  Solving for k, Initial residual = 0.002273031, Final residual = 2.172833e-09, No Iterations 1
ExecutionTime = 281.25 s  ClockTime = 284 s

Courant Number mean: 7.680589e-05 max: 0.002856743 velocity magnitude: 0.9523165
yForce = -0.5004057
Y= -1.31144e-11
Vy= -6.452823e-07
Time = 2.5e-05

GAMGPCG:  Solving for cellDisplacementx, Initial residual = 0, Final residual = 0, No Iterations 0
Total solver time is 0
Total solver time is 0
Total solver time is 0
GAMGPCG:  Solving for cellDisplacementy, Initial residual = 0.1792968, Final residual = 5.707715e-09, No Iterations 1
GAMGPCG:  Solving for cellDisplacementz, Initial residual = 0, Final residual = 0, No Iterations 0
volume continuity errors : volume = 4.535015, max error = 1.30441e-08, sum local = 7.106101e-15, global = -1.384515e-18
smoothSolver:  Solving for Ux, Initial residual = 0.02751524, Final residual = 3.201091e-08, No Iterations 1
smoothSolver:  Solving for Uy, Initial residual = 0.00457835, Final residual = 5.454957e-08, No Iterations 1
smoothSolver:  Solving for Uz, Initial residual = 0.7005784, Final residual = 1.690338e-06, No Iterations 1
GPU: 8 iters: 0.3379265 s: 5.613069 GB/s
Total exec time 222.1363 Total comm time 20.88916
OGPUBICGS:  Solving for p, Initial residual = 0.1530639, Final residual = 0.001482706, No Iterations 8
GPU: 157 iters: 5.939388 s: 6.267446 GB/s
Total exec time 228.0757 Total comm time 21.45043
OGPUBICGS:  Solving for p, Initial residual = 0.003710658, Final residual = 3.693663e-05, No Iterations 157
time step continuity errors : sum local = 8.800913e-12, global = 1.110217e-12, cumulative = -2.562931e-09
Moving mesh time step continuity errors : sum local = 8.800913e-12, global = 1.110217e-12, cumulative = -2.561821e-09
GPU: 242 iters: 9.1603 s: 6.263807 GB/s
Total exec time 237.236 Total comm time 22.32572
OGPUBICGS:  Solving for p, Initial residual = 0.0009361783, Final residual = 9.454137e-06, No Iterations 242
GPU: 523 iters: 19.71244 s: 6.290627 GB/s
Total exec time 256.9484 Total comm time 24.20918
OGPUBICGS:  Solving for p, Initial residual = 0.000328086, Final residual = 9.757803e-08, No Iterations 523
time step continuity errors : sum local = 2.319599e-14, global = 1.082021e-14, cumulative = -2.56181e-09
Moving mesh time step continuity errors : sum local = 2.319599e-14, global = 1.082021e-14, cumulative = -2.561799e-09
smoothSolver:  Solving for k, Initial residual = 0.001554743, Final residual = 1.530307e-09, No Iterations 1
ExecutionTime = 326.41 s  ClockTime = 330 s

Courant Number mean: 7.6806e-05 max: 0.002854615 velocity magnitude: 0.9516073
yForce = -1.186842
Y= -1.817316e-11
Vy= -1.37822e-06
Time = 3e-05

GAMGPCG:  Solving for cellDisplacementx, Initial residual = 0, Final residual = 0, No Iterations 0
Total solver time is 0
Total solver time is 0
Total solver time is 0
GAMGPCG:  Solving for cellDisplacementy, Initial residual = 0.3211755, Final residual = 4.91217e-09, No Iterations 1
GAMGPCG:  Solving for cellDisplacementz, Initial residual = 0, Final residual = 0, No Iterations 0
volume continuity errors : volume = 4.535015, max error = 1.249412e-08, sum local = 7.097897e-15, global = -2.063394e-18
smoothSolver:  Solving for Ux, Initial residual = 0.01761889, Final residual = 1.434172e-08, No Iterations 1
smoothSolver:  Solving for Uy, Initial residual = 0.001241146, Final residual = 2.457751e-08, No Iterations 1
smoothSolver:  Solving for Uz, Initial residual = 0.4702566, Final residual = 5.255588e-06, No Iterations 1
GPU: 2 iters: 0.1124214 s: 4.21807 GB/s
Total exec time 257.0608 Total comm time 24.22479
OGPUBICGS:  Solving for p, Initial residual = 0.1088458, Final residual = 0.0008222301, No Iterations 2
GPU: 45 iters: 1.732707 s: 6.157722 GB/s
Total exec time 258.7935 Total comm time 24.39154
OGPUBICGS:  Solving for p, Initial residual = 0.00143481, Final residual = 1.4007e-05, No Iterations 45
time step continuity errors : sum local = 3.004863e-12, global = 8.51777e-15, cumulative = -2.56179e-09
Moving mesh time step continuity errors : sum local = 3.004863e-12, global = 8.51777e-15, cumulative = -2.561782e-09
GPU: 38 iters: 1.475111 s: 6.107896 GB/s
Total exec time 260.2686 Total comm time 24.54075
OGPUBICGS:  Solving for p, Initial residual = 0.0002619777, Final residual = 9.783457e-06, No Iterations 38
GPU: 558 iters: 20.99363 s: 6.302014 GB/s
Total exec time 281.2623 Total comm time 26.54057
OGPUBICGS:  Solving for p, Initial residual = 0.0001016058, Final residual = 8.334093e-08, No Iterations 558
time step continuity errors : sum local = 1.787123e-14, global = -7.920529e-15, cumulative = -2.56179e-09
Moving mesh time step continuity errors : sum local = 1.787123e-14, global = -7.920529e-15, cumulative = -2.561798e-09
smoothSolver:  Solving for k, Initial residual = 0.001156879, Final residual = 1.164907e-09, No Iterations 1
ExecutionTime = 360.65 s  ClockTime = 364 s

Courant Number mean: 7.68061e-05 max: 0.002852246 velocity magnitude: 0.9508175
yForce = 0.9531163
Y= -2.359275e-11
Vy= -7.896172e-07
Time = 3.5e-05

GAMGPCG:  Solving for cellDisplacementx, Initial residual = 0, Final residual = 0, No Iterations 0
Total solver time is 0
Total solver time is 0
Total solver time is 0
GAMGPCG:  Solving for cellDisplacementy, Initial residual = 0.2799083, Final residual = 4.246865e-09, No Iterations 1
GAMGPCG:  Solving for cellDisplacementz, Initial residual = 0, Final residual = 0, No Iterations 0
volume continuity errors : volume = 4.535015, max error = 1.166358e-08, sum local = 7.097999e-15, global = 2.421819e-18
smoothSolver:  Solving for Ux, Initial residual = 0.01353095, Final residual = 1.134552e-08, No Iterations 1
smoothSolver:  Solving for Uy, Initial residual = 0.0009613317, Final residual = 1.85716e-08, No Iterations 1
smoothSolver:  Solving for Uz, Initial residual = 0.4780777, Final residual = 5.523598e-06, No Iterations 1
GPU: 1 iters: 0.07439875 s: 3.18689 GB/s
Total exec time 281.3367 Total comm time 26.547
OGPUBICGS:  Solving for p, Initial residual = 0.09113767, Final residual = 0.0005343212, No Iterations 1
GPU: 26 iters: 1.010749 s: 6.099056 GB/s
Total exec time 282.3474 Total comm time 26.63516
OGPUBICGS:  Solving for p, Initial residual = 0.0007240751, Final residual = 9.686902e-06, No Iterations 26
time step continuity errors : sum local = 1.90827e-12, global = -3.320664e-14, cumulative = -2.561831e-09
Moving mesh time step continuity errors : sum local = 1.90827e-12, global = -3.320664e-14, cumulative = -2.561864e-09
GPU: 9 iters: 0.3743558 s: 5.700207 GB/s
Total exec time 282.7218 Total comm time 26.66932
OGPUBICGS:  Solving for p, Initial residual = 8.389063e-05, Final residual = 8.95945e-06, No Iterations 9
GPU: 555 iters: 20.89876 s: 6.296587 GB/s
Total exec time 303.6205 Total comm time 28.68994
OGPUBICGS:  Solving for p, Initial residual = 2.939003e-05, Final residual = 9.244428e-08, No Iterations 555
time step continuity errors : sum local = 1.820759e-14, global = -8.430096e-15, cumulative = -2.561873e-09
Moving mesh time step continuity errors : sum local = 1.820759e-14, global = -8.430096e-15, cumulative = -2.561881e-09
smoothSolver:  Solving for k, Initial residual = 0.0009097198, Final residual = 9.452254e-10, No Iterations 1
ExecutionTime = 393.08 s  ClockTime = 396 s

Courant Number mean: 7.680615e-05 max: 0.002849502 velocity magnitude: 0.9499026
yForce = -0.2558561
Y= -2.793585e-11
Vy= -9.476209e-07
Time = 4e-05

GAMGPCG:  Solving for cellDisplacementx, Initial residual = 0, Final residual = 0, No Iterations 0
Total solver time is 0
Total solver time is 0
Total solver time is 0
GAMGPCG:  Solving for cellDisplacementy, Initial residual = 0.197212, Final residual = 3.313581e-09, No Iterations 1
GAMGPCG:  Solving for cellDisplacementz, Initial residual = 0, Final residual = 0, No Iterations 0
volume continuity errors : volume = 4.535015, max error = 1.256557e-08, sum local = 7.100047e-15, global = -2.187158e-19
smoothSolver:  Solving for Ux, Initial residual = 0.01095491, Final residual = 9.418983e-09, No Iterations 1
smoothSolver:  Solving for Uy, Initial residual = 0.0008056073, Final residual = 1.497456e-08, No Iterations 1
smoothSolver:  Solving for Uz, Initial residual = 0.3842627, Final residual = 4.850259e-06, No Iterations 1
GPU: 1 iters: 0.07567593 s: 3.133105 GB/s
Total exec time 303.6962 Total comm time 28.69889
OGPUBICGS:  Solving for p, Initial residual = 0.07496729, Final residual = 0.0002476793, No Iterations 1
GPU: 8 iters: 0.338933 s: 5.596401 GB/s
Total exec time 304.0351 Total comm time 28.73303
OGPUBICGS:  Solving for p, Initial residual = 0.0003920468, Final residual = 9.965401e-06, No Iterations 8
time step continuity errors : sum local = 1.823732e-12, global = -2.841545e-15, cumulative = -2.561884e-09
Moving mesh time step continuity errors : sum local = 1.823732e-12, global = -2.841545e-15, cumulative = -2.561887e-09
GPU: 2 iters: 0.1125056 s: 4.214913 GB/s
Total exec time 304.1477 Total comm time 28.74909
OGPUBICGS:  Solving for p, Initial residual = 3.613316e-05, Final residual = 9.363096e-06, No Iterations 2
GPU: 268 iters: 10.09202 s: 6.296355 GB/s
Total exec time 314.2397 Total comm time 29.69721
OGPUBICGS:  Solving for p, Initial residual = 1.5285e-05, Final residual = 9.967098e-08, No Iterations 268
time step continuity errors : sum local = 1.823944e-14, global = 1.004869e-14, cumulative = -2.561877e-09
Moving mesh time step continuity errors : sum local = 1.823944e-14, global = 1.004869e-14, cumulative = -2.561867e-09
smoothSolver:  Solving for k, Initial residual = 0.0007436768, Final residual = 7.921525e-10, No Iterations 1
ExecutionTime = 413.69 s  ClockTime = 417 s

Courant Number mean: 7.680616e-05 max: 0.002846382 velocity magnitude: 0.9488625
yForce = -0.1295093
Y= -3.28739e-11
Vy= -1.027598e-06
Time = 4.5e-05

GAMGPCG:  Solving for cellDisplacementx, Initial residual = 0, Final residual = 0, No Iterations 0
Total solver time is 0
Total solver time is 0
Total solver time is 0
GAMGPCG:  Solving for cellDisplacementy, Initial residual = 0.1972599, Final residual = 3.057114e-09, No Iterations 1
GAMGPCG:  Solving for cellDisplacementz, Initial residual = 0, Final residual = 0, No Iterations 0
volume continuity errors : volume = 4.535015, max error = 1.302137e-08, sum local = 7.08905e-15, global = -4.904666e-19
smoothSolver:  Solving for Ux, Initial residual = 0.009361585, Final residual = 8.060828e-09, No Iterations 1
smoothSolver:  Solving for Uy, Initial residual = 0.0006798259, Final residual = 1.242432e-08, No Iterations 1
smoothSolver:  Solving for Uz, Initial residual = 0.5527757, Final residual = 5.062352e-06, No Iterations 1
Computing AINV with droptol 0.02
GPU: 1 iters: 0.07686749 s: 3.084527 GB/s
Total exec time 314.3165 Total comm time 29.70552
OGPUBICGS:  Solving for p, Initial residual = 0.06276732, Final residual = 0.0001255289, No Iterations 1
GPU: 7 iters: 0.3004125 s: 5.524733 GB/s
Total exec time 314.617 Total comm time 29.73591
OGPUBICGS:  Solving for p, Initial residual = 0.0002326898, Final residual = 9.435091e-06, No Iterations 7
time step continuity errors : sum local = 1.618121e-12, global = 3.483761e-14, cumulative = -2.561832e-09
Moving mesh time step continuity errors : sum local = 1.618121e-12, global = 3.483761e-14, cumulative = -2.561797e-09
GPU: 1 iters: 0.07570921 s: 3.131717 GB/s
Total exec time 314.6927 Total comm time 29.7426
OGPUBICGS:  Solving for p, Initial residual = 2.361375e-05, Final residual = 9.557234e-06, No Iterations 1
GPU: 402 iters: 15.15357 s: 6.28988 GB/s
Total exec time 329.8462 Total comm time 31.20056
OGPUBICGS:  Solving for p, Initial residual = 1.159327e-05, Final residual = 9.265951e-08, No Iterations 402
time step continuity errors : sum local = 1.589059e-14, global = 8.175835e-16, cumulative = -2.561796e-09
Moving mesh time step continuity errors : sum local = 1.589059e-14, global = 8.175835e-16, cumulative = -2.561795e-09
smoothSolver:  Solving for k, Initial residual = 0.0006255852, Final residual = 6.82063e-10, No Iterations 1
ExecutionTime = 439.41 s  ClockTime = 443 s

Courant Number mean: 7.680616e-05 max: 0.002842881 velocity magnitude: 0.9482454
yForce = 0.1531144
Y= -3.777549e-11
Vy= -9.330405e-07
Time = 5e-05

GAMGPCG:  Solving for cellDisplacementx, Initial residual = 0, Final residual = 0, No Iterations 0
Total solver time is 0
Total solver time is 0
Total solver time is 0
GAMGPCG:  Solving for cellDisplacementy, Initial residual = 0.1734697, Final residual = 2.6903e-09, No Iterations 1
GAMGPCG:  Solving for cellDisplacementz, Initial residual = 0, Final residual = 0, No Iterations 0
volume continuity errors : volume = 4.535015, max error = 1.255298e-08, sum local = 7.088726e-15, global = 5.87678e-19
smoothSolver:  Solving for Ux, Initial residual = 0.008279415, Final residual = 7.079813e-09, No Iterations 1
smoothSolver:  Solving for Uy, Initial residual = 0.0005947622, Final residual = 1.058492e-08, No Iterations 1
smoothSolver:  Solving for Uz, Initial residual = 0.3704725, Final residual = 2.445216e-06, No Iterations 1
GPU: 1 iters: 0.07388272 s: 3.209138 GB/s
Total exec time 329.9201 Total comm time 31.20698
OGPUBICGS:  Solving for p, Initial residual = 0.05636492, Final residual = 9.832281e-05, No Iterations 1
GPU: 5 iters: 0.227129 s: 5.219497 GB/s
Total exec time 330.1472 Total comm time 31.22773
OGPUBICGS:  Solving for p, Initial residual = 0.0001822984, Final residual = 9.243073e-06, No Iterations 5
time step continuity errors : sum local = 1.495655e-12, global = -1.7638e-14, cumulative = -2.561813e-09
Moving mesh time step continuity errors : sum local = 1.495655e-12, global = -1.7638e-14, cumulative = -2.561831e-09
GPU: 0 iters: 0.03793222 s: 0 GB/s
Total exec time 330.1852 Total comm time 31.23179
OGPUBICGS:  Solving for p, Initial residual = 1.909478e-05, Final residual = 9.760589e-06, No Iterations 0
GPU: 264 iters: 9.950786 s: 6.290393 GB/s
Total exec time 340.136 Total comm time 32.22973
OGPUBICGS:  Solving for p, Initial residual = 1.077579e-05, Final residual = 9.910562e-08, No Iterations 264
time step continuity errors : sum local = 1.603622e-14, global = -9.238949e-15, cumulative = -2.56184e-09
Moving mesh time step continuity errors : sum local = 1.603622e-14, global = -9.238949e-15, cumulative = -2.561849e-09
smoothSolver:  Solving for k, Initial residual = 0.0005378752, Final residual = 5.997358e-10, No Iterations 1
ExecutionTime = 459.85 s  ClockTime = 463 s

yForce = -0.05964192
Y= -4.253277e-11
Vy= -9.698712e-07
End

Finalising parallel run
/home-2/vplatonov/bin/nvmps: line 33: 37731 Segmentation fault      "$@"
-------------------------------------------------------
Primary job  terminated normally, but 1 process returned
a non-zero exit code.. Per user-direction, the job has been aborted.
-------------------------------------------------------
slurmstepd: *** JOB 8216 ON ivb106 CANCELLED AT 2016-05-26T21:59:02 DUE TO TIME LIMIT ***
--------------------------------------------------------------------------
mpirun detected that one or more processes exited with non-zero status, thus causing
the job to be terminated. The first process to do so was:

  Process name: [[6069,1],14]
  Exit code:    139
--------------------------------------------------------------------------
