 Data for JOB [17440,1] offset 0

 ========================   JOB MAP   ========================

 Data for node: ivb112	Num slots: 6	Max slots: 0	Num procs: 6
 	Process OMPI jobid: [17440,1] App: 0 Process rank: 0
 	Process OMPI jobid: [17440,1] App: 0 Process rank: 1
 	Process OMPI jobid: [17440,1] App: 0 Process rank: 2
 	Process OMPI jobid: [17440,1] App: 0 Process rank: 3
 	Process OMPI jobid: [17440,1] App: 0 Process rank: 4
 	Process OMPI jobid: [17440,1] App: 0 Process rank: 5

 Data for node: ivb113	Num slots: 6	Max slots: 0	Num procs: 6
 	Process OMPI jobid: [17440,1] App: 0 Process rank: 6
 	Process OMPI jobid: [17440,1] App: 0 Process rank: 7
 	Process OMPI jobid: [17440,1] App: 0 Process rank: 8
 	Process OMPI jobid: [17440,1] App: 0 Process rank: 9
 	Process OMPI jobid: [17440,1] App: 0 Process rank: 10
 	Process OMPI jobid: [17440,1] App: 0 Process rank: 11

 =============================================================
[ivb112:07126] MCW rank 0 bound to socket 0[core 0[hwt 0]]: [B/././././././././.][./././././././././.]
[ivb112:07126] MCW rank 1 bound to socket 0[core 1[hwt 0]]: [./B/./././././././.][./././././././././.]
[ivb112:07126] MCW rank 2 bound to socket 0[core 2[hwt 0]]: [././B/././././././.][./././././././././.]
[ivb112:07126] MCW rank 3 bound to socket 0[core 3[hwt 0]]: [./././B/./././././.][./././././././././.]
[ivb112:07126] MCW rank 4 bound to socket 0[core 4[hwt 0]]: [././././B/././././.][./././././././././.]
[ivb112:07126] MCW rank 5 bound to socket 0[core 5[hwt 0]]: [./././././B/./././.][./././././././././.]
[ivb113:22327] MCW rank 11 bound to socket 0[core 5[hwt 0]]: [./././././B/./././.][./././././././././.]
[ivb113:22327] MCW rank 6 bound to socket 0[core 0[hwt 0]]: [B/././././././././.][./././././././././.]
[ivb113:22327] MCW rank 7 bound to socket 0[core 1[hwt 0]]: [./B/./././././././.][./././././././././.]
[ivb113:22327] MCW rank 8 bound to socket 0[core 2[hwt 0]]: [././B/././././././.][./././././././././.]
[ivb113:22327] MCW rank 9 bound to socket 0[core 3[hwt 0]]: [./././B/./././././.][./././././././././.]
[ivb113:22327] MCW rank 10 bound to socket 0[core 4[hwt 0]]: [././././B/././././.][./././././././././.]
/*---------------------------------------------------------------------------*\
| =========                 |                                                 |
| \\      /  F ield         | foam-extend: Open Source CFD                    |
|  \\    /   O peration     | Version:     3.1                                |
|   \\  /    A nd           | Web:         http://www.extend-project.de       |
|    \\/     M anipulation  |                                                 |
\*---------------------------------------------------------------------------*/
Build    : 3.1-e2da948002a2
Exec     : pimpleDyMFoam -parallel
Date     : May 27 2016
Time     : 06:07:07
Host     : ivb112
PID      : 7175
CtrlDict : /home-2/vplatonov/foam/foam-extend-3.1/etc/controlDict
Case     : /home/vplatonov/tests/3D-mesh1-of3.1
nProcs   : 12
Slaves : 
11
(
ivb112.7174
ivb112.7177
ivb112.7180
ivb112.7183
ivb112.7185
ivb113.22378
ivb113.22369
ivb113.22380
ivb113.22375
ivb113.22372
ivb113.22368
)

Pstream initialized with:
    floatTransfer     : 0
    nProcsSimpleSum   : 0
    commsType         : blocking
SigFpe   : Enabling floating point exception trapping (FOAM_SIGFPE).

// * * * * * * * * * * * * * * * * * * * * * * * * * * * * * * * * * * * * * //
Create time

Create dynamic mesh for time = 0

Selecting dynamicFvMesh dynamicMotionSolverFvMesh
Selecting motion solver: displacementLaplacian
Selecting motion diffusion: quadratic
Selecting motion diffusion: inverseDistance
Reading field p

Reading field U

Reading/calculating face flux field phi

Selecting incompressible transport model Newtonian
Selecting turbulence model type LESModel
Selecting LES turbulence model oneEqEddy
oneEqEddyCoeffs
{
    ce              1.048;
    ck              0.094;
}

Reading field rAU if present


Starting time loop

Courant Number mean: 0 max: 0.0007592825 velocity magnitude: 0.4779
Reading old state
Before setting displacements
GAMGPCG:  Solving for cellDisplacementx, Initial residual = 0, Final residual = 0, No Iterations 0
GAMGPCG:  Solving for cellDisplacementy, Initial residual = 0, Final residual = 0, No Iterations 0
GAMGPCG:  Solving for cellDisplacementz, Initial residual = 0, Final residual = 0, No Iterations 0
Time = 5e-06

GAMGPCG:  Solving for cellDisplacementx, Initial residual = 0, Final residual = 0, No Iterations 0
GAMGPCG:  Solving for cellDisplacementy, Initial residual = 0, Final residual = 0, No Iterations 0
GAMGPCG:  Solving for cellDisplacementz, Initial residual = 0, Final residual = 0, No Iterations 0
volume continuity errors : volume = 4.535015, max error = 0, sum local = 0, global = 0
smoothSolver:  Solving for Ux, Initial residual = 1, Final residual = 2.908938e-08, No Iterations 1
smoothSolver:  Solving for Uy, Initial residual = 1, Final residual = 3.336054e-08, No Iterations 1
smoothSolver:  Solving for Uz, Initial residual = 0.9999962, Final residual = 2.828127e-08, No Iterations 1
Created persistent data with name p
Computing AINV with droptol 0.02
GPU: 528 iters: 34.46745 s: 7.865462 GB/s
Total exec time 34.46745
 Total comm time 14.37212Pre time 0.02972442 Post time 14.34239
GPUBICGS:  Solving for p, Initial residual = 1, Final residual = 0.008876, No Iterations 528
Computing AINV with droptol 0.02
GPU: 96 iters: 6.329915 s: 7.787047 GB/s
Total exec time 40.79736
 Total comm time 16.86673Pre time 0.03716294 Post time 16.82957
GPUBICGS:  Solving for p, Initial residual = 0.0004694043, Final residual = 9.983518e-06, No Iterations 96
time step continuity errors : sum local = 2.247016e-09, global = -2.979017e-11, cumulative = -2.979017e-11
Moving mesh time step continuity errors : sum local = 2.247016e-09, global = -2.979017e-11, cumulative = -5.958035e-11
GPU: 54 iters: 3.578007 s: 7.749113 GB/s
Total exec time 44.37537
 Total comm time 18.26576Pre time 0.04067485 Post time 18.22508
GPUBICGS:  Solving for p, Initial residual = 0.0001106454, Final residual = 9.670712e-06, No Iterations 54
GPU: 484 iters: 31.67814 s: 7.844859 GB/s
Total exec time 76.0535
 Total comm time 30.91192Pre time 0.07384493 Post time 30.83808
GPUBICGS:  Solving for p, Initial residual = 4.703999e-05, Final residual = 8.004956e-08, No Iterations 484
time step continuity errors : sum local = 1.80254e-11, global = -2.404088e-12, cumulative = -6.198444e-11
Moving mesh time step continuity errors : sum local = 1.80254e-11, global = -2.404088e-12, cumulative = -6.438852e-11
smoothSolver:  Solving for k, Initial residual = 1, Final residual = 1.527314e-11, No Iterations 2
ExecutionTime = 125.8 s  ClockTime = 128 s

Courant Number mean: 7.675039e-05 max: 0.002865236 velocity magnitude: 0.9551478
yForce = 2.308654
Y= 3.564298e-12
Vy= 1.425718e-06
Time = 1e-05

GAMGPCG:  Solving for cellDisplacementx, Initial residual = 0, Final residual = 0, No Iterations 0
Total solver time is 0
Total solver time is 0
Total solver time is 0
GAMGPCG:  Solving for cellDisplacementy, Initial residual = 1, Final residual = 6.449254e-09, No Iterations 1
GAMGPCG:  Solving for cellDisplacementz, Initial residual = 0, Final residual = 0, No Iterations 0
volume continuity errors : volume = 4.535015, max error = 1.316087e-08, sum local = 6.183587e-15, global = 2.695719e-18
smoothSolver:  Solving for Ux, Initial residual = 0.9975601, Final residual = 9.187172e-07, No Iterations 1
smoothSolver:  Solving for Uy, Initial residual = 0.333023, Final residual = 2.403268e-06, No Iterations 1
smoothSolver:  Solving for Uz, Initial residual = 0.329414, Final residual = 6.556887e-07, No Iterations 1
GPU: 544 iters: 35.56196 s: 7.854393 GB/s
Total exec time 111.6155
 Total comm time 45.22198Pre time 0.1085187 Post time 45.11346
GPUBICGS:  Solving for p, Initial residual = 0.003643783, Final residual = 3.510659e-05, No Iterations 544
GPU: 134 iters: 8.804868 s: 7.814143 GB/s
Total exec time 120.4203
 Total comm time 48.74807Pre time 0.1179704 Post time 48.6301
GPUBICGS:  Solving for p, Initial residual = 0.001400522, Final residual = 1.393194e-05, No Iterations 134
time step continuity errors : sum local = 1.046008e-09, global = 3.431511e-10, cumulative = 2.787626e-10
Moving mesh time step continuity errors : sum local = 1.046008e-09, global = 3.431511e-10, cumulative = 6.219136e-10
GPU: 95 iters: 6.258815 s: 7.79347 GB/s
Total exec time 126.6791
 Total comm time 51.24354Pre time 0.126682 Post time 51.11686
GPUBICGS:  Solving for p, Initial residual = 0.000312084, Final residual = 6.89926e-06, No Iterations 95
GPU: 550 iters: 35.99788 s: 7.844861 GB/s
Total exec time 162.677
 Total comm time 65.75106Pre time 0.1637698 Post time 65.58729
GPUBICGS:  Solving for p, Initial residual = 0.0001142328, Final residual = 9.560114e-08, No Iterations 550
time step continuity errors : sum local = 7.171767e-12, global = 2.434027e-13, cumulative = 6.22157e-10
Moving mesh time step continuity errors : sum local = 7.171767e-12, global = 2.434027e-13, cumulative = 6.224004e-10
smoothSolver:  Solving for k, Initial residual = 0.008779599, Final residual = 4.9307e-09, No Iterations 1
ExecutionTime = 230.92 s  ClockTime = 233 s

Courant Number mean: 7.675224e-05 max: 0.002857107 velocity magnitude: 0.9524379
yForce = 4.53692
Y= 1.769737e-11
Vy= 4.227508e-06
Time = 1.5e-05

GAMGPCG:  Solving for cellDisplacementx, Initial residual = 0, Final residual = 0, No Iterations 0
Total solver time is 0
Total solver time is 0
Total solver time is 0
GAMGPCG:  Solving for cellDisplacementy, Initial residual = 0.8175235, Final residual = 5.466289e-09, No Iterations 1
GAMGPCG:  Solving for cellDisplacementz, Initial residual = 0, Final residual = 0, No Iterations 0
volume continuity errors : volume = 4.535015, max error = 1.195714e-08, sum local = 7.058463e-15, global = -9.771125e-19
smoothSolver:  Solving for Ux, Initial residual = 0.9921601, Final residual = 9.150166e-07, No Iterations 1
smoothSolver:  Solving for Uy, Initial residual = 0.1851434, Final residual = 1.484648e-06, No Iterations 1
smoothSolver:  Solving for Uz, Initial residual = 0.8620353, Final residual = 1.72406e-06, No Iterations 1
GPU: 456 iters: 29.8632 s: 7.840214 GB/s
Total exec time 192.5402
 Total comm time 77.7693Pre time 0.1972169 Post time 77.57209
GPUBICGS:  Solving for p, Initial residual = 0.002800652, Final residual = 2.592945e-05, No Iterations 456
GPU: 381 iters: 24.91799 s: 7.850754 GB/s
Total exec time 217.4582
 Total comm time 87.58574Pre time 0.2265143 Post time 87.35923
GPUBICGS:  Solving for p, Initial residual = 0.04892125, Final residual = 0.0004882431, No Iterations 381
time step continuity errors : sum local = 3.44791e-10, global = -1.411997e-10, cumulative = 4.812007e-10
Moving mesh time step continuity errors : sum local = 3.44791e-10, global = -1.411997e-10, cumulative = 3.40001e-10
GPU: 432 iters: 28.29085 s: 7.84038 GB/s
Total exec time 245.7491
 Total comm time 99.02211Pre time 0.2594686 Post time 98.76264
GPUBICGS:  Solving for p, Initial residual = 0.01940679, Final residual = 0.0001762157, No Iterations 432
GPU: 680 iters: 44.45773 s: 7.853459 GB/s
Total exec time 290.2068
 Total comm time 116.8108Pre time 0.3096857 Post time 116.5012
GPUBICGS:  Solving for p, Initial residual = 0.007205614, Final residual = 9.771518e-08, No Iterations 680
time step continuity errors : sum local = 3.259305e-14, global = -2.059486e-15, cumulative = 3.39999e-10
Moving mesh time step continuity errors : sum local = 3.259305e-14, global = -2.059486e-15, cumulative = 3.399969e-10
smoothSolver:  Solving for k, Initial residual = 0.003834689, Final residual = 1.955814e-09, No Iterations 1
ExecutionTime = 376.67 s  ClockTime = 379 s

Courant Number mean: 7.675241e-05 max: 0.002858857 velocity magnitude: 0.9530212
yForce = -13.20225
Y= 1.845213e-11
Vy= -3.925599e-06
Time = 2e-05

GAMGPCG:  Solving for cellDisplacementx, Initial residual = 0, Final residual = 0, No Iterations 0
Total solver time is 0
Total solver time is 0
Total solver time is 0
GAMGPCG:  Solving for cellDisplacementy, Initial residual = 0.04864842, Final residual = 2.028072e-09, No Iterations 1
GAMGPCG:  Solving for cellDisplacementz, Initial residual = 0, Final residual = 0, No Iterations 0
volume continuity errors : volume = 4.535015, max error = 1.402185e-08, sum local = 7.112743e-15, global = 1.497237e-18
smoothSolver:  Solving for Ux, Initial residual = 0.05088039, Final residual = 8.60262e-08, No Iterations 1
smoothSolver:  Solving for Uy, Initial residual = 0.01312483, Final residual = 1.699194e-07, No Iterations 1
smoothSolver:  Solving for Uz, Initial residual = 0.9032213, Final residual = 2.537887e-06, No Iterations 1
GPU: 41 iters: 2.735366 s: 7.69605 GB/s
Total exec time 292.9422
 Total comm time 117.9341Pre time 0.3122976 Post time 117.6218
GPUBICGS:  Solving for p, Initial residual = 0.2262758, Final residual = 0.002174521, No Iterations 41
GPU: 122 iters: 8.025536 s: 7.805221 GB/s
Total exec time 300.9677
 Total comm time 121.1272Pre time 0.3205629 Post time 120.8066
GPUBICGS:  Solving for p, Initial residual = 0.01233339, Final residual = 0.000122988, No Iterations 122
time step continuity errors : sum local = 3.320466e-11, global = -1.222801e-12, cumulative = 3.387741e-10
Moving mesh time step continuity errors : sum local = 3.320466e-11, global = -1.222801e-12, cumulative = 3.375513e-10
GPU: 152 iters: 9.978757 s: 7.821077 GB/s
Total exec time 310.9465
 Total comm time 125.1301Pre time 0.3326316 Post time 124.7975
GPUBICGS:  Solving for p, Initial residual = 0.004197, Final residual = 4.011949e-05, No Iterations 152
GPU: 675 iters: 44.19625 s: 7.841836 GB/s
Total exec time 355.1427
 Total comm time 142.8447Pre time 0.382553 Post time 142.4621
GPUBICGS:  Solving for p, Initial residual = 0.001786712, Final residual = 8.648238e-08, No Iterations 675
time step continuity errors : sum local = 2.325935e-14, global = 6.077022e-16, cumulative = 3.375519e-10
Moving mesh time step continuity errors : sum local = 2.325935e-14, global = 6.077022e-16, cumulative = 3.375525e-10
smoothSolver:  Solving for k, Initial residual = 0.002272952, Final residual = 1.107044e-09, No Iterations 1
ExecutionTime = 460.09 s  ClockTime = 463 s

Courant Number mean: 7.675293e-05 max: 0.002856738 velocity magnitude: 0.952315
yForce = 6.25502
Y= 8.481185e-12
Vy= -6.278143e-08
Time = 2.5e-05

GAMGPCG:  Solving for cellDisplacementx, Initial residual = 0, Final residual = 0, No Iterations 0
Total solver time is 0
Total solver time is 0
Total solver time is 0
GAMGPCG:  Solving for cellDisplacementy, Initial residual = 1, Final residual = 5.732133e-09, No Iterations 1
GAMGPCG:  Solving for cellDisplacementz, Initial residual = 0, Final residual = 0, No Iterations 0
volume continuity errors : volume = 4.535015, max error = 1.119635e-08, sum local = 7.091957e-15, global = -1.718251e-18
smoothSolver:  Solving for Ux, Initial residual = 0.027157, Final residual = 3.538932e-08, No Iterations 1
smoothSolver:  Solving for Uy, Initial residual = 0.004563698, Final residual = 6.304546e-08, No Iterations 1
smoothSolver:  Solving for Uz, Initial residual = 0.8194963, Final residual = 1.847132e-06, No Iterations 1
Computing AINV with droptol 0.02
GPU: 9 iters: 0.6406735 s: 7.212822 GB/s
Total exec time 355.7834
 Total comm time 143.0879Pre time 0.3831635 Post time 142.7047
GPUBICGS:  Solving for p, Initial residual = 0.1532898, Final residual = 0.001485999, No Iterations 9
GPU: 139 iters: 9.139827 s: 7.808655 GB/s
Total exec time 364.9232
 Total comm time 146.6946Pre time 0.3935707 Post time 146.301
GPUBICGS:  Solving for p, Initial residual = 0.003682435, Final residual = 3.646373e-05, No Iterations 139
time step continuity errors : sum local = 8.672561e-12, global = 1.991863e-13, cumulative = 3.377517e-10
Moving mesh time step continuity errors : sum local = 8.672561e-12, global = 1.991863e-13, cumulative = 3.379509e-10
GPU: 195 iters: 12.79977 s: 7.822253 GB/s
Total exec time 377.723
 Total comm time 151.8257Pre time 0.40683 Post time 151.4189
GPUBICGS:  Solving for p, Initial residual = 0.0009254844, Final residual = 8.122686e-06, No Iterations 195
GPU: 459 iters: 30.05785 s: 7.840687 GB/s
Total exec time 407.7808
 Total comm time 163.8579Pre time 0.439237 Post time 163.4186
GPUBICGS:  Solving for p, Initial residual = 0.0003217552, Final residual = 3.05832e-08, No Iterations 459
time step continuity errors : sum local = 7.259611e-15, global = 6.583994e-15, cumulative = 3.379575e-10
Moving mesh time step continuity errors : sum local = 7.259611e-15, global = 6.583994e-15, cumulative = 3.379641e-10
smoothSolver:  Solving for k, Initial residual = 0.001554706, Final residual = 7.437878e-10, No Iterations 1
ExecutionTime = 531.03 s  ClockTime = 534 s

Courant Number mean: 7.675308e-05 max: 0.002854616 velocity magnitude: 0.9516074
yForce = -0.001643472
Y= 8.164741e-12
Vy= -6.379627e-08
Time = 3e-05

GAMGPCG:  Solving for cellDisplacementx, Initial residual = 0, Final residual = 0, No Iterations 0
Total solver time is 0
Total solver time is 0
Total solver time is 0
GAMGPCG:  Solving for cellDisplacementy, Initial residual = 0.1046054, Final residual = 6.644926e-09, No Iterations 1
GAMGPCG:  Solving for cellDisplacementz, Initial residual = 0, Final residual = 0, No Iterations 0
volume continuity errors : volume = 4.535015, max error = 1.063234e-08, sum local = 7.042727e-15, global = 1.657867e-18
smoothSolver:  Solving for Ux, Initial residual = 0.01761918, Final residual = 1.835608e-08, No Iterations 1
smoothSolver:  Solving for Uy, Initial residual = 0.001237981, Final residual = 3.22545e-08, No Iterations 1
smoothSolver:  Solving for Uz, Initial residual = 0.4055667, Final residual = 3.476098e-06, No Iterations 1
GPU: 3 iters: 0.2465762 s: 6.246973 GB/s
Total exec time 408.0274
 Total comm time 163.9344Pre time 0.4394499 Post time 163.495
GPUBICGS:  Solving for p, Initial residual = 0.1088422, Final residual = 0.0007235527, No Iterations 3
GPU: 48 iters: 3.190882 s: 7.723781 GB/s
Total exec time 411.2183
 Total comm time 165.2066Pre time 0.4431837 Post time 164.7634
GPUBICGS:  Solving for p, Initial residual = 0.001326852, Final residual = 1.252426e-05, No Iterations 48
time step continuity errors : sum local = 2.686667e-12, global = 1.35046e-14, cumulative = 3.379776e-10
Moving mesh time step continuity errors : sum local = 2.686667e-12, global = 1.35046e-14, cumulative = 3.379911e-10
GPU: 27 iters: 1.813917 s: 7.64268 GB/s
Total exec time 413.0322
 Total comm time 165.9215Pre time 0.4457959 Post time 165.4757
GPUBICGS:  Solving for p, Initial residual = 0.0002589343, Final residual = 9.921017e-06, No Iterations 27
GPU: 492 iters: 32.19143 s: 7.847371 GB/s
Total exec time 445.2237
 Total comm time 178.6015Pre time 0.480494 Post time 178.121
GPUBICGS:  Solving for p, Initial residual = 0.0001005737, Final residual = 9.82992e-08, No Iterations 492
time step continuity errors : sum local = 2.10787e-14, global = -2.105465e-14, cumulative = 3.3797e-10
Moving mesh time step continuity errors : sum local = 2.10787e-14, global = -2.105465e-14, cumulative = 3.37949e-10
smoothSolver:  Solving for k, Initial residual = 0.001156857, Final residual = 5.46481e-10, No Iterations 1
ExecutionTime = 587.22 s  ClockTime = 590 s

Courant Number mean: 7.675315e-05 max: 0.002852247 velocity magnitude: 0.9508176
yForce = -1.776735
Y= 5.102684e-12
Vy= -1.161025e-06
Time = 3.5e-05

GAMGPCG:  Solving for cellDisplacementx, Initial residual = 0, Final residual = 0, No Iterations 0
Total solver time is 0
Total solver time is 0
Total solver time is 0
GAMGPCG:  Solving for cellDisplacementy, Initial residual = 1, Final residual = 7.576723e-09, No Iterations 1
GAMGPCG:  Solving for cellDisplacementz, Initial residual = 0, Final residual = 0, No Iterations 0
volume continuity errors : volume = 4.535015, max error = 1.302527e-08, sum local = 7.010526e-15, global = 1.374536e-18
smoothSolver:  Solving for Ux, Initial residual = 0.01353534, Final residual = 1.447683e-08, No Iterations 1
smoothSolver:  Solving for Uy, Initial residual = 0.0009614091, Final residual = 2.424384e-08, No Iterations 1
smoothSolver:  Solving for Uz, Initial residual = 0.4263001, Final residual = 4.609728e-06, No Iterations 1
GPU: 2 iters: 0.181354 s: 5.662421 GB/s
Total exec time 445.405
 Total comm time 178.664Pre time 0.4806476 Post time 178.1833
GPUBICGS:  Solving for p, Initial residual = 0.09113492, Final residual = 0.0003973181, No Iterations 2
GPU: 24 iters: 1.619601 s: 7.608564 GB/s
Total exec time 447.0246
 Total comm time 179.321Pre time 0.4822399 Post time 178.8387
GPUBICGS:  Solving for p, Initial residual = 0.0005756936, Final residual = 9.573165e-06, No Iterations 24
time step continuity errors : sum local = 1.885846e-12, global = -5.983716e-14, cumulative = 3.378891e-10
Moving mesh time step continuity errors : sum local = 1.885846e-12, global = -5.983716e-14, cumulative = 3.378293e-10
GPU: 9 iters: 0.6399562 s: 7.220906 GB/s
Total exec time 447.6646
 Total comm time 179.5774Pre time 0.4828298 Post time 179.0945
GPUBICGS:  Solving for p, Initial residual = 8.278632e-05, Final residual = 9.174212e-06, No Iterations 9
GPU: 593 iters: 38.8231 s: 7.84267 GB/s
Total exec time 486.4877
 Total comm time 195.2832Pre time 0.5279714 Post time 194.7552
GPUBICGS:  Solving for p, Initial residual = 2.924339e-05, Final residual = 9.723184e-08, No Iterations 593
time step continuity errors : sum local = 1.915116e-14, global = -4.08819e-15, cumulative = 3.378252e-10
Moving mesh time step continuity errors : sum local = 1.915116e-14, global = -4.08819e-15, cumulative = 3.378211e-10
smoothSolver:  Solving for k, Initial residual = 0.0009097059, Final residual = 4.377278e-10, No Iterations 1
ExecutionTime = 647.36 s  ClockTime = 650 s

Courant Number mean: 7.675321e-05 max: 0.002849502 velocity magnitude: 0.9499027
yForce = 1.133636
Y= 1.047766e-12
Vy= -4.609425e-07
Time = 4e-05

GAMGPCG:  Solving for cellDisplacementx, Initial residual = 0, Final residual = 0, No Iterations 0
Total solver time is 0
Total solver time is 0
Total solver time is 0
GAMGPCG:  Solving for cellDisplacementy, Initial residual = 1, Final residual = 7.37682e-09, No Iterations 1
GAMGPCG:  Solving for cellDisplacementz, Initial residual = 0, Final residual = 0, No Iterations 0
volume continuity errors : volume = 4.535015, max error = 1.163694e-08, sum local = 7.033047e-15, global = -2.733712e-18
smoothSolver:  Solving for Ux, Initial residual = 0.01096168, Final residual = 1.187429e-08, No Iterations 1
smoothSolver:  Solving for Uy, Initial residual = 0.0008047749, Final residual = 1.941426e-08, No Iterations 1
smoothSolver:  Solving for Uz, Initial residual = 0.3477363, Final residual = 4.542459e-06, No Iterations 1
GPU: 2 iters: 0.181477 s: 5.658584 GB/s
Total exec time 486.6691
 Total comm time 195.3522Pre time 0.5281184 Post time 194.824
GPUBICGS:  Solving for p, Initial residual = 0.07496434, Final residual = 0.0001633303, No Iterations 2
GPU: 9 iters: 0.6399073 s: 7.221457 GB/s
Total exec time 487.309
 Total comm time 195.6103Pre time 0.528712 Post time 195.0816
GPUBICGS:  Solving for p, Initial residual = 0.0003066487, Final residual = 9.537379e-06, No Iterations 9
time step continuity errors : sum local = 1.745483e-12, global = 2.777844e-14, cumulative = 3.378489e-10
Moving mesh time step continuity errors : sum local = 1.745483e-12, global = 2.777844e-14, cumulative = 3.378767e-10
GPU: 3 iters: 0.2459263 s: 6.263481 GB/s
Total exec time 487.555
 Total comm time 195.6803Pre time 0.5289124 Post time 195.1514
GPUBICGS:  Solving for p, Initial residual = 3.62367e-05, Final residual = 9.326199e-06, No Iterations 3
GPU: 503 iters: 32.91826 s: 7.845679 GB/s
Total exec time 520.4732
 Total comm time 209.0154Pre time 0.5662126 Post time 208.4492
GPUBICGS:  Solving for p, Initial residual = 1.518857e-05, Final residual = 9.373937e-08, No Iterations 503
time step continuity errors : sum local = 1.715469e-14, global = 4.399073e-15, cumulative = 3.378811e-10
Moving mesh time step continuity errors : sum local = 1.715469e-14, global = 4.399073e-15, cumulative = 3.378855e-10
smoothSolver:  Solving for k, Initial residual = 0.0007436672, Final residual = 3.629959e-10, No Iterations 1
ExecutionTime = 699.97 s  ClockTime = 703 s

Courant Number mean: 7.675322e-05 max: 0.002846382 velocity magnitude: 0.9488626
yForce = -0.1547454
Y= -1.495854e-12
Vy= -5.565054e-07
Time = 4.5e-05

GAMGPCG:  Solving for cellDisplacementx, Initial residual = 0, Final residual = 0, No Iterations 0
Total solver time is 0
Total solver time is 0
Total solver time is 0
GAMGPCG:  Solving for cellDisplacementy, Initial residual = 0.8719769, Final residual = 7.820188e-09, No Iterations 1
GAMGPCG:  Solving for cellDisplacementz, Initial residual = 0, Final residual = 0, No Iterations 0
volume continuity errors : volume = 4.535015, max error = 1.123412e-08, sum local = 7.029862e-15, global = -2.796018e-19
smoothSolver:  Solving for Ux, Initial residual = 0.009357752, Final residual = 1.007147e-08, No Iterations 1
smoothSolver:  Solving for Uy, Initial residual = 0.0006805434, Final residual = 1.601782e-08, No Iterations 1
smoothSolver:  Solving for Uz, Initial residual = 0.3450178, Final residual = 2.481037e-06, No Iterations 1
GPU: 2 iters: 0.1805298 s: 5.688275 GB/s
Total exec time 520.6538
 Total comm time 209.0584Pre time 0.5663726 Post time 208.492
GPUBICGS:  Solving for p, Initial residual = 0.06276971, Final residual = 0.0002791182, No Iterations 2
GPU: 10 iters: 0.7044496 s: 7.28869 GB/s
Total exec time 521.3582
 Total comm time 209.3349Pre time 0.5675925 Post time 208.7673
GPUBICGS:  Solving for p, Initial residual = 0.0003797818, Final residual = 9.01138e-06, No Iterations 10
time step continuity errors : sum local = 1.545499e-12, global = 9.991236e-15, cumulative = 3.378954e-10
Moving mesh time step continuity errors : sum local = 1.545499e-12, global = 9.991236e-15, cumulative = 3.379054e-10
GPU: 2 iters: 0.1813219 s: 5.663426 GB/s
Total exec time 521.5395
 Total comm time 209.4028Pre time 0.5685739 Post time 208.8343
GPUBICGS:  Solving for p, Initial residual = 2.425663e-05, Final residual = 9.473008e-06, No Iterations 2
GPU: 200 iters: 13.1332 s: 7.819136 GB/s
Total exec time 534.6727
 Total comm time 214.654Pre time 0.5837418 Post time 214.0702
GPUBICGS:  Solving for p, Initial residual = 1.158629e-05, Final residual = 7.034722e-08, No Iterations 200
time step continuity errors : sum local = 1.206371e-14, global = -1.032785e-15, cumulative = 3.379044e-10
Moving mesh time step continuity errors : sum local = 1.206371e-14, global = -1.032785e-15, cumulative = 3.379034e-10
smoothSolver:  Solving for k, Initial residual = 0.0006255782, Final residual = 3.112189e-10, No Iterations 1
ExecutionTime = 732.53 s  ClockTime = 736 s

Courant Number mean: 7.675321e-05 max: 0.002842881 velocity magnitude: 0.9482455
yForce = -0.2205366
Y= -4.618862e-12
Vy= -6.926977e-07
Time = 5e-05

GAMGPCG:  Solving for cellDisplacementx, Initial residual = 0, Final residual = 0, No Iterations 0
Total solver time is 0
Total solver time is 0
Total solver time is 0
GAMGPCG:  Solving for cellDisplacementy, Initial residual = 0.6636058, Final residual = 5.09995e-09, No Iterations 1
GAMGPCG:  Solving for cellDisplacementz, Initial residual = 0, Final residual = 0, No Iterations 0
volume continuity errors : volume = 4.535015, max error = 1.122776e-08, sum local = 7.034399e-15, global = 3.433512e-18
smoothSolver:  Solving for Ux, Initial residual = 0.00827652, Final residual = 8.760347e-09, No Iterations 1
smoothSolver:  Solving for Uy, Initial residual = 0.0005942078, Final residual = 1.355693e-08, No Iterations 1
smoothSolver:  Solving for Uz, Initial residual = 0.2293332, Final residual = 1.376481e-06, No Iterations 1
GPU: 2 iters: 0.181536 s: 5.656746 GB/s
Total exec time 534.8543
 Total comm time 214.7207Pre time 0.5838935 Post time 214.1368
GPUBICGS:  Solving for p, Initial residual = 0.05636409, Final residual = 0.0001717881, No Iterations 2
GPU: 6 iters: 0.4413968 s: 6.979454 GB/s
Total exec time 535.2957
 Total comm time 214.8767Pre time 0.5842761 Post time 214.2924
GPUBICGS:  Solving for p, Initial residual = 0.0002533972, Final residual = 9.788003e-06, No Iterations 6
time step continuity errors : sum local = 1.583882e-12, global = -1.108764e-14, cumulative = 3.378923e-10
Moving mesh time step continuity errors : sum local = 1.583882e-12, global = -1.108764e-14, cumulative = 3.378812e-10
GPU: 2 iters: 0.1815832 s: 5.655277 GB/s
Total exec time 535.4773
 Total comm time 214.9435Pre time 0.5844257 Post time 214.3591
GPUBICGS:  Solving for p, Initial residual = 1.994583e-05, Final residual = 8.864394e-06, No Iterations 2
GPU: 148 iters: 9.724696 s: 7.81421 GB/s
Total exec time 545.2019
 Total comm time 218.8079Pre time 0.5958208 Post time 218.2121
GPUBICGS:  Solving for p, Initial residual = 1.03304e-05, Final residual = 9.912781e-08, No Iterations 148
time step continuity errors : sum local = 1.60401e-14, global = -9.125226e-15, cumulative = 3.378721e-10
Moving mesh time step continuity errors : sum local = 1.60401e-14, global = -9.125226e-15, cumulative = 3.378629e-10
smoothSolver:  Solving for k, Initial residual = 0.0005378699, Final residual = 2.738305e-10, No Iterations 1
ExecutionTime = 761.85 s  ClockTime = 765 s

yForce = 0.171032
Y= -7.818295e-12
Vy= -5.870752e-07
End

Finalising parallel run
